
 BerkeleyGW trunk revision 7007
 Epsilon code, Real version, run on 25-Apr-2016 at 14:23:07 -0700

 Running MPI version (parallel)
 Running with 32 MPI task(s)
 Computing the static inverse dielectric matrix

 We are using matrix communication scheme

 We are communicating via MPI

 We are using no truncation

 Highest occupied band (unshifted grid) = 1
 Valence max    (unshifted grid) = -.195220 eV
 Conduction min (unshifted grid) = -.181174 eV
 Middle energy  (unshifted grid) = -.188197 eV
 Fermi  energy  (unshifted grid) = -.188197 eV

 Running with 1 valence pools
 Number of conduction bands per processor: 1
 Number of valence bands per processor: 1

 Memory available:    3930.4 MB per PE
 Memory required for execution:   10.5 MB per PE
 Memory required for vcoul:    0.0 MB per PE

 Cell Volume = 0.254476249E+03

 Number of electrons per unit cell (from ifmax) = .973328
 Number of electrons per unit cell (from occupations) = 1.001974
 Plasma Frequency = .438471 Ry

 Screened Coulomb cutoff: 15.000 Ry
 Total number of bands: 1
 Number of q-points: 1

 Scissors parameters
 Valence:    es =   0.0000 eV, e0 =   0.0000 eV, edel =   0.0000
 Conduction: es =   0.0000 eV, e0 =   0.0000 eV, edel =   0.0000


     q= 0.0000 0.0000 0.0312  nmtx=     249  nrk=***

           independent matrix elements of chi       spin index= 1 1

          g          g**2          gp          gp**2          chi(g,gp)
    0    0    0   0.00000         0    0    0   0.00000       -0.0251975463
    0    0    0   0.00000        -1   -1    0   1.23862        0.0011042100
    0    0    0   0.00000        -1    0    0   1.23862        0.0011879480
    0    0    0   0.00000        -1    0    1   1.23862        0.0010874245
    0    0    0   0.00000         0   -1   -1   1.23862        0.0011879480
    0    0    0   0.00000         0   -1    0   1.23862        0.0010874245
    0    0    0   0.00000         0    0   -1   1.23862        0.0012484295
    0    0    0   0.00000         0    0    1   1.23862        0.0010433863
    0    0    0   0.00000         0    1    0   1.23862        0.0011879480
    0    0    0   0.00000         0    1    1   1.23862        0.0010874245
    0    0    0   0.00000         1    0   -1   1.23862        0.0011879480
    0    0    0   0.00000         1    0    0   1.23862        0.0010874245
    0    0    0   0.00000         1    1    0   1.23862        0.0011042100
    0    0    0   0.00000        -1   -1   -1   2.47724        0.0006746438
    0    0    0   0.00000        -1   -1    1   2.47724        0.0006499617
    0    0    0   0.00000        -1    1    1   2.47724        0.0006645059
    0    0    0   0.00000         1   -1   -1   2.47724        0.0006645059
    0    0    0   0.00000         1    1   -1   2.47724        0.0006746438
    0    0    0   0.00000         1    1    1   2.47724        0.0006499617
    0    0    0   0.00000        -2   -1    0   3.71586        0.0002679703
    0    0    0   0.00000        -2   -1    1   3.71586        0.0002663573
    0    0    0   0.00000        -2    0    1   3.71586        0.0002666124
    0    0    0   0.00000        -1   -2   -1   3.71586        0.0002679703
    0    0    0   0.00000        -1   -2    0   3.71586        0.0002663573
    0    0    0   0.00000        -1    0   -1   3.71586        0.0002695580
    0    0    0   0.00000        -1    0    2   3.71586        0.0002649252
    0    0    0   0.00000        -1    1    0   3.71586        0.0002692403
    0    0    0   0.00000        -1    1    2   3.71586        0.0002662557
    0    0    0   0.00000         0   -2   -1   3.71586        0.0002666124
    0    0    0   0.00000         0   -1   -2   3.71586        0.0002695580
    0    0    0   0.00000         0   -1    1   3.71586        0.0002649252
    0    0    0   0.00000         4    2    0  14.86344       -0.0000096942
   -1   -1    0   1.23862        -1   -1    0   1.23862       -0.0000528315
   -1    0    0   1.23862        -1    0    0   1.23862       -0.0000638891
   -1    0    1   1.23862        -1    0    1   1.23862       -0.0000517036
    0   -1   -1   1.23862         0   -1   -1   1.23862       -0.0000638891
    0   -1    0   1.23862         0   -1    0   1.23862       -0.0000517036
    0    0   -1   1.23862         0    0   -1   1.23862       -0.0000727887
    0    0    1   1.23862         0    0    1   1.23862       -0.0000469930
    0    1    0   1.23862         0    1    0   1.23862       -0.0000638891
    0    1    1   1.23862         0    1    1   1.23862       -0.0000517036
    1    0   -1   1.23862         1    0   -1   1.23862       -0.0000638891
    1    0    0   1.23862         1    0    0   1.23862       -0.0000517036
    1    1    0   1.23862         1    1    0   1.23862       -0.0000528315
   -1   -1   -1   2.47724        -1   -1   -1   2.47724       -0.0000180973
   -1   -1    1   2.47724        -1   -1    1   2.47724       -0.0000168092
   -1    1    1   2.47724        -1    1    1   2.47724       -0.0000175639
    1   -1   -1   2.47724         1   -1   -1   2.47724       -0.0000175639
    1    1   -1   2.47724         1    1   -1   2.47724       -0.0000180973
    1    1    1   2.47724         1    1    1   2.47724       -0.0000168092
   -2   -1    0   3.71586        -2   -1    0   3.71586       -0.0000028595
   -2   -1    1   3.71586        -2   -1    1   3.71586       -0.0000028235
   -2    0    1   3.71586        -2    0    1   3.71586       -0.0000028302
   -1   -2   -1   3.71586        -1   -2   -1   3.71586       -0.0000028595
   -1   -2    0   3.71586        -1   -2    0   3.71586       -0.0000028235
   -1    0   -1   3.71586        -1    0   -1   3.71586       -0.0000028959
   -1    0    2   3.71586        -1    0    2   3.71586       -0.0000027928
   -1    1    0   3.71586        -1    1    0   3.71586       -0.0000028885
   -1    1    2   3.71586        -1    1    2   3.71586       -0.0000028213
    0   -2   -1   3.71586         0   -2   -1   3.71586       -0.0000028302
    0   -1   -2   3.71586         0   -1   -2   3.71586       -0.0000028959
    0   -1    1   3.71586         0   -1    1   3.71586       -0.0000027928
    2   -1    0   8.67034         4    2    0  14.86344       -0.0000000106
 
 For q0 points, you should check the symmetry (eps(G,G') = eps*(-G,-G')) by
 using the eps0sym code. Wavefunction convergence, as well as a finite q-shift
 may cause this property of eps(G,G') to be broken.


             g                   gp         inverse epsilon           nspin= 1
         0    0    0         0    0    0        0.00193313
        -1   -1    0         0    0    0        0.00004267
        -1   -1    0        -1   -1    0        0.99990810
        -1    0    0        -1   -1    0        0.00000975
        -1    0    0        -1    0    0        0.99983288
        -1    0    1        -1    0    0        0.00001153
        -1    0    1        -1    0    1        0.99990441
         0   -1   -1        -1    0    1        0.00001810
         0   -1   -1         0   -1   -1        0.99983288
         0   -1    0         0   -1   -1        0.00001153
         0   -1    0         0   -1    0        0.99990441
         0    0   -1         0   -1    0        0.00002172
         0    0   -1         0    0   -1        0.99976112
         0    0    1         0    0   -1       -0.00012335
         0    0    1         0    0    1        0.99992618
         0    1    0         0    0    1        0.00001414
         0    1    0         0    1    0        0.99983288
         0    1    1         0    1    0        0.00001153
         0    1    1         0    1    1        0.99990441
         1    0   -1         0    1    1        0.00001810
         1    0   -1         1    0   -1        0.99983288
         1    0    0         1    0   -1        0.00001153
         1    0    0         1    0    0        0.99990441
         1    1    0         1    0    0        0.00000757
         1    1    0         1    1    0        0.99990810
        -1   -1   -1         1    1    0       -0.00000146
        -1   -1   -1        -1   -1   -1        0.99999928
        -1   -1    1        -1   -1   -1       -0.00000018
        -1   -1    1        -1   -1    1        0.99999926
        -1    1    1        -1   -1    1       -0.00000021
        -1    1    1        -1    1    1        0.99999926
         1   -1   -1        -1    1    1       -0.00000074
         1   -1   -1         1   -1   -1        0.99999926
         1    1   -1         1   -1   -1       -0.00000026
         1    1   -1         1    1   -1        0.99999928
         1    1    1         1    1   -1       -0.00000018
         1    1    1         1    1    1        0.99999926
        -2   -1    0         1    1    1       -0.00000006
        -2   -1    0        -2   -1    0        0.99999990
        -2   -1    1        -2   -1    0       -0.00000005
        -2   -1    1        -2   -1    1        0.99999991
        -2    0    1        -2   -1    1       -0.00000005
        -2    0    1        -2    0    1        0.99999990
        -1   -2   -1        -2    0    1       -0.00000005
        -1   -2   -1        -1   -2   -1        0.99999990
        -1   -2    0        -1   -2   -1       -0.00000005
        -1   -2    0        -1   -2    0        0.99999991
        -1    0   -1        -1   -2    0       -0.00000005
        -1    0   -1        -1    0   -1        0.99999988
        -1    0    2        -1    0   -1       -0.00000003
        -1    0    2        -1    0    2        0.99999992
        -1    1    0        -1    0    2       -0.00000005
        -1    1    0        -1    1    0        0.99999988
        -1    1    2        -1    1    0       -0.00000005
        -1    1    2        -1    1    2        0.99999991
         0   -2   -1        -1    1    2       -0.00000002
         0   -2   -1         0   -2   -1        0.99999990
         0   -1   -2         0   -2   -1       -0.00000002
         0   -1   -2         0   -1   -2        0.99999988
         0   -1    1         0   -1   -2       -0.00000003
         0   -1    1         0   -1    1        0.99999992
         2   -1    0         0   -1    1        0.00000000
         2   -1    0         4    2    0       -0.00000000
         2    0   -3         4    2    0        0.00000000
