
 a1 =   6.141609905   0.000000000   0.000000000
 a2 =  -3.070804952   5.318790197   0.000000000
 a3 =   0.000000000   0.000000000   9.826575848

 b1 =   1.023051839   0.590659255  -0.000000000
 b2 =   0.000000000   1.181318509   0.000000000
 b3 =   0.000000000  -0.000000000   0.639407399

 volume = 320.994283565

 cutoff = 40.000000000

 grid = ( 13 13 19 ) -- minimal
        ( 13 13 20 ) -- factors 2, 3, 5, 7, 1*11, 1*13
        ( 15 15 20 ) -- factors 2, 3, 5

 gmax = ( 6 6 9 )

 ng = 1387

     n   g1    g2    g3     gx        gy        gz        ekin
 --------------------------------------------------------------------
     1    -6     2    -1    -6.138    -1.181    -0.639    39.483217585
     2    -6     2     0    -6.138    -1.181     0.000    39.074375763
     3    -6     2     1    -6.138    -1.181     0.639    39.483217585
     4    -6     3    -2    -6.138     0.000    -1.279    39.314229633
     5    -6     3    -1    -6.138     0.000    -0.639    38.087704166
     6    -6     3     0    -6.138     0.000     0.000    37.678862344
     7    -6     3     1    -6.138     0.000     0.639    38.087704166
     8    -6     3     2    -6.138     0.000     1.279    39.314229633
     9    -6     4    -1    -6.138     1.181    -0.639    39.483217588
    10    -6     4     0    -6.138     1.181     0.000    39.074375765
    11    -6     4     1    -6.138     1.181     0.639    39.483217588
    12    -5     0    -3    -5.115    -2.953    -1.918    38.567411904
    13    -5     0    -2    -5.115    -2.953    -1.279    36.523202792
    14    -5     0    -1    -5.115    -2.953    -0.639    35.296677326
    15    -5     0     0    -5.115    -2.953     0.000    34.887835503
    16    -5     0     1    -5.115    -2.953     0.639    35.296677326
    17    -5     0     2    -5.115    -2.953     1.279    36.523202792
    18    -5     0     3    -5.115    -2.953     1.918    38.567411904
    19    -5     1    -5    -5.115    -1.772    -3.197    39.526827380
    20    -5     1    -4    -5.115    -1.772    -2.558    35.847250979
    21    -5     1    -3    -5.115    -1.772    -1.918    32.985358223
    22    -5     1    -2    -5.115    -1.772    -1.279    30.941149111
    23    -5     1    -1    -5.115    -1.772    -0.639    29.714623644
    24    -5     1     0    -5.115    -1.772     0.000    29.305781822
    25    -5     1     1    -5.115    -1.772     0.639    29.714623644
    26    -5     1     2    -5.115    -1.772     1.279    30.941149111
    27    -5     1     3    -5.115    -1.772     1.918    32.985358223
    28    -5     1     4    -5.115    -1.772     2.558    35.847250979
    29    -5     1     5    -5.115    -1.772     3.197    39.526827380
    30    -5     2    -5    -5.115    -0.591    -3.197    36.735800540
    31    -5     2    -4    -5.115    -0.591    -2.558    33.056224139
    32    -5     2    -3    -5.115    -0.591    -1.918    30.194331383
    33    -5     2    -2    -5.115    -0.591    -1.279    28.150122271
    34    -5     2    -1    -5.115    -0.591    -0.639    26.923596804
    35    -5     2     0    -5.115    -0.591     0.000    26.514754982
    36    -5     2     1    -5.115    -0.591     0.639    26.923596804
    37    -5     2     2    -5.115    -0.591     1.279    28.150122271
    38    -5     2     3    -5.115    -0.591     1.918    30.194331383
    39    -5     2     4    -5.115    -0.591     2.558    33.056224139
    40    -5     2     5    -5.115    -0.591     3.197    36.735800540
    41    -5     3    -5    -5.115     0.591    -3.197    36.735800541
    42    -5     3    -4    -5.115     0.591    -2.558    33.056224140
    43    -5     3    -3    -5.115     0.591    -1.918    30.194331384
    44    -5     3    -2    -5.115     0.591    -1.279    28.150122272
    45    -5     3    -1    -5.115     0.591    -0.639    26.923596805
    46    -5     3     0    -5.115     0.591     0.000    26.514754983
    47    -5     3     1    -5.115     0.591     0.639    26.923596805
    48    -5     3     2    -5.115     0.591     1.279    28.150122272
    49    -5     3     3    -5.115     0.591     1.918    30.194331384
    50    -5     3     4    -5.115     0.591     2.558    33.056224140
    51    -5     3     5    -5.115     0.591     3.197    36.735800541
    52    -5     4    -5    -5.115     1.772    -3.197    39.526827383
    53    -5     4    -4    -5.115     1.772    -2.558    35.847250982
    54    -5     4    -3    -5.115     1.772    -1.918    32.985358226
    55    -5     4    -2    -5.115     1.772    -1.279    30.941149115
    56    -5     4    -1    -5.115     1.772    -0.639    29.714623648
    57    -5     4     0    -5.115     1.772     0.000    29.305781825
    58    -5     4     1    -5.115     1.772     0.639    29.714623648
    59    -5     4     2    -5.115     1.772     1.279    30.941149115
    60    -5     4     3    -5.115     1.772     1.918    32.985358226
    61    -5     4     4    -5.115     1.772     2.558    35.847250982
    62    -5     4     5    -5.115     1.772     3.197    39.526827383
    63    -5     5    -3    -5.115     2.953    -1.918    38.567411910
    64    -5     5    -2    -5.115     2.953    -1.279    36.523202798
    65    -5     5    -1    -5.115     2.953    -0.639    35.296677331
    66    -5     5     0    -5.115     2.953     0.000    34.887835509
    67    -5     5     1    -5.115     2.953     0.639    35.296677331
    68    -5     5     2    -5.115     2.953     1.279    36.523202798
    69    -5     5     3    -5.115     2.953     1.918    38.567411910
    70    -4    -2    -1    -4.092    -4.725    -0.639    39.483217590
    71    -4    -2     0    -4.092    -4.725     0.000    39.074375767
    72    -4    -2     1    -4.092    -4.725     0.639    39.483217590
    73    -4    -1    -5    -4.092    -3.544    -3.197    39.526827382
    74    -4    -1    -4    -4.092    -3.544    -2.558    35.847250981
    75    -4    -1    -3    -4.092    -3.544    -1.918    32.985358225
    76    -4    -1    -2    -4.092    -3.544    -1.279    30.941149113
    77    -4    -1    -1    -4.092    -3.544    -0.639    29.714623646
    78    -4    -1     0    -4.092    -3.544     0.000    29.305781824
    79    -4    -1     1    -4.092    -3.544     0.639    29.714623646
    80    -4    -1     2    -4.092    -3.544     1.279    30.941149113
    81    -4    -1     3    -4.092    -3.544     1.918    32.985358225
    82    -4    -1     4    -4.092    -3.544     2.558    35.847250981
    83    -4    -1     5    -4.092    -3.544     3.197    39.526827382
    84    -4     0    -6    -4.092    -2.363    -3.836    37.046520325
    85    -4     0    -5    -4.092    -2.363    -3.197    32.549260280
    86    -4     0    -4    -4.092    -2.363    -2.558    28.869683879
    87    -4     0    -3    -4.092    -2.363    -1.918    26.007791123
    88    -4     0    -2    -4.092    -2.363    -1.279    23.963582011
    89    -4     0    -1    -4.092    -2.363    -0.639    22.737056544
    90    -4     0     0    -4.092    -2.363     0.000    22.328214722
    91    -4     0     1    -4.092    -2.363     0.639    22.737056544
    92    -4     0     2    -4.092    -2.363     1.279    23.963582011
    93    -4     0     3    -4.092    -2.363     1.918    26.007791123
    94    -4     0     4    -4.092    -2.363     2.558    28.869683879
    95    -4     0     5    -4.092    -2.363     3.197    32.549260280
    96    -4     0     6    -4.092    -2.363     3.836    37.046520325
    97    -4     1    -7    -4.092    -1.181    -4.476    38.174923754
    98    -4     1    -6    -4.092    -1.181    -3.836    32.859980064
    99    -4     1    -5    -4.092    -1.181    -3.197    28.362720019
   100    -4     1    -4    -4.092    -1.181    -2.558    24.683143618
   101    -4     1    -3    -4.092    -1.181    -1.918    21.821250862
   102    -4     1    -2    -4.092    -1.181    -1.279    19.777041750
   103    -4     1    -1    -4.092    -1.181    -0.639    18.550516284
   104    -4     1     0    -4.092    -1.181     0.000    18.141674461
   105    -4     1     1    -4.092    -1.181     0.639    18.550516284
   106    -4     1     2    -4.092    -1.181     1.279    19.777041750
   107    -4     1     3    -4.092    -1.181     1.918    21.821250862
   108    -4     1     4    -4.092    -1.181     2.558    24.683143618
   109    -4     1     5    -4.092    -1.181     3.197    28.362720019
   110    -4     1     6    -4.092    -1.181     3.836    32.859980064
   111    -4     1     7    -4.092    -1.181     4.476    38.174923754
   112    -4     2    -7    -4.092     0.000    -4.476    36.779410334
   113    -4     2    -6    -4.092     0.000    -3.836    31.464466644
   114    -4     2    -5    -4.092     0.000    -3.197    26.967206599
   115    -4     2    -4    -4.092     0.000    -2.558    23.287630198
   116    -4     2    -3    -4.092     0.000    -1.918    20.425737442
   117    -4     2    -2    -4.092     0.000    -1.279    18.381528331
   118    -4     2    -1    -4.092     0.000    -0.639    17.155002864
   119    -4     2     0    -4.092     0.000     0.000    16.746161042
   120    -4     2     1    -4.092     0.000     0.639    17.155002864
   121    -4     2     2    -4.092     0.000     1.279    18.381528331
   122    -4     2     3    -4.092     0.000     1.918    20.425737442
   123    -4     2     4    -4.092     0.000     2.558    23.287630198
   124    -4     2     5    -4.092     0.000     3.197    26.967206599
   125    -4     2     6    -4.092     0.000     3.836    31.464466644
   126    -4     2     7    -4.092     0.000     4.476    36.779410334
   127    -4     3    -7    -4.092     1.181    -4.476    38.174923756
   128    -4     3    -6    -4.092     1.181    -3.836    32.859980066
   129    -4     3    -5    -4.092     1.181    -3.197    28.362720021
   130    -4     3    -4    -4.092     1.181    -2.558    24.683143620
   131    -4     3    -3    -4.092     1.181    -1.918    21.821250864
   132    -4     3    -2    -4.092     1.181    -1.279    19.777041752
   133    -4     3    -1    -4.092     1.181    -0.639    18.550516285
   134    -4     3     0    -4.092     1.181     0.000    18.141674463
   135    -4     3     1    -4.092     1.181     0.639    18.550516285
   136    -4     3     2    -4.092     1.181     1.279    19.777041752
   137    -4     3     3    -4.092     1.181     1.918    21.821250864
   138    -4     3     4    -4.092     1.181     2.558    24.683143620
   139    -4     3     5    -4.092     1.181     3.197    28.362720021
   140    -4     3     6    -4.092     1.181     3.836    32.859980066
   141    -4     3     7    -4.092     1.181     4.476    38.174923756
   142    -4     4    -6    -4.092     2.363    -3.836    37.046520329
   143    -4     4    -5    -4.092     2.363    -3.197    32.549260283
   144    -4     4    -4    -4.092     2.363    -2.558    28.869683883
   145    -4     4    -3    -4.092     2.363    -1.918    26.007791126
   146    -4     4    -2    -4.092     2.363    -1.279    23.963582015
   147    -4     4    -1    -4.092     2.363    -0.639    22.737056548
   148    -4     4     0    -4.092     2.363     0.000    22.328214726
   149    -4     4     1    -4.092     2.363     0.639    22.737056548
   150    -4     4     2    -4.092     2.363     1.279    23.963582015
   151    -4     4     3    -4.092     2.363     1.918    26.007791126
   152    -4     4     4    -4.092     2.363     2.558    28.869683883
   153    -4     4     5    -4.092     2.363     3.197    32.549260283
   154    -4     4     6    -4.092     2.363     3.836    37.046520329
   155    -4     5    -5    -4.092     3.544    -3.197    39.526827387
   156    -4     5    -4    -4.092     3.544    -2.558    35.847250986
   157    -4     5    -3    -4.092     3.544    -1.918    32.985358230
   158    -4     5    -2    -4.092     3.544    -1.279    30.941149119
   159    -4     5    -1    -4.092     3.544    -0.639    29.714623652
   160    -4     5     0    -4.092     3.544     0.000    29.305781830
   161    -4     5     1    -4.092     3.544     0.639    29.714623652
   162    -4     5     2    -4.092     3.544     1.279    30.941149119
   163    -4     5     3    -4.092     3.544     1.918    32.985358230
   164    -4     5     4    -4.092     3.544     2.558    35.847250986
   165    -4     5     5    -4.092     3.544     3.197    39.526827387
   166    -4     6    -1    -4.092     4.725    -0.639    39.483217597
   167    -4     6     0    -4.092     4.725     0.000    39.074375775
   168    -4     6     1    -4.092     4.725     0.639    39.483217597
   169    -3    -3    -2    -3.069    -5.316    -1.279    39.314229639
   170    -3    -3    -1    -3.069    -5.316    -0.639    38.087704172
   171    -3    -3     0    -3.069    -5.316     0.000    37.678862350
   172    -3    -3     1    -3.069    -5.316     0.639    38.087704172
   173    -3    -3     2    -3.069    -5.316     1.279    39.314229639
   174    -3    -2    -5    -3.069    -4.135    -3.197    36.735800543
   175    -3    -2    -4    -3.069    -4.135    -2.558    33.056224143
   176    -3    -2    -3    -3.069    -4.135    -1.918    30.194331386
   177    -3    -2    -2    -3.069    -4.135    -1.279    28.150122275
   178    -3    -2    -1    -3.069    -4.135    -0.639    26.923596808
   179    -3    -2     0    -3.069    -4.135     0.000    26.514754986
   180    -3    -2     1    -3.069    -4.135     0.639    26.923596808
   181    -3    -2     2    -3.069    -4.135     1.279    28.150122275
   182    -3    -2     3    -3.069    -4.135     1.918    30.194331386
   183    -3    -2     4    -3.069    -4.135     2.558    33.056224143
   184    -3    -2     5    -3.069    -4.135     3.197    36.735800543
   185    -3    -1    -7    -3.069    -2.953    -4.476    38.174923756
   186    -3    -1    -6    -3.069    -2.953    -3.836    32.859980066
   187    -3    -1    -5    -3.069    -2.953    -3.197    28.362720020
   188    -3    -1    -4    -3.069    -2.953    -2.558    24.683143620
   189    -3    -1    -3    -3.069    -2.953    -1.918    21.821250864
   190    -3    -1    -2    -3.069    -2.953    -1.279    19.777041752
   191    -3    -1    -1    -3.069    -2.953    -0.639    18.550516285
   192    -3    -1     0    -3.069    -2.953     0.000    18.141674463
   193    -3    -1     1    -3.069    -2.953     0.639    18.550516285
   194    -3    -1     2    -3.069    -2.953     1.279    19.777041752
   195    -3    -1     3    -3.069    -2.953     1.918    21.821250864
   196    -3    -1     4    -3.069    -2.953     2.558    24.683143620
   197    -3    -1     5    -3.069    -2.953     3.197    28.362720020
   198    -3    -1     6    -3.069    -2.953     3.836    32.859980066
   199    -3    -1     7    -3.069    -2.953     4.476    38.174923756
   200    -3     0    -8    -3.069    -1.772    -5.115    38.725497409
   201    -3     0    -7    -3.069    -1.772    -4.476    32.592870074
   202    -3     0    -6    -3.069    -1.772    -3.836    27.277926384
   203    -3     0    -5    -3.069    -1.772    -3.197    22.780666339
   204    -3     0    -4    -3.069    -1.772    -2.558    19.101089938
   205    -3     0    -3    -3.069    -1.772    -1.918    16.239197182
   206    -3     0    -2    -3.069    -1.772    -1.279    14.194988070
   207    -3     0    -1    -3.069    -1.772    -0.639    12.968462603
   208    -3     0     0    -3.069    -1.772     0.000    12.559620781
   209    -3     0     1    -3.069    -1.772     0.639    12.968462603
   210    -3     0     2    -3.069    -1.772     1.279    14.194988070
   211    -3     0     3    -3.069    -1.772     1.918    16.239197182
   212    -3     0     4    -3.069    -1.772     2.558    19.101089938
   213    -3     0     5    -3.069    -1.772     3.197    22.780666339
   214    -3     0     6    -3.069    -1.772     3.836    27.277926384
   215    -3     0     7    -3.069    -1.772     4.476    32.592870074
   216    -3     0     8    -3.069    -1.772     5.115    38.725497409
   217    -3     1    -8    -3.069    -0.591    -5.115    35.934470568
   218    -3     1    -7    -3.069    -0.591    -4.476    29.801843234
   219    -3     1    -6    -3.069    -0.591    -3.836    24.486899544
   220    -3     1    -5    -3.069    -0.591    -3.197    19.989639498
   221    -3     1    -4    -3.069    -0.591    -2.558    16.310063098
   222    -3     1    -3    -3.069    -0.591    -1.918    13.448170341
   223    -3     1    -2    -3.069    -0.591    -1.279    11.403961230
   224    -3     1    -1    -3.069    -0.591    -0.639    10.177435763
   225    -3     1     0    -3.069    -0.591     0.000     9.768593941
   226    -3     1     1    -3.069    -0.591     0.639    10.177435763
   227    -3     1     2    -3.069    -0.591     1.279    11.403961230
   228    -3     1     3    -3.069    -0.591     1.918    13.448170341
   229    -3     1     4    -3.069    -0.591     2.558    16.310063098
   230    -3     1     5    -3.069    -0.591     3.197    19.989639498
   231    -3     1     6    -3.069    -0.591     3.836    24.486899544
   232    -3     1     7    -3.069    -0.591     4.476    29.801843234
   233    -3     1     8    -3.069    -0.591     5.115    35.934470568
   234    -3     2    -8    -3.069     0.591    -5.115    35.934470569
   235    -3     2    -7    -3.069     0.591    -4.476    29.801843234
   236    -3     2    -6    -3.069     0.591    -3.836    24.486899544
   237    -3     2    -5    -3.069     0.591    -3.197    19.989639499
   238    -3     2    -4    -3.069     0.591    -2.558    16.310063098
   239    -3     2    -3    -3.069     0.591    -1.918    13.448170342
   240    -3     2    -2    -3.069     0.591    -1.279    11.403961231
   241    -3     2    -1    -3.069     0.591    -0.639    10.177435764
   242    -3     2     0    -3.069     0.591     0.000     9.768593941
   243    -3     2     1    -3.069     0.591     0.639    10.177435764
   244    -3     2     2    -3.069     0.591     1.279    11.403961231
   245    -3     2     3    -3.069     0.591     1.918    13.448170342
   246    -3     2     4    -3.069     0.591     2.558    16.310063098
   247    -3     2     5    -3.069     0.591     3.197    19.989639499
   248    -3     2     6    -3.069     0.591     3.836    24.486899544
   249    -3     2     7    -3.069     0.591     4.476    29.801843234
   250    -3     2     8    -3.069     0.591     5.115    35.934470569
   251    -3     3    -8    -3.069     1.772    -5.115    38.725497411
   252    -3     3    -7    -3.069     1.772    -4.476    32.592870076
   253    -3     3    -6    -3.069     1.772    -3.836    27.277926386
   254    -3     3    -5    -3.069     1.772    -3.197    22.780666341
   255    -3     3    -4    -3.069     1.772    -2.558    19.101089940
   256    -3     3    -3    -3.069     1.772    -1.918    16.239197184
   257    -3     3    -2    -3.069     1.772    -1.279    14.194988072
   258    -3     3    -1    -3.069     1.772    -0.639    12.968462606
   259    -3     3     0    -3.069     1.772     0.000    12.559620783
   260    -3     3     1    -3.069     1.772     0.639    12.968462606
   261    -3     3     2    -3.069     1.772     1.279    14.194988072
   262    -3     3     3    -3.069     1.772     1.918    16.239197184
   263    -3     3     4    -3.069     1.772     2.558    19.101089940
   264    -3     3     5    -3.069     1.772     3.197    22.780666341
   265    -3     3     6    -3.069     1.772     3.836    27.277926386
   266    -3     3     7    -3.069     1.772     4.476    32.592870076
   267    -3     3     8    -3.069     1.772     5.115    38.725497411
   268    -3     4    -7    -3.069     2.953    -4.476    38.174923759
   269    -3     4    -6    -3.069     2.953    -3.836    32.859980069
   270    -3     4    -5    -3.069     2.953    -3.197    28.362720024
   271    -3     4    -4    -3.069     2.953    -2.558    24.683143623
   272    -3     4    -3    -3.069     2.953    -1.918    21.821250867
   273    -3     4    -2    -3.069     2.953    -1.279    19.777041755
   274    -3     4    -1    -3.069     2.953    -0.639    18.550516289
   275    -3     4     0    -3.069     2.953     0.000    18.141674466
   276    -3     4     1    -3.069     2.953     0.639    18.550516289
   277    -3     4     2    -3.069     2.953     1.279    19.777041755
   278    -3     4     3    -3.069     2.953     1.918    21.821250867
   279    -3     4     4    -3.069     2.953     2.558    24.683143623
   280    -3     4     5    -3.069     2.953     3.197    28.362720024
   281    -3     4     6    -3.069     2.953     3.836    32.859980069
   282    -3     4     7    -3.069     2.953     4.476    38.174923759
   283    -3     5    -5    -3.069     4.135    -3.197    36.735800548
   284    -3     5    -4    -3.069     4.135    -2.558    33.056224147
   285    -3     5    -3    -3.069     4.135    -1.918    30.194331391
   286    -3     5    -2    -3.069     4.135    -1.279    28.150122280
   287    -3     5    -1    -3.069     4.135    -0.639    26.923596813
   288    -3     5     0    -3.069     4.135     0.000    26.514754990
   289    -3     5     1    -3.069     4.135     0.639    26.923596813
   290    -3     5     2    -3.069     4.135     1.279    28.150122280
   291    -3     5     3    -3.069     4.135     1.918    30.194331391
   292    -3     5     4    -3.069     4.135     2.558    33.056224147
   293    -3     5     5    -3.069     4.135     3.197    36.735800548
   294    -3     6    -2    -3.069     5.316    -1.279    39.314229645
   295    -3     6    -1    -3.069     5.316    -0.639    38.087704178
   296    -3     6     0    -3.069     5.316     0.000    37.678862356
   297    -3     6     1    -3.069     5.316     0.639    38.087704178
   298    -3     6     2    -3.069     5.316     1.279    39.314229645
   299    -2    -4    -1    -2.046    -5.907    -0.639    39.483217595
   300    -2    -4     0    -2.046    -5.907     0.000    39.074375773
   301    -2    -4     1    -2.046    -5.907     0.639    39.483217595
   302    -2    -3    -5    -2.046    -4.725    -3.197    36.735800546
   303    -2    -3    -4    -2.046    -4.725    -2.558    33.056224145
   304    -2    -3    -3    -2.046    -4.725    -1.918    30.194331389
   305    -2    -3    -2    -2.046    -4.725    -1.279    28.150122277
   306    -2    -3    -1    -2.046    -4.725    -0.639    26.923596810
   307    -2    -3     0    -2.046    -4.725     0.000    26.514754988
   308    -2    -3     1    -2.046    -4.725     0.639    26.923596810
   309    -2    -3     2    -2.046    -4.725     1.279    28.150122277
   310    -2    -3     3    -2.046    -4.725     1.918    30.194331389
   311    -2    -3     4    -2.046    -4.725     2.558    33.056224145
   312    -2    -3     5    -2.046    -4.725     3.197    36.735800546
   313    -2    -2    -7    -2.046    -3.544    -4.476    36.779410337
   314    -2    -2    -6    -2.046    -3.544    -3.836    31.464466647
   315    -2    -2    -5    -2.046    -3.544    -3.197    26.967206602
   316    -2    -2    -4    -2.046    -3.544    -2.558    23.287630201
   317    -2    -2    -3    -2.046    -3.544    -1.918    20.425737445
   318    -2    -2    -2    -2.046    -3.544    -1.279    18.381528333
   319    -2    -2    -1    -2.046    -3.544    -0.639    17.155002867
   320    -2    -2     0    -2.046    -3.544     0.000    16.746161044
   321    -2    -2     1    -2.046    -3.544     0.639    17.155002867
   322    -2    -2     2    -2.046    -3.544     1.279    18.381528333
   323    -2    -2     3    -2.046    -3.544     1.918    20.425737445
   324    -2    -2     4    -2.046    -3.544     2.558    23.287630201
   325    -2    -2     5    -2.046    -3.544     3.197    26.967206602
   326    -2    -2     6    -2.046    -3.544     3.836    31.464466647
   327    -2    -2     7    -2.046    -3.544     4.476    36.779410337
   328    -2    -1    -8    -2.046    -2.363    -5.115    35.934470569
   329    -2    -1    -7    -2.046    -2.363    -4.476    29.801843235
   330    -2    -1    -6    -2.046    -2.363    -3.836    24.486899545
   331    -2    -1    -5    -2.046    -2.363    -3.197    19.989639499
   332    -2    -1    -4    -2.046    -2.363    -2.558    16.310063099
   333    -2    -1    -3    -2.046    -2.363    -1.918    13.448170343
   334    -2    -1    -2    -2.046    -2.363    -1.279    11.403961231
   335    -2    -1    -1    -2.046    -2.363    -0.639    10.177435764
   336    -2    -1     0    -2.046    -2.363     0.000     9.768593942
   337    -2    -1     1    -2.046    -2.363     0.639    10.177435764
   338    -2    -1     2    -2.046    -2.363     1.279    11.403961231
   339    -2    -1     3    -2.046    -2.363     1.918    13.448170343
   340    -2    -1     4    -2.046    -2.363     2.558    16.310063099
   341    -2    -1     5    -2.046    -2.363     3.197    19.989639499
   342    -2    -1     6    -2.046    -2.363     3.836    24.486899545
   343    -2    -1     7    -2.046    -2.363     4.476    29.801843235
   344    -2    -1     8    -2.046    -2.363     5.115    35.934470569
   345    -2     0    -9    -2.046    -1.181    -5.755    38.698241287
   346    -2     0    -8    -2.046    -1.181    -5.115    31.747930308
   347    -2     0    -7    -2.046    -1.181    -4.476    25.615302973
   348    -2     0    -6    -2.046    -1.181    -3.836    20.300359283
   349    -2     0    -5    -2.046    -1.181    -3.197    15.803099238
   350    -2     0    -4    -2.046    -1.181    -2.558    12.123522837
   351    -2     0    -3    -2.046    -1.181    -1.918     9.261630081
   352    -2     0    -2    -2.046    -1.181    -1.279     7.217420970
   353    -2     0    -1    -2.046    -1.181    -0.639     5.990895503
   354    -2     0     0    -2.046    -1.181     0.000     5.582053681
   355    -2     0     1    -2.046    -1.181     0.639     5.990895503
   356    -2     0     2    -2.046    -1.181     1.279     7.217420970
   357    -2     0     3    -2.046    -1.181     1.918     9.261630081
   358    -2     0     4    -2.046    -1.181     2.558    12.123522837
   359    -2     0     5    -2.046    -1.181     3.197    15.803099238
   360    -2     0     6    -2.046    -1.181     3.836    20.300359283
   361    -2     0     7    -2.046    -1.181     4.476    25.615302973
   362    -2     0     8    -2.046    -1.181     5.115    31.747930308
   363    -2     0     9    -2.046    -1.181     5.755    38.698241287
   364    -2     1    -9    -2.046     0.000    -5.755    37.302727867
   365    -2     1    -8    -2.046     0.000    -5.115    30.352416888
   366    -2     1    -7    -2.046     0.000    -4.476    24.219789553
   367    -2     1    -6    -2.046     0.000    -3.836    18.904845863
   368    -2     1    -5    -2.046     0.000    -3.197    14.407585818
   369    -2     1    -4    -2.046     0.000    -2.558    10.728009417
   370    -2     1    -3    -2.046     0.000    -1.918     7.866116661
   371    -2     1    -2    -2.046     0.000    -1.279     5.821907550
   372    -2     1    -1    -2.046     0.000    -0.639     4.595382083
   373    -2     1     0    -2.046     0.000     0.000     4.186540260
   374    -2     1     1    -2.046     0.000     0.639     4.595382083
   375    -2     1     2    -2.046     0.000     1.279     5.821907550
   376    -2     1     3    -2.046     0.000     1.918     7.866116661
   377    -2     1     4    -2.046     0.000     2.558    10.728009417
   378    -2     1     5    -2.046     0.000     3.197    14.407585818
   379    -2     1     6    -2.046     0.000     3.836    18.904845863
   380    -2     1     7    -2.046     0.000     4.476    24.219789553
   381    -2     1     8    -2.046     0.000     5.115    30.352416888
   382    -2     1     9    -2.046     0.000     5.755    37.302727867
   383    -2     2    -9    -2.046     1.181    -5.755    38.698241288
   384    -2     2    -8    -2.046     1.181    -5.115    31.747930309
   385    -2     2    -7    -2.046     1.181    -4.476    25.615302974
   386    -2     2    -6    -2.046     1.181    -3.836    20.300359284
   387    -2     2    -5    -2.046     1.181    -3.197    15.803099239
   388    -2     2    -4    -2.046     1.181    -2.558    12.123522838
   389    -2     2    -3    -2.046     1.181    -1.918     9.261630082
   390    -2     2    -2    -2.046     1.181    -1.279     7.217420971
   391    -2     2    -1    -2.046     1.181    -0.639     5.990895504
   392    -2     2     0    -2.046     1.181     0.000     5.582053681
   393    -2     2     1    -2.046     1.181     0.639     5.990895504
   394    -2     2     2    -2.046     1.181     1.279     7.217420971
   395    -2     2     3    -2.046     1.181     1.918     9.261630082
   396    -2     2     4    -2.046     1.181     2.558    12.123522838
   397    -2     2     5    -2.046     1.181     3.197    15.803099239
   398    -2     2     6    -2.046     1.181     3.836    20.300359284
   399    -2     2     7    -2.046     1.181     4.476    25.615302974
   400    -2     2     8    -2.046     1.181     5.115    31.747930309
   401    -2     2     9    -2.046     1.181     5.755    38.698241288
   402    -2     3    -8    -2.046     2.363    -5.115    35.934470571
   403    -2     3    -7    -2.046     2.363    -4.476    29.801843237
   404    -2     3    -6    -2.046     2.363    -3.836    24.486899547
   405    -2     3    -5    -2.046     2.363    -3.197    19.989639501
   406    -2     3    -4    -2.046     2.363    -2.558    16.310063100
   407    -2     3    -3    -2.046     2.363    -1.918    13.448170344
   408    -2     3    -2    -2.046     2.363    -1.279    11.403961233
   409    -2     3    -1    -2.046     2.363    -0.639    10.177435766
   410    -2     3     0    -2.046     2.363     0.000     9.768593944
   411    -2     3     1    -2.046     2.363     0.639    10.177435766
   412    -2     3     2    -2.046     2.363     1.279    11.403961233
   413    -2     3     3    -2.046     2.363     1.918    13.448170344
   414    -2     3     4    -2.046     2.363     2.558    16.310063100
   415    -2     3     5    -2.046     2.363     3.197    19.989639501
   416    -2     3     6    -2.046     2.363     3.836    24.486899547
   417    -2     3     7    -2.046     2.363     4.476    29.801843237
   418    -2     3     8    -2.046     2.363     5.115    35.934470571
   419    -2     4    -7    -2.046     3.544    -4.476    36.779410340
   420    -2     4    -6    -2.046     3.544    -3.836    31.464466650
   421    -2     4    -5    -2.046     3.544    -3.197    26.967206605
   422    -2     4    -4    -2.046     3.544    -2.558    23.287630204
   423    -2     4    -3    -2.046     3.544    -1.918    20.425737448
   424    -2     4    -2    -2.046     3.544    -1.279    18.381528336
   425    -2     4    -1    -2.046     3.544    -0.639    17.155002869
   426    -2     4     0    -2.046     3.544     0.000    16.746161047
   427    -2     4     1    -2.046     3.544     0.639    17.155002869
   428    -2     4     2    -2.046     3.544     1.279    18.381528336
   429    -2     4     3    -2.046     3.544     1.918    20.425737448
   430    -2     4     4    -2.046     3.544     2.558    23.287630204
   431    -2     4     5    -2.046     3.544     3.197    26.967206605
   432    -2     4     6    -2.046     3.544     3.836    31.464466650
   433    -2     4     7    -2.046     3.544     4.476    36.779410340
   434    -2     5    -5    -2.046     4.725    -3.197    36.735800549
   435    -2     5    -4    -2.046     4.725    -2.558    33.056224148
   436    -2     5    -3    -2.046     4.725    -1.918    30.194331392
   437    -2     5    -2    -2.046     4.725    -1.279    28.150122281
   438    -2     5    -1    -2.046     4.725    -0.639    26.923596814
   439    -2     5     0    -2.046     4.725     0.000    26.514754992
   440    -2     5     1    -2.046     4.725     0.639    26.923596814
   441    -2     5     2    -2.046     4.725     1.279    28.150122281
   442    -2     5     3    -2.046     4.725     1.918    30.194331392
   443    -2     5     4    -2.046     4.725     2.558    33.056224148
   444    -2     5     5    -2.046     4.725     3.197    36.735800549
   445    -2     6    -1    -2.046     5.907    -0.639    39.483217600
   446    -2     6     0    -2.046     5.907     0.000    39.074375777
   447    -2     6     1    -2.046     5.907     0.639    39.483217600
   448    -1    -4    -5    -1.023    -5.316    -3.197    39.526827388
   449    -1    -4    -4    -1.023    -5.316    -2.558    35.847250988
   450    -1    -4    -3    -1.023    -5.316    -1.918    32.985358232
   451    -1    -4    -2    -1.023    -5.316    -1.279    30.941149120
   452    -1    -4    -1    -1.023    -5.316    -0.639    29.714623653
   453    -1    -4     0    -1.023    -5.316     0.000    29.305781831
   454    -1    -4     1    -1.023    -5.316     0.639    29.714623653
   455    -1    -4     2    -1.023    -5.316     1.279    30.941149120
   456    -1    -4     3    -1.023    -5.316     1.918    32.985358232
   457    -1    -4     4    -1.023    -5.316     2.558    35.847250988
   458    -1    -4     5    -1.023    -5.316     3.197    39.526827388
   459    -1    -3    -7    -1.023    -4.135    -4.476    38.174923759
   460    -1    -3    -6    -1.023    -4.135    -3.836    32.859980069
   461    -1    -3    -5    -1.023    -4.135    -3.197    28.362720024
   462    -1    -3    -4    -1.023    -4.135    -2.558    24.683143623
   463    -1    -3    -3    -1.023    -4.135    -1.918    21.821250867
   464    -1    -3    -2    -1.023    -4.135    -1.279    19.777041756
   465    -1    -3    -1    -1.023    -4.135    -0.639    18.550516289
   466    -1    -3     0    -1.023    -4.135     0.000    18.141674466
   467    -1    -3     1    -1.023    -4.135     0.639    18.550516289
   468    -1    -3     2    -1.023    -4.135     1.279    19.777041756
   469    -1    -3     3    -1.023    -4.135     1.918    21.821250867
   470    -1    -3     4    -1.023    -4.135     2.558    24.683143623
   471    -1    -3     5    -1.023    -4.135     3.197    28.362720024
   472    -1    -3     6    -1.023    -4.135     3.836    32.859980069
   473    -1    -3     7    -1.023    -4.135     4.476    38.174923759
   474    -1    -2    -8    -1.023    -2.953    -5.115    35.934470571
   475    -1    -2    -7    -1.023    -2.953    -4.476    29.801843236
   476    -1    -2    -6    -1.023    -2.953    -3.836    24.486899546
   477    -1    -2    -5    -1.023    -2.953    -3.197    19.989639501
   478    -1    -2    -4    -1.023    -2.953    -2.558    16.310063100
   479    -1    -2    -3    -1.023    -2.953    -1.918    13.448170344
   480    -1    -2    -2    -1.023    -2.953    -1.279    11.403961232
   481    -1    -2    -1    -1.023    -2.953    -0.639    10.177435765
   482    -1    -2     0    -1.023    -2.953     0.000     9.768593943
   483    -1    -2     1    -1.023    -2.953     0.639    10.177435765
   484    -1    -2     2    -1.023    -2.953     1.279    11.403961232
   485    -1    -2     3    -1.023    -2.953     1.918    13.448170344
   486    -1    -2     4    -1.023    -2.953     2.558    16.310063100
   487    -1    -2     5    -1.023    -2.953     3.197    19.989639501
   488    -1    -2     6    -1.023    -2.953     3.836    24.486899546
   489    -1    -2     7    -1.023    -2.953     4.476    29.801843236
   490    -1    -2     8    -1.023    -2.953     5.115    35.934470571
   491    -1    -1    -9    -1.023    -1.772    -5.755    37.302727868
   492    -1    -1    -8    -1.023    -1.772    -5.115    30.352416889
   493    -1    -1    -7    -1.023    -1.772    -4.476    24.219789554
   494    -1    -1    -6    -1.023    -1.772    -3.836    18.904845864
   495    -1    -1    -5    -1.023    -1.772    -3.197    14.407585819
   496    -1    -1    -4    -1.023    -1.772    -2.558    10.728009418
   497    -1    -1    -3    -1.023    -1.772    -1.918     7.866116662
   498    -1    -1    -2    -1.023    -1.772    -1.279     5.821907550
   499    -1    -1    -1    -1.023    -1.772    -0.639     4.595382083
   500    -1    -1     0    -1.023    -1.772     0.000     4.186540261
   501    -1    -1     1    -1.023    -1.772     0.639     4.595382083
   502    -1    -1     2    -1.023    -1.772     1.279     5.821907550
   503    -1    -1     3    -1.023    -1.772     1.918     7.866116662
   504    -1    -1     4    -1.023    -1.772     2.558    10.728009418
   505    -1    -1     5    -1.023    -1.772     3.197    14.407585819
   506    -1    -1     6    -1.023    -1.772     3.836    18.904845864
   507    -1    -1     7    -1.023    -1.772     4.476    24.219789554
   508    -1    -1     8    -1.023    -1.772     5.115    30.352416889
   509    -1    -1     9    -1.023    -1.772     5.755    37.302727868
   510    -1     0    -9    -1.023    -0.591    -5.755    34.511701027
   511    -1     0    -8    -1.023    -0.591    -5.115    27.561390048
   512    -1     0    -7    -1.023    -0.591    -4.476    21.428762713
   513    -1     0    -6    -1.023    -0.591    -3.836    16.113819023
   514    -1     0    -5    -1.023    -0.591    -3.197    11.616558978
   515    -1     0    -4    -1.023    -0.591    -2.558     7.936982577
   516    -1     0    -3    -1.023    -0.591    -1.918     5.075089821
   517    -1     0    -2    -1.023    -0.591    -1.279     3.030880709
   518    -1     0    -1    -1.023    -0.591    -0.639     1.804355242
   519    -1     0     0    -1.023    -0.591     0.000     1.395513420
   520    -1     0     1    -1.023    -0.591     0.639     1.804355242
   521    -1     0     2    -1.023    -0.591     1.279     3.030880709
   522    -1     0     3    -1.023    -0.591     1.918     5.075089821
   523    -1     0     4    -1.023    -0.591     2.558     7.936982577
   524    -1     0     5    -1.023    -0.591     3.197    11.616558978
   525    -1     0     6    -1.023    -0.591     3.836    16.113819023
   526    -1     0     7    -1.023    -0.591     4.476    21.428762713
   527    -1     0     8    -1.023    -0.591     5.115    27.561390048
   528    -1     0     9    -1.023    -0.591     5.755    34.511701027
   529    -1     1    -9    -1.023     0.591    -5.755    34.511701027
   530    -1     1    -8    -1.023     0.591    -5.115    27.561390048
   531    -1     1    -7    -1.023     0.591    -4.476    21.428762713
   532    -1     1    -6    -1.023     0.591    -3.836    16.113819023
   533    -1     1    -5    -1.023     0.591    -3.197    11.616558978
   534    -1     1    -4    -1.023     0.591    -2.558     7.936982577
   535    -1     1    -3    -1.023     0.591    -1.918     5.075089821
   536    -1     1    -2    -1.023     0.591    -1.279     3.030880710
   537    -1     1    -1    -1.023     0.591    -0.639     1.804355243
   538    -1     1     0    -1.023     0.591     0.000     1.395513420
   539    -1     1     1    -1.023     0.591     0.639     1.804355243
   540    -1     1     2    -1.023     0.591     1.279     3.030880710
   541    -1     1     3    -1.023     0.591     1.918     5.075089821
   542    -1     1     4    -1.023     0.591     2.558     7.936982577
   543    -1     1     5    -1.023     0.591     3.197    11.616558978
   544    -1     1     6    -1.023     0.591     3.836    16.113819023
   545    -1     1     7    -1.023     0.591     4.476    21.428762713
   546    -1     1     8    -1.023     0.591     5.115    27.561390048
   547    -1     1     9    -1.023     0.591     5.755    34.511701027
   548    -1     2    -9    -1.023     1.772    -5.755    37.302727868
   549    -1     2    -8    -1.023     1.772    -5.115    30.352416889
   550    -1     2    -7    -1.023     1.772    -4.476    24.219789555
   551    -1     2    -6    -1.023     1.772    -3.836    18.904845865
   552    -1     2    -5    -1.023     1.772    -3.197    14.407585819
   553    -1     2    -4    -1.023     1.772    -2.558    10.728009419
   554    -1     2    -3    -1.023     1.772    -1.918     7.866116662
   555    -1     2    -2    -1.023     1.772    -1.279     5.821907551
   556    -1     2    -1    -1.023     1.772    -0.639     4.595382084
   557    -1     2     0    -1.023     1.772     0.000     4.186540262
   558    -1     2     1    -1.023     1.772     0.639     4.595382084
   559    -1     2     2    -1.023     1.772     1.279     5.821907551
   560    -1     2     3    -1.023     1.772     1.918     7.866116662
   561    -1     2     4    -1.023     1.772     2.558    10.728009419
   562    -1     2     5    -1.023     1.772     3.197    14.407585819
   563    -1     2     6    -1.023     1.772     3.836    18.904845865
   564    -1     2     7    -1.023     1.772     4.476    24.219789555
   565    -1     2     8    -1.023     1.772     5.115    30.352416889
   566    -1     2     9    -1.023     1.772     5.755    37.302727868
   567    -1     3    -8    -1.023     2.953    -5.115    35.934470572
   568    -1     3    -7    -1.023     2.953    -4.476    29.801843237
   569    -1     3    -6    -1.023     2.953    -3.836    24.486899547
   570    -1     3    -5    -1.023     2.953    -3.197    19.989639502
   571    -1     3    -4    -1.023     2.953    -2.558    16.310063101
   572    -1     3    -3    -1.023     2.953    -1.918    13.448170345
   573    -1     3    -2    -1.023     2.953    -1.279    11.403961234
   574    -1     3    -1    -1.023     2.953    -0.639    10.177435767
   575    -1     3     0    -1.023     2.953     0.000     9.768593944
   576    -1     3     1    -1.023     2.953     0.639    10.177435767
   577    -1     3     2    -1.023     2.953     1.279    11.403961234
   578    -1     3     3    -1.023     2.953     1.918    13.448170345
   579    -1     3     4    -1.023     2.953     2.558    16.310063101
   580    -1     3     5    -1.023     2.953     3.197    19.989639502
   581    -1     3     6    -1.023     2.953     3.836    24.486899547
   582    -1     3     7    -1.023     2.953     4.476    29.801843237
   583    -1     3     8    -1.023     2.953     5.115    35.934470572
   584    -1     4    -7    -1.023     4.135    -4.476    38.174923761
   585    -1     4    -6    -1.023     4.135    -3.836    32.859980071
   586    -1     4    -5    -1.023     4.135    -3.197    28.362720026
   587    -1     4    -4    -1.023     4.135    -2.558    24.683143625
   588    -1     4    -3    -1.023     4.135    -1.918    21.821250869
   589    -1     4    -2    -1.023     4.135    -1.279    19.777041757
   590    -1     4    -1    -1.023     4.135    -0.639    18.550516290
   591    -1     4     0    -1.023     4.135     0.000    18.141674468
   592    -1     4     1    -1.023     4.135     0.639    18.550516290
   593    -1     4     2    -1.023     4.135     1.279    19.777041757
   594    -1     4     3    -1.023     4.135     1.918    21.821250869
   595    -1     4     4    -1.023     4.135     2.558    24.683143625
   596    -1     4     5    -1.023     4.135     3.197    28.362720026
   597    -1     4     6    -1.023     4.135     3.836    32.859980071
   598    -1     4     7    -1.023     4.135     4.476    38.174923761
   599    -1     5    -5    -1.023     5.316    -3.197    39.526827391
   600    -1     5    -4    -1.023     5.316    -2.558    35.847250990
   601    -1     5    -3    -1.023     5.316    -1.918    32.985358234
   602    -1     5    -2    -1.023     5.316    -1.279    30.941149122
   603    -1     5    -1    -1.023     5.316    -0.639    29.714623655
   604    -1     5     0    -1.023     5.316     0.000    29.305781833
   605    -1     5     1    -1.023     5.316     0.639    29.714623655
   606    -1     5     2    -1.023     5.316     1.279    30.941149122
   607    -1     5     3    -1.023     5.316     1.918    32.985358234
   608    -1     5     4    -1.023     5.316     2.558    35.847250990
   609    -1     5     5    -1.023     5.316     3.197    39.526827391
   610     0    -5    -3     0.000    -5.907    -1.918    38.567411915
   611     0    -5    -2     0.000    -5.907    -1.279    36.523202804
   612     0    -5    -1     0.000    -5.907    -0.639    35.296677337
   613     0    -5     0     0.000    -5.907     0.000    34.887835515
   614     0    -5     1     0.000    -5.907     0.639    35.296677337
   615     0    -5     2     0.000    -5.907     1.279    36.523202804
   616     0    -5     3     0.000    -5.907     1.918    38.567411915
   617     0    -4    -6     0.000    -4.725    -3.836    37.046520332
   618     0    -4    -5     0.000    -4.725    -3.197    32.549260287
   619     0    -4    -4     0.000    -4.725    -2.558    28.869683886
   620     0    -4    -3     0.000    -4.725    -1.918    26.007791130
   621     0    -4    -2     0.000    -4.725    -1.279    23.963582019
   622     0    -4    -1     0.000    -4.725    -0.639    22.737056552
   623     0    -4     0     0.000    -4.725     0.000    22.328214729
   624     0    -4     1     0.000    -4.725     0.639    22.737056552
   625     0    -4     2     0.000    -4.725     1.279    23.963582019
   626     0    -4     3     0.000    -4.725     1.918    26.007791130
   627     0    -4     4     0.000    -4.725     2.558    28.869683886
   628     0    -4     5     0.000    -4.725     3.197    32.549260287
   629     0    -4     6     0.000    -4.725     3.836    37.046520332
   630     0    -3    -8     0.000    -3.544    -5.115    38.725497413
   631     0    -3    -7     0.000    -3.544    -4.476    32.592870078
   632     0    -3    -6     0.000    -3.544    -3.836    27.277926388
   633     0    -3    -5     0.000    -3.544    -3.197    22.780666343
   634     0    -3    -4     0.000    -3.544    -2.558    19.101089942
   635     0    -3    -3     0.000    -3.544    -1.918    16.239197186
   636     0    -3    -2     0.000    -3.544    -1.279    14.194988074
   637     0    -3    -1     0.000    -3.544    -0.639    12.968462608
   638     0    -3     0     0.000    -3.544     0.000    12.559620785
   639     0    -3     1     0.000    -3.544     0.639    12.968462608
   640     0    -3     2     0.000    -3.544     1.279    14.194988074
   641     0    -3     3     0.000    -3.544     1.918    16.239197186
   642     0    -3     4     0.000    -3.544     2.558    19.101089942
   643     0    -3     5     0.000    -3.544     3.197    22.780666343
   644     0    -3     6     0.000    -3.544     3.836    27.277926388
   645     0    -3     7     0.000    -3.544     4.476    32.592870078
   646     0    -3     8     0.000    -3.544     5.115    38.725497413
   647     0    -2    -9     0.000    -2.363    -5.755    38.698241289
   648     0    -2    -8     0.000    -2.363    -5.115    31.747930310
   649     0    -2    -7     0.000    -2.363    -4.476    25.615302975
   650     0    -2    -6     0.000    -2.363    -3.836    20.300359285
   651     0    -2    -5     0.000    -2.363    -3.197    15.803099240
   652     0    -2    -4     0.000    -2.363    -2.558    12.123522839
   653     0    -2    -3     0.000    -2.363    -1.918     9.261630083
   654     0    -2    -2     0.000    -2.363    -1.279     7.217420972
   655     0    -2    -1     0.000    -2.363    -0.639     5.990895505
   656     0    -2     0     0.000    -2.363     0.000     5.582053682
   657     0    -2     1     0.000    -2.363     0.639     5.990895505
   658     0    -2     2     0.000    -2.363     1.279     7.217420972
   659     0    -2     3     0.000    -2.363     1.918     9.261630083
   660     0    -2     4     0.000    -2.363     2.558    12.123522839
   661     0    -2     5     0.000    -2.363     3.197    15.803099240
   662     0    -2     6     0.000    -2.363     3.836    20.300359285
   663     0    -2     7     0.000    -2.363     4.476    25.615302975
   664     0    -2     8     0.000    -2.363     5.115    31.747930310
   665     0    -2     9     0.000    -2.363     5.755    38.698241289
   666     0    -1    -9     0.000    -1.181    -5.755    34.511701027
   667     0    -1    -8     0.000    -1.181    -5.115    27.561390048
   668     0    -1    -7     0.000    -1.181    -4.476    21.428762713
   669     0    -1    -6     0.000    -1.181    -3.836    16.113819024
   670     0    -1    -5     0.000    -1.181    -3.197    11.616558978
   671     0    -1    -4     0.000    -1.181    -2.558     7.936982577
   672     0    -1    -3     0.000    -1.181    -1.918     5.075089821
   673     0    -1    -2     0.000    -1.181    -1.279     3.030880710
   674     0    -1    -1     0.000    -1.181    -0.639     1.804355243
   675     0    -1     0     0.000    -1.181     0.000     1.395513421
   676     0    -1     1     0.000    -1.181     0.639     1.804355243
   677     0    -1     2     0.000    -1.181     1.279     3.030880710
   678     0    -1     3     0.000    -1.181     1.918     5.075089821
   679     0    -1     4     0.000    -1.181     2.558     7.936982577
   680     0    -1     5     0.000    -1.181     3.197    11.616558978
   681     0    -1     6     0.000    -1.181     3.836    16.113819024
   682     0    -1     7     0.000    -1.181     4.476    21.428762713
   683     0    -1     8     0.000    -1.181     5.115    27.561390048
   684     0    -1     9     0.000    -1.181     5.755    34.511701027
   685     0     0    -9     0.000     0.000    -5.755    33.116187607
   686     0     0    -8     0.000     0.000    -5.115    26.165876627
   687     0     0    -7     0.000     0.000    -4.476    20.033249293
   688     0     0    -6     0.000     0.000    -3.836    14.718305603
   689     0     0    -5     0.000     0.000    -3.197    10.221045558
   690     0     0    -4     0.000     0.000    -2.558     6.541469157
   691     0     0    -3     0.000     0.000    -1.918     3.679576401
   692     0     0    -2     0.000     0.000    -1.279     1.635367289
   693     0     0    -1     0.000     0.000    -0.639     0.408841822
   694     0     0     0     0.000     0.000     0.000     0.000000000
   695     0     0     1     0.000     0.000     0.639     0.408841822
   696     0     0     2     0.000     0.000     1.279     1.635367289
   697     0     0     3     0.000     0.000     1.918     3.679576401
   698     0     0     4     0.000     0.000     2.558     6.541469157
   699     0     0     5     0.000     0.000     3.197    10.221045558
   700     0     0     6     0.000     0.000     3.836    14.718305603
   701     0     0     7     0.000     0.000     4.476    20.033249293
   702     0     0     8     0.000     0.000     5.115    26.165876627
   703     0     0     9     0.000     0.000     5.755    33.116187607
   704     0     1    -9     0.000     1.181    -5.755    34.511701027
   705     0     1    -8     0.000     1.181    -5.115    27.561390048
   706     0     1    -7     0.000     1.181    -4.476    21.428762713
   707     0     1    -6     0.000     1.181    -3.836    16.113819024
   708     0     1    -5     0.000     1.181    -3.197    11.616558978
   709     0     1    -4     0.000     1.181    -2.558     7.936982577
   710     0     1    -3     0.000     1.181    -1.918     5.075089821
   711     0     1    -2     0.000     1.181    -1.279     3.030880710
   712     0     1    -1     0.000     1.181    -0.639     1.804355243
   713     0     1     0     0.000     1.181     0.000     1.395513421
   714     0     1     1     0.000     1.181     0.639     1.804355243
   715     0     1     2     0.000     1.181     1.279     3.030880710
   716     0     1     3     0.000     1.181     1.918     5.075089821
   717     0     1     4     0.000     1.181     2.558     7.936982577
   718     0     1     5     0.000     1.181     3.197    11.616558978
   719     0     1     6     0.000     1.181     3.836    16.113819024
   720     0     1     7     0.000     1.181     4.476    21.428762713
   721     0     1     8     0.000     1.181     5.115    27.561390048
   722     0     1     9     0.000     1.181     5.755    34.511701027
   723     0     2    -9     0.000     2.363    -5.755    38.698241289
   724     0     2    -8     0.000     2.363    -5.115    31.747930310
   725     0     2    -7     0.000     2.363    -4.476    25.615302975
   726     0     2    -6     0.000     2.363    -3.836    20.300359285
   727     0     2    -5     0.000     2.363    -3.197    15.803099240
   728     0     2    -4     0.000     2.363    -2.558    12.123522839
   729     0     2    -3     0.000     2.363    -1.918     9.261630083
   730     0     2    -2     0.000     2.363    -1.279     7.217420972
   731     0     2    -1     0.000     2.363    -0.639     5.990895505
   732     0     2     0     0.000     2.363     0.000     5.582053682
   733     0     2     1     0.000     2.363     0.639     5.990895505
   734     0     2     2     0.000     2.363     1.279     7.217420972
   735     0     2     3     0.000     2.363     1.918     9.261630083
   736     0     2     4     0.000     2.363     2.558    12.123522839
   737     0     2     5     0.000     2.363     3.197    15.803099240
   738     0     2     6     0.000     2.363     3.836    20.300359285
   739     0     2     7     0.000     2.363     4.476    25.615302975
   740     0     2     8     0.000     2.363     5.115    31.747930310
   741     0     2     9     0.000     2.363     5.755    38.698241289
   742     0     3    -8     0.000     3.544    -5.115    38.725497413
   743     0     3    -7     0.000     3.544    -4.476    32.592870078
   744     0     3    -6     0.000     3.544    -3.836    27.277926388
   745     0     3    -5     0.000     3.544    -3.197    22.780666343
   746     0     3    -4     0.000     3.544    -2.558    19.101089942
   747     0     3    -3     0.000     3.544    -1.918    16.239197186
   748     0     3    -2     0.000     3.544    -1.279    14.194988074
   749     0     3    -1     0.000     3.544    -0.639    12.968462608
   750     0     3     0     0.000     3.544     0.000    12.559620785
   751     0     3     1     0.000     3.544     0.639    12.968462608
   752     0     3     2     0.000     3.544     1.279    14.194988074
   753     0     3     3     0.000     3.544     1.918    16.239197186
   754     0     3     4     0.000     3.544     2.558    19.101089942
   755     0     3     5     0.000     3.544     3.197    22.780666343
   756     0     3     6     0.000     3.544     3.836    27.277926388
   757     0     3     7     0.000     3.544     4.476    32.592870078
   758     0     3     8     0.000     3.544     5.115    38.725497413
   759     0     4    -6     0.000     4.725    -3.836    37.046520332
   760     0     4    -5     0.000     4.725    -3.197    32.549260287
   761     0     4    -4     0.000     4.725    -2.558    28.869683886
   762     0     4    -3     0.000     4.725    -1.918    26.007791130
   763     0     4    -2     0.000     4.725    -1.279    23.963582019
   764     0     4    -1     0.000     4.725    -0.639    22.737056552
   765     0     4     0     0.000     4.725     0.000    22.328214729
   766     0     4     1     0.000     4.725     0.639    22.737056552
   767     0     4     2     0.000     4.725     1.279    23.963582019
   768     0     4     3     0.000     4.725     1.918    26.007791130
   769     0     4     4     0.000     4.725     2.558    28.869683886
   770     0     4     5     0.000     4.725     3.197    32.549260287
   771     0     4     6     0.000     4.725     3.836    37.046520332
   772     0     5    -3     0.000     5.907    -1.918    38.567411915
   773     0     5    -2     0.000     5.907    -1.279    36.523202804
   774     0     5    -1     0.000     5.907    -0.639    35.296677337
   775     0     5     0     0.000     5.907     0.000    34.887835515
   776     0     5     1     0.000     5.907     0.639    35.296677337
   777     0     5     2     0.000     5.907     1.279    36.523202804
   778     0     5     3     0.000     5.907     1.918    38.567411915
   779     1    -5    -5     1.023    -5.316    -3.197    39.526827391
   780     1    -5    -4     1.023    -5.316    -2.558    35.847250990
   781     1    -5    -3     1.023    -5.316    -1.918    32.985358234
   782     1    -5    -2     1.023    -5.316    -1.279    30.941149122
   783     1    -5    -1     1.023    -5.316    -0.639    29.714623655
   784     1    -5     0     1.023    -5.316     0.000    29.305781833
   785     1    -5     1     1.023    -5.316     0.639    29.714623655
   786     1    -5     2     1.023    -5.316     1.279    30.941149122
   787     1    -5     3     1.023    -5.316     1.918    32.985358234
   788     1    -5     4     1.023    -5.316     2.558    35.847250990
   789     1    -5     5     1.023    -5.316     3.197    39.526827391
   790     1    -4    -7     1.023    -4.135    -4.476    38.174923761
   791     1    -4    -6     1.023    -4.135    -3.836    32.859980071
   792     1    -4    -5     1.023    -4.135    -3.197    28.362720026
   793     1    -4    -4     1.023    -4.135    -2.558    24.683143625
   794     1    -4    -3     1.023    -4.135    -1.918    21.821250869
   795     1    -4    -2     1.023    -4.135    -1.279    19.777041757
   796     1    -4    -1     1.023    -4.135    -0.639    18.550516290
   797     1    -4     0     1.023    -4.135     0.000    18.141674468
   798     1    -4     1     1.023    -4.135     0.639    18.550516290
   799     1    -4     2     1.023    -4.135     1.279    19.777041757
   800     1    -4     3     1.023    -4.135     1.918    21.821250869
   801     1    -4     4     1.023    -4.135     2.558    24.683143625
   802     1    -4     5     1.023    -4.135     3.197    28.362720026
   803     1    -4     6     1.023    -4.135     3.836    32.859980071
   804     1    -4     7     1.023    -4.135     4.476    38.174923761
   805     1    -3    -8     1.023    -2.953    -5.115    35.934470572
   806     1    -3    -7     1.023    -2.953    -4.476    29.801843237
   807     1    -3    -6     1.023    -2.953    -3.836    24.486899547
   808     1    -3    -5     1.023    -2.953    -3.197    19.989639502
   809     1    -3    -4     1.023    -2.953    -2.558    16.310063101
   810     1    -3    -3     1.023    -2.953    -1.918    13.448170345
   811     1    -3    -2     1.023    -2.953    -1.279    11.403961234
   812     1    -3    -1     1.023    -2.953    -0.639    10.177435767
   813     1    -3     0     1.023    -2.953     0.000     9.768593944
   814     1    -3     1     1.023    -2.953     0.639    10.177435767
   815     1    -3     2     1.023    -2.953     1.279    11.403961234
   816     1    -3     3     1.023    -2.953     1.918    13.448170345
   817     1    -3     4     1.023    -2.953     2.558    16.310063101
   818     1    -3     5     1.023    -2.953     3.197    19.989639502
   819     1    -3     6     1.023    -2.953     3.836    24.486899547
   820     1    -3     7     1.023    -2.953     4.476    29.801843237
   821     1    -3     8     1.023    -2.953     5.115    35.934470572
   822     1    -2    -9     1.023    -1.772    -5.755    37.302727868
   823     1    -2    -8     1.023    -1.772    -5.115    30.352416889
   824     1    -2    -7     1.023    -1.772    -4.476    24.219789555
   825     1    -2    -6     1.023    -1.772    -3.836    18.904845865
   826     1    -2    -5     1.023    -1.772    -3.197    14.407585819
   827     1    -2    -4     1.023    -1.772    -2.558    10.728009419
   828     1    -2    -3     1.023    -1.772    -1.918     7.866116662
   829     1    -2    -2     1.023    -1.772    -1.279     5.821907551
   830     1    -2    -1     1.023    -1.772    -0.639     4.595382084
   831     1    -2     0     1.023    -1.772     0.000     4.186540262
   832     1    -2     1     1.023    -1.772     0.639     4.595382084
   833     1    -2     2     1.023    -1.772     1.279     5.821907551
   834     1    -2     3     1.023    -1.772     1.918     7.866116662
   835     1    -2     4     1.023    -1.772     2.558    10.728009419
   836     1    -2     5     1.023    -1.772     3.197    14.407585819
   837     1    -2     6     1.023    -1.772     3.836    18.904845865
   838     1    -2     7     1.023    -1.772     4.476    24.219789555
   839     1    -2     8     1.023    -1.772     5.115    30.352416889
   840     1    -2     9     1.023    -1.772     5.755    37.302727868
   841     1    -1    -9     1.023    -0.591    -5.755    34.511701027
   842     1    -1    -8     1.023    -0.591    -5.115    27.561390048
   843     1    -1    -7     1.023    -0.591    -4.476    21.428762713
   844     1    -1    -6     1.023    -0.591    -3.836    16.113819023
   845     1    -1    -5     1.023    -0.591    -3.197    11.616558978
   846     1    -1    -4     1.023    -0.591    -2.558     7.936982577
   847     1    -1    -3     1.023    -0.591    -1.918     5.075089821
   848     1    -1    -2     1.023    -0.591    -1.279     3.030880710
   849     1    -1    -1     1.023    -0.591    -0.639     1.804355243
   850     1    -1     0     1.023    -0.591     0.000     1.395513420
   851     1    -1     1     1.023    -0.591     0.639     1.804355243
   852     1    -1     2     1.023    -0.591     1.279     3.030880710
   853     1    -1     3     1.023    -0.591     1.918     5.075089821
   854     1    -1     4     1.023    -0.591     2.558     7.936982577
   855     1    -1     5     1.023    -0.591     3.197    11.616558978
   856     1    -1     6     1.023    -0.591     3.836    16.113819023
   857     1    -1     7     1.023    -0.591     4.476    21.428762713
   858     1    -1     8     1.023    -0.591     5.115    27.561390048
   859     1    -1     9     1.023    -0.591     5.755    34.511701027
   860     1     0    -9     1.023     0.591    -5.755    34.511701027
   861     1     0    -8     1.023     0.591    -5.115    27.561390048
   862     1     0    -7     1.023     0.591    -4.476    21.428762713
   863     1     0    -6     1.023     0.591    -3.836    16.113819023
   864     1     0    -5     1.023     0.591    -3.197    11.616558978
   865     1     0    -4     1.023     0.591    -2.558     7.936982577
   866     1     0    -3     1.023     0.591    -1.918     5.075089821
   867     1     0    -2     1.023     0.591    -1.279     3.030880709
   868     1     0    -1     1.023     0.591    -0.639     1.804355242
   869     1     0     0     1.023     0.591     0.000     1.395513420
   870     1     0     1     1.023     0.591     0.639     1.804355242
   871     1     0     2     1.023     0.591     1.279     3.030880709
   872     1     0     3     1.023     0.591     1.918     5.075089821
   873     1     0     4     1.023     0.591     2.558     7.936982577
   874     1     0     5     1.023     0.591     3.197    11.616558978
   875     1     0     6     1.023     0.591     3.836    16.113819023
   876     1     0     7     1.023     0.591     4.476    21.428762713
   877     1     0     8     1.023     0.591     5.115    27.561390048
   878     1     0     9     1.023     0.591     5.755    34.511701027
   879     1     1    -9     1.023     1.772    -5.755    37.302727868
   880     1     1    -8     1.023     1.772    -5.115    30.352416889
   881     1     1    -7     1.023     1.772    -4.476    24.219789554
   882     1     1    -6     1.023     1.772    -3.836    18.904845864
   883     1     1    -5     1.023     1.772    -3.197    14.407585819
   884     1     1    -4     1.023     1.772    -2.558    10.728009418
   885     1     1    -3     1.023     1.772    -1.918     7.866116662
   886     1     1    -2     1.023     1.772    -1.279     5.821907550
   887     1     1    -1     1.023     1.772    -0.639     4.595382083
   888     1     1     0     1.023     1.772     0.000     4.186540261
   889     1     1     1     1.023     1.772     0.639     4.595382083
   890     1     1     2     1.023     1.772     1.279     5.821907550
   891     1     1     3     1.023     1.772     1.918     7.866116662
   892     1     1     4     1.023     1.772     2.558    10.728009418
   893     1     1     5     1.023     1.772     3.197    14.407585819
   894     1     1     6     1.023     1.772     3.836    18.904845864
   895     1     1     7     1.023     1.772     4.476    24.219789554
   896     1     1     8     1.023     1.772     5.115    30.352416889
   897     1     1     9     1.023     1.772     5.755    37.302727868
   898     1     2    -8     1.023     2.953    -5.115    35.934470571
   899     1     2    -7     1.023     2.953    -4.476    29.801843236
   900     1     2    -6     1.023     2.953    -3.836    24.486899546
   901     1     2    -5     1.023     2.953    -3.197    19.989639501
   902     1     2    -4     1.023     2.953    -2.558    16.310063100
   903     1     2    -3     1.023     2.953    -1.918    13.448170344
   904     1     2    -2     1.023     2.953    -1.279    11.403961232
   905     1     2    -1     1.023     2.953    -0.639    10.177435765
   906     1     2     0     1.023     2.953     0.000     9.768593943
   907     1     2     1     1.023     2.953     0.639    10.177435765
   908     1     2     2     1.023     2.953     1.279    11.403961232
   909     1     2     3     1.023     2.953     1.918    13.448170344
   910     1     2     4     1.023     2.953     2.558    16.310063100
   911     1     2     5     1.023     2.953     3.197    19.989639501
   912     1     2     6     1.023     2.953     3.836    24.486899546
   913     1     2     7     1.023     2.953     4.476    29.801843236
   914     1     2     8     1.023     2.953     5.115    35.934470571
   915     1     3    -7     1.023     4.135    -4.476    38.174923759
   916     1     3    -6     1.023     4.135    -3.836    32.859980069
   917     1     3    -5     1.023     4.135    -3.197    28.362720024
   918     1     3    -4     1.023     4.135    -2.558    24.683143623
   919     1     3    -3     1.023     4.135    -1.918    21.821250867
   920     1     3    -2     1.023     4.135    -1.279    19.777041756
   921     1     3    -1     1.023     4.135    -0.639    18.550516289
   922     1     3     0     1.023     4.135     0.000    18.141674466
   923     1     3     1     1.023     4.135     0.639    18.550516289
   924     1     3     2     1.023     4.135     1.279    19.777041756
   925     1     3     3     1.023     4.135     1.918    21.821250867
   926     1     3     4     1.023     4.135     2.558    24.683143623
   927     1     3     5     1.023     4.135     3.197    28.362720024
   928     1     3     6     1.023     4.135     3.836    32.859980069
   929     1     3     7     1.023     4.135     4.476    38.174923759
   930     1     4    -5     1.023     5.316    -3.197    39.526827388
   931     1     4    -4     1.023     5.316    -2.558    35.847250988
   932     1     4    -3     1.023     5.316    -1.918    32.985358232
   933     1     4    -2     1.023     5.316    -1.279    30.941149120
   934     1     4    -1     1.023     5.316    -0.639    29.714623653
   935     1     4     0     1.023     5.316     0.000    29.305781831
   936     1     4     1     1.023     5.316     0.639    29.714623653
   937     1     4     2     1.023     5.316     1.279    30.941149120
   938     1     4     3     1.023     5.316     1.918    32.985358232
   939     1     4     4     1.023     5.316     2.558    35.847250988
   940     1     4     5     1.023     5.316     3.197    39.526827388
   941     2    -6    -1     2.046    -5.907    -0.639    39.483217600
   942     2    -6     0     2.046    -5.907     0.000    39.074375777
   943     2    -6     1     2.046    -5.907     0.639    39.483217600
   944     2    -5    -5     2.046    -4.725    -3.197    36.735800549
   945     2    -5    -4     2.046    -4.725    -2.558    33.056224148
   946     2    -5    -3     2.046    -4.725    -1.918    30.194331392
   947     2    -5    -2     2.046    -4.725    -1.279    28.150122281
   948     2    -5    -1     2.046    -4.725    -0.639    26.923596814
   949     2    -5     0     2.046    -4.725     0.000    26.514754992
   950     2    -5     1     2.046    -4.725     0.639    26.923596814
   951     2    -5     2     2.046    -4.725     1.279    28.150122281
   952     2    -5     3     2.046    -4.725     1.918    30.194331392
   953     2    -5     4     2.046    -4.725     2.558    33.056224148
   954     2    -5     5     2.046    -4.725     3.197    36.735800549
   955     2    -4    -7     2.046    -3.544    -4.476    36.779410340
   956     2    -4    -6     2.046    -3.544    -3.836    31.464466650
   957     2    -4    -5     2.046    -3.544    -3.197    26.967206605
   958     2    -4    -4     2.046    -3.544    -2.558    23.287630204
   959     2    -4    -3     2.046    -3.544    -1.918    20.425737448
   960     2    -4    -2     2.046    -3.544    -1.279    18.381528336
   961     2    -4    -1     2.046    -3.544    -0.639    17.155002869
   962     2    -4     0     2.046    -3.544     0.000    16.746161047
   963     2    -4     1     2.046    -3.544     0.639    17.155002869
   964     2    -4     2     2.046    -3.544     1.279    18.381528336
   965     2    -4     3     2.046    -3.544     1.918    20.425737448
   966     2    -4     4     2.046    -3.544     2.558    23.287630204
   967     2    -4     5     2.046    -3.544     3.197    26.967206605
   968     2    -4     6     2.046    -3.544     3.836    31.464466650
   969     2    -4     7     2.046    -3.544     4.476    36.779410340
   970     2    -3    -8     2.046    -2.363    -5.115    35.934470571
   971     2    -3    -7     2.046    -2.363    -4.476    29.801843237
   972     2    -3    -6     2.046    -2.363    -3.836    24.486899547
   973     2    -3    -5     2.046    -2.363    -3.197    19.989639501
   974     2    -3    -4     2.046    -2.363    -2.558    16.310063100
   975     2    -3    -3     2.046    -2.363    -1.918    13.448170344
   976     2    -3    -2     2.046    -2.363    -1.279    11.403961233
   977     2    -3    -1     2.046    -2.363    -0.639    10.177435766
   978     2    -3     0     2.046    -2.363     0.000     9.768593944
   979     2    -3     1     2.046    -2.363     0.639    10.177435766
   980     2    -3     2     2.046    -2.363     1.279    11.403961233
   981     2    -3     3     2.046    -2.363     1.918    13.448170344
   982     2    -3     4     2.046    -2.363     2.558    16.310063100
   983     2    -3     5     2.046    -2.363     3.197    19.989639501
   984     2    -3     6     2.046    -2.363     3.836    24.486899547
   985     2    -3     7     2.046    -2.363     4.476    29.801843237
   986     2    -3     8     2.046    -2.363     5.115    35.934470571
   987     2    -2    -9     2.046    -1.181    -5.755    38.698241288
   988     2    -2    -8     2.046    -1.181    -5.115    31.747930309
   989     2    -2    -7     2.046    -1.181    -4.476    25.615302974
   990     2    -2    -6     2.046    -1.181    -3.836    20.300359284
   991     2    -2    -5     2.046    -1.181    -3.197    15.803099239
   992     2    -2    -4     2.046    -1.181    -2.558    12.123522838
   993     2    -2    -3     2.046    -1.181    -1.918     9.261630082
   994     2    -2    -2     2.046    -1.181    -1.279     7.217420971
   995     2    -2    -1     2.046    -1.181    -0.639     5.990895504
   996     2    -2     0     2.046    -1.181     0.000     5.582053681
   997     2    -2     1     2.046    -1.181     0.639     5.990895504
   998     2    -2     2     2.046    -1.181     1.279     7.217420971
   999     2    -2     3     2.046    -1.181     1.918     9.261630082
  1000     2    -2     4     2.046    -1.181     2.558    12.123522838
  1001     2    -2     5     2.046    -1.181     3.197    15.803099239
  1002     2    -2     6     2.046    -1.181     3.836    20.300359284
  1003     2    -2     7     2.046    -1.181     4.476    25.615302974
  1004     2    -2     8     2.046    -1.181     5.115    31.747930309
  1005     2    -2     9     2.046    -1.181     5.755    38.698241288
  1006     2    -1    -9     2.046    -0.000    -5.755    37.302727867
  1007     2    -1    -8     2.046    -0.000    -5.115    30.352416888
  1008     2    -1    -7     2.046    -0.000    -4.476    24.219789553
  1009     2    -1    -6     2.046    -0.000    -3.836    18.904845863
  1010     2    -1    -5     2.046    -0.000    -3.197    14.407585818
  1011     2    -1    -4     2.046    -0.000    -2.558    10.728009417
  1012     2    -1    -3     2.046    -0.000    -1.918     7.866116661
  1013     2    -1    -2     2.046    -0.000    -1.279     5.821907550
  1014     2    -1    -1     2.046    -0.000    -0.639     4.595382083
  1015     2    -1     0     2.046    -0.000     0.000     4.186540260
  1016     2    -1     1     2.046    -0.000     0.639     4.595382083
  1017     2    -1     2     2.046    -0.000     1.279     5.821907550
  1018     2    -1     3     2.046    -0.000     1.918     7.866116661
  1019     2    -1     4     2.046    -0.000     2.558    10.728009417
  1020     2    -1     5     2.046    -0.000     3.197    14.407585818
  1021     2    -1     6     2.046    -0.000     3.836    18.904845863
  1022     2    -1     7     2.046    -0.000     4.476    24.219789553
  1023     2    -1     8     2.046    -0.000     5.115    30.352416888
  1024     2    -1     9     2.046    -0.000     5.755    37.302727867
  1025     2     0    -9     2.046     1.181    -5.755    38.698241287
  1026     2     0    -8     2.046     1.181    -5.115    31.747930308
  1027     2     0    -7     2.046     1.181    -4.476    25.615302973
  1028     2     0    -6     2.046     1.181    -3.836    20.300359283
  1029     2     0    -5     2.046     1.181    -3.197    15.803099238
  1030     2     0    -4     2.046     1.181    -2.558    12.123522837
  1031     2     0    -3     2.046     1.181    -1.918     9.261630081
  1032     2     0    -2     2.046     1.181    -1.279     7.217420970
  1033     2     0    -1     2.046     1.181    -0.639     5.990895503
  1034     2     0     0     2.046     1.181     0.000     5.582053681
  1035     2     0     1     2.046     1.181     0.639     5.990895503
  1036     2     0     2     2.046     1.181     1.279     7.217420970
  1037     2     0     3     2.046     1.181     1.918     9.261630081
  1038     2     0     4     2.046     1.181     2.558    12.123522837
  1039     2     0     5     2.046     1.181     3.197    15.803099238
  1040     2     0     6     2.046     1.181     3.836    20.300359283
  1041     2     0     7     2.046     1.181     4.476    25.615302973
  1042     2     0     8     2.046     1.181     5.115    31.747930308
  1043     2     0     9     2.046     1.181     5.755    38.698241287
  1044     2     1    -8     2.046     2.363    -5.115    35.934470569
  1045     2     1    -7     2.046     2.363    -4.476    29.801843235
  1046     2     1    -6     2.046     2.363    -3.836    24.486899545
  1047     2     1    -5     2.046     2.363    -3.197    19.989639499
  1048     2     1    -4     2.046     2.363    -2.558    16.310063099
  1049     2     1    -3     2.046     2.363    -1.918    13.448170343
  1050     2     1    -2     2.046     2.363    -1.279    11.403961231
  1051     2     1    -1     2.046     2.363    -0.639    10.177435764
  1052     2     1     0     2.046     2.363     0.000     9.768593942
  1053     2     1     1     2.046     2.363     0.639    10.177435764
  1054     2     1     2     2.046     2.363     1.279    11.403961231
  1055     2     1     3     2.046     2.363     1.918    13.448170343
  1056     2     1     4     2.046     2.363     2.558    16.310063099
  1057     2     1     5     2.046     2.363     3.197    19.989639499
  1058     2     1     6     2.046     2.363     3.836    24.486899545
  1059     2     1     7     2.046     2.363     4.476    29.801843235
  1060     2     1     8     2.046     2.363     5.115    35.934470569
  1061     2     2    -7     2.046     3.544    -4.476    36.779410337
  1062     2     2    -6     2.046     3.544    -3.836    31.464466647
  1063     2     2    -5     2.046     3.544    -3.197    26.967206602
  1064     2     2    -4     2.046     3.544    -2.558    23.287630201
  1065     2     2    -3     2.046     3.544    -1.918    20.425737445
  1066     2     2    -2     2.046     3.544    -1.279    18.381528333
  1067     2     2    -1     2.046     3.544    -0.639    17.155002867
  1068     2     2     0     2.046     3.544     0.000    16.746161044
  1069     2     2     1     2.046     3.544     0.639    17.155002867
  1070     2     2     2     2.046     3.544     1.279    18.381528333
  1071     2     2     3     2.046     3.544     1.918    20.425737445
  1072     2     2     4     2.046     3.544     2.558    23.287630201
  1073     2     2     5     2.046     3.544     3.197    26.967206602
  1074     2     2     6     2.046     3.544     3.836    31.464466647
  1075     2     2     7     2.046     3.544     4.476    36.779410337
  1076     2     3    -5     2.046     4.725    -3.197    36.735800546
  1077     2     3    -4     2.046     4.725    -2.558    33.056224145
  1078     2     3    -3     2.046     4.725    -1.918    30.194331389
  1079     2     3    -2     2.046     4.725    -1.279    28.150122277
  1080     2     3    -1     2.046     4.725    -0.639    26.923596810
  1081     2     3     0     2.046     4.725     0.000    26.514754988
  1082     2     3     1     2.046     4.725     0.639    26.923596810
  1083     2     3     2     2.046     4.725     1.279    28.150122277
  1084     2     3     3     2.046     4.725     1.918    30.194331389
  1085     2     3     4     2.046     4.725     2.558    33.056224145
  1086     2     3     5     2.046     4.725     3.197    36.735800546
  1087     2     4    -1     2.046     5.907    -0.639    39.483217595
  1088     2     4     0     2.046     5.907     0.000    39.074375773
  1089     2     4     1     2.046     5.907     0.639    39.483217595
  1090     3    -6    -2     3.069    -5.316    -1.279    39.314229645
  1091     3    -6    -1     3.069    -5.316    -0.639    38.087704178
  1092     3    -6     0     3.069    -5.316     0.000    37.678862356
  1093     3    -6     1     3.069    -5.316     0.639    38.087704178
  1094     3    -6     2     3.069    -5.316     1.279    39.314229645
  1095     3    -5    -5     3.069    -4.135    -3.197    36.735800548
  1096     3    -5    -4     3.069    -4.135    -2.558    33.056224147
  1097     3    -5    -3     3.069    -4.135    -1.918    30.194331391
  1098     3    -5    -2     3.069    -4.135    -1.279    28.150122280
  1099     3    -5    -1     3.069    -4.135    -0.639    26.923596813
  1100     3    -5     0     3.069    -4.135     0.000    26.514754990
  1101     3    -5     1     3.069    -4.135     0.639    26.923596813
  1102     3    -5     2     3.069    -4.135     1.279    28.150122280
  1103     3    -5     3     3.069    -4.135     1.918    30.194331391
  1104     3    -5     4     3.069    -4.135     2.558    33.056224147
  1105     3    -5     5     3.069    -4.135     3.197    36.735800548
  1106     3    -4    -7     3.069    -2.953    -4.476    38.174923759
  1107     3    -4    -6     3.069    -2.953    -3.836    32.859980069
  1108     3    -4    -5     3.069    -2.953    -3.197    28.362720024
  1109     3    -4    -4     3.069    -2.953    -2.558    24.683143623
  1110     3    -4    -3     3.069    -2.953    -1.918    21.821250867
  1111     3    -4    -2     3.069    -2.953    -1.279    19.777041755
  1112     3    -4    -1     3.069    -2.953    -0.639    18.550516289
  1113     3    -4     0     3.069    -2.953     0.000    18.141674466
  1114     3    -4     1     3.069    -2.953     0.639    18.550516289
  1115     3    -4     2     3.069    -2.953     1.279    19.777041755
  1116     3    -4     3     3.069    -2.953     1.918    21.821250867
  1117     3    -4     4     3.069    -2.953     2.558    24.683143623
  1118     3    -4     5     3.069    -2.953     3.197    28.362720024
  1119     3    -4     6     3.069    -2.953     3.836    32.859980069
  1120     3    -4     7     3.069    -2.953     4.476    38.174923759
  1121     3    -3    -8     3.069    -1.772    -5.115    38.725497411
  1122     3    -3    -7     3.069    -1.772    -4.476    32.592870076
  1123     3    -3    -6     3.069    -1.772    -3.836    27.277926386
  1124     3    -3    -5     3.069    -1.772    -3.197    22.780666341
  1125     3    -3    -4     3.069    -1.772    -2.558    19.101089940
  1126     3    -3    -3     3.069    -1.772    -1.918    16.239197184
  1127     3    -3    -2     3.069    -1.772    -1.279    14.194988072
  1128     3    -3    -1     3.069    -1.772    -0.639    12.968462606
  1129     3    -3     0     3.069    -1.772     0.000    12.559620783
  1130     3    -3     1     3.069    -1.772     0.639    12.968462606
  1131     3    -3     2     3.069    -1.772     1.279    14.194988072
  1132     3    -3     3     3.069    -1.772     1.918    16.239197184
  1133     3    -3     4     3.069    -1.772     2.558    19.101089940
  1134     3    -3     5     3.069    -1.772     3.197    22.780666341
  1135     3    -3     6     3.069    -1.772     3.836    27.277926386
  1136     3    -3     7     3.069    -1.772     4.476    32.592870076
  1137     3    -3     8     3.069    -1.772     5.115    38.725497411
  1138     3    -2    -8     3.069    -0.591    -5.115    35.934470569
  1139     3    -2    -7     3.069    -0.591    -4.476    29.801843234
  1140     3    -2    -6     3.069    -0.591    -3.836    24.486899544
  1141     3    -2    -5     3.069    -0.591    -3.197    19.989639499
  1142     3    -2    -4     3.069    -0.591    -2.558    16.310063098
  1143     3    -2    -3     3.069    -0.591    -1.918    13.448170342
  1144     3    -2    -2     3.069    -0.591    -1.279    11.403961231
  1145     3    -2    -1     3.069    -0.591    -0.639    10.177435764
  1146     3    -2     0     3.069    -0.591     0.000     9.768593941
  1147     3    -2     1     3.069    -0.591     0.639    10.177435764
  1148     3    -2     2     3.069    -0.591     1.279    11.403961231
  1149     3    -2     3     3.069    -0.591     1.918    13.448170342
  1150     3    -2     4     3.069    -0.591     2.558    16.310063098
  1151     3    -2     5     3.069    -0.591     3.197    19.989639499
  1152     3    -2     6     3.069    -0.591     3.836    24.486899544
  1153     3    -2     7     3.069    -0.591     4.476    29.801843234
  1154     3    -2     8     3.069    -0.591     5.115    35.934470569
  1155     3    -1    -8     3.069     0.591    -5.115    35.934470568
  1156     3    -1    -7     3.069     0.591    -4.476    29.801843234
  1157     3    -1    -6     3.069     0.591    -3.836    24.486899544
  1158     3    -1    -5     3.069     0.591    -3.197    19.989639498
  1159     3    -1    -4     3.069     0.591    -2.558    16.310063098
  1160     3    -1    -3     3.069     0.591    -1.918    13.448170341
  1161     3    -1    -2     3.069     0.591    -1.279    11.403961230
  1162     3    -1    -1     3.069     0.591    -0.639    10.177435763
  1163     3    -1     0     3.069     0.591     0.000     9.768593941
  1164     3    -1     1     3.069     0.591     0.639    10.177435763
  1165     3    -1     2     3.069     0.591     1.279    11.403961230
  1166     3    -1     3     3.069     0.591     1.918    13.448170341
  1167     3    -1     4     3.069     0.591     2.558    16.310063098
  1168     3    -1     5     3.069     0.591     3.197    19.989639498
  1169     3    -1     6     3.069     0.591     3.836    24.486899544
  1170     3    -1     7     3.069     0.591     4.476    29.801843234
  1171     3    -1     8     3.069     0.591     5.115    35.934470568
  1172     3     0    -8     3.069     1.772    -5.115    38.725497409
  1173     3     0    -7     3.069     1.772    -4.476    32.592870074
  1174     3     0    -6     3.069     1.772    -3.836    27.277926384
  1175     3     0    -5     3.069     1.772    -3.197    22.780666339
  1176     3     0    -4     3.069     1.772    -2.558    19.101089938
  1177     3     0    -3     3.069     1.772    -1.918    16.239197182
  1178     3     0    -2     3.069     1.772    -1.279    14.194988070
  1179     3     0    -1     3.069     1.772    -0.639    12.968462603
  1180     3     0     0     3.069     1.772     0.000    12.559620781
  1181     3     0     1     3.069     1.772     0.639    12.968462603
  1182     3     0     2     3.069     1.772     1.279    14.194988070
  1183     3     0     3     3.069     1.772     1.918    16.239197182
  1184     3     0     4     3.069     1.772     2.558    19.101089938
  1185     3     0     5     3.069     1.772     3.197    22.780666339
  1186     3     0     6     3.069     1.772     3.836    27.277926384
  1187     3     0     7     3.069     1.772     4.476    32.592870074
  1188     3     0     8     3.069     1.772     5.115    38.725497409
  1189     3     1    -7     3.069     2.953    -4.476    38.174923756
  1190     3     1    -6     3.069     2.953    -3.836    32.859980066
  1191     3     1    -5     3.069     2.953    -3.197    28.362720020
  1192     3     1    -4     3.069     2.953    -2.558    24.683143620
  1193     3     1    -3     3.069     2.953    -1.918    21.821250864
  1194     3     1    -2     3.069     2.953    -1.279    19.777041752
  1195     3     1    -1     3.069     2.953    -0.639    18.550516285
  1196     3     1     0     3.069     2.953     0.000    18.141674463
  1197     3     1     1     3.069     2.953     0.639    18.550516285
  1198     3     1     2     3.069     2.953     1.279    19.777041752
  1199     3     1     3     3.069     2.953     1.918    21.821250864
  1200     3     1     4     3.069     2.953     2.558    24.683143620
  1201     3     1     5     3.069     2.953     3.197    28.362720020
  1202     3     1     6     3.069     2.953     3.836    32.859980066
  1203     3     1     7     3.069     2.953     4.476    38.174923756
  1204     3     2    -5     3.069     4.135    -3.197    36.735800543
  1205     3     2    -4     3.069     4.135    -2.558    33.056224143
  1206     3     2    -3     3.069     4.135    -1.918    30.194331386
  1207     3     2    -2     3.069     4.135    -1.279    28.150122275
  1208     3     2    -1     3.069     4.135    -0.639    26.923596808
  1209     3     2     0     3.069     4.135     0.000    26.514754986
  1210     3     2     1     3.069     4.135     0.639    26.923596808
  1211     3     2     2     3.069     4.135     1.279    28.150122275
  1212     3     2     3     3.069     4.135     1.918    30.194331386
  1213     3     2     4     3.069     4.135     2.558    33.056224143
  1214     3     2     5     3.069     4.135     3.197    36.735800543
  1215     3     3    -2     3.069     5.316    -1.279    39.314229639
  1216     3     3    -1     3.069     5.316    -0.639    38.087704172
  1217     3     3     0     3.069     5.316     0.000    37.678862350
  1218     3     3     1     3.069     5.316     0.639    38.087704172
  1219     3     3     2     3.069     5.316     1.279    39.314229639
  1220     4    -6    -1     4.092    -4.725    -0.639    39.483217597
  1221     4    -6     0     4.092    -4.725     0.000    39.074375775
  1222     4    -6     1     4.092    -4.725     0.639    39.483217597
  1223     4    -5    -5     4.092    -3.544    -3.197    39.526827387
  1224     4    -5    -4     4.092    -3.544    -2.558    35.847250986
  1225     4    -5    -3     4.092    -3.544    -1.918    32.985358230
  1226     4    -5    -2     4.092    -3.544    -1.279    30.941149119
  1227     4    -5    -1     4.092    -3.544    -0.639    29.714623652
  1228     4    -5     0     4.092    -3.544     0.000    29.305781830
  1229     4    -5     1     4.092    -3.544     0.639    29.714623652
  1230     4    -5     2     4.092    -3.544     1.279    30.941149119
  1231     4    -5     3     4.092    -3.544     1.918    32.985358230
  1232     4    -5     4     4.092    -3.544     2.558    35.847250986
  1233     4    -5     5     4.092    -3.544     3.197    39.526827387
  1234     4    -4    -6     4.092    -2.363    -3.836    37.046520329
  1235     4    -4    -5     4.092    -2.363    -3.197    32.549260283
  1236     4    -4    -4     4.092    -2.363    -2.558    28.869683883
  1237     4    -4    -3     4.092    -2.363    -1.918    26.007791126
  1238     4    -4    -2     4.092    -2.363    -1.279    23.963582015
  1239     4    -4    -1     4.092    -2.363    -0.639    22.737056548
  1240     4    -4     0     4.092    -2.363     0.000    22.328214726
  1241     4    -4     1     4.092    -2.363     0.639    22.737056548
  1242     4    -4     2     4.092    -2.363     1.279    23.963582015
  1243     4    -4     3     4.092    -2.363     1.918    26.007791126
  1244     4    -4     4     4.092    -2.363     2.558    28.869683883
  1245     4    -4     5     4.092    -2.363     3.197    32.549260283
  1246     4    -4     6     4.092    -2.363     3.836    37.046520329
  1247     4    -3    -7     4.092    -1.181    -4.476    38.174923756
  1248     4    -3    -6     4.092    -1.181    -3.836    32.859980066
  1249     4    -3    -5     4.092    -1.181    -3.197    28.362720021
  1250     4    -3    -4     4.092    -1.181    -2.558    24.683143620
  1251     4    -3    -3     4.092    -1.181    -1.918    21.821250864
  1252     4    -3    -2     4.092    -1.181    -1.279    19.777041752
  1253     4    -3    -1     4.092    -1.181    -0.639    18.550516285
  1254     4    -3     0     4.092    -1.181     0.000    18.141674463
  1255     4    -3     1     4.092    -1.181     0.639    18.550516285
  1256     4    -3     2     4.092    -1.181     1.279    19.777041752
  1257     4    -3     3     4.092    -1.181     1.918    21.821250864
  1258     4    -3     4     4.092    -1.181     2.558    24.683143620
  1259     4    -3     5     4.092    -1.181     3.197    28.362720021
  1260     4    -3     6     4.092    -1.181     3.836    32.859980066
  1261     4    -3     7     4.092    -1.181     4.476    38.174923756
  1262     4    -2    -7     4.092    -0.000    -4.476    36.779410334
  1263     4    -2    -6     4.092    -0.000    -3.836    31.464466644
  1264     4    -2    -5     4.092    -0.000    -3.197    26.967206599
  1265     4    -2    -4     4.092    -0.000    -2.558    23.287630198
  1266     4    -2    -3     4.092    -0.000    -1.918    20.425737442
  1267     4    -2    -2     4.092    -0.000    -1.279    18.381528331
  1268     4    -2    -1     4.092    -0.000    -0.639    17.155002864
  1269     4    -2     0     4.092    -0.000     0.000    16.746161042
  1270     4    -2     1     4.092    -0.000     0.639    17.155002864
  1271     4    -2     2     4.092    -0.000     1.279    18.381528331
  1272     4    -2     3     4.092    -0.000     1.918    20.425737442
  1273     4    -2     4     4.092    -0.000     2.558    23.287630198
  1274     4    -2     5     4.092    -0.000     3.197    26.967206599
  1275     4    -2     6     4.092    -0.000     3.836    31.464466644
  1276     4    -2     7     4.092    -0.000     4.476    36.779410334
  1277     4    -1    -7     4.092     1.181    -4.476    38.174923754
  1278     4    -1    -6     4.092     1.181    -3.836    32.859980064
  1279     4    -1    -5     4.092     1.181    -3.197    28.362720019
  1280     4    -1    -4     4.092     1.181    -2.558    24.683143618
  1281     4    -1    -3     4.092     1.181    -1.918    21.821250862
  1282     4    -1    -2     4.092     1.181    -1.279    19.777041750
  1283     4    -1    -1     4.092     1.181    -0.639    18.550516284
  1284     4    -1     0     4.092     1.181     0.000    18.141674461
  1285     4    -1     1     4.092     1.181     0.639    18.550516284
  1286     4    -1     2     4.092     1.181     1.279    19.777041750
  1287     4    -1     3     4.092     1.181     1.918    21.821250862
  1288     4    -1     4     4.092     1.181     2.558    24.683143618
  1289     4    -1     5     4.092     1.181     3.197    28.362720019
  1290     4    -1     6     4.092     1.181     3.836    32.859980064
  1291     4    -1     7     4.092     1.181     4.476    38.174923754
  1292     4     0    -6     4.092     2.363    -3.836    37.046520325
  1293     4     0    -5     4.092     2.363    -3.197    32.549260280
  1294     4     0    -4     4.092     2.363    -2.558    28.869683879
  1295     4     0    -3     4.092     2.363    -1.918    26.007791123
  1296     4     0    -2     4.092     2.363    -1.279    23.963582011
  1297     4     0    -1     4.092     2.363    -0.639    22.737056544
  1298     4     0     0     4.092     2.363     0.000    22.328214722
  1299     4     0     1     4.092     2.363     0.639    22.737056544
  1300     4     0     2     4.092     2.363     1.279    23.963582011
  1301     4     0     3     4.092     2.363     1.918    26.007791123
  1302     4     0     4     4.092     2.363     2.558    28.869683879
  1303     4     0     5     4.092     2.363     3.197    32.549260280
  1304     4     0     6     4.092     2.363     3.836    37.046520325
  1305     4     1    -5     4.092     3.544    -3.197    39.526827382
  1306     4     1    -4     4.092     3.544    -2.558    35.847250981
  1307     4     1    -3     4.092     3.544    -1.918    32.985358225
  1308     4     1    -2     4.092     3.544    -1.279    30.941149113
  1309     4     1    -1     4.092     3.544    -0.639    29.714623646
  1310     4     1     0     4.092     3.544     0.000    29.305781824
  1311     4     1     1     4.092     3.544     0.639    29.714623646
  1312     4     1     2     4.092     3.544     1.279    30.941149113
  1313     4     1     3     4.092     3.544     1.918    32.985358225
  1314     4     1     4     4.092     3.544     2.558    35.847250981
  1315     4     1     5     4.092     3.544     3.197    39.526827382
  1316     4     2    -1     4.092     4.725    -0.639    39.483217590
  1317     4     2     0     4.092     4.725     0.000    39.074375767
  1318     4     2     1     4.092     4.725     0.639    39.483217590
  1319     5    -5    -3     5.115    -2.953    -1.918    38.567411910
  1320     5    -5    -2     5.115    -2.953    -1.279    36.523202798
  1321     5    -5    -1     5.115    -2.953    -0.639    35.296677331
  1322     5    -5     0     5.115    -2.953     0.000    34.887835509
  1323     5    -5     1     5.115    -2.953     0.639    35.296677331
  1324     5    -5     2     5.115    -2.953     1.279    36.523202798
  1325     5    -5     3     5.115    -2.953     1.918    38.567411910
  1326     5    -4    -5     5.115    -1.772    -3.197    39.526827383
  1327     5    -4    -4     5.115    -1.772    -2.558    35.847250982
  1328     5    -4    -3     5.115    -1.772    -1.918    32.985358226
  1329     5    -4    -2     5.115    -1.772    -1.279    30.941149115
  1330     5    -4    -1     5.115    -1.772    -0.639    29.714623648
  1331     5    -4     0     5.115    -1.772     0.000    29.305781825
  1332     5    -4     1     5.115    -1.772     0.639    29.714623648
  1333     5    -4     2     5.115    -1.772     1.279    30.941149115
  1334     5    -4     3     5.115    -1.772     1.918    32.985358226
  1335     5    -4     4     5.115    -1.772     2.558    35.847250982
  1336     5    -4     5     5.115    -1.772     3.197    39.526827383
  1337     5    -3    -5     5.115    -0.591    -3.197    36.735800541
  1338     5    -3    -4     5.115    -0.591    -2.558    33.056224140
  1339     5    -3    -3     5.115    -0.591    -1.918    30.194331384
  1340     5    -3    -2     5.115    -0.591    -1.279    28.150122272
  1341     5    -3    -1     5.115    -0.591    -0.639    26.923596805
  1342     5    -3     0     5.115    -0.591     0.000    26.514754983
  1343     5    -3     1     5.115    -0.591     0.639    26.923596805
  1344     5    -3     2     5.115    -0.591     1.279    28.150122272
  1345     5    -3     3     5.115    -0.591     1.918    30.194331384
  1346     5    -3     4     5.115    -0.591     2.558    33.056224140
  1347     5    -3     5     5.115    -0.591     3.197    36.735800541
  1348     5    -2    -5     5.115     0.591    -3.197    36.735800540
  1349     5    -2    -4     5.115     0.591    -2.558    33.056224139
  1350     5    -2    -3     5.115     0.591    -1.918    30.194331383
  1351     5    -2    -2     5.115     0.591    -1.279    28.150122271
  1352     5    -2    -1     5.115     0.591    -0.639    26.923596804
  1353     5    -2     0     5.115     0.591     0.000    26.514754982
  1354     5    -2     1     5.115     0.591     0.639    26.923596804
  1355     5    -2     2     5.115     0.591     1.279    28.150122271
  1356     5    -2     3     5.115     0.591     1.918    30.194331383
  1357     5    -2     4     5.115     0.591     2.558    33.056224139
  1358     5    -2     5     5.115     0.591     3.197    36.735800540
  1359     5    -1    -5     5.115     1.772    -3.197    39.526827380
  1360     5    -1    -4     5.115     1.772    -2.558    35.847250979
  1361     5    -1    -3     5.115     1.772    -1.918    32.985358223
  1362     5    -1    -2     5.115     1.772    -1.279    30.941149111
  1363     5    -1    -1     5.115     1.772    -0.639    29.714623644
  1364     5    -1     0     5.115     1.772     0.000    29.305781822
  1365     5    -1     1     5.115     1.772     0.639    29.714623644
  1366     5    -1     2     5.115     1.772     1.279    30.941149111
  1367     5    -1     3     5.115     1.772     1.918    32.985358223
  1368     5    -1     4     5.115     1.772     2.558    35.847250979
  1369     5    -1     5     5.115     1.772     3.197    39.526827380
  1370     5     0    -3     5.115     2.953    -1.918    38.567411904
  1371     5     0    -2     5.115     2.953    -1.279    36.523202792
  1372     5     0    -1     5.115     2.953    -0.639    35.296677326
  1373     5     0     0     5.115     2.953     0.000    34.887835503
  1374     5     0     1     5.115     2.953     0.639    35.296677326
  1375     5     0     2     5.115     2.953     1.279    36.523202792
  1376     5     0     3     5.115     2.953     1.918    38.567411904
  1377     6    -4    -1     6.138    -1.181    -0.639    39.483217588
  1378     6    -4     0     6.138    -1.181     0.000    39.074375765
  1379     6    -4     1     6.138    -1.181     0.639    39.483217588
  1380     6    -3    -2     6.138    -0.000    -1.279    39.314229633
  1381     6    -3    -1     6.138    -0.000    -0.639    38.087704166
  1382     6    -3     0     6.138    -0.000     0.000    37.678862344
  1383     6    -3     1     6.138    -0.000     0.639    38.087704166
  1384     6    -3     2     6.138    -0.000     1.279    39.314229633
  1385     6    -2    -1     6.138     1.181    -0.639    39.483217585
  1386     6    -2     0     6.138     1.181     0.000    39.074375763
  1387     6    -2     1     6.138     1.181     0.639    39.483217585

