K_POINTS crystal
   27
  0.100000000  0.100000000  0.166666667   2.0
  0.100000000  0.100000000  0.500000000   2.0
  0.100000000  0.100000000  0.833333333   2.0
  0.100000000  0.300000000  0.166666667   4.0
  0.100000000  0.300000000  0.500000000   4.0
  0.100000000  0.300000000  0.833333333   4.0
  0.100000000  0.500000000  0.166666667   4.0
  0.100000000  0.500000000  0.500000000   4.0
  0.100000000  0.500000000  0.833333333   4.0
  0.100000000  0.700000000  0.166666667   4.0
  0.100000000  0.700000000  0.500000000   4.0
  0.100000000  0.700000000  0.833333333   4.0
  0.100000000  0.900000000  0.166666667   2.0
  0.100000000  0.900000000  0.500000000   2.0
  0.100000000  0.900000000  0.833333333   2.0
  0.300000000  0.300000000  0.166666667   2.0
  0.300000000  0.300000000  0.500000000   2.0
  0.300000000  0.300000000  0.833333333   2.0
  0.300000000  0.500000000  0.166666667   4.0
  0.300000000  0.500000000  0.500000000   4.0
  0.300000000  0.500000000  0.833333333   4.0
  0.300000000  0.700000000  0.166666667   2.0
  0.300000000  0.700000000  0.500000000   2.0
  0.300000000  0.700000000  0.833333333   2.0
  0.500000000  0.500000000  0.166666667   1.0
  0.500000000  0.500000000  0.500000000   1.0
  0.500000000  0.500000000  0.833333333   1.0
