k-points are in crystal coordinates
nk(3) =     5    5    3
dk(3) =   0.500000000  0.500000000  0.500000000

direct lattice vectors
a1 =   3.250000000  0.000000000  0.000000000
a2 =  -1.625000000  2.814582562  0.000000000
a3 =   0.000000000  0.000000000  5.200000000

unit cell volume =  0.475664453E+02

reciprocal lattice vectors
b1 =   1.933287787  1.116184224  0.000000000
b2 =   0.000000000  2.232368449  0.000000000
b3 =   0.000000000  0.000000000  1.208304867

symmetries of the Bravais lattice
 24
Space group 191, symbol P6/mmm               
r01 =     1   0   0     0   1   0     0   0   1
r02 =     1   0   0     0   1   0     0   0  -1
r03 =    -1   0   0    -1   1   0     0   0   1
r04 =    -1   0   0    -1   1   0     0   0  -1
r05 =    -1   1   0     0   1   0     0   0   1
r06 =    -1   1   0     0   1   0     0   0  -1
r07 =     1  -1   0     1   0   0     0   0   1
r08 =     1  -1   0     1   0   0     0   0  -1
r09 =    -1   0   0     0  -1   0     0   0   1
r10 =    -1   0   0     0  -1   0     0   0  -1
r11 =     1   0   0     1  -1   0     0   0   1
r12 =     1   0   0     1  -1   0     0   0  -1
r13 =     1  -1   0     0  -1   0     0   0   1
r14 =     1  -1   0     0  -1   0     0   0  -1
r15 =    -1   1   0    -1   0   0     0   0   1
r16 =    -1   1   0    -1   0   0     0   0  -1
r17 =     0   1   0    -1   1   0     0   0   1
r18 =     0   1   0    -1   1   0     0   0  -1
r19 =     0  -1   0    -1   0   0     0   0   1
r20 =     0  -1   0    -1   0   0     0   0  -1
r21 =     0   1   0     1   0   0     0   0   1
r22 =     0   1   0     1   0   0     0   0  -1
r23 =     0  -1   0     1  -1   0     0   0   1
r24 =     0  -1   0     1  -1   0     0   0  -1

symmetries of the crystal without FFT grid
 12
Space group 186, symbol P6_3mc               
r01 =     1   0   0     0   1   0     0   0   1
r02 =    -1   0   0    -1   1   0     0   0   1
r03 =    -1   1   0     0   1   0     0   0   1
r04 =     1  -1   0     1   0   0     0   0   1
r05 =    -1   0   0     0  -1   0     0   0   1
r06 =     1   0   0     1  -1   0     0   0   1
r07 =     1  -1   0     0  -1   0     0   0   1
r08 =    -1   1   0    -1   0   0     0   0   1
r09 =     0   1   0    -1   1   0     0   0   1
r10 =     0  -1   0    -1   0   0     0   0   1
r11 =     0   1   0     1   0   0     0   0   1
r12 =     0  -1   0     1  -1   0     0   0   1

symmetries of the crystal with FFT grid
 12
Space group 186, symbol P6_3mc               
r01 =     1   0   0     0   1   0     0   0   1
r02 =    -1   0   0    -1   1   0     0   0   1
r03 =    -1   1   0     0   1   0     0   0   1
r04 =     1  -1   0     1   0   0     0   0   1
r05 =    -1   0   0     0  -1   0     0   0   1
r06 =     1   0   0     1  -1   0     0   0   1
r07 =     1  -1   0     0  -1   0     0   0   1
r08 =    -1   1   0    -1   0   0     0   0   1
r09 =     0   1   0    -1   1   0     0   0   1
r10 =     0  -1   0    -1   0   0     0   0   1
r11 =     0   1   0     1   0   0     0   0   1
r12 =     0  -1   0     1  -1   0     0   0   1

symmetries that reduce the k-points
r05 =    -1   0   0     0  -1   0     0   0   1
r10 =     0  -1   0    -1   0   0     0   0   1
r11 =     0   1   0     1   0   0     0   0   1

k-points in the original uniform grid
   75
    1  0.100000000  0.100000000  0.166666667   2.0    0  ---
    2  0.100000000  0.100000000  0.500000000   2.0    0  ---
    3  0.100000000  0.100000000  0.833333333   2.0    0  ---
    4  0.100000000  0.300000000  0.166666667   4.0    0  ---
    5  0.100000000  0.300000000  0.500000000   4.0    0  ---
    6  0.100000000  0.300000000  0.833333333   4.0    0  ---
    7  0.100000000  0.500000000  0.166666667   4.0    0  ---
    8  0.100000000  0.500000000  0.500000000   4.0    0  ---
    9  0.100000000  0.500000000  0.833333333   4.0    0  ---
   10  0.100000000  0.700000000  0.166666667   4.0    0  ---
   11  0.100000000  0.700000000  0.500000000   4.0    0  ---
   12  0.100000000  0.700000000  0.833333333   4.0    0  ---
   13  0.100000000  0.900000000  0.166666667   2.0    0  ---
   14  0.100000000  0.900000000  0.500000000   2.0    0  ---
   15  0.100000000  0.900000000  0.833333333   2.0    0  ---
   16  0.300000000  0.100000000  0.166666667   0.0    4  r11
   17  0.300000000  0.100000000  0.500000000   0.0    5  r11
   18  0.300000000  0.100000000  0.833333333   0.0    6  r11
   19  0.300000000  0.300000000  0.166666667   2.0    0  ---
   20  0.300000000  0.300000000  0.500000000   2.0    0  ---
   21  0.300000000  0.300000000  0.833333333   2.0    0  ---
   22  0.300000000  0.500000000  0.166666667   4.0    0  ---
   23  0.300000000  0.500000000  0.500000000   4.0    0  ---
   24  0.300000000  0.500000000  0.833333333   4.0    0  ---
   25  0.300000000  0.700000000  0.166666667   2.0    0  ---
   26  0.300000000  0.700000000  0.500000000   2.0    0  ---
   27  0.300000000  0.700000000  0.833333333   2.0    0  ---
   28  0.300000000  0.900000000  0.166666667   0.0   10  r10
   29  0.300000000  0.900000000  0.500000000   0.0   11  r10
   30  0.300000000  0.900000000  0.833333333   0.0   12  r10
   31  0.500000000  0.100000000  0.166666667   0.0    7  r11
   32  0.500000000  0.100000000  0.500000000   0.0    8  r11
   33  0.500000000  0.100000000  0.833333333   0.0    9  r11
   34  0.500000000  0.300000000  0.166666667   0.0   22  r11
   35  0.500000000  0.300000000  0.500000000   0.0   23  r11
   36  0.500000000  0.300000000  0.833333333   0.0   24  r11
   37  0.500000000  0.500000000  0.166666667   1.0    0  ---
   38  0.500000000  0.500000000  0.500000000   1.0    0  ---
   39  0.500000000  0.500000000  0.833333333   1.0    0  ---
   40  0.500000000  0.700000000  0.166666667   0.0   22  r05
   41  0.500000000  0.700000000  0.500000000   0.0   23  r05
   42  0.500000000  0.700000000  0.833333333   0.0   24  r05
   43  0.500000000  0.900000000  0.166666667   0.0    7  r05
   44  0.500000000  0.900000000  0.500000000   0.0    8  r05
   45  0.500000000  0.900000000  0.833333333   0.0    9  r05
   46  0.700000000  0.100000000  0.166666667   0.0   10  r05
   47  0.700000000  0.100000000  0.500000000   0.0   11  r05
   48  0.700000000  0.100000000  0.833333333   0.0   12  r05
   49  0.700000000  0.300000000  0.166666667   0.0   25  r05
   50  0.700000000  0.300000000  0.500000000   0.0   26  r05
   51  0.700000000  0.300000000  0.833333333   0.0   27  r05
   52  0.700000000  0.500000000  0.166666667   0.0   22  r05
   53  0.700000000  0.500000000  0.500000000   0.0   23  r05
   54  0.700000000  0.500000000  0.833333333   0.0   24  r05
   55  0.700000000  0.700000000  0.166666667   0.0   19  r05
   56  0.700000000  0.700000000  0.500000000   0.0   20  r05
   57  0.700000000  0.700000000  0.833333333   0.0   21  r05
   58  0.700000000  0.900000000  0.166666667   0.0    4  r05
   59  0.700000000  0.900000000  0.500000000   0.0    5  r05
   60  0.700000000  0.900000000  0.833333333   0.0    6  r05
   61  0.900000000  0.100000000  0.166666667   0.0   13  r05
   62  0.900000000  0.100000000  0.500000000   0.0   14  r05
   63  0.900000000  0.100000000  0.833333333   0.0   15  r05
   64  0.900000000  0.300000000  0.166666667   0.0   10  r05
   65  0.900000000  0.300000000  0.500000000   0.0   11  r05
   66  0.900000000  0.300000000  0.833333333   0.0   12  r05
   67  0.900000000  0.500000000  0.166666667   0.0    7  r05
   68  0.900000000  0.500000000  0.500000000   0.0    8  r05
   69  0.900000000  0.500000000  0.833333333   0.0    9  r05
   70  0.900000000  0.700000000  0.166666667   0.0    4  r05
   71  0.900000000  0.700000000  0.500000000   0.0    5  r05
   72  0.900000000  0.700000000  0.833333333   0.0    6  r05
   73  0.900000000  0.900000000  0.166666667   0.0    1  r05
   74  0.900000000  0.900000000  0.500000000   0.0    2  r05
   75  0.900000000  0.900000000  0.833333333   0.0    3  r05

k-points in the irreducible wedge
   27
    1  0.100000000  0.100000000  0.166666667   2.0    1
    2  0.100000000  0.100000000  0.500000000   2.0    2
    3  0.100000000  0.100000000  0.833333333   2.0    3
    4  0.100000000  0.300000000  0.166666667   4.0    4
    5  0.100000000  0.300000000  0.500000000   4.0    5
    6  0.100000000  0.300000000  0.833333333   4.0    6
    7  0.100000000  0.500000000  0.166666667   4.0    7
    8  0.100000000  0.500000000  0.500000000   4.0    8
    9  0.100000000  0.500000000  0.833333333   4.0    9
   10  0.100000000  0.700000000  0.166666667   4.0   10
   11  0.100000000  0.700000000  0.500000000   4.0   11
   12  0.100000000  0.700000000  0.833333333   4.0   12
   13  0.100000000  0.900000000  0.166666667   2.0   13
   14  0.100000000  0.900000000  0.500000000   2.0   14
   15  0.100000000  0.900000000  0.833333333   2.0   15
   16  0.300000000  0.300000000  0.166666667   2.0   19
   17  0.300000000  0.300000000  0.500000000   2.0   20
   18  0.300000000  0.300000000  0.833333333   2.0   21
   19  0.300000000  0.500000000  0.166666667   4.0   22
   20  0.300000000  0.500000000  0.500000000   4.0   23
   21  0.300000000  0.500000000  0.833333333   4.0   24
   22  0.300000000  0.700000000  0.166666667   2.0   25
   23  0.300000000  0.700000000  0.500000000   2.0   26
   24  0.300000000  0.700000000  0.833333333   2.0   27
   25  0.500000000  0.500000000  0.166666667   1.0   37
   26  0.500000000  0.500000000  0.500000000   1.0   38
   27  0.500000000  0.500000000  0.833333333   1.0   39

