K_POINTS crystal
435
0.000000 0.000000 0.000000 0.004598
0.010000 0.000000 0.000000 0.004598
0.020000 0.000000 0.000000 0.004598
0.030000 0.000000 0.000000 0.004598
0.040000 0.000000 0.000000 0.004598
0.050000 0.000000 0.000000 0.004598
0.060000 0.000000 0.000000 0.004598
0.070000 0.000000 0.000000 0.004598
0.080000 0.000000 0.000000 0.004598
0.090000 0.000000 0.000000 0.004598
0.100000 0.000000 0.000000 0.004598
0.110000 0.000000 0.000000 0.004598
0.120000 0.000000 0.000000 0.004598
0.130000 0.000000 0.000000 0.004598
0.140000 0.000000 0.000000 0.004598
0.150000 0.000000 0.000000 0.004598
0.160000 0.000000 0.000000 0.004598
0.170000 0.000000 0.000000 0.004598
0.180000 0.000000 0.000000 0.004598
0.190000 0.000000 0.000000 0.004598
0.200000 0.000000 0.000000 0.004598
0.210000 0.000000 0.000000 0.004598
0.220000 0.000000 0.000000 0.004598
0.230000 0.000000 0.000000 0.004598
0.240000 0.000000 0.000000 0.004598
0.250000 0.000000 0.000000 0.004598
0.260000 0.000000 0.000000 0.004598
0.270000 0.000000 0.000000 0.004598
0.280000 0.000000 0.000000 0.004598
0.290000 0.000000 0.000000 0.004598
0.300000 0.000000 0.000000 0.004598
0.310000 0.000000 0.000000 0.004598
0.320000 0.000000 0.000000 0.004598
0.330000 0.000000 0.000000 0.004598
0.340000 0.000000 0.000000 0.004598
0.350000 0.000000 0.000000 0.004598
0.360000 0.000000 0.000000 0.004598
0.370000 0.000000 0.000000 0.004598
0.380000 0.000000 0.000000 0.004598
0.390000 0.000000 0.000000 0.004598
0.400000 0.000000 0.000000 0.004598
0.410000 0.000000 0.000000 0.004598
0.420000 0.000000 0.000000 0.004598
0.430000 0.000000 0.000000 0.004598
0.440000 0.000000 0.000000 0.004598
0.450000 0.000000 0.000000 0.004598
0.460000 0.000000 0.000000 0.004598
0.470000 0.000000 0.000000 0.004598
0.480000 0.000000 0.000000 0.004598
0.490000 0.000000 0.000000 0.004598
0.500000 0.000000 0.000000 0.004598
0.494253 0.011494 0.000000 0.004598
0.488506 0.022989 0.000000 0.004598
0.482759 0.034483 0.000000 0.004598
0.477011 0.045977 0.000000 0.004598
0.471264 0.057471 0.000000 0.004598
0.465517 0.068966 0.000000 0.004598
0.459770 0.080460 0.000000 0.004598
0.454023 0.091954 0.000000 0.004598
0.448276 0.103448 0.000000 0.004598
0.442529 0.114943 0.000000 0.004598
0.436782 0.126437 0.000000 0.004598
0.431034 0.137931 0.000000 0.004598
0.425287 0.149425 0.000000 0.004598
0.419540 0.160920 0.000000 0.004598
0.413793 0.172414 0.000000 0.004598
0.408046 0.183908 0.000000 0.004598
0.402299 0.195402 0.000000 0.004598
0.396552 0.206897 0.000000 0.004598
0.390805 0.218391 0.000000 0.004598
0.385057 0.229885 0.000000 0.004598
0.379310 0.241379 0.000000 0.004598
0.373563 0.252874 0.000000 0.004598
0.367816 0.264368 0.000000 0.004598
0.362069 0.275862 0.000000 0.004598
0.356322 0.287356 0.000000 0.004598
0.350575 0.298851 0.000000 0.004598
0.344828 0.310345 0.000000 0.004598
0.339080 0.321839 0.000000 0.004598
0.333333 0.333333 0.000000 0.004598
0.327586 0.327586 0.000000 0.004598
0.321839 0.321839 0.000000 0.004598
0.316092 0.316092 0.000000 0.004598
0.310345 0.310345 0.000000 0.004598
0.304598 0.304598 0.000000 0.004598
0.298851 0.298851 0.000000 0.004598
0.293103 0.293103 0.000000 0.004598
0.287356 0.287356 0.000000 0.004598
0.281609 0.281609 0.000000 0.004598
0.275862 0.275862 0.000000 0.004598
0.270115 0.270115 0.000000 0.004598
0.264368 0.264368 0.000000 0.004598
0.258621 0.258621 0.000000 0.004598
0.252874 0.252874 0.000000 0.004598
0.247126 0.247126 0.000000 0.004598
0.241379 0.241379 0.000000 0.004598
0.235632 0.235632 0.000000 0.004598
0.229885 0.229885 0.000000 0.004598
0.224138 0.224138 0.000000 0.004598
0.218391 0.218391 0.000000 0.004598
0.212644 0.212644 0.000000 0.004598
0.206897 0.206897 0.000000 0.004598
0.201149 0.201149 0.000000 0.004598
0.195402 0.195402 0.000000 0.004598
0.189655 0.189655 0.000000 0.004598
0.183908 0.183908 0.000000 0.004598
0.178161 0.178161 0.000000 0.004598
0.172414 0.172414 0.000000 0.004598
0.166667 0.166667 0.000000 0.004598
0.160920 0.160920 0.000000 0.004598
0.155172 0.155172 0.000000 0.004598
0.149425 0.149425 0.000000 0.004598
0.143678 0.143678 0.000000 0.004598
0.137931 0.137931 0.000000 0.004598
0.132184 0.132184 0.000000 0.004598
0.126437 0.126437 0.000000 0.004598
0.120690 0.120690 0.000000 0.004598
0.114943 0.114943 0.000000 0.004598
0.109195 0.109195 0.000000 0.004598
0.103448 0.103448 0.000000 0.004598
0.097701 0.097701 0.000000 0.004598
0.091954 0.091954 0.000000 0.004598
0.086207 0.086207 0.000000 0.004598
0.080460 0.080460 0.000000 0.004598
0.074713 0.074713 0.000000 0.004598
0.068966 0.068966 0.000000 0.004598
0.063218 0.063218 0.000000 0.004598
0.057471 0.057471 0.000000 0.004598
0.051724 0.051724 0.000000 0.004598
0.045977 0.045977 0.000000 0.004598
0.040230 0.040230 0.000000 0.004598
0.034483 0.034483 0.000000 0.004598
0.028736 0.028736 0.000000 0.004598
0.022989 0.022989 0.000000 0.004598
0.017241 0.017241 0.000000 0.004598
0.011494 0.011494 0.000000 0.004598
0.005747 0.005747 0.000000 0.004598
0.000000 0.000000 0.000000 0.004598
0.000000 0.000000 0.018519 0.004598
0.000000 0.000000 0.037037 0.004598
0.000000 0.000000 0.055556 0.004598
0.000000 0.000000 0.074074 0.004598
0.000000 0.000000 0.092593 0.004598
0.000000 0.000000 0.111111 0.004598
0.000000 0.000000 0.129630 0.004598
0.000000 0.000000 0.148148 0.004598
0.000000 0.000000 0.166667 0.004598
0.000000 0.000000 0.185185 0.004598
0.000000 0.000000 0.203704 0.004598
0.000000 0.000000 0.222222 0.004598
0.000000 0.000000 0.240741 0.004598
0.000000 0.000000 0.259259 0.004598
0.000000 0.000000 0.277778 0.004598
0.000000 0.000000 0.296296 0.004598
0.000000 0.000000 0.314815 0.004598
0.000000 0.000000 0.333333 0.004598
0.000000 0.000000 0.351852 0.004598
0.000000 0.000000 0.370370 0.004598
0.000000 0.000000 0.388889 0.004598
0.000000 0.000000 0.407407 0.004598
0.000000 0.000000 0.425926 0.004598
0.000000 0.000000 0.444444 0.004598
0.000000 0.000000 0.462963 0.004598
0.000000 0.000000 0.481481 0.004598
0.000000 0.000000 0.500000 0.004598
0.010000 0.000000 0.500000 0.004598
0.020000 0.000000 0.500000 0.004598
0.030000 0.000000 0.500000 0.004598
0.040000 0.000000 0.500000 0.004598
0.050000 0.000000 0.500000 0.004598
0.060000 0.000000 0.500000 0.004598
0.070000 0.000000 0.500000 0.004598
0.080000 0.000000 0.500000 0.004598
0.090000 0.000000 0.500000 0.004598
0.100000 0.000000 0.500000 0.004598
0.110000 0.000000 0.500000 0.004598
0.120000 0.000000 0.500000 0.004598
0.130000 0.000000 0.500000 0.004598
0.140000 0.000000 0.500000 0.004598
0.150000 0.000000 0.500000 0.004598
0.160000 0.000000 0.500000 0.004598
0.170000 0.000000 0.500000 0.004598
0.180000 0.000000 0.500000 0.004598
0.190000 0.000000 0.500000 0.004598
0.200000 0.000000 0.500000 0.004598
0.210000 0.000000 0.500000 0.004598
0.220000 0.000000 0.500000 0.004598
0.230000 0.000000 0.500000 0.004598
0.240000 0.000000 0.500000 0.004598
0.250000 0.000000 0.500000 0.004598
0.260000 0.000000 0.500000 0.004598
0.270000 0.000000 0.500000 0.004598
0.280000 0.000000 0.500000 0.004598
0.290000 0.000000 0.500000 0.004598
0.300000 0.000000 0.500000 0.004598
0.310000 0.000000 0.500000 0.004598
0.320000 0.000000 0.500000 0.004598
0.330000 0.000000 0.500000 0.004598
0.340000 0.000000 0.500000 0.004598
0.350000 0.000000 0.500000 0.004598
0.360000 0.000000 0.500000 0.004598
0.370000 0.000000 0.500000 0.004598
0.380000 0.000000 0.500000 0.004598
0.390000 0.000000 0.500000 0.004598
0.400000 0.000000 0.500000 0.004598
0.410000 0.000000 0.500000 0.004598
0.420000 0.000000 0.500000 0.004598
0.430000 0.000000 0.500000 0.004598
0.440000 0.000000 0.500000 0.004598
0.450000 0.000000 0.500000 0.004598
0.460000 0.000000 0.500000 0.004598
0.470000 0.000000 0.500000 0.004598
0.480000 0.000000 0.500000 0.004598
0.490000 0.000000 0.500000 0.004598
0.500000 0.000000 0.500000 0.004598
0.494253 0.011494 0.500000 0.004598
0.488506 0.022989 0.500000 0.004598
0.482759 0.034483 0.500000 0.004598
0.477011 0.045977 0.500000 0.004598
0.471264 0.057471 0.500000 0.004598
0.465517 0.068966 0.500000 0.004598
0.459770 0.080460 0.500000 0.004598
0.454023 0.091954 0.500000 0.004598
0.448276 0.103448 0.500000 0.004598
0.442529 0.114943 0.500000 0.004598
0.436782 0.126437 0.500000 0.004598
0.431034 0.137931 0.500000 0.004598
0.425287 0.149425 0.500000 0.004598
0.419540 0.160920 0.500000 0.004598
0.413793 0.172414 0.500000 0.004598
0.408046 0.183908 0.500000 0.004598
0.402299 0.195402 0.500000 0.004598
0.396552 0.206897 0.500000 0.004598
0.390805 0.218391 0.500000 0.004598
0.385057 0.229885 0.500000 0.004598
0.379310 0.241379 0.500000 0.004598
0.373563 0.252874 0.500000 0.004598
0.367816 0.264368 0.500000 0.004598
0.362069 0.275862 0.500000 0.004598
0.356322 0.287356 0.500000 0.004598
0.350575 0.298851 0.500000 0.004598
0.344828 0.310345 0.500000 0.004598
0.339080 0.321839 0.500000 0.004598
0.333333 0.333333 0.500000 0.004598
0.327586 0.327586 0.500000 0.004598
0.321839 0.321839 0.500000 0.004598
0.316092 0.316092 0.500000 0.004598
0.310345 0.310345 0.500000 0.004598
0.304598 0.304598 0.500000 0.004598
0.298851 0.298851 0.500000 0.004598
0.293103 0.293103 0.500000 0.004598
0.287356 0.287356 0.500000 0.004598
0.281609 0.281609 0.500000 0.004598
0.275862 0.275862 0.500000 0.004598
0.270115 0.270115 0.500000 0.004598
0.264368 0.264368 0.500000 0.004598
0.258621 0.258621 0.500000 0.004598
0.252874 0.252874 0.500000 0.004598
0.247126 0.247126 0.500000 0.004598
0.241379 0.241379 0.500000 0.004598
0.235632 0.235632 0.500000 0.004598
0.229885 0.229885 0.500000 0.004598
0.224138 0.224138 0.500000 0.004598
0.218391 0.218391 0.500000 0.004598
0.212644 0.212644 0.500000 0.004598
0.206897 0.206897 0.500000 0.004598
0.201149 0.201149 0.500000 0.004598
0.195402 0.195402 0.500000 0.004598
0.189655 0.189655 0.500000 0.004598
0.183908 0.183908 0.500000 0.004598
0.178161 0.178161 0.500000 0.004598
0.172414 0.172414 0.500000 0.004598
0.166667 0.166667 0.500000 0.004598
0.160920 0.160920 0.500000 0.004598
0.155172 0.155172 0.500000 0.004598
0.149425 0.149425 0.500000 0.004598
0.143678 0.143678 0.500000 0.004598
0.137931 0.137931 0.500000 0.004598
0.132184 0.132184 0.500000 0.004598
0.126437 0.126437 0.500000 0.004598
0.120690 0.120690 0.500000 0.004598
0.114943 0.114943 0.500000 0.004598
0.109195 0.109195 0.500000 0.004598
0.103448 0.103448 0.500000 0.004598
0.097701 0.097701 0.500000 0.004598
0.091954 0.091954 0.500000 0.004598
0.086207 0.086207 0.500000 0.004598
0.080460 0.080460 0.500000 0.004598
0.074713 0.074713 0.500000 0.004598
0.068966 0.068966 0.500000 0.004598
0.063218 0.063218 0.500000 0.004598
0.057471 0.057471 0.500000 0.004598
0.051724 0.051724 0.500000 0.004598
0.045977 0.045977 0.500000 0.004598
0.040230 0.040230 0.500000 0.004598
0.034483 0.034483 0.500000 0.004598
0.028736 0.028736 0.500000 0.004598
0.022989 0.022989 0.500000 0.004598
0.017241 0.017241 0.500000 0.004598
0.011494 0.011494 0.500000 0.004598
0.005747 0.005747 0.500000 0.004598
0.000000 0.000000 0.500000 0.004598
0.010000 0.000000 0.500000 0.004598
0.020000 0.000000 0.500000 0.004598
0.030000 0.000000 0.500000 0.004598
0.040000 0.000000 0.500000 0.004598
0.050000 0.000000 0.500000 0.004598
0.060000 0.000000 0.500000 0.004598
0.070000 0.000000 0.500000 0.004598
0.080000 0.000000 0.500000 0.004598
0.090000 0.000000 0.500000 0.004598
0.100000 0.000000 0.500000 0.004598
0.110000 0.000000 0.500000 0.004598
0.120000 0.000000 0.500000 0.004598
0.130000 0.000000 0.500000 0.004598
0.140000 0.000000 0.500000 0.004598
0.150000 0.000000 0.500000 0.004598
0.160000 0.000000 0.500000 0.004598
0.170000 0.000000 0.500000 0.004598
0.180000 0.000000 0.500000 0.004598
0.190000 0.000000 0.500000 0.004598
0.200000 0.000000 0.500000 0.004598
0.210000 0.000000 0.500000 0.004598
0.220000 0.000000 0.500000 0.004598
0.230000 0.000000 0.500000 0.004598
0.240000 0.000000 0.500000 0.004598
0.250000 0.000000 0.500000 0.004598
0.260000 0.000000 0.500000 0.004598
0.270000 0.000000 0.500000 0.004598
0.280000 0.000000 0.500000 0.004598
0.290000 0.000000 0.500000 0.004598
0.300000 0.000000 0.500000 0.004598
0.310000 0.000000 0.500000 0.004598
0.320000 0.000000 0.500000 0.004598
0.330000 0.000000 0.500000 0.004598
0.340000 0.000000 0.500000 0.004598
0.350000 0.000000 0.500000 0.004598
0.360000 0.000000 0.500000 0.004598
0.370000 0.000000 0.500000 0.004598
0.380000 0.000000 0.500000 0.004598
0.390000 0.000000 0.500000 0.004598
0.400000 0.000000 0.500000 0.004598
0.410000 0.000000 0.500000 0.004598
0.420000 0.000000 0.500000 0.004598
0.430000 0.000000 0.500000 0.004598
0.440000 0.000000 0.500000 0.004598
0.450000 0.000000 0.500000 0.004598
0.460000 0.000000 0.500000 0.004598
0.470000 0.000000 0.500000 0.004598
0.480000 0.000000 0.500000 0.004598
0.490000 0.000000 0.500000 0.004598
0.500000 0.000000 0.500000 0.004598
0.500000 0.000000 0.481481 0.004598
0.500000 0.000000 0.462963 0.004598
0.500000 0.000000 0.444444 0.004598
0.500000 0.000000 0.425926 0.004598
0.500000 0.000000 0.407407 0.004598
0.500000 0.000000 0.388889 0.004598
0.500000 0.000000 0.370370 0.004598
0.500000 0.000000 0.351852 0.004598
0.500000 0.000000 0.333333 0.004598
0.500000 0.000000 0.314815 0.004598
0.500000 0.000000 0.296296 0.004598
0.500000 0.000000 0.277778 0.004598
0.500000 0.000000 0.259259 0.004598
0.500000 0.000000 0.240741 0.004598
0.500000 0.000000 0.222222 0.004598
0.500000 0.000000 0.203704 0.004598
0.500000 0.000000 0.185185 0.004598
0.500000 0.000000 0.166667 0.004598
0.500000 0.000000 0.148148 0.004598
0.500000 0.000000 0.129630 0.004598
0.500000 0.000000 0.111111 0.004598
0.500000 0.000000 0.092593 0.004598
0.500000 0.000000 0.074074 0.004598
0.500000 0.000000 0.055556 0.004598
0.500000 0.000000 0.037037 0.004598
0.500000 0.000000 0.018519 0.004598
0.500000 0.000000 0.000000 0.004598
0.494253 0.011494 0.000000 0.004598
0.488506 0.022989 0.000000 0.004598
0.482759 0.034483 0.000000 0.004598
0.477011 0.045977 0.000000 0.004598
0.471264 0.057471 0.000000 0.004598
0.465517 0.068966 0.000000 0.004598
0.459770 0.080460 0.000000 0.004598
0.454023 0.091954 0.000000 0.004598
0.448276 0.103448 0.000000 0.004598
0.442529 0.114943 0.000000 0.004598
0.436782 0.126437 0.000000 0.004598
0.431034 0.137931 0.000000 0.004598
0.425287 0.149425 0.000000 0.004598
0.419540 0.160920 0.000000 0.004598
0.413793 0.172414 0.000000 0.004598
0.408046 0.183908 0.000000 0.004598
0.402299 0.195402 0.000000 0.004598
0.396552 0.206897 0.000000 0.004598
0.390805 0.218391 0.000000 0.004598
0.385057 0.229885 0.000000 0.004598
0.379310 0.241379 0.000000 0.004598
0.373563 0.252874 0.000000 0.004598
0.367816 0.264368 0.000000 0.004598
0.362069 0.275862 0.000000 0.004598
0.356322 0.287356 0.000000 0.004598
0.350575 0.298851 0.000000 0.004598
0.344828 0.310345 0.000000 0.004598
0.339080 0.321839 0.000000 0.004598
0.333333 0.333333 0.000000 0.004598
0.333333 0.333333 0.018519 0.004598
0.333333 0.333333 0.037037 0.004598
0.333333 0.333333 0.055556 0.004598
0.333333 0.333333 0.074074 0.004598
0.333333 0.333333 0.092593 0.004598
0.333333 0.333333 0.111111 0.004598
0.333333 0.333333 0.129630 0.004598
0.333333 0.333333 0.148148 0.004598
0.333333 0.333333 0.166667 0.004598
0.333333 0.333333 0.185185 0.004598
0.333333 0.333333 0.203704 0.004598
0.333333 0.333333 0.222222 0.004598
0.333333 0.333333 0.240741 0.004598
0.333333 0.333333 0.259259 0.004598
0.333333 0.333333 0.277778 0.004598
0.333333 0.333333 0.296296 0.004598
0.333333 0.333333 0.314815 0.004598
0.333333 0.333333 0.333333 0.004598
0.333333 0.333333 0.351852 0.004598
0.333333 0.333333 0.370370 0.004598
0.333333 0.333333 0.388889 0.004598
0.333333 0.333333 0.407407 0.004598
0.333333 0.333333 0.425926 0.004598
0.333333 0.333333 0.444444 0.004598
0.333333 0.333333 0.462963 0.004598
0.333333 0.333333 0.481481 0.004598
0.333333 0.333333 0.500000 0.004598
K_POINTS crystal_b
12
0.000000 0.000000 0.000000 50.000000
0.500000 0.000000 0.000000 29.000000
0.333333 0.333333 0.000000 58.000000
0.000000 0.000000 0.000000 27.000000
0.000000 0.000000 0.500000 50.000000
0.500000 0.000000 0.500000 29.000000
0.333333 0.333333 0.500000 58.000000
0.000000 0.000000 0.500000 50.000000
0.500000 0.000000 0.500000 27.000000
0.500000 0.000000 0.000000 29.000000
0.333333 0.333333 0.000000 27.000000
0.333333 0.333333 0.500000 0.000000
