k-points are in crystal coordinates
nk(3) =     5    5    3
dk(3) =   0.000000000  0.000000000  0.000000000

direct lattice vectors
a1 =   3.250000000  0.000000000  0.000000000
a2 =  -1.625000000  2.814582562  0.000000000
a3 =   0.000000000  0.000000000  5.200000000

unit cell volume =  0.475664453E+02

reciprocal lattice vectors
b1 =   1.933287787  1.116184224  0.000000000
b2 =   0.000000000  2.232368449  0.000000000
b3 =   0.000000000  0.000000000  1.208304867

symmetries of the Bravais lattice
 24
Space group 191, symbol P6/mmm               
r01 =     1   0   0     0   1   0     0   0   1
r02 =     1   0   0     0   1   0     0   0  -1
r03 =    -1   0   0    -1   1   0     0   0   1
r04 =    -1   0   0    -1   1   0     0   0  -1
r05 =    -1   1   0     0   1   0     0   0   1
r06 =    -1   1   0     0   1   0     0   0  -1
r07 =     1  -1   0     1   0   0     0   0   1
r08 =     1  -1   0     1   0   0     0   0  -1
r09 =    -1   0   0     0  -1   0     0   0   1
r10 =    -1   0   0     0  -1   0     0   0  -1
r11 =     1   0   0     1  -1   0     0   0   1
r12 =     1   0   0     1  -1   0     0   0  -1
r13 =     1  -1   0     0  -1   0     0   0   1
r14 =     1  -1   0     0  -1   0     0   0  -1
r15 =    -1   1   0    -1   0   0     0   0   1
r16 =    -1   1   0    -1   0   0     0   0  -1
r17 =     0   1   0    -1   1   0     0   0   1
r18 =     0   1   0    -1   1   0     0   0  -1
r19 =     0  -1   0    -1   0   0     0   0   1
r20 =     0  -1   0    -1   0   0     0   0  -1
r21 =     0   1   0     1   0   0     0   0   1
r22 =     0   1   0     1   0   0     0   0  -1
r23 =     0  -1   0     1  -1   0     0   0   1
r24 =     0  -1   0     1  -1   0     0   0  -1

symmetries of the crystal without FFT grid
 12
Space group 186, symbol P6_3mc               
r01 =     1   0   0     0   1   0     0   0   1
r02 =    -1   0   0    -1   1   0     0   0   1
r03 =    -1   1   0     0   1   0     0   0   1
r04 =     1  -1   0     1   0   0     0   0   1
r05 =    -1   0   0     0  -1   0     0   0   1
r06 =     1   0   0     1  -1   0     0   0   1
r07 =     1  -1   0     0  -1   0     0   0   1
r08 =    -1   1   0    -1   0   0     0   0   1
r09 =     0   1   0    -1   1   0     0   0   1
r10 =     0  -1   0    -1   0   0     0   0   1
r11 =     0   1   0     1   0   0     0   0   1
r12 =     0  -1   0     1  -1   0     0   0   1

symmetries of the crystal with FFT grid
 12
Space group 186, symbol P6_3mc               
r01 =     1   0   0     0   1   0     0   0   1
r02 =    -1   0   0    -1   1   0     0   0   1
r03 =    -1   1   0     0   1   0     0   0   1
r04 =     1  -1   0     1   0   0     0   0   1
r05 =    -1   0   0     0  -1   0     0   0   1
r06 =     1   0   0     1  -1   0     0   0   1
r07 =     1  -1   0     0  -1   0     0   0   1
r08 =    -1   1   0    -1   0   0     0   0   1
r09 =     0   1   0    -1   1   0     0   0   1
r10 =     0  -1   0    -1   0   0     0   0   1
r11 =     0   1   0     1   0   0     0   0   1
r12 =     0  -1   0     1  -1   0     0   0   1

symmetries that reduce the k-points
r02 =    -1   0   0    -1   1   0     0   0   1
r03 =    -1   1   0     0   1   0     0   0   1
r04 =     1  -1   0     1   0   0     0   0   1
r05 =    -1   0   0     0  -1   0     0   0   1
r07 =     1  -1   0     0  -1   0     0   0   1
r09 =     0   1   0    -1   1   0     0   0   1
r11 =     0   1   0     1   0   0     0   0   1

k-points in the original uniform grid
   75
    1  0.000000000  0.000000000  0.000000000   1.0    0  ---
    2  0.000000000  0.000000000  0.333333333   1.0    0  ---
    3  0.000000000  0.000000000  0.666666667   1.0    0  ---
    4  0.000000000  0.200000000  0.000000000   6.0    0  ---
    5  0.000000000  0.200000000  0.333333333   6.0    0  ---
    6  0.000000000  0.200000000  0.666666667   6.0    0  ---
    7  0.000000000  0.400000000  0.000000000   6.0    0  ---
    8  0.000000000  0.400000000  0.333333333   6.0    0  ---
    9  0.000000000  0.400000000  0.666666667   6.0    0  ---
   10  0.000000000  0.600000000  0.000000000   0.0    7  r05
   11  0.000000000  0.600000000  0.333333333   0.0    8  r05
   12  0.000000000  0.600000000  0.666666667   0.0    9  r05
   13  0.000000000  0.800000000  0.000000000   0.0    4  r05
   14  0.000000000  0.800000000  0.333333333   0.0    5  r05
   15  0.000000000  0.800000000  0.666666667   0.0    6  r05
   16  0.200000000  0.000000000  0.000000000   0.0    4  r09
   17  0.200000000  0.000000000  0.333333333   0.0    5  r09
   18  0.200000000  0.000000000  0.666666667   0.0    6  r09
   19  0.200000000  0.200000000  0.000000000   6.0    0  ---
   20  0.200000000  0.200000000  0.333333333   6.0    0  ---
   21  0.200000000  0.200000000  0.666666667   6.0    0  ---
   22  0.200000000  0.400000000  0.000000000   6.0    0  ---
   23  0.200000000  0.400000000  0.333333333   6.0    0  ---
   24  0.200000000  0.400000000  0.666666667   6.0    0  ---
   25  0.200000000  0.600000000  0.000000000   0.0   19  r07
   26  0.200000000  0.600000000  0.333333333   0.0   20  r07
   27  0.200000000  0.600000000  0.666666667   0.0   21  r07
   28  0.200000000  0.800000000  0.000000000   0.0    4  r02
   29  0.200000000  0.800000000  0.333333333   0.0    5  r02
   30  0.200000000  0.800000000  0.666666667   0.0    6  r02
   31  0.400000000  0.000000000  0.000000000   0.0    7  r09
   32  0.400000000  0.000000000  0.333333333   0.0    8  r09
   33  0.400000000  0.000000000  0.666666667   0.0    9  r09
   34  0.400000000  0.200000000  0.000000000   0.0   22  r11
   35  0.400000000  0.200000000  0.333333333   0.0   23  r11
   36  0.400000000  0.200000000  0.666666667   0.0   24  r11
   37  0.400000000  0.400000000  0.000000000   0.0   22  r02
   38  0.400000000  0.400000000  0.333333333   0.0   23  r02
   39  0.400000000  0.400000000  0.666666667   0.0   24  r02
   40  0.400000000  0.600000000  0.000000000   0.0    7  r02
   41  0.400000000  0.600000000  0.333333333   0.0    8  r02
   42  0.400000000  0.600000000  0.666666667   0.0    9  r02
   43  0.400000000  0.800000000  0.000000000   0.0   19  r04
   44  0.400000000  0.800000000  0.333333333   0.0   20  r04
   45  0.400000000  0.800000000  0.666666667   0.0   21  r04
   46  0.600000000  0.000000000  0.000000000   0.0    7  r02
   47  0.600000000  0.000000000  0.333333333   0.0    8  r02
   48  0.600000000  0.000000000  0.666666667   0.0    9  r02
   49  0.600000000  0.200000000  0.000000000   0.0   19  r02
   50  0.600000000  0.200000000  0.333333333   0.0   20  r02
   51  0.600000000  0.200000000  0.666666667   0.0   21  r02
   52  0.600000000  0.400000000  0.000000000   0.0    7  r02
   53  0.600000000  0.400000000  0.333333333   0.0    8  r02
   54  0.600000000  0.400000000  0.666666667   0.0    9  r02
   55  0.600000000  0.600000000  0.000000000   0.0   22  r03
   56  0.600000000  0.600000000  0.333333333   0.0   23  r03
   57  0.600000000  0.600000000  0.666666667   0.0   24  r03
   58  0.600000000  0.800000000  0.000000000   0.0   22  r03
   59  0.600000000  0.800000000  0.333333333   0.0   23  r03
   60  0.600000000  0.800000000  0.666666667   0.0   24  r03
   61  0.800000000  0.000000000  0.000000000   0.0    4  r02
   62  0.800000000  0.000000000  0.333333333   0.0    5  r02
   63  0.800000000  0.000000000  0.666666667   0.0    6  r02
   64  0.800000000  0.200000000  0.000000000   0.0    4  r02
   65  0.800000000  0.200000000  0.333333333   0.0    5  r02
   66  0.800000000  0.200000000  0.666666667   0.0    6  r02
   67  0.800000000  0.400000000  0.000000000   0.0   19  r03
   68  0.800000000  0.400000000  0.333333333   0.0   20  r03
   69  0.800000000  0.400000000  0.666666667   0.0   21  r03
   70  0.800000000  0.600000000  0.000000000   0.0   22  r02
   71  0.800000000  0.600000000  0.333333333   0.0   23  r02
   72  0.800000000  0.600000000  0.666666667   0.0   24  r02
   73  0.800000000  0.800000000  0.000000000   0.0   19  r02
   74  0.800000000  0.800000000  0.333333333   0.0   20  r02
   75  0.800000000  0.800000000  0.666666667   0.0   21  r02

k-points in the irreducible wedge
   15
    1  0.000000000  0.000000000  0.000000000   1.0    1
    2  0.000000000  0.000000000  0.333333333   1.0    2
    3  0.000000000  0.000000000  0.666666667   1.0    3
    4  0.000000000  0.200000000  0.000000000   6.0    4
    5  0.000000000  0.200000000  0.333333333   6.0    5
    6  0.000000000  0.200000000  0.666666667   6.0    6
    7  0.000000000  0.400000000  0.000000000   6.0    7
    8  0.000000000  0.400000000  0.333333333   6.0    8
    9  0.000000000  0.400000000  0.666666667   6.0    9
   10  0.200000000  0.200000000  0.000000000   6.0   19
   11  0.200000000  0.200000000  0.333333333   6.0   20
   12  0.200000000  0.200000000  0.666666667   6.0   21
   13  0.200000000  0.400000000  0.000000000   6.0   22
   14  0.200000000  0.400000000  0.333333333   6.0   23
   15  0.200000000  0.400000000  0.666666667   6.0   24

