k-points are in crystal coordinates
nk(3) =     5    5    3
dk(3) =   0.500000000  0.500000000  0.500000000
dq(3) =   0.000600000  0.000600000  0.000600000

direct lattice vectors
a1 =   3.250000000  0.000000000  0.000000000
a2 =  -1.625000000  2.814582562  0.000000000
a3 =   0.000000000  0.000000000  5.200000000

unit cell volume =  0.475664453E+02

reciprocal lattice vectors
b1 =   1.933287787  1.116184224  0.000000000
b2 =   0.000000000  2.232368449  0.000000000
b3 =   0.000000000  0.000000000  1.208304867

symmetries of the Bravais lattice
 24
Space group 191, symbol P6/mmm               
r01 =     1   0   0     0   1   0     0   0   1
r02 =     1   0   0     0   1   0     0   0  -1
r03 =    -1   0   0    -1   1   0     0   0   1
r04 =    -1   0   0    -1   1   0     0   0  -1
r05 =    -1   1   0     0   1   0     0   0   1
r06 =    -1   1   0     0   1   0     0   0  -1
r07 =     1  -1   0     1   0   0     0   0   1
r08 =     1  -1   0     1   0   0     0   0  -1
r09 =    -1   0   0     0  -1   0     0   0   1
r10 =    -1   0   0     0  -1   0     0   0  -1
r11 =     1   0   0     1  -1   0     0   0   1
r12 =     1   0   0     1  -1   0     0   0  -1
r13 =     1  -1   0     0  -1   0     0   0   1
r14 =     1  -1   0     0  -1   0     0   0  -1
r15 =    -1   1   0    -1   0   0     0   0   1
r16 =    -1   1   0    -1   0   0     0   0  -1
r17 =     0   1   0    -1   1   0     0   0   1
r18 =     0   1   0    -1   1   0     0   0  -1
r19 =     0  -1   0    -1   0   0     0   0   1
r20 =     0  -1   0    -1   0   0     0   0  -1
r21 =     0   1   0     1   0   0     0   0   1
r22 =     0   1   0     1   0   0     0   0  -1
r23 =     0  -1   0     1  -1   0     0   0   1
r24 =     0  -1   0     1  -1   0     0   0  -1

symmetries of the crystal without FFT grid
 12
Space group 186, symbol P6_3mc               
r01 =     1   0   0     0   1   0     0   0   1
r02 =    -1   0   0    -1   1   0     0   0   1
r03 =    -1   1   0     0   1   0     0   0   1
r04 =     1  -1   0     1   0   0     0   0   1
r05 =    -1   0   0     0  -1   0     0   0   1
r06 =     1   0   0     1  -1   0     0   0   1
r07 =     1  -1   0     0  -1   0     0   0   1
r08 =    -1   1   0    -1   0   0     0   0   1
r09 =     0   1   0    -1   1   0     0   0   1
r10 =     0  -1   0    -1   0   0     0   0   1
r11 =     0   1   0     1   0   0     0   0   1
r12 =     0  -1   0     1  -1   0     0   0   1

symmetries of the crystal with FFT grid
 12
Space group 186, symbol P6_3mc               
r01 =     1   0   0     0   1   0     0   0   1
r02 =    -1   0   0    -1   1   0     0   0   1
r03 =    -1   1   0     0   1   0     0   0   1
r04 =     1  -1   0     1   0   0     0   0   1
r05 =    -1   0   0     0  -1   0     0   0   1
r06 =     1   0   0     1  -1   0     0   0   1
r07 =     1  -1   0     0  -1   0     0   0   1
r08 =    -1   1   0    -1   0   0     0   0   1
r09 =     0   1   0    -1   1   0     0   0   1
r10 =     0  -1   0    -1   0   0     0   0   1
r11 =     0   1   0     1   0   0     0   0   1
r12 =     0  -1   0     1  -1   0     0   0   1

symmetries that reduce the k-points
r05 =    -1   0   0     0  -1   0     0   0   1
r10 =     0  -1   0    -1   0   0     0   0   1
r11 =     0   1   0     1   0   0     0   0   1

symmetries of a subgroup of the q-vector
r01 =     1   0   0     0   1   0     0   0   1
r11 =     0   1   0     1   0   0     0   0   1

k-points in the original uniform grid
   75
    1  0.100000000  0.100000000  0.166666667   2.0    0  ---
    2  0.100000000  0.100000000  0.500000000   2.0    0  ---
    3  0.100000000  0.100000000  0.833333333   2.0    0  ---
    4  0.100000000  0.300000000  0.166666667   4.0    0  ---
    5  0.100000000  0.300000000  0.500000000   4.0    0  ---
    6  0.100000000  0.300000000  0.833333333   4.0    0  ---
    7  0.100000000  0.500000000  0.166666667   4.0    0  ---
    8  0.100000000  0.500000000  0.500000000   4.0    0  ---
    9  0.100000000  0.500000000  0.833333333   4.0    0  ---
   10  0.100000000  0.700000000  0.166666667   4.0    0  ---
   11  0.100000000  0.700000000  0.500000000   4.0    0  ---
   12  0.100000000  0.700000000  0.833333333   4.0    0  ---
   13  0.100000000  0.900000000  0.166666667   2.0    0  ---
   14  0.100000000  0.900000000  0.500000000   2.0    0  ---
   15  0.100000000  0.900000000  0.833333333   2.0    0  ---
   16  0.300000000  0.100000000  0.166666667   0.0    4  r11
   17  0.300000000  0.100000000  0.500000000   0.0    5  r11
   18  0.300000000  0.100000000  0.833333333   0.0    6  r11
   19  0.300000000  0.300000000  0.166666667   2.0    0  ---
   20  0.300000000  0.300000000  0.500000000   2.0    0  ---
   21  0.300000000  0.300000000  0.833333333   2.0    0  ---
   22  0.300000000  0.500000000  0.166666667   4.0    0  ---
   23  0.300000000  0.500000000  0.500000000   4.0    0  ---
   24  0.300000000  0.500000000  0.833333333   4.0    0  ---
   25  0.300000000  0.700000000  0.166666667   2.0    0  ---
   26  0.300000000  0.700000000  0.500000000   2.0    0  ---
   27  0.300000000  0.700000000  0.833333333   2.0    0  ---
   28  0.300000000  0.900000000  0.166666667   0.0   10  r10
   29  0.300000000  0.900000000  0.500000000   0.0   11  r10
   30  0.300000000  0.900000000  0.833333333   0.0   12  r10
   31  0.500000000  0.100000000  0.166666667   0.0    7  r11
   32  0.500000000  0.100000000  0.500000000   0.0    8  r11
   33  0.500000000  0.100000000  0.833333333   0.0    9  r11
   34  0.500000000  0.300000000  0.166666667   0.0   22  r11
   35  0.500000000  0.300000000  0.500000000   0.0   23  r11
   36  0.500000000  0.300000000  0.833333333   0.0   24  r11
   37  0.500000000  0.500000000  0.166666667   1.0    0  ---
   38  0.500000000  0.500000000  0.500000000   1.0    0  ---
   39  0.500000000  0.500000000  0.833333333   1.0    0  ---
   40  0.500000000  0.700000000  0.166666667   0.0   22  r05
   41  0.500000000  0.700000000  0.500000000   0.0   23  r05
   42  0.500000000  0.700000000  0.833333333   0.0   24  r05
   43  0.500000000  0.900000000  0.166666667   0.0    7  r05
   44  0.500000000  0.900000000  0.500000000   0.0    8  r05
   45  0.500000000  0.900000000  0.833333333   0.0    9  r05
   46  0.700000000  0.100000000  0.166666667   0.0   10  r05
   47  0.700000000  0.100000000  0.500000000   0.0   11  r05
   48  0.700000000  0.100000000  0.833333333   0.0   12  r05
   49  0.700000000  0.300000000  0.166666667   0.0   25  r05
   50  0.700000000  0.300000000  0.500000000   0.0   26  r05
   51  0.700000000  0.300000000  0.833333333   0.0   27  r05
   52  0.700000000  0.500000000  0.166666667   0.0   22  r05
   53  0.700000000  0.500000000  0.500000000   0.0   23  r05
   54  0.700000000  0.500000000  0.833333333   0.0   24  r05
   55  0.700000000  0.700000000  0.166666667   0.0   19  r05
   56  0.700000000  0.700000000  0.500000000   0.0   20  r05
   57  0.700000000  0.700000000  0.833333333   0.0   21  r05
   58  0.700000000  0.900000000  0.166666667   0.0    4  r05
   59  0.700000000  0.900000000  0.500000000   0.0    5  r05
   60  0.700000000  0.900000000  0.833333333   0.0    6  r05
   61  0.900000000  0.100000000  0.166666667   0.0   13  r05
   62  0.900000000  0.100000000  0.500000000   0.0   14  r05
   63  0.900000000  0.100000000  0.833333333   0.0   15  r05
   64  0.900000000  0.300000000  0.166666667   0.0   10  r05
   65  0.900000000  0.300000000  0.500000000   0.0   11  r05
   66  0.900000000  0.300000000  0.833333333   0.0   12  r05
   67  0.900000000  0.500000000  0.166666667   0.0    7  r05
   68  0.900000000  0.500000000  0.500000000   0.0    8  r05
   69  0.900000000  0.500000000  0.833333333   0.0    9  r05
   70  0.900000000  0.700000000  0.166666667   0.0    4  r05
   71  0.900000000  0.700000000  0.500000000   0.0    5  r05
   72  0.900000000  0.700000000  0.833333333   0.0    6  r05
   73  0.900000000  0.900000000  0.166666667   0.0    1  r05
   74  0.900000000  0.900000000  0.500000000   0.0    2  r05
   75  0.900000000  0.900000000  0.833333333   0.0    3  r05

k-points in the irreducible wedge
   27
    1  0.100000000  0.100000000  0.166666667   2.0    1
    2  0.100000000  0.100000000  0.500000000   2.0    2
    3  0.100000000  0.100000000  0.833333333   2.0    3
    4  0.100000000  0.300000000  0.166666667   4.0    4
    5  0.100000000  0.300000000  0.500000000   4.0    5
    6  0.100000000  0.300000000  0.833333333   4.0    6
    7  0.100000000  0.500000000  0.166666667   4.0    7
    8  0.100000000  0.500000000  0.500000000   4.0    8
    9  0.100000000  0.500000000  0.833333333   4.0    9
   10  0.100000000  0.700000000  0.166666667   4.0   10
   11  0.100000000  0.700000000  0.500000000   4.0   11
   12  0.100000000  0.700000000  0.833333333   4.0   12
   13  0.100000000  0.900000000  0.166666667   2.0   13
   14  0.100000000  0.900000000  0.500000000   2.0   14
   15  0.100000000  0.900000000  0.833333333   2.0   15
   16  0.300000000  0.300000000  0.166666667   2.0   19
   17  0.300000000  0.300000000  0.500000000   2.0   20
   18  0.300000000  0.300000000  0.833333333   2.0   21
   19  0.300000000  0.500000000  0.166666667   4.0   22
   20  0.300000000  0.500000000  0.500000000   4.0   23
   21  0.300000000  0.500000000  0.833333333   4.0   24
   22  0.300000000  0.700000000  0.166666667   2.0   25
   23  0.300000000  0.700000000  0.500000000   2.0   26
   24  0.300000000  0.700000000  0.833333333   2.0   27
   25  0.500000000  0.500000000  0.166666667   1.0   37
   26  0.500000000  0.500000000  0.500000000   1.0   38
   27  0.500000000  0.500000000  0.833333333   1.0   39

k-points in the unfolded Brillouin Zone
  225
    1  0.000600000  0.100600000  0.167266667   1.0
    2  0.000600000  0.100600000  0.500600000   1.0
    3  0.000600000  0.100600000  0.833933333   1.0
    4  0.000600000  0.300600000  0.167266667   1.0
    5  0.000600000  0.300600000  0.500600000   1.0
    6  0.000600000  0.300600000  0.833933333   1.0
    7  0.000600000  0.500600000  0.167266667   1.0
    8  0.000600000  0.500600000  0.500600000   1.0
    9  0.000600000  0.500600000  0.833933333   1.0
   10  0.000600000  0.700600000  0.167266667   1.0
   11  0.000600000  0.700600000  0.500600000   1.0
   12  0.000600000  0.700600000  0.833933333   1.0
   13  0.000600000  0.900600000  0.167266667   1.0
   14  0.000600000  0.900600000  0.500600000   1.0
   15  0.000600000  0.900600000  0.833933333   1.0
   16  0.100600000  0.000600000  0.167266667   1.0
   17  0.100600000  0.000600000  0.500600000   1.0
   18  0.100600000  0.000600000  0.833933333   1.0
   19  0.100600000  0.100600000  0.167266667   1.0
   20  0.100600000  0.100600000  0.500600000   1.0
   21  0.100600000  0.100600000  0.833933333   1.0
   22  0.100600000  0.200600000  0.167266667   1.0
   23  0.100600000  0.200600000  0.500600000   1.0
   24  0.100600000  0.200600000  0.833933333   1.0
   25  0.100600000  0.300600000  0.167266667   1.0
   26  0.100600000  0.300600000  0.500600000   1.0
   27  0.100600000  0.300600000  0.833933333   1.0
   28  0.100600000  0.400600000  0.167266667   1.0
   29  0.100600000  0.400600000  0.500600000   1.0
   30  0.100600000  0.400600000  0.833933333   1.0
   31  0.100600000  0.500600000  0.167266667   1.0
   32  0.100600000  0.500600000  0.500600000   1.0
   33  0.100600000  0.500600000  0.833933333   1.0
   34  0.100600000  0.600600000  0.167266667   1.0
   35  0.100600000  0.600600000  0.500600000   1.0
   36  0.100600000  0.600600000  0.833933333   1.0
   37  0.100600000  0.700600000  0.167266667   1.0
   38  0.100600000  0.700600000  0.500600000   1.0
   39  0.100600000  0.700600000  0.833933333   1.0
   40  0.100600000  0.800600000  0.167266667   1.0
   41  0.100600000  0.800600000  0.500600000   1.0
   42  0.100600000  0.800600000  0.833933333   1.0
   43  0.100600000  0.900600000  0.167266667   1.0
   44  0.100600000  0.900600000  0.500600000   1.0
   45  0.100600000  0.900600000  0.833933333   1.0
   46  0.200600000  0.100600000  0.167266667   1.0
   47  0.200600000  0.100600000  0.500600000   1.0
   48  0.200600000  0.100600000  0.833933333   1.0
   49  0.200600000  0.300600000  0.167266667   1.0
   50  0.200600000  0.300600000  0.500600000   1.0
   51  0.200600000  0.300600000  0.833933333   1.0
   52  0.200600000  0.500600000  0.167266667   1.0
   53  0.200600000  0.500600000  0.500600000   1.0
   54  0.200600000  0.500600000  0.833933333   1.0
   55  0.200600000  0.700600000  0.167266667   1.0
   56  0.200600000  0.700600000  0.500600000   1.0
   57  0.200600000  0.700600000  0.833933333   1.0
   58  0.200600000  0.900600000  0.167266667   1.0
   59  0.200600000  0.900600000  0.500600000   1.0
   60  0.200600000  0.900600000  0.833933333   1.0
   61  0.300600000  0.000600000  0.167266667   1.0
   62  0.300600000  0.000600000  0.500600000   1.0
   63  0.300600000  0.000600000  0.833933333   1.0
   64  0.300600000  0.100600000  0.167266667   1.0
   65  0.300600000  0.100600000  0.500600000   1.0
   66  0.300600000  0.100600000  0.833933333   1.0
   67  0.300600000  0.200600000  0.167266667   1.0
   68  0.300600000  0.200600000  0.500600000   1.0
   69  0.300600000  0.200600000  0.833933333   1.0
   70  0.300600000  0.300600000  0.167266667   1.0
   71  0.300600000  0.300600000  0.500600000   1.0
   72  0.300600000  0.300600000  0.833933333   1.0
   73  0.300600000  0.400600000  0.167266667   1.0
   74  0.300600000  0.400600000  0.500600000   1.0
   75  0.300600000  0.400600000  0.833933333   1.0
   76  0.300600000  0.500600000  0.167266667   1.0
   77  0.300600000  0.500600000  0.500600000   1.0
   78  0.300600000  0.500600000  0.833933333   1.0
   79  0.300600000  0.600600000  0.167266667   1.0
   80  0.300600000  0.600600000  0.500600000   1.0
   81  0.300600000  0.600600000  0.833933333   1.0
   82  0.300600000  0.700600000  0.167266667   1.0
   83  0.300600000  0.700600000  0.500600000   1.0
   84  0.300600000  0.700600000  0.833933333   1.0
   85  0.300600000  0.800600000  0.167266667   1.0
   86  0.300600000  0.800600000  0.500600000   1.0
   87  0.300600000  0.800600000  0.833933333   1.0
   88  0.300600000  0.900600000  0.167266667   1.0
   89  0.300600000  0.900600000  0.500600000   1.0
   90  0.300600000  0.900600000  0.833933333   1.0
   91  0.400600000  0.100600000  0.167266667   1.0
   92  0.400600000  0.100600000  0.500600000   1.0
   93  0.400600000  0.100600000  0.833933333   1.0
   94  0.400600000  0.300600000  0.167266667   1.0
   95  0.400600000  0.300600000  0.500600000   1.0
   96  0.400600000  0.300600000  0.833933333   1.0
   97  0.400600000  0.500600000  0.167266667   1.0
   98  0.400600000  0.500600000  0.500600000   1.0
   99  0.400600000  0.500600000  0.833933333   1.0
  100  0.400600000  0.700600000  0.167266667   1.0
  101  0.400600000  0.700600000  0.500600000   1.0
  102  0.400600000  0.700600000  0.833933333   1.0
  103  0.400600000  0.900600000  0.167266667   1.0
  104  0.400600000  0.900600000  0.500600000   1.0
  105  0.400600000  0.900600000  0.833933333   1.0
  106  0.500600000  0.000600000  0.167266667   1.0
  107  0.500600000  0.000600000  0.500600000   1.0
  108  0.500600000  0.000600000  0.833933333   1.0
  109  0.500600000  0.100600000  0.167266667   1.0
  110  0.500600000  0.100600000  0.500600000   1.0
  111  0.500600000  0.100600000  0.833933333   1.0
  112  0.500600000  0.200600000  0.167266667   1.0
  113  0.500600000  0.200600000  0.500600000   1.0
  114  0.500600000  0.200600000  0.833933333   1.0
  115  0.500600000  0.300600000  0.167266667   1.0
  116  0.500600000  0.300600000  0.500600000   1.0
  117  0.500600000  0.300600000  0.833933333   1.0
  118  0.500600000  0.400600000  0.167266667   1.0
  119  0.500600000  0.400600000  0.500600000   1.0
  120  0.500600000  0.400600000  0.833933333   1.0
  121  0.500600000  0.500600000  0.167266667   1.0
  122  0.500600000  0.500600000  0.500600000   1.0
  123  0.500600000  0.500600000  0.833933333   1.0
  124  0.500600000  0.600600000  0.167266667   1.0
  125  0.500600000  0.600600000  0.500600000   1.0
  126  0.500600000  0.600600000  0.833933333   1.0
  127  0.500600000  0.700600000  0.167266667   1.0
  128  0.500600000  0.700600000  0.500600000   1.0
  129  0.500600000  0.700600000  0.833933333   1.0
  130  0.500600000  0.800600000  0.167266667   1.0
  131  0.500600000  0.800600000  0.500600000   1.0
  132  0.500600000  0.800600000  0.833933333   1.0
  133  0.500600000  0.900600000  0.167266667   1.0
  134  0.500600000  0.900600000  0.500600000   1.0
  135  0.500600000  0.900600000  0.833933333   1.0
  136  0.600600000  0.100600000  0.167266667   1.0
  137  0.600600000  0.100600000  0.500600000   1.0
  138  0.600600000  0.100600000  0.833933333   1.0
  139  0.600600000  0.300600000  0.167266667   1.0
  140  0.600600000  0.300600000  0.500600000   1.0
  141  0.600600000  0.300600000  0.833933333   1.0
  142  0.600600000  0.500600000  0.167266667   1.0
  143  0.600600000  0.500600000  0.500600000   1.0
  144  0.600600000  0.500600000  0.833933333   1.0
  145  0.600600000  0.700600000  0.167266667   1.0
  146  0.600600000  0.700600000  0.500600000   1.0
  147  0.600600000  0.700600000  0.833933333   1.0
  148  0.600600000  0.900600000  0.167266667   1.0
  149  0.600600000  0.900600000  0.500600000   1.0
  150  0.600600000  0.900600000  0.833933333   1.0
  151  0.700600000  0.000600000  0.167266667   1.0
  152  0.700600000  0.000600000  0.500600000   1.0
  153  0.700600000  0.000600000  0.833933333   1.0
  154  0.700600000  0.100600000  0.167266667   1.0
  155  0.700600000  0.100600000  0.500600000   1.0
  156  0.700600000  0.100600000  0.833933333   1.0
  157  0.700600000  0.200600000  0.167266667   1.0
  158  0.700600000  0.200600000  0.500600000   1.0
  159  0.700600000  0.200600000  0.833933333   1.0
  160  0.700600000  0.300600000  0.167266667   1.0
  161  0.700600000  0.300600000  0.500600000   1.0
  162  0.700600000  0.300600000  0.833933333   1.0
  163  0.700600000  0.400600000  0.167266667   1.0
  164  0.700600000  0.400600000  0.500600000   1.0
  165  0.700600000  0.400600000  0.833933333   1.0
  166  0.700600000  0.500600000  0.167266667   1.0
  167  0.700600000  0.500600000  0.500600000   1.0
  168  0.700600000  0.500600000  0.833933333   1.0
  169  0.700600000  0.600600000  0.167266667   1.0
  170  0.700600000  0.600600000  0.500600000   1.0
  171  0.700600000  0.600600000  0.833933333   1.0
  172  0.700600000  0.700600000  0.167266667   1.0
  173  0.700600000  0.700600000  0.500600000   1.0
  174  0.700600000  0.700600000  0.833933333   1.0
  175  0.700600000  0.800600000  0.167266667   1.0
  176  0.700600000  0.800600000  0.500600000   1.0
  177  0.700600000  0.800600000  0.833933333   1.0
  178  0.700600000  0.900600000  0.167266667   1.0
  179  0.700600000  0.900600000  0.500600000   1.0
  180  0.700600000  0.900600000  0.833933333   1.0
  181  0.800600000  0.100600000  0.167266667   1.0
  182  0.800600000  0.100600000  0.500600000   1.0
  183  0.800600000  0.100600000  0.833933333   1.0
  184  0.800600000  0.300600000  0.167266667   1.0
  185  0.800600000  0.300600000  0.500600000   1.0
  186  0.800600000  0.300600000  0.833933333   1.0
  187  0.800600000  0.500600000  0.167266667   1.0
  188  0.800600000  0.500600000  0.500600000   1.0
  189  0.800600000  0.500600000  0.833933333   1.0
  190  0.800600000  0.700600000  0.167266667   1.0
  191  0.800600000  0.700600000  0.500600000   1.0
  192  0.800600000  0.700600000  0.833933333   1.0
  193  0.800600000  0.900600000  0.167266667   1.0
  194  0.800600000  0.900600000  0.500600000   1.0
  195  0.800600000  0.900600000  0.833933333   1.0
  196  0.900600000  0.000600000  0.167266667   1.0
  197  0.900600000  0.000600000  0.500600000   1.0
  198  0.900600000  0.000600000  0.833933333   1.0
  199  0.900600000  0.100600000  0.167266667   1.0
  200  0.900600000  0.100600000  0.500600000   1.0
  201  0.900600000  0.100600000  0.833933333   1.0
  202  0.900600000  0.200600000  0.167266667   1.0
  203  0.900600000  0.200600000  0.500600000   1.0
  204  0.900600000  0.200600000  0.833933333   1.0
  205  0.900600000  0.300600000  0.167266667   1.0
  206  0.900600000  0.300600000  0.500600000   1.0
  207  0.900600000  0.300600000  0.833933333   1.0
  208  0.900600000  0.400600000  0.167266667   1.0
  209  0.900600000  0.400600000  0.500600000   1.0
  210  0.900600000  0.400600000  0.833933333   1.0
  211  0.900600000  0.500600000  0.167266667   1.0
  212  0.900600000  0.500600000  0.500600000   1.0
  213  0.900600000  0.500600000  0.833933333   1.0
  214  0.900600000  0.600600000  0.167266667   1.0
  215  0.900600000  0.600600000  0.500600000   1.0
  216  0.900600000  0.600600000  0.833933333   1.0
  217  0.900600000  0.700600000  0.167266667   1.0
  218  0.900600000  0.700600000  0.500600000   1.0
  219  0.900600000  0.700600000  0.833933333   1.0
  220  0.900600000  0.800600000  0.167266667   1.0
  221  0.900600000  0.800600000  0.500600000   1.0
  222  0.900600000  0.800600000  0.833933333   1.0
  223  0.900600000  0.900600000  0.167266667   1.0
  224  0.900600000  0.900600000  0.500600000   1.0
  225  0.900600000  0.900600000  0.833933333   1.0

k-points folded with the symmetries of a subgroup of the q-vector
  120
    1  0.000600000  0.100600000  0.167266667   2.0
    2  0.000600000  0.100600000  0.500600000   2.0
    3  0.000600000  0.100600000  0.833933333   2.0
    4  0.000600000  0.300600000  0.167266667   2.0
    5  0.000600000  0.300600000  0.500600000   2.0
    6  0.000600000  0.300600000  0.833933333   2.0
    7  0.000600000  0.500600000  0.167266667   2.0
    8  0.000600000  0.500600000  0.500600000   2.0
    9  0.000600000  0.500600000  0.833933333   2.0
   10  0.000600000  0.700600000  0.167266667   2.0
   11  0.000600000  0.700600000  0.500600000   2.0
   12  0.000600000  0.700600000  0.833933333   2.0
   13  0.000600000  0.900600000  0.167266667   2.0
   14  0.000600000  0.900600000  0.500600000   2.0
   15  0.000600000  0.900600000  0.833933333   2.0
   16  0.100600000  0.100600000  0.167266667   1.0
   17  0.100600000  0.100600000  0.500600000   1.0
   18  0.100600000  0.100600000  0.833933333   1.0
   19  0.100600000  0.200600000  0.167266667   2.0
   20  0.100600000  0.200600000  0.500600000   2.0
   21  0.100600000  0.200600000  0.833933333   2.0
   22  0.100600000  0.300600000  0.167266667   2.0
   23  0.100600000  0.300600000  0.500600000   2.0
   24  0.100600000  0.300600000  0.833933333   2.0
   25  0.100600000  0.400600000  0.167266667   2.0
   26  0.100600000  0.400600000  0.500600000   2.0
   27  0.100600000  0.400600000  0.833933333   2.0
   28  0.100600000  0.500600000  0.167266667   2.0
   29  0.100600000  0.500600000  0.500600000   2.0
   30  0.100600000  0.500600000  0.833933333   2.0
   31  0.100600000  0.600600000  0.167266667   2.0
   32  0.100600000  0.600600000  0.500600000   2.0
   33  0.100600000  0.600600000  0.833933333   2.0
   34  0.100600000  0.700600000  0.167266667   2.0
   35  0.100600000  0.700600000  0.500600000   2.0
   36  0.100600000  0.700600000  0.833933333   2.0
   37  0.100600000  0.900600000  0.167266667   2.0
   38  0.100600000  0.900600000  0.500600000   2.0
   39  0.100600000  0.900600000  0.833933333   2.0
   40  0.200600000  0.500600000  0.167266667   2.0
   41  0.200600000  0.500600000  0.500600000   2.0
   42  0.200600000  0.500600000  0.833933333   2.0
   43  0.200600000  0.700600000  0.167266667   2.0
   44  0.200600000  0.700600000  0.500600000   2.0
   45  0.200600000  0.700600000  0.833933333   2.0
   46  0.300600000  0.200600000  0.167266667   2.0
   47  0.300600000  0.200600000  0.500600000   2.0
   48  0.300600000  0.200600000  0.833933333   2.0
   49  0.300600000  0.300600000  0.167266667   1.0
   50  0.300600000  0.300600000  0.500600000   1.0
   51  0.300600000  0.300600000  0.833933333   1.0
   52  0.300600000  0.500600000  0.167266667   2.0
   53  0.300600000  0.500600000  0.500600000   2.0
   54  0.300600000  0.500600000  0.833933333   2.0
   55  0.300600000  0.700600000  0.167266667   2.0
   56  0.300600000  0.700600000  0.500600000   2.0
   57  0.300600000  0.700600000  0.833933333   2.0
   58  0.400600000  0.300600000  0.167266667   2.0
   59  0.400600000  0.300600000  0.500600000   2.0
   60  0.400600000  0.300600000  0.833933333   2.0
   61  0.400600000  0.500600000  0.167266667   2.0
   62  0.400600000  0.500600000  0.500600000   2.0
   63  0.400600000  0.500600000  0.833933333   2.0
   64  0.400600000  0.700600000  0.167266667   2.0
   65  0.400600000  0.700600000  0.500600000   2.0
   66  0.400600000  0.700600000  0.833933333   2.0
   67  0.500600000  0.500600000  0.167266667   1.0
   68  0.500600000  0.500600000  0.500600000   1.0
   69  0.500600000  0.500600000  0.833933333   1.0
   70  0.600600000  0.300600000  0.167266667   2.0
   71  0.600600000  0.300600000  0.500600000   2.0
   72  0.600600000  0.300600000  0.833933333   2.0
   73  0.600600000  0.500600000  0.167266667   2.0
   74  0.600600000  0.500600000  0.500600000   2.0
   75  0.600600000  0.500600000  0.833933333   2.0
   76  0.700600000  0.500600000  0.167266667   2.0
   77  0.700600000  0.500600000  0.500600000   2.0
   78  0.700600000  0.500600000  0.833933333   2.0
   79  0.700600000  0.600600000  0.167266667   2.0
   80  0.700600000  0.600600000  0.500600000   2.0
   81  0.700600000  0.600600000  0.833933333   2.0
   82  0.700600000  0.700600000  0.167266667   1.0
   83  0.700600000  0.700600000  0.500600000   1.0
   84  0.700600000  0.700600000  0.833933333   1.0
   85  0.700600000  0.800600000  0.167266667   2.0
   86  0.700600000  0.800600000  0.500600000   2.0
   87  0.700600000  0.800600000  0.833933333   2.0
   88  0.800600000  0.100600000  0.167266667   2.0
   89  0.800600000  0.100600000  0.500600000   2.0
   90  0.800600000  0.100600000  0.833933333   2.0
   91  0.800600000  0.300600000  0.167266667   2.0
   92  0.800600000  0.300600000  0.500600000   2.0
   93  0.800600000  0.300600000  0.833933333   2.0
   94  0.800600000  0.500600000  0.167266667   2.0
   95  0.800600000  0.500600000  0.500600000   2.0
   96  0.800600000  0.500600000  0.833933333   2.0
   97  0.900600000  0.200600000  0.167266667   2.0
   98  0.900600000  0.200600000  0.500600000   2.0
   99  0.900600000  0.200600000  0.833933333   2.0
  100  0.900600000  0.300600000  0.167266667   2.0
  101  0.900600000  0.300600000  0.500600000   2.0
  102  0.900600000  0.300600000  0.833933333   2.0
  103  0.900600000  0.400600000  0.167266667   2.0
  104  0.900600000  0.400600000  0.500600000   2.0
  105  0.900600000  0.400600000  0.833933333   2.0
  106  0.900600000  0.500600000  0.167266667   2.0
  107  0.900600000  0.500600000  0.500600000   2.0
  108  0.900600000  0.500600000  0.833933333   2.0
  109  0.900600000  0.600600000  0.167266667   2.0
  110  0.900600000  0.600600000  0.500600000   2.0
  111  0.900600000  0.600600000  0.833933333   2.0
  112  0.900600000  0.700600000  0.167266667   2.0
  113  0.900600000  0.700600000  0.500600000   2.0
  114  0.900600000  0.700600000  0.833933333   2.0
  115  0.900600000  0.800600000  0.167266667   2.0
  116  0.900600000  0.800600000  0.500600000   2.0
  117  0.900600000  0.800600000  0.833933333   2.0
  118  0.900600000  0.900600000  0.167266667   1.0
  119  0.900600000  0.900600000  0.500600000   1.0
  120  0.900600000  0.900600000  0.833933333   1.0

