K_POINTS crystal
  120
  0.000600000  0.100600000  0.167266667   2.0
  0.000600000  0.100600000  0.500600000   2.0
  0.000600000  0.100600000  0.833933333   2.0
  0.000600000  0.300600000  0.167266667   2.0
  0.000600000  0.300600000  0.500600000   2.0
  0.000600000  0.300600000  0.833933333   2.0
  0.000600000  0.500600000  0.167266667   2.0
  0.000600000  0.500600000  0.500600000   2.0
  0.000600000  0.500600000  0.833933333   2.0
  0.000600000  0.700600000  0.167266667   2.0
  0.000600000  0.700600000  0.500600000   2.0
  0.000600000  0.700600000  0.833933333   2.0
  0.000600000  0.900600000  0.167266667   2.0
  0.000600000  0.900600000  0.500600000   2.0
  0.000600000  0.900600000  0.833933333   2.0
  0.100600000  0.100600000  0.167266667   1.0
  0.100600000  0.100600000  0.500600000   1.0
  0.100600000  0.100600000  0.833933333   1.0
  0.100600000  0.200600000  0.167266667   2.0
  0.100600000  0.200600000  0.500600000   2.0
  0.100600000  0.200600000  0.833933333   2.0
  0.100600000  0.300600000  0.167266667   2.0
  0.100600000  0.300600000  0.500600000   2.0
  0.100600000  0.300600000  0.833933333   2.0
  0.100600000  0.400600000  0.167266667   2.0
  0.100600000  0.400600000  0.500600000   2.0
  0.100600000  0.400600000  0.833933333   2.0
  0.100600000  0.500600000  0.167266667   2.0
  0.100600000  0.500600000  0.500600000   2.0
  0.100600000  0.500600000  0.833933333   2.0
  0.100600000  0.600600000  0.167266667   2.0
  0.100600000  0.600600000  0.500600000   2.0
  0.100600000  0.600600000  0.833933333   2.0
  0.100600000  0.700600000  0.167266667   2.0
  0.100600000  0.700600000  0.500600000   2.0
  0.100600000  0.700600000  0.833933333   2.0
  0.100600000  0.900600000  0.167266667   2.0
  0.100600000  0.900600000  0.500600000   2.0
  0.100600000  0.900600000  0.833933333   2.0
  0.200600000  0.500600000  0.167266667   2.0
  0.200600000  0.500600000  0.500600000   2.0
  0.200600000  0.500600000  0.833933333   2.0
  0.200600000  0.700600000  0.167266667   2.0
  0.200600000  0.700600000  0.500600000   2.0
  0.200600000  0.700600000  0.833933333   2.0
  0.300600000  0.200600000  0.167266667   2.0
  0.300600000  0.200600000  0.500600000   2.0
  0.300600000  0.200600000  0.833933333   2.0
  0.300600000  0.300600000  0.167266667   1.0
  0.300600000  0.300600000  0.500600000   1.0
  0.300600000  0.300600000  0.833933333   1.0
  0.300600000  0.500600000  0.167266667   2.0
  0.300600000  0.500600000  0.500600000   2.0
  0.300600000  0.500600000  0.833933333   2.0
  0.300600000  0.700600000  0.167266667   2.0
  0.300600000  0.700600000  0.500600000   2.0
  0.300600000  0.700600000  0.833933333   2.0
  0.400600000  0.300600000  0.167266667   2.0
  0.400600000  0.300600000  0.500600000   2.0
  0.400600000  0.300600000  0.833933333   2.0
  0.400600000  0.500600000  0.167266667   2.0
  0.400600000  0.500600000  0.500600000   2.0
  0.400600000  0.500600000  0.833933333   2.0
  0.400600000  0.700600000  0.167266667   2.0
  0.400600000  0.700600000  0.500600000   2.0
  0.400600000  0.700600000  0.833933333   2.0
  0.500600000  0.500600000  0.167266667   1.0
  0.500600000  0.500600000  0.500600000   1.0
  0.500600000  0.500600000  0.833933333   1.0
  0.600600000  0.300600000  0.167266667   2.0
  0.600600000  0.300600000  0.500600000   2.0
  0.600600000  0.300600000  0.833933333   2.0
  0.600600000  0.500600000  0.167266667   2.0
  0.600600000  0.500600000  0.500600000   2.0
  0.600600000  0.500600000  0.833933333   2.0
  0.700600000  0.500600000  0.167266667   2.0
  0.700600000  0.500600000  0.500600000   2.0
  0.700600000  0.500600000  0.833933333   2.0
  0.700600000  0.600600000  0.167266667   2.0
  0.700600000  0.600600000  0.500600000   2.0
  0.700600000  0.600600000  0.833933333   2.0
  0.700600000  0.700600000  0.167266667   1.0
  0.700600000  0.700600000  0.500600000   1.0
  0.700600000  0.700600000  0.833933333   1.0
  0.700600000  0.800600000  0.167266667   2.0
  0.700600000  0.800600000  0.500600000   2.0
  0.700600000  0.800600000  0.833933333   2.0
  0.800600000  0.100600000  0.167266667   2.0
  0.800600000  0.100600000  0.500600000   2.0
  0.800600000  0.100600000  0.833933333   2.0
  0.800600000  0.300600000  0.167266667   2.0
  0.800600000  0.300600000  0.500600000   2.0
  0.800600000  0.300600000  0.833933333   2.0
  0.800600000  0.500600000  0.167266667   2.0
  0.800600000  0.500600000  0.500600000   2.0
  0.800600000  0.500600000  0.833933333   2.0
  0.900600000  0.200600000  0.167266667   2.0
  0.900600000  0.200600000  0.500600000   2.0
  0.900600000  0.200600000  0.833933333   2.0
  0.900600000  0.300600000  0.167266667   2.0
  0.900600000  0.300600000  0.500600000   2.0
  0.900600000  0.300600000  0.833933333   2.0
  0.900600000  0.400600000  0.167266667   2.0
  0.900600000  0.400600000  0.500600000   2.0
  0.900600000  0.400600000  0.833933333   2.0
  0.900600000  0.500600000  0.167266667   2.0
  0.900600000  0.500600000  0.500600000   2.0
  0.900600000  0.500600000  0.833933333   2.0
  0.900600000  0.600600000  0.167266667   2.0
  0.900600000  0.600600000  0.500600000   2.0
  0.900600000  0.600600000  0.833933333   2.0
  0.900600000  0.700600000  0.167266667   2.0
  0.900600000  0.700600000  0.500600000   2.0
  0.900600000  0.700600000  0.833933333   2.0
  0.900600000  0.800600000  0.167266667   2.0
  0.900600000  0.800600000  0.500600000   2.0
  0.900600000  0.800600000  0.833933333   2.0
  0.900600000  0.900600000  0.167266667   1.0
  0.900600000  0.900600000  0.500600000   1.0
  0.900600000  0.900600000  0.833933333   1.0
