TACC:  Starting up job 7666806 
TACC:  Starting parallel tasks... 

 BerkeleyGW version 2.1+git v2.1-235-g3cd744a by lzlwell <lzlwell@berkeley.edu> at 2021-04-24 21:12:34 -0700
 BSE/Absorption code, Complex version, run on 01-May-2021 at 16:20:09 -0500

                                                                 ..o.          
                                                                .oxxo.         
                                                               .oxxxxo...      
                                                               oxxxxxxo.       
                                                              .oxxxxxxx.       
                                                              .ooooooxxo..     
                                                              .oooooooxo..     
                                                              .oooooxxo...     
                                                       .........oxooo......    
                                                 ............................  
                                             ................................. 
                                          .................................... 
           .          ..oo. ....  .................................oooxxxxxxxo.
     .............oxxxx@ox@@@x@x.....................o...........ooooooooooxx. 
    .o.........oox@x.oo........xxx@@............ooxxxxo..........ooooxxxxxoxo  
    .x........x@xxo...............o@xxo........oxxx@@@xoooooooooooooooxxxo...  
    .o......ox@@o..................oox@o.....ooxxx@xoooxxxxxxxoooooooooooo.... 
    o..ooooo@@xoooo....ooo...........x@o.....ooxxxxo   .oxxxxxxxxxxooooooo.... 
    . .oooo@@@@@@@@@@@@@@@@@@@@@@@@@@@@@@....ooooox.     .oxx@@@@@xxoo........ 
      .ooooxxxxxxxooooooxooooooooooooooxo...oooooxx.        ..ox@xxxoo.........
      .ooooooxxxx@xoooooooooooooxxoooooooooooxxxxx.            .oxxooooooooxxo.
     .oooooxxxxx@@@xxxxxxxxxxxxxxxxxxxxxxxxoxxxxo.                .oxxxxxxxxo. 
   ....oooxxxxx@@@xo..oxxx@@@@@@xxxxoxxoooooooxx.                  .oxxxoo..   
  .....ooxxxx@@xo.       ........    .ooooooooxxo                              
  ..oooxxxx@@@o                       .oooooooxoo.                             
  ....oxooxxxxx.                       .ooo..oooo.                             
  .....o.ooxxxxxo.                     .oooooooxo.                             
 ......ooooxxxxxxo.                     .ooooooxoo..                           
........ooxxxxxxxo..                     .o....oxoo...                         
.......ooooxxxxxxxo.                     ........oooo.                         
.ooooooo..ooxxxxoooo.                    .........ooo...                       
..oxo...ooooxxxoooo..                    .ooo......oooo...                     
  .ooooo....o.                            .oxxxoo....ooo....                   
    .oooooo...                              ...ooooo...ooo..                   
       ...                                     .oo.......                      
                                               ....ooo...                      
                      __              __                                       
 ______              [  |            [  |                 ._____  _          _ 
|_   _ \              | |  _          | |                /  ___ \| |        | |
  | |_) | .---.  _. _.| | / |  .---.  | | .---.  _    _ / /    \_|\ \  /\  / / 
  |  __'./ /__\\[ /`\_| '' <  / /__\\ | |/ /__\\| \  | | |   _____ \ \/  \/ /  
 _| |__| | \__. | |   | |`\ \ | \___. | || \___. \ \/ / \ \.___| |  \  /\  /   
|_______/ \.__./[_]  [__|  \_] \.__./[___]\.__./  \  /   \.____./    \/  \/    
                                                  / /                          
                                                 /_/                           
 --------------------------------------------------------------------------------
 Please cite the main BerkeleyGW paper when using results from this calculation:

 Jack Deslippe, Georgy Samsonidze, David A. Strubbe, Manish Jain, Marvin L.
 Cohen, and Steven G. Louie, "BerkeleyGW: A Massively Parallel Computer Package
 for the Calculation of the Quasiparticle and Optical Properties of Materials
 and Nanostructures," Comput. Phys. Commun. 183, 1269 (2012)

 Aditionally, PLEASE CITE ALL PAPERS REPORTED AT THE END OF THIS CALCULATION.
 --------------------------------------------------------------------------------

 Running MPI version (parallel)
 Running with 64 MPI task(s)
 Using OpenMP. Number of threads per MPI task: 1
 Number of threads used for sorting routines: 1

 Compilation flags:
 - Compiler: INTEL
 - Para. flags: MPI, OMP
 - Math  flags: USESCALAPACK, UNPACKED, USEFFTW3, HDF5
 - Debug flags: 

 Running with verbosity level 1 (default).

 Kernel was calculated only for (v,c)->(v',c') transitions.
 This may not be a good idea for metals!
 
 This is a Bethe-Salpeter-equation calculation.
 The restricted fi/co WFN transformation dvv',dcc' will be calculated.
 
 Using the Tamm-Dancoff approximation.

 Using the momentum operator
 
 **************************************************
 **                                              **
 **                   WARNING:                   **
 **      THE MOMENTUM OPERATOR IS NOT EXACT      **
 **  ONLY USE IT IF YOU KNOW WHAT YOU ARE DOING  **
 **  OTHERWISE YOU SHOULD USE VELOCITY OPERATOR  **
 **    for details see equations (29) and (30)   **
 **    of Rohlfing & Louie PRB 62, 4927 (2000)   **
 **                                              **
 **************************************************
 
 Using the Delaunay interpolation method.

 We are doing a calculation with zero exciton momentum
 Running with semiconductor screening

 We are communicating via MPI

 We are using no truncation
 Cutoff for Monte-Carlo average of Coulomb potential: 1.000E+012 Ry

 
 Number of k-points in the coarse k-grid: 64
WARNING: Inversion symmetry about the origin is present. The real version would be faster.
 A 3-D interpolation algorithm will be employed.
WARNING: Inversion symmetry about the origin is present. The real version would be faster.
 Using symmetries to expand the fine-grid sampling
 K-grid: 6 6 6
 Highest occupied band (fine grid) = 44
 Valence max    (fine grid) = 4.327966 eV
 Conduction min (fine grid) = 5.073939 eV
 Middle energy  (fine grid) = 4.700953 eV
 Fermi  energy  (fine grid) = 4.700953 eV

 Number of electrons per unit cell (from ifmax) = 44.000000
 Number of electrons per unit cell (from occupations) = 44.000000
 Plasma Frequency = 1.366461 Ry


 Scissors parameters:
 - Valence:    es =   0.0000 eV, e0 =   0.0000 eV, edel =   0.0000
 - Conduction: es =   0.0000 eV, e0 =   0.0000 eV, edel =   0.0000
 
 You are doing a class 1 calculation - npes <= nk

 Memory available: 1323.8 MB per PE
 Memory required for vcoul: 114.4 MB per PE
 Memory needed to store the effective Ham. and intkernel arrays: 1.0 MB per PE
 Additional memory needed for evecs and diagonalization: 1.2 MB per PE
 
 Distribution of kcv blocks among PE ranks:
   - PEs 0 to 23 : 4 blocks
   - PEs 24 to 63 : 3 blocks
 
 Started reading wavefunctions (WFN_fi) with 20 k-point(s) at 16:20:10.
 [ 16:20:10 |   0% ] k-point  1 / 20.
 [ 16:20:10 |   5% ] k-point  2 / 20.
 [ 16:20:10 |  10% ] k-point  3 / 20, remaining: 0 s.
 [ 16:20:10 |  15% ] k-point  4 / 20, remaining: 0 s.
 [ 16:20:10 |  25% ] k-point  6 / 20, remaining: 0 s.
 [ 16:20:10 |  35% ] k-point  8 / 20, remaining: 0 s.
 [ 16:20:11 |  45% ] k-point 10 / 20, remaining: 0 s.
 [ 16:20:11 |  55% ] k-point 12 / 20, remaining: 0 s.
 [ 16:20:11 |  65% ] k-point 14 / 20, remaining: 0 s.
 [ 16:20:11 |  75% ] k-point 16 / 20, remaining: 0 s.
 [ 16:20:11 |  85% ] k-point 18 / 20, remaining: 0 s.
 [ 16:20:11 |  95% ] k-point 20 / 20, remaining: 0 s.
 Finished reading wavefunctions (WFN_fi) at 16:20:11.
 Elapsed time: 0 s.
 

 Conduction wavefunctions read from file WFN_fi:
 - Number of k-points in irreducible BZ: 20
 - Number of k-points in full BZ: 216

 Lowest-energy independent-particle transitions:

                k-point                 ik     ic     iv     energy (eV)
   -------------------------------- ------ ------ ------ ---------------
     0.500000   0.500000   0.500000    216      1      1        0.745973
     0.500000   0.500000   0.500000    216      2      1        0.745973
     0.500000   0.500000   0.500000    216      1      2        0.745973
     0.500000   0.500000   0.500000    216      2      2        0.745973
     0.333333   0.500000   0.500000    210      1      1        1.572574

 More job parameters:
 - Crystal volume (bohr): 2.558E+05
 - Broadening (eV): .050
 - Number of valence bands: 2
 - Number of cond. bands: 2
 - Number of spins: 1
 - Number of eigenvalues to be computed: 864

 Highest occupied band (fine grid) = 44
 Valence max    (fine grid) = 4.327966 eV
 Conduction min (fine grid) = 5.073939 eV
 Middle energy  (fine grid) = 4.700953 eV
 Fermi  energy  (fine grid) = 4.700953 eV

WARNING: Selected number of valence bands breaks degenerate subspace in WFN_fi. Run degeneracy_check.x for allowable numbers.
 
 Using symmetries to expand the shifted-grid sampling
 
 Started reading wavefunctions (WFN_fi) with 20 k-point(s) at 16:20:11.
 [ 16:20:11 |   0% ] k-point  1 / 20.
 [ 16:20:11 |   5% ] k-point  2 / 20.
 [ 16:20:11 |  10% ] k-point  3 / 20, remaining: 0 s.
 [ 16:20:11 |  15% ] k-point  4 / 20, remaining: 0 s.
 [ 16:20:11 |  25% ] k-point  6 / 20, remaining: 0 s.
 [ 16:20:11 |  35% ] k-point  8 / 20, remaining: 0 s.
 [ 16:20:11 |  45% ] k-point 10 / 20, remaining: 0 s.
 [ 16:20:11 |  55% ] k-point 12 / 20, remaining: 0 s.
 [ 16:20:11 |  65% ] k-point 14 / 20, remaining: 0 s.
 [ 16:20:11 |  75% ] k-point 16 / 20, remaining: 0 s.
 [ 16:20:11 |  85% ] k-point 18 / 20, remaining: 0 s.
 [ 16:20:11 |  95% ] k-point 20 / 20, remaining: 0 s.
 Finished reading wavefunctions (WFN_fi) at 16:20:11.
 Elapsed time: 0 s.
 

 Valence wavefunctions read from file WFN_fi:
 - Number of k-points in irreducible BZ: 20
 - Number of k-points in full BZ: 216

 Reading quasiparticle energy corrections from eqp_co.dat
 Highest occupied band (coarse grid) = 44
 Valence max    (coarse grid) = 3.567360 eV
 Conduction min (coarse grid) = 5.303463 eV
 Middle energy  (coarse grid) = 4.435411 eV
 Fermi  energy  (coarse grid) = 4.435411 eV


 Reading quasiparticle energy corrections from eqp_co.dat
WARNING: Selected number of valence bands breaks degenerate subspace in WFN_co. Run degeneracy_check.x for allowable numbers.
 
WARNING: Selected number of conduction bands breaks degenerate subspace in WFN_co. Run degeneracy_check.x for allowable numbers.
 
 Using symmetries to expand the coarse-grid sampling
 
 Started reading wavefunctions (WFN_co) with 10 k-point(s) at 16:20:11.
 [ 16:20:11 |   0% ] k-point  1 / 10.
 [ 16:20:11 |  10% ] k-point  2 / 10.
 [ 16:20:11 |  20% ] k-point  3 / 10, remaining: 0 s.
 [ 16:20:11 |  30% ] k-point  4 / 10, remaining: 0 s.
 [ 16:20:11 |  40% ] k-point  5 / 10, remaining: 0 s.
 [ 16:20:11 |  50% ] k-point  6 / 10, remaining: 0 s.
 [ 16:20:12 |  60% ] k-point  7 / 10, remaining: 0 s.
 [ 16:20:12 |  70% ] k-point  8 / 10, remaining: 0 s.
 [ 16:20:12 |  80% ] k-point  9 / 10, remaining: 0 s.
 [ 16:20:12 |  90% ] k-point 10 / 10, remaining: 0 s.
 Finished reading wavefunctions (WFN_co) at 16:20:12.
 Elapsed time: 1 s.
 

 Coarse-grid wavefunctions read from file WFN_co:
 - Number of k-points in irreducible BZ: 10
 - Number of k-points in full BZ: 64
 
 Started wavefunction interpolation with 4 k-point(s) at 16:20:13.
 [ 16:20:13 |   0% ] k-point 1 / 4.
 [ 16:20:14 |  25% ] k-point 2 / 4.
 [ 16:20:14 |  50% ] k-point 3 / 4, remaining: 0 s.
 [ 16:20:14 |  75% ] k-point 4 / 4, remaining: 0 s.
 Finished wavefunction interpolation at 16:20:14.
 Elapsed time: 1 s.
 
 Max. error in norm of transformation coefficients (1 - \sum_co |d_fi,co|^2):
  - For valence states: 2.041E-01
  - For conduction states: 1.203E-01
 Writing matrix elements into vmtxel
 
 Plasma Frequency :    18.5916490854044       eV
 
 Polarization: b1
 Sum rule (DFT) :   3.635055489879487E-002
 Sum rule (GW)  :   5.005435268239507E-002
 
 Polarization: b2
 Sum rule (DFT) :   3.632736906579823E-002
 Sum rule (GW)  :   5.002489214513904E-002
 
 Polarization: b3
 Sum rule (DFT) :   3.631092634812164E-002
 Sum rule (GW)  :   5.000886315668944E-002
 

 Epsilon matrix for q->0 read from eps0mat.h5:
 - Number of q-points: 1
 - Dielectric cutoff (Ry): 10.00

 Epsilon matrix for q/=0 read from epsmat.h5:
 - Number of q-points: 9
 - Number of q-points in the full BZ: 64
 - Dielectric cutoff (Ry): 10.00
 - Number of G-vectors for interpolation of epsinv_00(q+G): 14243
 - Maximum value of imaginary part of epsinv: .000000
 - Dielectric constant: 3.364027
 - Max. |q+G|^2 to interp. epsinv (Ry): .53
 - Number of q+G points to interp. epsinv: 461

 Assembling spinor kernel.
 Calculating Coulomb potential v(q) for 216 q-points.
 Performing kernel interpolation.
 
 Started interpolating BSE kernel with 16 block(s) at 16:20:21.
 [ 16:20:26 |   0% ] block  1 / 16.
 [ 16:20:26 |   6% ] block  2 / 16.
 [ 16:20:26 |  13% ] block  3 / 16, remaining: 0 s.
 [ 16:20:26 |  19% ] block  4 / 16, remaining: 0 s.
 [ 16:20:30 |  25% ] block  5 / 16, remaining: 17 s.
 [ 16:20:30 |  38% ] block  7 / 16, remaining: 9 s.
 [ 16:20:35 |  50% ] block  9 / 16, remaining: 10 s.
 [ 16:20:35 |  56% ] block 10 / 16, remaining: 8 s.
 [ 16:20:35 |  69% ] block 12 / 16, remaining: 4 s.
 [ 16:20:39 |  75% ] block 13 / 16, remaining: 5 s.
 [ 16:20:39 |  88% ] block 15 / 16, remaining: 2 s.
 Finished interpolating BSE kernel at 16:20:39.
 Elapsed time: 18 s.
 

 BLACS processor grid: 8 x 8; BLOCKSIZE = 64
 Number of idle processors: 0

 Using diagonalization routine: PZHEEVX
 Beginning ScaLAPACK diagonalization. Size: 864
 Done ScaLAPACK diagonalization
 Sharing eigenvectors
 Diagonalization done

 Plasma Frequency :    18.5916490854044       eV

 Polarization: b1
 Sum rule (BSE) :   3.973273097776415E-002

 Polarization: b2
 Sum rule (BSE) :   3.970580687255614E-002

 Polarization: b3
 Sum rule (BSE) :   3.969057433474392E-002

********************************************************************************
*                                                                              *
* Your calculation employed methods and algorithms published in peer-reviewed  *
* papers. Please, cite the following references to give proper credit to their *
*          authors and help support future development of BerkeleyGW.          *
*                                                                              *
********************************************************************************

 J. Deslippe, G. Samsonidze, D. A. Strubbe, M. Jain, M. L. Cohen, and S. G.
 Louie, BerkeleyGW: A Massively Parallel Computer Package for the Calculation
 of the Quasiparticle and Optical Properties of Materials and Nanostructures,
 Computer Physics Communications 183, 1269 (2012).

 M. Rohlfing and S. G. Louie, Electron-Hole Excitations and Optical Spectra
 from First Principles, Phys. Rev. B 62, 4927 (2000).

********************************************************************************

 
 Timing information
 
                                CPU time (s)          WALL time (s)       Number
 Routine                       min        max        min        max     of calls
 -------------------------  ---------  ---------  ---------  ---------  --------
 - Input                         0.36       0.42       0.73       0.75         1
 - Input q                       0.23       0.24       0.28       0.29         1
 - Intwfn                        3.13       3.22       3.95       4.02         1
 - Intkernel                     9.60      22.20      22.35      22.35         1
 - Epsdiag                       0.00       0.26       0.00       0.97         1
 - Eps Comm                      0.00       0.97       0.00       0.97         1
 - Absorp0                       0.00       1.55       0.00       1.62         1
 - Vmtxel                        0.05       0.12       0.08       0.12         1
 - Trans Mtxel                   0.00       0.00       0.01       0.01         1
 - Absorp                        0.00       1.07       0.00       1.08         1
 - Write Eig                     0.10       1.65       0.44       1.70         1
 - Iw Input_co                   0.61       0.66       0.70       0.70         1
 - Iw Interp                     1.09       1.11       1.72       1.73         5
 - Iw Genwf                      0.00       0.00       0.00       0.00        32
 - Iw Gwnwf_Co                   0.57       0.60       0.62       0.65        16
 - Iw Mtxel_t                    0.00       0.00       0.00       0.00        32
 - Iw Write                      0.00       0.13       0.00       0.14         1
 - Iw Reduce                     0.00       0.00       0.00       0.00         1
 - Ik Setup                      0.00       0.00       0.00       0.00         1
 - Ik C-Check                    0.10       0.16       0.21       0.21         1
 - Ik Input                      5.54      17.45      17.36      17.45       256
 - Ik Inteps                     0.02       0.02       0.04       0.05         1
 - Ik Vcoul                      3.14       3.16       3.18       3.19         1
 - Ik Cache                      0.03       0.05       0.05       0.08      3456
 - Ik Interp                     0.16       0.22       0.17       0.25      3456
 - Ik Sum                        0.03       0.05       0.02       0.05      3456
 - Diagonalize                   0.60       0.77       0.86       0.86         1
 - TOTAL                        17.05      30.18      31.76      31.76         1
 
 Job Done
 
TACC:  Shutdown complete. Exiting. 
