 Output -> wfn.complex
 Total number of kpoints found=          27
 Working on kpoint #           1
 Working on kpoint #           2
 Working on kpoint #           3
 Working on kpoint #           4
 Working on kpoint #           5
 Working on kpoint #           6
 Working on kpoint #           7
 Working on kpoint #           8
 Working on kpoint #           9
 Working on kpoint #          10
 Working on kpoint #          11
 Working on kpoint #          12
 Working on kpoint #          13
 Working on kpoint #          14
 Working on kpoint #          15
 Working on kpoint #          16
 Working on kpoint #          17
 Working on kpoint #          18
 Working on kpoint #          19
 Working on kpoint #          20
 Working on kpoint #          21
 Working on kpoint #          22
 Working on kpoint #          23
 Working on kpoint #          24
 Working on kpoint #          25
 Working on kpoint #          26
 Working on kpoint #          27
Application 2756925 resources: utime ~215s, stime ~107s, Rss ~117152, inblocks ~55175868, outblocks ~54973155
