k-points are in crystal coordinates
nk(3) =     6    6    6
dk(3) =   0.000000000  0.000000000  0.000000000

direct lattice vectors
a1 =   0.500000000  0.500000000  0.000000000
a2 =   0.000000000  0.500000000  0.500000000
a3 =   0.500000000  0.000000000  0.500000000

unit cell volume =  0.250000000E+00

reciprocal lattice vectors
b1 =   6.283185307  6.283185307 -6.283185307
b2 =  -6.283185307  6.283185307  6.283185307
b3 =   6.283185307 -6.283185307  6.283185307

symmetries of the Bravais lattice
 48
Space group 225, symbol Fm-3m                
r01 =     1   0   0     0   1   0     0   0   1      0.000000    0.000000    0.000000
r02 =     1   0   0     0   1   0    -1  -1  -1      0.000000    0.000000    0.000000
r03 =     0  -1   0    -1   0   0     0   0  -1      0.000000    0.000000    0.000000
r04 =     0  -1   0    -1   0   0     1   1   1      0.000000    0.000000    0.000000
r05 =     1   1   1     0  -1   0     0   0  -1      0.000000    0.000000    0.000000
r06 =     0   1   0    -1  -1  -1     1   0   0      0.000000    0.000000    0.000000
r07 =     1   1   1     0  -1   0    -1   0   0      0.000000    0.000000    0.000000
r08 =     0   1   0    -1  -1  -1     0   0   1      0.000000    0.000000    0.000000
r09 =     0   0  -1     1   1   1    -1   0   0      0.000000    0.000000    0.000000
r10 =     0   0  -1     1   1   1     0  -1   0      0.000000    0.000000    0.000000
r11 =    -1  -1  -1     0   0   1     1   0   0      0.000000    0.000000    0.000000
r12 =    -1  -1  -1     0   0   1     0   1   0      0.000000    0.000000    0.000000
r13 =    -1   0   0     0  -1   0     0   0  -1      0.000000    0.000000    0.000000
r14 =     0   1   0     1   0   0     0   0   1      0.000000    0.000000    0.000000
r15 =    -1   0   0     0  -1   0     1   1   1      0.000000    0.000000    0.000000
r16 =     0   1   0     1   0   0    -1  -1  -1      0.000000    0.000000    0.000000
r17 =    -1  -1  -1     0   1   0     0   0   1      0.000000    0.000000    0.000000
r18 =     0  -1   0     1   1   1    -1   0   0      0.000000    0.000000    0.000000
r19 =    -1  -1  -1     0   1   0     1   0   0      0.000000    0.000000    0.000000
r20 =     0  -1   0     1   1   1     0   0  -1      0.000000    0.000000    0.000000
r21 =     0   0   1    -1  -1  -1     1   0   0      0.000000    0.000000    0.000000
r22 =     1   1   1     0   0  -1    -1   0   0      0.000000    0.000000    0.000000
r23 =     0   0   1    -1  -1  -1     0   1   0      0.000000    0.000000    0.000000
r24 =     1   1   1     0   0  -1     0  -1   0      0.000000    0.000000    0.000000
r25 =     0   0  -1     0  -1   0     1   1   1      0.000000    0.000000    0.000000
r26 =     0   0  -1     0  -1   0    -1   0   0      0.000000    0.000000    0.000000
r27 =     0   1   0     0   0   1     1   0   0      0.000000    0.000000    0.000000
r28 =     0   1   0     0   0   1    -1  -1  -1      0.000000    0.000000    0.000000
r29 =     1   0   0    -1  -1  -1     0   1   0      0.000000    0.000000    0.000000
r30 =     1   1   1    -1   0   0     0   0  -1      0.000000    0.000000    0.000000
r31 =     1   0   0    -1  -1  -1     0   0   1      0.000000    0.000000    0.000000
r32 =     1   1   1    -1   0   0     0  -1   0      0.000000    0.000000    0.000000
r33 =     0   0   1     0   1   0     1   0   0      0.000000    0.000000    0.000000
r34 =     0  -1   0     0   0  -1    -1   0   0      0.000000    0.000000    0.000000
r35 =     0   0   1     0   1   0    -1  -1  -1      0.000000    0.000000    0.000000
r36 =     0  -1   0     0   0  -1     1   1   1      0.000000    0.000000    0.000000
r37 =    -1  -1  -1     1   0   0     0   0   1      0.000000    0.000000    0.000000
r38 =    -1   0   0     1   1   1     0   0  -1      0.000000    0.000000    0.000000
r39 =    -1   0   0     1   1   1     0  -1   0      0.000000    0.000000    0.000000
r40 =    -1  -1  -1     1   0   0     0   1   0      0.000000    0.000000    0.000000
r41 =     0   0  -1    -1   0   0     1   1   1      0.000000    0.000000    0.000000
r42 =     1   0   0     0   0   1     0   1   0      0.000000    0.000000    0.000000
r43 =     1   0   0     0   0   1    -1  -1  -1      0.000000    0.000000    0.000000
r44 =     0   0  -1    -1   0   0     0  -1   0      0.000000    0.000000    0.000000
r45 =     0   0   1     1   0   0    -1  -1  -1      0.000000    0.000000    0.000000
r46 =    -1   0   0     0   0  -1     0  -1   0      0.000000    0.000000    0.000000
r47 =    -1   0   0     0   0  -1     1   1   1      0.000000    0.000000    0.000000
r48 =     0   0   1     1   0   0     0   1   0      0.000000    0.000000    0.000000

symmetries of the crystal without FFT grid
 48
Space group 227, symbol Fd-3m                
r01 =     1   0   0     0   1   0     0   0   1      0.000000    0.000000    0.000000
r02 =     1   0   0     0   1   0    -1  -1  -1      0.000000    0.000000    3.141593
r03 =     0  -1   0    -1   0   0     0   0  -1      0.000000    0.000000    0.000000
r04 =     0  -1   0    -1   0   0     1   1   1      0.000000    0.000000    3.141593
r05 =     1   1   1     0  -1   0     0   0  -1      3.141593    0.000000    0.000000
r06 =     0   1   0    -1  -1  -1     1   0   0      0.000000    0.000000    3.141593
r07 =     1   1   1     0  -1   0    -1   0   0      0.000000    0.000000    3.141593
r08 =     0   1   0    -1  -1  -1     0   0   1      3.141593    0.000000    0.000000
r09 =     0   0  -1     1   1   1    -1   0   0      0.000000    3.141593    0.000000
r10 =     0   0  -1     1   1   1     0  -1   0      3.141593    0.000000    0.000000
r11 =    -1  -1  -1     0   0   1     1   0   0      0.000000    3.141593    0.000000
r12 =    -1  -1  -1     0   0   1     0   1   0      3.141593    0.000000    0.000000
r13 =    -1   0   0     0  -1   0     0   0  -1      0.000000    0.000000    0.000000
r14 =     0   1   0     1   0   0     0   0   1      0.000000    0.000000    0.000000
r15 =    -1   0   0     0  -1   0     1   1   1      0.000000    0.000000    3.141593
r16 =     0   1   0     1   0   0    -1  -1  -1      0.000000    0.000000    3.141593
r17 =    -1  -1  -1     0   1   0     0   0   1      3.141593    0.000000    0.000000
r18 =     0  -1   0     1   1   1    -1   0   0      0.000000    0.000000    3.141593
r19 =    -1  -1  -1     0   1   0     1   0   0      0.000000    0.000000    3.141593
r20 =     0  -1   0     1   1   1     0   0  -1      3.141593    0.000000    0.000000
r21 =     0   0   1    -1  -1  -1     1   0   0      0.000000    3.141593    0.000000
r22 =     1   1   1     0   0  -1    -1   0   0      0.000000    3.141593    0.000000
r23 =     0   0   1    -1  -1  -1     0   1   0      3.141593    0.000000    0.000000
r24 =     1   1   1     0   0  -1     0  -1   0      3.141593    0.000000    0.000000
r25 =     0   0  -1     0  -1   0     1   1   1      3.141593    0.000000    0.000000
r26 =     0   0  -1     0  -1   0    -1   0   0      0.000000    0.000000    0.000000
r27 =     0   1   0     0   0   1     1   0   0      0.000000    0.000000    0.000000
r28 =     0   1   0     0   0   1    -1  -1  -1      3.141593    0.000000    0.000000
r29 =     1   0   0    -1  -1  -1     0   1   0      0.000000    0.000000    3.141593
r30 =     1   1   1    -1   0   0     0   0  -1      0.000000    3.141593    0.000000
r31 =     1   0   0    -1  -1  -1     0   0   1      0.000000    3.141593    0.000000
r32 =     1   1   1    -1   0   0     0  -1   0      0.000000    0.000000    3.141593
r33 =     0   0   1     0   1   0     1   0   0      0.000000    0.000000    0.000000
r34 =     0  -1   0     0   0  -1    -1   0   0      0.000000    0.000000    0.000000
r35 =     0   0   1     0   1   0    -1  -1  -1      3.141593    0.000000    0.000000
r36 =     0  -1   0     0   0  -1     1   1   1      3.141593    0.000000    0.000000
r37 =    -1  -1  -1     1   0   0     0   0   1      0.000000    3.141593    0.000000
r38 =    -1   0   0     1   1   1     0   0  -1      0.000000    3.141593    0.000000
r39 =    -1   0   0     1   1   1     0  -1   0      0.000000    0.000000    3.141593
r40 =    -1  -1  -1     1   0   0     0   1   0      0.000000    0.000000    3.141593
r41 =     0   0  -1    -1   0   0     1   1   1      0.000000    3.141593    0.000000
r42 =     1   0   0     0   0   1     0   1   0      0.000000    0.000000    0.000000
r43 =     1   0   0     0   0   1    -1  -1  -1      0.000000    3.141593    0.000000
r44 =     0   0  -1    -1   0   0     0  -1   0      0.000000    0.000000    0.000000
r45 =     0   0   1     1   0   0    -1  -1  -1      0.000000    3.141593    0.000000
r46 =    -1   0   0     0   0  -1     0  -1   0      0.000000    0.000000    0.000000
r47 =    -1   0   0     0   0  -1     1   1   1      0.000000    3.141593    0.000000
r48 =     0   0   1     1   0   0     0   1   0      0.000000    0.000000    0.000000

FFT grid:     24    24    24

symmetries of the crystal with FFT grid
 48
Space group 227, symbol Fd-3m                
r01 =     1   0   0     0   1   0     0   0   1      0.000000    0.000000    0.000000
r02 =     1   0   0     0   1   0    -1  -1  -1      0.000000    0.000000    3.141593
r03 =     0  -1   0    -1   0   0     0   0  -1      0.000000    0.000000    0.000000
r04 =     0  -1   0    -1   0   0     1   1   1      0.000000    0.000000    3.141593
r05 =     1   1   1     0  -1   0     0   0  -1      3.141593    0.000000    0.000000
r06 =     0   1   0    -1  -1  -1     1   0   0      0.000000    0.000000    3.141593
r07 =     1   1   1     0  -1   0    -1   0   0      0.000000    0.000000    3.141593
r08 =     0   1   0    -1  -1  -1     0   0   1      3.141593    0.000000    0.000000
r09 =     0   0  -1     1   1   1    -1   0   0      0.000000    3.141593    0.000000
r10 =     0   0  -1     1   1   1     0  -1   0      3.141593    0.000000    0.000000
r11 =    -1  -1  -1     0   0   1     1   0   0      0.000000    3.141593    0.000000
r12 =    -1  -1  -1     0   0   1     0   1   0      3.141593    0.000000    0.000000
r13 =    -1   0   0     0  -1   0     0   0  -1      0.000000    0.000000    0.000000
r14 =     0   1   0     1   0   0     0   0   1      0.000000    0.000000    0.000000
r15 =    -1   0   0     0  -1   0     1   1   1      0.000000    0.000000    3.141593
r16 =     0   1   0     1   0   0    -1  -1  -1      0.000000    0.000000    3.141593
r17 =    -1  -1  -1     0   1   0     0   0   1      3.141593    0.000000    0.000000
r18 =     0  -1   0     1   1   1    -1   0   0      0.000000    0.000000    3.141593
r19 =    -1  -1  -1     0   1   0     1   0   0      0.000000    0.000000    3.141593
r20 =     0  -1   0     1   1   1     0   0  -1      3.141593    0.000000    0.000000
r21 =     0   0   1    -1  -1  -1     1   0   0      0.000000    3.141593    0.000000
r22 =     1   1   1     0   0  -1    -1   0   0      0.000000    3.141593    0.000000
r23 =     0   0   1    -1  -1  -1     0   1   0      3.141593    0.000000    0.000000
r24 =     1   1   1     0   0  -1     0  -1   0      3.141593    0.000000    0.000000
r25 =     0   0  -1     0  -1   0     1   1   1      3.141593    0.000000    0.000000
r26 =     0   0  -1     0  -1   0    -1   0   0      0.000000    0.000000    0.000000
r27 =     0   1   0     0   0   1     1   0   0      0.000000    0.000000    0.000000
r28 =     0   1   0     0   0   1    -1  -1  -1      3.141593    0.000000    0.000000
r29 =     1   0   0    -1  -1  -1     0   1   0      0.000000    0.000000    3.141593
r30 =     1   1   1    -1   0   0     0   0  -1      0.000000    3.141593    0.000000
r31 =     1   0   0    -1  -1  -1     0   0   1      0.000000    3.141593    0.000000
r32 =     1   1   1    -1   0   0     0  -1   0      0.000000    0.000000    3.141593
r33 =     0   0   1     0   1   0     1   0   0      0.000000    0.000000    0.000000
r34 =     0  -1   0     0   0  -1    -1   0   0      0.000000    0.000000    0.000000
r35 =     0   0   1     0   1   0    -1  -1  -1      3.141593    0.000000    0.000000
r36 =     0  -1   0     0   0  -1     1   1   1      3.141593    0.000000    0.000000
r37 =    -1  -1  -1     1   0   0     0   0   1      0.000000    3.141593    0.000000
r38 =    -1   0   0     1   1   1     0   0  -1      0.000000    3.141593    0.000000
r39 =    -1   0   0     1   1   1     0  -1   0      0.000000    0.000000    3.141593
r40 =    -1  -1  -1     1   0   0     0   1   0      0.000000    0.000000    3.141593
r41 =     0   0  -1    -1   0   0     1   1   1      0.000000    3.141593    0.000000
r42 =     1   0   0     0   0   1     0   1   0      0.000000    0.000000    0.000000
r43 =     1   0   0     0   0   1    -1  -1  -1      0.000000    3.141593    0.000000
r44 =     0   0  -1    -1   0   0     0  -1   0      0.000000    0.000000    0.000000
r45 =     0   0   1     1   0   0    -1  -1  -1      0.000000    3.141593    0.000000
r46 =    -1   0   0     0   0  -1     0  -1   0      0.000000    0.000000    0.000000
r47 =    -1   0   0     0   0  -1     1   1   1      0.000000    3.141593    0.000000
r48 =     0   0   1     1   0   0     0   1   0      0.000000    0.000000    0.000000

symmetries that reduce the k-points
r02 =     1   0   0     0   1   0    -1  -1  -1
r03 =     0  -1   0    -1   0   0     0   0  -1
r04 =     0  -1   0    -1   0   0     1   1   1
r05 =     1   1   1     0  -1   0     0   0  -1
r09 =     0   0  -1     1   1   1    -1   0   0
r10 =     0   0  -1     1   1   1     0  -1   0
r11 =    -1  -1  -1     0   0   1     1   0   0
r12 =    -1  -1  -1     0   0   1     0   1   0
r18 =     0  -1   0     1   1   1    -1   0   0
r21 =     0   0   1    -1  -1  -1     1   0   0
r22 =     1   1   1     0   0  -1    -1   0   0
r24 =     1   1   1     0   0  -1     0  -1   0
r26 =     0   0  -1     0  -1   0    -1   0   0
r28 =     0   1   0     0   0   1    -1  -1  -1

k-points in the original uniform grid
    216
      1  0.000000000  0.000000000  0.000000000   1.0       0  ---
      2  0.000000000  0.000000000  0.166666667   8.0       0  ---
      3  0.000000000  0.000000000  0.333333333   8.0       0  ---
      4  0.000000000  0.000000000  0.500000000   4.0       0  ---
      5  0.000000000  0.000000000  0.666666667   0.0       3  r03
      6  0.000000000  0.000000000  0.833333333   0.0       2  r03
      7  0.000000000  0.166666667  0.000000000   0.0       2  r11
      8  0.000000000  0.166666667  0.166666667   6.0       0  ---
      9  0.000000000  0.166666667  0.333333333  24.0       0  ---
     10  0.000000000  0.166666667  0.500000000  24.0       0  ---
     11  0.000000000  0.166666667  0.666666667  24.0       0  ---
     12  0.000000000  0.166666667  0.833333333  12.0       0  ---
     13  0.000000000  0.333333333  0.000000000   0.0       3  r11
     14  0.000000000  0.333333333  0.166666667   0.0       9  r12
     15  0.000000000  0.333333333  0.333333333   6.0       0  ---
     16  0.000000000  0.333333333  0.500000000  24.0       0  ---
     17  0.000000000  0.333333333  0.666666667  12.0       0  ---
     18  0.000000000  0.333333333  0.833333333   0.0      11  r24
     19  0.000000000  0.500000000  0.000000000   0.0       4  r11
     20  0.000000000  0.500000000  0.166666667   0.0      10  r12
     21  0.000000000  0.500000000  0.333333333   0.0      16  r12
     22  0.000000000  0.500000000  0.500000000   3.0       0  ---
     23  0.000000000  0.500000000  0.666666667   0.0      16  r05
     24  0.000000000  0.500000000  0.833333333   0.0      10  r05
     25  0.000000000  0.666666667  0.000000000   0.0       3  r05
     26  0.000000000  0.666666667  0.166666667   0.0      11  r05
     27  0.000000000  0.666666667  0.333333333   0.0      17  r05
     28  0.000000000  0.666666667  0.500000000   0.0      16  r05
     29  0.000000000  0.666666667  0.666666667   0.0      15  r05
     30  0.000000000  0.666666667  0.833333333   0.0       9  r05
     31  0.000000000  0.833333333  0.000000000   0.0       2  r05
     32  0.000000000  0.833333333  0.166666667   0.0      12  r05
     33  0.000000000  0.833333333  0.333333333   0.0      11  r05
     34  0.000000000  0.833333333  0.500000000   0.0      10  r05
     35  0.000000000  0.833333333  0.666666667   0.0       9  r05
     36  0.000000000  0.833333333  0.833333333   0.0       8  r05
     37  0.166666667  0.000000000  0.000000000   0.0       2  r03
     38  0.166666667  0.000000000  0.166666667   0.0       8  r02
     39  0.166666667  0.000000000  0.333333333   0.0       9  r03
     40  0.166666667  0.000000000  0.500000000   0.0      10  r03
     41  0.166666667  0.000000000  0.666666667   0.0      11  r03
     42  0.166666667  0.000000000  0.833333333   0.0      12  r03
     43  0.166666667  0.166666667  0.000000000   0.0       8  r05
     44  0.166666667  0.166666667  0.166666667   0.0       2  r02
     45  0.166666667  0.166666667  0.333333333   0.0      12  r05
     46  0.166666667  0.166666667  0.500000000   0.0      11  r05
     47  0.166666667  0.166666667  0.666666667   0.0      10  r05
     48  0.166666667  0.166666667  0.833333333   0.0       9  r05
     49  0.166666667  0.333333333  0.000000000   0.0       9  r22
     50  0.166666667  0.333333333  0.166666667   0.0      12  r02
     51  0.166666667  0.333333333  0.333333333   0.0       9  r04
     52  0.166666667  0.333333333  0.500000000  24.0       0  ---
     53  0.166666667  0.333333333  0.666666667  24.0       0  ---
     54  0.166666667  0.333333333  0.833333333   0.0      52  r28
     55  0.166666667  0.500000000  0.000000000   0.0      10  r22
     56  0.166666667  0.500000000  0.166666667   0.0      11  r02
     57  0.166666667  0.500000000  0.333333333   0.0      52  r18
     58  0.166666667  0.500000000  0.500000000   0.0      16  r04
     59  0.166666667  0.500000000  0.666666667  12.0       0  ---
     60  0.166666667  0.500000000  0.833333333   0.0      53  r24
     61  0.166666667  0.666666667  0.000000000   0.0      11  r05
     62  0.166666667  0.666666667  0.166666667   0.0      10  r02
     63  0.166666667  0.666666667  0.333333333   0.0      53  r05
     64  0.166666667  0.666666667  0.500000000   0.0      59  r05
     65  0.166666667  0.666666667  0.666666667   0.0      16  r04
     66  0.166666667  0.666666667  0.833333333   0.0      52  r05
     67  0.166666667  0.833333333  0.000000000   0.0      12  r05
     68  0.166666667  0.833333333  0.166666667   0.0       9  r02
     69  0.166666667  0.833333333  0.333333333   0.0      52  r05
     70  0.166666667  0.833333333  0.500000000   0.0      53  r05
     71  0.166666667  0.833333333  0.666666667   0.0      52  r03
     72  0.166666667  0.833333333  0.833333333   0.0       9  r03
     73  0.333333333  0.000000000  0.000000000   0.0       3  r03
     74  0.333333333  0.000000000  0.166666667   0.0       9  r02
     75  0.333333333  0.000000000  0.333333333   0.0      15  r02
     76  0.333333333  0.000000000  0.500000000   0.0      16  r03
     77  0.333333333  0.000000000  0.666666667   0.0      17  r03
     78  0.333333333  0.000000000  0.833333333   0.0      11  r03
     79  0.333333333  0.166666667  0.000000000   0.0       9  r09
     80  0.333333333  0.166666667  0.166666667   0.0      12  r02
     81  0.333333333  0.166666667  0.333333333   0.0       9  r02
     82  0.333333333  0.166666667  0.500000000   0.0      52  r10
     83  0.333333333  0.166666667  0.666666667   0.0      53  r10
     84  0.333333333  0.166666667  0.833333333   0.0      52  r05
     85  0.333333333  0.333333333  0.000000000   0.0      15  r05
     86  0.333333333  0.333333333  0.166666667   0.0       9  r02
     87  0.333333333  0.333333333  0.333333333   0.0       3  r02
     88  0.333333333  0.333333333  0.500000000   0.0      11  r04
     89  0.333333333  0.333333333  0.666666667   0.0      17  r05
     90  0.333333333  0.333333333  0.833333333   0.0      16  r05
     91  0.333333333  0.500000000  0.000000000   0.0      16  r22
     92  0.333333333  0.500000000  0.166666667   0.0      52  r02
     93  0.333333333  0.500000000  0.333333333   0.0      11  r02
     94  0.333333333  0.500000000  0.500000000   0.0      10  r04
     95  0.333333333  0.500000000  0.666666667   0.0      53  r04
     96  0.333333333  0.500000000  0.833333333   0.0      59  r26
     97  0.333333333  0.666666667  0.000000000   0.0      17  r21
     98  0.333333333  0.666666667  0.166666667   0.0      53  r02
     99  0.333333333  0.666666667  0.333333333   0.0      17  r02
    100  0.333333333  0.666666667  0.500000000   0.0      53  r09
    101  0.333333333  0.666666667  0.666666667   0.0      17  r03
    102  0.333333333  0.666666667  0.833333333   0.0      53  r03
    103  0.333333333  0.833333333  0.000000000   0.0      11  r03
    104  0.333333333  0.833333333  0.166666667   0.0      52  r02
    105  0.333333333  0.833333333  0.333333333   0.0      16  r02
    106  0.333333333  0.833333333  0.500000000   0.0      59  r03
    107  0.333333333  0.833333333  0.666666667   0.0      53  r03
    108  0.333333333  0.833333333  0.833333333   0.0      10  r03
    109  0.500000000  0.000000000  0.000000000   0.0       4  r03
    110  0.500000000  0.000000000  0.166666667   0.0      10  r02
    111  0.500000000  0.000000000  0.333333333   0.0      16  r02
    112  0.500000000  0.000000000  0.500000000   0.0      22  r02
    113  0.500000000  0.000000000  0.666666667   0.0      16  r03
    114  0.500000000  0.000000000  0.833333333   0.0      10  r03
    115  0.500000000  0.166666667  0.000000000   0.0      10  r09
    116  0.500000000  0.166666667  0.166666667   0.0      11  r02
    117  0.500000000  0.166666667  0.333333333   0.0      52  r02
    118  0.500000000  0.166666667  0.500000000   0.0      16  r02
    119  0.500000000  0.166666667  0.666666667   0.0      59  r10
    120  0.500000000  0.166666667  0.833333333   0.0      53  r09
    121  0.500000000  0.333333333  0.000000000   0.0      16  r05
    122  0.500000000  0.333333333  0.166666667   0.0      52  r02
    123  0.500000000  0.333333333  0.333333333   0.0      11  r02
    124  0.500000000  0.333333333  0.500000000   0.0      10  r02
    125  0.500000000  0.333333333  0.666666667   0.0      53  r04
    126  0.500000000  0.333333333  0.833333333   0.0      59  r05
    127  0.500000000  0.500000000  0.000000000   0.0      22  r05
    128  0.500000000  0.500000000  0.166666667   0.0      16  r02
    129  0.500000000  0.500000000  0.333333333   0.0      10  r02
    130  0.500000000  0.500000000  0.500000000   0.0       4  r02
    131  0.500000000  0.500000000  0.666666667   0.0      10  r03
    132  0.500000000  0.500000000  0.833333333   0.0      16  r03
    133  0.500000000  0.666666667  0.000000000   0.0      16  r03
    134  0.500000000  0.666666667  0.166666667   0.0      59  r02
    135  0.500000000  0.666666667  0.333333333   0.0      53  r02
    136  0.500000000  0.666666667  0.500000000   0.0      10  r02
    137  0.500000000  0.666666667  0.666666667   0.0      11  r03
    138  0.500000000  0.666666667  0.833333333   0.0      52  r03
    139  0.500000000  0.833333333  0.000000000   0.0      10  r03
    140  0.500000000  0.833333333  0.166666667   0.0      53  r02
    141  0.500000000  0.833333333  0.333333333   0.0      59  r02
    142  0.500000000  0.833333333  0.500000000   0.0      16  r02
    143  0.500000000  0.833333333  0.666666667   0.0      52  r03
    144  0.500000000  0.833333333  0.833333333   0.0      11  r03
    145  0.666666667  0.000000000  0.000000000   0.0       3  r03
    146  0.666666667  0.000000000  0.166666667   0.0      11  r02
    147  0.666666667  0.000000000  0.333333333   0.0      17  r02
    148  0.666666667  0.000000000  0.500000000   0.0      16  r02
    149  0.666666667  0.000000000  0.666666667   0.0      15  r02
    150  0.666666667  0.000000000  0.833333333   0.0       9  r03
    151  0.666666667  0.166666667  0.000000000   0.0      11  r09
    152  0.666666667  0.166666667  0.166666667   0.0      10  r02
    153  0.666666667  0.166666667  0.333333333   0.0      53  r02
    154  0.666666667  0.166666667  0.500000000   0.0      59  r02
    155  0.666666667  0.166666667  0.666666667   0.0      16  r02
    156  0.666666667  0.166666667  0.833333333   0.0      52  r09
    157  0.666666667  0.333333333  0.000000000   0.0      17  r09
    158  0.666666667  0.333333333  0.166666667   0.0      53  r02
    159  0.666666667  0.333333333  0.333333333   0.0      17  r02
    160  0.666666667  0.333333333  0.500000000   0.0      53  r02
    161  0.666666667  0.333333333  0.666666667   0.0      17  r02
    162  0.666666667  0.333333333  0.833333333   0.0      53  r03
    163  0.666666667  0.500000000  0.000000000   0.0      16  r03
    164  0.666666667  0.500000000  0.166666667   0.0      59  r02
    165  0.666666667  0.500000000  0.333333333   0.0      53  r02
    166  0.666666667  0.500000000  0.500000000   0.0      10  r02
    167  0.666666667  0.500000000  0.666666667   0.0      11  r02
    168  0.666666667  0.500000000  0.833333333   0.0      52  r03
    169  0.666666667  0.666666667  0.000000000   0.0      15  r03
    170  0.666666667  0.666666667  0.166666667   0.0      16  r02
    171  0.666666667  0.666666667  0.333333333   0.0      17  r02
    172  0.666666667  0.666666667  0.500000000   0.0      11  r02
    173  0.666666667  0.666666667  0.666666667   0.0       3  r02
    174  0.666666667  0.666666667  0.833333333   0.0       9  r03
    175  0.666666667  0.833333333  0.000000000   0.0       9  r03
    176  0.666666667  0.833333333  0.166666667   0.0      52  r02
    177  0.666666667  0.833333333  0.333333333   0.0      53  r02
    178  0.666666667  0.833333333  0.500000000   0.0      52  r02
    179  0.666666667  0.833333333  0.666666667   0.0       9  r02
    180  0.666666667  0.833333333  0.833333333   0.0      12  r03
    181  0.833333333  0.000000000  0.000000000   0.0       2  r03
    182  0.833333333  0.000000000  0.166666667   0.0      12  r02
    183  0.833333333  0.000000000  0.333333333   0.0      11  r02
    184  0.833333333  0.000000000  0.500000000   0.0      10  r02
    185  0.833333333  0.000000000  0.666666667   0.0       9  r02
    186  0.833333333  0.000000000  0.833333333   0.0       8  r02
    187  0.833333333  0.166666667  0.000000000   0.0      12  r09
    188  0.833333333  0.166666667  0.166666667   0.0       9  r02
    189  0.833333333  0.166666667  0.333333333   0.0      52  r02
    190  0.833333333  0.166666667  0.500000000   0.0      53  r02
    191  0.833333333  0.166666667  0.666666667   0.0      52  r02
    192  0.833333333  0.166666667  0.833333333   0.0       9  r02
    193  0.833333333  0.333333333  0.000000000   0.0      11  r03
    194  0.833333333  0.333333333  0.166666667   0.0      52  r02
    195  0.833333333  0.333333333  0.333333333   0.0      16  r02
    196  0.833333333  0.333333333  0.500000000   0.0      59  r02
    197  0.833333333  0.333333333  0.666666667   0.0      53  r02
    198  0.833333333  0.333333333  0.833333333   0.0      10  r02
    199  0.833333333  0.500000000  0.000000000   0.0      10  r03
    200  0.833333333  0.500000000  0.166666667   0.0      53  r02
    201  0.833333333  0.500000000  0.333333333   0.0      59  r02
    202  0.833333333  0.500000000  0.500000000   0.0      16  r02
    203  0.833333333  0.500000000  0.666666667   0.0      52  r02
    204  0.833333333  0.500000000  0.833333333   0.0      11  r02
    205  0.833333333  0.666666667  0.000000000   0.0       9  r03
    206  0.833333333  0.666666667  0.166666667   0.0      52  r02
    207  0.833333333  0.666666667  0.333333333   0.0      53  r02
    208  0.833333333  0.666666667  0.500000000   0.0      52  r02
    209  0.833333333  0.666666667  0.666666667   0.0       9  r02
    210  0.833333333  0.666666667  0.833333333   0.0      12  r02
    211  0.833333333  0.833333333  0.000000000   0.0       8  r03
    212  0.833333333  0.833333333  0.166666667   0.0       9  r02
    213  0.833333333  0.833333333  0.333333333   0.0      10  r02
    214  0.833333333  0.833333333  0.500000000   0.0      11  r02
    215  0.833333333  0.833333333  0.666666667   0.0      12  r02
    216  0.833333333  0.833333333  0.833333333   0.0       2  r02

k-points in the irreducible wedge
     16
      1  0.000000000  0.000000000  0.000000000   1.0       1
      2  0.000000000  0.000000000  0.166666667   8.0       2
      3  0.000000000  0.000000000  0.333333333   8.0       3
      4  0.000000000  0.000000000  0.500000000   4.0       4
      5  0.000000000  0.166666667  0.166666667   6.0       8
      6  0.000000000  0.166666667  0.333333333  24.0       9
      7  0.000000000  0.166666667  0.500000000  24.0      10
      8  0.000000000  0.166666667  0.666666667  24.0      11
      9  0.000000000  0.166666667  0.833333333  12.0      12
     10  0.000000000  0.333333333  0.333333333   6.0      15
     11  0.000000000  0.333333333  0.500000000  24.0      16
     12  0.000000000  0.333333333  0.666666667  12.0      17
     13  0.000000000  0.500000000  0.500000000   3.0      22
     14  0.166666667  0.333333333  0.500000000  24.0      52
     15  0.166666667  0.333333333  0.666666667  24.0      53
     16  0.166666667  0.500000000  0.666666667  12.0      59

