
 BerkeleyGW trunk revision 7008
 Epsilon code, Complex version, run on 25-Apr-2016 at 18:33:37 -0700

 Running MPI version (parallel)
 Running with 32 MPI task(s)
 Computing the static inverse dielectric matrix

 We are using matrix communication scheme

 We are communicating via MPI

 We are using a truncated Coulomb interaction: Cell Wire

 Highest occupied band (unshifted grid) = 40
 Valence max    (unshifted grid) = -.757434 eV
 Conduction min (unshifted grid) = -.689533 eV
 Middle energy  (unshifted grid) = -.723484 eV
 Fermi  energy  (unshifted grid) = -.723484 eV

 Running with 14 valence pools
 Number of conduction bands per processor: 2
 Number of valence bands per processor: 3

 Memory available:    3925.0 MB per PE
 Memory required for execution:  299.3 MB per PE
 Memory required for vcoul:   64.8 MB per PE

 Cell Volume = 0.359977648E+04

 Number of electrons per unit cell (from ifmax) = 80.000000
 Number of electrons per unit cell (from occupations) = 80.000000
 Plasma Frequency = 1.056920 Ry

 Screened Coulomb cutoff: 6.000 Ry
 Total number of bands: 44
 Number of q-points: 1

 Scissors parameters
 Valence:    es =   0.0000 eV, e0 =   0.0000 eV, edel =   0.0000
 Conduction: es =   0.0000 eV, e0 =   0.0000 eV, edel =   0.0000


     q= 0.0000 0.0000 0.0078  nmtx=     873  nrk=128

           independent matrix elements of chi       spin index= 1 1

          g          g**2          gp          gp**2          chi(g,gp)
    0    0    0   0.00000         0    0    0   0.00000       -0.0023830697   0.0000000000
    0    0    0   0.00000        -1    0    0   0.05849       -0.0010594299  -0.0000001111
    0    0    0   0.00000         1    0    0   0.05849       -0.0010594327   0.0000001247
    0    0    0   0.00000        -1   -1    0   0.05849       -0.0010595437  -0.0000000687
    0    0    0   0.00000         0   -1    0   0.05849       -0.0010592968   0.0000000425
    0    0    0   0.00000         0    1    0   0.05849       -0.0010592951  -0.0000000513
    0    0    0   0.00000         1    1    0   0.05849       -0.0010595422   0.0000000638
    0    0    0   0.00000        -2   -1    0   0.17546        0.0003084490   0.0000000832
    0    0    0   0.00000        -1    1    0   0.17546        0.0003087827   0.0000000405
    0    0    0   0.00000         1   -1    0   0.17546        0.0003087761  -0.0000000322
    0    0    0   0.00000         2    1    0   0.17546        0.0003084528  -0.0000000691
    0    0    0   0.00000        -1   -2    0   0.17546        0.0003086822  -0.0000000213
    0    0    0   0.00000         1    2    0   0.17546        0.0003086797  -0.0000000010
    0    0    0   0.00000        -2    0    0   0.23395        0.0005815880   0.0000001257
    0    0    0   0.00000         2    0    0   0.23395        0.0005815839  -0.0000001026
    0    0    0   0.00000        -2   -2    0   0.23395        0.0005814610   0.0000000663
    0    0    0   0.00000         0   -2    0   0.23395        0.0005813313  -0.0000000755
    0    0    0   0.00000         0    2    0   0.23395        0.0005813280   0.0000000602
    0    0    0   0.00000         2    2    0   0.23395        0.0005814643  -0.0000000742
    0    0    0   0.00000        -3   -1    0   0.40941        0.0006162408   0.0000002058
    0    0    0   0.00000        -2    1    0   0.40941        0.0006160374   0.0000001427
    0    0    0   0.00000         2   -1    0   0.40941        0.0006160288  -0.0000001328
    0    0    0   0.00000         3    1    0   0.40941        0.0006162460  -0.0000001945
    0    0    0   0.00000        -3   -2    0   0.40941        0.0006162128   0.0000001777
    0    0    0   0.00000        -1    2    0   0.40941        0.0006179501   0.0000001348
    0    0    0   0.00000         1   -2    0   0.40941        0.0006179474  -0.0000001359
    0    0    0   0.00000         3    2    0   0.40941        0.0006162180  -0.0000001761
    0    0    0   0.00000        -2   -3    0   0.40941        0.0006161320   0.0000000321
    0    0    0   0.00000        -1   -3    0   0.40941        0.0006180467  -0.0000000304
    0    0    0   0.00000         1    3    0   0.40941        0.0006180392   0.0000000188
    0    0    0   0.00000         2    3    0   0.40941        0.0006161312  -0.0000000418
    0    0    0   0.00000        -3    0    0   0.52638        0.0003894853   0.0000000936
    0    0    0   0.00000         4    1    1   2.61111        0.0000000827   0.0003805601
    0    0    0   0.00000        -4   -3   -1   2.61111       -0.0000000294   0.0003770472
    0    0    0   0.00000        -4   -3    1   2.61111       -0.0000001516   0.0003803282
    0    0    0   0.00000        -1    3   -1   2.61111        0.0000000133  -0.0001357810
    0    0    0   0.00000        -1    3    1   2.61111        0.0000000556  -0.0001350688
    0    0    0   0.00000         1   -3   -1   2.61111        0.0000000639   0.0001357990
    0    0    0   0.00000         1   -3    1   2.61111        0.0000000189   0.0001350554
    0    0    0   0.00000         4    3   -1   2.61111       -0.0000001522  -0.0003770533
    0    0    0   0.00000         4    3    1   2.61111       -0.0000000314  -0.0003803208
    0    0    0   0.00000        -3   -4   -1   2.61111       -0.0000000371  -0.0002416285
    0    0    0   0.00000        -3   -4    1   2.61111        0.0000000978  -0.0002455776
    0    0    0   0.00000        -1   -4   -1   2.61111        0.0000000095   0.0001330418
    0    0    0   0.00000        -1   -4    1   2.61111       -0.0000000017   0.0001344730
    0    0    0   0.00000         1    4   -1   2.61111        0.0000000012  -0.0001330412
    0    0    0   0.00000         1    4    1   2.61111        0.0000000130  -0.0001344722
    0    0    0   0.00000         3    4   -1   2.61111        0.0000000971   0.0002416075
    0    0    0   0.00000         3    4    1   2.61111       -0.0000000361   0.0002455942
    0    0    0   0.00000        -4    0   -1   2.78657        0.0000000761  -0.0001856682
    0    0    0   0.00000        -4    0    1   2.78657        0.0000001523  -0.0001888148
    0    0    0   0.00000         4    0   -1   2.78657        0.0000001571   0.0001856655
    0    0    0   0.00000         4    0    1   2.78657        0.0000000806   0.0001888246
    0    0    0   0.00000        -4   -4   -1   2.78657       -0.0000000379   0.0001883068
    0    0    0   0.00000        -4   -4    1   2.78657       -0.0000000826   0.0001895572
    0    0    0   0.00000         0   -4   -1   2.78657        0.0000001384   0.0003746620
    0    0    0   0.00000         0   -4    1   2.78657        0.0000000257   0.0003784893
    0    0    0   0.00000         0    4   -1   2.78657        0.0000000312  -0.0003746758
    0    0    0   0.00000         0    4    1   2.78657        0.0000001431  -0.0003784666
    0    0    0   0.00000         4    4   -1   2.78657       -0.0000000731  -0.0001883463
    0    0    0   0.00000         4    4    1   2.78657       -0.0000000277  -0.0001895142
    0    0    0   0.00000        -8   -4    0   2.80735        0.0002241883   0.0000001814
    0    0    0   0.00000        -4    4    0   2.80735       -0.0001488115  -0.0000000721
    0    0    0   0.00000         4   -4    0   2.80735       -0.0001488095   0.0000000726
    0    0    0   0.00000         4   -3    1   4.01478        0.0000000041   0.0000304227
    0    0    0   0.00000         7    3   -1   4.01478       -0.0000001104  -0.0000260519
    0    0    0   0.00000         7    3    1   4.01478       -0.0000000739  -0.0000243741
    0    0    0   0.00000        -7   -4   -1   4.01478        0.0000000230  -0.0000259869
    0    0    0   0.00000        -7   -4    1   4.01478        0.0000000298  -0.0000241424
    0    0    0   0.00000        -3    4   -1   4.01478        0.0000000256  -0.0000349400
    0    0    0   0.00000        -3    4    1   4.01478        0.0000000668  -0.0000315292
    0    0    0   0.00000         3   -4   -1   4.01478        0.0000000662   0.0000349527
    0    0    0   0.00000         3   -4    1   4.01478        0.0000000204   0.0000315161
    0    0    0   0.00000         7    4   -1   4.01478        0.0000000170   0.0000260114
    0    0    0   0.00000         7    4    1   4.01478        0.0000000094   0.0000241169
    0    0    0   0.00000        -4   -7   -1   4.01478        0.0000000482   0.0000364581
    0    0    0   0.00000        -4   -7    1   4.01478        0.0000000251   0.0000303557
    0    0    0   0.00000        -3   -7   -1   4.01478        0.0000000298   0.0000350322
    0    0    0   0.00000        -3   -7    1   4.01478       -0.0000000028   0.0000315785
    0    0    0   0.00000         3    7   -1   4.01478       -0.0000000130  -0.0000350064
    0    0    0   0.00000         3    7    1   4.01478        0.0000000199  -0.0000316014
    0    0    0   0.00000         4    7   -1   4.01478        0.0000000195  -0.0000364710
    0    0    0   0.00000         4    7    1   4.01478        0.0000000403  -0.0000303370
    0    0    0   0.00000        -7   -2   -1   4.13176       -0.0000000354   0.0000425720
    0    0    0   0.00000        -7   -2    1   4.13176       -0.0000000572   0.0000382210
    0    0    0   0.00000        -5    2   -1   4.13176       -0.0000000081  -0.0000459720
    0    0    0   0.00000        -5    2    1   4.13176       -0.0000000257  -0.0000408742
    0    0    0   0.00000         5   -2   -1   4.13176       -0.0000000201   0.0000459565
    0    0    0   0.00000         5   -2    1   4.13176       -0.0000000088   0.0000408877
    0    0    0   0.00000         7    2   -1   4.13176       -0.0000000594  -0.0000426013
    0    0    0   0.00000         7    2    1   4.13176       -0.0000000323  -0.0000381922
    0    0    0   0.00000        -7   -5   -1   4.13176        0.0000000809  -0.0000427006
    0    0    0   0.00000        -7   -5    1   4.13176        0.0000001011  -0.0000381982
    0    0    0   0.00000        -2    5   -1   4.13176        0.0000000096   0.0000141862
    0    0    0   0.00000        -2    5    1   4.13176        0.0000000195   0.0000134637
    0    0    0   0.00000         2   -5   -1   4.13176        0.0000000188  -0.0000141351
    0    0    0   0.00000        -9   -5    1   5.41846        0.0000000509  -0.0000624873
    0    0    0   0.00000        -4    5   -1   5.41846        0.0000000276  -0.0000645514
    0    0    0   0.00000        -4    5    1   5.41846        0.0000000680  -0.0000664530
    0    0    0   0.00000         4   -5   -1   5.41846        0.0000000734   0.0000645624
    0    0    0   0.00000         4   -5    1   5.41846        0.0000000362   0.0000664417
    0    0    0   0.00000         9    5   -1   5.41846        0.0000000607   0.0000618666
    0    0    0   0.00000         9    5    1   5.41846        0.0000000312   0.0000624573
    0    0    0   0.00000        -5   -9   -1   5.41846       -0.0000000075  -0.0000547459
    0    0    0   0.00000        -5   -9    1   5.41846        0.0000000109  -0.0000507583
    0    0    0   0.00000        -4   -9   -1   5.41846        0.0000000004   0.0000639701
    0    0    0   0.00000        -4   -9    1   5.41846       -0.0000000272   0.0000658862
    0    0    0   0.00000         4    9   -1   5.41846       -0.0000000156  -0.0000639539
    0    0    0   0.00000         4    9    1   5.41846        0.0000000125  -0.0000659007
    0    0    0   0.00000         5    9   -1   5.41846        0.0000000159   0.0000547374
    0    0    0   0.00000         5    9    1   5.41846       -0.0000000044   0.0000507669
    0    0    0   0.00000       -11   -4    0   5.43925       -0.0000435418  -0.0000000847
    0    0    0   0.00000        -7    4    0   5.43925       -0.0000673980  -0.0000000351
    0    0    0   0.00000         7   -4    0   5.43925       -0.0000673998   0.0000000429
    0    0    0   0.00000        11    4    0   5.43925       -0.0000435426   0.0000000990
    0    0    0   0.00000       -11   -7    0   5.43925       -0.0000430581  -0.0000000651
    0    0    0   0.00000        -4    7    0   5.43925        0.0000100897   0.0000000051
    0    0    0   0.00000         4   -7    0   5.43925        0.0000100909  -0.0000000133
    0    0    0   0.00000        11    7    0   5.43925       -0.0000430561   0.0000000464
    0    0    0   0.00000        -7  -11    0   5.43925       -0.0000672861   0.0000000119
    0    0    0   0.00000        -4  -11    0   5.43925        0.0000098297  -0.0000000101
    0    0    0   0.00000         4   11    0   5.43925        0.0000098273   0.0000000198
    0    0    0   0.00000         7   11    0   5.43925       -0.0000672861  -0.0000000207
    0    0    0   0.00000        -9   -3   -1   5.53543       -0.0000000285   0.0000292967
    0    0    0   0.00000        -9   -3    1   5.53543       -0.0000000562   0.0000319216
    0    0    0   0.00000        -6    3   -1   5.53543       -0.0000000132   0.0000165124
    0    0    0   0.00000        -6    3    1   5.53543       -0.0000000284   0.0000132141
    0    0    0   0.00000         6   -3   -1   5.53543       -0.0000000380  -0.0000165265
   -1    0    0   0.05849        -1    0    0   0.05849       -0.0029507793   0.0000000000
    1    0    0   0.05849         1    0    0   0.05849       -0.0029507783   0.0000000000
   -1   -1    0   0.05849        -1   -1    0   0.05849       -0.0029522020   0.0000000000
    0   -1    0   0.05849         0   -1    0   0.05849       -0.0029644848   0.0000000000
    0    1    0   0.05849         0    1    0   0.05849       -0.0029644777   0.0000000000
    1    1    0   0.05849         1    1    0   0.05849       -0.0029522040   0.0000000000
   -2   -1    0   0.17546        -2   -1    0   0.17546       -0.0033900167   0.0000000000
   -1    1    0   0.17546        -1    1    0   0.17546       -0.0033436919   0.0000000000
    1   -1    0   0.17546         1   -1    0   0.17546       -0.0033436820   0.0000000000
    2    1    0   0.17546         2    1    0   0.17546       -0.0033900252   0.0000000000
   -1   -2    0   0.17546        -1   -2    0   0.17546       -0.0033381176   0.0000000000
    1    2    0   0.17546         1    2    0   0.17546       -0.0033381091   0.0000000000
   -2    0    0   0.23395        -2    0    0   0.23395       -0.0032916440   0.0000000000
    2    0    0   0.23395         2    0    0   0.23395       -0.0032916366   0.0000000000
   -2   -2    0   0.23395        -2   -2    0   0.23395       -0.0032977594   0.0000000000
    0   -2    0   0.23395         0   -2    0   0.23395       -0.0033468606   0.0000000000
    0    2    0   0.23395         0    2    0   0.23395       -0.0033468572   0.0000000000
    2    2    0   0.23395         2    2    0   0.23395       -0.0032977658   0.0000000000
   -3   -1    0   0.40941        -3   -1    0   0.40941       -0.0028861039   0.0000000000
   -2    1    0   0.40941        -2    1    0   0.40941       -0.0028441274   0.0000000000
    2   -1    0   0.40941         2   -1    0   0.40941       -0.0028441289   0.0000000000
    3    1    0   0.40941         3    1    0   0.40941       -0.0028861000   0.0000000000
   -3   -2    0   0.40941        -3   -2    0   0.40941       -0.0028898795   0.0000000000
   -1    2    0   0.40941        -1    2    0   0.40941       -0.0028873373   0.0000000000
    1   -2    0   0.40941         1   -2    0   0.40941       -0.0028873345   0.0000000000
    3    2    0   0.40941         3    2    0   0.40941       -0.0028898890   0.0000000000
   -2   -3    0   0.40941        -2   -3    0   0.40941       -0.0028424490   0.0000000000
   -1   -3    0   0.40941        -1   -3    0   0.40941       -0.0028827878   0.0000000000
    1    3    0   0.40941         1    3    0   0.40941       -0.0028827846   0.0000000000
    2    3    0   0.40941         2    3    0   0.40941       -0.0028424434   0.0000000000
   -3    0    0   0.52638        -3    0    0   0.52638       -0.0025988778   0.0000000000
   -1   -1    1   1.90927         4    1    1   2.61111       -0.0001361375  -0.0000000022
    0   -1   -1   1.90927        -4   -3   -1   2.61111        0.0000169087   0.0000001727
    0   -1    1   1.90927        -4   -3    1   2.61111        0.0000173618   0.0000000650
    0    1   -1   1.90927        -1    3   -1   2.61111        0.0002997311  -0.0000000011
    0    1    1   1.90927        -1    3    1   2.61111        0.0002977373   0.0000000990
    1    1   -1   1.90927         1   -3   -1   2.61111       -0.0002548928   0.0000000424
    1    1    1   1.90927         1   -3    1   2.61111       -0.0002541917  -0.0000000293
   -2   -1   -1   2.02624         4    3   -1   2.61111       -0.0000754056  -0.0000000745
   -2   -1    1   2.02624         4    3    1   2.61111       -0.0000757816   0.0000000978
   -1    1   -1   2.02624        -3   -4   -1   2.61111       -0.0001440167   0.0000001347
   -1    1    1   2.02624        -3   -4    1   2.61111       -0.0001454783   0.0000000265
    1   -1   -1   2.02624        -1   -4   -1   2.61111        0.0006161662   0.0000000711
    1   -1    1   2.02624        -1   -4    1   2.61111        0.0006063728  -0.0000001589
    2    1   -1   2.02624         1    4   -1   2.61111       -0.0001844327  -0.0000000084
    2    1    1   2.02624         1    4    1   2.61111       -0.0001793911  -0.0000001048
   -1   -2   -1   2.02624         3    4   -1   2.61111       -0.0002785027  -0.0000000495
   -1   -2    1   2.02624         3    4    1   2.61111       -0.0002721294   0.0000000948
    1    2   -1   2.02624        -4    0   -1   2.78657       -0.0002641711   0.0000000354
    1    2    1   2.02624        -4    0    1   2.78657       -0.0002625790  -0.0000001767
   -2    0   -1   2.08473         4    0   -1   2.78657        0.0003111438  -0.0000003491
   -2    0    1   2.08473         4    0    1   2.78657        0.0003014668  -0.0000000539
    2    0   -1   2.08473        -4   -4   -1   2.78657        0.0001458825   0.0000000139
    2    0    1   2.08473        -4   -4    1   2.78657        0.0001329638   0.0000001471
   -2   -2   -1   2.08473         0   -4   -1   2.78657        0.0001607791  -0.0000000816
   -2   -2    1   2.08473         0   -4    1   2.78657        0.0001577499  -0.0000000495
    0   -2   -1   2.08473         0    4   -1   2.78657       -0.0004488104  -0.0000001040
    0   -2    1   2.08473         0    4    1   2.78657       -0.0004324787  -0.0000001275
    0    2   -1   2.08473         4    4   -1   2.78657       -0.0000207207  -0.0000001057
    0    2    1   2.08473         4    4    1   2.78657       -0.0000143609  -0.0000000763
    2    2   -1   2.08473        -8   -4    0   2.80735        0.0000003669  -0.0004160711
    2    2    1   2.08473        -4    4    0   2.80735       -0.0000000358   0.0000970944
   -6    0    0   2.10552         4   -4    0   2.80735       -0.0004353365   0.0000006680
    4    1    1   2.61111         4   -3    1   4.01478       -0.0001462642   0.0000000329
   -4   -3   -1   2.61111         7    3   -1   4.01478       -0.0000247905  -0.0000000519
   -4   -3    1   2.61111         7    3    1   4.01478       -0.0000267544  -0.0000001145
   -1    3   -1   2.61111        -7   -4   -1   4.01478        0.0002792583  -0.0000000794
   -1    3    1   2.61111        -7   -4    1   4.01478        0.0002740421   0.0000001223
    1   -3   -1   2.61111        -3    4   -1   4.01478       -0.0001003716  -0.0000000481
    1   -3    1   2.61111        -3    4    1   4.01478       -0.0001010993  -0.0000001052
    4    3   -1   2.61111         3   -4   -1   4.01478        0.0000898234   0.0000000108
    4    3    1   2.61111         3   -4    1   4.01478        0.0000845031   0.0000000262
   -3   -4   -1   2.61111         7    4   -1   4.01478        0.0000198772  -0.0000000117
   -3   -4    1   2.61111         7    4    1   4.01478        0.0000211649   0.0000001215
   -1   -4   -1   2.61111        -4   -7   -1   4.01478        0.0001532959   0.0000001318
   -1   -4    1   2.61111        -4   -7    1   4.01478        0.0001488036  -0.0000001257
    1    4   -1   2.61111        -3   -7   -1   4.01478       -0.0000978226  -0.0000000873
    1    4    1   2.61111        -3   -7    1   4.01478       -0.0000984328  -0.0000000427
    3    4   -1   2.61111         3    7   -1   4.01478        0.0000847847  -0.0000000913
    3    4    1   2.61111         3    7    1   4.01478        0.0000834896   0.0000002299
   -4    0   -1   2.78657         4    7   -1   4.01478       -0.0000295582   0.0000000242
   -4    0    1   2.78657         4    7    1   4.01478       -0.0000286423  -0.0000000073
    4    0   -1   2.78657        -7   -2   -1   4.13176        0.0000029067   0.0000000955
    4    0    1   2.78657        -7   -2    1   4.13176        0.0000030212   0.0000000654
   -4   -4   -1   2.78657        -5    2   -1   4.13176        0.0000537172   0.0000001910
   -4   -4    1   2.78657        -5    2    1   4.13176        0.0000524117  -0.0000001471
    0   -4   -1   2.78657         5   -2   -1   4.13176       -0.0001262614   0.0000001670
    0   -4    1   2.78657         5   -2    1   4.13176       -0.0001250308  -0.0000000213
    0    4   -1   2.78657         7    2   -1   4.13176        0.0000776393  -0.0000001223
    0    4    1   2.78657         7    2    1   4.13176        0.0000784080   0.0000000248
    4    4   -1   2.78657        -7   -5   -1   4.13176        0.0000036541  -0.0000000723
    4    4    1   2.78657        -7   -5    1   4.13176        0.0000038182  -0.0000000208
   -8   -4    0   2.80735        -2    5   -1   4.13176       -0.0000000243  -0.0000476903
   -4    4    0   2.80735        -2    5    1   4.13176        0.0000000006   0.0000551770
    4   -4    0   2.80735         2   -5   -1   4.13176        0.0000000141  -0.0000530412
    8    1    0   3.33373        -9   -5    1   5.41846        0.0000000972   0.0000010173
   -8   -7    0   3.33373        -4    5   -1   5.41846        0.0000000234   0.0000130811
   -1    7    0   3.33373        -4    5    1   5.41846        0.0000000231   0.0000610526
    1   -7    0   3.33373         4   -5   -1   5.41846        0.0000000186  -0.0000613272
    8    7    0   3.33373         4   -5    1   5.41846        0.0000000180  -0.0000124743
   -7   -8    0   3.33373         9    5   -1   5.41846       -0.0000002360  -0.0001286534
   -1   -8    0   3.33373         9    5    1   5.41846        0.0000000533   0.0000761059
    1    8    0   3.33373        -5   -9   -1   5.41846       -0.0000000516   0.0000150602
    7    8    0   3.33373        -5   -9    1   5.41846       -0.0000000553  -0.0000485436
   -6   -3   -1   3.42992        -4   -9   -1   5.41846        0.0000265945  -0.0000001073
   -6   -3    1   3.42992        -4   -9    1   5.41846        0.0000278015   0.0000000314
   -3    3   -1   3.42992         4    9   -1   5.41846       -0.0000023842  -0.0000000024
   -3    3    1   3.42992         4    9    1   5.41846       -0.0000031347   0.0000000027
    3   -3   -1   3.42992         5    9   -1   5.41846       -0.0000598512  -0.0000000410
    3   -3    1   3.42992         5    9    1   5.41846       -0.0000597423  -0.0000000416
    6    3   -1   3.42992       -11   -4    0   5.43925       -0.0000000573   0.0000187838
    6    3    1   3.42992        -7    4    0   5.43925       -0.0000001534   0.0000835069
   -3   -6   -1   3.42992         7   -4    0   5.43925       -0.0000000437  -0.0000588537
   -3   -6    1   3.42992        11    4    0   5.43925       -0.0000000625   0.0000105511
    3    6   -1   3.42992       -11   -7    0   5.43925        0.0000002146  -0.0001393298
    3    6    1   3.42992        -4    7    0   5.43925       -0.0000000031   0.0000041311
   -6   -2   -1   3.48840         4   -7    0   5.43925        0.0000000471   0.0001192840
   -6   -2    1   3.48840        11    7    0   5.43925        0.0000000138  -0.0000165725
   -4    2   -1   3.48840        -7  -11    0   5.43925        0.0000000563   0.0000303565
   -4    2    1   3.48840        -4  -11    0   5.43925       -0.0000000764  -0.0000779690
    4   -2   -1   3.48840         4   11    0   5.43925       -0.0000000815   0.0000787313
    4   -2    1   3.48840         7   11    0   5.43925        0.0000000549  -0.0000308592
    6    2   -1   3.48840        -9   -3   -1   5.53543       -0.0000387811  -0.0000000176
    6    2    1   3.48840        -9   -3    1   5.53543       -0.0000367079  -0.0000000648
   -6   -4   -1   3.48840        -6    3   -1   5.53543       -0.0000392347  -0.0000000881
   -6   -4    1   3.48840        -6    3    1   5.53543       -0.0000406172   0.0000000574
   -2    4   -1   3.48840         6   -3   -1   5.53543        0.0001004236  -0.0000001538
 
 For q0 points, you should check the symmetry (eps(G,G') = eps*(-G,-G')) by
 using the eps0sym code. Wavefunction convergence, as well as a finite q-shift
 may cause this property of eps(G,G') to be broken.


             g                   gp         inverse epsilon           nspin= 1
         0    0    0         0    0    0        0.13620519  -0.00000000
        -1    0    0         0    0    0       -0.02700850   0.00000294
        -1    0    0        -1    0    0        0.60998474   0.00000000
         1    0    0        -1    0    0        0.10090937   0.00001862
         1    0    0         1    0    0        0.60998488   0.00000000
        -1   -1    0         1    0    0        0.12333919  -0.00002093
        -1   -1    0        -1   -1    0        0.60997306   0.00000000
         0   -1    0        -1   -1    0       -0.07249124  -0.00001013
         0   -1    0         0   -1    0        0.60978818   0.00000000
         0    1    0         0   -1    0        0.09816121  -0.00001157
         0    1    0         0    1    0        0.60978836  -0.00000000
         1    1    0         0    1    0       -0.07249089  -0.00000615
         1    1    0         1    1    0        0.60997294  -0.00000000
        -2   -1    0         1    1    0        0.00305589  -0.00000232
        -2   -1    0        -2   -1    0        0.88161401   0.00000000
        -1    1    0        -2   -1    0        0.03939325   0.00000061
        -1    1    0        -1    1    0        0.88180579  -0.00000000
         1   -1    0        -1    1    0       -0.01021834  -0.00000383
         1   -1    0         1   -1    0        0.88180588  -0.00000000
         2    1    0         1   -1    0        0.03939355   0.00000018
         2    1    0         2    1    0        0.88161395  -0.00000000
        -1   -2    0         2    1    0        0.00712090  -0.00000096
        -1   -2    0        -1   -2    0        0.88182580  -0.00000000
         1    2    0        -1   -2    0       -0.01002929   0.00000059
         1    2    0         1    2    0        0.88182585   0.00000000
        -2    0    0         1    2    0        0.02689405  -0.00000749
        -2    0    0        -2    0    0        0.89821400   0.00000000
         2    0    0        -2    0    0       -0.00155620   0.00000049
         2    0    0         2    0    0        0.89821404  -0.00000000
        -2   -2    0         2    0    0       -0.00264675   0.00000133
        -2   -2    0        -2   -2    0        0.89819835   0.00000000
         0   -2    0        -2   -2    0        0.04470864   0.00000995
         0   -2    0         0   -2    0        0.89822190   0.00000000
         0    2    0         0   -2    0       -0.00658786   0.00000045
         0    2    0         0    2    0        0.89822191  -0.00000000
         2    2    0         0    2    0        0.04470894   0.00001003
         2    2    0         2    2    0        0.89819831  -0.00000000
        -3   -1    0         2    2    0       -0.00177557  -0.00000163
        -3   -1    0        -3   -1    0        0.88987653  -0.00000000
        -2    1    0        -3   -1    0        0.03881194   0.00000100
        -2    1    0        -2    1    0        0.88988713  -0.00000000
         2   -1    0        -2    1    0       -0.00071387   0.00000097
         2   -1    0         2   -1    0        0.88988709  -0.00000000
         3    1    0         2   -1    0        0.03881174  -0.00000020
         3    1    0         3    1    0        0.88987657   0.00000000
        -3   -2    0         3    1    0        0.01671339  -0.00000780
        -3   -2    0        -3   -2    0        0.88988228  -0.00000000
        -1    2    0        -3   -2    0        0.00174194   0.00000159
        -1    2    0        -1    2    0        0.88942931  -0.00000000
         1   -2    0        -1    2    0        0.01938911   0.00000626
         1   -2    0         1   -2    0        0.88942932  -0.00000000
         3    2    0         1   -2    0        0.00174193   0.00000220
         3    2    0         3    2    0        0.88988220  -0.00000000
        -2   -3    0         3    2    0        0.00856168  -0.00000444
        -2   -3    0        -2   -3    0        0.88988502   0.00000000
        -1   -3    0        -2   -3    0       -0.03590089  -0.00000510
        -1   -3    0        -1   -3    0        0.88942022  -0.00000000
         1    3    0        -1   -3    0        0.01957479  -0.00000133
         1    3    0         1    3    0        0.88942023   0.00000000
         2    3    0         1    3    0       -0.03590075  -0.00000306
         2    3    0         2    3    0        0.88988507   0.00000000
        -3    0    0         2    3    0       -0.00665521   0.00000138
        -3    0    0        -3    0    0        0.92837089   0.00000000
        -1   -1    1        -3    0    0        0.00000091   0.00255813
        -1   -1    1         4    1    1       -0.00143073   0.00000067
         0   -1   -1         4    1    1        0.00023127  -0.00000098
         0   -1   -1        -4   -3   -1        0.00030246   0.00000099
         0   -1    1        -4   -3   -1        0.00022869   0.00000034
         0   -1    1        -4   -3    1        0.00030237   0.00000013
         0    1   -1        -4   -3    1       -0.00080058  -0.00000072
         0    1   -1        -1    3   -1        0.00337478   0.00000006
         0    1    1        -1    3   -1        0.00170220  -0.00000012
         0    1    1        -1    3    1        0.00325367   0.00000121
         1    1   -1        -1    3    1        0.00069846   0.00000028
         1    1   -1         1   -3   -1       -0.00235911   0.00000067
         1    1    1         1   -3   -1       -0.00117798   0.00000029
         1    1    1         1   -3    1       -0.00228715   0.00000032
        -2   -1   -1         1   -3    1       -0.00153225  -0.00000079
        -2   -1   -1         4    3   -1       -0.00098044  -0.00000037
        -2   -1    1         4    3   -1       -0.00070556   0.00000118
        -2   -1    1         4    3    1       -0.00094874   0.00000065
        -1    1   -1         4    3    1       -0.00210579   0.00000060
        -1    1   -1        -3   -4   -1       -0.00137377   0.00000089
        -1    1    1        -3   -4   -1       -0.00099201   0.00000080
        -1    1    1        -3   -4    1       -0.00133546  -0.00000025
         1   -1   -1        -3   -4    1       -0.00038648   0.00000020
         1   -1   -1        -1   -4   -1        0.00538242   0.00000131
         1   -1    1        -1   -4   -1        0.00319421  -0.00000148
         1   -1    1        -1   -4    1        0.00514872  -0.00000122
         2    1   -1        -1   -4    1       -0.00150201  -0.00000073
         2    1   -1         1    4   -1       -0.00098080   0.00000038
         2    1    1         1    4   -1       -0.00068330  -0.00000015
         2    1    1         1    4    1       -0.00092782  -0.00000091
        -1   -2   -1         1    4    1        0.00104528  -0.00000014
        -1   -2   -1         3    4   -1       -0.00258348   0.00000018
        -1   -2    1         3    4   -1       -0.00178876   0.00000123
        -1   -2    1         3    4    1       -0.00246192   0.00000128
         1    2   -1         3    4    1        0.00058053   0.00000006
         1    2   -1        -4    0   -1       -0.00203002  -0.00000010
         1    2    1        -4    0   -1       -0.00142763  -0.00000016
         1    2    1        -4    0    1       -0.00196176  -0.00000210
        -2    0   -1        -4    0    1       -0.00062502   0.00000009
        -2    0   -1         4    0   -1        0.00258833  -0.00000294
        -2    0    1         4    0   -1        0.00161681  -0.00000106
        -2    0    1         4    0    1        0.00244666  -0.00000109
         2    0   -1         4    0    1       -0.00062467   0.00000015
         2    0   -1        -4   -4   -1        0.00035154   0.00000022
         2    0    1        -4   -4   -1        0.00052284   0.00000037
         2    0    1        -4   -4    1        0.00026693   0.00000059
        -2   -2   -1        -4   -4    1       -0.00064541  -0.00000034
        -2   -2   -1         0   -4   -1        0.00119451  -0.00000067
        -2   -2    1         0   -4   -1        0.00071742  -0.00000023
        -2   -2    1         0   -4    1        0.00114607  -0.00000033
         0   -2   -1         0   -4    1       -0.00079835  -0.00000047
         0   -2   -1         0    4   -1       -0.00417568  -0.00000087
         0   -2    1         0    4   -1       -0.00268509   0.00000036
         0   -2    1         0    4    1       -0.00393830  -0.00000108
         0    2   -1         0    4    1       -0.00079906  -0.00000042
         0    2   -1         4    4   -1        0.00014734  -0.00000053
         0    2    1         4    4   -1       -0.00010253  -0.00000032
         0    2    1         4    4    1        0.00019327   0.00000004
         2    2   -1         4    4    1       -0.00064573  -0.00000035
         2    2   -1        -8   -4    0        0.00000265  -0.00314256
         2    2    1        -8   -4    0        0.00000275  -0.00303053
         2    2    1        -4    4    0        0.00000030   0.00024139
        -6    0    0        -4    4    0       -0.00080904   0.00000002
        -6    0    0         4   -4    0       -0.00238886   0.00000365
         4    1    1         4   -4    0        0.00000129   0.00197852
         4    1    1         4   -3    1       -0.00098949   0.00000026
        -4   -3   -1         4   -3    1        0.00054731  -0.00000075
        -4   -3   -1         7    3   -1       -0.00015223  -0.00000005
        -4   -3    1         7    3   -1       -0.00019697   0.00000007
        -4   -3    1         7    3    1       -0.00016138  -0.00000040
        -1    3   -1         7    3    1        0.00002268  -0.00000075
        -1    3   -1        -7   -4   -1        0.00162225  -0.00000060
        -1    3    1        -7   -4   -1        0.00137758  -0.00000026
        -1    3    1        -7   -4    1        0.00155493   0.00000104
         1   -3   -1        -7   -4    1       -0.00056851  -0.00000095
         1   -3   -1        -3    4   -1       -0.00060008  -0.00000024
         1   -3    1        -3    4   -1       -0.00047774  -0.00000029
         1   -3    1        -3    4    1       -0.00058982  -0.00000045
         4    3   -1        -3    4    1        0.00116698   0.00000127
         4    3   -1         3   -4   -1        0.00026611   0.00000033
         4    3    1         3   -4   -1        0.00077206  -0.00000007
         4    3    1         3   -4    1        0.00023290   0.00000015
        -3   -4   -1         3   -4    1        0.00027847  -0.00000010
        -3   -4   -1         7    4   -1        0.00007847  -0.00000019
        -3   -4    1         7    4   -1       -0.00022872   0.00000020
        -3   -4    1         7    4    1        0.00008777   0.00000045
        -1   -4   -1         7    4    1        0.00000961   0.00000048
        -1   -4   -1        -4   -7   -1        0.00120500   0.00000106
        -1   -4    1        -4   -7   -1        0.00063824   0.00000018
        -1   -4    1        -4   -7    1        0.00114509  -0.00000073
         1    4   -1        -4   -7    1       -0.00024392   0.00000018
         1    4   -1        -3   -7   -1       -0.00059544  -0.00000026
         1    4    1        -3   -7   -1       -0.00046560  -0.00000021
         1    4    1        -3   -7    1       -0.00058393  -0.00000010
         3    4   -1        -3   -7    1        0.00037807   0.00000058
         3    4   -1         3    7   -1        0.00089610  -0.00000079
         3    4    1         3    7   -1        0.00024242  -0.00000007
         3    4    1         3    7    1        0.00086547   0.00000140
        -4    0   -1         3    7    1        0.00097900  -0.00000019
        -4    0   -1         4    7   -1       -0.00020933  -0.00000015
        -4    0    1         4    7   -1       -0.00006728  -0.00000016
        -4    0    1         4    7    1       -0.00020476   0.00000012
         4    0   -1         4    7    1       -0.00014548  -0.00000021
         4    0   -1        -7   -2   -1       -0.00023584  -0.00000000
         4    0    1        -7   -2   -1        0.00035499   0.00000026
         4    0    1        -7   -2    1       -0.00023628  -0.00000012
        -4   -4   -1        -7   -2    1       -0.00056785  -0.00000072
        -4   -4   -1        -5    2   -1       -0.00008600   0.00000098
        -4   -4    1        -5    2   -1        0.00037891  -0.00000005
        -4   -4    1        -5    2    1       -0.00008782  -0.00000088
         0   -4   -1        -5    2    1       -0.00033390  -0.00000140
         0   -4   -1         5   -2   -1       -0.00069053   0.00000114
         0   -4    1         5   -2   -1       -0.00055918   0.00000121
         0   -4    1         5   -2    1       -0.00067318  -0.00000023
         0    4   -1         5   -2    1       -0.00033339  -0.00000055
         0    4   -1         7    2   -1        0.00074075  -0.00000104
         0    4    1         7    2   -1        0.00034520  -0.00000084
         0    4    1         7    2    1        0.00072399  -0.00000007
         4    4   -1         7    2    1       -0.00056842   0.00000033
         4    4   -1        -7   -5   -1       -0.00024069  -0.00000027
         4    4    1        -7   -5   -1        0.00035842  -0.00000005
         4    4    1        -7   -5    1       -0.00024072  -0.00000012
        -8   -4    0        -7   -5    1       -0.00000060  -0.00020044
        -8   -4    0        -2    5   -1       -0.00000008  -0.00022138
        -4    4    0        -2    5   -1        0.00000018   0.00012844
        -4    4    0        -2    5    1       -0.00000010   0.00013730
         4   -4    0        -2    5    1       -0.00000081   0.00011457
         4   -4    0         2   -5   -1       -0.00000005  -0.00012812
         8    1    0         2   -5   -1        0.00000002  -0.00044603
         8    1    0        -9   -5    1        0.00000067  -0.00005424
        -8   -7    0        -9   -5    1        0.00000080  -0.00022694
        -8   -7    0        -4    5   -1        0.00000013   0.00019496
        -1    7    0        -4    5   -1       -0.00000022   0.00048865
        -1    7    0        -4    5    1        0.00000003   0.00048546
         1   -7    0        -4    5    1        0.00000064  -0.00016839
         1   -7    0         4   -5   -1        0.00000002  -0.00048831
         8    7    0         4   -5   -1       -0.00000030  -0.00019486
         8    7    0         4   -5    1        0.00000011  -0.00019222
        -7   -8    0         4   -5    1       -0.00000026  -0.00006524
        -7   -8    0         9    5   -1       -0.00000134  -0.00071965
        -1   -8    0         9    5   -1        0.00000039   0.00037777
        -1   -8    0         9    5    1        0.00000028   0.00038168
         1    8    0         9    5    1        0.00000050   0.00012420
         1    8    0        -5   -9   -1       -0.00000022   0.00018633
         7    8    0        -5   -9   -1        0.00000069  -0.00033322
         7    8    0        -5   -9    1       -0.00000048  -0.00032741
        -6   -3   -1        -5   -9    1        0.00019869  -0.00000027
        -6   -3   -1        -4   -9   -1        0.00013410  -0.00000066
        -6   -3    1        -4   -9   -1        0.00002611   0.00000002
        -6   -3    1        -4   -9    1        0.00014286   0.00000034
        -3    3   -1        -4   -9    1        0.00009412   0.00000012
        -3    3   -1         4    9   -1       -0.00021903   0.00000002
        -3    3    1         4    9   -1        0.00022534  -0.00000020
        -3    3    1         4    9    1       -0.00021965   0.00000009
         3   -3   -1         4    9    1        0.00009409   0.00000016
         3   -3   -1         5    9   -1       -0.00032466  -0.00000028
         3   -3    1         5    9   -1        0.00003626  -0.00000016
         3   -3    1         5    9    1       -0.00032118  -0.00000016
         6    3   -1         5    9    1        0.00019880  -0.00000015
         6    3   -1       -11   -4    0       -0.00000025   0.00008508
         6    3    1       -11   -4    0       -0.00000034   0.00009200
         6    3    1        -7    4    0       -0.00000076   0.00037769
        -3   -6   -1        -7    4    0       -0.00000039   0.00024542
        -3   -6   -1         7   -4    0       -0.00000011  -0.00027287
        -3   -6    1         7   -4    0       -0.00000055  -0.00026845
        -3   -6    1        11    4    0       -0.00000037   0.00010208
         3    6   -1        11    4    0        0.00000006   0.00045415
         3    6   -1       -11   -7    0        0.00000114  -0.00059840
         3    6    1       -11   -7    0       -0.00000005  -0.00058614
         3    6    1        -4    7    0       -0.00000004  -0.00017310
        -6   -2   -1        -4    7    0       -0.00000006   0.00038097
        -6   -2   -1         4   -7    0        0.00000011   0.00051786
        -6   -2    1         4   -7    0        0.00000102   0.00051014
        -6   -2    1        11    7    0        0.00000003  -0.00011593
        -4    2   -1        11    7    0        0.00000013  -0.00011868
        -4    2   -1        -7  -11    0        0.00000027   0.00028247
        -4    2    1        -7  -11    0        0.00000010   0.00028160
        -4    2    1        -4  -11    0       -0.00000042  -0.00037430
         4   -2   -1        -4  -11    0        0.00000039   0.00005359
         4   -2   -1         4   11    0       -0.00000043   0.00038144
         4   -2    1         4   11    0       -0.00000037   0.00037441
         4   -2    1         7   11    0        0.00000027  -0.00028155
         6    2   -1         7   11    0       -0.00000035   0.00040499
         6    2   -1        -9   -3   -1        0.00005987   0.00000022
         6    2    1        -9   -3   -1       -0.00025722  -0.00000049
         6    2    1        -9   -3    1        0.00006833   0.00000000
        -6   -4   -1        -9   -3    1       -0.00005104  -0.00000012
        -6   -4   -1        -6    3   -1       -0.00032621  -0.00000063
        -6   -4    1        -6    3   -1        0.00022066  -0.00000010
        -6   -4    1        -6    3    1       -0.00032809   0.00000027
        -2    4   -1        -6    3    1       -0.00013673  -0.00000014
        -2    4   -1         6   -3   -1        0.00056513  -0.00000074
         4   -3    1         6   -3   -1       -0.00002608   0.00000002
