
 BerkeleyGW version 2.1+git v2.1-44-g1d87f52-dirty by FangzhouZhao <zhaofangzhou@berkeley.edu> at 2020-06-27 15:56:51 -0700
 Epsilon code, Complex version, run on 27-May-2021 at 11:45:23 -0700

 Running MPI version (parallel)
 Running with 32 MPI task(s)
 Computing the static inverse dielectric matrix

 We are using matrix communication scheme

 We are communicating via MPI

 We are using no truncation
 Highest occupied band (unshifted grid) = 4
 Valence max    (unshifted grid) = 5.843264 eV
 Conduction min (unshifted grid) = 7.218457 eV
 Middle energy  (unshifted grid) = 6.530860 eV
 Fermi  energy  (unshifted grid) = 6.530860 eV

 Highest occupied band (shifted grid) = 4
 Running with 2 valence pools
 Number of conduction bands per processor: 2
 Number of valence bands per processor: 2

 Memory available: 3944.5 MB per PE
 Memory required for execution: 7.9 MB per PE
 Memory required for vcoul: .0 MB per PE

 Cell Volume = 0.270106146E+03

 Number of electrons per unit cell (from ifmax) = 8.000000
 Number of electrons per unit cell (from occupations) = 8.000000
 Plasma Frequency = 1.220148 Ry

 - Screened Coulomb cutoff: 10.000 Ry
 - Total number of bands: 29
 - Number of q-points: 10

 Scissors parameters:
 - Valence:    es =   0.0000 eV, e0 =   0.0000 eV, edel =   0.0000
 - Conduction: es =   0.0000 eV, e0 =   0.0000 eV, edel =   0.0000
 Highest occupied band (shifted grid) = 4


     q= 0.0000 0.0000 0.0010  nmtx=     137  nrk=110

           independent matrix elements of chi       spin index= 1 1

          g          g**2          gp          gp**2          chi(g,gp)
    0    0    0   0.00000         0    0    0   0.00000       -0.0000004588   0.0000000000
    0    0    0   0.00000        -1   -1   -1   1.12482       -0.0000104604  -0.0000000000
    0    0    0   0.00000        -1    0    0   1.12482       -0.0000106620   0.0000000000
    0    0    0   0.00000         0   -1    0   1.12482       -0.0000106620   0.0000000000
    0    0    0   0.00000         0    0   -1   1.12482        0.0000317187  -0.0000000000
    0    0    0   0.00000         0    0    1   1.12482       -0.0000316393  -0.0000000000
    0    0    0   0.00000         0    1    0   1.12482        0.0000104604   0.0000000000
    0    0    0   0.00000         1    0    0   1.12482        0.0000104604   0.0000000000
    0    0    0   0.00000         1    1    1   1.12482        0.0000106620  -0.0000000000
    0    0    0   0.00000        -1   -1    0   1.49977       -0.0000000254   0.0000000000
    0    0    0   0.00000        -1    0   -1   1.49977        0.0000000236  -0.0000000000
    0    0    0   0.00000         0   -1   -1   1.49977        0.0000000236  -0.0000000000
    0    0    0   0.00000         0    1    1   1.49977        0.0000000254  -0.0000000000
    0    0    0   0.00000         1    0    1   1.49977        0.0000000254  -0.0000000000
    0    0    0   0.00000         1    1    0   1.49977       -0.0000000236   0.0000000000
    0    0    0   0.00000        -2   -1   -1   2.99953        0.0000000089   0.0000000000
    0    0    0   0.00000        -1   -2   -1   2.99953        0.0000000089   0.0000000000
    0    0    0   0.00000         3    3    2   8.99859       -0.0000003770  -0.0000000000
   -1   -1   -1   1.12482        -1   -1   -1   1.12482       -0.0320305584  -0.0000000000
   -1    0    0   1.12482        -1    0    0   1.12482       -0.0320285349  -0.0000000000
    0   -1    0   1.12482         0   -1    0   1.12482       -0.0320285349  -0.0000000000
    0    0   -1   1.12482         0    0   -1   1.12482       -0.0320325010  -0.0000000000
    0    0    1   1.12482         0    0    1   1.12482       -0.0320264365   0.0000000000
    0    1    0   1.12482         0    1    0   1.12482       -0.0320305584  -0.0000000000
    1    0    0   1.12482         1    0    0   1.12482       -0.0320305584  -0.0000000000
    1    1    1   1.12482         1    1    1   1.12482       -0.0320285349  -0.0000000000
   -1   -1    0   1.49977        -1   -1    0   1.49977       -0.0318234541  -0.0000000000
   -1    0   -1   1.49977        -1    0   -1   1.49977       -0.0318394669   0.0000000000
    0   -1   -1   1.49977         0   -1   -1   1.49977       -0.0318394669   0.0000000000
    0    1    1   1.49977         0    1    1   1.49977       -0.0318234541  -0.0000000000
    1    0    1   1.49977         1    0    1   1.49977       -0.0318234541   0.0000000000
    1    1    0   1.49977         1    1    0   1.49977       -0.0318394669   0.0000000000
   -2   -1   -1   2.99953        -2   -1   -1   2.99953       -0.0216820965   0.0000000000
   -1   -2   -1   2.99953        -1   -2   -1   2.99953       -0.0216820965   0.0000000000
   -2   -2   -3   7.12389         3    3    2   8.99859       -0.0000780489   0.0000000000
 
 For q0 points, you should check the symmetry (eps(G,G') = eps*(-G,-G')) by
 using the eps0sym code. Wavefunction convergence, as well as a finite q-shift
 may cause this property of eps(G,G') to be broken.


             g                   gp         inverse epsilon           nspin= 1
         0    0    0         0    0    0        0.09908431   0.00000000
        -1   -1   -1         0    0    0       -0.00001271   0.00000000
        -1   -1   -1        -1   -1   -1        0.61333570  -0.00000000
        -1    0    0        -1   -1   -1        0.00487656   0.00000000
        -1    0    0        -1    0    0        0.61373562  -0.00000000
         0   -1    0        -1    0    0        0.00615841   0.00000000
         0   -1    0         0   -1    0        0.61373562  -0.00000000
         0    0   -1         0   -1    0       -0.00048345  -0.00000000
         0    0   -1         0    0   -1        0.62637807  -0.00000000
         0    0    1         0    0   -1        0.04092129   0.00000001
         0    0    1         0    0    1        0.62729092   0.00000000
         0    1    0         0    0    1       -0.00046905   0.00000000
         0    1    0         0    1    0        0.61333570  -0.00000000
         1    0    0         0    1    0        0.00619186   0.00000000
         1    0    0         1    0    0        0.61333570  -0.00000000
         1    1    1         1    0    0        0.00487656   0.00000000
         1    1    1         1    1    1        0.61373562  -0.00000000
        -1   -1    0         1    1    1        0.00575890  -0.00000000
        -1   -1    0        -1   -1    0        0.67915802  -0.00000000
        -1    0   -1        -1   -1    0        0.01028028  -0.00000000
        -1    0   -1        -1    0   -1        0.67860976   0.00000000
         0   -1   -1        -1    0   -1        0.01025960  -0.00000000
         0   -1   -1         0   -1   -1        0.67860976   0.00000000
         0    1    1         0   -1   -1       -0.00863716   0.00000000
         0    1    1         0    1    1        0.67915802  -0.00000000
         1    0    1         0    1    1        0.01028050   0.00000000
         1    0    1         1    0    1        0.67915802   0.00000000
         1    1    0         1    0    1        0.01028028  -0.00000000
         1    1    0         1    1    0        0.67860976   0.00000000
        -2   -1   -1         1    1    0       -0.00000604  -0.00000000
        -2   -1   -1        -2   -1   -1        0.86131349   0.00000000
        -1   -2   -1        -2   -1   -1        0.01021604  -0.00000000
        -1   -2   -1        -1   -2   -1        0.86131349   0.00000000
        -2   -2   -3        -1   -2   -1       -0.00293715   0.00000000
        -2   -2   -3         3    3    2       -0.00020365   0.00000000
        -2    0    1         3    3    2       -0.00035705   0.00000000


     q= 0.0000 0.0000 0.2000  nmtx=     150  nrk=110

           independent matrix elements of chi       spin index= 1 1

          g          g**2          gp          gp**2          chi(g,gp)
    0    0    0   0.04499         0    0    0   0.04499       -0.0112220493  -0.0000000000
    0    0    0   0.04499         0    0   -1   0.71989        0.0052922747   0.0000000000
    0    0    0   0.04499        -1   -1   -1   1.01984        0.0013448199  -0.0000000000
    0    0    0   0.04499         0    1    0   1.01984       -0.0013448199   0.0000000000
    0    0    0   0.04499         1    0    0   1.01984       -0.0013448199   0.0000000000
    0    0    0   0.04499        -1    0   -1   1.24481        0.0006286459  -0.0000000000
    0    0    0   0.04499         0   -1   -1   1.24481        0.0006286459  -0.0000000000
    0    0    0   0.04499         1    1    0   1.24481       -0.0006286459   0.0000000000
    0    0    0   0.04499        -1    0    0   1.31979       -0.0038230324  -0.0000000000
    0    0    0   0.04499         0   -1    0   1.31979       -0.0038230324  -0.0000000000
    0    0    0   0.04499         1    1    1   1.31979        0.0038230324   0.0000000000
    0    0    0   0.04499         0    0    1   1.61975       -0.0038927506  -0.0000000000
    0    0    0   0.04499        -1   -1    0   1.84471       -0.0004545919   0.0000000000
    0    0    0   0.04499         0    1    1   1.84471        0.0004545919  -0.0000000000
    0    0    0   0.04499         1    0    1   1.84471        0.0004545919  -0.0000000000
    0    0    0   0.04499        -1   -1   -2   2.44462        0.0002831668  -0.0000000000
    0    0    0   0.04499         0    1   -1   2.44462       -0.0002831668   0.0000000000
    0    0    0   0.04499         1    0   -1   2.44462       -0.0002831668  -0.0000000000
    0    0    0   0.04499        -3   -3   -3   9.71848        0.0000112322  -0.0000000000
    0    0    0   0.04499        -3    0   -2   9.71848        0.0000013625  -0.0000000000
    0    0    0   0.04499         0   -3   -2   9.71848        0.0000013625  -0.0000000000
    0    0    0   0.04499         0    3    0   9.71848       -0.0000112322   0.0000000000
    0    0    0   0.04499         3    0    0   9.71848       -0.0000112322   0.0000000000
    0    0    0   0.04499         3    3    1   9.71848       -0.0000013625   0.0000000000
    0    0   -1   0.71989         0    0   -1   0.71989       -0.0307627628   0.0000000000
   -1   -1   -1   1.01984        -1   -1   -1   1.01984       -0.0330650884   0.0000000000
    0    1    0   1.01984         0    1    0   1.01984       -0.0330650884  -0.0000000000
    1    0    0   1.01984         1    0    0   1.01984       -0.0330650884   0.0000000000
   -1    0   -1   1.24481        -1    0   -1   1.24481       -0.0331037321  -0.0000000000
    0   -1   -1   1.24481         0   -1   -1   1.24481       -0.0331037321   0.0000000000
    1    1    0   1.24481         1    1    0   1.24481       -0.0331037321   0.0000000000
   -1    0    0   1.31979        -1    0    0   1.31979       -0.0321275917  -0.0000000000
    0   -1    0   1.31979         0   -1    0   1.31979       -0.0321275917  -0.0000000000
    1    1    1   1.31979         1    1    1   1.31979       -0.0321275917  -0.0000000000
    0    0    1   1.61975         0    0    1   1.61975       -0.0300994745  -0.0000000000
   -1   -1    0   1.84471        -1   -1    0   1.84471       -0.0297321130   0.0000000000
    0    1    1   1.84471         0    1    1   1.84471       -0.0297321130   0.0000000000
    1    0    1   1.84471         1    0    1   1.84471       -0.0297321130   0.0000000000
   -1   -1   -2   2.44462        -1   -1   -2   2.44462       -0.0248316909  -0.0000000000
    0    1   -1   2.44462         0    1   -1   2.44462       -0.0248316909  -0.0000000000
    1    0   -1   2.44462         1    0   -1   2.44462       -0.0248316909  -0.0000000000
    0    2    2   6.64396        -3   -3   -3   9.71848        0.0001369833  -0.0000000000
    1   -1   -2   6.64396        -3    0   -2   9.71848        0.0001601629  -0.0000000000
    1    2   -1   6.64396         0   -3   -2   9.71848       -0.0001601629   0.0000000000
    2    0    2   6.64396         0    3    0   9.71848       -0.0001369833   0.0000000000
    2    1   -1   6.64396         3    0    0   9.71848       -0.0000256631   0.0000000000
   -3   -2   -2   7.01890         3    3    1   9.71848        0.0000521883  -0.0000000000


             g                   gp         inverse epsilon           nspin= 1
         0    0    0         0    0    0        0.15542086  -0.00000000
         0    0   -1         0    0    0        0.01261441  -0.00000000
         0    0   -1         0    0   -1        0.52934129   0.00000000
        -1   -1   -1         0    0   -1       -0.00117886   0.00000000
        -1   -1   -1        -1   -1   -1        0.58055889   0.00000000
         0    1    0        -1   -1   -1       -0.01063023   0.00000000
         0    1    0         0    1    0        0.58055889  -0.00000000
         1    0    0         0    1    0        0.01063023  -0.00000000
         1    0    0         1    0    0        0.58055889   0.00000000
        -1    0   -1         1    0    0        0.00430913  -0.00000000
        -1    0   -1        -1    0   -1        0.62848516  -0.00000000
         0   -1   -1        -1    0   -1        0.00850261  -0.00000000
         0   -1   -1         0   -1   -1        0.62848516   0.00000000
         1    1    0         0   -1   -1       -0.00850261  -0.00000000
         1    1    0         1    1    0        0.62848516   0.00000000
        -1    0    0         1    1    0        0.00570583   0.00000000
        -1    0    0        -1    0    0        0.65599520  -0.00000000
         0   -1    0        -1    0    0        0.00643095  -0.00000000
         0   -1    0         0   -1    0        0.65599520  -0.00000000
         1    1    1         0   -1    0       -0.00643095   0.00000000
         1    1    1         1    1    1        0.65599520  -0.00000000
         0    0    1         1    1    1       -0.00213843   0.00000000
         0    0    1         0    0    1        0.71540334  -0.00000000
        -1   -1    0         0    0    1        0.04607583  -0.00000000
        -1   -1    0        -1   -1    0        0.73597030   0.00000000
         0    1    1        -1   -1    0       -0.01221556  -0.00000000
         0    1    1         0    1    1        0.73597030   0.00000000
         1    0    1         0    1    1        0.01221556   0.00000000
         1    0    1         1    0    1        0.73597030   0.00000000
        -1   -1   -2         1    0    1        0.00126546   0.00000000
        -1   -1   -2        -1   -1   -2        0.81729267  -0.00000000
         0    1   -1        -1   -1   -2       -0.01287471  -0.00000000
         0    1   -1         0    1   -1        0.81729267  -0.00000000
         1    0   -1         0    1   -1        0.01287471   0.00000000
         1    0   -1         1    0   -1        0.81729267  -0.00000000
         0    2    2         1    0   -1        0.00011519  -0.00000000
         0    2    2        -3   -3   -3        0.00044986  -0.00000000
         1   -1   -2        -3   -3   -3        0.00049492   0.00000000
         1   -1   -2        -3    0   -2        0.00046719  -0.00000000
         1    2   -1        -3    0   -2        0.00056049   0.00000000
         1    2   -1         0   -3   -2       -0.00046719   0.00000000
         2    0    2         0   -3   -2        0.00057082  -0.00000000
         2    0    2         0    3    0       -0.00044986   0.00000000
         2    1   -1         0    3    0        0.00049492  -0.00000000
         2    1   -1         3    0    0        0.00001278   0.00000000
        -3   -2   -2         3    0    0        0.00006516  -0.00000000
        -3   -2   -2         3    3    1        0.00010501  -0.00000000
        -2   -3   -2         3    3    1        0.00010501   0.00000000


     q= 0.0000 0.0000 0.4000  nmtx=     147  nrk=110

           independent matrix elements of chi       spin index= 1 1

          g          g**2          gp          gp**2          chi(g,gp)
    0    0    0   0.17997         0    0    0   0.17997       -0.0216944348   0.0000000000
    0    0    0   0.17997         0    0   -1   0.40494        0.0070515621   0.0000000000
    0    0    0   0.17997        -1   -1   -1   1.00484        0.0039184294  -0.0000000000
    0    0    0   0.17997         0    1    0   1.00484       -0.0039184294  -0.0000000000
    0    0    0   0.17997         1    0    0   1.00484       -0.0039184294   0.0000000000
    0    0    0   0.17997        -1    0   -1   1.07983        0.0013313159  -0.0000000000
    0    0    0   0.17997         0   -1   -1   1.07983        0.0013313159  -0.0000000000
    0    0    0   0.17997         1    1    0   1.07983       -0.0013313159   0.0000000000
    0    0    0   0.17997        -1    0    0   1.60475       -0.0058651909  -0.0000000000
    0    0    0   0.17997         0   -1    0   1.60475       -0.0058651909   0.0000000000
    0    0    0   0.17997         1    1    1   1.60475        0.0058651909   0.0000000000
    0    0    0   0.17997        -1   -1   -2   1.97969       -0.0005793785   0.0000000000
    0    0    0   0.17997         0    1   -1   1.97969        0.0005793785  -0.0000000000
    0    0    0   0.17997         1    0   -1   1.97969        0.0005793785  -0.0000000000
    0    0    0   0.17997         0    0    1   2.20466       -0.0050687808  -0.0000000000
    0    0    0   0.17997        -1   -1    0   2.27964       -0.0006444060   0.0000000000
    0    0    0   0.17997         0    1    1   2.27964        0.0006444060  -0.0000000000
    0    0    0   0.17997         1    0    1   2.27964        0.0006444060  -0.0000000000
    0    0    0   0.17997        -2   -2   -4   9.77847        0.0003679526  -0.0000000000
    0    0    0   0.17997         0    2   -2   9.77847        0.0003679526  -0.0000000000
    0    0    0   0.17997         2    0   -2   9.77847        0.0003679526  -0.0000000000
    0    0   -1   0.40494         0    0   -1   0.40494       -0.0272641919   0.0000000000
   -1   -1   -1   1.00484        -1   -1   -1   1.00484       -0.0337817153   0.0000000000
    0    1    0   1.00484         0    1    0   1.00484       -0.0337817153   0.0000000000
    1    0    0   1.00484         1    0    0   1.00484       -0.0337817153  -0.0000000000
   -1    0   -1   1.07983        -1    0   -1   1.07983       -0.0337246297   0.0000000000
    0   -1   -1   1.07983         0   -1   -1   1.07983       -0.0337246297   0.0000000000
    1    1    0   1.07983         1    1    0   1.07983       -0.0337246297   0.0000000000
   -1    0    0   1.60475        -1    0    0   1.60475       -0.0306244653   0.0000000000
    0   -1    0   1.60475         0   -1    0   1.60475       -0.0306244653  -0.0000000000
    1    1    1   1.60475         1    1    1   1.60475       -0.0306244653   0.0000000000
   -1   -1   -2   1.97969        -1   -1   -2   1.97969       -0.0277945387   0.0000000000
    0    1   -1   1.97969         0    1   -1   1.97969       -0.0277945387   0.0000000000
    1    0   -1   1.97969         1    0   -1   1.97969       -0.0277945387   0.0000000000
    0    0    1   2.20466         0    0    1   2.20466       -0.0265702515  -0.0000000000
   -1   -1    0   2.27964        -1   -1    0   2.27964       -0.0262911785   0.0000000000
    0    1    1   2.27964         0    1    1   2.27964       -0.0262911785   0.0000000000
    1    0    1   2.27964         1    0    1   2.27964       -0.0262911785   0.0000000000
    2    1   -1   5.87908        -2   -2   -4   9.77847        0.0000807240  -0.0000000000
    0    0    2   6.47899         0    2   -2   9.77847        0.0000650891   0.0000000000
   -1    0   -3   6.77894         2    0   -2   9.77847       -0.0002095407   0.0000000000


             g                   gp         inverse epsilon           nspin= 1
         0    0    0         0    0    0        0.28059009   0.00000000
         0    0   -1         0    0    0        0.04024072  -0.00000000
         0    0   -1         0    0   -1        0.41447036   0.00000000
        -1   -1   -1         0    0   -1       -0.00137702   0.00000000
        -1   -1   -1        -1   -1   -1        0.57349711   0.00000000
         0    1    0        -1   -1   -1       -0.01143265   0.00000000
         0    1    0         0    1    0        0.57349711   0.00000000
         1    0    0         0    1    0        0.01143265  -0.00000000
         1    0    0         1    0    0        0.57349711  -0.00000000
        -1    0   -1         1    0    0        0.00011679  -0.00000000
        -1    0   -1        -1    0   -1        0.59131941   0.00000000
         0   -1   -1        -1    0   -1        0.00918968  -0.00000000
         0   -1   -1         0   -1   -1        0.59131941   0.00000000
         1    1    0         0   -1   -1       -0.00918968   0.00000000
         1    1    0         1    1    0        0.59131941   0.00000000
        -1    0    0         1    1    0        0.00327496   0.00000000
        -1    0    0        -1    0    0        0.70826188   0.00000000
         0   -1    0        -1    0    0        0.00834030  -0.00000000
         0   -1    0         0   -1    0        0.70826188  -0.00000000
         1    1    1         0   -1    0       -0.00834030   0.00000000
         1    1    1         1    1    1        0.70826188   0.00000000
        -1   -1   -2         1    1    1        0.02508913  -0.00000000
        -1   -1   -2        -1   -1   -2        0.76571230   0.00000000
         0    1   -1        -1   -1   -2       -0.01057983  -0.00000000
         0    1   -1         0    1   -1        0.76571230   0.00000000
         1    0   -1         0    1   -1        0.01057983   0.00000000
         1    0   -1         1    0   -1        0.76571230   0.00000000
         0    0    1         1    0   -1        0.00995076   0.00000000
         0    0    1         0    0    1        0.79382516  -0.00000000
        -1   -1    0         0    0    1        0.04317331   0.00000000
        -1   -1    0        -1   -1    0        0.79523994   0.00000000
         0    1    1        -1   -1    0       -0.01238694  -0.00000000
         0    1    1         0    1    1        0.79523994   0.00000000
         1    0    1         0    1    1        0.01238694   0.00000000
         1    0    1         1    0    1        0.79523994   0.00000000
         2    1   -1         1    0    1        0.00334973   0.00000000
         2    1   -1        -2   -2   -4        0.00016688  -0.00000000
         0    0    2        -2   -2   -4        0.00017106   0.00000000
         0    0    2         0    2   -2        0.00017106   0.00000000
        -1    0   -3         0    2   -2        0.00090471  -0.00000000
        -1    0   -3         2    0   -2       -0.00069835   0.00000000
         0   -1   -3         2    0   -2        0.00090471   0.00000000


     q= 0.0000 0.2000 0.2000  nmtx=     149  nrk= 75

           independent matrix elements of chi       spin index= 1 1

          g          g**2          gp          gp**2          chi(g,gp)
    0    0    0   0.05999         0    0    0   0.05999       -0.0146004370   0.0000000000
    0    0    0   0.05999        -1   -1   -1   0.88486       -0.0002929961   0.0000000000
    0    0    0   0.05999         0   -1    0   0.88486        0.0002929961  -0.0000000000
    0    0    0   0.05999         0    0   -1   0.88486        0.0002929961  -0.0000000000
    0    0    0   0.05999         1    0    0   0.88486        0.0002929961  -0.0000000000
    0    0    0   0.05999         0   -1   -1   0.95985       -0.0000000000  -0.0000000000
    0    0    0   0.05999        -1    0    0   1.48477       -0.0049090830  -0.0000000000
    0    0    0   0.05999         0    0    1   1.48477       -0.0049090830  -0.0000000000
    0    0    0   0.05999         0    1    0   1.48477       -0.0049090830  -0.0000000000
    0    0    0   0.05999         1    1    1   1.48477        0.0049090830   0.0000000000
    0    0    0   0.05999        -1   -1    0   1.55976        0.0000000000  -0.0000000000
    0    0    0   0.05999        -1    0   -1   1.55976       -0.0000000000   0.0000000000
    0    0    0   0.05999         1    0    1   1.55976        0.0000000000  -0.0000000000
    0    0    0   0.05999         1    1    0   1.55976       -0.0000000000   0.0000000000
    0    0    0   0.05999         0    1    1   2.15966       -0.0000000000   0.0000000000
    0    0    0   0.05999        -1   -2   -1   2.45962        0.0008285813  -0.0000000000
    0    0    0   0.05999        -1   -1   -2   2.45962        0.0008285813  -0.0000000000
    0    0    0   0.05999         1   -1    0   2.45962       -0.0008285813   0.0000000000
    0    0    0   0.05999        -2    0   -3   9.88346       -0.0002199148   0.0000000000
    0    0    0   0.05999         2   -1    2   9.88346       -0.0002199148   0.0000000000
    0    0    0   0.05999         2    2   -1   9.88346       -0.0002199148  -0.0000000000
    0    0    0   0.05999         3    0    2   9.88346       -0.0002199148  -0.0000000000
    0    0    0   0.05999         3    2    0   9.88346       -0.0002199148   0.0000000000
   -1   -1   -1   0.88486        -1   -1   -1   0.88486       -0.0328275154  -0.0000000000
    0   -1    0   0.88486         0   -1    0   0.88486       -0.0328275154   0.0000000000
    0    0   -1   0.88486         0    0   -1   0.88486       -0.0328275154   0.0000000000
    1    0    0   0.88486         1    0    0   0.88486       -0.0328275154   0.0000000000
    0   -1   -1   0.95985         0   -1   -1   0.95985       -0.0333656111  -0.0000000000
   -1    0    0   1.48477        -1    0    0   1.48477       -0.0313813362   0.0000000000
    0    0    1   1.48477         0    0    1   1.48477       -0.0313813362  -0.0000000000
    0    1    0   1.48477         0    1    0   1.48477       -0.0313813362  -0.0000000000
    1    1    1   1.48477         1    1    1   1.48477       -0.0313813362  -0.0000000000
   -1   -1    0   1.55976        -1   -1    0   1.55976       -0.0317123607  -0.0000000000
   -1    0   -1   1.55976        -1    0   -1   1.55976       -0.0317123607   0.0000000000
    1    0    1   1.55976         1    0    1   1.55976       -0.0317123607  -0.0000000000
    1    1    0   1.55976         1    1    0   1.55976       -0.0317123607  -0.0000000000
    0    1    1   2.15966         0    1    1   2.15966       -0.0273156793   0.0000000000
   -1   -2   -1   2.45962        -1   -2   -1   2.45962       -0.0248087744   0.0000000000
   -1   -1   -2   2.45962        -1   -1   -2   2.45962       -0.0248087744   0.0000000000
    1   -1    0   2.45962         1   -1    0   2.45962       -0.0248087744  -0.0000000000
   -1   -3   -2   6.35901        -2    0   -3   9.88346        0.0000129422   0.0000000000
   -1   -2   -3   6.35901         2   -1    2   9.88346       -0.0001187221  -0.0000000000
    1   -2   -1   6.35901         2    2   -1   9.88346       -0.0000129422  -0.0000000000
    1   -1   -2   6.35901         3    0    2   9.88346        0.0001269190   0.0000000000
   -3   -2   -2   6.88392         3    2    0   9.88346        0.0001577930  -0.0000000000


             g                   gp         inverse epsilon           nspin= 1
         0    0    0         0    0    0        0.15402200   0.00000000
        -1   -1   -1         0    0    0       -0.00029516   0.00000000
        -1   -1   -1        -1   -1   -1        0.54735047  -0.00000000
         0   -1    0        -1   -1   -1       -0.00096102  -0.00000000
         0   -1    0         0   -1    0        0.54735047   0.00000000
         0    0   -1         0   -1    0        0.02640143   0.00000000
         0    0   -1         0    0   -1        0.54735047   0.00000000
         1    0    0         0    0   -1        0.00096102  -0.00000000
         1    0    0         1    0    0        0.54735047  -0.00000000
         0   -1   -1         1    0    0        0.04456640   0.00000000
         0   -1   -1         0   -1   -1        0.56251286   0.00000000
        -1    0    0         0   -1   -1       -0.00634851  -0.00000000
        -1    0    0        -1    0    0        0.68933619   0.00000000
         0    0    1        -1    0    0        0.00228434   0.00000000
         0    0    1         0    0    1        0.68933619   0.00000000
         0    1    0         0    0    1        0.00918986   0.00000000
         0    1    0         0    1    0        0.68933619   0.00000000
         1    1    1         0    1    0       -0.00228434   0.00000000
         1    1    1         1    1    1        0.68933619  -0.00000000
        -1   -1    0         1    1    1        0.00223922   0.00000000
        -1   -1    0        -1   -1    0        0.68930312  -0.00000000
        -1    0   -1        -1   -1    0        0.00968580   0.00000000
        -1    0   -1        -1    0   -1        0.68930312   0.00000000
         1    0    1        -1    0   -1       -0.00866871  -0.00000000
         1    0    1         1    0    1        0.68930312  -0.00000000
         1    1    0         1    0    1        0.00968580  -0.00000000
         1    1    0         1    1    0        0.68930312  -0.00000000
         0    1    1         1    1    0        0.01005649  -0.00000000
         0    1    1         0    1    1        0.77975493   0.00000000
        -1   -2   -1         0    1    1       -0.00000000  -0.00000000
        -1   -2   -1        -1   -2   -1        0.81824706   0.00000000
        -1   -1   -2        -1   -2   -1        0.01365280   0.00000000
        -1   -1   -2        -1   -1   -2        0.81824706   0.00000000
         1   -1    0        -1   -1   -2       -0.00660112  -0.00000000
         1   -1    0         1   -1    0        0.81824706  -0.00000000
        -1   -3   -2         1   -1    0       -0.00315739  -0.00000000
        -1   -3   -2        -2    0   -3        0.00008789   0.00000000
        -1   -2   -3        -2    0   -3        0.00020958  -0.00000000
        -1   -2   -3         2   -1    2       -0.00035249  -0.00000000
         1   -2   -1         2   -1    2       -0.00020958   0.00000000
         1   -2   -1         2    2   -1       -0.00008789  -0.00000000
         1   -1   -2         2    2   -1       -0.00020958  -0.00000000
         1   -1   -2         3    0    2        0.00060037   0.00000000
        -3   -2   -2         3    0    2        0.00034961   0.00000000
        -3   -2   -2         3    2    0        0.00034961  -0.00000000
         0   -2    1         3    2    0       -0.00001567   0.00000000


     q= 0.0000 0.2000 0.4000  nmtx=     145  nrk=275

           independent matrix elements of chi       spin index= 1 1

          g          g**2          gp          gp**2          chi(g,gp)
    0    0    0   0.16497         0    0    0   0.16497       -0.0240770506  -0.0000000000
    0    0    0   0.16497         0    0   -1   0.53992        0.0024092868   0.0000000000
    0    0    0   0.16497         0   -1   -1   0.76488        0.0012793161  -0.0000000000
    0    0    0   0.16497        -1   -1   -1   0.83987        0.0025537266   0.0000000000
    0    0    0   0.16497         1    0    0   0.83987       -0.0025537266  -0.0000000000
    0    0    0   0.16497         0   -1    0   1.13982       -0.0034600620   0.0000000000
    0    0    0   0.16497        -1    0   -1   1.36479        0.0001551359   0.0000000000
    0    0    0   0.16497         1    1    0   1.36479       -0.0001551359   0.0000000000
    0    0    0   0.16497         0    1    0   1.43978       -0.0056920735   0.0000000000
    0    0    0   0.16497        -1    0    0   1.73973       -0.0066546722  -0.0000000000
    0    0    0   0.16497         1    1    1   1.73973        0.0066546722   0.0000000000
    0    0    0   0.16497        -1   -1   -2   1.96469       -0.0005920354   0.0000000000
    0    0    0   0.16497        -1   -1    0   1.96469       -0.0001817799  -0.0000000000
    0    0    0   0.16497         1    0   -1   1.96469        0.0005920354  -0.0000000000
    0    0    0   0.16497         1    0    1   1.96469        0.0001817799   0.0000000000
    0    0    0   0.16497         0    0    1   2.03968       -0.0060644584  -0.0000000000
    0    0    0   0.16497        -1   -2   -1   2.56460        0.0013576053   0.0000000000
    0    0    0   0.16497         0    1   -1   2.56460       -0.0007329122   0.0000000000
    0    0    0   0.16497         2    3    0   9.83846       -0.0002494601  -0.0000000000
    0    0   -1   0.53992         0    0   -1   0.53992       -0.0313136704   0.0000000000
    0   -1   -1   0.76488         0   -1   -1   0.76488       -0.0337843175  -0.0000000000
   -1   -1   -1   0.83987        -1   -1   -1   0.83987       -0.0338852320   0.0000000000
    1    0    0   0.83987         1    0    0   0.83987       -0.0338852320  -0.0000000000
    0   -1    0   1.13982         0   -1    0   1.13982       -0.0326980116   0.0000000000
   -1    0   -1   1.36479        -1    0   -1   1.36479       -0.0327891121  -0.0000000000
    1    1    0   1.36479         1    1    0   1.36479       -0.0327891121  -0.0000000000
    0    1    0   1.43978         0    1    0   1.43978       -0.0319015893   0.0000000000
   -1    0    0   1.73973        -1    0    0   1.73973       -0.0300543941  -0.0000000000
    1    1    1   1.73973         1    1    1   1.73973       -0.0300543941   0.0000000000
   -1   -1   -2   1.96469        -1   -1   -2   1.96469       -0.0279049005   0.0000000000
   -1   -1    0   1.96469        -1   -1    0   1.96469       -0.0288183200  -0.0000000000
    1    0   -1   1.96469         1    0   -1   1.96469       -0.0279049005  -0.0000000000
    1    0    1   1.96469         1    0    1   1.96469       -0.0288183200   0.0000000000
    0    0    1   2.03968         0    0    1   2.03968       -0.0278659406  -0.0000000000
   -1   -2   -1   2.56460        -1   -2   -1   2.56460       -0.0241749979  -0.0000000000
    0    1   -1   2.56460         0    1   -1   2.56460       -0.0242755609   0.0000000000
    2    1   -1   6.16404         2    3    0   9.83846        0.0000351855  -0.0000000000


             g                   gp         inverse epsilon           nspin= 1
         0    0    0         0    0    0        0.23437987  -0.00000000
         0    0   -1         0    0    0        0.00811431   0.00000000
         0    0   -1         0    0   -1        0.43853925   0.00000000
         0   -1   -1         0    0   -1       -0.03158397  -0.00000000
         0   -1   -1         0   -1   -1        0.50417116  -0.00000000
        -1   -1   -1         0   -1   -1       -0.04473964   0.00000000
        -1   -1   -1        -1   -1   -1        0.52789793   0.00000000
         1    0    0        -1   -1   -1       -0.02520726  -0.00000000
         1    0    0         1    0    0        0.52789793  -0.00000000
         0   -1    0         1    0    0       -0.00211690   0.00000000
         0   -1    0         0   -1    0        0.61251460   0.00000000
        -1    0   -1         0   -1    0       -0.00260752   0.00000000
        -1    0   -1        -1    0   -1        0.65376540  -0.00000000
         1    1    0        -1    0   -1       -0.00780144  -0.00000000
         1    1    0         1    1    0        0.65376540   0.00000000
         0    1    0         1    1    0       -0.04913229  -0.00000000
         0    1    0         0    1    0        0.67443498   0.00000000
        -1    0    0         0    1    0        0.00194184   0.00000000
        -1    0    0        -1    0    0        0.73021255   0.00000000
         1    1    1        -1    0    0       -0.01074247  -0.00000000
         1    1    1         1    1    1        0.73021255   0.00000000
        -1   -1   -2         1    1    1        0.02143875  -0.00000000
        -1   -1   -2        -1   -1   -2        0.76245202   0.00000000
        -1   -1    0        -1   -1   -2        0.01068093  -0.00000000
        -1   -1    0        -1   -1    0        0.75425363  -0.00000000
         1    0   -1        -1   -1    0        0.00133063   0.00000000
         1    0   -1         1    0   -1        0.76245202  -0.00000000
         1    0    1         1    0   -1        0.01068093  -0.00000000
         1    0    1         1    0    1        0.75425363   0.00000000
         0    0    1         1    0    1       -0.04484882   0.00000000
         0    0    1         0    0    1        0.77349207  -0.00000000
        -1   -2   -1         0    0    1       -0.00839621  -0.00000000
        -1   -2   -1        -1   -2   -1        0.82789357  -0.00000000
         0    1   -1        -1   -2   -1       -0.01209371   0.00000000
         0    1   -1         0    1   -1        0.82900175  -0.00000000
         2    1   -1         0    1   -1       -0.00341021  -0.00000000
         2    1   -1         2    3    0       -0.00004400  -0.00000000
        -2   -3   -2         2    3    0        0.00027932   0.00000000


     q= 0.0000 0.2000 0.6000  nmtx=     149  nrk=275

           independent matrix elements of chi       spin index= 1 1

          g          g**2          gp          gp**2          chi(g,gp)
    0    0   -1   0.28496         0    0   -1   0.28496       -0.0280643804   0.0000000000
    0    0    0   0.35994         0    0   -1   0.28496        0.0027092164  -0.0000000000
    0    0    0   0.35994         0    0    0   0.35994       -0.0295873536   0.0000000000
    0    0    0   0.35994         0   -1   -1   0.65990        0.0025560343  -0.0000000000
    0    0    0   0.35994        -1   -1   -1   0.88486        0.0049116865  -0.0000000000
    0    0    0   0.35994         1    0    0   0.88486       -0.0049116865  -0.0000000000
    0    0    0   0.35994        -1    0   -1   1.25980        0.0002825585  -0.0000000000
    0    0    0   0.35994         1    1    0   1.25980       -0.0002825585   0.0000000000
    0    0    0   0.35994         0   -1    0   1.48477       -0.0050160247   0.0000000000
    0    0    0   0.35994         0    1    0   1.48477       -0.0063177088   0.0000000000
    0    0    0   0.35994        -1   -1   -2   1.55976       -0.0012822193   0.0000000000
    0    0    0   0.35994         1    0   -1   1.55976        0.0012822193  -0.0000000000
    0    0    0   0.35994        -1    0    0   2.08467       -0.0072443782  -0.0000000000
    0    0    0   0.35994         0   -1   -2   2.08467        0.0007333983  -0.0000000000
    0    0    0   0.35994         1    1    1   2.08467        0.0072443782   0.0000000000
    0    0    0   0.35994         0    1   -1   2.15966       -0.0003738800   0.0000000000
    0    0    0   0.35994        -1   -1    0   2.45962       -0.0000990220  -0.0000000000
    0    0    0   0.35994         0    0   -2   2.45962        0.0053092990  -0.0000000000
    0    0    0   0.35994         1    0    1   2.45962        0.0000990220   0.0000000000
    0    0    0   0.35994        -3    0   -1   9.95844       -0.0004797132  -0.0000000000
    0    0    0   0.35994        -1   -3    0   9.95844       -0.0006286288   0.0000000000
    0    0    0   0.35994         0    2   -2   9.95844        0.0001288795   0.0000000000
    0    0    0   0.35994         1   -2    1   9.95844        0.0006286288  -0.0000000000
    0    0    0   0.35994         3    3    2   9.95844        0.0004797132   0.0000000000
    0   -1   -1   0.65990         0   -1   -1   0.65990       -0.0337667624   0.0000000000
   -1   -1   -1   0.88486        -1   -1   -1   0.88486       -0.0344918481  -0.0000000000
    1    0    0   0.88486         1    0    0   0.88486       -0.0344918481  -0.0000000000
   -1    0   -1   1.25980        -1    0   -1   1.25980       -0.0330437641   0.0000000000
    1    1    0   1.25980         1    1    0   1.25980       -0.0330437641   0.0000000000
    0   -1    0   1.48477         0   -1    0   1.48477       -0.0305058327  -0.0000000000
    0    1    0   1.48477         0    1    0   1.48477       -0.0316235442   0.0000000000
   -1   -1   -2   1.55976        -1   -1   -2   1.55976       -0.0308977218  -0.0000000000
    1    0   -1   1.55976         1    0   -1   1.55976       -0.0308977218  -0.0000000000
   -1    0    0   2.08467        -1    0    0   2.08467       -0.0274835759  -0.0000000000
    0   -1   -2   2.08467         0   -1   -2   2.08467       -0.0275533659  -0.0000000000
    1    1    1   2.08467         1    1    1   2.08467       -0.0274835759   0.0000000000
    0    1   -1   2.15966         0    1   -1   2.15966       -0.0269739061   0.0000000000
   -1   -1    0   2.45962        -1   -1    0   2.45962       -0.0247232250   0.0000000000
    0    0   -2   2.45962         0    0   -2   2.45962       -0.0248944754   0.0000000000
    1    0    1   2.45962         1    0    1   2.45962       -0.0247232250   0.0000000000
   -1    1    1   6.28402        -3    0   -1   9.95844        0.0000073738  -0.0000000000
    0    2   -1   6.28402        -1   -3    0   9.95844       -0.0000660779   0.0000000000
    1    0    2   6.28402         0    2   -2   9.95844        0.0001337088  -0.0000000000
    1    2    2   6.28402         1   -2    1   9.95844       -0.0000390296  -0.0000000000
    2   -1    0   6.28402         3    3    2   9.95844        0.0001568677   0.0000000000


             g                   gp         inverse epsilon           nspin= 1
         0    0   -1         0    0   -1        0.31472713   0.00000000
         0    0    0         0    0   -1        0.01436580  -0.00000000
         0    0    0         0    0    0        0.35473587   0.00000000
         0   -1   -1         0    0    0        0.01145369  -0.00000000
         0   -1   -1         0   -1   -1        0.46801582   0.00000000
        -1   -1   -1         0   -1   -1       -0.04142381   0.00000000
        -1   -1   -1        -1   -1   -1        0.53806199  -0.00000000
         1    0    0        -1   -1   -1       -0.01812292  -0.00000000
         1    0    0         1    0    0        0.53806199  -0.00000000
        -1    0   -1         1    0    0       -0.00180052  -0.00000000
        -1    0   -1        -1    0   -1        0.63510709   0.00000000
         1    1    0        -1    0   -1       -0.00861949  -0.00000000
         1    1    0         1    1    0        0.63510709   0.00000000
         0   -1    0         1    1    0        0.00249998   0.00000000
         0   -1    0         0   -1    0        0.68906792  -0.00000000
         0    1    0         0   -1    0        0.02655592   0.00000000
         0    1    0         0    1    0        0.68042294   0.00000000
        -1   -1   -2         0    1    0        0.00199963  -0.00000000
        -1   -1   -2        -1   -1   -2        0.69827687  -0.00000000
         1    0   -1        -1   -1   -2       -0.00988777   0.00000000
         1    0   -1         1    0   -1        0.69827687  -0.00000000
        -1    0    0         1    0   -1        0.02097702   0.00000000
        -1    0    0        -1    0    0        0.77836820  -0.00000000
         0   -1   -2        -1    0    0       -0.00240442   0.00000000
         0   -1   -2         0   -1   -2        0.77247639  -0.00000000
         1    1    1         0   -1   -2        0.00240442   0.00000000
         1    1    1         1    1    1        0.77836820   0.00000000
         0    1   -1         1    1    1       -0.00814213  -0.00000000
         0    1   -1         0    1   -1        0.78842378   0.00000000
        -1   -1    0         0    1   -1        0.00207482  -0.00000000
        -1   -1    0        -1   -1    0        0.81700868   0.00000000
         0    0   -2        -1   -1    0        0.01454040   0.00000000
         0    0   -2         0    0   -2        0.82144734   0.00000000
         1    0    1         0    0   -2       -0.01454040   0.00000000
         1    0    1         1    0    1        0.81700868   0.00000000
        -1    1    1         1    0    1        0.00251338   0.00000000
        -1    1    1        -3    0   -1       -0.00007956  -0.00000000
         0    2   -1        -3    0   -1       -0.00077285   0.00000000
         0    2   -1        -1   -3    0       -0.00022117   0.00000000
         1    0    2        -1   -3    0        0.00006786  -0.00000000
         1    0    2         0    2   -2        0.00043446  -0.00000000
         1    2    2         0    2   -2       -0.00022409   0.00000000
         1    2    2         1   -2    1       -0.00023345  -0.00000000
         2   -1    0         1   -2    1       -0.00006471  -0.00000000
         2   -1    0         3    3    2        0.00055811   0.00000000
        -1    0   -3         3    3    2        0.00028519   0.00000000


     q= 0.0000 0.2000 0.8000  nmtx=     144  nrk=140

           independent matrix elements of chi       spin index= 1 1

          g          g**2          gp          gp**2          chi(g,gp)
    0    0   -1   0.11998         0    0   -1   0.11998       -0.0209801432  -0.0000000000
    0   -1   -1   0.64490         0   -1   -1   0.64490       -0.0322212777   0.0000000000
    0    0    0   0.64490         0    0   -1   0.11998        0.0018994392  -0.0000000000
    0    0    0   0.64490         0   -1   -1   0.64490        0.0026904233   0.0000000000
    0    0    0   0.64490         0    0    0   0.64490       -0.0322212777   0.0000000000
    0    0    0   0.64490        -1   -1   -1   1.01984        0.0060506056  -0.0000000000
    0    0    0   0.64490         1    0    0   1.01984       -0.0060506056  -0.0000000000
    0    0    0   0.64490        -1   -1   -2   1.24481       -0.0012695329  -0.0000000000
    0    0    0   0.64490        -1    0   -1   1.24481        0.0002674633  -0.0000000000
    0    0    0   0.64490         1    0   -1   1.24481        0.0012695329   0.0000000000
    0    0    0   0.64490         1    1    0   1.24481       -0.0002674633   0.0000000000
    0    0    0   0.64490         0   -1   -2   1.61975        0.0006730990  -0.0000000000
    0    0    0   0.64490         0    1    0   1.61975       -0.0066902659  -0.0000000000
    0    0    0   0.64490         0    0   -2   1.84471        0.0058254935  -0.0000000000
    0    0    0   0.64490         0    1   -1   1.84471       -0.0001630171   0.0000000000
    0    0    0   0.64490         0   -1    0   1.91970       -0.0060555215   0.0000000000
    0    0    0   0.64490        -1    0   -2   2.21965        0.0006466191  -0.0000000000
    0    0    0   0.64490         1    1   -1   2.21965       -0.0006466191   0.0000000000
    0    0    0   0.64490        -1   -2   -2   2.51961        0.0007049217  -0.0000000000
    0    0    0   0.64490        -1    0    0   2.51961       -0.0070274282  -0.0000000000
   -1   -1   -1   1.01984        -1   -1   -1   1.01984       -0.0341013183  -0.0000000000
    1    0    0   1.01984         1    0    0   1.01984       -0.0341013183   0.0000000000
   -1   -1   -2   1.24481        -1   -1   -2   1.24481       -0.0328938698   0.0000000000
   -1    0   -1   1.24481        -1    0   -1   1.24481       -0.0328938698   0.0000000000
    1    0   -1   1.24481         1    0   -1   1.24481       -0.0328938698  -0.0000000000
    1    1    0   1.24481         1    1    0   1.24481       -0.0328938698  -0.0000000000
    0   -1   -2   1.61975         0   -1   -2   1.61975       -0.0311268515  -0.0000000000
    0    1    0   1.61975         0    1    0   1.61975       -0.0311268515   0.0000000000
    0    0   -2   1.84471         0    0   -2   1.84471       -0.0291011615   0.0000000000
    0    1   -1   1.84471         0    1   -1   1.84471       -0.0291011615   0.0000000000
    0   -1    0   1.91970         0   -1    0   1.91970       -0.0276871300  -0.0000000000
   -1    0   -2   2.21965        -1    0   -2   2.21965       -0.0268800576   0.0000000000
    1    1   -1   2.21965         1    1   -1   2.21965       -0.0268800576  -0.0000000000
   -1   -2   -2   2.51961        -1   -2   -2   2.51961       -0.0245346813  -0.0000000000
   -1    0    0   2.51961        -1    0    0   2.51961       -0.0245346813   0.0000000000


             g                   gp         inverse epsilon           nspin= 1
         0    0   -1         0    0   -1        0.20488033  -0.00000000
         0   -1   -1         0    0   -1        0.00539147   0.00000000
         0   -1   -1         0   -1   -1        0.47461035   0.00000000
         0    0    0         0   -1   -1        0.01861313   0.00000000
         0    0    0         0    0    0        0.47461035   0.00000000
        -1   -1   -1         0    0    0        0.03819339   0.00000000
        -1   -1   -1        -1   -1   -1        0.57489043  -0.00000000
         1    0    0        -1   -1   -1       -0.01106093   0.00000000
         1    0    0         1    0    0        0.57489043   0.00000000
        -1   -1   -2         1    0    0        0.00145752   0.00000000
        -1   -1   -2        -1   -1   -2        0.63415064  -0.00000000
        -1    0   -1        -1   -1   -2        0.00073474   0.00000000
        -1    0   -1        -1    0   -1        0.63415064   0.00000000
         1    0   -1        -1    0   -1        0.03901112   0.00000000
         1    0   -1         1    0   -1        0.63415064  -0.00000000
         1    1    0         1    0   -1        0.00073474  -0.00000000
         1    1    0         1    1    0        0.63415064  -0.00000000
         0   -1   -2         1    1    0        0.00289901  -0.00000000
         0   -1   -2         0   -1   -2        0.70093825  -0.00000000
         0    1    0         0   -1   -2       -0.00665005   0.00000000
         0    1    0         0    1    0        0.70093825   0.00000000
         0    0   -2         0    1    0       -0.00071466  -0.00000000
         0    0   -2         0    0   -2        0.74799797   0.00000000
         0    1   -1         0    0   -2        0.00121828  -0.00000000
         0    1   -1         0    1   -1        0.74799797   0.00000000
         0   -1    0         0    1   -1        0.01912779   0.00000000
         0   -1    0         0   -1    0        0.75899281  -0.00000000
        -1    0   -2         0   -1    0        0.00000000   0.00000000
        -1    0   -2        -1    0   -2        0.78736238   0.00000000
         1    1   -1        -1    0   -2       -0.01316427   0.00000000
         1    1   -1         1    1   -1        0.78736238  -0.00000000
        -1   -2   -2         1    1   -1        0.00153962   0.00000000
        -1   -2   -2        -1   -2   -2        0.82434966  -0.00000000
        -1    0    0        -1   -2   -2       -0.00773124  -0.00000000
        -1    0    0        -1    0    0        0.82434966   0.00000000
        -2   -1    0        -1    0    0        0.00030370   0.00000000


     q= 0.0000 0.4000 0.4000  nmtx=     141  nrk= 75

           independent matrix elements of chi       spin index= 1 1

          g          g**2          gp          gp**2          chi(g,gp)
    0    0    0   0.23996         0    0    0   0.23996       -0.0271689558   0.0000000000
    0    0    0   0.23996         0   -1   -1   0.53992       -0.0000000000  -0.0000000000
    0    0    0   0.23996        -1   -1   -1   0.76488        0.0021741377   0.0000000000
    0    0    0   0.23996         0   -1    0   0.76488       -0.0021741377  -0.0000000000
    0    0    0   0.23996         0    0   -1   0.76488       -0.0021741377  -0.0000000000
    0    0    0   0.23996         1    0    0   0.76488       -0.0021741377  -0.0000000000
    0    0    0   0.23996        -1   -1    0   1.73973        0.0000000000  -0.0000000000
    0    0    0   0.23996        -1    0   -1   1.73973       -0.0000000000   0.0000000000
    0    0    0   0.23996         1    0    1   1.73973        0.0000000000  -0.0000000000
    0    0    0   0.23996         1    1    0   1.73973       -0.0000000000   0.0000000000
    0    0    0   0.23996        -1    0    0   1.96469       -0.0067842131  -0.0000000000
    0    0    0   0.23996         0    0    1   1.96469       -0.0067842131  -0.0000000000
    0    0    0   0.23996         0    1    0   1.96469       -0.0067842131  -0.0000000000
    0    0    0   0.23996         1    1    1   1.96469        0.0067842131   0.0000000000
    0    0    0   0.23996        -1   -2   -1   2.03968        0.0004689878   0.0000000000
    0    0    0   0.23996        -1   -1   -2   2.03968        0.0004689878   0.0000000000
    0    0    0   0.23996         1   -1    0   2.03968       -0.0004689878  -0.0000000000
    0    0    0   0.23996         3    2    0   9.76347       -0.0003793862   0.0000000000
    0    0    0   0.23996        -2   -4   -2   9.83846        0.0004194462   0.0000000000
    0    0    0   0.23996        -2   -2   -4   9.83846        0.0004194462   0.0000000000
    0    0    0   0.23996         2   -2    0   9.83846        0.0004194462   0.0000000000
    0    0    0   0.23996         2    0   -2   9.83846        0.0004194462   0.0000000000
    0   -1   -1   0.53992         0   -1   -1   0.53992       -0.0321033738  -0.0000000000
   -1   -1   -1   0.76488        -1   -1   -1   0.76488       -0.0331552457  -0.0000000000
    0   -1    0   0.76488         0   -1    0   0.76488       -0.0331552457   0.0000000000
    0    0   -1   0.76488         0    0   -1   0.76488       -0.0331552457   0.0000000000
    1    0    0   0.76488         1    0    0   0.76488       -0.0331552457  -0.0000000000
   -1   -1    0   1.73973        -1   -1    0   1.73973       -0.0304436782  -0.0000000000
   -1    0   -1   1.73973        -1    0   -1   1.73973       -0.0304436782  -0.0000000000
    1    0    1   1.73973         1    0    1   1.73973       -0.0304436782  -0.0000000000
    1    1    0   1.73973         1    1    0   1.73973       -0.0304436782  -0.0000000000
   -1    0    0   1.96469        -1    0    0   1.96469       -0.0285213085  -0.0000000000
    0    0    1   1.96469         0    0    1   1.96469       -0.0285213085  -0.0000000000
    0    1    0   1.96469         0    1    0   1.96469       -0.0285213085  -0.0000000000
    1    1    1   1.96469         1    1    1   1.96469       -0.0285213085  -0.0000000000
   -1   -2   -1   2.03968        -1   -2   -1   2.03968       -0.0278131970  -0.0000000000
   -1   -1   -2   2.03968        -1   -1   -2   2.03968       -0.0278131970  -0.0000000000
    1   -1    0   2.03968         1   -1    0   2.03968       -0.0278131970   0.0000000000
   -1    1    1   6.16404         3    2    0   9.76347        0.0001562052   0.0000000000
    0    1    2   6.16404        -2   -4   -2   9.83846        0.0001214243   0.0000000000
    0    2    1   6.16404        -2   -2   -4   9.83846        0.0001214243  -0.0000000000
    1    2    2   6.16404         2   -2    0   9.83846        0.0001214243   0.0000000000
   -2   -2    0   6.23903         2    0   -2   9.83846        0.0001364129   0.0000000000


             g                   gp         inverse epsilon           nspin= 1
         0    0    0         0    0    0        0.27987740   0.00000000
         0   -1   -1         0    0    0        0.00000000  -0.00000000
         0   -1   -1         0   -1   -1        0.42730094  -0.00000000
        -1   -1   -1         0   -1   -1       -0.03110008   0.00000000
        -1   -1   -1        -1   -1   -1        0.51078983   0.00000000
         0   -1    0        -1   -1   -1       -0.00027055  -0.00000000
         0   -1    0         0   -1    0        0.51078983   0.00000000
         0    0   -1         0   -1    0        0.03892186   0.00000000
         0    0   -1         0    0   -1        0.51078983   0.00000000
         1    0    0         0    0   -1        0.00027055  -0.00000000
         1    0    0         1    0    0        0.51078983  -0.00000000
        -1   -1    0         1    0    0        0.00236796  -0.00000000
        -1   -1    0        -1   -1    0        0.72150185  -0.00000000
        -1    0   -1        -1   -1    0        0.00921403   0.00000000
        -1    0   -1        -1    0   -1        0.72150185  -0.00000000
         1    0    1        -1    0   -1       -0.00649202  -0.00000000
         1    0    1         1    0    1        0.72150185  -0.00000000
         1    1    0         1    0    1        0.00921403  -0.00000000
         1    1    0         1    1    0        0.72150185  -0.00000000
        -1    0    0         1    1    0       -0.00437911  -0.00000000
        -1    0    0        -1    0    0        0.76146905  -0.00000000
         0    0    1        -1    0    0        0.00142844   0.00000000
         0    0    1         0    0    1        0.76146905  -0.00000000
         0    1    0         0    0    1        0.01235528  -0.00000000
         0    1    0         0    1    0        0.76146905  -0.00000000
         1    1    1         0    1    0       -0.00142844   0.00000000
         1    1    1         1    1    1        0.76146905  -0.00000000
        -1   -2   -1         1    1    1        0.01631676  -0.00000000
        -1   -2   -1        -1   -2   -1        0.76932819  -0.00000000
        -1   -1   -2        -1   -2   -1        0.01144047  -0.00000000
        -1   -1   -2        -1   -1   -2        0.76932819  -0.00000000
         1   -1    0        -1   -1   -2       -0.00485883  -0.00000000
         1   -1    0         1   -1    0        0.76932819   0.00000000
        -1    1    1         1   -1    0        0.00081536  -0.00000000
        -1    1    1         3    2    0        0.00050734   0.00000000
         0    1    2         3    2    0        0.00004894   0.00000000
         0    1    2        -2   -4   -2        0.00039336   0.00000000
         0    2    1        -2   -4   -2        0.00043471   0.00000000
         0    2    1        -2   -2   -4        0.00039336  -0.00000000
         1    2    2        -2   -2   -4        0.00043471   0.00000000
         1    2    2         2   -2    0        0.00039336   0.00000000
        -2   -2    0         2   -2    0        0.00004407   0.00000000
        -2   -2    0         2    0   -2        0.00030305   0.00000000
        -2    0   -2         2    0   -2        0.00004407   0.00000000


     q= 0.0000 0.4000 0.6000  nmtx=     134  nrk=140

           independent matrix elements of chi       spin index= 1 1

          g          g**2          gp          gp**2          chi(g,gp)
    0   -1   -1   0.40494         0   -1   -1   0.40494       -0.0316036331   0.0000000000
    0    0    0   0.40494         0   -1   -1   0.40494        0.0014859008   0.0000000000
    0    0    0   0.40494         0    0    0   0.40494       -0.0316036331  -0.0000000000
    0    0    0   0.40494         0    0   -1   0.47993       -0.0017949324  -0.0000000000
    0    0    0   0.40494        -1   -1   -1   0.77988        0.0045476946  -0.0000000000
    0    0    0   0.40494         1    0    0   0.77988       -0.0045476946  -0.0000000000
    0    0    0   0.40494         0   -1    0   1.07983       -0.0044126246  -0.0000000000
    0    0    0   0.40494        -1   -1   -2   1.60475       -0.0005779839  -0.0000000000
    0    0    0   0.40494        -1    0   -1   1.60475       -0.0003047750   0.0000000000
    0    0    0   0.40494         1    0   -1   1.60475        0.0005779839   0.0000000000
    0    0    0   0.40494         1    1    0   1.60475        0.0003047750   0.0000000000
    0    0    0   0.40494         0   -1   -2   1.97969        0.0008101040  -0.0000000000
    0    0    0   0.40494         0    1    0   1.97969       -0.0066378205   0.0000000000
    0    0    0   0.40494        -1   -2   -1   2.20466        0.0008370790  -0.0000000000
    0    0    0   0.40494        -1   -1    0   2.20466        0.0001868812  -0.0000000000
    0    0    0   0.40494         1   -1    0   2.20466       -0.0008370790  -0.0000000000
    0    0    0   0.40494         1    0    1   2.20466       -0.0001868812   0.0000000000
    0    0    0   0.40494         0   -3   -3   9.40353        0.0000383985  -0.0000000000
    0    0    0   0.40494         0    2    2   9.40353       -0.0008805687  -0.0000000000
    0    0    0   0.40494        -2   -3   -4   9.47852        0.0001225435  -0.0000000000
    0    0    0   0.40494        -2    1    0   9.47852        0.0000521837  -0.0000000000
    0    0    0   0.40494         2   -1   -2   9.47852        0.0001225435   0.0000000000
    0    0    0   0.40494         2    3    2   9.47852        0.0000521837   0.0000000000
    0    0   -1   0.47993         0    0   -1   0.47993       -0.0321566886   0.0000000000
   -1   -1   -1   0.77988        -1   -1   -1   0.77988       -0.0341567697  -0.0000000000
    1    0    0   0.77988         1    0    0   0.77988       -0.0341567697   0.0000000000
    0   -1    0   1.07983         0   -1    0   1.07983       -0.0324047933   0.0000000000
   -1   -1   -2   1.60475        -1   -1   -2   1.60475       -0.0309652858  -0.0000000000
   -1    0   -1   1.60475        -1    0   -1   1.60475       -0.0309652858   0.0000000000
    1    0   -1   1.60475         1    0   -1   1.60475       -0.0309652858   0.0000000000
    1    1    0   1.60475         1    1    0   1.60475       -0.0309652858   0.0000000000
    0   -1   -2   1.97969         0   -1   -2   1.97969       -0.0281961962   0.0000000000
    0    1    0   1.97969         0    1    0   1.97969       -0.0281961962   0.0000000000
   -1   -2   -1   2.20466        -1   -2   -1   2.20466       -0.0267589069  -0.0000000000
   -1   -1    0   2.20466        -1   -1    0   2.20466       -0.0267589069   0.0000000000
    1   -1    0   2.20466         1   -1    0   2.20466       -0.0267589069   0.0000000000
    1    0    1   2.20466         1    0    1   2.20466       -0.0267589069   0.0000000000
    2    1   -1   5.80409         0   -3   -3   9.40353        0.0002544568  -0.0000000000
    2    2    0   5.80409         0    2    2   9.40353        0.0002544568  -0.0000000000
   -1   -3   -1   5.87908        -2   -3   -4   9.47852       -0.0003075383   0.0000000000
   -1   -1    1   5.87908        -2    1    0   9.47852        0.0003075383  -0.0000000000
    0    1   -2   5.87908         2   -1   -2   9.47852        0.0001949608   0.0000000000
    1   -2    0   5.87908         2    3    2   9.47852       -0.0002341216   0.0000000000


             g                   gp         inverse epsilon           nspin= 1
         0   -1   -1         0   -1   -1        0.36349875   0.00000000
         0    0    0         0   -1   -1        0.00894460   0.00000000
         0    0    0         0    0    0        0.36349875  -0.00000000
         0    0   -1         0    0    0       -0.01706694  -0.00000000
         0    0   -1         0    0   -1        0.40246866   0.00000000
        -1   -1   -1         0    0   -1       -0.00000000  -0.00000000
        -1   -1   -1        -1   -1   -1        0.50940206   0.00000000
         1    0    0        -1   -1   -1       -0.03098649   0.00000000
         1    0    0         1    0    0        0.50940206   0.00000000
         0   -1    0         1    0    0       -0.00000000  -0.00000000
         0   -1    0         0   -1    0        0.60266689   0.00000000
        -1   -1   -2         0   -1    0        0.00249134  -0.00000000
        -1   -1   -2        -1   -1   -2        0.70267114  -0.00000000
        -1    0   -1        -1   -1   -2       -0.00119221   0.00000000
        -1    0   -1        -1    0   -1        0.70267114   0.00000000
         1    0   -1        -1    0   -1        0.02211982  -0.00000000
         1    0   -1         1    0   -1        0.70267114   0.00000000
         1    1    0         1    0   -1       -0.00119221  -0.00000000
         1    1    0         1    1    0        0.70267114   0.00000000
         0   -1   -2         1    1    0       -0.00190143   0.00000000
         0   -1   -2         0   -1   -2        0.76090419   0.00000000
         0    1    0         0   -1   -2       -0.00221750   0.00000000
         0    1    0         0    1    0        0.76090419   0.00000000
        -1   -2   -1         0    1    0       -0.01356465   0.00000000
        -1   -2   -1        -1   -2   -1        0.78834983  -0.00000000
        -1   -1    0        -1   -2   -1        0.00175766   0.00000000
        -1   -1    0        -1   -1    0        0.78834983   0.00000000
         1   -1    0        -1   -1    0        0.00578096  -0.00000000
         1   -1    0         1   -1    0        0.78834983   0.00000000
         1    0    1         1   -1    0        0.00175766  -0.00000000
         1    0    1         1    0    1        0.78834983   0.00000000
         2    1   -1         1    0    1        0.00340862   0.00000000
         2    1   -1         0   -3   -3        0.00115134  -0.00000000
         2    2    0         0   -3   -3        0.00002243  -0.00000000
         2    2    0         0    2    2        0.00115134  -0.00000000
        -1   -3   -1         0    2    2       -0.00057887  -0.00000000
        -1   -3   -1        -2   -3   -4       -0.00133841   0.00000000
        -1   -1    1        -2   -3   -4       -0.00080389   0.00000000
        -1   -1    1        -2    1    0        0.00133841  -0.00000000
         0    1   -2        -2    1    0        0.00088188   0.00000000
         0    1   -2         2   -1   -2        0.00088188   0.00000000
         1   -2    0         2   -1   -2        0.00133841  -0.00000000
         1   -2    0         2    3    2       -0.00080389   0.00000000
         1    0    2         2    3    2       -0.00133841   0.00000000


     q= 0.2000 0.4000 0.6000  nmtx=     142  nrk=250

           independent matrix elements of chi       spin index= 1 1

          g          g**2          gp          gp**2          chi(g,gp)
    0    0    0   0.29995         0    0    0   0.29995       -0.0302280734   0.0000000000
    0    0    0   0.29995        -1   -1   -1   0.52492        0.0015883021  -0.0000000000
    0    0    0   0.29995         0    0   -1   0.52492       -0.0015883021   0.0000000000
    0    0    0   0.29995         0   -1   -1   0.59991        0.0000000000   0.0000000000
    0    0    0   0.29995         0   -1    0   1.12482       -0.0050628691   0.0000000000
    0    0    0   0.29995         1    0    0   1.12482       -0.0050628691   0.0000000000
    0    0    0   0.29995        -1    0   -1   1.19981       -0.0000000000  -0.0000000000
    0    0    0   0.29995        -1   -1   -2   1.49977       -0.0023643207   0.0000000000
    0    0    0   0.29995        -1    0    0   1.72473       -0.0068282328  -0.0000000000
    0    0    0   0.29995         0    1    0   1.72473       -0.0068282328  -0.0000000000
    0    0    0   0.29995        -1   -1    0   1.79972        0.0000938831   0.0000000000
    0    0    0   0.29995         1    1    0   1.79972        0.0000938831   0.0000000000
    0    0    0   0.29995        -1   -2   -1   2.09967        0.0004315804   0.0000000000
    0    0    0   0.29995         1    0   -1   2.09967       -0.0004315804  -0.0000000000
    0    0    0   0.29995        -1   -2   -2   2.32464        0.0007216552  -0.0000000000
    0    0    0   0.29995         0   -1   -2   2.32464        0.0007216552  -0.0000000000
    0    0    0   0.29995         0    0    1   2.32464       -0.0070605526  -0.0000000000
    0    0    0   0.29995         3    0    0   9.52351       -0.0003411166   0.0000000000
    0    0    0   0.29995        -1    2    1   9.59850        0.0000000000  -0.0000000000
    0    0    0   0.29995        -3   -1    0   9.89845       -0.0003901810   0.0000000000
    0    0    0   0.29995        -2   -4   -2   9.89845        0.0003892575  -0.0000000000
    0    0    0   0.29995         1    3    0   9.89845       -0.0003901810   0.0000000000
    0    0    0   0.29995         2    0   -2   9.89845        0.0003892575  -0.0000000000
   -1   -1   -1   0.52492        -1   -1   -1   0.52492       -0.0332299676   0.0000000000
    0    0   -1   0.52492         0    0   -1   0.52492       -0.0332299676  -0.0000000000
    0   -1   -1   0.59991         0   -1   -1   0.59991       -0.0340178808   0.0000000000
    0   -1    0   1.12482         0   -1    0   1.12482       -0.0331627192   0.0000000000
    1    0    0   1.12482         1    0    0   1.12482       -0.0331627192  -0.0000000000
   -1    0   -1   1.19981        -1    0   -1   1.19981       -0.0335393426   0.0000000000
   -1   -1   -2   1.49977        -1   -1   -2   1.49977       -0.0308743989  -0.0000000000
   -1    0    0   1.72473        -1    0    0   1.72473       -0.0301060765   0.0000000000
    0    1    0   1.72473         0    1    0   1.72473       -0.0301060765   0.0000000000
   -1   -1    0   1.79972        -1   -1    0   1.79972       -0.0297099320  -0.0000000000
    1    1    0   1.79972         1    1    0   1.79972       -0.0297099320  -0.0000000000
   -1   -2   -1   2.09967        -1   -2   -1   2.09967       -0.0273414035  -0.0000000000
    1    0   -1   2.09967         1    0   -1   2.09967       -0.0273414035   0.0000000000
   -1   -2   -2   2.32464        -1   -2   -2   2.32464       -0.0256393331  -0.0000000000
    0   -1   -2   2.32464         0   -1   -2   2.32464       -0.0256393331  -0.0000000000
    0    0    1   2.32464         0    0    1   2.32464       -0.0259121976  -0.0000000000
    2    1    2   5.92407         3    0    0   9.52351       -0.0000938941   0.0000000000
    1   -2   -1   5.99906        -1    2    1   9.59850        0.0001315411   0.0000000000
   -2   -3   -3   6.29902        -3   -1    0   9.89845       -0.0001431011  -0.0000000000
   -2   -2    0   6.29902        -2   -4   -2   9.89845       -0.0002106625  -0.0000000000
    0   -1   -3   6.29902         1    3    0   9.89845        0.0001431011   0.0000000000
    2    2    0   6.29902         2    0   -2   9.89845       -0.0002106625  -0.0000000000


             g                   gp         inverse epsilon           nspin= 1
         0    0    0         0    0    0        0.30710046   0.00000000
        -1   -1   -1         0    0    0        0.01216672   0.00000000
        -1   -1   -1        -1   -1   -1        0.41586669   0.00000000
         0    0   -1        -1   -1   -1       -0.00789132   0.00000000
         0    0   -1         0    0   -1        0.41586669  -0.00000000
         0   -1   -1         0    0   -1       -0.03542787   0.00000000
         0   -1   -1         0   -1   -1        0.44288453   0.00000000
         0   -1    0         0   -1   -1       -0.03511789  -0.00000000
         0   -1    0         0   -1    0        0.60719819   0.00000000
         1    0    0         0   -1    0       -0.00149413  -0.00000000
         1    0    0         1    0    0        0.60719819  -0.00000000
        -1    0   -1         1    0    0       -0.00160797  -0.00000000
        -1    0   -1        -1    0   -1        0.61988370   0.00000000
        -1   -1   -2        -1    0   -1        0.00000000  -0.00000000
        -1   -1   -2        -1   -1   -2        0.68889501  -0.00000000
        -1    0    0        -1   -1   -2        0.00120097  -0.00000000
        -1    0    0        -1    0    0        0.72409739  -0.00000000
         0    1    0        -1    0    0        0.00310375   0.00000000
         0    1    0         0    1    0        0.72409739   0.00000000
        -1   -1    0         0    1    0       -0.00225761   0.00000000
        -1   -1    0        -1   -1    0        0.73279314  -0.00000000
         1    1    0        -1   -1    0       -0.00371793   0.00000000
         1    1    0         1    1    0        0.73279314  -0.00000000
        -1   -2   -1         1    1    0       -0.00064880  -0.00000000
        -1   -2   -1        -1   -2   -1        0.77792117  -0.00000000
         1    0   -1        -1   -2   -1       -0.00365029  -0.00000000
         1    0   -1         1    0   -1        0.77792117   0.00000000
        -1   -2   -2         1    0   -1       -0.00732861  -0.00000000
        -1   -2   -2        -1   -2   -2        0.80394084  -0.00000000
         0   -1   -2        -1   -2   -2       -0.00277496   0.00000000
         0   -1   -2         0   -1   -2        0.80394084  -0.00000000
         0    0    1         0   -1   -2       -0.01992452  -0.00000000
         0    0    1         0    0    1        0.80686363  -0.00000000
         2    1    2         0    0    1        0.00049701   0.00000000
         2    1    2         3    0    0       -0.00022347   0.00000000
         1   -2   -1         3    0    0       -0.00017989   0.00000000
         1   -2   -1        -1    2    1        0.00016894   0.00000000
        -2   -3   -3        -1    2    1       -0.00007388   0.00000000
        -2   -3   -3        -3   -1    0       -0.00049917  -0.00000000
        -2   -2    0        -3   -1    0       -0.00114340   0.00000000
        -2   -2    0        -2   -4   -2       -0.00092380  -0.00000000
         0   -1   -3        -2   -4   -2       -0.00047690  -0.00000000
         0   -1   -3         1    3    0        0.00049917   0.00000000
         2    2    0         1    3    0       -0.00114340   0.00000000
         2    2    0         2    0   -2       -0.00092380  -0.00000000
         0    1    2         2    0   -2        0.00039523   0.00000000
