k-points are in crystal coordinates
nk(3) =     2    2    2
dk(3) =   0.500000000  0.500000000  0.500000000

direct lattice vectors
a1 =   0.000000000  0.707106781  0.707106781
a2 =   0.707106781  0.000000000  0.707106781
a3 =   0.707106781  0.707106781  0.000000000

unit cell volume =  0.707106781E+00

reciprocal lattice vectors
b1 =  -4.442882938  4.442882938  4.442882938
b2 =   4.442882938 -4.442882938  4.442882938
b3 =   4.442882938  4.442882938 -4.442882938

symmetries of the Bravais lattice
 48
Space group 225, symbol Fm-3m                
r01 =     1   0   0     0   1   0     0   0   1      0.000000    0.000000    0.000000
r02 =     1   0   0     0   1   0    -1  -1  -1      0.000000    0.000000    0.000000
r03 =     0  -1   0    -1   0   0     0   0  -1      0.000000    0.000000    0.000000
r04 =     0  -1   0    -1   0   0     1   1   1      0.000000    0.000000    0.000000
r05 =     1   1   1     0  -1   0     0   0  -1      0.000000    0.000000    0.000000
r06 =     0   1   0    -1  -1  -1     1   0   0      0.000000    0.000000    0.000000
r07 =     1   1   1     0  -1   0    -1   0   0      0.000000    0.000000    0.000000
r08 =     0   1   0    -1  -1  -1     0   0   1      0.000000    0.000000    0.000000
r09 =     0   0  -1     1   1   1    -1   0   0      0.000000    0.000000    0.000000
r10 =     0   0  -1     1   1   1     0  -1   0      0.000000    0.000000    0.000000
r11 =    -1  -1  -1     0   0   1     1   0   0      0.000000    0.000000    0.000000
r12 =    -1  -1  -1     0   0   1     0   1   0      0.000000    0.000000    0.000000
r13 =    -1   0   0     0  -1   0     0   0  -1      0.000000    0.000000    0.000000
r14 =     0   1   0     1   0   0     0   0   1      0.000000    0.000000    0.000000
r15 =    -1   0   0     0  -1   0     1   1   1      0.000000    0.000000    0.000000
r16 =     0   1   0     1   0   0    -1  -1  -1      0.000000    0.000000    0.000000
r17 =    -1  -1  -1     0   1   0     0   0   1      0.000000    0.000000    0.000000
r18 =     0  -1   0     1   1   1    -1   0   0      0.000000    0.000000    0.000000
r19 =    -1  -1  -1     0   1   0     1   0   0      0.000000    0.000000    0.000000
r20 =     0  -1   0     1   1   1     0   0  -1      0.000000    0.000000    0.000000
r21 =     0   0   1    -1  -1  -1     1   0   0      0.000000    0.000000    0.000000
r22 =     1   1   1     0   0  -1    -1   0   0      0.000000    0.000000    0.000000
r23 =     0   0   1    -1  -1  -1     0   1   0      0.000000    0.000000    0.000000
r24 =     1   1   1     0   0  -1     0  -1   0      0.000000    0.000000    0.000000
r25 =     0   0  -1     0  -1   0     1   1   1      0.000000    0.000000    0.000000
r26 =     0   0  -1     0  -1   0    -1   0   0      0.000000    0.000000    0.000000
r27 =     0   1   0     0   0   1     1   0   0      0.000000    0.000000    0.000000
r28 =     0   1   0     0   0   1    -1  -1  -1      0.000000    0.000000    0.000000
r29 =     1   0   0    -1  -1  -1     0   1   0      0.000000    0.000000    0.000000
r30 =     1   1   1    -1   0   0     0   0  -1      0.000000    0.000000    0.000000
r31 =     1   0   0    -1  -1  -1     0   0   1      0.000000    0.000000    0.000000
r32 =     1   1   1    -1   0   0     0  -1   0      0.000000    0.000000    0.000000
r33 =     0   0   1     0   1   0     1   0   0      0.000000    0.000000    0.000000
r34 =     0  -1   0     0   0  -1    -1   0   0      0.000000    0.000000    0.000000
r35 =     0   0   1     0   1   0    -1  -1  -1      0.000000    0.000000    0.000000
r36 =     0  -1   0     0   0  -1     1   1   1      0.000000    0.000000    0.000000
r37 =    -1  -1  -1     1   0   0     0   0   1      0.000000    0.000000    0.000000
r38 =    -1   0   0     1   1   1     0   0  -1      0.000000    0.000000    0.000000
r39 =    -1   0   0     1   1   1     0  -1   0      0.000000    0.000000    0.000000
r40 =    -1  -1  -1     1   0   0     0   1   0      0.000000    0.000000    0.000000
r41 =     0   0  -1    -1   0   0     1   1   1      0.000000    0.000000    0.000000
r42 =     1   0   0     0   0   1     0   1   0      0.000000    0.000000    0.000000
r43 =     1   0   0     0   0   1    -1  -1  -1      0.000000    0.000000    0.000000
r44 =     0   0  -1    -1   0   0     0  -1   0      0.000000    0.000000    0.000000
r45 =     0   0   1     1   0   0    -1  -1  -1      0.000000    0.000000    0.000000
r46 =    -1   0   0     0   0  -1     0  -1   0      0.000000    0.000000    0.000000
r47 =    -1   0   0     0   0  -1     1   1   1      0.000000    0.000000    0.000000
r48 =     0   0   1     1   0   0     0   1   0      0.000000    0.000000    0.000000

symmetries of the crystal without FFT grid
 24
Space group 216, symbol F-43m                
r01 =     1   0   0     0   1   0     0   0   1      0.000000    0.000000    0.000000
r02 =     1   0   0     0   1   0    -1  -1  -1      0.000000    0.000000    0.000000
r03 =     0   1   0    -1  -1  -1     1   0   0      0.000000    0.000000    0.000000
r04 =     0   1   0    -1  -1  -1     0   0   1      0.000000    0.000000    0.000000
r05 =    -1  -1  -1     0   0   1     1   0   0      0.000000    0.000000    0.000000
r06 =    -1  -1  -1     0   0   1     0   1   0      0.000000    0.000000    0.000000
r07 =     0   1   0     1   0   0     0   0   1      0.000000    0.000000    0.000000
r08 =     0   1   0     1   0   0    -1  -1  -1      0.000000    0.000000    0.000000
r09 =    -1  -1  -1     0   1   0     0   0   1      0.000000    0.000000    0.000000
r10 =    -1  -1  -1     0   1   0     1   0   0      0.000000    0.000000    0.000000
r11 =     0   0   1    -1  -1  -1     1   0   0      0.000000    0.000000    0.000000
r12 =     0   0   1    -1  -1  -1     0   1   0      0.000000    0.000000    0.000000
r13 =     0   1   0     0   0   1     1   0   0      0.000000    0.000000    0.000000
r14 =     0   1   0     0   0   1    -1  -1  -1      0.000000    0.000000    0.000000
r15 =     1   0   0    -1  -1  -1     0   1   0      0.000000    0.000000    0.000000
r16 =     1   0   0    -1  -1  -1     0   0   1      0.000000    0.000000    0.000000
r17 =     0   0   1     0   1   0     1   0   0      0.000000    0.000000    0.000000
r18 =     0   0   1     0   1   0    -1  -1  -1      0.000000    0.000000    0.000000
r19 =    -1  -1  -1     1   0   0     0   0   1      0.000000    0.000000    0.000000
r20 =    -1  -1  -1     1   0   0     0   1   0      0.000000    0.000000    0.000000
r21 =     1   0   0     0   0   1     0   1   0      0.000000    0.000000    0.000000
r22 =     1   0   0     0   0   1    -1  -1  -1      0.000000    0.000000    0.000000
r23 =     0   0   1     1   0   0    -1  -1  -1      0.000000    0.000000    0.000000
r24 =     0   0   1     1   0   0     0   1   0      0.000000    0.000000    0.000000

symmetries that reduce the k-points
r07 =     0   1   0     1   0   0     0   0   1
r13 =     0   1   0     0   0   1     1   0   0

k-points in the original uniform grid
      8
      1  0.250000000  0.250000000  0.250000000   1.0       0  ---
      2  0.250000000  0.250000000  0.750000000   3.0       0  ---
      3  0.250000000  0.750000000  0.250000000   0.0       2  r13
      4  0.250000000  0.750000000  0.750000000   3.0       0  ---
      5  0.750000000  0.250000000  0.250000000   0.0       2  r07
      6  0.750000000  0.250000000  0.750000000   0.0       4  r07
      7  0.750000000  0.750000000  0.250000000   0.0       4  r13
      8  0.750000000  0.750000000  0.750000000   1.0       0  ---

k-points in the irreducible wedge
      4
      1  0.250000000  0.250000000  0.250000000   1.0       1
      2  0.250000000  0.250000000  0.750000000   3.0       2
      3  0.250000000  0.750000000  0.750000000   3.0       4
      4  0.750000000  0.750000000  0.750000000   1.0       8

