k-points are in crystal coordinates
nk(3) =     2    2    2
dk(3) =   0.500000000  0.500000000  0.500000000
dq(3) =   0.001000000  0.000000000  0.000000000

direct lattice vectors
a1 =   0.000000000  0.707106781  0.707106781
a2 =   0.707106781  0.000000000  0.707106781
a3 =   0.707106781  0.707106781  0.000000000

unit cell volume =  0.707106781E+00

reciprocal lattice vectors
b1 =  -4.442882938  4.442882938  4.442882938
b2 =   4.442882938 -4.442882938  4.442882938
b3 =   4.442882938  4.442882938 -4.442882938

symmetries of the Bravais lattice
 48
Space group 225, symbol Fm-3m                
r01 =     1   0   0     0   1   0     0   0   1      0.000000    0.000000    0.000000
r02 =     1   0   0     0   1   0    -1  -1  -1      0.000000    0.000000    0.000000
r03 =     0  -1   0    -1   0   0     0   0  -1      0.000000    0.000000    0.000000
r04 =     0  -1   0    -1   0   0     1   1   1      0.000000    0.000000    0.000000
r05 =     1   1   1     0  -1   0     0   0  -1      0.000000    0.000000    0.000000
r06 =     0   1   0    -1  -1  -1     1   0   0      0.000000    0.000000    0.000000
r07 =     1   1   1     0  -1   0    -1   0   0      0.000000    0.000000    0.000000
r08 =     0   1   0    -1  -1  -1     0   0   1      0.000000    0.000000    0.000000
r09 =     0   0  -1     1   1   1    -1   0   0      0.000000    0.000000    0.000000
r10 =     0   0  -1     1   1   1     0  -1   0      0.000000    0.000000    0.000000
r11 =    -1  -1  -1     0   0   1     1   0   0      0.000000    0.000000    0.000000
r12 =    -1  -1  -1     0   0   1     0   1   0      0.000000    0.000000    0.000000
r13 =    -1   0   0     0  -1   0     0   0  -1      0.000000    0.000000    0.000000
r14 =     0   1   0     1   0   0     0   0   1      0.000000    0.000000    0.000000
r15 =    -1   0   0     0  -1   0     1   1   1      0.000000    0.000000    0.000000
r16 =     0   1   0     1   0   0    -1  -1  -1      0.000000    0.000000    0.000000
r17 =    -1  -1  -1     0   1   0     0   0   1      0.000000    0.000000    0.000000
r18 =     0  -1   0     1   1   1    -1   0   0      0.000000    0.000000    0.000000
r19 =    -1  -1  -1     0   1   0     1   0   0      0.000000    0.000000    0.000000
r20 =     0  -1   0     1   1   1     0   0  -1      0.000000    0.000000    0.000000
r21 =     0   0   1    -1  -1  -1     1   0   0      0.000000    0.000000    0.000000
r22 =     1   1   1     0   0  -1    -1   0   0      0.000000    0.000000    0.000000
r23 =     0   0   1    -1  -1  -1     0   1   0      0.000000    0.000000    0.000000
r24 =     1   1   1     0   0  -1     0  -1   0      0.000000    0.000000    0.000000
r25 =     0   0  -1     0  -1   0     1   1   1      0.000000    0.000000    0.000000
r26 =     0   0  -1     0  -1   0    -1   0   0      0.000000    0.000000    0.000000
r27 =     0   1   0     0   0   1     1   0   0      0.000000    0.000000    0.000000
r28 =     0   1   0     0   0   1    -1  -1  -1      0.000000    0.000000    0.000000
r29 =     1   0   0    -1  -1  -1     0   1   0      0.000000    0.000000    0.000000
r30 =     1   1   1    -1   0   0     0   0  -1      0.000000    0.000000    0.000000
r31 =     1   0   0    -1  -1  -1     0   0   1      0.000000    0.000000    0.000000
r32 =     1   1   1    -1   0   0     0  -1   0      0.000000    0.000000    0.000000
r33 =     0   0   1     0   1   0     1   0   0      0.000000    0.000000    0.000000
r34 =     0  -1   0     0   0  -1    -1   0   0      0.000000    0.000000    0.000000
r35 =     0   0   1     0   1   0    -1  -1  -1      0.000000    0.000000    0.000000
r36 =     0  -1   0     0   0  -1     1   1   1      0.000000    0.000000    0.000000
r37 =    -1  -1  -1     1   0   0     0   0   1      0.000000    0.000000    0.000000
r38 =    -1   0   0     1   1   1     0   0  -1      0.000000    0.000000    0.000000
r39 =    -1   0   0     1   1   1     0  -1   0      0.000000    0.000000    0.000000
r40 =    -1  -1  -1     1   0   0     0   1   0      0.000000    0.000000    0.000000
r41 =     0   0  -1    -1   0   0     1   1   1      0.000000    0.000000    0.000000
r42 =     1   0   0     0   0   1     0   1   0      0.000000    0.000000    0.000000
r43 =     1   0   0     0   0   1    -1  -1  -1      0.000000    0.000000    0.000000
r44 =     0   0  -1    -1   0   0     0  -1   0      0.000000    0.000000    0.000000
r45 =     0   0   1     1   0   0    -1  -1  -1      0.000000    0.000000    0.000000
r46 =    -1   0   0     0   0  -1     0  -1   0      0.000000    0.000000    0.000000
r47 =    -1   0   0     0   0  -1     1   1   1      0.000000    0.000000    0.000000
r48 =     0   0   1     1   0   0     0   1   0      0.000000    0.000000    0.000000

symmetries of the crystal without FFT grid
 24
Space group 216, symbol F-43m                
r01 =     1   0   0     0   1   0     0   0   1      0.000000    0.000000    0.000000
r02 =     1   0   0     0   1   0    -1  -1  -1      0.000000    0.000000    0.000000
r03 =     0   1   0    -1  -1  -1     1   0   0      0.000000    0.000000    0.000000
r04 =     0   1   0    -1  -1  -1     0   0   1      0.000000    0.000000    0.000000
r05 =    -1  -1  -1     0   0   1     1   0   0      0.000000    0.000000    0.000000
r06 =    -1  -1  -1     0   0   1     0   1   0      0.000000    0.000000    0.000000
r07 =     0   1   0     1   0   0     0   0   1      0.000000    0.000000    0.000000
r08 =     0   1   0     1   0   0    -1  -1  -1      0.000000    0.000000    0.000000
r09 =    -1  -1  -1     0   1   0     0   0   1      0.000000    0.000000    0.000000
r10 =    -1  -1  -1     0   1   0     1   0   0      0.000000    0.000000    0.000000
r11 =     0   0   1    -1  -1  -1     1   0   0      0.000000    0.000000    0.000000
r12 =     0   0   1    -1  -1  -1     0   1   0      0.000000    0.000000    0.000000
r13 =     0   1   0     0   0   1     1   0   0      0.000000    0.000000    0.000000
r14 =     0   1   0     0   0   1    -1  -1  -1      0.000000    0.000000    0.000000
r15 =     1   0   0    -1  -1  -1     0   1   0      0.000000    0.000000    0.000000
r16 =     1   0   0    -1  -1  -1     0   0   1      0.000000    0.000000    0.000000
r17 =     0   0   1     0   1   0     1   0   0      0.000000    0.000000    0.000000
r18 =     0   0   1     0   1   0    -1  -1  -1      0.000000    0.000000    0.000000
r19 =    -1  -1  -1     1   0   0     0   0   1      0.000000    0.000000    0.000000
r20 =    -1  -1  -1     1   0   0     0   1   0      0.000000    0.000000    0.000000
r21 =     1   0   0     0   0   1     0   1   0      0.000000    0.000000    0.000000
r22 =     1   0   0     0   0   1    -1  -1  -1      0.000000    0.000000    0.000000
r23 =     0   0   1     1   0   0    -1  -1  -1      0.000000    0.000000    0.000000
r24 =     0   0   1     1   0   0     0   1   0      0.000000    0.000000    0.000000

symmetries that reduce the k-points
r07 =     0   1   0     1   0   0     0   0   1
r13 =     0   1   0     0   0   1     1   0   0

symmetries of a subgroup of the q-vector
r01 =     1   0   0     0   1   0     0   0   1
r02 =     1   0   0     0   1   0    -1  -1  -1
r15 =     1   0   0    -1  -1  -1     0   1   0
r16 =     1   0   0    -1  -1  -1     0   0   1
r21 =     1   0   0     0   0   1     0   1   0
r22 =     1   0   0     0   0   1    -1  -1  -1

k-points in the original uniform grid
      8
      1  0.250000000  0.250000000  0.250000000   1.0       0  ---
      2  0.250000000  0.250000000  0.750000000   3.0       0  ---
      3  0.250000000  0.750000000  0.250000000   0.0       2  r13
      4  0.250000000  0.750000000  0.750000000   3.0       0  ---
      5  0.750000000  0.250000000  0.250000000   0.0       2  r07
      6  0.750000000  0.250000000  0.750000000   0.0       4  r07
      7  0.750000000  0.750000000  0.250000000   0.0       4  r13
      8  0.750000000  0.750000000  0.750000000   1.0       0  ---

k-points in the irreducible wedge
      4
      1  0.250000000  0.250000000  0.250000000   1.0       1
      2  0.250000000  0.250000000  0.750000000   3.0       2
      3  0.250000000  0.750000000  0.750000000   3.0       4
      4  0.750000000  0.750000000  0.750000000   1.0       8

k-points in the unfolded Brillouin Zone
     32
      1  0.001000000  0.000000000  0.250000000   1.0
      2  0.001000000  0.000000000  0.750000000   1.0
      3  0.001000000  0.250000000  0.000000000   1.0
      4  0.001000000  0.250000000  0.500000000   1.0
      5  0.001000000  0.500000000  0.250000000   1.0
      6  0.001000000  0.500000000  0.750000000   1.0
      7  0.001000000  0.750000000  0.000000000   1.0
      8  0.001000000  0.750000000  0.500000000   1.0
      9  0.251000000  0.000000000  0.000000000   1.0
     10  0.251000000  0.000000000  0.500000000   1.0
     11  0.251000000  0.250000000  0.250000000   1.0
     12  0.251000000  0.250000000  0.750000000   1.0
     13  0.251000000  0.500000000  0.000000000   1.0
     14  0.251000000  0.500000000  0.500000000   1.0
     15  0.251000000  0.750000000  0.250000000   1.0
     16  0.251000000  0.750000000  0.750000000   1.0
     17  0.501000000  0.000000000  0.250000000   1.0
     18  0.501000000  0.000000000  0.750000000   1.0
     19  0.501000000  0.250000000  0.000000000   1.0
     20  0.501000000  0.250000000  0.500000000   1.0
     21  0.501000000  0.500000000  0.250000000   1.0
     22  0.501000000  0.500000000  0.750000000   1.0
     23  0.501000000  0.750000000  0.000000000   1.0
     24  0.501000000  0.750000000  0.500000000   1.0
     25  0.751000000  0.000000000  0.000000000   1.0
     26  0.751000000  0.000000000  0.500000000   1.0
     27  0.751000000  0.250000000  0.250000000   1.0
     28  0.751000000  0.250000000  0.750000000   1.0
     29  0.751000000  0.500000000  0.000000000   1.0
     30  0.751000000  0.500000000  0.500000000   1.0
     31  0.751000000  0.750000000  0.250000000   1.0
     32  0.751000000  0.750000000  0.750000000   1.0

k-points folded with the symmetries of a subgroup of the q-vector
     10
      1  0.001000000  0.500000000  0.250000000   6.0
      2  0.251000000  0.000000000  0.000000000   1.0
      3  0.251000000  0.250000000  0.250000000   3.0
      4  0.251000000  0.250000000  0.750000000   6.0
      5  0.251000000  0.500000000  0.000000000   3.0
      6  0.251000000  0.750000000  0.750000000   3.0
      7  0.501000000  0.000000000  0.750000000   3.0
      8  0.751000000  0.000000000  0.000000000   1.0
      9  0.751000000  0.000000000  0.500000000   3.0
     10  0.751000000  0.750000000  0.750000000   3.0

