
 BerkeleyGW trunk revision 6984
 Epsilon code, Real version, run on 15-Apr-2016 at 15:40:06 -0700

 Running MPI version (parallel)
 Running with 32 MPI task(s)
 Computing the static inverse dielectric matrix

 We are using matrix communication scheme

 We are communicating via MPI

 We are using no truncation

 Highest occupied band (unshifted grid) = 4
 Valence max    (unshifted grid) = 5.809704 eV
 Conduction min (unshifted grid) = 6.776822 eV
 Middle energy  (unshifted grid) = 6.293263 eV
 Fermi  energy  (unshifted grid) = 6.293263 eV

 Highest occupied band (shifted grid) = 4
 Running with 2 valence pools
 Number of conduction bands per processor: 2
 Number of valence bands per processor: 2

 Memory available:    3931.1 MB per PE
 Memory required for execution:    4.2 MB per PE
 Memory required for vcoul:    0.0 MB per PE

 Cell Volume = 0.270106146E+03

 Number of electrons per unit cell (from ifmax) = 8.000000
 Number of electrons per unit cell (from occupations) = 8.000000
 Plasma Frequency = 1.220148 Ry

 Screened Coulomb cutoff: 10.000 Ry
 Total number of bands: 29
 Number of q-points: 10

 Scissors parameters
 Valence:    es =   0.0000 eV, e0 =   0.0000 eV, edel =   0.0000
 Conduction: es =   0.0000 eV, e0 =   0.0000 eV, edel =   0.0000
 Highest occupied band (shifted grid) = 4

 Crystal k+q WFs read from WFNq


     q= 0.0000 0.0000 0.0010  nmtx=     137  nrk=110

           independent matrix elements of chi       spin index= 1 1

          g          g**2          gp          gp**2          chi(g,gp)
    0    0    0   0.00000         0    0    0   0.00000       -0.0000005825
    0    0    0   0.00000        -1   -1   -1   1.12482       -0.0000114122
    0    0    0   0.00000        -1    0    0   1.12482       -0.0000116734
    0    0    0   0.00000         0   -1    0   1.12482       -0.0000116734
    0    0    0   0.00000         0    0   -1   1.12482        0.0000346692
    0    0    0   0.00000         0    0    1   1.12482       -0.0000345820
    0    0    0   0.00000         0    1    0   1.12482        0.0000114122
    0    0    0   0.00000         1    0    0   1.12482        0.0000114122
    0    0    0   0.00000         1    1    1   1.12482        0.0000116734
    0    0    0   0.00000        -1   -1    0   1.49977       -0.0000000335
    0    0    0   0.00000        -1    0   -1   1.49977        0.0000000324
    0    0    0   0.00000         0   -1   -1   1.49977        0.0000000324
    0    0    0   0.00000         0    1    1   1.49977        0.0000000335
    0    0    0   0.00000         1    0    1   1.49977        0.0000000335
    0    0    0   0.00000         1    1    0   1.49977       -0.0000000324
    0    0    0   0.00000        -2   -1   -1   2.99953        0.0000000126
    0    0    0   0.00000        -1   -2   -1   2.99953        0.0000000126
    0    0    0   0.00000         3    3    2   8.99859       -0.0000003195
   -1   -1   -1   1.12482        -1   -1   -1   1.12482       -0.0344147227
   -1    0    0   1.12482        -1    0    0   1.12482       -0.0344121941
    0   -1    0   1.12482         0   -1    0   1.12482       -0.0344121941
    0    0   -1   1.12482         0    0   -1   1.12482       -0.0344171555
    0    0    1   1.12482         0    0    1   1.12482       -0.0344095764
    0    1    0   1.12482         0    1    0   1.12482       -0.0344147227
    1    0    0   1.12482         1    0    0   1.12482       -0.0344147227
    1    1    1   1.12482         1    1    1   1.12482       -0.0344121941
   -1   -1    0   1.49977        -1   -1    0   1.49977       -0.0342400195
   -1    0   -1   1.49977        -1    0   -1   1.49977       -0.0342577085
    0   -1   -1   1.49977         0   -1   -1   1.49977       -0.0342577085
    0    1    1   1.49977         0    1    1   1.49977       -0.0342400195
    1    0    1   1.49977         1    0    1   1.49977       -0.0342400195
    1    1    0   1.49977         1    1    0   1.49977       -0.0342577085
   -2   -1   -1   2.99953        -2   -1   -1   2.99953       -0.0233531716
   -1   -2   -1   2.99953        -1   -2   -1   2.99953       -0.0233531715
   -2   -2   -3   7.12389         3    3    2   8.99859       -0.0001028003
 
 For q0 points, you should check the symmetry (eps(G,G') = eps*(-G,-G')) by
 using the eps0sym code. Wavefunction convergence, as well as a finite q-shift
 may cause this property of eps(G,G') to be broken.


             g                   gp         inverse epsilon           nspin= 1
         0    0    0         0    0    0        0.07959225
        -1   -1   -1         0    0    0       -0.00001097
        -1   -1   -1        -1   -1   -1        0.59728027
        -1    0    0        -1   -1   -1        0.00426165
        -1    0    0        -1    0    0        0.59769405
         0   -1    0        -1    0    0        0.00450300
         0   -1    0         0   -1    0        0.59769405
         0    0   -1         0   -1    0       -0.00167637
         0    0   -1         0    0   -1        0.60938084
         0    0    1         0    0   -1        0.04094380
         0    0    1         0    0    1        0.61032816
         0    1    0         0    0    1       -0.00165916
         0    1    0         0    1    0        0.59728027
         1    0    0         0    1    0        0.00453483
         1    0    0         1    0    0        0.59728027
         1    1    1         1    0    0        0.00426165
         1    1    1         1    1    1        0.59769405
        -1   -1    0         1    1    1        0.00610501
        -1   -1    0        -1   -1    0        0.66485047
        -1    0   -1        -1   -1    0        0.00925818
        -1    0   -1        -1    0   -1        0.66428626
         0   -1   -1        -1    0   -1        0.00923782
         0   -1   -1         0   -1   -1        0.66428626
         0    1    1         0   -1   -1       -0.01023773
         0    1    1         0    1    1        0.66485047
         1    0    1         0    1    1        0.00926017
         1    0    1         1    0    1        0.66485047
         1    1    0         1    0    1        0.00925818
         1    1    0         1    1    0        0.66428626
        -2   -1   -1         1    1    0       -0.00000585
        -2   -1   -1        -2   -1   -1        0.85290136
        -1   -2   -1        -2   -1   -1        0.00963055
        -1   -2   -1        -1   -2   -1        0.85290136
        -2   -2   -3        -1   -2   -1       -0.00292171
        -2   -2   -3         3    3    2       -0.00026300
        -2    0    1         3    3    2       -0.00035616


     q= 0.0000 0.0000 0.2000  nmtx=     150  nrk=110

           independent matrix elements of chi       spin index= 1 1

          g          g**2          gp          gp**2          chi(g,gp)
    0    0    0   0.04499         0    0    0   0.04499       -0.0131009211
    0    0    0   0.04499         0    0   -1   0.71989        0.0055672156
    0    0    0   0.04499        -1   -1   -1   1.01984        0.0017604077
    0    0    0   0.04499         0    1    0   1.01984       -0.0017604077
    0    0    0   0.04499         1    0    0   1.01984       -0.0017604077
    0    0    0   0.04499        -1    0   -1   1.24481        0.0007511463
    0    0    0   0.04499         0   -1   -1   1.24481        0.0007511463
    0    0    0   0.04499         1    1    0   1.24481       -0.0007511463
    0    0    0   0.04499        -1    0    0   1.31979       -0.0042918070
    0    0    0   0.04499         0   -1    0   1.31979       -0.0042918070
    0    0    0   0.04499         1    1    1   1.31979        0.0042918070
    0    0    0   0.04499         0    0    1   1.61975       -0.0040536109
    0    0    0   0.04499        -1   -1    0   1.84471       -0.0005468431
    0    0    0   0.04499         0    1    1   1.84471        0.0005468431
    0    0    0   0.04499         1    0    1   1.84471        0.0005468431
    0    0    0   0.04499        -1   -1   -2   2.44462        0.0004670489
    0    0    0   0.04499         0    1   -1   2.44462       -0.0004670489
    0    0    0   0.04499         1    0   -1   2.44462       -0.0004670489
    0    0    0   0.04499        -3   -3   -3   9.71848        0.0000045799
    0    0    0   0.04499        -3    0   -2   9.71848       -0.0000087131
    0    0    0   0.04499         0   -3   -2   9.71848       -0.0000087131
    0    0    0   0.04499         0    3    0   9.71848       -0.0000045799
    0    0    0   0.04499         3    0    0   9.71848       -0.0000045799
    0    0    0   0.04499         3    3    1   9.71848        0.0000087131
    0    0   -1   0.71989         0    0   -1   0.71989       -0.0331031161
   -1   -1   -1   1.01984        -1   -1   -1   1.01984       -0.0356602080
    0    1    0   1.01984         0    1    0   1.01984       -0.0356602080
    1    0    0   1.01984         1    0    0   1.01984       -0.0356602080
   -1    0   -1   1.24481        -1    0   -1   1.24481       -0.0356451415
    0   -1   -1   1.24481         0   -1   -1   1.24481       -0.0356451415
    1    1    0   1.24481         1    1    0   1.24481       -0.0356451415
   -1    0    0   1.31979        -1    0    0   1.31979       -0.0345568841
    0   -1    0   1.31979         0   -1    0   1.31979       -0.0345568841
    1    1    1   1.31979         1    1    1   1.31979       -0.0345568841
    0    0    1   1.61975         0    0    1   1.61975       -0.0322813386
   -1   -1    0   1.84471        -1   -1    0   1.84471       -0.0319948209
    0    1    1   1.84471         0    1    1   1.84471       -0.0319948209
    1    0    1   1.84471         1    0    1   1.84471       -0.0319948209
   -1   -1   -2   2.44462        -1   -1   -2   2.44462       -0.0265550497
    0    1   -1   2.44462         0    1   -1   2.44462       -0.0265550497
    1    0   -1   2.44462         1    0   -1   2.44462       -0.0265550497
    0    2    2   6.64396        -3   -3   -3   9.71848        0.0001474231
    1   -1   -2   6.64396        -3    0   -2   9.71848        0.0001578502
    1    2   -1   6.64396         0   -3   -2   9.71848       -0.0001578502
    2    0    2   6.64396         0    3    0   9.71848       -0.0001474231
    2    1   -1   6.64396         3    0    0   9.71848       -0.0000649502
   -3   -2   -2   7.01890         3    3    1   9.71848        0.0000521268


             g                   gp         inverse epsilon           nspin= 1
         0    0    0         0    0    0        0.13641383
         0    0   -1         0    0    0        0.01123135
         0    0   -1         0    0   -1        0.51061471
        -1   -1   -1         0    0   -1       -0.00122126
        -1   -1   -1        -1   -1   -1        0.56367208
         0    1    0        -1   -1   -1       -0.00903066
         0    1    0         0    1    0        0.56367208
         1    0    0         0    1    0        0.00903066
         1    0    0         1    0    0        0.56367208
        -1    0   -1         1    0    0        0.00447967
        -1    0   -1        -1    0   -1        0.61303139
         0   -1   -1        -1    0   -1        0.00715841
         0   -1   -1         0   -1   -1        0.61303139
         1    1    0         0   -1   -1       -0.00715841
         1    1    0         1    1    0        0.61303139
        -1    0    0         1    1    0        0.00599084
        -1    0    0        -1    0    0        0.64087649
         0   -1    0        -1    0    0        0.00506613
         0   -1    0         0   -1    0        0.64087649
         1    1    1         0   -1    0       -0.00506613
         1    1    1         1    1    1        0.64087649
         0    0    1         1    1    1       -0.00246651
         0    0    1         0    0    1        0.70147142
        -1   -1    0         0    0    1        0.04777349
        -1   -1    0        -1   -1    0        0.72313580
         0    1    1        -1   -1    0       -0.01146813
         0    1    1         0    1    1        0.72313580
         1    0    1         0    1    1        0.01146813
         1    0    1         1    0    1        0.72313580
        -1   -1   -2         1    0    1        0.00125912
        -1   -1   -2        -1   -1   -2        0.80802453
         0    1   -1        -1   -1   -2       -0.01220745
         0    1   -1         0    1   -1        0.80802453
         1    0   -1         0    1   -1        0.01220745
         1    0   -1         1    0   -1        0.80802453
         0    2    2         1    0   -1        0.00001474
         0    2    2        -3   -3   -3        0.00047870
         1   -1   -2        -3   -3   -3        0.00056324
         1   -1   -2        -3    0   -2        0.00045714
         1    2   -1        -3    0   -2        0.00062149
         1    2   -1         0   -3   -2       -0.00045714
         2    0    2         0   -3   -2        0.00063983
         2    0    2         0    3    0       -0.00047870
         2    1   -1         0    3    0        0.00056324
         2    1   -1         3    0    0       -0.00007753
        -3   -2   -2         3    0    0        0.00004342
        -3   -2   -2         3    3    1        0.00010155
        -2   -3   -2         3    3    1        0.00010155


     q= 0.0000 0.0000 0.4000  nmtx=     147  nrk=110

           independent matrix elements of chi       spin index= 1 1

          g          g**2          gp          gp**2          chi(g,gp)
    0    0    0   0.17997         0    0    0   0.17997       -0.0239960963
    0    0    0   0.17997         0    0   -1   0.40494        0.0072745096
    0    0    0   0.17997        -1   -1   -1   1.00484        0.0045080027
    0    0    0   0.17997         0    1    0   1.00484       -0.0045080027
    0    0    0   0.17997         1    0    0   1.00484       -0.0045080027
    0    0    0   0.17997        -1    0   -1   1.07983        0.0015212082
    0    0    0   0.17997         0   -1   -1   1.07983        0.0015212082
    0    0    0   0.17997         1    1    0   1.07983       -0.0015212082
    0    0    0   0.17997        -1    0    0   1.60475       -0.0063267599
    0    0    0   0.17997         0   -1    0   1.60475       -0.0063267599
    0    0    0   0.17997         1    1    1   1.60475        0.0063267599
    0    0    0   0.17997        -1   -1   -2   1.97969       -0.0004160003
    0    0    0   0.17997         0    1   -1   1.97969        0.0004160003
    0    0    0   0.17997         1    0   -1   1.97969        0.0004160003
    0    0    0   0.17997         0    0    1   2.20466       -0.0052342070
    0    0    0   0.17997        -1   -1    0   2.27964       -0.0007311535
    0    0    0   0.17997         0    1    1   2.27964        0.0007311535
    0    0    0   0.17997         1    0    1   2.27964        0.0007311535
    0    0    0   0.17997        -2   -2   -4   9.77847        0.0003936875
    0    0    0   0.17997         0    2   -2   9.77847        0.0003936875
    0    0    0   0.17997         2    0   -2   9.77847        0.0003936875
    0    0   -1   0.40494         0    0   -1   0.40494       -0.0295549539
   -1   -1   -1   1.00484        -1   -1   -1   1.00484       -0.0364247756
    0    1    0   1.00484         0    1    0   1.00484       -0.0364247756
    1    0    0   1.00484         1    0    0   1.00484       -0.0364247756
   -1    0   -1   1.07983        -1    0   -1   1.07983       -0.0363285277
    0   -1   -1   1.07983         0   -1   -1   1.07983       -0.0363285277
    1    1    0   1.07983         1    1    0   1.07983       -0.0363285277
   -1    0    0   1.60475        -1    0    0   1.60475       -0.0328678230
    0   -1    0   1.60475         0   -1    0   1.60475       -0.0328678230
    1    1    1   1.60475         1    1    1   1.60475       -0.0328678230
   -1   -1   -2   1.97969        -1   -1   -2   1.97969       -0.0297411124
    0    1   -1   1.97969         0    1   -1   1.97969       -0.0297411124
    1    0   -1   1.97969         1    0   -1   1.97969       -0.0297411124
    0    0    1   2.20466         0    0    1   2.20466       -0.0285399454
   -1   -1    0   2.27964        -1   -1    0   2.27964       -0.0282936195
    0    1    1   2.27964         0    1    1   2.27964       -0.0282936195
    1    0    1   2.27964         1    0    1   2.27964       -0.0282936195
    2    1   -1   5.87908        -2   -2   -4   9.77847        0.0000728451
    0    0    2   6.47899         0    2   -2   9.77847        0.0000554983
   -1    0   -3   6.77894         2    0   -2   9.77847       -0.0002300929


             g                   gp         inverse epsilon           nspin= 1
         0    0    0         0    0    0        0.26094254
         0    0   -1         0    0    0        0.03656156
         0    0   -1         0    0   -1        0.39487619
        -1   -1   -1         0    0   -1       -0.00135590
        -1   -1   -1        -1   -1   -1        0.55684914
         0    1    0        -1   -1   -1       -0.00979923
         0    1    0         0    1    0        0.55684914
         1    0    0         0    1    0        0.00979923
         1    0    0         1    0    0        0.55684914
        -1    0   -1         1    0    0        0.00020639
        -1    0   -1        -1    0   -1        0.57516581
         0   -1   -1        -1    0   -1        0.00762383
         0   -1   -1         0   -1   -1        0.57516581
         1    1    0         0   -1   -1       -0.00762383
         1    1    0         1    1    0        0.57516581
        -1    0    0         1    1    0        0.00342745
        -1    0    0        -1    0    0        0.69467790
         0   -1    0        -1    0    0        0.00705245
         0   -1    0         0   -1    0        0.69467790
         1    1    1         0   -1    0       -0.00705245
         1    1    1         1    1    1        0.69467790
        -1   -1   -2         1    1    1        0.02493429
        -1   -1   -2        -1   -1   -2        0.75440906
         0    1   -1        -1   -1   -2       -0.00948158
         0    1   -1         0    1   -1        0.75440906
         1    0   -1         0    1   -1        0.00948158
         1    0   -1         1    0   -1        0.75440906
         0    0    1         1    0   -1        0.01028315
         0    0    1         0    0    1        0.78241205
        -1   -1    0         0    0    1        0.04526615
        -1   -1    0        -1   -1    0        0.78429212
         0    1    1        -1   -1    0       -0.01193487
         0    1    1         0    1    1        0.78429212
         1    0    1         0    1    1        0.01193487
         1    0    1         1    0    1        0.78429212
         2    1   -1         1    0    1        0.00373485
         2    1   -1        -2   -2   -4        0.00012339
         0    0    2        -2   -2   -4        0.00014508
         0    0    2         0    2   -2        0.00014508
        -1    0   -3         0    2   -2        0.00101198
        -1    0   -3         2    0   -2       -0.00076178
         0   -1   -3         2    0   -2        0.00101198


     q= 0.0000 0.2000 0.2000  nmtx=     149  nrk= 75

           independent matrix elements of chi       spin index= 1 1

          g          g**2          gp          gp**2          chi(g,gp)
    0    0    0   0.05999         0    0    0   0.05999       -0.0170060405
    0    0    0   0.05999        -1   -1   -1   0.88486        0.0000307218
    0    0    0   0.05999         0   -1    0   0.88486       -0.0000307218
    0    0    0   0.05999         0    0   -1   0.88486       -0.0000307218
    0    0    0   0.05999         1    0    0   0.88486       -0.0000307218
    0    0    0   0.05999         0   -1   -1   0.95985       -0.0000000000
    0    0    0   0.05999        -1    0    0   1.48477       -0.0053993328
    0    0    0   0.05999         0    0    1   1.48477       -0.0053993328
    0    0    0   0.05999         0    1    0   1.48477       -0.0053993328
    0    0    0   0.05999         1    1    1   1.48477        0.0053993328
    0    0    0   0.05999        -1   -1    0   1.55976       -0.0000000000
    0    0    0   0.05999        -1    0   -1   1.55976        0.0000000000
    0    0    0   0.05999         1    0    1   1.55976       -0.0000000000
    0    0    0   0.05999         1    1    0   1.55976        0.0000000000
    0    0    0   0.05999         0    1    1   2.15966        0.0000000000
    0    0    0   0.05999        -1   -2   -1   2.45962        0.0011164843
    0    0    0   0.05999        -1   -1   -2   2.45962        0.0011164843
    0    0    0   0.05999         1   -1    0   2.45962       -0.0011164843
    0    0    0   0.05999        -2    0   -3   9.88346       -0.0002741795
    0    0    0   0.05999         2   -1    2   9.88346       -0.0002741795
    0    0    0   0.05999         2    2   -1   9.88346       -0.0002741795
    0    0    0   0.05999         3    0    2   9.88346       -0.0002741795
    0    0    0   0.05999         3    2    0   9.88346       -0.0002741795
   -1   -1   -1   0.88486        -1   -1   -1   0.88486       -0.0354237934
    0   -1    0   0.88486         0   -1    0   0.88486       -0.0354237934
    0    0   -1   0.88486         0    0   -1   0.88486       -0.0354237934
    1    0    0   0.88486         1    0    0   0.88486       -0.0354237934
    0   -1   -1   0.95985         0   -1   -1   0.95985       -0.0359442273
   -1    0    0   1.48477        -1    0    0   1.48477       -0.0337344791
    0    0    1   1.48477         0    0    1   1.48477       -0.0337344791
    0    1    0   1.48477         0    1    0   1.48477       -0.0337344791
    1    1    1   1.48477         1    1    1   1.48477       -0.0337344791
   -1   -1    0   1.55976        -1   -1    0   1.55976       -0.0341414553
   -1    0   -1   1.55976        -1    0   -1   1.55976       -0.0341414553
    1    0    1   1.55976         1    0    1   1.55976       -0.0341414553
    1    1    0   1.55976         1    1    0   1.55976       -0.0341414553
    0    1    1   2.15966         0    1    1   2.15966       -0.0293932421
   -1   -2   -1   2.45962        -1   -2   -1   2.45962       -0.0265529458
   -1   -1   -2   2.45962        -1   -1   -2   2.45962       -0.0265529458
    1   -1    0   2.45962         1   -1    0   2.45962       -0.0265529458
   -1   -3   -2   6.35901        -2    0   -3   9.88346        0.0000392664
   -1   -2   -3   6.35901         2   -1    2   9.88346       -0.0001171479
    1   -2   -1   6.35901         2    2   -1   9.88346       -0.0000392664
    1   -1   -2   6.35901         3    0    2   9.88346        0.0001456881
   -3   -2   -2   6.88392         3    2    0   9.88346        0.0001816393


             g                   gp         inverse epsilon           nspin= 1
         0    0    0         0    0    0        0.13546282
        -1   -1   -1         0    0    0        0.00033684
        -1   -1   -1        -1   -1   -1        0.52962227
         0   -1    0        -1   -1   -1       -0.00102521
         0   -1    0         0   -1    0        0.52962227
         0    0   -1         0   -1    0        0.02443205
         0    0   -1         0    0   -1        0.52962227
         1    0    0         0    0   -1        0.00102521
         1    0    0         1    0    0        0.52962227
         0   -1   -1         1    0    0        0.04556153
         0   -1   -1         0   -1   -1        0.54606098
        -1    0    0         0   -1   -1       -0.00655337
        -1    0    0        -1    0    0        0.67486739
         0    0    1        -1    0    0        0.00265680
         0    0    1         0    0    1        0.67486739
         0    1    0         0    0    1        0.00797049
         0    1    0         0    1    0        0.67486739
         1    1    1         0    1    0       -0.00265680
         1    1    1         1    1    1        0.67486739
        -1   -1    0         1    1    1        0.00283553
        -1   -1    0        -1   -1    0        0.67512495
        -1    0   -1        -1   -1    0        0.00860713
        -1    0   -1        -1    0   -1        0.67512495
         1    0    1        -1    0   -1       -0.01037434
         1    0    1         1    0    1        0.67512495
         1    1    0         1    0    1        0.00860713
         1    1    0         1    1    0        0.67512495
         0    1    1         1    1    0        0.00942307
         0    1    1         0    1    1        0.76840302
        -1   -2   -1         0    1    1        0.00000000
        -1   -2   -1        -1   -2   -1        0.80898138
        -1   -1   -2        -1   -2   -1        0.01306047
        -1   -1   -2        -1   -1   -2        0.80898138
         1   -1    0        -1   -1   -2       -0.00745077
         1   -1    0         1   -1    0        0.80898138
        -1   -3   -2         1   -1    0       -0.00294302
        -1   -3   -2        -2    0   -3        0.00018491
        -1   -2   -3        -2    0   -3        0.00025649
        -1   -2   -3         2   -1    2       -0.00033975
         1   -2   -1         2   -1    2       -0.00025649
         1   -2   -1         2    2   -1       -0.00018491
         1   -1   -2         2    2   -1       -0.00025649
         1   -1   -2         3    0    2        0.00066429
        -3   -2   -2         3    0    2        0.00040610
        -3   -2   -2         3    2    0        0.00040610
         0   -2    1         3    2    0       -0.00001834


     q= 0.0000 0.2000 0.4000  nmtx=     145  nrk=275

           independent matrix elements of chi       spin index= 1 1

          g          g**2          gp          gp**2          chi(g,gp)
    0    0    0   0.16497         0    0    0   0.16497       -0.0271208385
    0    0    0   0.16497         0    0   -1   0.53992        0.0020219254
    0    0    0   0.16497         0   -1   -1   0.76488        0.0014946644
    0    0    0   0.16497        -1   -1   -1   0.83987        0.0032267858
    0    0    0   0.16497         1    0    0   0.83987       -0.0032267858
    0    0    0   0.16497         0   -1    0   1.13982       -0.0038888838
    0    0    0   0.16497        -1    0   -1   1.36479        0.0001588889
    0    0    0   0.16497         1    1    0   1.36479       -0.0001588889
    0    0    0   0.16497         0    1    0   1.43978       -0.0062317002
    0    0    0   0.16497        -1    0    0   1.73973       -0.0072291822
    0    0    0   0.16497         1    1    1   1.73973        0.0072291822
    0    0    0   0.16497        -1   -1   -2   1.96469       -0.0003641885
    0    0    0   0.16497        -1   -1    0   1.96469       -0.0002110485
    0    0    0   0.16497         1    0   -1   1.96469        0.0003641885
    0    0    0   0.16497         1    0    1   1.96469        0.0002110485
    0    0    0   0.16497         0    0    1   2.03968       -0.0064451350
    0    0    0   0.16497        -1   -2   -1   2.56460        0.0016893848
    0    0    0   0.16497         0    1   -1   2.56460       -0.0009692062
    0    0    0   0.16497         2    3    0   9.83846       -0.0002971292
    0    0   -1   0.53992         0    0   -1   0.53992       -0.0340633589
    0   -1   -1   0.76488         0   -1   -1   0.76488       -0.0365529254
   -1   -1   -1   0.83987        -1   -1   -1   0.83987       -0.0366576003
    1    0    0   0.83987         1    0    0   0.83987       -0.0366576003
    0   -1    0   1.13982         0   -1    0   1.13982       -0.0351149017
   -1    0   -1   1.36479        -1    0   -1   1.36479       -0.0353017522
    1    1    0   1.36479         1    1    0   1.36479       -0.0353017522
    0    1    0   1.43978         0    1    0   1.43978       -0.0342848479
   -1    0    0   1.73973        -1    0    0   1.73973       -0.0322978640
    1    1    1   1.73973         1    1    1   1.73973       -0.0322978640
   -1   -1   -2   1.96469        -1   -1   -2   1.96469       -0.0298585781
   -1   -1    0   1.96469        -1   -1    0   1.96469       -0.0310123119
    1    0   -1   1.96469         1    0   -1   1.96469       -0.0298585781
    1    0    1   1.96469         1    0    1   1.96469       -0.0310123119
    0    0    1   2.03968         0    0    1   2.03968       -0.0299419484
   -1   -2   -1   2.56460        -1   -2   -1   2.56460       -0.0259307293
    0    1   -1   2.56460         0    1   -1   2.56460       -0.0260390691
    2    1   -1   6.16404         2    3    0   9.83846        0.0000569932


             g                   gp         inverse epsilon           nspin= 1
         0    0    0         0    0    0        0.21436856
         0    0   -1         0    0    0        0.00551086
         0    0   -1         0    0   -1        0.41867466
         0   -1   -1         0    0   -1       -0.03245961
         0   -1   -1         0   -1   -1        0.48660155
        -1   -1   -1         0   -1   -1       -0.04593116
        -1   -1   -1        -1   -1   -1        0.51012368
         1    0    0        -1   -1   -1       -0.02280970
         1    0    0         1    0    0        0.51012368
         0   -1    0         1    0    0       -0.00187672
         0   -1    0         0   -1    0        0.59682059
        -1    0   -1         0   -1    0       -0.00278393
        -1    0   -1        -1    0   -1        0.63875235
         1    1    0        -1    0   -1       -0.00638738
         1    1    0         1    1    0        0.63875235
         0    1    0         1    1    0       -0.05055480
         0    1    0         0    1    0        0.65979622
        -1    0    0         0    1    0        0.00233777
        -1    0    0        -1    0    0        0.71699036
         1    1    1        -1    0    0       -0.00965980
         1    1    1         1    1    1        0.71699036
        -1   -1   -2         1    1    1        0.02138800
        -1   -1   -2        -1   -1   -2        0.75114714
        -1   -1    0        -1   -1   -2        0.01141770
        -1   -1    0        -1   -1    0        0.74185283
         1    0   -1        -1   -1    0        0.00135863
         1    0   -1         1    0   -1        0.75114714
         1    0    1         1    0   -1        0.01141770
         1    0    1         1    0    1        0.74185283
         0    0    1         1    0    1       -0.04673855
         0    0    1         0    0    1        0.76139850
        -1   -2   -1         0    0    1       -0.00833611
        -1   -2   -1        -1   -2   -1        0.81870442
         0    1   -1        -1   -2   -1       -0.01291468
         0    1   -1         0    1   -1        0.81967325
         2    1   -1         0    1   -1       -0.00324837
         2    1   -1         2    3    0        0.00001381
        -2   -3   -2         2    3    0        0.00035257


     q= 0.0000 0.2000 0.6000  nmtx=     149  nrk=275

           independent matrix elements of chi       spin index= 1 1

          g          g**2          gp          gp**2          chi(g,gp)
    0    0   -1   0.28496         0    0   -1   0.28496       -0.0310442363
    0    0    0   0.35994         0    0   -1   0.28496        0.0022672671
    0    0    0   0.35994         0    0    0   0.35994       -0.0325308271
    0    0    0   0.35994         0   -1   -1   0.65990        0.0028557046
    0    0    0   0.35994        -1   -1   -1   0.88486        0.0056360938
    0    0    0   0.35994         1    0    0   0.88486       -0.0056360938
    0    0    0   0.35994        -1    0   -1   1.25980        0.0003290189
    0    0    0   0.35994         1    1    0   1.25980       -0.0003290189
    0    0    0   0.35994         0   -1    0   1.48477       -0.0054075469
    0    0    0   0.35994         0    1    0   1.48477       -0.0068986279
    0    0    0   0.35994        -1   -1   -2   1.55976       -0.0010150506
    0    0    0   0.35994         1    0   -1   1.55976        0.0010150506
    0    0    0   0.35994        -1    0    0   2.08467       -0.0077618884
    0    0    0   0.35994         0   -1   -2   2.08467        0.0008582323
    0    0    0   0.35994         1    1    1   2.08467        0.0077618884
    0    0    0   0.35994         0    1   -1   2.15966       -0.0005755564
    0    0    0   0.35994        -1   -1    0   2.45962       -0.0001074815
    0    0    0   0.35994         0    0   -2   2.45962        0.0055777936
    0    0    0   0.35994         1    0    1   2.45962        0.0001074815
    0    0    0   0.35994        -3    0   -1   9.95844       -0.0005673942
    0    0    0   0.35994        -1   -3    0   9.95844       -0.0007036040
    0    0    0   0.35994         0    2   -2   9.95844        0.0001603018
    0    0    0   0.35994         1   -2    1   9.95844        0.0007036040
    0    0    0   0.35994         3    3    2   9.95844        0.0005673942
    0   -1   -1   0.65990         0   -1   -1   0.65990       -0.0366336136
   -1   -1   -1   0.88486        -1   -1   -1   0.88486       -0.0372835490
    1    0    0   0.88486         1    0    0   0.88486       -0.0372835490
   -1    0   -1   1.25980        -1    0   -1   1.25980       -0.0355484046
    1    1    0   1.25980         1    1    0   1.25980       -0.0355484046
    0   -1    0   1.48477         0   -1    0   1.48477       -0.0326103036
    0    1    0   1.48477         0    1    0   1.48477       -0.0339580383
   -1   -1   -2   1.55976        -1   -1   -2   1.55976       -0.0331554166
    1    0   -1   1.55976         1    0   -1   1.55976       -0.0331554166
   -1    0    0   2.08467        -1    0    0   2.08467       -0.0294761441
    0   -1   -2   2.08467         0   -1   -2   2.08467       -0.0296027682
    1    1    1   2.08467         1    1    1   2.08467       -0.0294761441
    0    1   -1   2.15966         0    1   -1   2.15966       -0.0289360567
   -1   -1    0   2.45962        -1   -1    0   2.45962       -0.0265733422
    0    0   -2   2.45962         0    0   -2   2.45962       -0.0267443880
    1    0    1   2.45962         1    0    1   2.45962       -0.0265733422
   -1    1    1   6.28402        -3    0   -1   9.95844        0.0000472493
    0    2   -1   6.28402        -1   -3    0   9.95844       -0.0000364360
    1    0    2   6.28402         0    2   -2   9.95844        0.0001502853
    1    2    2   6.28402         1   -2    1   9.95844       -0.0000673381
    2   -1    0   6.28402         3    3    2   9.95844        0.0001794648


             g                   gp         inverse epsilon           nspin= 1
         0    0   -1         0    0   -1        0.29408861
         0    0    0         0    0   -1        0.00967860
         0    0    0         0    0    0        0.33412090
         0   -1   -1         0    0    0        0.01123623
         0   -1   -1         0   -1   -1        0.44969531
        -1   -1   -1         0   -1   -1       -0.04241071
        -1   -1   -1        -1   -1   -1        0.52082317
         1    0    0        -1   -1   -1       -0.01607489
         1    0    0         1    0    0        0.52082317
        -1    0   -1         1    0    0       -0.00182376
        -1    0   -1        -1    0   -1        0.61984254
         1    1    0        -1    0   -1       -0.00727854
         1    1    0         1    1    0        0.61984254
         0   -1    0         1    1    0        0.00267249
         0   -1    0         0   -1    0        0.67567166
         0    1    0         0   -1    0        0.02660154
         0    1    0         0    1    0        0.66625222
        -1   -1   -2         0    1    0        0.00230356
        -1   -1   -2        -1   -1   -2        0.68458565
         1    0   -1        -1   -1   -2       -0.00871767
         1    0   -1         1    0   -1        0.68458565
        -1    0    0         1    0   -1        0.02077934
        -1    0    0        -1    0    0        0.76713412
         0   -1   -2        -1    0    0       -0.00238491
         0   -1   -2         0   -1   -2        0.76075937
         1    1    1         0   -1   -2        0.00238491
         1    1    1         1    1    1        0.76713412
         0    1   -1         1    1    1       -0.00835231
         0    1   -1         0    1   -1        0.77730291
        -1   -1    0         0    1   -1        0.00211076
        -1   -1    0        -1   -1    0        0.80700267
         0    0   -2        -1   -1    0        0.01511511
         0    0   -2         0    0   -2        0.81126071
         1    0    1         0    0   -2       -0.01511511
         1    0    1         1    0    1        0.80700267
        -1    1    1         1    0    1        0.00284164
        -1    1    1        -3    0   -1        0.00001929
         0    2   -1        -3    0   -1       -0.00084147
         0    2   -1        -1   -3    0       -0.00013787
         1    0    2        -1   -3    0        0.00013047
         1    0    2         0    2   -2        0.00047457
         1    2    2         0    2   -2       -0.00030806
         1    2    2         1   -2    1       -0.00034023
         2   -1    0         1   -2    1       -0.00013675
         2   -1    0         3    3    2        0.00063483
        -1    0   -3         3    3    2        0.00025008


     q= 0.0000 0.2000 0.8000  nmtx=     144  nrk=140

           independent matrix elements of chi       spin index= 1 1

          g          g**2          gp          gp**2          chi(g,gp)
    0    0   -1   0.11998         0    0   -1   0.11998       -0.0239238922
    0   -1   -1   0.64490         0   -1   -1   0.64490       -0.0349630853
    0    0    0   0.64490         0    0   -1   0.11998        0.0015322693
    0    0    0   0.64490         0   -1   -1   0.64490        0.0030516539
    0    0    0   0.64490         0    0    0   0.64490       -0.0349630853
    0    0    0   0.64490        -1   -1   -1   1.01984        0.0067595615
    0    0    0   0.64490         1    0    0   1.01984       -0.0067595615
    0    0    0   0.64490        -1   -1   -2   1.24481       -0.0009575936
    0    0    0   0.64490        -1    0   -1   1.24481        0.0003728629
    0    0    0   0.64490         1    0   -1   1.24481        0.0009575936
    0    0    0   0.64490         1    1    0   1.24481       -0.0003728629
    0    0    0   0.64490         0   -1   -2   1.61975        0.0008201969
    0    0    0   0.64490         0    1    0   1.61975       -0.0072821812
    0    0    0   0.64490         0    0   -2   1.84471        0.0060537143
    0    0    0   0.64490         0    1   -1   1.84471       -0.0003824763
    0    0    0   0.64490         0   -1    0   1.91970       -0.0064962225
    0    0    0   0.64490        -1    0   -2   2.21965        0.0007692502
    0    0    0   0.64490         1    1   -1   2.21965       -0.0007692502
    0    0    0   0.64490        -1   -2   -2   2.51961        0.0008525548
    0    0    0   0.64490        -1    0    0   2.51961       -0.0074705168
   -1   -1   -1   1.01984        -1   -1   -1   1.01984       -0.0368099194
    1    0    0   1.01984         1    0    0   1.01984       -0.0368099194
   -1   -1   -2   1.24481        -1   -1   -2   1.24481       -0.0354126844
   -1    0   -1   1.24481        -1    0   -1   1.24481       -0.0354126844
    1    0   -1   1.24481         1    0   -1   1.24481       -0.0354126844
    1    1    0   1.24481         1    1    0   1.24481       -0.0354126844
    0   -1   -2   1.61975         0   -1   -2   1.61975       -0.0334772773
    0    1    0   1.61975         0    1    0   1.61975       -0.0334772773
    0    0   -2   1.84471         0    0   -2   1.84471       -0.0312536800
    0    1   -1   1.84471         0    1   -1   1.84471       -0.0312536800
    0   -1    0   1.91970         0   -1    0   1.91970       -0.0295276576
   -1    0   -2   2.21965        -1    0   -2   2.21965       -0.0289348119
    1    1   -1   2.21965         1    1   -1   2.21965       -0.0289348119
   -1   -2   -2   2.51961        -1   -2   -2   2.51961       -0.0263005162
   -1    0    0   2.51961        -1    0    0   2.51961       -0.0263005162


             g                   gp         inverse epsilon           nspin= 1
         0    0   -1         0    0   -1        0.18476981
         0   -1   -1         0    0   -1        0.00356199
         0   -1   -1         0   -1   -1        0.45520129
         0    0    0         0   -1   -1        0.01842251
         0    0    0         0    0    0        0.45520129
        -1   -1   -1         0    0    0        0.03901257
        -1   -1   -1        -1   -1   -1        0.55830674
         1    0    0        -1   -1   -1       -0.00937672
         1    0    0         1    0    0        0.55830674
        -1   -1   -2         1    0    0        0.00144541
        -1   -1   -2        -1   -1   -2        0.61857737
        -1    0   -1        -1   -1   -2        0.00020343
        -1    0   -1        -1    0   -1        0.61857737
         1    0   -1        -1    0   -1        0.03810887
         1    0   -1         1    0   -1        0.61857737
         1    1    0         1    0   -1        0.00020343
         1    1    0         1    1    0        0.61857737
         0   -1   -2         1    1    0        0.00327287
         0   -1   -2         0   -1   -2        0.68709697
         0    1    0         0   -1   -2       -0.00820973
         0    1    0         0    1    0        0.68709697
         0    0   -2         0    1    0        0.00028057
         0    0   -2         0    0   -2        0.73512067
         0    1   -1         0    0   -2        0.00141423
         0    1   -1         0    1   -1        0.73512067
         0   -1    0         0    1   -1        0.01922705
         0   -1    0         0   -1    0        0.74799027
        -1    0   -2         0   -1    0       -0.00000000
        -1    0   -2        -1    0   -2        0.77615459
         1    1   -1        -1    0   -2       -0.01276692
         1    1   -1         1    1   -1        0.77615459
        -1   -2   -2         1    1   -1        0.00157467
        -1   -2   -2        -1   -2   -2        0.81504275
        -1    0    0        -1   -2   -2       -0.00864112
        -1    0    0        -1    0    0        0.81504275
        -2   -1    0        -1    0    0        0.00032680


     q= 0.0000 0.4000 0.4000  nmtx=     141  nrk= 75

           independent matrix elements of chi       spin index= 1 1

          g          g**2          gp          gp**2          chi(g,gp)
    0    0    0   0.23996         0    0    0   0.23996       -0.0300617183
    0    0    0   0.23996         0   -1   -1   0.53992       -0.0000000000
    0    0    0   0.23996        -1   -1   -1   0.76488        0.0026952842
    0    0    0   0.23996         0   -1    0   0.76488       -0.0026952842
    0    0    0   0.23996         0    0   -1   0.76488       -0.0026952842
    0    0    0   0.23996         1    0    0   0.76488       -0.0026952842
    0    0    0   0.23996        -1   -1    0   1.73973        0.0000000000
    0    0    0   0.23996        -1    0   -1   1.73973       -0.0000000000
    0    0    0   0.23996         1    0    1   1.73973        0.0000000000
    0    0    0   0.23996         1    1    0   1.73973       -0.0000000000
    0    0    0   0.23996        -1    0    0   1.96469       -0.0072751495
    0    0    0   0.23996         0    0    1   1.96469       -0.0072751495
    0    0    0   0.23996         0    1    0   1.96469       -0.0072751495
    0    0    0   0.23996         1    1    1   1.96469        0.0072751495
    0    0    0   0.23996        -1   -2   -1   2.03968        0.0007436853
    0    0    0   0.23996        -1   -1   -2   2.03968        0.0007436853
    0    0    0   0.23996         1   -1    0   2.03968       -0.0007436853
    0    0    0   0.23996         3    2    0   9.76347       -0.0004502311
    0    0    0   0.23996        -2   -4   -2   9.83846        0.0004520614
    0    0    0   0.23996        -2   -2   -4   9.83846        0.0004520614
    0    0    0   0.23996         2   -2    0   9.83846        0.0004520614
    0    0    0   0.23996         2    0   -2   9.83846        0.0004520614
    0   -1   -1   0.53992         0   -1   -1   0.53992       -0.0348423572
   -1   -1   -1   0.76488        -1   -1   -1   0.76488       -0.0357737079
    0   -1    0   0.76488         0   -1    0   0.76488       -0.0357737079
    0    0   -1   0.76488         0    0   -1   0.76488       -0.0357737079
    1    0    0   0.76488         1    0    0   0.76488       -0.0357737079
   -1   -1    0   1.73973        -1   -1    0   1.73973       -0.0327689527
   -1    0   -1   1.73973        -1    0   -1   1.73973       -0.0327689527
    1    0    1   1.73973         1    0    1   1.73973       -0.0327689527
    1    1    0   1.73973         1    1    0   1.73973       -0.0327689527
   -1    0    0   1.96469        -1    0    0   1.96469       -0.0306497449
    0    0    1   1.96469         0    0    1   1.96469       -0.0306497449
    0    1    0   1.96469         0    1    0   1.96469       -0.0306497449
    1    1    1   1.96469         1    1    1   1.96469       -0.0306497449
   -1   -2   -1   2.03968        -1   -2   -1   2.03968       -0.0298517694
   -1   -1   -2   2.03968        -1   -1   -2   2.03968       -0.0298517694
    1   -1    0   2.03968         1   -1    0   2.03968       -0.0298517694
   -1    1    1   6.16404         3    2    0   9.76347        0.0001503522
    0    1    2   6.16404        -2   -4   -2   9.83846        0.0001172580
    0    2    1   6.16404        -2   -2   -4   9.83846        0.0001172580
    1    2    2   6.16404         2   -2    0   9.83846        0.0001172580
   -2   -2    0   6.23903         2    0   -2   9.83846        0.0001671381


             g                   gp         inverse epsilon           nspin= 1
         0    0    0         0    0    0        0.26099498
         0   -1   -1         0    0    0       -0.00000000
         0   -1   -1         0   -1   -1        0.40908913
        -1   -1   -1         0   -1   -1       -0.03202594
        -1   -1   -1        -1   -1   -1        0.49328907
         0   -1    0        -1   -1   -1       -0.00026872
         0   -1    0         0   -1    0        0.49328907
         0    0   -1         0   -1    0        0.03617621
         0    0   -1         0    0   -1        0.49328907
         1    0    0         0    0   -1        0.00026872
         1    0    0         1    0    0        0.49328907
        -1   -1    0         1    0    0        0.00253129
        -1   -1    0        -1   -1    0        0.70805247
        -1    0   -1        -1   -1    0        0.00794718
        -1    0   -1        -1    0   -1        0.70805247
         1    0    1        -1    0   -1       -0.00795147
         1    0    1         1    0    1        0.70805247
         1    1    0         1    0    1        0.00794718
         1    1    0         1    1    0        0.70805247
        -1    0    0         1    1    0       -0.00365744
        -1    0    0        -1    0    0        0.74914052
         0    0    1        -1    0    0        0.00163144
         0    0    1         0    0    1        0.74914052
         0    1    0         0    0    1        0.01139369
         0    1    0         0    1    0        0.74914052
         1    1    1         0    1    0       -0.00163144
         1    1    1         1    1    1        0.74914052
        -1   -2   -1         1    1    1        0.01660181
        -1   -2   -1        -1   -2   -1        0.75782051
        -1   -1   -2        -1   -2   -1        0.01041313
        -1   -1   -2        -1   -1   -2        0.75782051
         1   -1    0        -1   -1   -2       -0.00606158
         1   -1    0         1   -1    0        0.75782051
        -1    1    1         1   -1    0        0.00078134
        -1    1    1         3    2    0        0.00047625
         0    1    2         3    2    0        0.00005007
         0    1    2        -2   -4   -2        0.00037704
         0    2    1        -2   -4   -2        0.00047741
         0    2    1        -2   -2   -4        0.00037704
         1    2    2        -2   -2   -4        0.00047741
         1    2    2         2   -2    0        0.00037704
        -2   -2    0         2   -2    0       -0.00004395
        -2   -2    0         2    0   -2        0.00038176
        -2    0   -2         2    0   -2       -0.00004395


     q= 0.0000 0.4000 0.6000  nmtx=     134  nrk=140

           independent matrix elements of chi       spin index= 1 1

          g          g**2          gp          gp**2          chi(g,gp)
    0   -1   -1   0.40494         0   -1   -1   0.40494       -0.0346395776
    0    0    0   0.40494         0   -1   -1   0.40494        0.0017040777
    0    0    0   0.40494         0    0    0   0.40494       -0.0346395776
    0    0    0   0.40494         0    0   -1   0.47993       -0.0023693594
    0    0    0   0.40494        -1   -1   -1   0.77988        0.0052948906
    0    0    0   0.40494         1    0    0   0.77988       -0.0052948906
    0    0    0   0.40494         0   -1    0   1.07983       -0.0049217821
    0    0    0   0.40494        -1   -1   -2   1.60475       -0.0002978800
    0    0    0   0.40494        -1    0   -1   1.60475       -0.0003154712
    0    0    0   0.40494         1    0   -1   1.60475        0.0002978800
    0    0    0   0.40494         1    1    0   1.60475        0.0003154712
    0    0    0   0.40494         0   -1   -2   1.97969        0.0009364819
    0    0    0   0.40494         0    1    0   1.97969       -0.0071241679
    0    0    0   0.40494        -1   -2   -1   2.20466        0.0011264385
    0    0    0   0.40494        -1   -1    0   2.20466        0.0001956020
    0    0    0   0.40494         1   -1    0   2.20466       -0.0011264385
    0    0    0   0.40494         1    0    1   2.20466       -0.0001956020
    0    0    0   0.40494         0   -3   -3   9.40353        0.0000446760
    0    0    0   0.40494         0    2    2   9.40353       -0.0008685249
    0    0    0   0.40494        -2   -3   -4   9.47852        0.0001320896
    0    0    0   0.40494        -2    1    0   9.47852        0.0001084005
    0    0    0   0.40494         2   -1   -2   9.47852        0.0001320896
    0    0    0   0.40494         2    3    2   9.47852        0.0001084005
    0    0   -1   0.47993         0    0   -1   0.47993       -0.0350591428
   -1   -1   -1   0.77988        -1   -1   -1   0.77988       -0.0369633208
    1    0    0   0.77988         1    0    0   0.77988       -0.0369633208
    0   -1    0   1.07983         0   -1    0   1.07983       -0.0347245391
   -1   -1   -2   1.60475        -1   -1   -2   1.60475       -0.0332681806
   -1    0   -1   1.60475        -1    0   -1   1.60475       -0.0332681806
    1    0   -1   1.60475         1    0   -1   1.60475       -0.0332681806
    1    1    0   1.60475         1    1    0   1.60475       -0.0332681806
    0   -1   -2   1.97969         0   -1   -2   1.97969       -0.0302588355
    0    1    0   1.97969         0    1    0   1.97969       -0.0302588355
   -1   -2   -1   2.20466        -1   -2   -1   2.20466       -0.0287440118
   -1   -1    0   2.20466        -1   -1    0   2.20466       -0.0287440118
    1   -1    0   2.20466         1   -1    0   2.20466       -0.0287440118
    1    0    1   2.20466         1    0    1   2.20466       -0.0287440118
    2    1   -1   5.80409         0   -3   -3   9.40353        0.0002998090
    2    2    0   5.80409         0    2    2   9.40353        0.0002998090
   -1   -3   -1   5.87908        -2   -3   -4   9.47852       -0.0003364065
   -1   -1    1   5.87908        -2    1    0   9.47852        0.0003364065
    0    1   -2   5.87908         2   -1   -2   9.47852        0.0002305760
    1   -2    0   5.87908         2    3    2   9.47852       -0.0002320223


             g                   gp         inverse epsilon           nspin= 1
         0   -1   -1         0   -1   -1        0.34424949
         0    0    0         0   -1   -1        0.00887401
         0    0    0         0    0    0        0.34424949
         0    0   -1         0    0    0       -0.01908737
         0    0   -1         0    0   -1        0.38332911
        -1   -1   -1         0    0   -1       -0.00000000
        -1   -1   -1        -1   -1   -1        0.49164111
         1    0    0        -1   -1   -1       -0.02805271
         1    0    0         1    0    0        0.49164111
         0   -1    0         1    0    0        0.00000000
         0   -1    0         0   -1    0        0.58728888
        -1   -1   -2         0   -1    0        0.00260134
        -1   -1   -2        -1   -1   -2        0.68899700
        -1    0   -1        -1   -1   -2       -0.00134368
        -1    0   -1        -1    0   -1        0.68899700
         1    0   -1        -1    0   -1        0.02254123
         1    0   -1         1    0   -1        0.68899700
         1    1    0         1    0   -1       -0.00134368
         1    1    0         1    1    0        0.68899700
         0   -1   -2         1    1    0       -0.00168539
         0   -1   -2         0   -1   -2        0.74881289
         0    1    0         0   -1   -2       -0.00335986
         0    1    0         0    1    0        0.74881289
        -1   -2   -1         0    1    0       -0.01382247
        -1   -2   -1        -1   -2   -1        0.77734949
        -1   -1    0        -1   -2   -1        0.00189374
        -1   -1    0        -1   -1    0        0.77734949
         1   -1    0        -1   -1    0        0.00681374
         1   -1    0         1   -1    0        0.77734949
         1    0    1         1   -1    0        0.00189374
         1    0    1         1    0    1        0.77734949
         2    1   -1         1    0    1        0.00379650
         2    1   -1         0   -3   -3        0.00132079
         2    2    0         0   -3   -3        0.00002539
         2    2    0         0    2    2        0.00132079
        -1   -3   -1         0    2    2       -0.00057440
        -1   -3   -1        -2   -3   -4       -0.00146382
        -1   -1    1        -2   -3   -4       -0.00079336
        -1   -1    1        -2    1    0        0.00146382
         0    1   -2        -2    1    0        0.00101826
         0    1   -2         2   -1   -2        0.00101826
         1   -2    0         2   -1   -2        0.00146382
         1   -2    0         2    3    2       -0.00079336
         1    0    2         2    3    2       -0.00146382


     q= 0.2000 0.4000 0.6000  nmtx=     142  nrk=250

           independent matrix elements of chi       spin index= 1 1

          g          g**2          gp          gp**2          chi(g,gp)
    0    0    0   0.29995         0    0    0   0.29995       -0.0335469694
    0    0    0   0.29995        -1   -1   -1   0.52492        0.0023412378
    0    0    0   0.29995         0    0   -1   0.52492       -0.0023412378
    0    0    0   0.29995         0   -1   -1   0.59991        0.0000000000
    0    0    0   0.29995         0   -1    0   1.12482       -0.0057177042
    0    0    0   0.29995         1    0    0   1.12482       -0.0057177042
    0    0    0   0.29995        -1    0   -1   1.19981       -0.0000000000
    0    0    0   0.29995        -1   -1   -2   1.49977       -0.0021406549
    0    0    0   0.29995        -1    0    0   1.72473       -0.0074064565
    0    0    0   0.29995         0    1    0   1.72473       -0.0074064565
    0    0    0   0.29995        -1   -1    0   1.79972        0.0000774901
    0    0    0   0.29995         1    1    0   1.79972        0.0000774901
    0    0    0   0.29995        -1   -2   -1   2.09967        0.0007010138
    0    0    0   0.29995         1    0   -1   2.09967       -0.0007010138
    0    0    0   0.29995        -1   -2   -2   2.32464        0.0008068024
    0    0    0   0.29995         0   -1   -2   2.32464        0.0008068024
    0    0    0   0.29995         0    0    1   2.32464       -0.0075194973
    0    0    0   0.29995         3    0    0   9.52351       -0.0003595655
    0    0    0   0.29995        -1    2    1   9.59850        0.0000000000
    0    0    0   0.29995        -3   -1    0   9.89845       -0.0004597384
    0    0    0   0.29995        -2   -4   -2   9.89845        0.0004366675
    0    0    0   0.29995         1    3    0   9.89845       -0.0004597384
    0    0    0   0.29995         2    0   -2   9.89845        0.0004366675
   -1   -1   -1   0.52492        -1   -1   -1   0.52492       -0.0363154713
    0    0   -1   0.52492         0    0   -1   0.52492       -0.0363154713
    0   -1   -1   0.59991         0   -1   -1   0.59991       -0.0370597574
    0   -1    0   1.12482         0   -1    0   1.12482       -0.0356614610
    1    0    0   1.12482         1    0    0   1.12482       -0.0356614610
   -1    0   -1   1.19981        -1    0   -1   1.19981       -0.0361104418
   -1   -1   -2   1.49977        -1   -1   -2   1.49977       -0.0330733859
   -1    0    0   1.72473        -1    0    0   1.72473       -0.0323211318
    0    1    0   1.72473         0    1    0   1.72473       -0.0323211318
   -1   -1    0   1.79972        -1   -1    0   1.79972       -0.0319184663
    1    1    0   1.79972         1    1    0   1.79972       -0.0319184663
   -1   -2   -1   2.09967        -1   -2   -1   2.09967       -0.0293102250
    1    0   -1   2.09967         1    0   -1   2.09967       -0.0293102250
   -1   -2   -2   2.32464        -1   -2   -2   2.32464       -0.0275065658
    0   -1   -2   2.32464         0   -1   -2   2.32464       -0.0275065658
    0    0    1   2.32464         0    0    1   2.32464       -0.0278300840
    2    1    2   5.92407         3    0    0   9.52351       -0.0000950003
    1   -2   -1   5.99906        -1    2    1   9.59850        0.0001648960
   -2   -3   -3   6.29902        -3   -1    0   9.89845       -0.0001673458
   -2   -2    0   6.29902        -2   -4   -2   9.89845       -0.0002051046
    0   -1   -3   6.29902         1    3    0   9.89845        0.0001673458
    2    2    0   6.29902         2    0   -2   9.89845       -0.0002051046


             g                   gp         inverse epsilon           nspin= 1
         0    0    0         0    0    0        0.28681238
        -1   -1   -1         0    0    0        0.01454877
        -1   -1   -1        -1   -1   -1        0.39629314
         0    0   -1        -1   -1   -1       -0.00746877
         0    0   -1         0    0   -1        0.39629314
         0   -1   -1         0    0   -1       -0.03702860
         0   -1   -1         0   -1   -1        0.42411826
         0   -1    0         0   -1   -1       -0.03600203
         0   -1    0         0   -1    0        0.59142268
         1    0    0         0   -1    0       -0.00138333
         1    0    0         1    0    0        0.59142268
        -1    0   -1         1    0    0       -0.00163291
        -1    0   -1        -1    0   -1        0.60421390
        -1   -1   -2        -1    0   -1        0.00000000
        -1   -1   -2        -1   -1   -2        0.67530713
        -1    0    0        -1   -1   -2        0.00125143
        -1    0    0        -1    0    0        0.71092129
         0    1    0        -1    0    0        0.00347391
         0    1    0         0    1    0        0.71092129
        -1   -1    0         0    1    0       -0.00169626
        -1   -1    0        -1   -1    0        0.71988767
         1    1    0        -1   -1    0       -0.00498470
         1    1    0         1    1    0        0.71988767
        -1   -2   -1         1    1    0       -0.00063674
        -1   -2   -1        -1   -2   -1        0.76679650
         1    0   -1        -1   -2   -1       -0.00467317
         1    0   -1         1    0   -1        0.76679650
        -1   -2   -2         1    0   -1       -0.00678514
        -1   -2   -2        -1   -2   -2        0.79355132
         0   -1   -2        -1   -2   -2       -0.00304551
         0   -1   -2         0   -1   -2        0.79355132
         0    0    1         0   -1   -2       -0.02032745
         0    0    1         0    0    1        0.79625120
         2    1    2         0    0    1        0.00082398
         2    1    2         3    0    0       -0.00022898
         1   -2   -1         3    0    0       -0.00008772
         1   -2   -1        -1    2    1        0.00025243
        -2   -3   -3        -1    2    1       -0.00007995
        -2   -3   -3        -3   -1    0       -0.00059145
        -2   -2    0        -3   -1    0       -0.00130363
        -2   -2    0        -2   -4   -2       -0.00092904
         0   -1   -3        -2   -4   -2       -0.00056146
         0   -1   -3         1    3    0        0.00059145
         2    2    0         1    3    0       -0.00130363
         2    2    0         2    0   -2       -0.00092904
         0    1    2         2    0   -2        0.00043068
