k-points are in crystal coordinates
nk(3) =     6    6    1
dk(3) =   0.000000000  0.000000000  0.000000000

direct lattice vectors
a1 =   1.000000000  0.000000000  0.000000000
a2 =  -0.500000000  0.866025404  0.000000000
a3 =   0.000000000  0.000000000  5.050485000

unit cell volume =  0.437384831E+01

reciprocal lattice vectors
b1 =   6.283185307  3.627598728  0.000000000
b2 =   0.000000000  7.255197457  0.000000000
b3 =   0.000000000  0.000000000  1.244075630

symmetries of the Bravais lattice
 24
Space group 191, symbol P6/mmm               
r01 =     1   0   0     0   1   0     0   0   1      0.000000    0.000000    0.000000
r02 =     1   0   0     0   1   0     0   0  -1      0.000000    0.000000    0.000000
r03 =    -1   0   0    -1   1   0     0   0   1      0.000000    0.000000    0.000000
r04 =    -1   0   0    -1   1   0     0   0  -1      0.000000    0.000000    0.000000
r05 =    -1   1   0     0   1   0     0   0   1      0.000000    0.000000    0.000000
r06 =    -1   1   0     0   1   0     0   0  -1      0.000000    0.000000    0.000000
r07 =     1  -1   0     1   0   0     0   0   1      0.000000    0.000000    0.000000
r08 =     1  -1   0     1   0   0     0   0  -1      0.000000    0.000000    0.000000
r09 =    -1   0   0     0  -1   0     0   0   1      0.000000    0.000000    0.000000
r10 =    -1   0   0     0  -1   0     0   0  -1      0.000000    0.000000    0.000000
r11 =     1   0   0     1  -1   0     0   0   1      0.000000    0.000000    0.000000
r12 =     1   0   0     1  -1   0     0   0  -1      0.000000    0.000000    0.000000
r13 =     1  -1   0     0  -1   0     0   0   1      0.000000    0.000000    0.000000
r14 =     1  -1   0     0  -1   0     0   0  -1      0.000000    0.000000    0.000000
r15 =    -1   1   0    -1   0   0     0   0   1      0.000000    0.000000    0.000000
r16 =    -1   1   0    -1   0   0     0   0  -1      0.000000    0.000000    0.000000
r17 =     0   1   0    -1   1   0     0   0   1      0.000000    0.000000    0.000000
r18 =     0   1   0    -1   1   0     0   0  -1      0.000000    0.000000    0.000000
r19 =     0  -1   0    -1   0   0     0   0   1      0.000000    0.000000    0.000000
r20 =     0  -1   0    -1   0   0     0   0  -1      0.000000    0.000000    0.000000
r21 =     0   1   0     1   0   0     0   0   1      0.000000    0.000000    0.000000
r22 =     0   1   0     1   0   0     0   0  -1      0.000000    0.000000    0.000000
r23 =     0  -1   0     1  -1   0     0   0   1      0.000000    0.000000    0.000000
r24 =     0  -1   0     1  -1   0     0   0  -1      0.000000    0.000000    0.000000

symmetries of the crystal without FFT grid
 12
Space group 187, symbol P-6m2                
r01 =     1   0   0     0   1   0     0   0   1      0.000000    0.000000    0.000000
r02 =     1   0   0     0   1   0     0   0  -1      0.000000    0.000000    0.000000
r03 =    -1   1   0     0   1   0     0   0   1      0.000000    0.000000    0.000000
r04 =    -1   1   0     0   1   0     0   0  -1      0.000000    0.000000    0.000000
r05 =     1   0   0     1  -1   0     0   0   1      0.000000    0.000000    0.000000
r06 =     1   0   0     1  -1   0     0   0  -1      0.000000    0.000000    0.000000
r07 =    -1   1   0    -1   0   0     0   0   1      0.000000    0.000000    0.000000
r08 =    -1   1   0    -1   0   0     0   0  -1      0.000000    0.000000    0.000000
r09 =     0  -1   0    -1   0   0     0   0   1      0.000000    0.000000    0.000000
r10 =     0  -1   0    -1   0   0     0   0  -1      0.000000    0.000000    0.000000
r11 =     0  -1   0     1  -1   0     0   0   1      0.000000    0.000000    0.000000
r12 =     0  -1   0     1  -1   0     0   0  -1      0.000000    0.000000    0.000000

FFT grid:     30    30   150

symmetries of the crystal with FFT grid
 12
Space group 187, symbol P-6m2                
r01 =     1   0   0     0   1   0     0   0   1      0.000000    0.000000    0.000000
r02 =     1   0   0     0   1   0     0   0  -1      0.000000    0.000000    0.000000
r03 =    -1   1   0     0   1   0     0   0   1      0.000000    0.000000    0.000000
r04 =    -1   1   0     0   1   0     0   0  -1      0.000000    0.000000    0.000000
r05 =     1   0   0     1  -1   0     0   0   1      0.000000    0.000000    0.000000
r06 =     1   0   0     1  -1   0     0   0  -1      0.000000    0.000000    0.000000
r07 =    -1   1   0    -1   0   0     0   0   1      0.000000    0.000000    0.000000
r08 =    -1   1   0    -1   0   0     0   0  -1      0.000000    0.000000    0.000000
r09 =     0  -1   0    -1   0   0     0   0   1      0.000000    0.000000    0.000000
r10 =     0  -1   0    -1   0   0     0   0  -1      0.000000    0.000000    0.000000
r11 =     0  -1   0     1  -1   0     0   0   1      0.000000    0.000000    0.000000
r12 =     0  -1   0     1  -1   0     0   0  -1      0.000000    0.000000    0.000000

symmetries that reduce the k-points
r03 =    -1   1   0     0   1   0     0   0   1
r05 =     1   0   0     1  -1   0     0   0   1
r07 =    -1   1   0    -1   0   0     0   0   1
r09 =     0  -1   0    -1   0   0     0   0   1
r11 =     0  -1   0     1  -1   0     0   0   1

k-points in the original uniform grid
     36
      1  0.000000000  0.000000000  0.000000000   1.0       0  ---
      2  0.000000000  0.166666667  0.000000000   3.0       0  ---
      3  0.000000000  0.333333333  0.000000000   3.0       0  ---
      4  0.000000000  0.500000000  0.000000000   3.0       0  ---
      5  0.000000000  0.666666667  0.000000000   3.0       0  ---
      6  0.000000000  0.833333333  0.000000000   3.0       0  ---
      7  0.166666667  0.000000000  0.000000000   0.0       6  r09
      8  0.166666667  0.166666667  0.000000000   6.0       0  ---
      9  0.166666667  0.333333333  0.000000000   6.0       0  ---
     10  0.166666667  0.500000000  0.000000000   6.0       0  ---
     11  0.166666667  0.666666667  0.000000000   0.0       8  r07
     12  0.166666667  0.833333333  0.000000000   0.0       2  r05
     13  0.333333333  0.000000000  0.000000000   0.0       5  r09
     14  0.333333333  0.166666667  0.000000000   0.0      10  r11
     15  0.333333333  0.333333333  0.000000000   2.0       0  ---
     16  0.333333333  0.500000000  0.000000000   0.0       9  r07
     17  0.333333333  0.666666667  0.000000000   0.0       3  r05
     18  0.333333333  0.833333333  0.000000000   0.0       8  r05
     19  0.500000000  0.000000000  0.000000000   0.0       4  r09
     20  0.500000000  0.166666667  0.000000000   0.0       9  r07
     21  0.500000000  0.333333333  0.000000000   0.0      10  r07
     22  0.500000000  0.500000000  0.000000000   0.0       4  r03
     23  0.500000000  0.666666667  0.000000000   0.0       9  r03
     24  0.500000000  0.833333333  0.000000000   0.0      10  r03
     25  0.666666667  0.000000000  0.000000000   0.0       3  r03
     26  0.666666667  0.166666667  0.000000000   0.0       8  r03
     27  0.666666667  0.333333333  0.000000000   0.0       5  r03
     28  0.666666667  0.500000000  0.000000000   0.0      10  r03
     29  0.666666667  0.666666667  0.000000000   0.0      15  r03
     30  0.666666667  0.833333333  0.000000000   0.0       9  r03
     31  0.833333333  0.000000000  0.000000000   0.0       2  r03
     32  0.833333333  0.166666667  0.000000000   0.0       6  r03
     33  0.833333333  0.333333333  0.000000000   0.0       8  r03
     34  0.833333333  0.500000000  0.000000000   0.0       9  r03
     35  0.833333333  0.666666667  0.000000000   0.0      10  r03
     36  0.833333333  0.833333333  0.000000000   0.0       8  r03

k-points in the irreducible wedge
     10
      1  0.000000000  0.000000000  0.000000000   1.0       1
      2  0.000000000  0.166666667  0.000000000   3.0       2
      3  0.000000000  0.333333333  0.000000000   3.0       3
      4  0.000000000  0.500000000  0.000000000   3.0       4
      5  0.000000000  0.666666667  0.000000000   3.0       5
      6  0.000000000  0.833333333  0.000000000   3.0       6
      7  0.166666667  0.166666667  0.000000000   6.0       8
      8  0.166666667  0.333333333  0.000000000   6.0       9
      9  0.166666667  0.500000000  0.000000000   6.0      10
     10  0.333333333  0.333333333  0.000000000   2.0      15

