K_POINTS crystal
   31
  0.000000000  0.000000000  0.000000000   1.0
  0.000000000  0.083333333  0.000000000   3.0
  0.000000000  0.166666667  0.000000000   3.0
  0.000000000  0.250000000  0.000000000   3.0
  0.000000000  0.333333333  0.000000000   3.0
  0.000000000  0.416666667  0.000000000   3.0
  0.000000000  0.500000000  0.000000000   3.0
  0.000000000  0.583333333  0.000000000   3.0
  0.000000000  0.666666667  0.000000000   3.0
  0.000000000  0.750000000  0.000000000   3.0
  0.000000000  0.833333333  0.000000000   3.0
  0.000000000  0.916666667  0.000000000   3.0
  0.083333333  0.083333333  0.000000000   6.0
  0.083333333  0.166666667  0.000000000   6.0
  0.083333333  0.250000000  0.000000000   6.0
  0.083333333  0.333333333  0.000000000   6.0
  0.083333333  0.416666667  0.000000000   6.0
  0.083333333  0.500000000  0.000000000   6.0
  0.083333333  0.583333333  0.000000000   6.0
  0.083333333  0.666666667  0.000000000   6.0
  0.083333333  0.750000000  0.000000000   6.0
  0.166666667  0.166666667  0.000000000   6.0
  0.166666667  0.250000000  0.000000000   6.0
  0.166666667  0.333333333  0.000000000   6.0
  0.166666667  0.416666667  0.000000000   6.0
  0.166666667  0.500000000  0.000000000   6.0
  0.166666667  0.583333333  0.000000000   6.0
  0.250000000  0.250000000  0.000000000   6.0
  0.250000000  0.333333333  0.000000000   6.0
  0.250000000  0.416666667  0.000000000   6.0
  0.333333333  0.333333333  0.000000000   2.0
