K_POINTS crystal
 1296
  0.013888889  0.013888889  0.000000000   1.0
  0.013888889  0.041666667  0.000000000   1.0
  0.013888889  0.069444445  0.000000000   1.0
  0.013888889  0.097222222  0.000000000   1.0
  0.013888889  0.125000000  0.000000000   1.0
  0.013888889  0.152777778  0.000000000   1.0
  0.013888889  0.180555556  0.000000000   1.0
  0.013888889  0.208333333  0.000000000   1.0
  0.013888889  0.236111111  0.000000000   1.0
  0.013888889  0.263888889  0.000000000   1.0
  0.013888889  0.291666667  0.000000000   1.0
  0.013888889  0.319444445  0.000000000   1.0
  0.013888889  0.347222222  0.000000000   1.0
  0.013888889  0.375000000  0.000000000   1.0
  0.013888889  0.402777778  0.000000000   1.0
  0.013888889  0.430555556  0.000000000   1.0
  0.013888889  0.458333333  0.000000000   1.0
  0.013888889  0.486111111  0.000000000   1.0
  0.013888889  0.513888889  0.000000000   1.0
  0.013888889  0.541666667  0.000000000   1.0
  0.013888889  0.569444445  0.000000000   1.0
  0.013888889  0.597222222  0.000000000   1.0
  0.013888889  0.625000000  0.000000000   1.0
  0.013888889  0.652777778  0.000000000   1.0
  0.013888889  0.680555556  0.000000000   1.0
  0.013888889  0.708333333  0.000000000   1.0
  0.013888889  0.736111111  0.000000000   1.0
  0.013888889  0.763888889  0.000000000   1.0
  0.013888889  0.791666667  0.000000000   1.0
  0.013888889  0.819444445  0.000000000   1.0
  0.013888889  0.847222222  0.000000000   1.0
  0.013888889  0.875000000  0.000000000   1.0
  0.013888889  0.902777778  0.000000000   1.0
  0.013888889  0.930555556  0.000000000   1.0
  0.013888889  0.958333333  0.000000000   1.0
  0.013888889  0.986111111  0.000000000   1.0
  0.041666667  0.013888889  0.000000000   1.0
  0.041666667  0.041666667  0.000000000   1.0
  0.041666667  0.069444445  0.000000000   1.0
  0.041666667  0.097222222  0.000000000   1.0
  0.041666667  0.125000000  0.000000000   1.0
  0.041666667  0.152777778  0.000000000   1.0
  0.041666667  0.180555556  0.000000000   1.0
  0.041666667  0.208333333  0.000000000   1.0
  0.041666667  0.236111111  0.000000000   1.0
  0.041666667  0.263888889  0.000000000   1.0
  0.041666667  0.291666667  0.000000000   1.0
  0.041666667  0.319444445  0.000000000   1.0
  0.041666667  0.347222222  0.000000000   1.0
  0.041666667  0.375000000  0.000000000   1.0
  0.041666667  0.402777778  0.000000000   1.0
  0.041666667  0.430555556  0.000000000   1.0
  0.041666667  0.458333333  0.000000000   1.0
  0.041666667  0.486111111  0.000000000   1.0
  0.041666667  0.513888889  0.000000000   1.0
  0.041666667  0.541666667  0.000000000   1.0
  0.041666667  0.569444445  0.000000000   1.0
  0.041666667  0.597222222  0.000000000   1.0
  0.041666667  0.625000000  0.000000000   1.0
  0.041666667  0.652777778  0.000000000   1.0
  0.041666667  0.680555556  0.000000000   1.0
  0.041666667  0.708333333  0.000000000   1.0
  0.041666667  0.736111111  0.000000000   1.0
  0.041666667  0.763888889  0.000000000   1.0
  0.041666667  0.791666667  0.000000000   1.0
  0.041666667  0.819444445  0.000000000   1.0
  0.041666667  0.847222222  0.000000000   1.0
  0.041666667  0.875000000  0.000000000   1.0
  0.041666667  0.902777778  0.000000000   1.0
  0.041666667  0.930555556  0.000000000   1.0
  0.041666667  0.958333333  0.000000000   1.0
  0.041666667  0.986111111  0.000000000   1.0
  0.069444445  0.013888889  0.000000000   1.0
  0.069444445  0.041666667  0.000000000   1.0
  0.069444445  0.069444445  0.000000000   1.0
  0.069444445  0.097222222  0.000000000   1.0
  0.069444445  0.125000000  0.000000000   1.0
  0.069444445  0.152777778  0.000000000   1.0
  0.069444445  0.180555556  0.000000000   1.0
  0.069444445  0.208333333  0.000000000   1.0
  0.069444445  0.236111111  0.000000000   1.0
  0.069444445  0.263888889  0.000000000   1.0
  0.069444445  0.291666667  0.000000000   1.0
  0.069444445  0.319444445  0.000000000   1.0
  0.069444445  0.347222222  0.000000000   1.0
  0.069444445  0.375000000  0.000000000   1.0
  0.069444445  0.402777778  0.000000000   1.0
  0.069444445  0.430555556  0.000000000   1.0
  0.069444445  0.458333333  0.000000000   1.0
  0.069444445  0.486111111  0.000000000   1.0
  0.069444445  0.513888889  0.000000000   1.0
  0.069444445  0.541666667  0.000000000   1.0
  0.069444445  0.569444445  0.000000000   1.0
  0.069444445  0.597222222  0.000000000   1.0
  0.069444445  0.625000000  0.000000000   1.0
  0.069444445  0.652777778  0.000000000   1.0
  0.069444445  0.680555556  0.000000000   1.0
  0.069444445  0.708333333  0.000000000   1.0
  0.069444445  0.736111111  0.000000000   1.0
  0.069444445  0.763888889  0.000000000   1.0
  0.069444445  0.791666667  0.000000000   1.0
  0.069444445  0.819444445  0.000000000   1.0
  0.069444445  0.847222222  0.000000000   1.0
  0.069444445  0.875000000  0.000000000   1.0
  0.069444445  0.902777778  0.000000000   1.0
  0.069444445  0.930555556  0.000000000   1.0
  0.069444445  0.958333333  0.000000000   1.0
  0.069444445  0.986111111  0.000000000   1.0
  0.097222222  0.013888889  0.000000000   1.0
  0.097222222  0.041666667  0.000000000   1.0
  0.097222222  0.069444445  0.000000000   1.0
  0.097222222  0.097222222  0.000000000   1.0
  0.097222222  0.125000000  0.000000000   1.0
  0.097222222  0.152777778  0.000000000   1.0
  0.097222222  0.180555556  0.000000000   1.0
  0.097222222  0.208333333  0.000000000   1.0
  0.097222222  0.236111111  0.000000000   1.0
  0.097222222  0.263888889  0.000000000   1.0
  0.097222222  0.291666667  0.000000000   1.0
  0.097222222  0.319444445  0.000000000   1.0
  0.097222222  0.347222222  0.000000000   1.0
  0.097222222  0.375000000  0.000000000   1.0
  0.097222222  0.402777778  0.000000000   1.0
  0.097222222  0.430555556  0.000000000   1.0
  0.097222222  0.458333333  0.000000000   1.0
  0.097222222  0.486111111  0.000000000   1.0
  0.097222222  0.513888889  0.000000000   1.0
  0.097222222  0.541666667  0.000000000   1.0
  0.097222222  0.569444445  0.000000000   1.0
  0.097222222  0.597222222  0.000000000   1.0
  0.097222222  0.625000000  0.000000000   1.0
  0.097222222  0.652777778  0.000000000   1.0
  0.097222222  0.680555556  0.000000000   1.0
  0.097222222  0.708333333  0.000000000   1.0
  0.097222222  0.736111111  0.000000000   1.0
  0.097222222  0.763888889  0.000000000   1.0
  0.097222222  0.791666667  0.000000000   1.0
  0.097222222  0.819444445  0.000000000   1.0
  0.097222222  0.847222222  0.000000000   1.0
  0.097222222  0.875000000  0.000000000   1.0
  0.097222222  0.902777778  0.000000000   1.0
  0.097222222  0.930555556  0.000000000   1.0
  0.097222222  0.958333333  0.000000000   1.0
  0.097222222  0.986111111  0.000000000   1.0
  0.125000000  0.013888889  0.000000000   1.0
  0.125000000  0.041666667  0.000000000   1.0
  0.125000000  0.069444445  0.000000000   1.0
  0.125000000  0.097222222  0.000000000   1.0
  0.125000000  0.125000000  0.000000000   1.0
  0.125000000  0.152777778  0.000000000   1.0
  0.125000000  0.180555556  0.000000000   1.0
  0.125000000  0.208333333  0.000000000   1.0
  0.125000000  0.236111111  0.000000000   1.0
  0.125000000  0.263888889  0.000000000   1.0
  0.125000000  0.291666667  0.000000000   1.0
  0.125000000  0.319444445  0.000000000   1.0
  0.125000000  0.347222222  0.000000000   1.0
  0.125000000  0.375000000  0.000000000   1.0
  0.125000000  0.402777778  0.000000000   1.0
  0.125000000  0.430555556  0.000000000   1.0
  0.125000000  0.458333333  0.000000000   1.0
  0.125000000  0.486111111  0.000000000   1.0
  0.125000000  0.513888889  0.000000000   1.0
  0.125000000  0.541666667  0.000000000   1.0
  0.125000000  0.569444445  0.000000000   1.0
  0.125000000  0.597222222  0.000000000   1.0
  0.125000000  0.625000000  0.000000000   1.0
  0.125000000  0.652777778  0.000000000   1.0
  0.125000000  0.680555556  0.000000000   1.0
  0.125000000  0.708333333  0.000000000   1.0
  0.125000000  0.736111111  0.000000000   1.0
  0.125000000  0.763888889  0.000000000   1.0
  0.125000000  0.791666667  0.000000000   1.0
  0.125000000  0.819444445  0.000000000   1.0
  0.125000000  0.847222222  0.000000000   1.0
  0.125000000  0.875000000  0.000000000   1.0
  0.125000000  0.902777778  0.000000000   1.0
  0.125000000  0.930555556  0.000000000   1.0
  0.125000000  0.958333333  0.000000000   1.0
  0.125000000  0.986111111  0.000000000   1.0
  0.152777778  0.013888889  0.000000000   1.0
  0.152777778  0.041666667  0.000000000   1.0
  0.152777778  0.069444445  0.000000000   1.0
  0.152777778  0.097222222  0.000000000   1.0
  0.152777778  0.125000000  0.000000000   1.0
  0.152777778  0.152777778  0.000000000   1.0
  0.152777778  0.180555556  0.000000000   1.0
  0.152777778  0.208333333  0.000000000   1.0
  0.152777778  0.236111111  0.000000000   1.0
  0.152777778  0.263888889  0.000000000   1.0
  0.152777778  0.291666667  0.000000000   1.0
  0.152777778  0.319444445  0.000000000   1.0
  0.152777778  0.347222222  0.000000000   1.0
  0.152777778  0.375000000  0.000000000   1.0
  0.152777778  0.402777778  0.000000000   1.0
  0.152777778  0.430555556  0.000000000   1.0
  0.152777778  0.458333333  0.000000000   1.0
  0.152777778  0.486111111  0.000000000   1.0
  0.152777778  0.513888889  0.000000000   1.0
  0.152777778  0.541666667  0.000000000   1.0
  0.152777778  0.569444445  0.000000000   1.0
  0.152777778  0.597222222  0.000000000   1.0
  0.152777778  0.625000000  0.000000000   1.0
  0.152777778  0.652777778  0.000000000   1.0
  0.152777778  0.680555556  0.000000000   1.0
  0.152777778  0.708333333  0.000000000   1.0
  0.152777778  0.736111111  0.000000000   1.0
  0.152777778  0.763888889  0.000000000   1.0
  0.152777778  0.791666667  0.000000000   1.0
  0.152777778  0.819444445  0.000000000   1.0
  0.152777778  0.847222222  0.000000000   1.0
  0.152777778  0.875000000  0.000000000   1.0
  0.152777778  0.902777778  0.000000000   1.0
  0.152777778  0.930555556  0.000000000   1.0
  0.152777778  0.958333333  0.000000000   1.0
  0.152777778  0.986111111  0.000000000   1.0
  0.180555556  0.013888889  0.000000000   1.0
  0.180555556  0.041666667  0.000000000   1.0
  0.180555556  0.069444445  0.000000000   1.0
  0.180555556  0.097222222  0.000000000   1.0
  0.180555556  0.125000000  0.000000000   1.0
  0.180555556  0.152777778  0.000000000   1.0
  0.180555556  0.180555556  0.000000000   1.0
  0.180555556  0.208333333  0.000000000   1.0
  0.180555556  0.236111111  0.000000000   1.0
  0.180555556  0.263888889  0.000000000   1.0
  0.180555556  0.291666667  0.000000000   1.0
  0.180555556  0.319444445  0.000000000   1.0
  0.180555556  0.347222222  0.000000000   1.0
  0.180555556  0.375000000  0.000000000   1.0
  0.180555556  0.402777778  0.000000000   1.0
  0.180555556  0.430555556  0.000000000   1.0
  0.180555556  0.458333333  0.000000000   1.0
  0.180555556  0.486111111  0.000000000   1.0
  0.180555556  0.513888889  0.000000000   1.0
  0.180555556  0.541666667  0.000000000   1.0
  0.180555556  0.569444445  0.000000000   1.0
  0.180555556  0.597222222  0.000000000   1.0
  0.180555556  0.625000000  0.000000000   1.0
  0.180555556  0.652777778  0.000000000   1.0
  0.180555556  0.680555556  0.000000000   1.0
  0.180555556  0.708333333  0.000000000   1.0
  0.180555556  0.736111111  0.000000000   1.0
  0.180555556  0.763888889  0.000000000   1.0
  0.180555556  0.791666667  0.000000000   1.0
  0.180555556  0.819444445  0.000000000   1.0
  0.180555556  0.847222222  0.000000000   1.0
  0.180555556  0.875000000  0.000000000   1.0
  0.180555556  0.902777778  0.000000000   1.0
  0.180555556  0.930555556  0.000000000   1.0
  0.180555556  0.958333333  0.000000000   1.0
  0.180555556  0.986111111  0.000000000   1.0
  0.208333333  0.013888889  0.000000000   1.0
  0.208333333  0.041666667  0.000000000   1.0
  0.208333333  0.069444445  0.000000000   1.0
  0.208333333  0.097222222  0.000000000   1.0
  0.208333333  0.125000000  0.000000000   1.0
  0.208333333  0.152777778  0.000000000   1.0
  0.208333333  0.180555556  0.000000000   1.0
  0.208333333  0.208333333  0.000000000   1.0
  0.208333333  0.236111111  0.000000000   1.0
  0.208333333  0.263888889  0.000000000   1.0
  0.208333333  0.291666667  0.000000000   1.0
  0.208333333  0.319444445  0.000000000   1.0
  0.208333333  0.347222222  0.000000000   1.0
  0.208333333  0.375000000  0.000000000   1.0
  0.208333333  0.402777778  0.000000000   1.0
  0.208333333  0.430555556  0.000000000   1.0
  0.208333333  0.458333333  0.000000000   1.0
  0.208333333  0.486111111  0.000000000   1.0
  0.208333333  0.513888889  0.000000000   1.0
  0.208333333  0.541666667  0.000000000   1.0
  0.208333333  0.569444445  0.000000000   1.0
  0.208333333  0.597222222  0.000000000   1.0
  0.208333333  0.625000000  0.000000000   1.0
  0.208333333  0.652777778  0.000000000   1.0
  0.208333333  0.680555556  0.000000000   1.0
  0.208333333  0.708333333  0.000000000   1.0
  0.208333333  0.736111111  0.000000000   1.0
  0.208333333  0.763888889  0.000000000   1.0
  0.208333333  0.791666667  0.000000000   1.0
  0.208333333  0.819444445  0.000000000   1.0
  0.208333333  0.847222222  0.000000000   1.0
  0.208333333  0.875000000  0.000000000   1.0
  0.208333333  0.902777778  0.000000000   1.0
  0.208333333  0.930555556  0.000000000   1.0
  0.208333333  0.958333333  0.000000000   1.0
  0.208333333  0.986111111  0.000000000   1.0
  0.236111111  0.013888889  0.000000000   1.0
  0.236111111  0.041666667  0.000000000   1.0
  0.236111111  0.069444445  0.000000000   1.0
  0.236111111  0.097222222  0.000000000   1.0
  0.236111111  0.125000000  0.000000000   1.0
  0.236111111  0.152777778  0.000000000   1.0
  0.236111111  0.180555556  0.000000000   1.0
  0.236111111  0.208333333  0.000000000   1.0
  0.236111111  0.236111111  0.000000000   1.0
  0.236111111  0.263888889  0.000000000   1.0
  0.236111111  0.291666667  0.000000000   1.0
  0.236111111  0.319444445  0.000000000   1.0
  0.236111111  0.347222222  0.000000000   1.0
  0.236111111  0.375000000  0.000000000   1.0
  0.236111111  0.402777778  0.000000000   1.0
  0.236111111  0.430555556  0.000000000   1.0
  0.236111111  0.458333333  0.000000000   1.0
  0.236111111  0.486111111  0.000000000   1.0
  0.236111111  0.513888889  0.000000000   1.0
  0.236111111  0.541666667  0.000000000   1.0
  0.236111111  0.569444445  0.000000000   1.0
  0.236111111  0.597222222  0.000000000   1.0
  0.236111111  0.625000000  0.000000000   1.0
  0.236111111  0.652777778  0.000000000   1.0
  0.236111111  0.680555556  0.000000000   1.0
  0.236111111  0.708333333  0.000000000   1.0
  0.236111111  0.736111111  0.000000000   1.0
  0.236111111  0.763888889  0.000000000   1.0
  0.236111111  0.791666667  0.000000000   1.0
  0.236111111  0.819444445  0.000000000   1.0
  0.236111111  0.847222222  0.000000000   1.0
  0.236111111  0.875000000  0.000000000   1.0
  0.236111111  0.902777778  0.000000000   1.0
  0.236111111  0.930555556  0.000000000   1.0
  0.236111111  0.958333333  0.000000000   1.0
  0.236111111  0.986111111  0.000000000   1.0
  0.263888889  0.013888889  0.000000000   1.0
  0.263888889  0.041666667  0.000000000   1.0
  0.263888889  0.069444445  0.000000000   1.0
  0.263888889  0.097222222  0.000000000   1.0
  0.263888889  0.125000000  0.000000000   1.0
  0.263888889  0.152777778  0.000000000   1.0
  0.263888889  0.180555556  0.000000000   1.0
  0.263888889  0.208333333  0.000000000   1.0
  0.263888889  0.236111111  0.000000000   1.0
  0.263888889  0.263888889  0.000000000   1.0
  0.263888889  0.291666667  0.000000000   1.0
  0.263888889  0.319444445  0.000000000   1.0
  0.263888889  0.347222222  0.000000000   1.0
  0.263888889  0.375000000  0.000000000   1.0
  0.263888889  0.402777778  0.000000000   1.0
  0.263888889  0.430555556  0.000000000   1.0
  0.263888889  0.458333333  0.000000000   1.0
  0.263888889  0.486111111  0.000000000   1.0
  0.263888889  0.513888889  0.000000000   1.0
  0.263888889  0.541666667  0.000000000   1.0
  0.263888889  0.569444445  0.000000000   1.0
  0.263888889  0.597222222  0.000000000   1.0
  0.263888889  0.625000000  0.000000000   1.0
  0.263888889  0.652777778  0.000000000   1.0
  0.263888889  0.680555556  0.000000000   1.0
  0.263888889  0.708333333  0.000000000   1.0
  0.263888889  0.736111111  0.000000000   1.0
  0.263888889  0.763888889  0.000000000   1.0
  0.263888889  0.791666667  0.000000000   1.0
  0.263888889  0.819444445  0.000000000   1.0
  0.263888889  0.847222222  0.000000000   1.0
  0.263888889  0.875000000  0.000000000   1.0
  0.263888889  0.902777778  0.000000000   1.0
  0.263888889  0.930555556  0.000000000   1.0
  0.263888889  0.958333333  0.000000000   1.0
  0.263888889  0.986111111  0.000000000   1.0
  0.291666667  0.013888889  0.000000000   1.0
  0.291666667  0.041666667  0.000000000   1.0
  0.291666667  0.069444445  0.000000000   1.0
  0.291666667  0.097222222  0.000000000   1.0
  0.291666667  0.125000000  0.000000000   1.0
  0.291666667  0.152777778  0.000000000   1.0
  0.291666667  0.180555556  0.000000000   1.0
  0.291666667  0.208333333  0.000000000   1.0
  0.291666667  0.236111111  0.000000000   1.0
  0.291666667  0.263888889  0.000000000   1.0
  0.291666667  0.291666667  0.000000000   1.0
  0.291666667  0.319444445  0.000000000   1.0
  0.291666667  0.347222222  0.000000000   1.0
  0.291666667  0.375000000  0.000000000   1.0
  0.291666667  0.402777778  0.000000000   1.0
  0.291666667  0.430555556  0.000000000   1.0
  0.291666667  0.458333333  0.000000000   1.0
  0.291666667  0.486111111  0.000000000   1.0
  0.291666667  0.513888889  0.000000000   1.0
  0.291666667  0.541666667  0.000000000   1.0
  0.291666667  0.569444445  0.000000000   1.0
  0.291666667  0.597222222  0.000000000   1.0
  0.291666667  0.625000000  0.000000000   1.0
  0.291666667  0.652777778  0.000000000   1.0
  0.291666667  0.680555556  0.000000000   1.0
  0.291666667  0.708333333  0.000000000   1.0
  0.291666667  0.736111111  0.000000000   1.0
  0.291666667  0.763888889  0.000000000   1.0
  0.291666667  0.791666667  0.000000000   1.0
  0.291666667  0.819444445  0.000000000   1.0
  0.291666667  0.847222222  0.000000000   1.0
  0.291666667  0.875000000  0.000000000   1.0
  0.291666667  0.902777778  0.000000000   1.0
  0.291666667  0.930555556  0.000000000   1.0
  0.291666667  0.958333333  0.000000000   1.0
  0.291666667  0.986111111  0.000000000   1.0
  0.319444445  0.013888889  0.000000000   1.0
  0.319444445  0.041666667  0.000000000   1.0
  0.319444445  0.069444445  0.000000000   1.0
  0.319444445  0.097222222  0.000000000   1.0
  0.319444445  0.125000000  0.000000000   1.0
  0.319444445  0.152777778  0.000000000   1.0
  0.319444445  0.180555556  0.000000000   1.0
  0.319444445  0.208333333  0.000000000   1.0
  0.319444445  0.236111111  0.000000000   1.0
  0.319444445  0.263888889  0.000000000   1.0
  0.319444445  0.291666667  0.000000000   1.0
  0.319444445  0.319444445  0.000000000   1.0
  0.319444445  0.347222222  0.000000000   1.0
  0.319444445  0.375000000  0.000000000   1.0
  0.319444445  0.402777778  0.000000000   1.0
  0.319444445  0.430555556  0.000000000   1.0
  0.319444445  0.458333333  0.000000000   1.0
  0.319444445  0.486111111  0.000000000   1.0
  0.319444445  0.513888889  0.000000000   1.0
  0.319444445  0.541666667  0.000000000   1.0
  0.319444445  0.569444445  0.000000000   1.0
  0.319444445  0.597222222  0.000000000   1.0
  0.319444445  0.625000000  0.000000000   1.0
  0.319444445  0.652777778  0.000000000   1.0
  0.319444445  0.680555556  0.000000000   1.0
  0.319444445  0.708333333  0.000000000   1.0
  0.319444445  0.736111111  0.000000000   1.0
  0.319444445  0.763888889  0.000000000   1.0
  0.319444445  0.791666667  0.000000000   1.0
  0.319444445  0.819444445  0.000000000   1.0
  0.319444445  0.847222222  0.000000000   1.0
  0.319444445  0.875000000  0.000000000   1.0
  0.319444445  0.902777778  0.000000000   1.0
  0.319444445  0.930555556  0.000000000   1.0
  0.319444445  0.958333333  0.000000000   1.0
  0.319444445  0.986111111  0.000000000   1.0
  0.347222222  0.013888889  0.000000000   1.0
  0.347222222  0.041666667  0.000000000   1.0
  0.347222222  0.069444445  0.000000000   1.0
  0.347222222  0.097222222  0.000000000   1.0
  0.347222222  0.125000000  0.000000000   1.0
  0.347222222  0.152777778  0.000000000   1.0
  0.347222222  0.180555556  0.000000000   1.0
  0.347222222  0.208333333  0.000000000   1.0
  0.347222222  0.236111111  0.000000000   1.0
  0.347222222  0.263888889  0.000000000   1.0
  0.347222222  0.291666667  0.000000000   1.0
  0.347222222  0.319444445  0.000000000   1.0
  0.347222222  0.347222222  0.000000000   1.0
  0.347222222  0.375000000  0.000000000   1.0
  0.347222222  0.402777778  0.000000000   1.0
  0.347222222  0.430555556  0.000000000   1.0
  0.347222222  0.458333333  0.000000000   1.0
  0.347222222  0.486111111  0.000000000   1.0
  0.347222222  0.513888889  0.000000000   1.0
  0.347222222  0.541666667  0.000000000   1.0
  0.347222222  0.569444445  0.000000000   1.0
  0.347222222  0.597222222  0.000000000   1.0
  0.347222222  0.625000000  0.000000000   1.0
  0.347222222  0.652777778  0.000000000   1.0
  0.347222222  0.680555556  0.000000000   1.0
  0.347222222  0.708333333  0.000000000   1.0
  0.347222222  0.736111111  0.000000000   1.0
  0.347222222  0.763888889  0.000000000   1.0
  0.347222222  0.791666667  0.000000000   1.0
  0.347222222  0.819444445  0.000000000   1.0
  0.347222222  0.847222222  0.000000000   1.0
  0.347222222  0.875000000  0.000000000   1.0
  0.347222222  0.902777778  0.000000000   1.0
  0.347222222  0.930555556  0.000000000   1.0
  0.347222222  0.958333333  0.000000000   1.0
  0.347222222  0.986111111  0.000000000   1.0
  0.375000000  0.013888889  0.000000000   1.0
  0.375000000  0.041666667  0.000000000   1.0
  0.375000000  0.069444445  0.000000000   1.0
  0.375000000  0.097222222  0.000000000   1.0
  0.375000000  0.125000000  0.000000000   1.0
  0.375000000  0.152777778  0.000000000   1.0
  0.375000000  0.180555556  0.000000000   1.0
  0.375000000  0.208333333  0.000000000   1.0
  0.375000000  0.236111111  0.000000000   1.0
  0.375000000  0.263888889  0.000000000   1.0
  0.375000000  0.291666667  0.000000000   1.0
  0.375000000  0.319444445  0.000000000   1.0
  0.375000000  0.347222222  0.000000000   1.0
  0.375000000  0.375000000  0.000000000   1.0
  0.375000000  0.402777778  0.000000000   1.0
  0.375000000  0.430555556  0.000000000   1.0
  0.375000000  0.458333333  0.000000000   1.0
  0.375000000  0.486111111  0.000000000   1.0
  0.375000000  0.513888889  0.000000000   1.0
  0.375000000  0.541666667  0.000000000   1.0
  0.375000000  0.569444445  0.000000000   1.0
  0.375000000  0.597222222  0.000000000   1.0
  0.375000000  0.625000000  0.000000000   1.0
  0.375000000  0.652777778  0.000000000   1.0
  0.375000000  0.680555556  0.000000000   1.0
  0.375000000  0.708333333  0.000000000   1.0
  0.375000000  0.736111111  0.000000000   1.0
  0.375000000  0.763888889  0.000000000   1.0
  0.375000000  0.791666667  0.000000000   1.0
  0.375000000  0.819444445  0.000000000   1.0
  0.375000000  0.847222222  0.000000000   1.0
  0.375000000  0.875000000  0.000000000   1.0
  0.375000000  0.902777778  0.000000000   1.0
  0.375000000  0.930555556  0.000000000   1.0
  0.375000000  0.958333333  0.000000000   1.0
  0.375000000  0.986111111  0.000000000   1.0
  0.402777778  0.013888889  0.000000000   1.0
  0.402777778  0.041666667  0.000000000   1.0
  0.402777778  0.069444445  0.000000000   1.0
  0.402777778  0.097222222  0.000000000   1.0
  0.402777778  0.125000000  0.000000000   1.0
  0.402777778  0.152777778  0.000000000   1.0
  0.402777778  0.180555556  0.000000000   1.0
  0.402777778  0.208333333  0.000000000   1.0
  0.402777778  0.236111111  0.000000000   1.0
  0.402777778  0.263888889  0.000000000   1.0
  0.402777778  0.291666667  0.000000000   1.0
  0.402777778  0.319444445  0.000000000   1.0
  0.402777778  0.347222222  0.000000000   1.0
  0.402777778  0.375000000  0.000000000   1.0
  0.402777778  0.402777778  0.000000000   1.0
  0.402777778  0.430555556  0.000000000   1.0
  0.402777778  0.458333333  0.000000000   1.0
  0.402777778  0.486111111  0.000000000   1.0
  0.402777778  0.513888889  0.000000000   1.0
  0.402777778  0.541666667  0.000000000   1.0
  0.402777778  0.569444445  0.000000000   1.0
  0.402777778  0.597222222  0.000000000   1.0
  0.402777778  0.625000000  0.000000000   1.0
  0.402777778  0.652777778  0.000000000   1.0
  0.402777778  0.680555556  0.000000000   1.0
  0.402777778  0.708333333  0.000000000   1.0
  0.402777778  0.736111111  0.000000000   1.0
  0.402777778  0.763888889  0.000000000   1.0
  0.402777778  0.791666667  0.000000000   1.0
  0.402777778  0.819444445  0.000000000   1.0
  0.402777778  0.847222222  0.000000000   1.0
  0.402777778  0.875000000  0.000000000   1.0
  0.402777778  0.902777778  0.000000000   1.0
  0.402777778  0.930555556  0.000000000   1.0
  0.402777778  0.958333333  0.000000000   1.0
  0.402777778  0.986111111  0.000000000   1.0
  0.430555556  0.013888889  0.000000000   1.0
  0.430555556  0.041666667  0.000000000   1.0
  0.430555556  0.069444445  0.000000000   1.0
  0.430555556  0.097222222  0.000000000   1.0
  0.430555556  0.125000000  0.000000000   1.0
  0.430555556  0.152777778  0.000000000   1.0
  0.430555556  0.180555556  0.000000000   1.0
  0.430555556  0.208333333  0.000000000   1.0
  0.430555556  0.236111111  0.000000000   1.0
  0.430555556  0.263888889  0.000000000   1.0
  0.430555556  0.291666667  0.000000000   1.0
  0.430555556  0.319444445  0.000000000   1.0
  0.430555556  0.347222222  0.000000000   1.0
  0.430555556  0.375000000  0.000000000   1.0
  0.430555556  0.402777778  0.000000000   1.0
  0.430555556  0.430555556  0.000000000   1.0
  0.430555556  0.458333333  0.000000000   1.0
  0.430555556  0.486111111  0.000000000   1.0
  0.430555556  0.513888889  0.000000000   1.0
  0.430555556  0.541666667  0.000000000   1.0
  0.430555556  0.569444445  0.000000000   1.0
  0.430555556  0.597222222  0.000000000   1.0
  0.430555556  0.625000000  0.000000000   1.0
  0.430555556  0.652777778  0.000000000   1.0
  0.430555556  0.680555556  0.000000000   1.0
  0.430555556  0.708333333  0.000000000   1.0
  0.430555556  0.736111111  0.000000000   1.0
  0.430555556  0.763888889  0.000000000   1.0
  0.430555556  0.791666667  0.000000000   1.0
  0.430555556  0.819444445  0.000000000   1.0
  0.430555556  0.847222222  0.000000000   1.0
  0.430555556  0.875000000  0.000000000   1.0
  0.430555556  0.902777778  0.000000000   1.0
  0.430555556  0.930555556  0.000000000   1.0
  0.430555556  0.958333333  0.000000000   1.0
  0.430555556  0.986111111  0.000000000   1.0
  0.458333333  0.013888889  0.000000000   1.0
  0.458333333  0.041666667  0.000000000   1.0
  0.458333333  0.069444445  0.000000000   1.0
  0.458333333  0.097222222  0.000000000   1.0
  0.458333333  0.125000000  0.000000000   1.0
  0.458333333  0.152777778  0.000000000   1.0
  0.458333333  0.180555556  0.000000000   1.0
  0.458333333  0.208333333  0.000000000   1.0
  0.458333333  0.236111111  0.000000000   1.0
  0.458333333  0.263888889  0.000000000   1.0
  0.458333333  0.291666667  0.000000000   1.0
  0.458333333  0.319444445  0.000000000   1.0
  0.458333333  0.347222222  0.000000000   1.0
  0.458333333  0.375000000  0.000000000   1.0
  0.458333333  0.402777778  0.000000000   1.0
  0.458333333  0.430555556  0.000000000   1.0
  0.458333333  0.458333333  0.000000000   1.0
  0.458333333  0.486111111  0.000000000   1.0
  0.458333333  0.513888889  0.000000000   1.0
  0.458333333  0.541666667  0.000000000   1.0
  0.458333333  0.569444445  0.000000000   1.0
  0.458333333  0.597222222  0.000000000   1.0
  0.458333333  0.625000000  0.000000000   1.0
  0.458333333  0.652777778  0.000000000   1.0
  0.458333333  0.680555556  0.000000000   1.0
  0.458333333  0.708333333  0.000000000   1.0
  0.458333333  0.736111111  0.000000000   1.0
  0.458333333  0.763888889  0.000000000   1.0
  0.458333333  0.791666667  0.000000000   1.0
  0.458333333  0.819444445  0.000000000   1.0
  0.458333333  0.847222222  0.000000000   1.0
  0.458333333  0.875000000  0.000000000   1.0
  0.458333333  0.902777778  0.000000000   1.0
  0.458333333  0.930555556  0.000000000   1.0
  0.458333333  0.958333333  0.000000000   1.0
  0.458333333  0.986111111  0.000000000   1.0
  0.486111111  0.013888889  0.000000000   1.0
  0.486111111  0.041666667  0.000000000   1.0
  0.486111111  0.069444445  0.000000000   1.0
  0.486111111  0.097222222  0.000000000   1.0
  0.486111111  0.125000000  0.000000000   1.0
  0.486111111  0.152777778  0.000000000   1.0
  0.486111111  0.180555556  0.000000000   1.0
  0.486111111  0.208333333  0.000000000   1.0
  0.486111111  0.236111111  0.000000000   1.0
  0.486111111  0.263888889  0.000000000   1.0
  0.486111111  0.291666667  0.000000000   1.0
  0.486111111  0.319444445  0.000000000   1.0
  0.486111111  0.347222222  0.000000000   1.0
  0.486111111  0.375000000  0.000000000   1.0
  0.486111111  0.402777778  0.000000000   1.0
  0.486111111  0.430555556  0.000000000   1.0
  0.486111111  0.458333333  0.000000000   1.0
  0.486111111  0.486111111  0.000000000   1.0
  0.486111111  0.513888889  0.000000000   1.0
  0.486111111  0.541666667  0.000000000   1.0
  0.486111111  0.569444445  0.000000000   1.0
  0.486111111  0.597222222  0.000000000   1.0
  0.486111111  0.625000000  0.000000000   1.0
  0.486111111  0.652777778  0.000000000   1.0
  0.486111111  0.680555556  0.000000000   1.0
  0.486111111  0.708333333  0.000000000   1.0
  0.486111111  0.736111111  0.000000000   1.0
  0.486111111  0.763888889  0.000000000   1.0
  0.486111111  0.791666667  0.000000000   1.0
  0.486111111  0.819444445  0.000000000   1.0
  0.486111111  0.847222222  0.000000000   1.0
  0.486111111  0.875000000  0.000000000   1.0
  0.486111111  0.902777778  0.000000000   1.0
  0.486111111  0.930555556  0.000000000   1.0
  0.486111111  0.958333333  0.000000000   1.0
  0.486111111  0.986111111  0.000000000   1.0
  0.513888889  0.013888889  0.000000000   1.0
  0.513888889  0.041666667  0.000000000   1.0
  0.513888889  0.069444445  0.000000000   1.0
  0.513888889  0.097222222  0.000000000   1.0
  0.513888889  0.125000000  0.000000000   1.0
  0.513888889  0.152777778  0.000000000   1.0
  0.513888889  0.180555556  0.000000000   1.0
  0.513888889  0.208333333  0.000000000   1.0
  0.513888889  0.236111111  0.000000000   1.0
  0.513888889  0.263888889  0.000000000   1.0
  0.513888889  0.291666667  0.000000000   1.0
  0.513888889  0.319444445  0.000000000   1.0
  0.513888889  0.347222222  0.000000000   1.0
  0.513888889  0.375000000  0.000000000   1.0
  0.513888889  0.402777778  0.000000000   1.0
  0.513888889  0.430555556  0.000000000   1.0
  0.513888889  0.458333333  0.000000000   1.0
  0.513888889  0.486111111  0.000000000   1.0
  0.513888889  0.513888889  0.000000000   1.0
  0.513888889  0.541666667  0.000000000   1.0
  0.513888889  0.569444445  0.000000000   1.0
  0.513888889  0.597222222  0.000000000   1.0
  0.513888889  0.625000000  0.000000000   1.0
  0.513888889  0.652777778  0.000000000   1.0
  0.513888889  0.680555556  0.000000000   1.0
  0.513888889  0.708333333  0.000000000   1.0
  0.513888889  0.736111111  0.000000000   1.0
  0.513888889  0.763888889  0.000000000   1.0
  0.513888889  0.791666667  0.000000000   1.0
  0.513888889  0.819444445  0.000000000   1.0
  0.513888889  0.847222222  0.000000000   1.0
  0.513888889  0.875000000  0.000000000   1.0
  0.513888889  0.902777778  0.000000000   1.0
  0.513888889  0.930555556  0.000000000   1.0
  0.513888889  0.958333333  0.000000000   1.0
  0.513888889  0.986111111  0.000000000   1.0
  0.541666667  0.013888889  0.000000000   1.0
  0.541666667  0.041666667  0.000000000   1.0
  0.541666667  0.069444445  0.000000000   1.0
  0.541666667  0.097222222  0.000000000   1.0
  0.541666667  0.125000000  0.000000000   1.0
  0.541666667  0.152777778  0.000000000   1.0
  0.541666667  0.180555556  0.000000000   1.0
  0.541666667  0.208333333  0.000000000   1.0
  0.541666667  0.236111111  0.000000000   1.0
  0.541666667  0.263888889  0.000000000   1.0
  0.541666667  0.291666667  0.000000000   1.0
  0.541666667  0.319444445  0.000000000   1.0
  0.541666667  0.347222222  0.000000000   1.0
  0.541666667  0.375000000  0.000000000   1.0
  0.541666667  0.402777778  0.000000000   1.0
  0.541666667  0.430555556  0.000000000   1.0
  0.541666667  0.458333333  0.000000000   1.0
  0.541666667  0.486111111  0.000000000   1.0
  0.541666667  0.513888889  0.000000000   1.0
  0.541666667  0.541666667  0.000000000   1.0
  0.541666667  0.569444445  0.000000000   1.0
  0.541666667  0.597222222  0.000000000   1.0
  0.541666667  0.625000000  0.000000000   1.0
  0.541666667  0.652777778  0.000000000   1.0
  0.541666667  0.680555556  0.000000000   1.0
  0.541666667  0.708333333  0.000000000   1.0
  0.541666667  0.736111111  0.000000000   1.0
  0.541666667  0.763888889  0.000000000   1.0
  0.541666667  0.791666667  0.000000000   1.0
  0.541666667  0.819444445  0.000000000   1.0
  0.541666667  0.847222222  0.000000000   1.0
  0.541666667  0.875000000  0.000000000   1.0
  0.541666667  0.902777778  0.000000000   1.0
  0.541666667  0.930555556  0.000000000   1.0
  0.541666667  0.958333333  0.000000000   1.0
  0.541666667  0.986111111  0.000000000   1.0
  0.569444445  0.013888889  0.000000000   1.0
  0.569444445  0.041666667  0.000000000   1.0
  0.569444445  0.069444445  0.000000000   1.0
  0.569444445  0.097222222  0.000000000   1.0
  0.569444445  0.125000000  0.000000000   1.0
  0.569444445  0.152777778  0.000000000   1.0
  0.569444445  0.180555556  0.000000000   1.0
  0.569444445  0.208333333  0.000000000   1.0
  0.569444445  0.236111111  0.000000000   1.0
  0.569444445  0.263888889  0.000000000   1.0
  0.569444445  0.291666667  0.000000000   1.0
  0.569444445  0.319444445  0.000000000   1.0
  0.569444445  0.347222222  0.000000000   1.0
  0.569444445  0.375000000  0.000000000   1.0
  0.569444445  0.402777778  0.000000000   1.0
  0.569444445  0.430555556  0.000000000   1.0
  0.569444445  0.458333333  0.000000000   1.0
  0.569444445  0.486111111  0.000000000   1.0
  0.569444445  0.513888889  0.000000000   1.0
  0.569444445  0.541666667  0.000000000   1.0
  0.569444445  0.569444445  0.000000000   1.0
  0.569444445  0.597222222  0.000000000   1.0
  0.569444445  0.625000000  0.000000000   1.0
  0.569444445  0.652777778  0.000000000   1.0
  0.569444445  0.680555556  0.000000000   1.0
  0.569444445  0.708333333  0.000000000   1.0
  0.569444445  0.736111111  0.000000000   1.0
  0.569444445  0.763888889  0.000000000   1.0
  0.569444445  0.791666667  0.000000000   1.0
  0.569444445  0.819444445  0.000000000   1.0
  0.569444445  0.847222222  0.000000000   1.0
  0.569444445  0.875000000  0.000000000   1.0
  0.569444445  0.902777778  0.000000000   1.0
  0.569444445  0.930555556  0.000000000   1.0
  0.569444445  0.958333333  0.000000000   1.0
  0.569444445  0.986111111  0.000000000   1.0
  0.597222222  0.013888889  0.000000000   1.0
  0.597222222  0.041666667  0.000000000   1.0
  0.597222222  0.069444445  0.000000000   1.0
  0.597222222  0.097222222  0.000000000   1.0
  0.597222222  0.125000000  0.000000000   1.0
  0.597222222  0.152777778  0.000000000   1.0
  0.597222222  0.180555556  0.000000000   1.0
  0.597222222  0.208333333  0.000000000   1.0
  0.597222222  0.236111111  0.000000000   1.0
  0.597222222  0.263888889  0.000000000   1.0
  0.597222222  0.291666667  0.000000000   1.0
  0.597222222  0.319444445  0.000000000   1.0
  0.597222222  0.347222222  0.000000000   1.0
  0.597222222  0.375000000  0.000000000   1.0
  0.597222222  0.402777778  0.000000000   1.0
  0.597222222  0.430555556  0.000000000   1.0
  0.597222222  0.458333333  0.000000000   1.0
  0.597222222  0.486111111  0.000000000   1.0
  0.597222222  0.513888889  0.000000000   1.0
  0.597222222  0.541666667  0.000000000   1.0
  0.597222222  0.569444445  0.000000000   1.0
  0.597222222  0.597222222  0.000000000   1.0
  0.597222222  0.625000000  0.000000000   1.0
  0.597222222  0.652777778  0.000000000   1.0
  0.597222222  0.680555556  0.000000000   1.0
  0.597222222  0.708333333  0.000000000   1.0
  0.597222222  0.736111111  0.000000000   1.0
  0.597222222  0.763888889  0.000000000   1.0
  0.597222222  0.791666667  0.000000000   1.0
  0.597222222  0.819444445  0.000000000   1.0
  0.597222222  0.847222222  0.000000000   1.0
  0.597222222  0.875000000  0.000000000   1.0
  0.597222222  0.902777778  0.000000000   1.0
  0.597222222  0.930555556  0.000000000   1.0
  0.597222222  0.958333333  0.000000000   1.0
  0.597222222  0.986111111  0.000000000   1.0
  0.625000000  0.013888889  0.000000000   1.0
  0.625000000  0.041666667  0.000000000   1.0
  0.625000000  0.069444445  0.000000000   1.0
  0.625000000  0.097222222  0.000000000   1.0
  0.625000000  0.125000000  0.000000000   1.0
  0.625000000  0.152777778  0.000000000   1.0
  0.625000000  0.180555556  0.000000000   1.0
  0.625000000  0.208333333  0.000000000   1.0
  0.625000000  0.236111111  0.000000000   1.0
  0.625000000  0.263888889  0.000000000   1.0
  0.625000000  0.291666667  0.000000000   1.0
  0.625000000  0.319444445  0.000000000   1.0
  0.625000000  0.347222222  0.000000000   1.0
  0.625000000  0.375000000  0.000000000   1.0
  0.625000000  0.402777778  0.000000000   1.0
  0.625000000  0.430555556  0.000000000   1.0
  0.625000000  0.458333333  0.000000000   1.0
  0.625000000  0.486111111  0.000000000   1.0
  0.625000000  0.513888889  0.000000000   1.0
  0.625000000  0.541666667  0.000000000   1.0
  0.625000000  0.569444445  0.000000000   1.0
  0.625000000  0.597222222  0.000000000   1.0
  0.625000000  0.625000000  0.000000000   1.0
  0.625000000  0.652777778  0.000000000   1.0
  0.625000000  0.680555556  0.000000000   1.0
  0.625000000  0.708333333  0.000000000   1.0
  0.625000000  0.736111111  0.000000000   1.0
  0.625000000  0.763888889  0.000000000   1.0
  0.625000000  0.791666667  0.000000000   1.0
  0.625000000  0.819444445  0.000000000   1.0
  0.625000000  0.847222222  0.000000000   1.0
  0.625000000  0.875000000  0.000000000   1.0
  0.625000000  0.902777778  0.000000000   1.0
  0.625000000  0.930555556  0.000000000   1.0
  0.625000000  0.958333333  0.000000000   1.0
  0.625000000  0.986111111  0.000000000   1.0
  0.652777778  0.013888889  0.000000000   1.0
  0.652777778  0.041666667  0.000000000   1.0
  0.652777778  0.069444445  0.000000000   1.0
  0.652777778  0.097222222  0.000000000   1.0
  0.652777778  0.125000000  0.000000000   1.0
  0.652777778  0.152777778  0.000000000   1.0
  0.652777778  0.180555556  0.000000000   1.0
  0.652777778  0.208333333  0.000000000   1.0
  0.652777778  0.236111111  0.000000000   1.0
  0.652777778  0.263888889  0.000000000   1.0
  0.652777778  0.291666667  0.000000000   1.0
  0.652777778  0.319444445  0.000000000   1.0
  0.652777778  0.347222222  0.000000000   1.0
  0.652777778  0.375000000  0.000000000   1.0
  0.652777778  0.402777778  0.000000000   1.0
  0.652777778  0.430555556  0.000000000   1.0
  0.652777778  0.458333333  0.000000000   1.0
  0.652777778  0.486111111  0.000000000   1.0
  0.652777778  0.513888889  0.000000000   1.0
  0.652777778  0.541666667  0.000000000   1.0
  0.652777778  0.569444445  0.000000000   1.0
  0.652777778  0.597222222  0.000000000   1.0
  0.652777778  0.625000000  0.000000000   1.0
  0.652777778  0.652777778  0.000000000   1.0
  0.652777778  0.680555556  0.000000000   1.0
  0.652777778  0.708333333  0.000000000   1.0
  0.652777778  0.736111111  0.000000000   1.0
  0.652777778  0.763888889  0.000000000   1.0
  0.652777778  0.791666667  0.000000000   1.0
  0.652777778  0.819444445  0.000000000   1.0
  0.652777778  0.847222222  0.000000000   1.0
  0.652777778  0.875000000  0.000000000   1.0
  0.652777778  0.902777778  0.000000000   1.0
  0.652777778  0.930555556  0.000000000   1.0
  0.652777778  0.958333333  0.000000000   1.0
  0.652777778  0.986111111  0.000000000   1.0
  0.680555556  0.013888889  0.000000000   1.0
  0.680555556  0.041666667  0.000000000   1.0
  0.680555556  0.069444445  0.000000000   1.0
  0.680555556  0.097222222  0.000000000   1.0
  0.680555556  0.125000000  0.000000000   1.0
  0.680555556  0.152777778  0.000000000   1.0
  0.680555556  0.180555556  0.000000000   1.0
  0.680555556  0.208333333  0.000000000   1.0
  0.680555556  0.236111111  0.000000000   1.0
  0.680555556  0.263888889  0.000000000   1.0
  0.680555556  0.291666667  0.000000000   1.0
  0.680555556  0.319444445  0.000000000   1.0
  0.680555556  0.347222222  0.000000000   1.0
  0.680555556  0.375000000  0.000000000   1.0
  0.680555556  0.402777778  0.000000000   1.0
  0.680555556  0.430555556  0.000000000   1.0
  0.680555556  0.458333333  0.000000000   1.0
  0.680555556  0.486111111  0.000000000   1.0
  0.680555556  0.513888889  0.000000000   1.0
  0.680555556  0.541666667  0.000000000   1.0
  0.680555556  0.569444445  0.000000000   1.0
  0.680555556  0.597222222  0.000000000   1.0
  0.680555556  0.625000000  0.000000000   1.0
  0.680555556  0.652777778  0.000000000   1.0
  0.680555556  0.680555556  0.000000000   1.0
  0.680555556  0.708333333  0.000000000   1.0
  0.680555556  0.736111111  0.000000000   1.0
  0.680555556  0.763888889  0.000000000   1.0
  0.680555556  0.791666667  0.000000000   1.0
  0.680555556  0.819444445  0.000000000   1.0
  0.680555556  0.847222222  0.000000000   1.0
  0.680555556  0.875000000  0.000000000   1.0
  0.680555556  0.902777778  0.000000000   1.0
  0.680555556  0.930555556  0.000000000   1.0
  0.680555556  0.958333333  0.000000000   1.0
  0.680555556  0.986111111  0.000000000   1.0
  0.708333333  0.013888889  0.000000000   1.0
  0.708333333  0.041666667  0.000000000   1.0
  0.708333333  0.069444445  0.000000000   1.0
  0.708333333  0.097222222  0.000000000   1.0
  0.708333333  0.125000000  0.000000000   1.0
  0.708333333  0.152777778  0.000000000   1.0
  0.708333333  0.180555556  0.000000000   1.0
  0.708333333  0.208333333  0.000000000   1.0
  0.708333333  0.236111111  0.000000000   1.0
  0.708333333  0.263888889  0.000000000   1.0
  0.708333333  0.291666667  0.000000000   1.0
  0.708333333  0.319444445  0.000000000   1.0
  0.708333333  0.347222222  0.000000000   1.0
  0.708333333  0.375000000  0.000000000   1.0
  0.708333333  0.402777778  0.000000000   1.0
  0.708333333  0.430555556  0.000000000   1.0
  0.708333333  0.458333333  0.000000000   1.0
  0.708333333  0.486111111  0.000000000   1.0
  0.708333333  0.513888889  0.000000000   1.0
  0.708333333  0.541666667  0.000000000   1.0
  0.708333333  0.569444445  0.000000000   1.0
  0.708333333  0.597222222  0.000000000   1.0
  0.708333333  0.625000000  0.000000000   1.0
  0.708333333  0.652777778  0.000000000   1.0
  0.708333333  0.680555556  0.000000000   1.0
  0.708333333  0.708333333  0.000000000   1.0
  0.708333333  0.736111111  0.000000000   1.0
  0.708333333  0.763888889  0.000000000   1.0
  0.708333333  0.791666667  0.000000000   1.0
  0.708333333  0.819444445  0.000000000   1.0
  0.708333333  0.847222222  0.000000000   1.0
  0.708333333  0.875000000  0.000000000   1.0
  0.708333333  0.902777778  0.000000000   1.0
  0.708333333  0.930555556  0.000000000   1.0
  0.708333333  0.958333333  0.000000000   1.0
  0.708333333  0.986111111  0.000000000   1.0
  0.736111111  0.013888889  0.000000000   1.0
  0.736111111  0.041666667  0.000000000   1.0
  0.736111111  0.069444445  0.000000000   1.0
  0.736111111  0.097222222  0.000000000   1.0
  0.736111111  0.125000000  0.000000000   1.0
  0.736111111  0.152777778  0.000000000   1.0
  0.736111111  0.180555556  0.000000000   1.0
  0.736111111  0.208333333  0.000000000   1.0
  0.736111111  0.236111111  0.000000000   1.0
  0.736111111  0.263888889  0.000000000   1.0
  0.736111111  0.291666667  0.000000000   1.0
  0.736111111  0.319444445  0.000000000   1.0
  0.736111111  0.347222222  0.000000000   1.0
  0.736111111  0.375000000  0.000000000   1.0
  0.736111111  0.402777778  0.000000000   1.0
  0.736111111  0.430555556  0.000000000   1.0
  0.736111111  0.458333333  0.000000000   1.0
  0.736111111  0.486111111  0.000000000   1.0
  0.736111111  0.513888889  0.000000000   1.0
  0.736111111  0.541666667  0.000000000   1.0
  0.736111111  0.569444445  0.000000000   1.0
  0.736111111  0.597222222  0.000000000   1.0
  0.736111111  0.625000000  0.000000000   1.0
  0.736111111  0.652777778  0.000000000   1.0
  0.736111111  0.680555556  0.000000000   1.0
  0.736111111  0.708333333  0.000000000   1.0
  0.736111111  0.736111111  0.000000000   1.0
  0.736111111  0.763888889  0.000000000   1.0
  0.736111111  0.791666667  0.000000000   1.0
  0.736111111  0.819444445  0.000000000   1.0
  0.736111111  0.847222222  0.000000000   1.0
  0.736111111  0.875000000  0.000000000   1.0
  0.736111111  0.902777778  0.000000000   1.0
  0.736111111  0.930555556  0.000000000   1.0
  0.736111111  0.958333333  0.000000000   1.0
  0.736111111  0.986111111  0.000000000   1.0
  0.763888889  0.013888889  0.000000000   1.0
  0.763888889  0.041666667  0.000000000   1.0
  0.763888889  0.069444445  0.000000000   1.0
  0.763888889  0.097222222  0.000000000   1.0
  0.763888889  0.125000000  0.000000000   1.0
  0.763888889  0.152777778  0.000000000   1.0
  0.763888889  0.180555556  0.000000000   1.0
  0.763888889  0.208333333  0.000000000   1.0
  0.763888889  0.236111111  0.000000000   1.0
  0.763888889  0.263888889  0.000000000   1.0
  0.763888889  0.291666667  0.000000000   1.0
  0.763888889  0.319444445  0.000000000   1.0
  0.763888889  0.347222222  0.000000000   1.0
  0.763888889  0.375000000  0.000000000   1.0
  0.763888889  0.402777778  0.000000000   1.0
  0.763888889  0.430555556  0.000000000   1.0
  0.763888889  0.458333333  0.000000000   1.0
  0.763888889  0.486111111  0.000000000   1.0
  0.763888889  0.513888889  0.000000000   1.0
  0.763888889  0.541666667  0.000000000   1.0
  0.763888889  0.569444445  0.000000000   1.0
  0.763888889  0.597222222  0.000000000   1.0
  0.763888889  0.625000000  0.000000000   1.0
  0.763888889  0.652777778  0.000000000   1.0
  0.763888889  0.680555556  0.000000000   1.0
  0.763888889  0.708333333  0.000000000   1.0
  0.763888889  0.736111111  0.000000000   1.0
  0.763888889  0.763888889  0.000000000   1.0
  0.763888889  0.791666667  0.000000000   1.0
  0.763888889  0.819444445  0.000000000   1.0
  0.763888889  0.847222222  0.000000000   1.0
  0.763888889  0.875000000  0.000000000   1.0
  0.763888889  0.902777778  0.000000000   1.0
  0.763888889  0.930555556  0.000000000   1.0
  0.763888889  0.958333333  0.000000000   1.0
  0.763888889  0.986111111  0.000000000   1.0
  0.791666667  0.013888889  0.000000000   1.0
  0.791666667  0.041666667  0.000000000   1.0
  0.791666667  0.069444445  0.000000000   1.0
  0.791666667  0.097222222  0.000000000   1.0
  0.791666667  0.125000000  0.000000000   1.0
  0.791666667  0.152777778  0.000000000   1.0
  0.791666667  0.180555556  0.000000000   1.0
  0.791666667  0.208333333  0.000000000   1.0
  0.791666667  0.236111111  0.000000000   1.0
  0.791666667  0.263888889  0.000000000   1.0
  0.791666667  0.291666667  0.000000000   1.0
  0.791666667  0.319444445  0.000000000   1.0
  0.791666667  0.347222222  0.000000000   1.0
  0.791666667  0.375000000  0.000000000   1.0
  0.791666667  0.402777778  0.000000000   1.0
  0.791666667  0.430555556  0.000000000   1.0
  0.791666667  0.458333333  0.000000000   1.0
  0.791666667  0.486111111  0.000000000   1.0
  0.791666667  0.513888889  0.000000000   1.0
  0.791666667  0.541666667  0.000000000   1.0
  0.791666667  0.569444445  0.000000000   1.0
  0.791666667  0.597222222  0.000000000   1.0
  0.791666667  0.625000000  0.000000000   1.0
  0.791666667  0.652777778  0.000000000   1.0
  0.791666667  0.680555556  0.000000000   1.0
  0.791666667  0.708333333  0.000000000   1.0
  0.791666667  0.736111111  0.000000000   1.0
  0.791666667  0.763888889  0.000000000   1.0
  0.791666667  0.791666667  0.000000000   1.0
  0.791666667  0.819444445  0.000000000   1.0
  0.791666667  0.847222222  0.000000000   1.0
  0.791666667  0.875000000  0.000000000   1.0
  0.791666667  0.902777778  0.000000000   1.0
  0.791666667  0.930555556  0.000000000   1.0
  0.791666667  0.958333333  0.000000000   1.0
  0.791666667  0.986111111  0.000000000   1.0
  0.819444445  0.013888889  0.000000000   1.0
  0.819444445  0.041666667  0.000000000   1.0
  0.819444445  0.069444445  0.000000000   1.0
  0.819444445  0.097222222  0.000000000   1.0
  0.819444445  0.125000000  0.000000000   1.0
  0.819444445  0.152777778  0.000000000   1.0
  0.819444445  0.180555556  0.000000000   1.0
  0.819444445  0.208333333  0.000000000   1.0
  0.819444445  0.236111111  0.000000000   1.0
  0.819444445  0.263888889  0.000000000   1.0
  0.819444445  0.291666667  0.000000000   1.0
  0.819444445  0.319444445  0.000000000   1.0
  0.819444445  0.347222222  0.000000000   1.0
  0.819444445  0.375000000  0.000000000   1.0
  0.819444445  0.402777778  0.000000000   1.0
  0.819444445  0.430555556  0.000000000   1.0
  0.819444445  0.458333333  0.000000000   1.0
  0.819444445  0.486111111  0.000000000   1.0
  0.819444445  0.513888889  0.000000000   1.0
  0.819444445  0.541666667  0.000000000   1.0
  0.819444445  0.569444445  0.000000000   1.0
  0.819444445  0.597222222  0.000000000   1.0
  0.819444445  0.625000000  0.000000000   1.0
  0.819444445  0.652777778  0.000000000   1.0
  0.819444445  0.680555556  0.000000000   1.0
  0.819444445  0.708333333  0.000000000   1.0
  0.819444445  0.736111111  0.000000000   1.0
  0.819444445  0.763888889  0.000000000   1.0
  0.819444445  0.791666667  0.000000000   1.0
  0.819444445  0.819444445  0.000000000   1.0
  0.819444445  0.847222222  0.000000000   1.0
  0.819444445  0.875000000  0.000000000   1.0
  0.819444445  0.902777778  0.000000000   1.0
  0.819444445  0.930555556  0.000000000   1.0
  0.819444445  0.958333333  0.000000000   1.0
  0.819444445  0.986111111  0.000000000   1.0
  0.847222222  0.013888889  0.000000000   1.0
  0.847222222  0.041666667  0.000000000   1.0
  0.847222222  0.069444445  0.000000000   1.0
  0.847222222  0.097222222  0.000000000   1.0
  0.847222222  0.125000000  0.000000000   1.0
  0.847222222  0.152777778  0.000000000   1.0
  0.847222222  0.180555556  0.000000000   1.0
  0.847222222  0.208333333  0.000000000   1.0
  0.847222222  0.236111111  0.000000000   1.0
  0.847222222  0.263888889  0.000000000   1.0
  0.847222222  0.291666667  0.000000000   1.0
  0.847222222  0.319444445  0.000000000   1.0
  0.847222222  0.347222222  0.000000000   1.0
  0.847222222  0.375000000  0.000000000   1.0
  0.847222222  0.402777778  0.000000000   1.0
  0.847222222  0.430555556  0.000000000   1.0
  0.847222222  0.458333333  0.000000000   1.0
  0.847222222  0.486111111  0.000000000   1.0
  0.847222222  0.513888889  0.000000000   1.0
  0.847222222  0.541666667  0.000000000   1.0
  0.847222222  0.569444445  0.000000000   1.0
  0.847222222  0.597222222  0.000000000   1.0
  0.847222222  0.625000000  0.000000000   1.0
  0.847222222  0.652777778  0.000000000   1.0
  0.847222222  0.680555556  0.000000000   1.0
  0.847222222  0.708333333  0.000000000   1.0
  0.847222222  0.736111111  0.000000000   1.0
  0.847222222  0.763888889  0.000000000   1.0
  0.847222222  0.791666667  0.000000000   1.0
  0.847222222  0.819444445  0.000000000   1.0
  0.847222222  0.847222222  0.000000000   1.0
  0.847222222  0.875000000  0.000000000   1.0
  0.847222222  0.902777778  0.000000000   1.0
  0.847222222  0.930555556  0.000000000   1.0
  0.847222222  0.958333333  0.000000000   1.0
  0.847222222  0.986111111  0.000000000   1.0
  0.875000000  0.013888889  0.000000000   1.0
  0.875000000  0.041666667  0.000000000   1.0
  0.875000000  0.069444445  0.000000000   1.0
  0.875000000  0.097222222  0.000000000   1.0
  0.875000000  0.125000000  0.000000000   1.0
  0.875000000  0.152777778  0.000000000   1.0
  0.875000000  0.180555556  0.000000000   1.0
  0.875000000  0.208333333  0.000000000   1.0
  0.875000000  0.236111111  0.000000000   1.0
  0.875000000  0.263888889  0.000000000   1.0
  0.875000000  0.291666667  0.000000000   1.0
  0.875000000  0.319444445  0.000000000   1.0
  0.875000000  0.347222222  0.000000000   1.0
  0.875000000  0.375000000  0.000000000   1.0
  0.875000000  0.402777778  0.000000000   1.0
  0.875000000  0.430555556  0.000000000   1.0
  0.875000000  0.458333333  0.000000000   1.0
  0.875000000  0.486111111  0.000000000   1.0
  0.875000000  0.513888889  0.000000000   1.0
  0.875000000  0.541666667  0.000000000   1.0
  0.875000000  0.569444445  0.000000000   1.0
  0.875000000  0.597222222  0.000000000   1.0
  0.875000000  0.625000000  0.000000000   1.0
  0.875000000  0.652777778  0.000000000   1.0
  0.875000000  0.680555556  0.000000000   1.0
  0.875000000  0.708333333  0.000000000   1.0
  0.875000000  0.736111111  0.000000000   1.0
  0.875000000  0.763888889  0.000000000   1.0
  0.875000000  0.791666667  0.000000000   1.0
  0.875000000  0.819444445  0.000000000   1.0
  0.875000000  0.847222222  0.000000000   1.0
  0.875000000  0.875000000  0.000000000   1.0
  0.875000000  0.902777778  0.000000000   1.0
  0.875000000  0.930555556  0.000000000   1.0
  0.875000000  0.958333333  0.000000000   1.0
  0.875000000  0.986111111  0.000000000   1.0
  0.902777778  0.013888889  0.000000000   1.0
  0.902777778  0.041666667  0.000000000   1.0
  0.902777778  0.069444445  0.000000000   1.0
  0.902777778  0.097222222  0.000000000   1.0
  0.902777778  0.125000000  0.000000000   1.0
  0.902777778  0.152777778  0.000000000   1.0
  0.902777778  0.180555556  0.000000000   1.0
  0.902777778  0.208333333  0.000000000   1.0
  0.902777778  0.236111111  0.000000000   1.0
  0.902777778  0.263888889  0.000000000   1.0
  0.902777778  0.291666667  0.000000000   1.0
  0.902777778  0.319444445  0.000000000   1.0
  0.902777778  0.347222222  0.000000000   1.0
  0.902777778  0.375000000  0.000000000   1.0
  0.902777778  0.402777778  0.000000000   1.0
  0.902777778  0.430555556  0.000000000   1.0
  0.902777778  0.458333333  0.000000000   1.0
  0.902777778  0.486111111  0.000000000   1.0
  0.902777778  0.513888889  0.000000000   1.0
  0.902777778  0.541666667  0.000000000   1.0
  0.902777778  0.569444445  0.000000000   1.0
  0.902777778  0.597222222  0.000000000   1.0
  0.902777778  0.625000000  0.000000000   1.0
  0.902777778  0.652777778  0.000000000   1.0
  0.902777778  0.680555556  0.000000000   1.0
  0.902777778  0.708333333  0.000000000   1.0
  0.902777778  0.736111111  0.000000000   1.0
  0.902777778  0.763888889  0.000000000   1.0
  0.902777778  0.791666667  0.000000000   1.0
  0.902777778  0.819444445  0.000000000   1.0
  0.902777778  0.847222222  0.000000000   1.0
  0.902777778  0.875000000  0.000000000   1.0
  0.902777778  0.902777778  0.000000000   1.0
  0.902777778  0.930555556  0.000000000   1.0
  0.902777778  0.958333333  0.000000000   1.0
  0.902777778  0.986111111  0.000000000   1.0
  0.930555556  0.013888889  0.000000000   1.0
  0.930555556  0.041666667  0.000000000   1.0
  0.930555556  0.069444445  0.000000000   1.0
  0.930555556  0.097222222  0.000000000   1.0
  0.930555556  0.125000000  0.000000000   1.0
  0.930555556  0.152777778  0.000000000   1.0
  0.930555556  0.180555556  0.000000000   1.0
  0.930555556  0.208333333  0.000000000   1.0
  0.930555556  0.236111111  0.000000000   1.0
  0.930555556  0.263888889  0.000000000   1.0
  0.930555556  0.291666667  0.000000000   1.0
  0.930555556  0.319444445  0.000000000   1.0
  0.930555556  0.347222222  0.000000000   1.0
  0.930555556  0.375000000  0.000000000   1.0
  0.930555556  0.402777778  0.000000000   1.0
  0.930555556  0.430555556  0.000000000   1.0
  0.930555556  0.458333333  0.000000000   1.0
  0.930555556  0.486111111  0.000000000   1.0
  0.930555556  0.513888889  0.000000000   1.0
  0.930555556  0.541666667  0.000000000   1.0
  0.930555556  0.569444445  0.000000000   1.0
  0.930555556  0.597222222  0.000000000   1.0
  0.930555556  0.625000000  0.000000000   1.0
  0.930555556  0.652777778  0.000000000   1.0
  0.930555556  0.680555556  0.000000000   1.0
  0.930555556  0.708333333  0.000000000   1.0
  0.930555556  0.736111111  0.000000000   1.0
  0.930555556  0.763888889  0.000000000   1.0
  0.930555556  0.791666667  0.000000000   1.0
  0.930555556  0.819444445  0.000000000   1.0
  0.930555556  0.847222222  0.000000000   1.0
  0.930555556  0.875000000  0.000000000   1.0
  0.930555556  0.902777778  0.000000000   1.0
  0.930555556  0.930555556  0.000000000   1.0
  0.930555556  0.958333333  0.000000000   1.0
  0.930555556  0.986111111  0.000000000   1.0
  0.958333333  0.013888889  0.000000000   1.0
  0.958333333  0.041666667  0.000000000   1.0
  0.958333333  0.069444445  0.000000000   1.0
  0.958333333  0.097222222  0.000000000   1.0
  0.958333333  0.125000000  0.000000000   1.0
  0.958333333  0.152777778  0.000000000   1.0
  0.958333333  0.180555556  0.000000000   1.0
  0.958333333  0.208333333  0.000000000   1.0
  0.958333333  0.236111111  0.000000000   1.0
  0.958333333  0.263888889  0.000000000   1.0
  0.958333333  0.291666667  0.000000000   1.0
  0.958333333  0.319444445  0.000000000   1.0
  0.958333333  0.347222222  0.000000000   1.0
  0.958333333  0.375000000  0.000000000   1.0
  0.958333333  0.402777778  0.000000000   1.0
  0.958333333  0.430555556  0.000000000   1.0
  0.958333333  0.458333333  0.000000000   1.0
  0.958333333  0.486111111  0.000000000   1.0
  0.958333333  0.513888889  0.000000000   1.0
  0.958333333  0.541666667  0.000000000   1.0
  0.958333333  0.569444445  0.000000000   1.0
  0.958333333  0.597222222  0.000000000   1.0
  0.958333333  0.625000000  0.000000000   1.0
  0.958333333  0.652777778  0.000000000   1.0
  0.958333333  0.680555556  0.000000000   1.0
  0.958333333  0.708333333  0.000000000   1.0
  0.958333333  0.736111111  0.000000000   1.0
  0.958333333  0.763888889  0.000000000   1.0
  0.958333333  0.791666667  0.000000000   1.0
  0.958333333  0.819444445  0.000000000   1.0
  0.958333333  0.847222222  0.000000000   1.0
  0.958333333  0.875000000  0.000000000   1.0
  0.958333333  0.902777778  0.000000000   1.0
  0.958333333  0.930555556  0.000000000   1.0
  0.958333333  0.958333333  0.000000000   1.0
  0.958333333  0.986111111  0.000000000   1.0
  0.986111111  0.013888889  0.000000000   1.0
  0.986111111  0.041666667  0.000000000   1.0
  0.986111111  0.069444445  0.000000000   1.0
  0.986111111  0.097222222  0.000000000   1.0
  0.986111111  0.125000000  0.000000000   1.0
  0.986111111  0.152777778  0.000000000   1.0
  0.986111111  0.180555556  0.000000000   1.0
  0.986111111  0.208333333  0.000000000   1.0
  0.986111111  0.236111111  0.000000000   1.0
  0.986111111  0.263888889  0.000000000   1.0
  0.986111111  0.291666667  0.000000000   1.0
  0.986111111  0.319444445  0.000000000   1.0
  0.986111111  0.347222222  0.000000000   1.0
  0.986111111  0.375000000  0.000000000   1.0
  0.986111111  0.402777778  0.000000000   1.0
  0.986111111  0.430555556  0.000000000   1.0
  0.986111111  0.458333333  0.000000000   1.0
  0.986111111  0.486111111  0.000000000   1.0
  0.986111111  0.513888889  0.000000000   1.0
  0.986111111  0.541666667  0.000000000   1.0
  0.986111111  0.569444445  0.000000000   1.0
  0.986111111  0.597222222  0.000000000   1.0
  0.986111111  0.625000000  0.000000000   1.0
  0.986111111  0.652777778  0.000000000   1.0
  0.986111111  0.680555556  0.000000000   1.0
  0.986111111  0.708333333  0.000000000   1.0
  0.986111111  0.736111111  0.000000000   1.0
  0.986111111  0.763888889  0.000000000   1.0
  0.986111111  0.791666667  0.000000000   1.0
  0.986111111  0.819444445  0.000000000   1.0
  0.986111111  0.847222222  0.000000000   1.0
  0.986111111  0.875000000  0.000000000   1.0
  0.986111111  0.902777778  0.000000000   1.0
  0.986111111  0.930555556  0.000000000   1.0
  0.986111111  0.958333333  0.000000000   1.0
  0.986111111  0.986111111  0.000000000   1.0
