K_POINTS crystal
   78
  0.001000000  0.000000000  0.000000000   1.0
  0.001000000  0.083333333  0.000000000   2.0
  0.001000000  0.166666667  0.000000000   2.0
  0.001000000  0.250000000  0.000000000   2.0
  0.001000000  0.333333333  0.000000000   2.0
  0.001000000  0.416666667  0.000000000   2.0
  0.001000000  0.500000000  0.000000000   2.0
  0.001000000  0.583333333  0.000000000   2.0
  0.001000000  0.666666667  0.000000000   2.0
  0.001000000  0.750000000  0.000000000   2.0
  0.001000000  0.833333333  0.000000000   2.0
  0.001000000  0.916666667  0.000000000   2.0
  0.084333333  0.000000000  0.000000000   1.0
  0.084333333  0.083333333  0.000000000   2.0
  0.084333333  0.166666667  0.000000000   2.0
  0.084333333  0.250000000  0.000000000   2.0
  0.084333333  0.333333333  0.000000000   2.0
  0.084333333  0.416666667  0.000000000   2.0
  0.084333333  0.500000000  0.000000000   2.0
  0.084333333  0.583333333  0.000000000   2.0
  0.084333333  0.666666667  0.000000000   2.0
  0.084333333  0.750000000  0.000000000   2.0
  0.167666667  0.000000000  0.000000000   1.0
  0.167666667  0.083333333  0.000000000   2.0
  0.167666667  0.166666667  0.000000000   2.0
  0.167666667  0.250000000  0.000000000   2.0
  0.167666667  0.333333333  0.000000000   2.0
  0.167666667  0.416666667  0.000000000   2.0
  0.167666667  0.500000000  0.000000000   2.0
  0.167666667  0.583333333  0.000000000   2.0
  0.251000000  0.000000000  0.000000000   1.0
  0.251000000  0.083333333  0.000000000   2.0
  0.251000000  0.166666667  0.000000000   2.0
  0.251000000  0.250000000  0.000000000   2.0
  0.251000000  0.333333333  0.000000000   2.0
  0.251000000  0.416666667  0.000000000   2.0
  0.334333333  0.000000000  0.000000000   1.0
  0.334333333  0.083333333  0.000000000   2.0
  0.334333333  0.166666667  0.000000000   2.0
  0.334333333  0.250000000  0.000000000   2.0
  0.334333333  0.333333333  0.000000000   2.0
  0.417666667  0.000000000  0.000000000   1.0
  0.417666667  0.083333333  0.000000000   2.0
  0.417666667  0.166666667  0.000000000   2.0
  0.417666667  0.250000000  0.000000000   2.0
  0.501000000  0.000000000  0.000000000   1.0
  0.501000000  0.083333333  0.000000000   2.0
  0.501000000  0.166666667  0.000000000   2.0
  0.501000000  0.250000000  0.000000000   2.0
  0.584333333  0.000000000  0.000000000   1.0
  0.584333333  0.083333333  0.000000000   2.0
  0.584333333  0.166666667  0.000000000   2.0
  0.667666667  0.000000000  0.000000000   1.0
  0.667666667  0.083333333  0.000000000   2.0
  0.667666667  0.166666667  0.000000000   2.0
  0.751000000  0.000000000  0.000000000   1.0
  0.751000000  0.083333333  0.000000000   2.0
  0.751000000  0.500000000  0.000000000   2.0
  0.751000000  0.583333333  0.000000000   2.0
  0.751000000  0.666666667  0.000000000   2.0
  0.834333333  0.000000000  0.000000000   1.0
  0.834333333  0.083333333  0.000000000   2.0
  0.834333333  0.333333333  0.000000000   2.0
  0.834333333  0.416666667  0.000000000   2.0
  0.834333333  0.500000000  0.000000000   2.0
  0.834333333  0.583333333  0.000000000   2.0
  0.834333333  0.666666667  0.000000000   2.0
  0.834333333  0.750000000  0.000000000   2.0
  0.917666667  0.000000000  0.000000000   1.0
  0.917666667  0.166666667  0.000000000   2.0
  0.917666667  0.250000000  0.000000000   2.0
  0.917666667  0.333333333  0.000000000   2.0
  0.917666667  0.416666667  0.000000000   2.0
  0.917666667  0.500000000  0.000000000   2.0
  0.917666667  0.583333333  0.000000000   2.0
  0.917666667  0.666666667  0.000000000   2.0
  0.917666667  0.750000000  0.000000000   2.0
  0.917666667  0.833333333  0.000000000   2.0
