k-points are in crystal coordinates
nk(3) =    12   12    1
dk(3) =   0.000000000  0.000000000  0.000000000
dq(3) =   0.001000000  0.000000000  0.000000000

direct lattice vectors
a1 =   1.000000000  0.000000000  0.000000000
a2 =  -0.500000000  0.866025404  0.000000000
a3 =   0.000000000  0.000000000  5.050485000

unit cell volume =  0.437384831E+01

reciprocal lattice vectors
b1 =   6.283185307  3.627598728  0.000000000
b2 =   0.000000000  7.255197457  0.000000000
b3 =   0.000000000  0.000000000  1.244075630

symmetries of the Bravais lattice
 24
Space group 191, symbol P6/mmm               
r01 =     1   0   0     0   1   0     0   0   1      0.000000    0.000000    0.000000
r02 =     1   0   0     0   1   0     0   0  -1      0.000000    0.000000    0.000000
r03 =    -1   0   0    -1   1   0     0   0   1      0.000000    0.000000    0.000000
r04 =    -1   0   0    -1   1   0     0   0  -1      0.000000    0.000000    0.000000
r05 =    -1   1   0     0   1   0     0   0   1      0.000000    0.000000    0.000000
r06 =    -1   1   0     0   1   0     0   0  -1      0.000000    0.000000    0.000000
r07 =     1  -1   0     1   0   0     0   0   1      0.000000    0.000000    0.000000
r08 =     1  -1   0     1   0   0     0   0  -1      0.000000    0.000000    0.000000
r09 =    -1   0   0     0  -1   0     0   0   1      0.000000    0.000000    0.000000
r10 =    -1   0   0     0  -1   0     0   0  -1      0.000000    0.000000    0.000000
r11 =     1   0   0     1  -1   0     0   0   1      0.000000    0.000000    0.000000
r12 =     1   0   0     1  -1   0     0   0  -1      0.000000    0.000000    0.000000
r13 =     1  -1   0     0  -1   0     0   0   1      0.000000    0.000000    0.000000
r14 =     1  -1   0     0  -1   0     0   0  -1      0.000000    0.000000    0.000000
r15 =    -1   1   0    -1   0   0     0   0   1      0.000000    0.000000    0.000000
r16 =    -1   1   0    -1   0   0     0   0  -1      0.000000    0.000000    0.000000
r17 =     0   1   0    -1   1   0     0   0   1      0.000000    0.000000    0.000000
r18 =     0   1   0    -1   1   0     0   0  -1      0.000000    0.000000    0.000000
r19 =     0  -1   0    -1   0   0     0   0   1      0.000000    0.000000    0.000000
r20 =     0  -1   0    -1   0   0     0   0  -1      0.000000    0.000000    0.000000
r21 =     0   1   0     1   0   0     0   0   1      0.000000    0.000000    0.000000
r22 =     0   1   0     1   0   0     0   0  -1      0.000000    0.000000    0.000000
r23 =     0  -1   0     1  -1   0     0   0   1      0.000000    0.000000    0.000000
r24 =     0  -1   0     1  -1   0     0   0  -1      0.000000    0.000000    0.000000

symmetries of the crystal without FFT grid
 12
Space group 187, symbol P-6m2                
r01 =     1   0   0     0   1   0     0   0   1      0.000000    0.000000    0.000000
r02 =     1   0   0     0   1   0     0   0  -1      0.000000    0.000000    0.000000
r03 =    -1   1   0     0   1   0     0   0   1      0.000000    0.000000    0.000000
r04 =    -1   1   0     0   1   0     0   0  -1      0.000000    0.000000    0.000000
r05 =     1   0   0     1  -1   0     0   0   1      0.000000    0.000000    0.000000
r06 =     1   0   0     1  -1   0     0   0  -1      0.000000    0.000000    0.000000
r07 =    -1   1   0    -1   0   0     0   0   1      0.000000    0.000000    0.000000
r08 =    -1   1   0    -1   0   0     0   0  -1      0.000000    0.000000    0.000000
r09 =     0  -1   0    -1   0   0     0   0   1      0.000000    0.000000    0.000000
r10 =     0  -1   0    -1   0   0     0   0  -1      0.000000    0.000000    0.000000
r11 =     0  -1   0     1  -1   0     0   0   1      0.000000    0.000000    0.000000
r12 =     0  -1   0     1  -1   0     0   0  -1      0.000000    0.000000    0.000000

FFT grid:     30    30   150

symmetries of the crystal with FFT grid
 12
Space group 187, symbol P-6m2                
r01 =     1   0   0     0   1   0     0   0   1      0.000000    0.000000    0.000000
r02 =     1   0   0     0   1   0     0   0  -1      0.000000    0.000000    0.000000
r03 =    -1   1   0     0   1   0     0   0   1      0.000000    0.000000    0.000000
r04 =    -1   1   0     0   1   0     0   0  -1      0.000000    0.000000    0.000000
r05 =     1   0   0     1  -1   0     0   0   1      0.000000    0.000000    0.000000
r06 =     1   0   0     1  -1   0     0   0  -1      0.000000    0.000000    0.000000
r07 =    -1   1   0    -1   0   0     0   0   1      0.000000    0.000000    0.000000
r08 =    -1   1   0    -1   0   0     0   0  -1      0.000000    0.000000    0.000000
r09 =     0  -1   0    -1   0   0     0   0   1      0.000000    0.000000    0.000000
r10 =     0  -1   0    -1   0   0     0   0  -1      0.000000    0.000000    0.000000
r11 =     0  -1   0     1  -1   0     0   0   1      0.000000    0.000000    0.000000
r12 =     0  -1   0     1  -1   0     0   0  -1      0.000000    0.000000    0.000000

symmetries that reduce the k-points
r03 =    -1   1   0     0   1   0     0   0   1
r05 =     1   0   0     1  -1   0     0   0   1
r07 =    -1   1   0    -1   0   0     0   0   1
r09 =     0  -1   0    -1   0   0     0   0   1
r11 =     0  -1   0     1  -1   0     0   0   1

symmetries of a subgroup of the q-vector
r01 =     1   0   0     0   1   0     0   0   1
r02 =     1   0   0     0   1   0     0   0  -1
r05 =     1   0   0     1  -1   0     0   0   1
r06 =     1   0   0     1  -1   0     0   0  -1

k-points in the original uniform grid
    144
      1  0.000000000  0.000000000  0.000000000   1.0       0  ---
      2  0.000000000  0.083333333  0.000000000   3.0       0  ---
      3  0.000000000  0.166666667  0.000000000   3.0       0  ---
      4  0.000000000  0.250000000  0.000000000   3.0       0  ---
      5  0.000000000  0.333333333  0.000000000   3.0       0  ---
      6  0.000000000  0.416666667  0.000000000   3.0       0  ---
      7  0.000000000  0.500000000  0.000000000   3.0       0  ---
      8  0.000000000  0.583333333  0.000000000   3.0       0  ---
      9  0.000000000  0.666666667  0.000000000   3.0       0  ---
     10  0.000000000  0.750000000  0.000000000   3.0       0  ---
     11  0.000000000  0.833333333  0.000000000   3.0       0  ---
     12  0.000000000  0.916666667  0.000000000   3.0       0  ---
     13  0.083333333  0.000000000  0.000000000   0.0      12  r09
     14  0.083333333  0.083333333  0.000000000   6.0       0  ---
     15  0.083333333  0.166666667  0.000000000   6.0       0  ---
     16  0.083333333  0.250000000  0.000000000   6.0       0  ---
     17  0.083333333  0.333333333  0.000000000   6.0       0  ---
     18  0.083333333  0.416666667  0.000000000   6.0       0  ---
     19  0.083333333  0.500000000  0.000000000   6.0       0  ---
     20  0.083333333  0.583333333  0.000000000   6.0       0  ---
     21  0.083333333  0.666666667  0.000000000   6.0       0  ---
     22  0.083333333  0.750000000  0.000000000   6.0       0  ---
     23  0.083333333  0.833333333  0.000000000   0.0      14  r07
     24  0.083333333  0.916666667  0.000000000   0.0       2  r05
     25  0.166666667  0.000000000  0.000000000   0.0      11  r09
     26  0.166666667  0.083333333  0.000000000   0.0      22  r11
     27  0.166666667  0.166666667  0.000000000   6.0       0  ---
     28  0.166666667  0.250000000  0.000000000   6.0       0  ---
     29  0.166666667  0.333333333  0.000000000   6.0       0  ---
     30  0.166666667  0.416666667  0.000000000   6.0       0  ---
     31  0.166666667  0.500000000  0.000000000   6.0       0  ---
     32  0.166666667  0.583333333  0.000000000   6.0       0  ---
     33  0.166666667  0.666666667  0.000000000   0.0      27  r07
     34  0.166666667  0.750000000  0.000000000   0.0      15  r07
     35  0.166666667  0.833333333  0.000000000   0.0       3  r05
     36  0.166666667  0.916666667  0.000000000   0.0      14  r05
     37  0.250000000  0.000000000  0.000000000   0.0      10  r09
     38  0.250000000  0.083333333  0.000000000   0.0      21  r11
     39  0.250000000  0.166666667  0.000000000   0.0      32  r11
     40  0.250000000  0.250000000  0.000000000   6.0       0  ---
     41  0.250000000  0.333333333  0.000000000   6.0       0  ---
     42  0.250000000  0.416666667  0.000000000   6.0       0  ---
     43  0.250000000  0.500000000  0.000000000   0.0      40  r07
     44  0.250000000  0.583333333  0.000000000   0.0      28  r07
     45  0.250000000  0.666666667  0.000000000   0.0      16  r07
     46  0.250000000  0.750000000  0.000000000   0.0       4  r05
     47  0.250000000  0.833333333  0.000000000   0.0      15  r05
     48  0.250000000  0.916666667  0.000000000   0.0      22  r05
     49  0.333333333  0.000000000  0.000000000   0.0       9  r09
     50  0.333333333  0.083333333  0.000000000   0.0      20  r11
     51  0.333333333  0.166666667  0.000000000   0.0      31  r11
     52  0.333333333  0.250000000  0.000000000   0.0      42  r11
     53  0.333333333  0.333333333  0.000000000   2.0       0  ---
     54  0.333333333  0.416666667  0.000000000   0.0      41  r07
     55  0.333333333  0.500000000  0.000000000   0.0      29  r07
     56  0.333333333  0.583333333  0.000000000   0.0      17  r07
     57  0.333333333  0.666666667  0.000000000   0.0       5  r05
     58  0.333333333  0.750000000  0.000000000   0.0      16  r05
     59  0.333333333  0.833333333  0.000000000   0.0      27  r05
     60  0.333333333  0.916666667  0.000000000   0.0      21  r05
     61  0.416666667  0.000000000  0.000000000   0.0       8  r09
     62  0.416666667  0.083333333  0.000000000   0.0      19  r11
     63  0.416666667  0.166666667  0.000000000   0.0      30  r11
     64  0.416666667  0.250000000  0.000000000   0.0      41  r07
     65  0.416666667  0.333333333  0.000000000   0.0      42  r07
     66  0.416666667  0.416666667  0.000000000   0.0      30  r07
     67  0.416666667  0.500000000  0.000000000   0.0      18  r07
     68  0.416666667  0.583333333  0.000000000   0.0       6  r05
     69  0.416666667  0.666666667  0.000000000   0.0      17  r05
     70  0.416666667  0.750000000  0.000000000   0.0      28  r05
     71  0.416666667  0.833333333  0.000000000   0.0      32  r05
     72  0.416666667  0.916666667  0.000000000   0.0      20  r05
     73  0.500000000  0.000000000  0.000000000   0.0       7  r09
     74  0.500000000  0.083333333  0.000000000   0.0      18  r07
     75  0.500000000  0.166666667  0.000000000   0.0      29  r07
     76  0.500000000  0.250000000  0.000000000   0.0      40  r07
     77  0.500000000  0.333333333  0.000000000   0.0      31  r07
     78  0.500000000  0.416666667  0.000000000   0.0      19  r07
     79  0.500000000  0.500000000  0.000000000   0.0       7  r03
     80  0.500000000  0.583333333  0.000000000   0.0      18  r03
     81  0.500000000  0.666666667  0.000000000   0.0      29  r03
     82  0.500000000  0.750000000  0.000000000   0.0      40  r03
     83  0.500000000  0.833333333  0.000000000   0.0      31  r03
     84  0.500000000  0.916666667  0.000000000   0.0      19  r03
     85  0.583333333  0.000000000  0.000000000   0.0       6  r03
     86  0.583333333  0.083333333  0.000000000   0.0      17  r03
     87  0.583333333  0.166666667  0.000000000   0.0      28  r03
     88  0.583333333  0.250000000  0.000000000   0.0      32  r03
     89  0.583333333  0.333333333  0.000000000   0.0      20  r03
     90  0.583333333  0.416666667  0.000000000   0.0       8  r03
     91  0.583333333  0.500000000  0.000000000   0.0      19  r03
     92  0.583333333  0.583333333  0.000000000   0.0      30  r03
     93  0.583333333  0.666666667  0.000000000   0.0      41  r03
     94  0.583333333  0.750000000  0.000000000   0.0      42  r03
     95  0.583333333  0.833333333  0.000000000   0.0      30  r03
     96  0.583333333  0.916666667  0.000000000   0.0      18  r03
     97  0.666666667  0.000000000  0.000000000   0.0       5  r03
     98  0.666666667  0.083333333  0.000000000   0.0      16  r03
     99  0.666666667  0.166666667  0.000000000   0.0      27  r03
    100  0.666666667  0.250000000  0.000000000   0.0      21  r03
    101  0.666666667  0.333333333  0.000000000   0.0       9  r03
    102  0.666666667  0.416666667  0.000000000   0.0      20  r03
    103  0.666666667  0.500000000  0.000000000   0.0      31  r03
    104  0.666666667  0.583333333  0.000000000   0.0      42  r03
    105  0.666666667  0.666666667  0.000000000   0.0      53  r03
    106  0.666666667  0.750000000  0.000000000   0.0      41  r03
    107  0.666666667  0.833333333  0.000000000   0.0      29  r03
    108  0.666666667  0.916666667  0.000000000   0.0      17  r03
    109  0.750000000  0.000000000  0.000000000   0.0       4  r03
    110  0.750000000  0.083333333  0.000000000   0.0      15  r03
    111  0.750000000  0.166666667  0.000000000   0.0      22  r03
    112  0.750000000  0.250000000  0.000000000   0.0      10  r03
    113  0.750000000  0.333333333  0.000000000   0.0      21  r03
    114  0.750000000  0.416666667  0.000000000   0.0      32  r03
    115  0.750000000  0.500000000  0.000000000   0.0      40  r03
    116  0.750000000  0.583333333  0.000000000   0.0      41  r03
    117  0.750000000  0.666666667  0.000000000   0.0      42  r03
    118  0.750000000  0.750000000  0.000000000   0.0      40  r03
    119  0.750000000  0.833333333  0.000000000   0.0      28  r03
    120  0.750000000  0.916666667  0.000000000   0.0      16  r03
    121  0.833333333  0.000000000  0.000000000   0.0       3  r03
    122  0.833333333  0.083333333  0.000000000   0.0      14  r03
    123  0.833333333  0.166666667  0.000000000   0.0      11  r03
    124  0.833333333  0.250000000  0.000000000   0.0      22  r03
    125  0.833333333  0.333333333  0.000000000   0.0      27  r03
    126  0.833333333  0.416666667  0.000000000   0.0      28  r03
    127  0.833333333  0.500000000  0.000000000   0.0      29  r03
    128  0.833333333  0.583333333  0.000000000   0.0      30  r03
    129  0.833333333  0.666666667  0.000000000   0.0      31  r03
    130  0.833333333  0.750000000  0.000000000   0.0      32  r03
    131  0.833333333  0.833333333  0.000000000   0.0      27  r03
    132  0.833333333  0.916666667  0.000000000   0.0      15  r03
    133  0.916666667  0.000000000  0.000000000   0.0       2  r03
    134  0.916666667  0.083333333  0.000000000   0.0      12  r03
    135  0.916666667  0.166666667  0.000000000   0.0      14  r03
    136  0.916666667  0.250000000  0.000000000   0.0      15  r03
    137  0.916666667  0.333333333  0.000000000   0.0      16  r03
    138  0.916666667  0.416666667  0.000000000   0.0      17  r03
    139  0.916666667  0.500000000  0.000000000   0.0      18  r03
    140  0.916666667  0.583333333  0.000000000   0.0      19  r03
    141  0.916666667  0.666666667  0.000000000   0.0      20  r03
    142  0.916666667  0.750000000  0.000000000   0.0      21  r03
    143  0.916666667  0.833333333  0.000000000   0.0      22  r03
    144  0.916666667  0.916666667  0.000000000   0.0      14  r03

k-points in the irreducible wedge
     31
      1  0.000000000  0.000000000  0.000000000   1.0       1
      2  0.000000000  0.083333333  0.000000000   3.0       2
      3  0.000000000  0.166666667  0.000000000   3.0       3
      4  0.000000000  0.250000000  0.000000000   3.0       4
      5  0.000000000  0.333333333  0.000000000   3.0       5
      6  0.000000000  0.416666667  0.000000000   3.0       6
      7  0.000000000  0.500000000  0.000000000   3.0       7
      8  0.000000000  0.583333333  0.000000000   3.0       8
      9  0.000000000  0.666666667  0.000000000   3.0       9
     10  0.000000000  0.750000000  0.000000000   3.0      10
     11  0.000000000  0.833333333  0.000000000   3.0      11
     12  0.000000000  0.916666667  0.000000000   3.0      12
     13  0.083333333  0.083333333  0.000000000   6.0      14
     14  0.083333333  0.166666667  0.000000000   6.0      15
     15  0.083333333  0.250000000  0.000000000   6.0      16
     16  0.083333333  0.333333333  0.000000000   6.0      17
     17  0.083333333  0.416666667  0.000000000   6.0      18
     18  0.083333333  0.500000000  0.000000000   6.0      19
     19  0.083333333  0.583333333  0.000000000   6.0      20
     20  0.083333333  0.666666667  0.000000000   6.0      21
     21  0.083333333  0.750000000  0.000000000   6.0      22
     22  0.166666667  0.166666667  0.000000000   6.0      27
     23  0.166666667  0.250000000  0.000000000   6.0      28
     24  0.166666667  0.333333333  0.000000000   6.0      29
     25  0.166666667  0.416666667  0.000000000   6.0      30
     26  0.166666667  0.500000000  0.000000000   6.0      31
     27  0.166666667  0.583333333  0.000000000   6.0      32
     28  0.250000000  0.250000000  0.000000000   6.0      40
     29  0.250000000  0.333333333  0.000000000   6.0      41
     30  0.250000000  0.416666667  0.000000000   6.0      42
     31  0.333333333  0.333333333  0.000000000   2.0      53

k-points in the unfolded Brillouin Zone
    144
      1  0.001000000  0.000000000  0.000000000   1.0
      2  0.001000000  0.083333333  0.000000000   1.0
      3  0.001000000  0.166666667  0.000000000   1.0
      4  0.001000000  0.250000000  0.000000000   1.0
      5  0.001000000  0.333333333  0.000000000   1.0
      6  0.001000000  0.416666667  0.000000000   1.0
      7  0.001000000  0.500000000  0.000000000   1.0
      8  0.001000000  0.583333333  0.000000000   1.0
      9  0.001000000  0.666666667  0.000000000   1.0
     10  0.001000000  0.750000000  0.000000000   1.0
     11  0.001000000  0.833333333  0.000000000   1.0
     12  0.001000000  0.916666667  0.000000000   1.0
     13  0.084333333  0.000000000  0.000000000   1.0
     14  0.084333333  0.083333333  0.000000000   1.0
     15  0.084333333  0.166666667  0.000000000   1.0
     16  0.084333333  0.250000000  0.000000000   1.0
     17  0.084333333  0.333333333  0.000000000   1.0
     18  0.084333333  0.416666667  0.000000000   1.0
     19  0.084333333  0.500000000  0.000000000   1.0
     20  0.084333333  0.583333333  0.000000000   1.0
     21  0.084333333  0.666666667  0.000000000   1.0
     22  0.084333333  0.750000000  0.000000000   1.0
     23  0.084333333  0.833333333  0.000000000   1.0
     24  0.084333333  0.916666667  0.000000000   1.0
     25  0.167666667  0.000000000  0.000000000   1.0
     26  0.167666667  0.083333333  0.000000000   1.0
     27  0.167666667  0.166666667  0.000000000   1.0
     28  0.167666667  0.250000000  0.000000000   1.0
     29  0.167666667  0.333333333  0.000000000   1.0
     30  0.167666667  0.416666667  0.000000000   1.0
     31  0.167666667  0.500000000  0.000000000   1.0
     32  0.167666667  0.583333333  0.000000000   1.0
     33  0.167666667  0.666666667  0.000000000   1.0
     34  0.167666667  0.750000000  0.000000000   1.0
     35  0.167666667  0.833333333  0.000000000   1.0
     36  0.167666667  0.916666667  0.000000000   1.0
     37  0.251000000  0.000000000  0.000000000   1.0
     38  0.251000000  0.083333333  0.000000000   1.0
     39  0.251000000  0.166666667  0.000000000   1.0
     40  0.251000000  0.250000000  0.000000000   1.0
     41  0.251000000  0.333333333  0.000000000   1.0
     42  0.251000000  0.416666667  0.000000000   1.0
     43  0.251000000  0.500000000  0.000000000   1.0
     44  0.251000000  0.583333333  0.000000000   1.0
     45  0.251000000  0.666666667  0.000000000   1.0
     46  0.251000000  0.750000000  0.000000000   1.0
     47  0.251000000  0.833333333  0.000000000   1.0
     48  0.251000000  0.916666667  0.000000000   1.0
     49  0.334333333  0.000000000  0.000000000   1.0
     50  0.334333333  0.083333333  0.000000000   1.0
     51  0.334333333  0.166666667  0.000000000   1.0
     52  0.334333333  0.250000000  0.000000000   1.0
     53  0.334333333  0.333333333  0.000000000   1.0
     54  0.334333333  0.416666667  0.000000000   1.0
     55  0.334333333  0.500000000  0.000000000   1.0
     56  0.334333333  0.583333333  0.000000000   1.0
     57  0.334333333  0.666666667  0.000000000   1.0
     58  0.334333333  0.750000000  0.000000000   1.0
     59  0.334333333  0.833333333  0.000000000   1.0
     60  0.334333333  0.916666667  0.000000000   1.0
     61  0.417666667  0.000000000  0.000000000   1.0
     62  0.417666667  0.083333333  0.000000000   1.0
     63  0.417666667  0.166666667  0.000000000   1.0
     64  0.417666667  0.250000000  0.000000000   1.0
     65  0.417666667  0.333333333  0.000000000   1.0
     66  0.417666667  0.416666667  0.000000000   1.0
     67  0.417666667  0.500000000  0.000000000   1.0
     68  0.417666667  0.583333333  0.000000000   1.0
     69  0.417666667  0.666666667  0.000000000   1.0
     70  0.417666667  0.750000000  0.000000000   1.0
     71  0.417666667  0.833333333  0.000000000   1.0
     72  0.417666667  0.916666667  0.000000000   1.0
     73  0.501000000  0.000000000  0.000000000   1.0
     74  0.501000000  0.083333333  0.000000000   1.0
     75  0.501000000  0.166666667  0.000000000   1.0
     76  0.501000000  0.250000000  0.000000000   1.0
     77  0.501000000  0.333333333  0.000000000   1.0
     78  0.501000000  0.416666667  0.000000000   1.0
     79  0.501000000  0.500000000  0.000000000   1.0
     80  0.501000000  0.583333333  0.000000000   1.0
     81  0.501000000  0.666666667  0.000000000   1.0
     82  0.501000000  0.750000000  0.000000000   1.0
     83  0.501000000  0.833333333  0.000000000   1.0
     84  0.501000000  0.916666667  0.000000000   1.0
     85  0.584333333  0.000000000  0.000000000   1.0
     86  0.584333333  0.083333333  0.000000000   1.0
     87  0.584333333  0.166666667  0.000000000   1.0
     88  0.584333333  0.250000000  0.000000000   1.0
     89  0.584333333  0.333333333  0.000000000   1.0
     90  0.584333333  0.416666667  0.000000000   1.0
     91  0.584333333  0.500000000  0.000000000   1.0
     92  0.584333333  0.583333333  0.000000000   1.0
     93  0.584333333  0.666666667  0.000000000   1.0
     94  0.584333333  0.750000000  0.000000000   1.0
     95  0.584333333  0.833333333  0.000000000   1.0
     96  0.584333333  0.916666667  0.000000000   1.0
     97  0.667666667  0.000000000  0.000000000   1.0
     98  0.667666667  0.083333333  0.000000000   1.0
     99  0.667666667  0.166666667  0.000000000   1.0
    100  0.667666667  0.250000000  0.000000000   1.0
    101  0.667666667  0.333333333  0.000000000   1.0
    102  0.667666667  0.416666667  0.000000000   1.0
    103  0.667666667  0.500000000  0.000000000   1.0
    104  0.667666667  0.583333333  0.000000000   1.0
    105  0.667666667  0.666666667  0.000000000   1.0
    106  0.667666667  0.750000000  0.000000000   1.0
    107  0.667666667  0.833333333  0.000000000   1.0
    108  0.667666667  0.916666667  0.000000000   1.0
    109  0.751000000  0.000000000  0.000000000   1.0
    110  0.751000000  0.083333333  0.000000000   1.0
    111  0.751000000  0.166666667  0.000000000   1.0
    112  0.751000000  0.250000000  0.000000000   1.0
    113  0.751000000  0.333333333  0.000000000   1.0
    114  0.751000000  0.416666667  0.000000000   1.0
    115  0.751000000  0.500000000  0.000000000   1.0
    116  0.751000000  0.583333333  0.000000000   1.0
    117  0.751000000  0.666666667  0.000000000   1.0
    118  0.751000000  0.750000000  0.000000000   1.0
    119  0.751000000  0.833333333  0.000000000   1.0
    120  0.751000000  0.916666667  0.000000000   1.0
    121  0.834333333  0.000000000  0.000000000   1.0
    122  0.834333333  0.083333333  0.000000000   1.0
    123  0.834333333  0.166666667  0.000000000   1.0
    124  0.834333333  0.250000000  0.000000000   1.0
    125  0.834333333  0.333333333  0.000000000   1.0
    126  0.834333333  0.416666667  0.000000000   1.0
    127  0.834333333  0.500000000  0.000000000   1.0
    128  0.834333333  0.583333333  0.000000000   1.0
    129  0.834333333  0.666666667  0.000000000   1.0
    130  0.834333333  0.750000000  0.000000000   1.0
    131  0.834333333  0.833333333  0.000000000   1.0
    132  0.834333333  0.916666667  0.000000000   1.0
    133  0.917666667  0.000000000  0.000000000   1.0
    134  0.917666667  0.083333333  0.000000000   1.0
    135  0.917666667  0.166666667  0.000000000   1.0
    136  0.917666667  0.250000000  0.000000000   1.0
    137  0.917666667  0.333333333  0.000000000   1.0
    138  0.917666667  0.416666667  0.000000000   1.0
    139  0.917666667  0.500000000  0.000000000   1.0
    140  0.917666667  0.583333333  0.000000000   1.0
    141  0.917666667  0.666666667  0.000000000   1.0
    142  0.917666667  0.750000000  0.000000000   1.0
    143  0.917666667  0.833333333  0.000000000   1.0
    144  0.917666667  0.916666667  0.000000000   1.0

k-points folded with the symmetries of a subgroup of the q-vector
     78
      1  0.001000000  0.000000000  0.000000000   1.0
      2  0.001000000  0.083333333  0.000000000   2.0
      3  0.001000000  0.166666667  0.000000000   2.0
      4  0.001000000  0.250000000  0.000000000   2.0
      5  0.001000000  0.333333333  0.000000000   2.0
      6  0.001000000  0.416666667  0.000000000   2.0
      7  0.001000000  0.500000000  0.000000000   2.0
      8  0.001000000  0.583333333  0.000000000   2.0
      9  0.001000000  0.666666667  0.000000000   2.0
     10  0.001000000  0.750000000  0.000000000   2.0
     11  0.001000000  0.833333333  0.000000000   2.0
     12  0.001000000  0.916666667  0.000000000   2.0
     13  0.084333333  0.000000000  0.000000000   1.0
     14  0.084333333  0.083333333  0.000000000   2.0
     15  0.084333333  0.166666667  0.000000000   2.0
     16  0.084333333  0.250000000  0.000000000   2.0
     17  0.084333333  0.333333333  0.000000000   2.0
     18  0.084333333  0.416666667  0.000000000   2.0
     19  0.084333333  0.500000000  0.000000000   2.0
     20  0.084333333  0.583333333  0.000000000   2.0
     21  0.084333333  0.666666667  0.000000000   2.0
     22  0.084333333  0.750000000  0.000000000   2.0
     23  0.167666667  0.000000000  0.000000000   1.0
     24  0.167666667  0.083333333  0.000000000   2.0
     25  0.167666667  0.166666667  0.000000000   2.0
     26  0.167666667  0.250000000  0.000000000   2.0
     27  0.167666667  0.333333333  0.000000000   2.0
     28  0.167666667  0.416666667  0.000000000   2.0
     29  0.167666667  0.500000000  0.000000000   2.0
     30  0.167666667  0.583333333  0.000000000   2.0
     31  0.251000000  0.000000000  0.000000000   1.0
     32  0.251000000  0.083333333  0.000000000   2.0
     33  0.251000000  0.166666667  0.000000000   2.0
     34  0.251000000  0.250000000  0.000000000   2.0
     35  0.251000000  0.333333333  0.000000000   2.0
     36  0.251000000  0.416666667  0.000000000   2.0
     37  0.334333333  0.000000000  0.000000000   1.0
     38  0.334333333  0.083333333  0.000000000   2.0
     39  0.334333333  0.166666667  0.000000000   2.0
     40  0.334333333  0.250000000  0.000000000   2.0
     41  0.334333333  0.333333333  0.000000000   2.0
     42  0.417666667  0.000000000  0.000000000   1.0
     43  0.417666667  0.083333333  0.000000000   2.0
     44  0.417666667  0.166666667  0.000000000   2.0
     45  0.417666667  0.250000000  0.000000000   2.0
     46  0.501000000  0.000000000  0.000000000   1.0
     47  0.501000000  0.083333333  0.000000000   2.0
     48  0.501000000  0.166666667  0.000000000   2.0
     49  0.501000000  0.250000000  0.000000000   2.0
     50  0.584333333  0.000000000  0.000000000   1.0
     51  0.584333333  0.083333333  0.000000000   2.0
     52  0.584333333  0.166666667  0.000000000   2.0
     53  0.667666667  0.000000000  0.000000000   1.0
     54  0.667666667  0.083333333  0.000000000   2.0
     55  0.667666667  0.166666667  0.000000000   2.0
     56  0.751000000  0.000000000  0.000000000   1.0
     57  0.751000000  0.083333333  0.000000000   2.0
     58  0.751000000  0.500000000  0.000000000   2.0
     59  0.751000000  0.583333333  0.000000000   2.0
     60  0.751000000  0.666666667  0.000000000   2.0
     61  0.834333333  0.000000000  0.000000000   1.0
     62  0.834333333  0.083333333  0.000000000   2.0
     63  0.834333333  0.333333333  0.000000000   2.0
     64  0.834333333  0.416666667  0.000000000   2.0
     65  0.834333333  0.500000000  0.000000000   2.0
     66  0.834333333  0.583333333  0.000000000   2.0
     67  0.834333333  0.666666667  0.000000000   2.0
     68  0.834333333  0.750000000  0.000000000   2.0
     69  0.917666667  0.000000000  0.000000000   1.0
     70  0.917666667  0.166666667  0.000000000   2.0
     71  0.917666667  0.250000000  0.000000000   2.0
     72  0.917666667  0.333333333  0.000000000   2.0
     73  0.917666667  0.416666667  0.000000000   2.0
     74  0.917666667  0.500000000  0.000000000   2.0
     75  0.917666667  0.583333333  0.000000000   2.0
     76  0.917666667  0.666666667  0.000000000   2.0
     77  0.917666667  0.750000000  0.000000000   2.0
     78  0.917666667  0.833333333  0.000000000   2.0

