k-points are in crystal coordinates
nk(3) =     3    3    3
dk(3) =   0.500000000  0.500000000  0.500000000
dq(3) =   0.000000000  0.000000000  0.001000000

direct lattice vectors
a1 =   0.000000000  0.500000000  0.500000000
a2 =   0.500000000  0.000000000  0.500000000
a3 =   0.500000000  0.500000000  0.000000000

unit cell volume =  0.250000000E+00

reciprocal lattice vectors
b1 =  -6.283185307  6.283185307  6.283185307
b2 =   6.283185307 -6.283185307  6.283185307
b3 =   6.283185307  6.283185307 -6.283185307

symmetries of the Bravais lattice
 48
Space group 225, symbol Fm-3m                
r01 =     1   0   0     0   1   0     0   0   1      0.000000    0.000000    0.000000
r02 =     1   0   0     0   1   0    -1  -1  -1      0.000000    0.000000    0.000000
r03 =     0  -1   0    -1   0   0     0   0  -1      0.000000    0.000000    0.000000
r04 =     0  -1   0    -1   0   0     1   1   1      0.000000    0.000000    0.000000
r05 =     1   1   1     0  -1   0     0   0  -1      0.000000    0.000000    0.000000
r06 =     0   1   0    -1  -1  -1     1   0   0      0.000000    0.000000    0.000000
r07 =     1   1   1     0  -1   0    -1   0   0      0.000000    0.000000    0.000000
r08 =     0   1   0    -1  -1  -1     0   0   1      0.000000    0.000000    0.000000
r09 =     0   0  -1     1   1   1    -1   0   0      0.000000    0.000000    0.000000
r10 =     0   0  -1     1   1   1     0  -1   0      0.000000    0.000000    0.000000
r11 =    -1  -1  -1     0   0   1     1   0   0      0.000000    0.000000    0.000000
r12 =    -1  -1  -1     0   0   1     0   1   0      0.000000    0.000000    0.000000
r13 =    -1   0   0     0  -1   0     0   0  -1      0.000000    0.000000    0.000000
r14 =     0   1   0     1   0   0     0   0   1      0.000000    0.000000    0.000000
r15 =    -1   0   0     0  -1   0     1   1   1      0.000000    0.000000    0.000000
r16 =     0   1   0     1   0   0    -1  -1  -1      0.000000    0.000000    0.000000
r17 =    -1  -1  -1     0   1   0     0   0   1      0.000000    0.000000    0.000000
r18 =     0  -1   0     1   1   1    -1   0   0      0.000000    0.000000    0.000000
r19 =    -1  -1  -1     0   1   0     1   0   0      0.000000    0.000000    0.000000
r20 =     0  -1   0     1   1   1     0   0  -1      0.000000    0.000000    0.000000
r21 =     0   0   1    -1  -1  -1     1   0   0      0.000000    0.000000    0.000000
r22 =     1   1   1     0   0  -1    -1   0   0      0.000000    0.000000    0.000000
r23 =     0   0   1    -1  -1  -1     0   1   0      0.000000    0.000000    0.000000
r24 =     1   1   1     0   0  -1     0  -1   0      0.000000    0.000000    0.000000
r25 =     0   0  -1     0  -1   0     1   1   1      0.000000    0.000000    0.000000
r26 =     0   0  -1     0  -1   0    -1   0   0      0.000000    0.000000    0.000000
r27 =     0   1   0     0   0   1     1   0   0      0.000000    0.000000    0.000000
r28 =     0   1   0     0   0   1    -1  -1  -1      0.000000    0.000000    0.000000
r29 =     1   0   0    -1  -1  -1     0   1   0      0.000000    0.000000    0.000000
r30 =     1   1   1    -1   0   0     0   0  -1      0.000000    0.000000    0.000000
r31 =     1   0   0    -1  -1  -1     0   0   1      0.000000    0.000000    0.000000
r32 =     1   1   1    -1   0   0     0  -1   0      0.000000    0.000000    0.000000
r33 =     0   0   1     0   1   0     1   0   0      0.000000    0.000000    0.000000
r34 =     0  -1   0     0   0  -1    -1   0   0      0.000000    0.000000    0.000000
r35 =     0   0   1     0   1   0    -1  -1  -1      0.000000    0.000000    0.000000
r36 =     0  -1   0     0   0  -1     1   1   1      0.000000    0.000000    0.000000
r37 =    -1  -1  -1     1   0   0     0   0   1      0.000000    0.000000    0.000000
r38 =    -1   0   0     1   1   1     0   0  -1      0.000000    0.000000    0.000000
r39 =    -1   0   0     1   1   1     0  -1   0      0.000000    0.000000    0.000000
r40 =    -1  -1  -1     1   0   0     0   1   0      0.000000    0.000000    0.000000
r41 =     0   0  -1    -1   0   0     1   1   1      0.000000    0.000000    0.000000
r42 =     1   0   0     0   0   1     0   1   0      0.000000    0.000000    0.000000
r43 =     1   0   0     0   0   1    -1  -1  -1      0.000000    0.000000    0.000000
r44 =     0   0  -1    -1   0   0     0  -1   0      0.000000    0.000000    0.000000
r45 =     0   0   1     1   0   0    -1  -1  -1      0.000000    0.000000    0.000000
r46 =    -1   0   0     0   0  -1     0  -1   0      0.000000    0.000000    0.000000
r47 =    -1   0   0     0   0  -1     1   1   1      0.000000    0.000000    0.000000
r48 =     0   0   1     1   0   0     0   1   0      0.000000    0.000000    0.000000

symmetries of the crystal without FFT grid
 24
Space group 216, symbol F-43m                
r01 =     1   0   0     0   1   0     0   0   1      0.000000    0.000000    0.000000
r02 =     1   0   0     0   1   0    -1  -1  -1      0.000000    0.000000    3.141593
r03 =     0   1   0    -1  -1  -1     1   0   0      0.000000    0.000000    3.141593
r04 =     0   1   0    -1  -1  -1     0   0   1      3.141593    0.000000    0.000000
r05 =    -1  -1  -1     0   0   1     1   0   0      0.000000    3.141593    0.000000
r06 =    -1  -1  -1     0   0   1     0   1   0      3.141593    0.000000    0.000000
r07 =     0   1   0     1   0   0     0   0   1      0.000000    0.000000    0.000000
r08 =     0   1   0     1   0   0    -1  -1  -1      0.000000    0.000000    3.141593
r09 =    -1  -1  -1     0   1   0     0   0   1      3.141593    0.000000    0.000000
r10 =    -1  -1  -1     0   1   0     1   0   0      0.000000    0.000000    3.141593
r11 =     0   0   1    -1  -1  -1     1   0   0      0.000000    3.141593    0.000000
r12 =     0   0   1    -1  -1  -1     0   1   0      3.141593    0.000000    0.000000
r13 =     0   1   0     0   0   1     1   0   0      0.000000    0.000000    0.000000
r14 =     0   1   0     0   0   1    -1  -1  -1      3.141593    0.000000    0.000000
r15 =     1   0   0    -1  -1  -1     0   1   0      0.000000    0.000000    3.141593
r16 =     1   0   0    -1  -1  -1     0   0   1      0.000000    3.141593    0.000000
r17 =     0   0   1     0   1   0     1   0   0      0.000000    0.000000    0.000000
r18 =     0   0   1     0   1   0    -1  -1  -1      3.141593    0.000000    0.000000
r19 =    -1  -1  -1     1   0   0     0   0   1      0.000000    3.141593    0.000000
r20 =    -1  -1  -1     1   0   0     0   1   0      0.000000    0.000000    3.141593
r21 =     1   0   0     0   0   1     0   1   0      0.000000    0.000000    0.000000
r22 =     1   0   0     0   0   1    -1  -1  -1      0.000000    3.141593    0.000000
r23 =     0   0   1     1   0   0    -1  -1  -1      0.000000    3.141593    0.000000
r24 =     0   0   1     1   0   0     0   1   0      0.000000    0.000000    0.000000

FFT grid:     36    36    36

symmetries of the crystal with FFT grid
 24
Space group 216, symbol F-43m                
r01 =     1   0   0     0   1   0     0   0   1      0.000000    0.000000    0.000000
r02 =     1   0   0     0   1   0    -1  -1  -1      0.000000    0.000000    3.141593
r03 =     0   1   0    -1  -1  -1     1   0   0      0.000000    0.000000    3.141593
r04 =     0   1   0    -1  -1  -1     0   0   1      3.141593    0.000000    0.000000
r05 =    -1  -1  -1     0   0   1     1   0   0      0.000000    3.141593    0.000000
r06 =    -1  -1  -1     0   0   1     0   1   0      3.141593    0.000000    0.000000
r07 =     0   1   0     1   0   0     0   0   1      0.000000    0.000000    0.000000
r08 =     0   1   0     1   0   0    -1  -1  -1      0.000000    0.000000    3.141593
r09 =    -1  -1  -1     0   1   0     0   0   1      3.141593    0.000000    0.000000
r10 =    -1  -1  -1     0   1   0     1   0   0      0.000000    0.000000    3.141593
r11 =     0   0   1    -1  -1  -1     1   0   0      0.000000    3.141593    0.000000
r12 =     0   0   1    -1  -1  -1     0   1   0      3.141593    0.000000    0.000000
r13 =     0   1   0     0   0   1     1   0   0      0.000000    0.000000    0.000000
r14 =     0   1   0     0   0   1    -1  -1  -1      3.141593    0.000000    0.000000
r15 =     1   0   0    -1  -1  -1     0   1   0      0.000000    0.000000    3.141593
r16 =     1   0   0    -1  -1  -1     0   0   1      0.000000    3.141593    0.000000
r17 =     0   0   1     0   1   0     1   0   0      0.000000    0.000000    0.000000
r18 =     0   0   1     0   1   0    -1  -1  -1      3.141593    0.000000    0.000000
r19 =    -1  -1  -1     1   0   0     0   0   1      0.000000    3.141593    0.000000
r20 =    -1  -1  -1     1   0   0     0   1   0      0.000000    0.000000    3.141593
r21 =     1   0   0     0   0   1     0   1   0      0.000000    0.000000    0.000000
r22 =     1   0   0     0   0   1    -1  -1  -1      0.000000    3.141593    0.000000
r23 =     0   0   1     1   0   0    -1  -1  -1      0.000000    3.141593    0.000000
r24 =     0   0   1     1   0   0     0   1   0      0.000000    0.000000    0.000000

symmetries that reduce the k-points
r07 =     0   1   0     1   0   0     0   0   1
r13 =     0   1   0     0   0   1     1   0   0
r21 =     1   0   0     0   0   1     0   1   0

symmetries of a subgroup of the q-vector
r01 =     1   0   0     0   1   0     0   0   1
r04 =     0   1   0    -1  -1  -1     0   0   1
r07 =     0   1   0     1   0   0     0   0   1
r09 =    -1  -1  -1     0   1   0     0   0   1
r16 =     1   0   0    -1  -1  -1     0   0   1
r19 =    -1  -1  -1     1   0   0     0   0   1

k-points in the original uniform grid
     27
      1  0.166666667  0.166666667  0.166666667   1.0       0  ---
      2  0.166666667  0.166666667  0.500000000   3.0       0  ---
      3  0.166666667  0.166666667  0.833333333   3.0       0  ---
      4  0.166666667  0.500000000  0.166666667   0.0       2  r13
      5  0.166666667  0.500000000  0.500000000   3.0       0  ---
      6  0.166666667  0.500000000  0.833333333   6.0       0  ---
      7  0.166666667  0.833333333  0.166666667   0.0       3  r13
      8  0.166666667  0.833333333  0.500000000   0.0       6  r21
      9  0.166666667  0.833333333  0.833333333   3.0       0  ---
     10  0.500000000  0.166666667  0.166666667   0.0       2  r07
     11  0.500000000  0.166666667  0.500000000   0.0       5  r07
     12  0.500000000  0.166666667  0.833333333   0.0       6  r07
     13  0.500000000  0.500000000  0.166666667   0.0       5  r13
     14  0.500000000  0.500000000  0.500000000   1.0       0  ---
     15  0.500000000  0.500000000  0.833333333   3.0       0  ---
     16  0.500000000  0.833333333  0.166666667   0.0       6  r13
     17  0.500000000  0.833333333  0.500000000   0.0      15  r13
     18  0.500000000  0.833333333  0.833333333   3.0       0  ---
     19  0.833333333  0.166666667  0.166666667   0.0       3  r07
     20  0.833333333  0.166666667  0.500000000   0.0       6  r07
     21  0.833333333  0.166666667  0.833333333   0.0       9  r07
     22  0.833333333  0.500000000  0.166666667   0.0       6  r07
     23  0.833333333  0.500000000  0.500000000   0.0      15  r07
     24  0.833333333  0.500000000  0.833333333   0.0      18  r07
     25  0.833333333  0.833333333  0.166666667   0.0       9  r13
     26  0.833333333  0.833333333  0.500000000   0.0      18  r13
     27  0.833333333  0.833333333  0.833333333   1.0       0  ---

k-points in the irreducible wedge
     10
      1  0.166666667  0.166666667  0.166666667   1.0       1
      2  0.166666667  0.166666667  0.500000000   3.0       2
      3  0.166666667  0.166666667  0.833333333   3.0       3
      4  0.166666667  0.500000000  0.500000000   3.0       5
      5  0.166666667  0.500000000  0.833333333   6.0       6
      6  0.166666667  0.833333333  0.833333333   3.0       9
      7  0.500000000  0.500000000  0.500000000   1.0      14
      8  0.500000000  0.500000000  0.833333333   3.0      15
      9  0.500000000  0.833333333  0.833333333   3.0      18
     10  0.833333333  0.833333333  0.833333333   1.0      27

k-points in the unfolded Brillouin Zone
    108
      1  0.000000000  0.000000000  0.167666667   1.0
      2  0.000000000  0.000000000  0.501000000   1.0
      3  0.000000000  0.000000000  0.834333333   1.0
      4  0.000000000  0.166666667  0.001000000   1.0
      5  0.000000000  0.166666667  0.334333333   1.0
      6  0.000000000  0.166666667  0.667666667   1.0
      7  0.000000000  0.333333333  0.167666667   1.0
      8  0.000000000  0.333333333  0.501000000   1.0
      9  0.000000000  0.333333333  0.834333333   1.0
     10  0.000000000  0.500000000  0.001000000   1.0
     11  0.000000000  0.500000000  0.334333333   1.0
     12  0.000000000  0.500000000  0.667666667   1.0
     13  0.000000000  0.666666667  0.167666667   1.0
     14  0.000000000  0.666666667  0.501000000   1.0
     15  0.000000000  0.666666667  0.834333333   1.0
     16  0.000000000  0.833333333  0.001000000   1.0
     17  0.000000000  0.833333333  0.334333333   1.0
     18  0.000000000  0.833333333  0.667666667   1.0
     19  0.166666667  0.000000000  0.001000000   1.0
     20  0.166666667  0.000000000  0.334333333   1.0
     21  0.166666667  0.000000000  0.667666667   1.0
     22  0.166666667  0.166666667  0.167666667   1.0
     23  0.166666667  0.166666667  0.501000000   1.0
     24  0.166666667  0.166666667  0.834333333   1.0
     25  0.166666667  0.333333333  0.001000000   1.0
     26  0.166666667  0.333333333  0.334333333   1.0
     27  0.166666667  0.333333333  0.667666667   1.0
     28  0.166666667  0.500000000  0.167666667   1.0
     29  0.166666667  0.500000000  0.501000000   1.0
     30  0.166666667  0.500000000  0.834333333   1.0
     31  0.166666667  0.666666667  0.001000000   1.0
     32  0.166666667  0.666666667  0.334333333   1.0
     33  0.166666667  0.666666667  0.667666667   1.0
     34  0.166666667  0.833333333  0.167666667   1.0
     35  0.166666667  0.833333333  0.501000000   1.0
     36  0.166666667  0.833333333  0.834333333   1.0
     37  0.333333333  0.000000000  0.167666667   1.0
     38  0.333333333  0.000000000  0.501000000   1.0
     39  0.333333333  0.000000000  0.834333333   1.0
     40  0.333333333  0.166666667  0.001000000   1.0
     41  0.333333333  0.166666667  0.334333333   1.0
     42  0.333333333  0.166666667  0.667666667   1.0
     43  0.333333333  0.333333333  0.167666667   1.0
     44  0.333333333  0.333333333  0.501000000   1.0
     45  0.333333333  0.333333333  0.834333333   1.0
     46  0.333333333  0.500000000  0.001000000   1.0
     47  0.333333333  0.500000000  0.334333333   1.0
     48  0.333333333  0.500000000  0.667666667   1.0
     49  0.333333333  0.666666667  0.167666667   1.0
     50  0.333333333  0.666666667  0.501000000   1.0
     51  0.333333333  0.666666667  0.834333333   1.0
     52  0.333333333  0.833333333  0.001000000   1.0
     53  0.333333333  0.833333333  0.334333333   1.0
     54  0.333333333  0.833333333  0.667666667   1.0
     55  0.500000000  0.000000000  0.001000000   1.0
     56  0.500000000  0.000000000  0.334333333   1.0
     57  0.500000000  0.000000000  0.667666667   1.0
     58  0.500000000  0.166666667  0.167666667   1.0
     59  0.500000000  0.166666667  0.501000000   1.0
     60  0.500000000  0.166666667  0.834333333   1.0
     61  0.500000000  0.333333333  0.001000000   1.0
     62  0.500000000  0.333333333  0.334333333   1.0
     63  0.500000000  0.333333333  0.667666667   1.0
     64  0.500000000  0.500000000  0.167666667   1.0
     65  0.500000000  0.500000000  0.501000000   1.0
     66  0.500000000  0.500000000  0.834333333   1.0
     67  0.500000000  0.666666667  0.001000000   1.0
     68  0.500000000  0.666666667  0.334333333   1.0
     69  0.500000000  0.666666667  0.667666667   1.0
     70  0.500000000  0.833333333  0.167666667   1.0
     71  0.500000000  0.833333333  0.501000000   1.0
     72  0.500000000  0.833333333  0.834333333   1.0
     73  0.666666667  0.000000000  0.167666667   1.0
     74  0.666666667  0.000000000  0.501000000   1.0
     75  0.666666667  0.000000000  0.834333333   1.0
     76  0.666666667  0.166666667  0.001000000   1.0
     77  0.666666667  0.166666667  0.334333333   1.0
     78  0.666666667  0.166666667  0.667666667   1.0
     79  0.666666667  0.333333333  0.167666667   1.0
     80  0.666666667  0.333333333  0.501000000   1.0
     81  0.666666667  0.333333333  0.834333333   1.0
     82  0.666666667  0.500000000  0.001000000   1.0
     83  0.666666667  0.500000000  0.334333333   1.0
     84  0.666666667  0.500000000  0.667666667   1.0
     85  0.666666667  0.666666667  0.167666667   1.0
     86  0.666666667  0.666666667  0.501000000   1.0
     87  0.666666667  0.666666667  0.834333333   1.0
     88  0.666666667  0.833333333  0.001000000   1.0
     89  0.666666667  0.833333333  0.334333333   1.0
     90  0.666666667  0.833333333  0.667666667   1.0
     91  0.833333333  0.000000000  0.001000000   1.0
     92  0.833333333  0.000000000  0.334333333   1.0
     93  0.833333333  0.000000000  0.667666667   1.0
     94  0.833333333  0.166666667  0.167666667   1.0
     95  0.833333333  0.166666667  0.501000000   1.0
     96  0.833333333  0.166666667  0.834333333   1.0
     97  0.833333333  0.333333333  0.001000000   1.0
     98  0.833333333  0.333333333  0.334333333   1.0
     99  0.833333333  0.333333333  0.667666667   1.0
    100  0.833333333  0.500000000  0.167666667   1.0
    101  0.833333333  0.500000000  0.501000000   1.0
    102  0.833333333  0.500000000  0.834333333   1.0
    103  0.833333333  0.666666667  0.001000000   1.0
    104  0.833333333  0.666666667  0.334333333   1.0
    105  0.833333333  0.666666667  0.667666667   1.0
    106  0.833333333  0.833333333  0.167666667   1.0
    107  0.833333333  0.833333333  0.501000000   1.0
    108  0.833333333  0.833333333  0.834333333   1.0

k-points folded with the symmetries of a subgroup of the q-vector
     28
      1  0.000000000  0.000000000  0.167666667   1.0
      2  0.000000000  0.000000000  0.501000000   1.0
      3  0.000000000  0.000000000  0.834333333   1.0
      4  0.000000000  0.166666667  0.334333333   3.0
      5  0.000000000  0.166666667  0.667666667   3.0
      6  0.000000000  0.500000000  0.667666667   3.0
      7  0.166666667  0.166666667  0.167666667   3.0
      8  0.166666667  0.166666667  0.501000000   3.0
      9  0.166666667  0.166666667  0.834333333   3.0
     10  0.166666667  0.500000000  0.501000000   6.0
     11  0.166666667  0.500000000  0.834333333   6.0
     12  0.166666667  0.833333333  0.834333333   6.0
     13  0.333333333  0.000000000  0.167666667   3.0
     14  0.333333333  0.333333333  0.167666667   3.0
     15  0.333333333  0.500000000  0.001000000   6.0
     16  0.333333333  0.500000000  0.667666667   6.0
     17  0.333333333  0.666666667  0.167666667   6.0
     18  0.333333333  0.833333333  0.001000000   6.0
     19  0.500000000  0.500000000  0.501000000   3.0
     20  0.500000000  0.500000000  0.834333333   3.0
     21  0.500000000  0.833333333  0.834333333   6.0
     22  0.666666667  0.000000000  0.167666667   3.0
     23  0.666666667  0.000000000  0.501000000   3.0
     24  0.666666667  0.666666667  0.167666667   3.0
     25  0.666666667  0.666666667  0.501000000   3.0
     26  0.666666667  0.833333333  0.001000000   6.0
     27  0.666666667  0.833333333  0.334333333   6.0
     28  0.833333333  0.833333333  0.834333333   3.0

