K_POINTS crystal
   28
  0.000000000  0.000000000  0.167666667   1.0
  0.000000000  0.000000000  0.501000000   1.0
  0.000000000  0.000000000  0.834333333   1.0
  0.000000000  0.166666667  0.334333333   3.0
  0.000000000  0.166666667  0.667666667   3.0
  0.000000000  0.500000000  0.667666667   3.0
  0.166666667  0.166666667  0.167666667   3.0
  0.166666667  0.166666667  0.501000000   3.0
  0.166666667  0.166666667  0.834333333   3.0
  0.166666667  0.500000000  0.501000000   6.0
  0.166666667  0.500000000  0.834333333   6.0
  0.166666667  0.833333333  0.834333333   6.0
  0.333333333  0.000000000  0.167666667   3.0
  0.333333333  0.333333333  0.167666667   3.0
  0.333333333  0.500000000  0.001000000   6.0
  0.333333333  0.500000000  0.667666667   6.0
  0.333333333  0.666666667  0.167666667   6.0
  0.333333333  0.833333333  0.001000000   6.0
  0.500000000  0.500000000  0.501000000   3.0
  0.500000000  0.500000000  0.834333333   3.0
  0.500000000  0.833333333  0.834333333   6.0
  0.666666667  0.000000000  0.167666667   3.0
  0.666666667  0.000000000  0.501000000   3.0
  0.666666667  0.666666667  0.167666667   3.0
  0.666666667  0.666666667  0.501000000   3.0
  0.666666667  0.833333333  0.001000000   6.0
  0.666666667  0.833333333  0.334333333   6.0
  0.833333333  0.833333333  0.834333333   3.0
