 Output -> wfn.complex
 Total number of kpoints found=         435
 Working on kpoint #           1
 Working on kpoint #           2
 Working on kpoint #           3
 Working on kpoint #           4
 Working on kpoint #           5
 Working on kpoint #           6
 Working on kpoint #           7
 Working on kpoint #           8
 Working on kpoint #           9
 Working on kpoint #          10
 Working on kpoint #          11
 Working on kpoint #          12
 Working on kpoint #          13
 Working on kpoint #          14
 Working on kpoint #          15
 Working on kpoint #          16
 Working on kpoint #          17
 Working on kpoint #          18
 Working on kpoint #          19
 Working on kpoint #          20
 Working on kpoint #          21
 Working on kpoint #          22
 Working on kpoint #          23
 Working on kpoint #          24
 Working on kpoint #          25
 Working on kpoint #          26
 Working on kpoint #          27
 Working on kpoint #          28
 Working on kpoint #          29
 Working on kpoint #          30
 Working on kpoint #          31
 Working on kpoint #          32
 Working on kpoint #          33
 Working on kpoint #          34
 Working on kpoint #          35
 Working on kpoint #          36
 Working on kpoint #          37
 Working on kpoint #          38
 Working on kpoint #          39
 Working on kpoint #          40
 Working on kpoint #          41
 Working on kpoint #          42
 Working on kpoint #          43
 Working on kpoint #          44
 Working on kpoint #          45
 Working on kpoint #          46
 Working on kpoint #          47
 Working on kpoint #          48
 Working on kpoint #          49
 Working on kpoint #          50
 Working on kpoint #          51
 Working on kpoint #          52
 Working on kpoint #          53
 Working on kpoint #          54
 Working on kpoint #          55
 Working on kpoint #          56
 Working on kpoint #          57
 Working on kpoint #          58
 Working on kpoint #          59
 Working on kpoint #          60
 Working on kpoint #          61
 Working on kpoint #          62
 Working on kpoint #          63
 Working on kpoint #          64
 Working on kpoint #          65
 Working on kpoint #          66
 Working on kpoint #          67
 Working on kpoint #          68
 Working on kpoint #          69
 Working on kpoint #          70
 Working on kpoint #          71
 Working on kpoint #          72
 Working on kpoint #          73
 Working on kpoint #          74
 Working on kpoint #          75
 Working on kpoint #          76
 Working on kpoint #          77
 Working on kpoint #          78
 Working on kpoint #          79
 Working on kpoint #          80
 Working on kpoint #          81
 Working on kpoint #          82
 Working on kpoint #          83
 Working on kpoint #          84
 Working on kpoint #          85
 Working on kpoint #          86
 Working on kpoint #          87
 Working on kpoint #          88
 Working on kpoint #          89
 Working on kpoint #          90
 Working on kpoint #          91
 Working on kpoint #          92
 Working on kpoint #          93
 Working on kpoint #          94
 Working on kpoint #          95
 Working on kpoint #          96
 Working on kpoint #          97
 Working on kpoint #          98
 Working on kpoint #          99
 Working on kpoint #         100
 Working on kpoint #         101
 Working on kpoint #         102
 Working on kpoint #         103
 Working on kpoint #         104
 Working on kpoint #         105
 Working on kpoint #         106
 Working on kpoint #         107
 Working on kpoint #         108
 Working on kpoint #         109
 Working on kpoint #         110
 Working on kpoint #         111
 Working on kpoint #         112
 Working on kpoint #         113
 Working on kpoint #         114
 Working on kpoint #         115
 Working on kpoint #         116
 Working on kpoint #         117
 Working on kpoint #         118
 Working on kpoint #         119
 Working on kpoint #         120
 Working on kpoint #         121
 Working on kpoint #         122
 Working on kpoint #         123
 Working on kpoint #         124
 Working on kpoint #         125
 Working on kpoint #         126
 Working on kpoint #         127
 Working on kpoint #         128
 Working on kpoint #         129
 Working on kpoint #         130
 Working on kpoint #         131
 Working on kpoint #         132
 Working on kpoint #         133
 Working on kpoint #         134
 Working on kpoint #         135
 Working on kpoint #         136
 Working on kpoint #         137
 Working on kpoint #         138
 Working on kpoint #         139
 Working on kpoint #         140
 Working on kpoint #         141
 Working on kpoint #         142
 Working on kpoint #         143
 Working on kpoint #         144
 Working on kpoint #         145
 Working on kpoint #         146
 Working on kpoint #         147
 Working on kpoint #         148
 Working on kpoint #         149
 Working on kpoint #         150
 Working on kpoint #         151
 Working on kpoint #         152
 Working on kpoint #         153
 Working on kpoint #         154
 Working on kpoint #         155
 Working on kpoint #         156
 Working on kpoint #         157
 Working on kpoint #         158
 Working on kpoint #         159
 Working on kpoint #         160
 Working on kpoint #         161
 Working on kpoint #         162
 Working on kpoint #         163
 Working on kpoint #         164
 Working on kpoint #         165
 Working on kpoint #         166
 Working on kpoint #         167
 Working on kpoint #         168
 Working on kpoint #         169
 Working on kpoint #         170
 Working on kpoint #         171
 Working on kpoint #         172
 Working on kpoint #         173
 Working on kpoint #         174
 Working on kpoint #         175
 Working on kpoint #         176
 Working on kpoint #         177
 Working on kpoint #         178
 Working on kpoint #         179
 Working on kpoint #         180
 Working on kpoint #         181
 Working on kpoint #         182
 Working on kpoint #         183
 Working on kpoint #         184
 Working on kpoint #         185
 Working on kpoint #         186
 Working on kpoint #         187
 Working on kpoint #         188
 Working on kpoint #         189
 Working on kpoint #         190
 Working on kpoint #         191
 Working on kpoint #         192
 Working on kpoint #         193
 Working on kpoint #         194
 Working on kpoint #         195
 Working on kpoint #         196
 Working on kpoint #         197
 Working on kpoint #         198
 Working on kpoint #         199
 Working on kpoint #         200
 Working on kpoint #         201
 Working on kpoint #         202
 Working on kpoint #         203
 Working on kpoint #         204
 Working on kpoint #         205
 Working on kpoint #         206
 Working on kpoint #         207
 Working on kpoint #         208
 Working on kpoint #         209
 Working on kpoint #         210
 Working on kpoint #         211
 Working on kpoint #         212
 Working on kpoint #         213
 Working on kpoint #         214
 Working on kpoint #         215
 Working on kpoint #         216
 Working on kpoint #         217
 Working on kpoint #         218
 Working on kpoint #         219
 Working on kpoint #         220
 Working on kpoint #         221
 Working on kpoint #         222
 Working on kpoint #         223
 Working on kpoint #         224
 Working on kpoint #         225
 Working on kpoint #         226
 Working on kpoint #         227
 Working on kpoint #         228
 Working on kpoint #         229
 Working on kpoint #         230
 Working on kpoint #         231
 Working on kpoint #         232
 Working on kpoint #         233
 Working on kpoint #         234
 Working on kpoint #         235
 Working on kpoint #         236
 Working on kpoint #         237
 Working on kpoint #         238
 Working on kpoint #         239
 Working on kpoint #         240
 Working on kpoint #         241
 Working on kpoint #         242
 Working on kpoint #         243
 Working on kpoint #         244
 Working on kpoint #         245
 Working on kpoint #         246
 Working on kpoint #         247
 Working on kpoint #         248
 Working on kpoint #         249
 Working on kpoint #         250
 Working on kpoint #         251
 Working on kpoint #         252
 Working on kpoint #         253
 Working on kpoint #         254
 Working on kpoint #         255
 Working on kpoint #         256
 Working on kpoint #         257
 Working on kpoint #         258
 Working on kpoint #         259
 Working on kpoint #         260
 Working on kpoint #         261
 Working on kpoint #         262
 Working on kpoint #         263
 Working on kpoint #         264
 Working on kpoint #         265
 Working on kpoint #         266
 Working on kpoint #         267
 Working on kpoint #         268
 Working on kpoint #         269
 Working on kpoint #         270
 Working on kpoint #         271
 Working on kpoint #         272
 Working on kpoint #         273
 Working on kpoint #         274
 Working on kpoint #         275
 Working on kpoint #         276
 Working on kpoint #         277
 Working on kpoint #         278
 Working on kpoint #         279
 Working on kpoint #         280
 Working on kpoint #         281
 Working on kpoint #         282
 Working on kpoint #         283
 Working on kpoint #         284
 Working on kpoint #         285
 Working on kpoint #         286
 Working on kpoint #         287
 Working on kpoint #         288
 Working on kpoint #         289
 Working on kpoint #         290
 Working on kpoint #         291
 Working on kpoint #         292
 Working on kpoint #         293
 Working on kpoint #         294
 Working on kpoint #         295
 Working on kpoint #         296
 Working on kpoint #         297
 Working on kpoint #         298
 Working on kpoint #         299
 Working on kpoint #         300
 Working on kpoint #         301
 Working on kpoint #         302
 Working on kpoint #         303
 Working on kpoint #         304
 Working on kpoint #         305
 Working on kpoint #         306
 Working on kpoint #         307
 Working on kpoint #         308
 Working on kpoint #         309
 Working on kpoint #         310
 Working on kpoint #         311
 Working on kpoint #         312
 Working on kpoint #         313
 Working on kpoint #         314
 Working on kpoint #         315
 Working on kpoint #         316
 Working on kpoint #         317
 Working on kpoint #         318
 Working on kpoint #         319
 Working on kpoint #         320
 Working on kpoint #         321
 Working on kpoint #         322
 Working on kpoint #         323
 Working on kpoint #         324
 Working on kpoint #         325
 Working on kpoint #         326
 Working on kpoint #         327
 Working on kpoint #         328
 Working on kpoint #         329
 Working on kpoint #         330
 Working on kpoint #         331
 Working on kpoint #         332
 Working on kpoint #         333
 Working on kpoint #         334
 Working on kpoint #         335
 Working on kpoint #         336
 Working on kpoint #         337
 Working on kpoint #         338
 Working on kpoint #         339
 Working on kpoint #         340
 Working on kpoint #         341
 Working on kpoint #         342
 Working on kpoint #         343
 Working on kpoint #         344
 Working on kpoint #         345
 Working on kpoint #         346
 Working on kpoint #         347
 Working on kpoint #         348
 Working on kpoint #         349
 Working on kpoint #         350
 Working on kpoint #         351
 Working on kpoint #         352
 Working on kpoint #         353
 Working on kpoint #         354
 Working on kpoint #         355
 Working on kpoint #         356
 Working on kpoint #         357
 Working on kpoint #         358
 Working on kpoint #         359
 Working on kpoint #         360
 Working on kpoint #         361
 Working on kpoint #         362
 Working on kpoint #         363
 Working on kpoint #         364
 Working on kpoint #         365
 Working on kpoint #         366
 Working on kpoint #         367
 Working on kpoint #         368
 Working on kpoint #         369
 Working on kpoint #         370
 Working on kpoint #         371
 Working on kpoint #         372
 Working on kpoint #         373
 Working on kpoint #         374
 Working on kpoint #         375
 Working on kpoint #         376
 Working on kpoint #         377
 Working on kpoint #         378
 Working on kpoint #         379
 Working on kpoint #         380
 Working on kpoint #         381
 Working on kpoint #         382
 Working on kpoint #         383
 Working on kpoint #         384
 Working on kpoint #         385
 Working on kpoint #         386
 Working on kpoint #         387
 Working on kpoint #         388
 Working on kpoint #         389
 Working on kpoint #         390
 Working on kpoint #         391
 Working on kpoint #         392
 Working on kpoint #         393
 Working on kpoint #         394
 Working on kpoint #         395
 Working on kpoint #         396
 Working on kpoint #         397
 Working on kpoint #         398
 Working on kpoint #         399
 Working on kpoint #         400
 Working on kpoint #         401
 Working on kpoint #         402
 Working on kpoint #         403
 Working on kpoint #         404
 Working on kpoint #         405
 Working on kpoint #         406
 Working on kpoint #         407
 Working on kpoint #         408
 Working on kpoint #         409
 Working on kpoint #         410
 Working on kpoint #         411
 Working on kpoint #         412
 Working on kpoint #         413
 Working on kpoint #         414
 Working on kpoint #         415
 Working on kpoint #         416
 Working on kpoint #         417
 Working on kpoint #         418
 Working on kpoint #         419
 Working on kpoint #         420
 Working on kpoint #         421
 Working on kpoint #         422
 Working on kpoint #         423
 Working on kpoint #         424
 Working on kpoint #         425
 Working on kpoint #         426
 Working on kpoint #         427
 Working on kpoint #         428
 Working on kpoint #         429
 Working on kpoint #         430
 Working on kpoint #         431
 Working on kpoint #         432
 Working on kpoint #         433
 Working on kpoint #         434
 Working on kpoint #         435
Application 2756926 resources: utime ~125s, stime ~57s, Rss ~30764, inblocks ~31744537, outblocks ~31712646
