
     Program PW2BGW v.5.0.2 (svn rev. 9656) starts on 26Jun2013 at 22:35:59 

     This program is part of the open-source Quantum ESPRESSO suite
     for quantum simulation of materials; please cite
         "P. Giannozzi et al., J. Phys.:Condens. Matter 21 395502 (2009);
          URL http://www.quantum-espresso.org", 
     in publications or presentations arising from this work. More details at
     http://www.quantum-espresso.org/quote.php

     Parallel version (MPI), running on   120 processors
     K-points division:     npool     =      15
     R & G space division:  proc/nbgrp/npool/nimage =       8

   Info: using nr1, nr2, nr3 values from input

   Info: using nr1s, nr2s, nr3s values from input

     IMPORTANT: XC functional enforced from input :
     Exchange-correlation      = SLA+PW ( 1 4 0 0 0)
     EXX-fraction              =        0.00
     Any further DFT definition will be discarded
     Please, verify this is what you really want

 
     Parallelization info
     --------------------
     sticks:   dense  smooth     PW     G-vecs:    dense   smooth      PW
     Min         519     519    140                43359    43359    6062
     Max         520     520    141                43366    43366    6067
     Sum        4153    4153   1123               346889   346889   48515
 

     Check: negative/imaginary core charge=   -0.000103    0.000000

     NLCC is present

     call write_vxc_g
     done write_vxc_g

 
     write_vxc_g  :      1.91s CPU      1.99s WALL (       1 calls)
 
     PW2BGW       :     4.62s CPU         5.27s WALL

 
   This run was terminated on:  22:36: 5  26Jun2013            

=------------------------------------------------------------------------------=
   JOB DONE.
=------------------------------------------------------------------------------=
Application 2755683 resources: utime ~690s, stime ~29s, Rss ~34876, inblocks ~1533006, outblocks ~375481
