
 BerkeleyGW trunk revision 7044
 Epsilon code, Complex version, run on 28-Jun-2016 at 21:47:45 -0700

 Running MPI version (parallel)
 Running with 24 MPI task(s)
 Computing the static inverse dielectric matrix

 We are using matrix communication scheme

 We are communicating via MPI

 We are using a truncated Coulomb interaction: Cell Box

 Highest occupied band (unshifted grid) = 5
 Valence max    (unshifted grid) = -8.555236 eV
 Conduction min (unshifted grid) = -1.640096 eV
 Middle energy  (unshifted grid) = -5.097666 eV
 Fermi  energy  (unshifted grid) = -5.097666 eV

 Running with 1 valence pools
 Number of conduction bands per processor: 21
 Number of valence bands per processor: 5

 Memory available: 2562.0 MB per PE
 Memory required for execution: 35.3 MB per PE
 Memory required for vcoul: 5.6 MB per PE

 Cell Volume = 0.231463523E+04

 Number of electrons per unit cell (from ifmax) = 10.000000
 Number of electrons per unit cell (from occupations) = 10.000000
 Plasma Frequency = .466008 Ry

 - Screened Coulomb cutoff: 10.000 Ry
 - Total number of bands: 499
 - Number of q-points: 1

 Scissors parameters:
 - Valence:    es =   0.0000 eV, e0 =   0.0000 eV, edel =   0.0000
 - Conduction: es =   0.0000 eV, e0 =   0.0000 eV, edel =   0.0000


     q= 0.0000 0.0000 0.0000  nmtx=    1237  nrk=  1

           independent matrix elements of chi       spin index= 1 1

          g          g**2          gp          gp**2          chi(g,gp)
    0    0    0   0.00000         0    0    0   0.00000       -0.0000000000   0.0000000000
    0    0    0   0.00000        -1    0    0   0.22562       -0.0000000000  -0.0000000000
    0    0    0   0.00000         0   -1    0   0.22562       -0.0000000000  -0.0000000000
    0    0    0   0.00000         0    0   -1   0.22562       -0.0000000000  -0.0000000000
    0    0    0   0.00000         0    0    1   0.22562        0.0000000000   0.0000000000
    0    0    0   0.00000         0    1    0   0.22562        0.0000000000   0.0000000000
    0    0    0   0.00000         1    0    0   0.22562        0.0000000000   0.0000000000
    0    0    0   0.00000        -1   -1    0   0.45123        0.0000000000  -0.0000000000
    0    0    0   0.00000        -1    0   -1   0.45123       -0.0000000000  -0.0000000000
    0    0    0   0.00000        -1    0    1   0.45123       -0.0000000000   0.0000000000
    0    0    0   0.00000        -1    1    0   0.45123       -0.0000000000   0.0000000000
    0    0    0   0.00000         0   -1   -1   0.45123       -0.0000000000  -0.0000000000
    0    0    0   0.00000         0   -1    1   0.45123        0.0000000000  -0.0000000000
    0    0    0   0.00000         0    1   -1   0.45123       -0.0000000000   0.0000000000
    0    0    0   0.00000         0    1    1   0.45123        0.0000000000   0.0000000000
    0    0    0   0.00000         1   -1    0   0.45123       -0.0000000000  -0.0000000000
    0    0    0   0.00000         1    0   -1   0.45123       -0.0000000000   0.0000000000
    0    0    0   0.00000         1    0    1   0.45123        0.0000000000   0.0000000000
    0    0    0   0.00000         1    1    0   0.45123        0.0000000000   0.0000000000
    0    0    0   0.00000        -1   -1   -1   0.67685        0.0000000000  -0.0000000000
    0    0    0   0.00000        -1   -1    1   0.67685        0.0000000000  -0.0000000000
    0    0    0   0.00000        -1    1   -1   0.67685       -0.0000000000  -0.0000000000
    0    0    0   0.00000        -1    1    1   0.67685       -0.0000000000   0.0000000000
    0    0    0   0.00000         1   -1   -1   0.67685       -0.0000000000  -0.0000000000
    0    0    0   0.00000         1   -1    1   0.67685        0.0000000000  -0.0000000000
    0    0    0   0.00000         1    1   -1   0.67685        0.0000000000   0.0000000000
    0    0    0   0.00000         1    1    1   0.67685        0.0000000000   0.0000000000
    0    0    0   0.00000        -2    0    0   0.90247       -0.0000000000  -0.0000000000
    0    0    0   0.00000         0   -2    0   0.90247       -0.0000000000  -0.0000000000
    0    0    0   0.00000         0    0   -2   0.90247       -0.0000000000  -0.0000000000
    0    0    0   0.00000         0    0    2   0.90247        0.0000000000   0.0000000000
    0    0    0   0.00000         0    2    0   0.90247        0.0000000000   0.0000000000
    0    0    0   0.00000         0    2    3   2.93302        0.0000000000   0.0000000000
    0    0    0   0.00000         0    3   -2   2.93302        0.0000000000   0.0000000000
    0    0    0   0.00000         0    3    2   2.93302        0.0000000000   0.0000000000
    0    0    0   0.00000         2   -3    0   2.93302       -0.0000000000  -0.0000000000
    0    0    0   0.00000         2    0   -3   2.93302       -0.0000000000   0.0000000000
    0    0    0   0.00000         2    0    3   2.93302        0.0000000000   0.0000000000
    0    0    0   0.00000         2    3    0   2.93302        0.0000000000   0.0000000000
    0    0    0   0.00000         3   -2    0   2.93302       -0.0000000000   0.0000000000
    0    0    0   0.00000         3    0   -2   2.93302        0.0000000000   0.0000000000
    0    0    0   0.00000         3    0    2   2.93302        0.0000000000   0.0000000000
    0    0    0   0.00000         3    2    0   2.93302        0.0000000000   0.0000000000
    0    0    0   0.00000        -3   -2   -1   3.15863        0.0000000000   0.0000000000
    0    0    0   0.00000        -3   -2    1   3.15863       -0.0000000000  -0.0000000000
    0    0    0   0.00000        -3   -1   -2   3.15863       -0.0000000000   0.0000000000
    0    0    0   0.00000        -3   -1    2   3.15863       -0.0000000000  -0.0000000000
    0    0    0   0.00000        -3    1   -2   3.15863       -0.0000000000  -0.0000000000
    0    0    0   0.00000        -3    1    2   3.15863       -0.0000000000  -0.0000000000
    0    0    0   0.00000        -3    2   -1   3.15863       -0.0000000000  -0.0000000000
    0    0    0   0.00000        -3    2    1   3.15863       -0.0000000000  -0.0000000000
    0    0    0   0.00000        -2   -3   -1   3.15863        0.0000000000  -0.0000000000
    0    0    0   0.00000        -2   -3    1   3.15863        0.0000000000  -0.0000000000
    0    0    0   0.00000        -2   -1   -3   3.15863        0.0000000000  -0.0000000000
    0    0    0   0.00000        -2   -1    3   3.15863       -0.0000000000  -0.0000000000
    0    0    0   0.00000        -2    1   -3   3.15863       -0.0000000000  -0.0000000000
    0    0    0   0.00000        -2    1    3   3.15863       -0.0000000000  -0.0000000000
    0    0    0   0.00000        -2    3   -1   3.15863       -0.0000000000  -0.0000000000
    0    0    0   0.00000        -2    3    1   3.15863       -0.0000000000   0.0000000000
    0    0    0   0.00000        -1   -3   -2   3.15863        0.0000000000  -0.0000000000
    0    0    0   0.00000        -1   -3    2   3.15863        0.0000000000  -0.0000000000
    0    0    0   0.00000        -1   -2   -3   3.15863        0.0000000000  -0.0000000000
    0    0    0   0.00000        -1   -2    3   3.15863       -0.0000000000  -0.0000000000
    0    0    0   0.00000        -1    2   -3   3.15863       -0.0000000000  -0.0000000000
    0    0    0   0.00000         2    4    0   4.51234        0.0000000000   0.0000000000
    0    0    0   0.00000         4   -2    0   4.51234       -0.0000000000   0.0000000000
    0    0    0   0.00000         4    0   -2   4.51234        0.0000000000   0.0000000000
    0    0    0   0.00000         4    0    2   4.51234       -0.0000000000   0.0000000000
    0    0    0   0.00000         4    2    0   4.51234        0.0000000000  -0.0000000000
    0    0    0   0.00000        -4   -2   -1   4.73795       -0.0000000000   0.0000000000
    0    0    0   0.00000        -4   -2    1   4.73795       -0.0000000000   0.0000000000
    0    0    0   0.00000        -4   -1   -2   4.73795       -0.0000000000   0.0000000000
    0    0    0   0.00000        -4   -1    2   4.73795       -0.0000000000  -0.0000000000
    0    0    0   0.00000        -4    1   -2   4.73795       -0.0000000000  -0.0000000000
    0    0    0   0.00000        -4    1    2   4.73795       -0.0000000000  -0.0000000000
    0    0    0   0.00000        -4    2   -1   4.73795       -0.0000000000  -0.0000000000
    0    0    0   0.00000        -4    2    1   4.73795       -0.0000000000  -0.0000000000
    0    0    0   0.00000        -2   -4   -1   4.73795        0.0000000000   0.0000000000
    0    0    0   0.00000        -2   -4    1   4.73795        0.0000000000  -0.0000000000
    0    0    0   0.00000        -2   -1   -4   4.73795        0.0000000000  -0.0000000000
    0    0    0   0.00000        -2   -1    4   4.73795       -0.0000000000  -0.0000000000
    0    0    0   0.00000        -2    1   -4   4.73795       -0.0000000000  -0.0000000000
    0    0    0   0.00000        -2    1    4   4.73795       -0.0000000000  -0.0000000000
    0    0    0   0.00000        -2    4   -1   4.73795       -0.0000000000   0.0000000000
    0    0    0   0.00000        -2    4    1   4.73795       -0.0000000000   0.0000000000
    0    0    0   0.00000        -1   -4   -2   4.73795        0.0000000000  -0.0000000000
    0    0    0   0.00000        -1   -4    2   4.73795        0.0000000000  -0.0000000000
    0    0    0   0.00000        -1   -2   -4   4.73795        0.0000000000  -0.0000000000
    0    0    0   0.00000        -1   -2    4   4.73795       -0.0000000000  -0.0000000000
    0    0    0   0.00000        -1    2   -4   4.73795       -0.0000000000  -0.0000000000
    0    0    0   0.00000        -1    2    4   4.73795       -0.0000000000   0.0000000000
    0    0    0   0.00000        -1    4   -2   4.73795       -0.0000000000   0.0000000000
    0    0    0   0.00000        -1    4    2   4.73795       -0.0000000000   0.0000000000
    0    0    0   0.00000         1   -4   -2   4.73795       -0.0000000000  -0.0000000000
    0    0    0   0.00000         1   -4    2   4.73795        0.0000000000  -0.0000000000
    0    0    0   0.00000         1   -2   -4   4.73795       -0.0000000000  -0.0000000000
    0    0    0   0.00000         4   -3    1   5.86604        0.0000000000   0.0000000000
    0    0    0   0.00000         4   -1   -3   5.86604       -0.0000000000   0.0000000000
    0    0    0   0.00000         4   -1    3   5.86604        0.0000000000   0.0000000000
    0    0    0   0.00000         4    1   -3   5.86604        0.0000000000   0.0000000000
    0    0    0   0.00000         4    1    3   5.86604       -0.0000000000  -0.0000000000
    0    0    0   0.00000         4    3   -1   5.86604        0.0000000000  -0.0000000000
    0    0    0   0.00000         4    3    1   5.86604        0.0000000000  -0.0000000000
    0    0    0   0.00000         5   -1    0   5.86604       -0.0000000000   0.0000000000
    0    0    0   0.00000         5    0   -1   5.86604       -0.0000000000   0.0000000000
    0    0    0   0.00000         5    0    1   5.86604       -0.0000000000   0.0000000000
    0    0    0   0.00000         5    1    0   5.86604       -0.0000000000   0.0000000000
    0    0    0   0.00000        -5   -1   -1   6.09165       -0.0000000000   0.0000000000
    0    0    0   0.00000        -5   -1    1   6.09165       -0.0000000000   0.0000000000
    0    0    0   0.00000        -5    1   -1   6.09165       -0.0000000000  -0.0000000000
    0    0    0   0.00000        -5    1    1   6.09165       -0.0000000000  -0.0000000000
    0    0    0   0.00000        -3   -3   -3   6.09165        0.0000000000   0.0000000000
    0    0    0   0.00000        -3   -3    3   6.09165       -0.0000000000  -0.0000000000
    0    0    0   0.00000        -3    3   -3   6.09165       -0.0000000000  -0.0000000000
    0    0    0   0.00000        -3    3    3   6.09165       -0.0000000000  -0.0000000000
    0    0    0   0.00000        -1   -5   -1   6.09165        0.0000000000  -0.0000000000
    0    0    0   0.00000        -1   -5    1   6.09165        0.0000000000  -0.0000000000
    0    0    0   0.00000        -1   -1   -5   6.09165        0.0000000000  -0.0000000000
    0    0    0   0.00000        -1   -1    5   6.09165       -0.0000000000  -0.0000000000
    0    0    0   0.00000        -1    1   -5   6.09165       -0.0000000000  -0.0000000000
    0    0    0   0.00000        -1    1    5   6.09165       -0.0000000000   0.0000000000
    0    0    0   0.00000        -1    5   -1   6.09165       -0.0000000000   0.0000000000
    0    0    0   0.00000        -1    5    1   6.09165       -0.0000000000   0.0000000000
    0    0    0   0.00000         1   -5   -1   6.09165       -0.0000000000  -0.0000000000
    0    0    0   0.00000         1   -5    1   6.09165       -0.0000000000  -0.0000000000
    0    0    0   0.00000         1   -1   -5   6.09165       -0.0000000000  -0.0000000000
    0    0    0   0.00000         1   -1    5   6.09165        0.0000000000   0.0000000000
    0    0    0   0.00000         1    1   -5   6.09165        0.0000000000  -0.0000000000
    0    0    0   0.00000        -2    2    5   7.44535       -0.0000000000   0.0000000000
    0    0    0   0.00000        -2    5   -2   7.44535       -0.0000000000  -0.0000000000
    0    0    0   0.00000        -2    5    2   7.44535       -0.0000000000   0.0000000000
    0    0    0   0.00000        -1   -4   -4   7.44535        0.0000000000  -0.0000000000
    0    0    0   0.00000        -1   -4    4   7.44535        0.0000000000  -0.0000000000
    0    0    0   0.00000        -1    4   -4   7.44535       -0.0000000000  -0.0000000000
    0    0    0   0.00000        -1    4    4   7.44535       -0.0000000000   0.0000000000
    0    0    0   0.00000         1   -4   -4   7.44535       -0.0000000000  -0.0000000000
    0    0    0   0.00000         1   -4    4   7.44535        0.0000000000   0.0000000000
    0    0    0   0.00000         1    4   -4   7.44535        0.0000000000   0.0000000000
    0    0    0   0.00000         1    4    4   7.44535        0.0000000000   0.0000000000
    0    0    0   0.00000         2   -5   -2   7.44535       -0.0000000000  -0.0000000000
    0    0    0   0.00000         2   -5    2   7.44535        0.0000000000   0.0000000000
    0    0    0   0.00000         2   -2   -5   7.44535       -0.0000000000  -0.0000000000
    0    0    0   0.00000         2   -2    5   7.44535        0.0000000000   0.0000000000
    0    0    0   0.00000         2    2   -5   7.44535        0.0000000000   0.0000000000
    0    0    0   0.00000         2    2    5   7.44535        0.0000000000   0.0000000000
    0    0    0   0.00000         2    5   -2   7.44535        0.0000000000   0.0000000000
    0    0    0   0.00000         2    5    2   7.44535        0.0000000000  -0.0000000000
    0    0    0   0.00000         4   -4   -1   7.44535       -0.0000000000   0.0000000000
    0    0    0   0.00000         4   -4    1   7.44535        0.0000000000   0.0000000000
    0    0    0   0.00000         4   -1   -4   7.44535       -0.0000000000   0.0000000000
    0    0    0   0.00000         4   -1    4   7.44535        0.0000000000   0.0000000000
    0    0    0   0.00000         4    1   -4   7.44535        0.0000000000   0.0000000000
    0    0    0   0.00000         4    1    4   7.44535       -0.0000000000  -0.0000000000
    0    0    0   0.00000         4    4   -1   7.44535        0.0000000000  -0.0000000000
    0    0    0   0.00000         4    4    1   7.44535        0.0000000000  -0.0000000000
    0    0    0   0.00000         5   -2   -2   7.44535        0.0000000000   0.0000000000
    0    0    0   0.00000         5   -2    2   7.44535       -0.0000000000   0.0000000000
    0    0    0   0.00000         5    2   -2   7.44535       -0.0000000000   0.0000000000
    0    0    0   0.00000         5    2    2   7.44535       -0.0000000000  -0.0000000000
    0    0    0   0.00000        -5   -3    0   7.67097       -0.0000000000   0.0000000000
    0    0    0   0.00000        -5    3    2   8.57344        0.0000000000  -0.0000000000
    0    0    0   0.00000        -3   -5   -2   8.57344        0.0000000000   0.0000000000
    0    0    0   0.00000        -3   -5    2   8.57344       -0.0000000000   0.0000000000
    0    0    0   0.00000        -3   -2   -5   8.57344        0.0000000000   0.0000000000
    0    0    0   0.00000        -3   -2    5   8.57344       -0.0000000000  -0.0000000000
    0    0    0   0.00000        -3    2   -5   8.57344       -0.0000000000  -0.0000000000
    0    0    0   0.00000        -3    2    5   8.57344       -0.0000000000  -0.0000000000
    0    0    0   0.00000        -3    5   -2   8.57344       -0.0000000000  -0.0000000000
    0    0    0   0.00000        -3    5    2   8.57344       -0.0000000000   0.0000000000
    0    0    0   0.00000        -2   -5   -3   8.57344        0.0000000000   0.0000000000
    0    0    0   0.00000        -2   -5    3   8.57344       -0.0000000000  -0.0000000000
    0    0    0   0.00000        -2   -3   -5   8.57344        0.0000000000   0.0000000000
    0    0    0   0.00000        -2   -3    5   8.57344       -0.0000000000  -0.0000000000
    0    0    0   0.00000        -2    3   -5   8.57344       -0.0000000000  -0.0000000000
    0    0    0   0.00000        -2    3    5   8.57344       -0.0000000000   0.0000000000
    0    0    0   0.00000        -2    5   -3   8.57344       -0.0000000000  -0.0000000000
    0    0    0   0.00000        -2    5    3   8.57344       -0.0000000000   0.0000000000
    0    0    0   0.00000        -1   -6   -1   8.57344        0.0000000000  -0.0000000000
    0    0    0   0.00000        -1   -6    1   8.57344        0.0000000000  -0.0000000000
    0    0    0   0.00000        -1   -1   -6   8.57344       -0.0000000000  -0.0000000000
    0    0    0   0.00000        -1   -1    6   8.57344       -0.0000000000  -0.0000000000
    0    0    0   0.00000        -1    1   -6   8.57344       -0.0000000000  -0.0000000000
    0    0    0   0.00000        -1    1    6   8.57344       -0.0000000000   0.0000000000
    0    0    0   0.00000        -1    6   -1   8.57344       -0.0000000000   0.0000000000
    0    0    0   0.00000        -1    6    1   8.57344       -0.0000000000   0.0000000000
    0    0    0   0.00000         1   -6   -1   8.57344       -0.0000000000  -0.0000000000
    0    0    0   0.00000         1   -6    1   8.57344       -0.0000000000  -0.0000000000
    0    0    0   0.00000         1   -1   -6   8.57344       -0.0000000000  -0.0000000000
    0    0    0   0.00000         1   -1    6   8.57344        0.0000000000   0.0000000000
    0    0    0   0.00000         1    1   -6   8.57344        0.0000000000  -0.0000000000
    0    0    0   0.00000         1    1    6   8.57344        0.0000000000   0.0000000000
    0    0    0   0.00000         1    6   -1   8.57344        0.0000000000   0.0000000000
    0    0    0   0.00000        -4   -1    5   9.47590       -0.0000000000  -0.0000000000
    0    0    0   0.00000        -4    1   -5   9.47590       -0.0000000000  -0.0000000000
    0    0    0   0.00000        -4    1    5   9.47590       -0.0000000000  -0.0000000000
    0    0    0   0.00000        -4    5   -1   9.47590       -0.0000000000  -0.0000000000
    0    0    0   0.00000        -4    5    1   9.47590        0.0000000000  -0.0000000000
    0    0    0   0.00000        -1   -5   -4   9.47590        0.0000000000  -0.0000000000
    0    0    0   0.00000        -1   -5    4   9.47590        0.0000000000  -0.0000000000
    0    0    0   0.00000        -1   -4   -5   9.47590        0.0000000000  -0.0000000000
    0    0    0   0.00000        -1   -4    5   9.47590        0.0000000000  -0.0000000000
    0    0    0   0.00000        -1    4   -5   9.47590       -0.0000000000  -0.0000000000
    0    0    0   0.00000        -1    4    5   9.47590       -0.0000000000   0.0000000000
    0    0    0   0.00000        -1    5   -4   9.47590       -0.0000000000  -0.0000000000
    0    0    0   0.00000        -1    5    4   9.47590       -0.0000000000   0.0000000000
    0    0    0   0.00000         1   -5   -4   9.47590       -0.0000000000  -0.0000000000
    0    0    0   0.00000         1   -5    4   9.47590        0.0000000000   0.0000000000
    0    0    0   0.00000         1   -4   -5   9.47590       -0.0000000000  -0.0000000000
    0    0    0   0.00000         1   -4    5   9.47590        0.0000000000   0.0000000000
    0    0    0   0.00000         1    4   -5   9.47590        0.0000000000   0.0000000000
    0    0    0   0.00000         1    4    5   9.47590        0.0000000000   0.0000000000
    0    0    0   0.00000         1    5   -4   9.47590        0.0000000000   0.0000000000
    0    0    0   0.00000         1    5    4   9.47590        0.0000000000   0.0000000000
    0    0    0   0.00000         4   -5   -1   9.47590        0.0000000000   0.0000000000
    0    0    0   0.00000         4   -5    1   9.47590        0.0000000000   0.0000000000
    0    0    0   0.00000         4   -1   -5   9.47590        0.0000000000   0.0000000000
    0    0    0   0.00000         4   -1    5   9.47590        0.0000000000   0.0000000000
    0    0    0   0.00000         4    1   -5   9.47590        0.0000000000   0.0000000000
    0    0    0   0.00000         4    1    5   9.47590       -0.0000000000  -0.0000000000
    0    0    0   0.00000         4    5   -1   9.47590        0.0000000000  -0.0000000000
    0    0    0   0.00000         4    5    1   9.47590       -0.0000000000  -0.0000000000
    0    0    0   0.00000         5   -4   -1   9.47590        0.0000000000   0.0000000000
    0    0    0   0.00000         5   -4    1   9.47590        0.0000000000   0.0000000000
    0    0    0   0.00000         5   -1   -4   9.47590        0.0000000000   0.0000000000
   -1    0    0   0.22562        -1    0    0   0.22562       -0.0012281931   0.0000000000
    0   -1    0   0.22562         0   -1    0   0.22562       -0.0007944445   0.0000000000
    0    0   -1   0.22562         0    0   -1   0.22562       -0.0007944445   0.0000000000
    0    0    1   0.22562         0    0    1   0.22562       -0.0007944445   0.0000000000
    0    1    0   0.22562         0    1    0   0.22562       -0.0007944445   0.0000000000
    1    0    0   0.22562         1    0    0   0.22562       -0.0012281931   0.0000000000
   -1   -1    0   0.45123        -1   -1    0   0.45123       -0.0017069542   0.0000000000
   -1    0   -1   0.45123        -1    0   -1   0.45123       -0.0017069543   0.0000000000
   -1    0    1   0.45123        -1    0    1   0.45123       -0.0017069542   0.0000000000
   -1    1    0   0.45123        -1    1    0   0.45123       -0.0017069543   0.0000000000
    0   -1   -1   0.45123         0   -1   -1   0.45123       -0.0013335750   0.0000000000
    0   -1    1   0.45123         0   -1    1   0.45123       -0.0013335750   0.0000000000
    0    1   -1   0.45123         0    1   -1   0.45123       -0.0013335750   0.0000000000
    0    1    1   0.45123         0    1    1   0.45123       -0.0013335750   0.0000000000
    1   -1    0   0.45123         1   -1    0   0.45123       -0.0017069543   0.0000000000
    1    0   -1   0.45123         1    0   -1   0.45123       -0.0017069542   0.0000000000
    1    0    1   0.45123         1    0    1   0.45123       -0.0017069543   0.0000000000
    1    1    0   0.45123         1    1    0   0.45123       -0.0017069542   0.0000000000
   -1   -1   -1   0.67685        -1   -1   -1   0.67685       -0.0020181887   0.0000000000
   -1   -1    1   0.67685        -1   -1    1   0.67685       -0.0020181887   0.0000000000
   -1    1   -1   0.67685        -1    1   -1   0.67685       -0.0020181887   0.0000000000
   -1    1    1   0.67685        -1    1    1   0.67685       -0.0020181887   0.0000000000
    1   -1   -1   0.67685         1   -1   -1   0.67685       -0.0020181887   0.0000000000
    1   -1    1   0.67685         1   -1    1   0.67685       -0.0020181887   0.0000000000
    1    1   -1   0.67685         1    1   -1   0.67685       -0.0020181887   0.0000000000
    1    1    1   0.67685         1    1    1   0.67685       -0.0020181887   0.0000000000
   -2    0    0   0.90247        -2    0    0   0.90247       -0.0029235970   0.0000000000
    0   -2    0   0.90247         0   -2    0   0.90247       -0.0019371783   0.0000000000
    0    0   -2   0.90247         0    0   -2   0.90247       -0.0019371783   0.0000000000
    0    0    2   0.90247         0    0    2   0.90247       -0.0019371783   0.0000000000
    0    2    0   0.90247         0    2    0   0.90247       -0.0019371783   0.0000000000
   -1    0   -3   2.25617         0    2    3   2.93302        0.0001639119  -0.0002349524
   -1    0    3   2.25617         0    3   -2   2.93302        0.0000215819  -0.0001986129
   -1    3    0   2.25617         0    3    2   2.93302       -0.0011181098   0.0001454007
    0   -3   -1   2.25617         2   -3    0   2.93302       -0.0003962661   0.0001884943
    0   -3    1   2.25617         2    0   -3   2.93302       -0.0000669307  -0.0002619323
    0   -1   -3   2.25617         2    0    3   2.93302        0.0000187244  -0.0003726336
    0   -1    3   2.25617         2    3    0   2.93302       -0.0000669307  -0.0002619323
    0    1   -3   2.25617         3   -2    0   2.93302        0.0000263827  -0.0003201191
    0    1    3   2.25617         3    0   -2   2.93302       -0.0000967007  -0.0003928964
    0    3   -1   2.25617         3    0    2   2.93302        0.0000263827  -0.0003201191
    0    3    1   2.25617         3    2    0   2.93302        0.0003614226  -0.0000940052
    1   -3    0   2.25617        -3   -2   -1   3.15863        0.0008728454   0.0002034596
    1    0   -3   2.25617        -3   -2    1   3.15863        0.0002822116   0.0002222686
    1    0    3   2.25617        -3   -1   -2   3.15863        0.0001904247   0.0001992168
    1    3    0   2.25617        -3   -1    2   3.15863        0.0002822116   0.0002222686
    3   -1    0   2.25617        -3    1   -2   3.15863        0.0010142861  -0.0002166125
    3    0   -1   2.25617        -3    1    2   3.15863        0.0009968959  -0.0002585328
    3    0    1   2.25617        -3    2   -1   3.15863        0.0010142861  -0.0002166125
    3    1    0   2.25617        -3    2    1   3.15863        0.0011040550  -0.0001034512
   -3   -1   -1   2.48178        -2   -3   -1   3.15863       -0.0014781750  -0.0000055130
   -3   -1    1   2.48178        -2   -3    1   3.15863       -0.0014781749  -0.0000055130
   -3    1   -1   2.48178        -2   -1   -3   3.15863       -0.0011494225  -0.0000764499
   -3    1    1   2.48178        -2   -1    3   3.15863       -0.0011494225  -0.0000764499
   -1   -3   -1   2.48178        -2    1   -3   3.15863       -0.0003934109   0.0000904947
   -1   -3    1   2.48178        -2    1    3   3.15863       -0.0003934109   0.0000904947
   -1   -1   -3   2.48178        -2    3   -1   3.15863       -0.0003938304   0.0000903310
   -1   -1    3   2.48178        -2    3    1   3.15863       -0.0003938304   0.0000903310
   -1    1   -3   2.48178        -1   -3   -2   3.15863       -0.0005918753  -0.0000079087
   -1    1    3   2.48178        -1   -3    2   3.15863       -0.0005918753  -0.0000079087
   -1    3   -1   2.48178        -1   -2   -3   3.15863       -0.0001998492  -0.0000102118
   -1    3    1   2.48178        -1   -2    3   3.15863       -0.0001998492  -0.0000102118
    1   -3   -1   2.48178        -1    2   -3   3.15863       -0.0000324367   0.0002416331
    4    0    0   3.60987         2    4    0   4.51234       -0.0003725262   0.0002191953
   -4   -1    0   3.83548         4   -2    0   4.51234        0.0004928872   0.0003454225
   -4    0   -1   3.83548         4    0   -2   4.51234        0.0004928872   0.0003454225
   -4    0    1   3.83548         4    0    2   4.51234        0.0004928872   0.0003454225
   -4    1    0   3.83548         4    2    0   4.51234        0.0004928872   0.0003454225
   -3   -2   -2   3.83548        -4   -2   -1   4.73795       -0.0015054587  -0.0000023877
   -3   -2    2   3.83548        -4   -2    1   4.73795       -0.0015054587  -0.0000023877
   -3    2   -2   3.83548        -4   -1   -2   4.73795       -0.0009478723   0.0000748535
   -3    2    2   3.83548        -4   -1    2   4.73795       -0.0009478723   0.0000748535
   -2   -3   -2   3.83548        -4    1   -2   4.73795       -0.0003256057   0.0001741035
   -2   -3    2   3.83548        -4    1    2   4.73795       -0.0003256057   0.0001741035
   -2   -2   -3   3.83548        -4    2   -1   4.73795       -0.0003049481   0.0002027967
   -2   -2    3   3.83548        -4    2    1   4.73795       -0.0003049481   0.0002027967
   -2    2   -3   3.83548        -2   -4   -1   4.73795       -0.0001689890  -0.0000073084
   -2    2    3   3.83548        -2   -4    1   4.73795       -0.0001689890  -0.0000073084
   -2    3   -2   3.83548        -2   -1   -4   4.73795       -0.0004958715  -0.0000058864
   -2    3    2   3.83548        -2   -1    4   4.73795       -0.0004958714  -0.0000058864
   -1   -4    0   3.83548        -2    1   -4   4.73795       -0.0001088816   0.0000978080
   -1    0   -4   3.83548        -2    1    4   4.73795       -0.0000328355   0.0001427975
   -1    0    4   3.83548        -2    4   -1   4.73795       -0.0001088816   0.0000978080
   -1    4    0   3.83548        -2    4    1   4.73795       -0.0012900183  -0.0000784275
    0   -4   -1   3.83548        -1   -4   -2   4.73795       -0.0011911610  -0.0000879892
    0   -4    1   3.83548        -1   -4    2   4.73795       -0.0011911610  -0.0000879892
    0   -1   -4   3.83548        -1   -2   -4   4.73795       -0.0011911610  -0.0000879892
    0   -1    4   3.83548        -1   -2    4   4.73795       -0.0011911610  -0.0000879892
    0    1   -4   3.83548        -1    2   -4   4.73795       -0.0011911610  -0.0000879892
    0    1    4   3.83548        -1    2    4   4.73795       -0.0011911610  -0.0000879891
    0    4   -1   3.83548        -1    4   -2   4.73795       -0.0011911610  -0.0000879892
    0    4    1   3.83548        -1    4    2   4.73795       -0.0011911610  -0.0000879892
    1   -4    0   3.83548         1   -4   -2   4.73795       -0.0013189469   0.0000064290
    1    0   -4   3.83548         1   -4    2   4.73795       -0.0000383499   0.0000053711
    1    0    4   3.83548         1   -2   -4   4.73795        0.0001042224   0.0000117240
    2    4    0   4.51234         4   -3    1   5.86604       -0.0002538572  -0.0002392544
    4   -2    0   4.51234         4   -1   -3   5.86604       -0.0009222721   0.0000005402
    4    0   -2   4.51234         4   -1    3   5.86604       -0.0004157317  -0.0000096543
    4    0    2   4.51234         4    1   -3   5.86604       -0.0004157317  -0.0000096542
    4    2    0   4.51234         4    1    3   5.86604       -0.0009222721   0.0000005402
   -4   -2   -1   4.73795         4    3   -1   5.86604        0.0002612417   0.0002254722
   -4   -2    1   4.73795         4    3    1   5.86604        0.0002612417   0.0002254722
   -4   -1   -2   4.73795         5   -1    0   5.86604        0.0001967146   0.0003059491
   -4   -1    2   4.73795         5    0   -1   5.86604        0.0002109312   0.0002849071
   -4    1   -2   4.73795         5    0    1   5.86604        0.0002109312   0.0002849070
   -4    1    2   4.73795         5    1    0   5.86604        0.0001967146   0.0003059491
   -4    2   -1   4.73795        -5   -1   -1   6.09165       -0.0007020340   0.0001064742
   -4    2    1   4.73795        -5   -1    1   6.09165       -0.0007020340   0.0001064742
   -2   -4   -1   4.73795        -5    1   -1   6.09165       -0.0000759531   0.0002306707
   -2   -4    1   4.73795        -5    1    1   6.09165       -0.0000759531   0.0002306707
   -2   -1   -4   4.73795        -3   -3   -3   6.09165       -0.0008776450   0.0000028950
   -2   -1    4   4.73795        -3   -3    3   6.09165       -0.0008776450   0.0000028950
   -2    1   -4   4.73795        -3    3   -3   6.09165       -0.0008776450   0.0000028950
   -2    1    4   4.73795        -3    3    3   6.09165       -0.0008776450   0.0000028950
   -2    4   -1   4.73795        -1   -5   -1   6.09165       -0.0000051109  -0.0001159919
   -2    4    1   4.73795        -1   -5    1   6.09165       -0.0000051109  -0.0001159919
   -1   -4   -2   4.73795        -1   -1   -5   6.09165       -0.0005216852  -0.0000020656
   -1   -4    2   4.73795        -1   -1    5   6.09165       -0.0005216852  -0.0000020656
   -1   -2   -4   4.73795        -1    1   -5   6.09165       -0.0007951065  -0.0000040010
   -1   -2    4   4.73795        -1    1    5   6.09165       -0.0007951066  -0.0000040010
   -1    2   -4   4.73795        -1    5   -1   6.09165       -0.0005216852  -0.0000020657
   -1    2    4   4.73795        -1    5    1   6.09165       -0.0005216852  -0.0000020656
   -1    4   -2   4.73795         1   -5   -1   6.09165        0.0000620179  -0.0001398068
   -1    4    2   4.73795         1   -5    1   6.09165        0.0000620179  -0.0001398068
    1   -4   -2   4.73795         1   -1   -5   6.09165       -0.0005216852   0.0000020657
    1   -4    2   4.73795         1   -1    5   6.09165       -0.0005216852   0.0000020656
    1   -2   -4   4.73795         1    1   -5   6.09165       -0.0007951066   0.0000040010
    4    0    3   5.64042        -2    2    5   7.44535        0.0002772537   0.0000573282
    4    3    0   5.64042        -2    5   -2   7.44535        0.0002772537   0.0000573281
    5    0    0   5.64042        -2    5    2   7.44535        0.0001194738  -0.0000421047
   -5   -1    0   5.86604        -1   -4   -4   7.44535        0.0001441964  -0.0001335880
   -5    0   -1   5.86604        -1   -4    4   7.44535        0.0000240405  -0.0001381648
   -5    0    1   5.86604        -1    4   -4   7.44535        0.0000240405  -0.0001381648
   -5    1    0   5.86604        -1    4    4   7.44535        0.0001441964  -0.0001335880
   -4   -3   -1   5.86604         1   -4   -4   7.44535        0.0003348750  -0.0001141288
   -4   -3    1   5.86604         1   -4    4   7.44535        0.0003348751  -0.0001141288
   -4   -1   -3   5.86604         1    4   -4   7.44535        0.0001699755  -0.0001002473
   -4   -1    3   5.86604         1    4    4   7.44535        0.0001699756  -0.0001002472
   -4    1   -3   5.86604         2   -5   -2   7.44535        0.0000554897  -0.0000433655
   -4    1    3   5.86604         2   -5    2   7.44535        0.0000554897  -0.0000433655
   -4    3   -1   5.86604         2   -2   -5   7.44535        0.0000414595  -0.0000391370
   -4    3    1   5.86604         2   -2    5   7.44535        0.0000414595  -0.0000391370
   -3   -4   -1   5.86604         2    2   -5   7.44535       -0.0000346610  -0.0000858767
   -3   -4    1   5.86604         2    2    5   7.44535       -0.0000346610  -0.0000858767
   -3   -1   -4   5.86604         2    5   -2   7.44535        0.0000220002  -0.0000951886
   -3   -1    4   5.86604         2    5    2   7.44535        0.0000220002  -0.0000951886
   -3    1   -4   5.86604         4   -4   -1   7.44535        0.0000453760   0.0000295265
   -3    1    4   5.86604         4   -4    1   7.44535        0.0000453760   0.0000295265
   -3    4   -1   5.86604         4   -1   -4   7.44535        0.0000447121   0.0000298765
   -3    4    1   5.86604         4   -1    4   7.44535        0.0000447120   0.0000298765
   -1   -5    0   5.86604         4    1   -4   7.44535        0.0000093837  -0.0000783578
   -1   -4   -3   5.86604         4    1    4   7.44535       -0.0000339276  -0.0000411925
   -1   -4    3   5.86604         4    4   -1   7.44535       -0.0000359986  -0.0000265473
   -1   -3   -4   5.86604         4    4    1   7.44535       -0.0000339276  -0.0000411925
   -1   -3    4   5.86604         5   -2   -2   7.44535        0.0000807042  -0.0000301600
   -1    0   -5   5.86604         5   -2    2   7.44535        0.0000380653  -0.0000026233
   -1    0    5   5.86604         5    2   -2   7.44535        0.0000380653  -0.0000026233
   -1    3   -4   5.86604         5    2    2   7.44535        0.0000807042  -0.0000301600
   -1    3    4   5.86604        -5   -3    0   7.67097       -0.0000444566   0.0001293367
   -2   -4   -3   6.54289        -5    3    2   8.57344       -0.0001264197   0.0001385205
   -2   -4    3   6.54289        -3   -5   -2   8.57344       -0.0001758733   0.0000263160
   -2   -3   -4   6.54289        -3   -5    2   8.57344       -0.0000315857   0.0000238765
   -2   -3    4   6.54289        -3   -2   -5   8.57344        0.0000228094   0.0000385504
   -2    0   -5   6.54289        -3   -2    5   8.57344       -0.0000850812   0.0000494727
   -2    0    5   6.54289        -3    2   -5   8.57344       -0.0000850812   0.0000494727
   -2    3   -4   6.54289        -3    2    5   8.57344        0.0000228094   0.0000385504
   -2    3    4   6.54289        -3    5   -2   8.57344       -0.0000315857   0.0000238765
   -2    4   -3   6.54289        -3    5    2   8.57344       -0.0001758733   0.0000263160
   -2    4    3   6.54289        -2   -5   -3   8.57344       -0.0000402925  -0.0000117476
   -2    5    0   6.54289        -2   -5    3   8.57344       -0.0000070366  -0.0000082814
    0   -5   -2   6.54289        -2   -3   -5   8.57344       -0.0001539347   0.0000697554
    0   -5    2   6.54289        -2   -3    5   8.57344       -0.0001539346   0.0000697554
    0   -2   -5   6.54289        -2    3   -5   8.57344       -0.0000841874   0.0000530078
    0   -2    5   6.54289        -2    3    5   8.57344       -0.0000841874   0.0000530078
    0    2   -5   6.54289        -2    5   -3   8.57344       -0.0001539346   0.0000697554
    0    2    5   6.54289        -2    5    3   8.57344       -0.0001539347   0.0000697554
    0    5   -2   6.54289        -1   -6   -1   8.57344        0.0001170957   0.0000268725
    0    5    2   6.54289        -1   -6    1   8.57344        0.0001170957   0.0000268725
    2   -5    0   6.54289        -1   -1   -6   8.57344       -0.0000315844   0.0000628688
    2   -4   -3   6.54289        -1   -1    6   8.57344       -0.0000566403   0.0000651660
    2   -4    3   6.54289        -1    1   -6   8.57344       -0.0000163258   0.0000607107
    2   -3   -4   6.54289        -1    1    6   8.57344        0.0000252427   0.0000550015
    2   -3    4   6.54289        -1    6   -1   8.57344       -0.0000163258   0.0000607107
    2    0   -5   6.54289        -1    6    1   8.57344       -0.0000634309   0.0000648185
    2    0    5   6.54289         1   -6   -1   8.57344        0.0000351278   0.0000237666
    2    3   -4   6.54289         1   -6    1   8.57344        0.0000374754   0.0000435839
    2    3    4   6.54289         1   -1   -6   8.57344        0.0000310175   0.0000505053
    2    4   -3   6.54289         1   -1    6   8.57344        0.0000374754   0.0000435839
    2    4    3   6.54289         1    1   -6   8.57344        0.0000417870   0.0000334349
    2    5    0   6.54289         1    1    6   8.57344       -0.0000153702   0.0000193311
    3   -4   -2   6.54289         1    6   -1   8.57344       -0.0000381903   0.0000846371
   -2    2    5   7.44535        -4   -1    5   9.47590       -0.0002145718   0.0000883517
   -2    5   -2   7.44535        -4    1   -5   9.47590       -0.0000475153   0.0000540320
   -2    5    2   7.44535        -4    1    5   9.47590       -0.0000475153   0.0000540320
   -1   -4   -4   7.44535        -4    5   -1   9.47590       -0.0000243295   0.0000526505
   -1   -4    4   7.44535        -4    5    1   9.47590       -0.0000243295   0.0000526505
   -1    4   -4   7.44535        -1   -5   -4   9.47590        0.0000247083   0.0000020092
   -1    4    4   7.44535        -1   -5    4   9.47590        0.0000247083   0.0000020093
    1   -4   -4   7.44535        -1   -4   -5   9.47590       -0.0002292769   0.0001180011
    1   -4    4   7.44535        -1   -4    5   9.47590       -0.0002292769   0.0001180011
    1    4   -4   7.44535        -1    4   -5   9.47590       -0.0002292769   0.0001180011
    1    4    4   7.44535        -1    4    5   9.47590       -0.0002292769   0.0001180011
    2   -5   -2   7.44535        -1    5   -4   9.47590       -0.0000500789   0.0000364880
    2   -5    2   7.44535        -1    5    4   9.47590       -0.0000500789   0.0000364880
    2   -2   -5   7.44535         1   -5   -4   9.47590       -0.0004300585   0.0000575553
    2   -2    5   7.44535         1   -5    4   9.47590       -0.0004300585   0.0000575553
    2    2   -5   7.44535         1   -4   -5   9.47590       -0.0001070440   0.0000204477
    2    2    5   7.44535         1   -4    5   9.47590       -0.0001070440   0.0000204477
    2    5   -2   7.44535         1    4   -5   9.47590       -0.0004300586   0.0000575553
    2    5    2   7.44535         1    4    5   9.47590       -0.0004300585   0.0000575553
    4   -4   -1   7.44535         1    5   -4   9.47590       -0.0000266888   0.0000586001
    4   -4    1   7.44535         1    5    4   9.47590       -0.0000266888   0.0000586001
    4   -1   -4   7.44535         4   -5   -1   9.47590       -0.0002694679   0.0000031887
    4   -1    4   7.44535         4   -5    1   9.47590       -0.0002694679   0.0000031887
    4    1   -4   7.44535         4   -1   -5   9.47590       -0.0007216251   0.0000095348
    4    1    4   7.44535         4   -1    5   9.47590       -0.0007216251   0.0000095348
    4    4   -1   7.44535         4    1   -5   9.47590       -0.0002694679   0.0000031887
    4    4    1   7.44535         4    1    5   9.47590       -0.0002694679   0.0000031887
    5   -2   -2   7.44535         4    5   -1   9.47590       -0.0000079861   0.0000360630
    5   -2    2   7.44535         4    5    1   9.47590       -0.0000079861   0.0000360630
    5    2   -2   7.44535         5   -4   -1   9.47590       -0.0000706608  -0.0000062477
    5    2    2   7.44535         5   -4    1   9.47590       -0.0000706608  -0.0000062477
   -5   -3    0   7.67097         5   -1   -4   9.47590        0.0000566188   0.0000980663
 
 For q0 points, you should check the symmetry (eps(G,G') = eps*(-G,-G')) by
 using the eps0sym code. Wavefunction convergence, as well as a finite q-shift
 may cause this property of eps(G,G') to be broken.


             g                   gp         inverse epsilon           nspin= 1
         0    0    0         0    0    0        1.00000000   0.00000000
        -1    0    0         0    0    0       -0.00000000  -0.00000000
        -1    0    0        -1    0    0        0.92811788  -0.00000000
         0   -1    0        -1    0    0       -0.00041413   0.00061531
         0   -1    0         0   -1    0        0.94070403  -0.00000000
         0    0   -1         0   -1    0       -0.00163237  -0.00000000
         0    0   -1         0    0   -1        0.94070403  -0.00000000
         0    0    1         0    0   -1        0.03748041   0.00000000
         0    0    1         0    0    1        0.94070403  -0.00000000
         0    1    0         0    0    1       -0.00163237  -0.00000000
         0    1    0         0    1    0        0.94070403   0.00000000
         1    0    0         0    1    0       -0.00041413   0.00061531
         1    0    0         1    0    0        0.92811788  -0.00000000
        -1   -1    0         1    0    0        0.01126246  -0.00178582
        -1   -1    0        -1   -1    0        0.95104430   0.00000000
        -1    0   -1        -1   -1    0       -0.02223218   0.00000000
        -1    0   -1        -1    0   -1        0.95104430  -0.00000000
        -1    0    1        -1    0   -1       -0.00351451   0.00000000
        -1    0    1        -1    0    1        0.95104430  -0.00000000
        -1    1    0        -1    0    1       -0.02223218   0.00000000
        -1    1    0        -1    1    0        0.95104430   0.00000000
         0   -1   -1        -1    1    0        0.00857476   0.00327017
         0   -1   -1         0   -1   -1        0.95544912   0.00000000
         0   -1    1         0   -1   -1       -0.00202084   0.00000000
         0   -1    1         0   -1    1        0.95544912   0.00000000
         0    1   -1         0   -1    1        0.01884674  -0.00000000
         0    1   -1         0    1   -1        0.95544912   0.00000000
         0    1    1         0    1   -1       -0.00202084   0.00000000
         0    1    1         0    1    1        0.95544912  -0.00000000
         1   -1    0         0    1    1        0.00857476   0.00327017
         1   -1    0         1   -1    0        0.95104430  -0.00000000
         1    0   -1         1   -1    0       -0.02223218   0.00000000
         1    0   -1         1    0   -1        0.95104430  -0.00000000
         1    0    1         1    0   -1       -0.00351451   0.00000000
         1    0    1         1    0    1        0.95104430  -0.00000000
         1    1    0         1    0    1       -0.02223218   0.00000000
         1    1    0         1    1    0        0.95104430   0.00000000
        -1   -1   -1         1    1    0        0.00494253  -0.00207946
        -1   -1   -1        -1   -1   -1        0.96210993  -0.00000000
        -1   -1    1        -1   -1   -1       -0.01025194   0.00000000
        -1   -1    1        -1   -1    1        0.96210993   0.00000000
        -1    1   -1        -1   -1    1        0.00399891  -0.00000000
        -1    1   -1        -1    1   -1        0.96210993   0.00000000
        -1    1    1        -1    1   -1       -0.01025194   0.00000000
        -1    1    1        -1    1    1        0.96210993  -0.00000000
         1   -1   -1        -1    1    1        0.00397110   0.00245735
         1   -1   -1         1   -1   -1        0.96210993   0.00000000
         1   -1    1         1   -1   -1       -0.01025194   0.00000000
         1   -1    1         1   -1    1        0.96210993  -0.00000000
         1    1   -1         1   -1    1        0.00399891  -0.00000000
         1    1   -1         1    1   -1        0.96210993  -0.00000000
         1    1    1         1    1   -1       -0.01025194   0.00000000
         1    1    1         1    1    1        0.96210993   0.00000000
        -2    0    0         1    1    1        0.00208768   0.00039652
        -2    0    0        -2    0    0        0.97849688   0.00000000
         0   -2    0        -2    0    0        0.00032504   0.00037831
         0   -2    0         0   -2    0        0.98047276  -0.00000000
         0    0   -2         0   -2    0       -0.00120514  -0.00000000
         0    0   -2         0    0   -2        0.98047276   0.00000000
         0    0    2         0    0   -2        0.00415439   0.00000000
         0    0    2         0    0    2        0.98047276   0.00000000
         0    2    0         0    0    2       -0.00120514  -0.00000000
         0    2    0         0    2    0        0.98047276  -0.00000000
        -1    0   -3         0    2    0       -0.00064503  -0.00012417
        -1    0   -3         0    2    3        0.00054859  -0.00040953
        -1    0    3         0    2    3       -0.00631725   0.00087893
        -1    0    3         0    3   -2        0.00004059  -0.00040622
        -1    3    0         0    3   -2       -0.00631725   0.00087893
        -1    3    0         0    3    2       -0.00631725   0.00087893
         0   -3   -1         0    3    2        0.00127333   0.00000000
         0   -3   -1         2   -3    0       -0.00206230   0.00116406
         0   -3    1         2   -3    0       -0.00206230   0.00116406
         0   -3    1         2    0   -3       -0.00019762  -0.00063653
         0   -1   -3         2    0   -3       -0.00206230   0.00116406
         0   -1   -3         2    0    3        0.00008451  -0.00066062
         0   -1    3         2    0    3       -0.00206230   0.00116406
         0   -1    3         2    3    0       -0.00019762  -0.00063653
         0    1   -3         2    3    0       -0.00030208  -0.00016083
         0    1   -3         3   -2    0        0.00013351  -0.00078185
         0    1    3         3   -2    0        0.00013351  -0.00078185
         0    1    3         3    0   -2       -0.00038415  -0.00086393
         0    3   -1         3    0   -2        0.00097869  -0.00052129
         0    3   -1         3    0    2        0.00013351  -0.00078185
         0    3    1         3    0    2        0.00097869  -0.00052129
         0    3    1         3    2    0        0.00214853  -0.00008704
         1   -3    0         3    2    0       -0.00042178  -0.00100939
         1   -3    0        -3   -2   -1        0.00296624   0.00067753
         1    0   -3        -3   -2   -1        0.00142923   0.00068997
         1    0   -3        -3   -2    1       -0.00006848   0.00053974
         1    0    3        -3   -2    1        0.00142923   0.00068997
         1    0    3        -3   -1   -2       -0.00020203   0.00028804
         1    3    0        -3   -1   -2       -0.00006848   0.00053974
         1    3    0        -3   -1    2       -0.00006848   0.00053974
         3   -1    0        -3   -1    2        0.00187887  -0.00018994
         3   -1    0        -3    1   -2        0.00164531  -0.00048656
         3    0   -1        -3    1   -2        0.00205767  -0.00006676
         3    0   -1        -3    1    2        0.00159500  -0.00066400
         3    0    1        -3    1    2        0.00205767  -0.00006676
         3    0    1        -3    2   -1        0.00164531  -0.00048656
         3    1    0        -3    2   -1        0.00205767  -0.00006676
         3    1    0        -3    2    1        0.00205767  -0.00006676
        -3   -1   -1        -3    2    1       -0.00285513   0.00003651
        -3   -1   -1        -2   -3   -1       -0.00583587   0.00057071
        -3   -1    1        -2   -3   -1       -0.00341129   0.00021180
        -3   -1    1        -2   -3    1       -0.00583587   0.00057071
        -3    1   -1        -2   -3    1       -0.00074659  -0.00038456
        -3    1   -1        -2   -1   -3       -0.00341129   0.00021180
        -3    1    1        -2   -1   -3       -0.00074659  -0.00038456
        -3    1    1        -2   -1    3       -0.00341129   0.00021180
        -1   -3   -1        -2   -1    3       -0.00045799   0.00017249
        -1   -3   -1        -2    1   -3       -0.00045448   0.00017376
        -1   -3    1        -2    1   -3        0.00014424   0.00038571
        -1   -3    1        -2    1    3       -0.00045448   0.00017376
        -1   -1   -3        -2    1    3        0.00014647   0.00042677
        -1   -1   -3        -2    3   -1       -0.00045799   0.00017249
        -1   -1    3        -2    3   -1        0.00014424   0.00038571
        -1   -1    3        -2    3    1       -0.00045799   0.00017249
        -1    1   -3        -2    3    1       -0.00045448   0.00017376
        -1    1   -3        -1   -3   -2       -0.00163759   0.00001158
        -1    1    3        -1   -3   -2        0.00048013  -0.00002163
        -1    1    3        -1   -3    2       -0.00163759   0.00001158
        -1    3   -1        -1   -3    2        0.00069518  -0.00003560
        -1    3   -1        -1   -2   -3       -0.00013482   0.00000583
        -1    3    1        -1   -2   -3        0.00048013  -0.00002163
        -1    3    1        -1   -2    3       -0.00013482   0.00000583
         1   -3   -1        -1   -2    3       -0.00044814   0.00025624
         1   -3   -1        -1    2   -3       -0.00050996   0.00053327
         4    0    0        -1    2   -3        0.00030557   0.00020139
         4    0    0         2    4    0       -0.00014294   0.00014249
        -4   -1    0         2    4    0        0.00015803   0.00005576
        -4   -1    0         4   -2    0        0.00050555   0.00034208
        -4    0   -1         4   -2    0        0.00044359   0.00033535
        -4    0   -1         4    0   -2        0.00050555   0.00034208
        -4    0    1         4    0   -2        0.00039762   0.00034715
        -4    0    1         4    0    2        0.00050555   0.00034208
        -4    1    0         4    0    2        0.00044359   0.00033535
        -4    1    0         4    2    0        0.00050555   0.00034208
        -3   -2   -2         4    2    0        0.00027755   0.00028440
        -3   -2   -2        -4   -2   -1       -0.00526261  -0.00032892
        -3   -2    2        -4   -2   -1       -0.00232717  -0.00001782
        -3   -2    2        -4   -2    1       -0.00526261  -0.00032892
        -3    2   -2        -4   -2    1       -0.00052383   0.00023344
        -3    2   -2        -4   -1   -2       -0.00232716  -0.00001782
        -3    2    2        -4   -1   -2       -0.00052383   0.00023344
        -3    2    2        -4   -1    2       -0.00232716  -0.00001782
        -2   -3   -2        -4   -1    2       -0.00005909   0.00023135
        -2   -3   -2        -4    1   -2       -0.00014410   0.00016992
        -2   -3    2        -4    1   -2       -0.00027320   0.00042350
        -2   -3    2        -4    1    2       -0.00014410   0.00016992
        -2   -2   -3        -4    1    2       -0.00036655   0.00045667
        -2   -2   -3        -4    2   -1       -0.00005909   0.00023135
        -2   -2    3        -4    2   -1       -0.00027320   0.00042350
        -2   -2    3        -4    2    1       -0.00005909   0.00023135
        -2    2   -3        -4    2    1       -0.00014410   0.00016992
        -2    2   -3        -2   -4   -1        0.00017430   0.00001060
        -2    2    3        -2   -4   -1        0.00001755  -0.00000560
        -2    2    3        -2   -4    1        0.00017430   0.00001060
        -2    3   -2        -2   -4    1       -0.00017396  -0.00001821
        -2    3   -2        -2   -1   -4       -0.00083989   0.00001158
        -2    3    2        -2   -1   -4        0.00001755  -0.00000560
        -2    3    2        -2   -1    4       -0.00083989   0.00001158
        -1   -4    0        -2   -1    4       -0.00030337   0.00006831
        -1   -4    0        -2    1   -4        0.00010565   0.00014408
        -1    0   -4        -2    1   -4       -0.00482226  -0.00031530
        -1    0   -4        -2    1    4        0.00003895   0.00015490
        -1    0    4        -2    1    4       -0.00482226  -0.00031530
        -1    0    4        -2    4   -1        0.00010565   0.00014408
        -1    4    0        -2    4   -1       -0.00482226  -0.00031530
        -1    4    0        -2    4    1       -0.00482226  -0.00031530
         0   -4   -1        -2    4    1        0.00021890   0.00018042
         0   -4   -1        -1   -4   -2       -0.00451217  -0.00031536
         0   -4    1        -1   -4   -2       -0.00221897  -0.00007123
         0   -4    1        -1   -4    2       -0.00451217  -0.00031536
         0   -1   -4        -1   -4    2       -0.00018323   0.00014719
         0   -1   -4        -1   -2   -4       -0.00451217  -0.00031536
         0   -1    4        -1   -2   -4        0.00028416   0.00012672
         0   -1    4        -1   -2    4       -0.00451217  -0.00031536
         0    1   -4        -1   -2    4        0.00063089   0.00008126
         0    1   -4        -1    2   -4       -0.00451217  -0.00031536
         0    1    4        -1    2   -4        0.00028416   0.00012672
         0    1    4        -1    2    4       -0.00451217  -0.00031536
         0    4   -1        -1    2    4       -0.00049841   0.00009152
         0    4   -1        -1    4   -2       -0.00451217  -0.00031536
         0    4    1        -1    4   -2       -0.00221897  -0.00007123
         0    4    1        -1    4    2       -0.00451217  -0.00031536
         1   -4    0        -1    4    2        0.00032592   0.00015845
         1   -4    0         1   -4   -2       -0.00473210   0.00001013
         1    0   -4         1   -4   -2       -0.00112012  -0.00000594
         1    0   -4         1   -4    2        0.00010043  -0.00000342
         1    0    4         1   -4    2       -0.00112012  -0.00000594
         1    0    4         1   -2   -4        0.00036503   0.00001846
         2    4    0         1   -2   -4        0.00012141   0.00012889
         2    4    0         4   -3    1       -0.00034789  -0.00034154
         4   -2    0         4   -3    1       -0.00493755   0.00003481
         4   -2    0         4   -1   -3       -0.00241316   0.00000749
         4    0   -2         4   -1   -3       -0.00493755   0.00003481
         4    0   -2         4   -1    3       -0.00040331  -0.00003737
         4    0    2         4   -1    3       -0.00493755   0.00003481
         4    0    2         4    1   -3       -0.00040331  -0.00003737
         4    2    0         4    1   -3       -0.00241316   0.00000749
         4    2    0         4    1    3       -0.00241316   0.00000749
        -4   -2   -1         4    1    3        0.00002801   0.00020153
        -4   -2   -1         4    3   -1        0.00003915   0.00020842
        -4   -2    1         4    3   -1        0.00003012   0.00022382
        -4   -2    1         4    3    1        0.00003915   0.00020842
        -4   -1   -2         4    3    1        0.00002801   0.00020153
        -4   -1   -2         5   -1    0        0.00018576   0.00027990
        -4   -1    2         5   -1    0        0.00018576   0.00027990
        -4   -1    2         5    0   -1        0.00012637   0.00021356
        -4    1   -2         5    0   -1        0.00020433   0.00030346
        -4    1   -2         5    0    1        0.00012637   0.00021356
        -4    1    2         5    0    1        0.00020433   0.00030346
        -4    1    2         5    1    0        0.00018576   0.00027990
        -4    2   -1         5    1    0        0.00020433   0.00030346
        -4    2   -1        -5   -1   -1       -0.00174204   0.00007466
        -4    2    1        -5   -1   -1       -0.00108756   0.00010846
        -4    2    1        -5   -1    1       -0.00174204   0.00007466
        -2   -4   -1        -5   -1    1        0.00035489   0.00022587
        -2   -4   -1        -5    1   -1        0.00014233   0.00027898
        -2   -4    1        -5    1   -1        0.00003170   0.00030862
        -2   -4    1        -5    1    1        0.00014233   0.00027898
        -2   -1   -4        -5    1    1        0.00003170   0.00030862
        -2   -1   -4        -3   -3   -3       -0.00272735  -0.00003152
        -2   -1    4        -3   -3   -3        0.00013099   0.00011974
        -2   -1    4        -3   -3    3       -0.00272735  -0.00003152
        -2    1   -4        -3   -3    3       -0.00019571   0.00014936
        -2    1   -4        -3    3   -3       -0.00272735  -0.00003152
        -2    1    4        -3    3   -3        0.00013099   0.00011974
        -2    1    4        -3    3    3       -0.00272735  -0.00003152
        -2    4   -1        -3    3    3       -0.00080643   0.00002917
        -2    4   -1        -1   -5   -1        0.00006864  -0.00012589
        -2    4    1        -1   -5   -1        0.00005778  -0.00012877
        -2    4    1        -1   -5    1        0.00006864  -0.00012589
        -1   -4   -2        -1   -5    1       -0.00239556  -0.00000175
        -1   -4   -2        -1   -1   -5       -0.00129504   0.00000581
        -1   -4    2        -1   -1   -5        0.00007604   0.00000785
        -1   -4    2        -1   -1    5       -0.00129504   0.00000581
        -1   -2   -4        -1   -1    5        0.00028371  -0.00001254
        -1   -2   -4        -1    1   -5       -0.00239556  -0.00000175
        -1   -2    4        -1    1   -5        0.00040326  -0.00002318
        -1   -2    4        -1    1    5       -0.00239556  -0.00000175
        -1    2   -4        -1    1    5        0.00028371  -0.00001254
        -1    2   -4        -1    5   -1       -0.00129504   0.00000581
        -1    2    4        -1    5   -1       -0.00033112   0.00001499
        -1    2    4        -1    5    1       -0.00129504   0.00000581
        -1    4   -2        -1    5    1       -0.00239556  -0.00000175
        -1    4   -2         1   -5   -1        0.00018880  -0.00010548
        -1    4    2         1   -5   -1        0.00046665  -0.00004175
        -1    4    2         1   -5    1        0.00018880  -0.00010548
         1   -4   -2         1   -5    1       -0.00239556   0.00000175
         1   -4   -2         1   -1   -5       -0.00129504  -0.00000581
         1   -4    2         1   -1   -5        0.00007604  -0.00000785
         1   -4    2         1   -1    5       -0.00129504  -0.00000581
         1   -2   -4         1   -1    5        0.00028371   0.00001254
         1   -2   -4         1    1   -5       -0.00239556   0.00000175
         4    0    3         1    1   -5       -0.00029545   0.00025321
         4    0    3        -2    2    5        0.00041837   0.00002724
         4    3    0        -2    2    5       -0.00003271   0.00007204
         4    3    0        -2    5   -2        0.00041837   0.00002724
         5    0    0        -2    5   -2        0.00005387  -0.00009661
         5    0    0        -2    5    2        0.00005387  -0.00009661
        -5   -1    0        -2    5    2        0.00007789  -0.00017317
        -5   -1    0        -1   -4   -4        0.00037031  -0.00014965
        -5    0   -1        -1   -4   -4        0.00037031  -0.00014965
        -5    0   -1        -1   -4    4        0.00005753  -0.00015858
        -5    0    1        -1   -4    4        0.00037031  -0.00014965
        -5    0    1        -1    4   -4        0.00005753  -0.00015858
        -5    1    0        -1    4   -4        0.00037031  -0.00014965
        -5    1    0        -1    4    4        0.00037031  -0.00014965
        -4   -3   -1        -1    4    4       -0.00021838  -0.00017946
        -4   -3   -1         1   -4   -4        0.00062793  -0.00012814
        -4   -3    1         1   -4   -4        0.00018181  -0.00010877
        -4   -3    1         1   -4    4        0.00062793  -0.00012814
        -4   -1   -3         1   -4    4       -0.00017519  -0.00009256
        -4   -1   -3         1    4   -4        0.00018181  -0.00010877
        -4   -1    3         1    4   -4       -0.00017493  -0.00004333
        -4   -1    3         1    4    4        0.00018181  -0.00010877
        -4    1   -3         1    4    4       -0.00017519  -0.00009256
        -4    1   -3         2   -5   -2       -0.00016814  -0.00007671
        -4    1    3         2   -5   -2       -0.00020467  -0.00000779
        -4    1    3         2   -5    2       -0.00016814  -0.00007671
        -4    3   -1         2   -5    2       -0.00010502   0.00007926
        -4    3   -1         2   -2   -5       -0.00019911  -0.00007564
        -4    3    1         2   -2   -5       -0.00020467  -0.00000779
        -4    3    1         2   -2    5       -0.00019911  -0.00007564
        -3   -4   -1         2   -2    5       -0.00022850  -0.00015244
        -3   -4   -1         2    2   -5       -0.00035197  -0.00014202
        -3   -4    1         2    2   -5       -0.00031871  -0.00005995
        -3   -4    1         2    2    5       -0.00035197  -0.00014202
        -3   -1   -4         2    2    5       -0.00006147   0.00009430
        -3   -1   -4         2    5   -2       -0.00022850  -0.00015244
        -3   -1    4         2    5   -2       -0.00031871  -0.00005995
        -3   -1    4         2    5    2       -0.00022850  -0.00015244
        -3    1   -4         2    5    2       -0.00035197  -0.00014202
        -3    1   -4         4   -4   -1       -0.00021837  -0.00002959
        -3    1    4         4   -4   -1       -0.00022949   0.00000556
        -3    1    4         4   -4    1       -0.00021837  -0.00002959
        -3    4   -1         4   -4    1       -0.00008843   0.00014200
        -3    4   -1         4   -1   -4       -0.00022026  -0.00002827
        -3    4    1         4   -1   -4       -0.00022949   0.00000556
        -3    4    1         4   -1    4       -0.00022026  -0.00002827
        -1   -5    0         4   -1    4        0.00002675  -0.00013464
        -1   -5    0         4    1   -4       -0.00019248  -0.00011928
        -1   -4   -3         4    1   -4        0.00014302  -0.00012447
        -1   -4   -3         4    1    4       -0.00019788  -0.00003593
        -1   -4    3         4    1    4        0.00014302  -0.00012447
        -1   -4    3         4    4   -1       -0.00017493   0.00000002
        -1   -3   -4         4    4   -1       -0.00019657  -0.00009932
        -1   -3   -4         4    4    1       -0.00019788  -0.00003593
        -1   -3    4         4    4    1       -0.00019657  -0.00009932
        -1   -3    4         5   -2   -2       -0.00002658  -0.00004106
        -1    0   -5         5   -2   -2        0.00020854  -0.00004055
        -1    0   -5         5   -2    2       -0.00008958  -0.00001260
        -1    0    5         5   -2    2        0.00020854  -0.00004055
        -1    0    5         5    2   -2       -0.00008958  -0.00001260
        -1    3   -4         5    2   -2        0.00033823  -0.00003674
        -1    3   -4         5    2    2       -0.00002658  -0.00004106
        -1    3    4         5    2    2        0.00033823  -0.00003674
        -1    3    4        -5   -3    0       -0.00009920   0.00014672
        -2   -4   -3        -5   -3    0        0.00020792   0.00019341
        -2   -4   -3        -5    3    2       -0.00023146   0.00015889
        -2   -4    3        -5    3    2        0.00010484   0.00007987
        -2   -4    3        -3   -5   -2       -0.00028596   0.00004621
        -2   -3   -4        -3   -5   -2       -0.00143290   0.00010924
        -2   -3   -4        -3   -5    2        0.00012237   0.00002405
        -2   -3    4        -3   -5    2       -0.00143290   0.00010924
        -2   -3    4        -3   -2   -5        0.00018395   0.00003176
        -2    0   -5        -3   -2   -5       -0.00185556   0.00012726
        -2    0   -5        -3   -2    5       -0.00015923   0.00004504
        -2    0    5        -3   -2    5       -0.00185556   0.00012726
        -2    0    5        -3    2   -5       -0.00015923   0.00004504
        -2    3   -4        -3    2   -5       -0.00210762   0.00013005
        -2    3   -4        -3    2    5        0.00018395   0.00003176
        -2    3    4        -3    2    5       -0.00210762   0.00013005
        -2    3    4        -3    5   -2        0.00012237   0.00002405
        -2    4   -3        -3    5   -2       -0.00210762   0.00013005
        -2    4   -3        -3    5    2       -0.00028596   0.00004621
        -2    4    3        -3    5    2       -0.00210762   0.00013005
        -2    4    3        -2   -5   -3       -0.00009008  -0.00001960
        -2    5    0        -2   -5   -3        0.00001698  -0.00001031
        -2    5    0        -2   -5    3        0.00001698  -0.00001031
         0   -5   -2        -2   -5    3       -0.00014098   0.00010645
         0   -5   -2        -2   -3   -5       -0.00036321   0.00018109
         0   -5    2        -2   -3   -5        0.00000577   0.00003984
         0   -5    2        -2   -3    5       -0.00036321   0.00018109
         0   -2   -5        -2   -3    5        0.00004867   0.00002596
         0   -2   -5        -2    3   -5       -0.00014098   0.00010645
         0   -2    5        -2    3   -5        0.00019087  -0.00002275
         0   -2    5        -2    3    5       -0.00014098   0.00010645
         0    2   -5        -2    3    5        0.00004867   0.00002596
         0    2   -5        -2    5   -3       -0.00036321   0.00018109
         0    2    5        -2    5   -3        0.00000790   0.00003491
         0    2    5        -2    5    3       -0.00036321   0.00018109
         0    5   -2        -2    5    3       -0.00014098   0.00010645
         0    5   -2        -1   -6   -1        0.00029878  -0.00000694
         0    5    2        -1   -6   -1        0.00040392  -0.00002129
         0    5    2        -1   -6    1        0.00029878  -0.00000694
         2   -5    0        -1   -6    1        0.00039061   0.00032513
         2   -5    0        -1   -1   -6       -0.00010136   0.00006365
         2   -4   -3        -1   -1   -6        0.00025069   0.00016662
         2   -4   -3        -1   -1    6       -0.00015632   0.00004123
         2   -4    3        -1   -1    6        0.00025069   0.00016662
         2   -4    3        -1    1   -6       -0.00003102   0.00001302
         2   -3   -4        -1    1   -6        0.00022541   0.00015237
         2   -3   -4        -1    1    6        0.00009408  -0.00001486
         2   -3    4        -1    1    6        0.00022541   0.00015237
         2   -3    4        -1    6   -1       -0.00003102   0.00001302
         2    0   -5        -1    6   -1       -0.00010136   0.00006365
         2    0   -5        -1    6    1       -0.00018310   0.00005474
         2    0    5        -1    6    1       -0.00010136   0.00006365
         2    0    5         1   -6   -1        0.00019967  -0.00000488
         2    3   -4         1   -6   -1        0.00017308   0.00000931
         2    3   -4         1   -6    1        0.00013005   0.00002536
         2    3    4         1   -6    1        0.00017308   0.00000931
         2    3    4         1   -1   -6        0.00009955   0.00003593
         2    4   -3         1   -1   -6       -0.00017002   0.00002355
         2    4   -3         1   -1    6        0.00013005   0.00002536
         2    4    3         1   -1    6       -0.00017002   0.00002355
         2    4    3         1    1   -6        0.00017308   0.00000931
         2    5    0         1    1   -6        0.00011102  -0.00000252
         2    5    0         1    1    6        0.00011102  -0.00000252
         3   -4   -2         1    1    6        0.00005768   0.00004266
         3   -4   -2         1    6   -1       -0.00004476   0.00006990
        -2    2    5         1    6   -1       -0.00006831  -0.00004037
        -2    2    5        -4   -1    5       -0.00051114   0.00020182
        -2    5   -2        -4   -1    5        0.00009258   0.00002424
        -2    5   -2        -4    1   -5       -0.00003831   0.00008700
        -2    5    2        -4    1   -5        0.00023014   0.00000333
        -2    5    2        -4    1    5       -0.00003831   0.00008700
        -1   -4   -4        -4    1    5       -0.00017031   0.00004582
        -1   -4   -4        -4    5   -1       -0.00002378   0.00002392
        -1   -4    4        -4    5   -1       -0.00017031   0.00004582
        -1   -4    4        -4    5    1       -0.00002378   0.00002392
        -1    4   -4        -4    5    1        0.00020886   0.00008906
        -1    4   -4        -1   -5   -4        0.00014226   0.00000897
        -1    4    4        -1   -5   -4        0.00023458  -0.00001482
        -1    4    4        -1   -5    4        0.00014226   0.00000897
         1   -4   -4        -1   -5    4       -0.00006323   0.00000621
         1   -4   -4        -1   -4   -5       -0.00059723   0.00032488
         1   -4    4        -1   -4   -5       -0.00006359  -0.00000088
         1   -4    4        -1   -4    5       -0.00059723   0.00032488
         1    4   -4        -1   -4    5        0.00030511  -0.00004553
         1    4   -4        -1    4   -5       -0.00059723   0.00032488
         1    4    4        -1    4   -5       -0.00006359  -0.00000088
         1    4    4        -1    4    5       -0.00059723   0.00032488
         2   -5   -2        -1    4    5        0.00007290  -0.00003024
         2   -5   -2        -1    5   -4       -0.00011718   0.00000045
         2   -5    2        -1    5   -4        0.00013893  -0.00004258
         2   -5    2        -1    5    4       -0.00011718   0.00000045
         2   -2   -5        -1    5    4        0.00007290  -0.00003024
         2   -2   -5         1   -5   -4       -0.00104266   0.00014577
         2   -2    5         1   -5   -4        0.00018440  -0.00001604
         2   -2    5         1   -5    4       -0.00104266   0.00014577
         2    2   -5         1   -5    4        0.00008951   0.00001417
         2    2   -5         1   -4   -5       -0.00015148   0.00002621
         2    2    5         1   -4   -5        0.00007299   0.00001918
         2    2    5         1   -4    5       -0.00015148   0.00002621
         2    5   -2         1   -4    5        0.00008951   0.00001417
         2    5   -2         1    4   -5       -0.00104266   0.00014577
         2    5    2         1    4   -5        0.00004924  -0.00000441
         2    5    2         1    4    5       -0.00104266   0.00014577
         4   -4   -1         1    4    5       -0.00012055   0.00004929
         4   -4   -1         1    5   -4       -0.00003329   0.00002936
         4   -4    1         1    5   -4       -0.00017749   0.00006363
         4   -4    1         1    5    4       -0.00003329   0.00002936
         4   -1   -4         1    5    4       -0.00012055   0.00004929
         4   -1   -4         4   -5   -1       -0.00047967   0.00001026
         4   -1    4         4   -5   -1        0.00000793  -0.00000175
         4   -1    4         4   -5    1       -0.00047967   0.00001026
         4    1   -4         4   -5    1        0.00023022  -0.00001237
         4    1   -4         4   -1   -5       -0.00177350   0.00002990
         4    1    4         4   -1   -5        0.00013766  -0.00002176
         4    1    4         4   -1    5       -0.00177350   0.00002990
         4    4   -1         4   -1    5        0.00023022  -0.00001237
         4    4   -1         4    1   -5       -0.00047967   0.00001026
         4    4    1         4    1   -5        0.00007379  -0.00000277
         4    4    1         4    1    5       -0.00047967   0.00001026
         5   -2   -2         4    1    5        0.00023986   0.00001614
         5   -2   -2         4    5   -1        0.00016195   0.00002240
         5   -2    2         4    5   -1        0.00023986   0.00001614
         5   -2    2         4    5    1        0.00016195   0.00002240
         5    2   -2         4    5    1       -0.00070417   0.00010562
         5    2   -2         5   -4   -1        0.00002021  -0.00000725
         5    2    2         5   -4   -1        0.00024820  -0.00001634
         5    2    2         5   -4    1        0.00002021  -0.00000725
        -5   -3    0         5   -4    1        0.00028094   0.00018324
        -5   -3    0         5   -1   -4        0.00016423   0.00006415
        -4   -4   -2         5   -1   -4        0.00006294   0.00009865
