
     Program LD1 v.5.1 starts on  1Sep2014 at 15:45:12 

     This program is part of the open-source Quantum ESPRESSO suite
     for quantum simulation of materials; please cite
         "P. Giannozzi et al., J. Phys.:Condens. Matter 21 395502 (2009);
          URL http://www.quantum-espresso.org", 
     in publications or presentations arising from this work. More details at
     http://www.quantum-espresso.org/quote

     Serial version
     Waiting for input...
     Reading input from standard input
     --------------------------- All-electron run ----------------------------

     Zn                                                                         
     scalar relativistic calculation

     atomic number is 30.00
     dft =SLA+PW   lsd =0 sic =0 latt =0  beta=0.20 tr2=1.0E-14
     Exchange-correlation      = SLA+PW ( 1  4  0  0 0)
     mesh =1201 r(mesh) =  99.36527 a.u. xmin = -7.00 dx = 0.01250
     1 Ry =  13.60569193 eV, c = 137.03599966

     n l     nl                  e(Ry)          e(Ha)          e(eV)
     1 0     1S 1( 2.00)      -700.3192      -350.1596     -9528.3270
     2 0     2S 1( 2.00)       -86.4913       -43.2457     -1176.7744
     2 1     2P 1( 6.00)       -75.2699       -37.6350     -1024.0995
     3 0     3S 1( 2.00)       -10.9957        -5.4978      -149.6041
     3 1     3P 1( 6.00)        -7.6631        -3.8315      -104.2615
     3 2     3D 1(10.00)        -2.2951        -1.1475       -31.2264
     4 0     4S 1( 0.00)        -1.7080        -0.8540       -23.2379
     4 1     4P 1( 0.00)        -1.1534        -0.5767       -15.6924

     final scf error:  8.0E-15 reached in  28 iterations

     Etot =   -3584.512504 Ry,   -1792.256252 Ha,  -48769.772856 eV

     Ekin =    3640.182702 Ry,    1820.091351 Ha,   49527.204418 eV
     Encl =   -8600.751034 Ry,   -4300.375517 Ha, -117019.168938 eV
     Eh   =    1512.668059 Ry,     756.334030 Ha,   20580.895604 eV
     Exc  =    -136.612232 Ry,     -68.306116 Ha,   -1858.703941 eV


     normalization and overlap integrals

     s(1S/1S) =  1.000000  <r> =   0.0504  <r2> =    0.0034  r(max) =   0.0329
     s(1S/2S) = -0.004324
     s(1S/3S) = -0.001610
     s(1S/4S) = -0.000479
     s(2S/2S) =  1.000000  <r> =   0.2266  <r2> =    0.0606  r(max) =   0.1894
     s(2S/3S) = -0.000936
     s(2S/4S) = -0.000273
     s(2P/2P) =  1.000000  <r> =   0.1984  <r2> =    0.0483  r(max) =   0.1513
     s(2P/3P) = -0.000747
     s(2P/4P) = -0.000186
     s(3S/3S) =  1.000000  <r> =   0.6830  <r2> =    0.5395  r(max) =   0.5908
     s(3S/4S) = -0.000159
     s(3P/3P) =  1.000000  <r> =   0.7147  <r2> =    0.6040  r(max) =   0.5908
     s(3P/4P) = -0.000115
     s(3D/3D) =  1.000000  <r> =   0.8800  <r2> =    1.0188  r(max) =   0.5620
     s(4S/4S) =  1.000000  <r> =   2.1898  <r2> =    5.4566  r(max) =   1.8895
     s(4P/4P) =  1.000000  <r> =   2.6549  <r2> =    8.0725  r(max) =   2.2508

     ------------------------ End of All-electron run ------------------------


     --------------------- Generating NC pseudopotential ---------------------


      Generating local pot.: lloc=2, matching radius rcloc =   0.8500

      Computing core charge for nlcc: 

       r > 0.31 : true rho core
      Core charge pseudized with two Bessel functions
      Integrated core pseudo-charge :   7.67


      Wfc   3S  rcut= 0.999  Estimated cut-off energy=       52.54 Ry
      Using 4 Bessel functions for this wfc, rho(0) = 0.010
      This function has    0 nodes for 0 < r <    0.999


      Wfc   3P  rcut= 0.999  Estimated cut-off energy=      181.20 Ry
      This function has    0 nodes for 0 < r <    0.999

      The bmat matrix
     8.49099     0.00000
     0.00000     6.97311

     ------------------- End of pseudopotential generation -------------------

     --------------------------- All-electron run ----------------------------

     Zn                                                                         
     scalar relativistic calculation

     atomic number is 30.00
     dft =SLA+PW   lsd =0 sic =0 latt =0  beta=0.20 tr2=1.0E-14
     Exchange-correlation      = SLA+PW ( 1  4  0  0 0)
     mesh =1201 r(mesh) =  99.36527 a.u. xmin = -7.00 dx = 0.01250
     1 Ry =  13.60569193 eV, c = 137.03599966

     n l     nl                  e(Ry)          e(Ha)          e(eV)
     1 0     1S 1( 2.00)      -700.3192      -350.1596     -9528.3270
     2 0     2S 1( 2.00)       -86.4913       -43.2457     -1176.7744
     2 1     2P 1( 6.00)       -75.2699       -37.6350     -1024.0995
     3 0     3S 1( 2.00)       -10.9957        -5.4978      -149.6041
     3 1     3P 1( 6.00)        -7.6631        -3.8315      -104.2615
     3 2     3D 1(10.00)        -2.2951        -1.1475       -31.2264
     4 0     4S 1( 0.00)        -1.7080        -0.8540       -23.2379
     4 1     4P 1( 0.00)        -1.1534        -0.5767       -15.6924

     final scf error:  8.0E-15 reached in  28 iterations

     Etot =   -3584.512504 Ry,   -1792.256252 Ha,  -48769.772856 eV

     Ekin =    3640.182702 Ry,    1820.091351 Ha,   49527.204418 eV
     Encl =   -8600.751034 Ry,   -4300.375517 Ha, -117019.168938 eV
     Eh   =    1512.668059 Ry,     756.334030 Ha,   20580.895604 eV
     Exc  =    -136.612232 Ry,     -68.306116 Ha,   -1858.703941 eV


     normalization and overlap integrals

     s(1S/1S) =  1.000000  <r> =   0.0504  <r2> =    0.0034  r(max) =   0.0329
     s(1S/2S) = -0.004324
     s(1S/3S) = -0.001610
     s(1S/4S) = -0.000479
     s(2S/2S) =  1.000000  <r> =   0.2266  <r2> =    0.0606  r(max) =   0.1894
     s(2S/3S) = -0.000936
     s(2S/4S) = -0.000273
     s(2P/2P) =  1.000000  <r> =   0.1984  <r2> =    0.0483  r(max) =   0.1513
     s(2P/3P) = -0.000747
     s(2P/4P) = -0.000186
     s(3S/3S) =  1.000000  <r> =   0.6830  <r2> =    0.5395  r(max) =   0.5908
     s(3S/4S) = -0.000159
     s(3P/3P) =  1.000000  <r> =   0.7147  <r2> =    0.6040  r(max) =   0.5908
     s(3P/4P) = -0.000115
     s(3D/3D) =  1.000000  <r> =   0.8800  <r2> =    1.0188  r(max) =   0.5620
     s(4S/4S) =  1.000000  <r> =   2.1898  <r2> =    5.4566  r(max) =   1.8895
     s(4P/4P) =  1.000000  <r> =   2.6549  <r2> =    8.0725  r(max) =   2.2508

     ------------------------ End of All-electron run ------------------------


     ---------------------- Testing the pseudopotential ----------------------

     Zn                                                                         
     scalar relativistic calculation

     atomic number is 30.00   valence charge is 20.00
     dft =SLA+PW   lsd =0 sic =0 latt =0  beta=0.20 tr2=1.0E-14
     mesh =1201 r(mesh) =  99.36527 xmin = -7.00 dx = 0.01250

     n l     nl             e AE (Ry)        e PS (Ry)    De AE-PS (Ry) 
     1 0     3S   1( 2.00)      -10.99570      -10.99569       -0.00001
     2 1     3P   1( 6.00)       -7.66308       -7.66309        0.00001
     3 2     3D   1(10.00)       -2.29510       -2.29509       -0.00001

     eps = 1.9E-15  iter = 16

     Etot =   -3584.512504 Ry,   -1792.256252 Ha,  -48769.772856 eV
     Etotps =  -496.540554 Ry,    -248.270277 Ha,   -6755.777805 eV

     Ekin =     282.438882 Ry,     141.219441 Ha,    3842.776421 eV
     Encl =   -1118.080627 Ry,    -559.040313 Ha,  -15212.260564 eV
     Ehrt =     370.716735 Ry,     185.358367 Ha,    5043.857686 eV
     Ecxc =     -90.436144 Ry,     -45.218072 Ha,   -1230.446321 eV
     (Ecc =     -46.257003 Ry,     -23.128501 Ha,    -629.358531 eV)
     Epseu=      58.820601 Ry,      29.410300 Ha,     800.294973 eV

     ---------------------- End of pseudopotential test ----------------------

