srun: Job 21211898 step creation temporarily disabled, retrying (Requested nodes are busy)
srun: Step created for StepId=21211898.11

     Program PW2BGW v.7.1 starts on  1Feb2024 at 16: 7:40 

     This program is part of the open-source Quantum ESPRESSO suite
     for quantum simulation of materials; please cite
         "P. Giannozzi et al., J. Phys.:Condens. Matter 21 395502 (2009);
         "P. Giannozzi et al., J. Phys.:Condens. Matter 29 465901 (2017);
         "P. Giannozzi et al., J. Chem. Phys. 152 154105 (2020);
          URL http://www.quantum-espresso.org", 
     in publications or presentations arising from this work. More details at
     http://www.quantum-espresso.org/quote

     Parallel version (MPI & OpenMP), running on      64 processor cores
     Number of MPI processes:                 4
     Threads/MPI process:                    16

     MPI processes distributed on     1 nodes
     R & G space division:  proc/nbgrp/npool/nimage =       4
     500044 MiB available memory on the printing compute node when the environment starts


     Reading xml data from directory:

     ./SiC.save/
     file Si.pbe-mt_fhi.UPF: wavefunction(s)  4f renormalized
     file C.pbe-mt_fhi.UPF: wavefunction(s)  4f renormalized

     IMPORTANT: XC functional enforced from input :
     Exchange-correlation= PBE
                           (   1   4   3   4   0   0   0)
     Any further DFT definition will be discarded
     Please, verify this is what you really want


     Parallelization info
     --------------------
     sticks:   dense  smooth     PW     G-vecs:    dense   smooth      PW
     Min         186     186     60                 3383     3383     605
     Max         187     187     61                 3388     3388     606
     Sum         745     745    241                13539    13539    2421

     Using Slab Decomposition

     Reading collected, re-writing distributed wavefunctions

     NLCC is absent

     call write_wfng
     done write_wfng

     call write_vxcg
WARNING: resetting diag_nmax to max number of bands    85
WARNING: resetting diag_nmax to max number of bands    85
WARNING: resetting diag_nmax to max number of bands    85
     done write_vxcg

     call write_vxc_g
WARNING: resetting diag_nmax to max number of bands    85
     done write_vxc_g

     call write_vscg
     done write_vscg

     call write_vkbg
     done write_vkbg

     call write_rhog
     done write_rhog


     write_wfng   :      0.09s CPU      0.13s WALL (       1 calls)
     write_rhog   :      0.02s CPU      0.01s WALL (       1 calls)
     write_vxcg   :      0.13s CPU      0.01s WALL (       1 calls)
     write_vxc_g  :      0.69s CPU      0.31s WALL (       1 calls)
     write_vscg   :      0.00s CPU      0.01s WALL (       1 calls)
     write_vkbg   :      0.56s CPU      0.04s WALL (       1 calls)

     PW2BGW       :      3.12s CPU      1.09s WALL


   This run was terminated on:  16: 7:41   1Feb2024            

=------------------------------------------------------------------------------=
   JOB DONE.
=------------------------------------------------------------------------------=
