k-points are in crystal coordinates
nk(3) =     4    4    4
dk(3) =   0.500000000  0.500000000  0.500000000

direct lattice vectors
a1 =   1.000000000  0.000000000  0.000000000
a2 =   0.000000000  1.000000000  0.000000000
a3 =   0.000000000  0.000000000  1.000000000

unit cell volume =  0.100000000E+01

reciprocal lattice vectors
b1 =   6.283185307  0.000000000  0.000000000
b2 =   0.000000000  6.283185307  0.000000000
b3 =   0.000000000  0.000000000  6.283185307

symmetries of the Bravais lattice
 48
Space group 221, symbol Pm-3m                
r01 =     1   0   0     0   1   0     0   0   1      0.000000    0.000000    0.000000
r02 =     1   0   0     0   1   0     0   0  -1      0.000000    0.000000    0.000000
r03 =     1   0   0     0   0   1     0   1   0      0.000000    0.000000    0.000000
r04 =     1   0   0     0   0   1     0  -1   0      0.000000    0.000000    0.000000
r05 =     1   0   0     0  -1   0     0   0   1      0.000000    0.000000    0.000000
r06 =     1   0   0     0  -1   0     0   0  -1      0.000000    0.000000    0.000000
r07 =     1   0   0     0   0  -1     0   1   0      0.000000    0.000000    0.000000
r08 =     1   0   0     0   0  -1     0  -1   0      0.000000    0.000000    0.000000
r09 =     0   1   0     1   0   0     0   0   1      0.000000    0.000000    0.000000
r10 =     0   1   0     1   0   0     0   0  -1      0.000000    0.000000    0.000000
r11 =     0   1   0     0   0   1     1   0   0      0.000000    0.000000    0.000000
r12 =     0   1   0     0   0   1    -1   0   0      0.000000    0.000000    0.000000
r13 =     0   1   0    -1   0   0     0   0   1      0.000000    0.000000    0.000000
r14 =     0   1   0    -1   0   0     0   0  -1      0.000000    0.000000    0.000000
r15 =     0   1   0     0   0  -1     1   0   0      0.000000    0.000000    0.000000
r16 =     0   1   0     0   0  -1    -1   0   0      0.000000    0.000000    0.000000
r17 =     0   0   1     1   0   0     0   1   0      0.000000    0.000000    0.000000
r18 =     0   0   1     1   0   0     0  -1   0      0.000000    0.000000    0.000000
r19 =     0   0   1     0   1   0     1   0   0      0.000000    0.000000    0.000000
r20 =     0   0   1     0   1   0    -1   0   0      0.000000    0.000000    0.000000
r21 =     0   0   1    -1   0   0     0   1   0      0.000000    0.000000    0.000000
r22 =     0   0   1    -1   0   0     0  -1   0      0.000000    0.000000    0.000000
r23 =     0   0   1     0  -1   0     1   0   0      0.000000    0.000000    0.000000
r24 =     0   0   1     0  -1   0    -1   0   0      0.000000    0.000000    0.000000
r25 =    -1   0   0     0   1   0     0   0   1      0.000000    0.000000    0.000000
r26 =    -1   0   0     0   1   0     0   0  -1      0.000000    0.000000    0.000000
r27 =    -1   0   0     0   0   1     0   1   0      0.000000    0.000000    0.000000
r28 =    -1   0   0     0   0   1     0  -1   0      0.000000    0.000000    0.000000
r29 =    -1   0   0     0  -1   0     0   0   1      0.000000    0.000000    0.000000
r30 =    -1   0   0     0  -1   0     0   0  -1      0.000000    0.000000    0.000000
r31 =    -1   0   0     0   0  -1     0   1   0      0.000000    0.000000    0.000000
r32 =    -1   0   0     0   0  -1     0  -1   0      0.000000    0.000000    0.000000
r33 =     0  -1   0     1   0   0     0   0   1      0.000000    0.000000    0.000000
r34 =     0  -1   0     1   0   0     0   0  -1      0.000000    0.000000    0.000000
r35 =     0  -1   0     0   0   1     1   0   0      0.000000    0.000000    0.000000
r36 =     0  -1   0     0   0   1    -1   0   0      0.000000    0.000000    0.000000
r37 =     0  -1   0    -1   0   0     0   0   1      0.000000    0.000000    0.000000
r38 =     0  -1   0    -1   0   0     0   0  -1      0.000000    0.000000    0.000000
r39 =     0  -1   0     0   0  -1     1   0   0      0.000000    0.000000    0.000000
r40 =     0  -1   0     0   0  -1    -1   0   0      0.000000    0.000000    0.000000
r41 =     0   0  -1     1   0   0     0   1   0      0.000000    0.000000    0.000000
r42 =     0   0  -1     1   0   0     0  -1   0      0.000000    0.000000    0.000000
r43 =     0   0  -1     0   1   0     1   0   0      0.000000    0.000000    0.000000
r44 =     0   0  -1     0   1   0    -1   0   0      0.000000    0.000000    0.000000
r45 =     0   0  -1    -1   0   0     0   1   0      0.000000    0.000000    0.000000
r46 =     0   0  -1    -1   0   0     0  -1   0      0.000000    0.000000    0.000000
r47 =     0   0  -1     0  -1   0     1   0   0      0.000000    0.000000    0.000000
r48 =     0   0  -1     0  -1   0    -1   0   0      0.000000    0.000000    0.000000

symmetries of the crystal without FFT grid
 48
Space group 221, symbol Pm-3m                
r01 =     1   0   0     0   1   0     0   0   1      0.000000    0.000000    0.000000
r02 =     1   0   0     0   1   0     0   0  -1      0.000000    0.000000    0.000000
r03 =     1   0   0     0   0   1     0   1   0      0.000000    0.000000    0.000000
r04 =     1   0   0     0   0   1     0  -1   0      0.000000    0.000000    0.000000
r05 =     1   0   0     0  -1   0     0   0   1      0.000000    0.000000    0.000000
r06 =     1   0   0     0  -1   0     0   0  -1      0.000000    0.000000    0.000000
r07 =     1   0   0     0   0  -1     0   1   0      0.000000    0.000000    0.000000
r08 =     1   0   0     0   0  -1     0  -1   0      0.000000    0.000000    0.000000
r09 =     0   1   0     1   0   0     0   0   1      0.000000    0.000000    0.000000
r10 =     0   1   0     1   0   0     0   0  -1      0.000000    0.000000    0.000000
r11 =     0   1   0     0   0   1     1   0   0      0.000000    0.000000    0.000000
r12 =     0   1   0     0   0   1    -1   0   0      0.000000    0.000000    0.000000
r13 =     0   1   0    -1   0   0     0   0   1      0.000000    0.000000    0.000000
r14 =     0   1   0    -1   0   0     0   0  -1      0.000000    0.000000    0.000000
r15 =     0   1   0     0   0  -1     1   0   0      0.000000    0.000000    0.000000
r16 =     0   1   0     0   0  -1    -1   0   0      0.000000    0.000000    0.000000
r17 =     0   0   1     1   0   0     0   1   0      0.000000    0.000000    0.000000
r18 =     0   0   1     1   0   0     0  -1   0      0.000000    0.000000    0.000000
r19 =     0   0   1     0   1   0     1   0   0      0.000000    0.000000    0.000000
r20 =     0   0   1     0   1   0    -1   0   0      0.000000    0.000000    0.000000
r21 =     0   0   1    -1   0   0     0   1   0      0.000000    0.000000    0.000000
r22 =     0   0   1    -1   0   0     0  -1   0      0.000000    0.000000    0.000000
r23 =     0   0   1     0  -1   0     1   0   0      0.000000    0.000000    0.000000
r24 =     0   0   1     0  -1   0    -1   0   0      0.000000    0.000000    0.000000
r25 =    -1   0   0     0   1   0     0   0   1      0.000000    0.000000    0.000000
r26 =    -1   0   0     0   1   0     0   0  -1      0.000000    0.000000    0.000000
r27 =    -1   0   0     0   0   1     0   1   0      0.000000    0.000000    0.000000
r28 =    -1   0   0     0   0   1     0  -1   0      0.000000    0.000000    0.000000
r29 =    -1   0   0     0  -1   0     0   0   1      0.000000    0.000000    0.000000
r30 =    -1   0   0     0  -1   0     0   0  -1      0.000000    0.000000    0.000000
r31 =    -1   0   0     0   0  -1     0   1   0      0.000000    0.000000    0.000000
r32 =    -1   0   0     0   0  -1     0  -1   0      0.000000    0.000000    0.000000
r33 =     0  -1   0     1   0   0     0   0   1      0.000000    0.000000    0.000000
r34 =     0  -1   0     1   0   0     0   0  -1      0.000000    0.000000    0.000000
r35 =     0  -1   0     0   0   1     1   0   0      0.000000    0.000000    0.000000
r36 =     0  -1   0     0   0   1    -1   0   0      0.000000    0.000000    0.000000
r37 =     0  -1   0    -1   0   0     0   0   1      0.000000    0.000000    0.000000
r38 =     0  -1   0    -1   0   0     0   0  -1      0.000000    0.000000    0.000000
r39 =     0  -1   0     0   0  -1     1   0   0      0.000000    0.000000    0.000000
r40 =     0  -1   0     0   0  -1    -1   0   0      0.000000    0.000000    0.000000
r41 =     0   0  -1     1   0   0     0   1   0      0.000000    0.000000    0.000000
r42 =     0   0  -1     1   0   0     0  -1   0      0.000000    0.000000    0.000000
r43 =     0   0  -1     0   1   0     1   0   0      0.000000    0.000000    0.000000
r44 =     0   0  -1     0   1   0    -1   0   0      0.000000    0.000000    0.000000
r45 =     0   0  -1    -1   0   0     0   1   0      0.000000    0.000000    0.000000
r46 =     0   0  -1    -1   0   0     0  -1   0      0.000000    0.000000    0.000000
r47 =     0   0  -1     0  -1   0     1   0   0      0.000000    0.000000    0.000000
r48 =     0   0  -1     0  -1   0    -1   0   0      0.000000    0.000000    0.000000

symmetries that reduce the k-points
r02 =     1   0   0     0   1   0     0   0  -1
r03 =     1   0   0     0   0   1     0   1   0
r09 =     0   1   0     1   0   0     0   0   1

k-points in the original uniform grid
     64
      1  0.125000000  0.125000000  0.125000000   8.0       0  ---
      2  0.125000000  0.125000000  0.375000000  24.0       0  ---
      3  0.125000000  0.125000000  0.625000000   0.0       2  r02
      4  0.125000000  0.125000000  0.875000000   0.0       1  r02
      5  0.125000000  0.375000000  0.125000000   0.0       2  r03
      6  0.125000000  0.375000000  0.375000000  24.0       0  ---
      7  0.125000000  0.375000000  0.625000000   0.0       6  r02
      8  0.125000000  0.375000000  0.875000000   0.0       2  r02
      9  0.125000000  0.625000000  0.125000000   0.0       2  r03
     10  0.125000000  0.625000000  0.375000000   0.0       6  r03
     11  0.125000000  0.625000000  0.625000000   0.0       6  r02
     12  0.125000000  0.625000000  0.875000000   0.0       2  r02
     13  0.125000000  0.875000000  0.125000000   0.0       1  r03
     14  0.125000000  0.875000000  0.375000000   0.0       2  r03
     15  0.125000000  0.875000000  0.625000000   0.0       2  r02
     16  0.125000000  0.875000000  0.875000000   0.0       1  r02
     17  0.375000000  0.125000000  0.125000000   0.0       2  r09
     18  0.375000000  0.125000000  0.375000000   0.0       6  r09
     19  0.375000000  0.125000000  0.625000000   0.0       6  r02
     20  0.375000000  0.125000000  0.875000000   0.0       2  r02
     21  0.375000000  0.375000000  0.125000000   0.0       6  r03
     22  0.375000000  0.375000000  0.375000000   8.0       0  ---
     23  0.375000000  0.375000000  0.625000000   0.0      22  r02
     24  0.375000000  0.375000000  0.875000000   0.0       6  r02
     25  0.375000000  0.625000000  0.125000000   0.0       6  r03
     26  0.375000000  0.625000000  0.375000000   0.0      22  r03
     27  0.375000000  0.625000000  0.625000000   0.0      22  r02
     28  0.375000000  0.625000000  0.875000000   0.0       6  r02
     29  0.375000000  0.875000000  0.125000000   0.0       2  r03
     30  0.375000000  0.875000000  0.375000000   0.0       6  r03
     31  0.375000000  0.875000000  0.625000000   0.0       6  r02
     32  0.375000000  0.875000000  0.875000000   0.0       2  r02
     33  0.625000000  0.125000000  0.125000000   0.0       2  r09
     34  0.625000000  0.125000000  0.375000000   0.0       6  r09
     35  0.625000000  0.125000000  0.625000000   0.0       6  r02
     36  0.625000000  0.125000000  0.875000000   0.0       2  r02
     37  0.625000000  0.375000000  0.125000000   0.0       6  r03
     38  0.625000000  0.375000000  0.375000000   0.0      22  r09
     39  0.625000000  0.375000000  0.625000000   0.0      22  r02
     40  0.625000000  0.375000000  0.875000000   0.0       6  r02
     41  0.625000000  0.625000000  0.125000000   0.0       6  r03
     42  0.625000000  0.625000000  0.375000000   0.0      22  r03
     43  0.625000000  0.625000000  0.625000000   0.0      22  r02
     44  0.625000000  0.625000000  0.875000000   0.0       6  r02
     45  0.625000000  0.875000000  0.125000000   0.0       2  r03
     46  0.625000000  0.875000000  0.375000000   0.0       6  r03
     47  0.625000000  0.875000000  0.625000000   0.0       6  r02
     48  0.625000000  0.875000000  0.875000000   0.0       2  r02
     49  0.875000000  0.125000000  0.125000000   0.0       1  r09
     50  0.875000000  0.125000000  0.375000000   0.0       2  r09
     51  0.875000000  0.125000000  0.625000000   0.0       2  r02
     52  0.875000000  0.125000000  0.875000000   0.0       1  r02
     53  0.875000000  0.375000000  0.125000000   0.0       2  r03
     54  0.875000000  0.375000000  0.375000000   0.0       6  r09
     55  0.875000000  0.375000000  0.625000000   0.0       6  r02
     56  0.875000000  0.375000000  0.875000000   0.0       2  r02
     57  0.875000000  0.625000000  0.125000000   0.0       2  r03
     58  0.875000000  0.625000000  0.375000000   0.0       6  r03
     59  0.875000000  0.625000000  0.625000000   0.0       6  r02
     60  0.875000000  0.625000000  0.875000000   0.0       2  r02
     61  0.875000000  0.875000000  0.125000000   0.0       1  r03
     62  0.875000000  0.875000000  0.375000000   0.0       2  r03
     63  0.875000000  0.875000000  0.625000000   0.0       2  r02
     64  0.875000000  0.875000000  0.875000000   0.0       1  r02

k-points in the irreducible wedge
      4
      1  0.125000000  0.125000000  0.125000000   8.0       1
      2  0.125000000  0.125000000  0.375000000  24.0       2
      3  0.125000000  0.375000000  0.375000000  24.0       6
      4  0.375000000  0.375000000  0.375000000   8.0      22

