k-points are in crystal coordinates
nk(3) =     6    6    6
dk(3) =   0.000000000  0.000000000  0.000000000

direct lattice vectors
a1 =   1.000000000  0.000000000  0.000000000
a2 =   0.000000000  1.000000000  0.000000000
a3 =   0.000000000  0.000000000  1.000000000

unit cell volume =  0.100000000E+01

reciprocal lattice vectors
b1 =   6.283185307  0.000000000  0.000000000
b2 =   0.000000000  6.283185307  0.000000000
b3 =   0.000000000  0.000000000  6.283185307

symmetries of the Bravais lattice
 48
Space group 221, symbol Pm-3m                
r01 =     1   0   0     0   1   0     0   0   1      0.000000    0.000000    0.000000
r02 =     1   0   0     0   1   0     0   0  -1      0.000000    0.000000    0.000000
r03 =     1   0   0     0   0   1     0   1   0      0.000000    0.000000    0.000000
r04 =     1   0   0     0   0   1     0  -1   0      0.000000    0.000000    0.000000
r05 =     1   0   0     0  -1   0     0   0   1      0.000000    0.000000    0.000000
r06 =     1   0   0     0  -1   0     0   0  -1      0.000000    0.000000    0.000000
r07 =     1   0   0     0   0  -1     0   1   0      0.000000    0.000000    0.000000
r08 =     1   0   0     0   0  -1     0  -1   0      0.000000    0.000000    0.000000
r09 =     0   1   0     1   0   0     0   0   1      0.000000    0.000000    0.000000
r10 =     0   1   0     1   0   0     0   0  -1      0.000000    0.000000    0.000000
r11 =     0   1   0     0   0   1     1   0   0      0.000000    0.000000    0.000000
r12 =     0   1   0     0   0   1    -1   0   0      0.000000    0.000000    0.000000
r13 =     0   1   0    -1   0   0     0   0   1      0.000000    0.000000    0.000000
r14 =     0   1   0    -1   0   0     0   0  -1      0.000000    0.000000    0.000000
r15 =     0   1   0     0   0  -1     1   0   0      0.000000    0.000000    0.000000
r16 =     0   1   0     0   0  -1    -1   0   0      0.000000    0.000000    0.000000
r17 =     0   0   1     1   0   0     0   1   0      0.000000    0.000000    0.000000
r18 =     0   0   1     1   0   0     0  -1   0      0.000000    0.000000    0.000000
r19 =     0   0   1     0   1   0     1   0   0      0.000000    0.000000    0.000000
r20 =     0   0   1     0   1   0    -1   0   0      0.000000    0.000000    0.000000
r21 =     0   0   1    -1   0   0     0   1   0      0.000000    0.000000    0.000000
r22 =     0   0   1    -1   0   0     0  -1   0      0.000000    0.000000    0.000000
r23 =     0   0   1     0  -1   0     1   0   0      0.000000    0.000000    0.000000
r24 =     0   0   1     0  -1   0    -1   0   0      0.000000    0.000000    0.000000
r25 =    -1   0   0     0   1   0     0   0   1      0.000000    0.000000    0.000000
r26 =    -1   0   0     0   1   0     0   0  -1      0.000000    0.000000    0.000000
r27 =    -1   0   0     0   0   1     0   1   0      0.000000    0.000000    0.000000
r28 =    -1   0   0     0   0   1     0  -1   0      0.000000    0.000000    0.000000
r29 =    -1   0   0     0  -1   0     0   0   1      0.000000    0.000000    0.000000
r30 =    -1   0   0     0  -1   0     0   0  -1      0.000000    0.000000    0.000000
r31 =    -1   0   0     0   0  -1     0   1   0      0.000000    0.000000    0.000000
r32 =    -1   0   0     0   0  -1     0  -1   0      0.000000    0.000000    0.000000
r33 =     0  -1   0     1   0   0     0   0   1      0.000000    0.000000    0.000000
r34 =     0  -1   0     1   0   0     0   0  -1      0.000000    0.000000    0.000000
r35 =     0  -1   0     0   0   1     1   0   0      0.000000    0.000000    0.000000
r36 =     0  -1   0     0   0   1    -1   0   0      0.000000    0.000000    0.000000
r37 =     0  -1   0    -1   0   0     0   0   1      0.000000    0.000000    0.000000
r38 =     0  -1   0    -1   0   0     0   0  -1      0.000000    0.000000    0.000000
r39 =     0  -1   0     0   0  -1     1   0   0      0.000000    0.000000    0.000000
r40 =     0  -1   0     0   0  -1    -1   0   0      0.000000    0.000000    0.000000
r41 =     0   0  -1     1   0   0     0   1   0      0.000000    0.000000    0.000000
r42 =     0   0  -1     1   0   0     0  -1   0      0.000000    0.000000    0.000000
r43 =     0   0  -1     0   1   0     1   0   0      0.000000    0.000000    0.000000
r44 =     0   0  -1     0   1   0    -1   0   0      0.000000    0.000000    0.000000
r45 =     0   0  -1    -1   0   0     0   1   0      0.000000    0.000000    0.000000
r46 =     0   0  -1    -1   0   0     0  -1   0      0.000000    0.000000    0.000000
r47 =     0   0  -1     0  -1   0     1   0   0      0.000000    0.000000    0.000000
r48 =     0   0  -1     0  -1   0    -1   0   0      0.000000    0.000000    0.000000

symmetries of the crystal without FFT grid
 48
Space group 221, symbol Pm-3m                
r01 =     1   0   0     0   1   0     0   0   1      0.000000    0.000000    0.000000
r02 =     1   0   0     0   1   0     0   0  -1      0.000000    0.000000    0.000000
r03 =     1   0   0     0   0   1     0   1   0      0.000000    0.000000    0.000000
r04 =     1   0   0     0   0   1     0  -1   0      0.000000    0.000000    0.000000
r05 =     1   0   0     0  -1   0     0   0   1      0.000000    0.000000    0.000000
r06 =     1   0   0     0  -1   0     0   0  -1      0.000000    0.000000    0.000000
r07 =     1   0   0     0   0  -1     0   1   0      0.000000    0.000000    0.000000
r08 =     1   0   0     0   0  -1     0  -1   0      0.000000    0.000000    0.000000
r09 =     0   1   0     1   0   0     0   0   1      0.000000    0.000000    0.000000
r10 =     0   1   0     1   0   0     0   0  -1      0.000000    0.000000    0.000000
r11 =     0   1   0     0   0   1     1   0   0      0.000000    0.000000    0.000000
r12 =     0   1   0     0   0   1    -1   0   0      0.000000    0.000000    0.000000
r13 =     0   1   0    -1   0   0     0   0   1      0.000000    0.000000    0.000000
r14 =     0   1   0    -1   0   0     0   0  -1      0.000000    0.000000    0.000000
r15 =     0   1   0     0   0  -1     1   0   0      0.000000    0.000000    0.000000
r16 =     0   1   0     0   0  -1    -1   0   0      0.000000    0.000000    0.000000
r17 =     0   0   1     1   0   0     0   1   0      0.000000    0.000000    0.000000
r18 =     0   0   1     1   0   0     0  -1   0      0.000000    0.000000    0.000000
r19 =     0   0   1     0   1   0     1   0   0      0.000000    0.000000    0.000000
r20 =     0   0   1     0   1   0    -1   0   0      0.000000    0.000000    0.000000
r21 =     0   0   1    -1   0   0     0   1   0      0.000000    0.000000    0.000000
r22 =     0   0   1    -1   0   0     0  -1   0      0.000000    0.000000    0.000000
r23 =     0   0   1     0  -1   0     1   0   0      0.000000    0.000000    0.000000
r24 =     0   0   1     0  -1   0    -1   0   0      0.000000    0.000000    0.000000
r25 =    -1   0   0     0   1   0     0   0   1      0.000000    0.000000    0.000000
r26 =    -1   0   0     0   1   0     0   0  -1      0.000000    0.000000    0.000000
r27 =    -1   0   0     0   0   1     0   1   0      0.000000    0.000000    0.000000
r28 =    -1   0   0     0   0   1     0  -1   0      0.000000    0.000000    0.000000
r29 =    -1   0   0     0  -1   0     0   0   1      0.000000    0.000000    0.000000
r30 =    -1   0   0     0  -1   0     0   0  -1      0.000000    0.000000    0.000000
r31 =    -1   0   0     0   0  -1     0   1   0      0.000000    0.000000    0.000000
r32 =    -1   0   0     0   0  -1     0  -1   0      0.000000    0.000000    0.000000
r33 =     0  -1   0     1   0   0     0   0   1      0.000000    0.000000    0.000000
r34 =     0  -1   0     1   0   0     0   0  -1      0.000000    0.000000    0.000000
r35 =     0  -1   0     0   0   1     1   0   0      0.000000    0.000000    0.000000
r36 =     0  -1   0     0   0   1    -1   0   0      0.000000    0.000000    0.000000
r37 =     0  -1   0    -1   0   0     0   0   1      0.000000    0.000000    0.000000
r38 =     0  -1   0    -1   0   0     0   0  -1      0.000000    0.000000    0.000000
r39 =     0  -1   0     0   0  -1     1   0   0      0.000000    0.000000    0.000000
r40 =     0  -1   0     0   0  -1    -1   0   0      0.000000    0.000000    0.000000
r41 =     0   0  -1     1   0   0     0   1   0      0.000000    0.000000    0.000000
r42 =     0   0  -1     1   0   0     0  -1   0      0.000000    0.000000    0.000000
r43 =     0   0  -1     0   1   0     1   0   0      0.000000    0.000000    0.000000
r44 =     0   0  -1     0   1   0    -1   0   0      0.000000    0.000000    0.000000
r45 =     0   0  -1    -1   0   0     0   1   0      0.000000    0.000000    0.000000
r46 =     0   0  -1    -1   0   0     0  -1   0      0.000000    0.000000    0.000000
r47 =     0   0  -1     0  -1   0     1   0   0      0.000000    0.000000    0.000000
r48 =     0   0  -1     0  -1   0    -1   0   0      0.000000    0.000000    0.000000

symmetries that reduce the k-points
r02 =     1   0   0     0   1   0     0   0  -1
r03 =     1   0   0     0   0   1     0   1   0
r09 =     0   1   0     1   0   0     0   0   1

k-points in the original uniform grid
    216
      1  0.000000000  0.000000000  0.000000000   1.0       0  ---
      2  0.000000000  0.000000000  0.166666667   6.0       0  ---
      3  0.000000000  0.000000000  0.333333333   6.0       0  ---
      4  0.000000000  0.000000000  0.500000000   3.0       0  ---
      5  0.000000000  0.000000000  0.666666667   0.0       3  r02
      6  0.000000000  0.000000000  0.833333333   0.0       2  r02
      7  0.000000000  0.166666667  0.000000000   0.0       2  r03
      8  0.000000000  0.166666667  0.166666667  12.0       0  ---
      9  0.000000000  0.166666667  0.333333333  24.0       0  ---
     10  0.000000000  0.166666667  0.500000000  12.0       0  ---
     11  0.000000000  0.166666667  0.666666667   0.0       9  r02
     12  0.000000000  0.166666667  0.833333333   0.0       8  r02
     13  0.000000000  0.333333333  0.000000000   0.0       3  r03
     14  0.000000000  0.333333333  0.166666667   0.0       9  r03
     15  0.000000000  0.333333333  0.333333333  12.0       0  ---
     16  0.000000000  0.333333333  0.500000000  12.0       0  ---
     17  0.000000000  0.333333333  0.666666667   0.0      15  r02
     18  0.000000000  0.333333333  0.833333333   0.0       9  r02
     19  0.000000000  0.500000000  0.000000000   0.0       4  r03
     20  0.000000000  0.500000000  0.166666667   0.0      10  r03
     21  0.000000000  0.500000000  0.333333333   0.0      16  r03
     22  0.000000000  0.500000000  0.500000000   3.0       0  ---
     23  0.000000000  0.500000000  0.666666667   0.0      16  r02
     24  0.000000000  0.500000000  0.833333333   0.0      10  r02
     25  0.000000000  0.666666667  0.000000000   0.0       3  r03
     26  0.000000000  0.666666667  0.166666667   0.0       9  r03
     27  0.000000000  0.666666667  0.333333333   0.0      15  r03
     28  0.000000000  0.666666667  0.500000000   0.0      16  r03
     29  0.000000000  0.666666667  0.666666667   0.0      15  r02
     30  0.000000000  0.666666667  0.833333333   0.0       9  r02
     31  0.000000000  0.833333333  0.000000000   0.0       2  r03
     32  0.000000000  0.833333333  0.166666667   0.0       8  r03
     33  0.000000000  0.833333333  0.333333333   0.0       9  r03
     34  0.000000000  0.833333333  0.500000000   0.0      10  r03
     35  0.000000000  0.833333333  0.666666667   0.0       9  r02
     36  0.000000000  0.833333333  0.833333333   0.0       8  r02
     37  0.166666667  0.000000000  0.000000000   0.0       2  r09
     38  0.166666667  0.000000000  0.166666667   0.0       8  r09
     39  0.166666667  0.000000000  0.333333333   0.0       9  r09
     40  0.166666667  0.000000000  0.500000000   0.0      10  r09
     41  0.166666667  0.000000000  0.666666667   0.0       9  r02
     42  0.166666667  0.000000000  0.833333333   0.0       8  r02
     43  0.166666667  0.166666667  0.000000000   0.0       8  r03
     44  0.166666667  0.166666667  0.166666667   8.0       0  ---
     45  0.166666667  0.166666667  0.333333333  24.0       0  ---
     46  0.166666667  0.166666667  0.500000000  12.0       0  ---
     47  0.166666667  0.166666667  0.666666667   0.0      45  r02
     48  0.166666667  0.166666667  0.833333333   0.0      44  r02
     49  0.166666667  0.333333333  0.000000000   0.0       9  r03
     50  0.166666667  0.333333333  0.166666667   0.0      45  r03
     51  0.166666667  0.333333333  0.333333333  24.0       0  ---
     52  0.166666667  0.333333333  0.500000000  24.0       0  ---
     53  0.166666667  0.333333333  0.666666667   0.0      51  r02
     54  0.166666667  0.333333333  0.833333333   0.0      45  r02
     55  0.166666667  0.500000000  0.000000000   0.0      10  r03
     56  0.166666667  0.500000000  0.166666667   0.0      46  r03
     57  0.166666667  0.500000000  0.333333333   0.0      52  r03
     58  0.166666667  0.500000000  0.500000000   6.0       0  ---
     59  0.166666667  0.500000000  0.666666667   0.0      52  r02
     60  0.166666667  0.500000000  0.833333333   0.0      46  r02
     61  0.166666667  0.666666667  0.000000000   0.0       9  r03
     62  0.166666667  0.666666667  0.166666667   0.0      45  r03
     63  0.166666667  0.666666667  0.333333333   0.0      51  r03
     64  0.166666667  0.666666667  0.500000000   0.0      52  r03
     65  0.166666667  0.666666667  0.666666667   0.0      51  r02
     66  0.166666667  0.666666667  0.833333333   0.0      45  r02
     67  0.166666667  0.833333333  0.000000000   0.0       8  r03
     68  0.166666667  0.833333333  0.166666667   0.0      44  r03
     69  0.166666667  0.833333333  0.333333333   0.0      45  r03
     70  0.166666667  0.833333333  0.500000000   0.0      46  r03
     71  0.166666667  0.833333333  0.666666667   0.0      45  r02
     72  0.166666667  0.833333333  0.833333333   0.0      44  r02
     73  0.333333333  0.000000000  0.000000000   0.0       3  r09
     74  0.333333333  0.000000000  0.166666667   0.0       9  r09
     75  0.333333333  0.000000000  0.333333333   0.0      15  r09
     76  0.333333333  0.000000000  0.500000000   0.0      16  r09
     77  0.333333333  0.000000000  0.666666667   0.0      15  r02
     78  0.333333333  0.000000000  0.833333333   0.0       9  r02
     79  0.333333333  0.166666667  0.000000000   0.0       9  r03
     80  0.333333333  0.166666667  0.166666667   0.0      45  r09
     81  0.333333333  0.166666667  0.333333333   0.0      51  r09
     82  0.333333333  0.166666667  0.500000000   0.0      52  r09
     83  0.333333333  0.166666667  0.666666667   0.0      51  r02
     84  0.333333333  0.166666667  0.833333333   0.0      45  r02
     85  0.333333333  0.333333333  0.000000000   0.0      15  r03
     86  0.333333333  0.333333333  0.166666667   0.0      51  r03
     87  0.333333333  0.333333333  0.333333333   8.0       0  ---
     88  0.333333333  0.333333333  0.500000000  12.0       0  ---
     89  0.333333333  0.333333333  0.666666667   0.0      87  r02
     90  0.333333333  0.333333333  0.833333333   0.0      51  r02
     91  0.333333333  0.500000000  0.000000000   0.0      16  r03
     92  0.333333333  0.500000000  0.166666667   0.0      52  r03
     93  0.333333333  0.500000000  0.333333333   0.0      88  r03
     94  0.333333333  0.500000000  0.500000000   6.0       0  ---
     95  0.333333333  0.500000000  0.666666667   0.0      88  r02
     96  0.333333333  0.500000000  0.833333333   0.0      52  r02
     97  0.333333333  0.666666667  0.000000000   0.0      15  r03
     98  0.333333333  0.666666667  0.166666667   0.0      51  r03
     99  0.333333333  0.666666667  0.333333333   0.0      87  r03
    100  0.333333333  0.666666667  0.500000000   0.0      88  r03
    101  0.333333333  0.666666667  0.666666667   0.0      87  r02
    102  0.333333333  0.666666667  0.833333333   0.0      51  r02
    103  0.333333333  0.833333333  0.000000000   0.0       9  r03
    104  0.333333333  0.833333333  0.166666667   0.0      45  r03
    105  0.333333333  0.833333333  0.333333333   0.0      51  r03
    106  0.333333333  0.833333333  0.500000000   0.0      52  r03
    107  0.333333333  0.833333333  0.666666667   0.0      51  r02
    108  0.333333333  0.833333333  0.833333333   0.0      45  r02
    109  0.500000000  0.000000000  0.000000000   0.0       4  r09
    110  0.500000000  0.000000000  0.166666667   0.0      10  r09
    111  0.500000000  0.000000000  0.333333333   0.0      16  r09
    112  0.500000000  0.000000000  0.500000000   0.0      22  r09
    113  0.500000000  0.000000000  0.666666667   0.0      16  r02
    114  0.500000000  0.000000000  0.833333333   0.0      10  r02
    115  0.500000000  0.166666667  0.000000000   0.0      10  r03
    116  0.500000000  0.166666667  0.166666667   0.0      46  r09
    117  0.500000000  0.166666667  0.333333333   0.0      52  r09
    118  0.500000000  0.166666667  0.500000000   0.0      58  r09
    119  0.500000000  0.166666667  0.666666667   0.0      52  r02
    120  0.500000000  0.166666667  0.833333333   0.0      46  r02
    121  0.500000000  0.333333333  0.000000000   0.0      16  r03
    122  0.500000000  0.333333333  0.166666667   0.0      52  r03
    123  0.500000000  0.333333333  0.333333333   0.0      88  r09
    124  0.500000000  0.333333333  0.500000000   0.0      94  r09
    125  0.500000000  0.333333333  0.666666667   0.0      88  r02
    126  0.500000000  0.333333333  0.833333333   0.0      52  r02
    127  0.500000000  0.500000000  0.000000000   0.0      22  r03
    128  0.500000000  0.500000000  0.166666667   0.0      58  r03
    129  0.500000000  0.500000000  0.333333333   0.0      94  r03
    130  0.500000000  0.500000000  0.500000000   1.0       0  ---
    131  0.500000000  0.500000000  0.666666667   0.0      94  r02
    132  0.500000000  0.500000000  0.833333333   0.0      58  r02
    133  0.500000000  0.666666667  0.000000000   0.0      16  r03
    134  0.500000000  0.666666667  0.166666667   0.0      52  r03
    135  0.500000000  0.666666667  0.333333333   0.0      88  r03
    136  0.500000000  0.666666667  0.500000000   0.0      94  r03
    137  0.500000000  0.666666667  0.666666667   0.0      88  r02
    138  0.500000000  0.666666667  0.833333333   0.0      52  r02
    139  0.500000000  0.833333333  0.000000000   0.0      10  r03
    140  0.500000000  0.833333333  0.166666667   0.0      46  r03
    141  0.500000000  0.833333333  0.333333333   0.0      52  r03
    142  0.500000000  0.833333333  0.500000000   0.0      58  r03
    143  0.500000000  0.833333333  0.666666667   0.0      52  r02
    144  0.500000000  0.833333333  0.833333333   0.0      46  r02
    145  0.666666667  0.000000000  0.000000000   0.0       3  r09
    146  0.666666667  0.000000000  0.166666667   0.0       9  r09
    147  0.666666667  0.000000000  0.333333333   0.0      15  r09
    148  0.666666667  0.000000000  0.500000000   0.0      16  r09
    149  0.666666667  0.000000000  0.666666667   0.0      15  r02
    150  0.666666667  0.000000000  0.833333333   0.0       9  r02
    151  0.666666667  0.166666667  0.000000000   0.0       9  r03
    152  0.666666667  0.166666667  0.166666667   0.0      45  r09
    153  0.666666667  0.166666667  0.333333333   0.0      51  r09
    154  0.666666667  0.166666667  0.500000000   0.0      52  r09
    155  0.666666667  0.166666667  0.666666667   0.0      51  r02
    156  0.666666667  0.166666667  0.833333333   0.0      45  r02
    157  0.666666667  0.333333333  0.000000000   0.0      15  r03
    158  0.666666667  0.333333333  0.166666667   0.0      51  r03
    159  0.666666667  0.333333333  0.333333333   0.0      87  r09
    160  0.666666667  0.333333333  0.500000000   0.0      88  r09
    161  0.666666667  0.333333333  0.666666667   0.0      87  r02
    162  0.666666667  0.333333333  0.833333333   0.0      51  r02
    163  0.666666667  0.500000000  0.000000000   0.0      16  r03
    164  0.666666667  0.500000000  0.166666667   0.0      52  r03
    165  0.666666667  0.500000000  0.333333333   0.0      88  r03
    166  0.666666667  0.500000000  0.500000000   0.0      94  r09
    167  0.666666667  0.500000000  0.666666667   0.0      88  r02
    168  0.666666667  0.500000000  0.833333333   0.0      52  r02
    169  0.666666667  0.666666667  0.000000000   0.0      15  r03
    170  0.666666667  0.666666667  0.166666667   0.0      51  r03
    171  0.666666667  0.666666667  0.333333333   0.0      87  r03
    172  0.666666667  0.666666667  0.500000000   0.0      88  r03
    173  0.666666667  0.666666667  0.666666667   0.0      87  r02
    174  0.666666667  0.666666667  0.833333333   0.0      51  r02
    175  0.666666667  0.833333333  0.000000000   0.0       9  r03
    176  0.666666667  0.833333333  0.166666667   0.0      45  r03
    177  0.666666667  0.833333333  0.333333333   0.0      51  r03
    178  0.666666667  0.833333333  0.500000000   0.0      52  r03
    179  0.666666667  0.833333333  0.666666667   0.0      51  r02
    180  0.666666667  0.833333333  0.833333333   0.0      45  r02
    181  0.833333333  0.000000000  0.000000000   0.0       2  r09
    182  0.833333333  0.000000000  0.166666667   0.0       8  r09
    183  0.833333333  0.000000000  0.333333333   0.0       9  r09
    184  0.833333333  0.000000000  0.500000000   0.0      10  r09
    185  0.833333333  0.000000000  0.666666667   0.0       9  r02
    186  0.833333333  0.000000000  0.833333333   0.0       8  r02
    187  0.833333333  0.166666667  0.000000000   0.0       8  r03
    188  0.833333333  0.166666667  0.166666667   0.0      44  r09
    189  0.833333333  0.166666667  0.333333333   0.0      45  r09
    190  0.833333333  0.166666667  0.500000000   0.0      46  r09
    191  0.833333333  0.166666667  0.666666667   0.0      45  r02
    192  0.833333333  0.166666667  0.833333333   0.0      44  r02
    193  0.833333333  0.333333333  0.000000000   0.0       9  r03
    194  0.833333333  0.333333333  0.166666667   0.0      45  r03
    195  0.833333333  0.333333333  0.333333333   0.0      51  r09
    196  0.833333333  0.333333333  0.500000000   0.0      52  r09
    197  0.833333333  0.333333333  0.666666667   0.0      51  r02
    198  0.833333333  0.333333333  0.833333333   0.0      45  r02
    199  0.833333333  0.500000000  0.000000000   0.0      10  r03
    200  0.833333333  0.500000000  0.166666667   0.0      46  r03
    201  0.833333333  0.500000000  0.333333333   0.0      52  r03
    202  0.833333333  0.500000000  0.500000000   0.0      58  r09
    203  0.833333333  0.500000000  0.666666667   0.0      52  r02
    204  0.833333333  0.500000000  0.833333333   0.0      46  r02
    205  0.833333333  0.666666667  0.000000000   0.0       9  r03
    206  0.833333333  0.666666667  0.166666667   0.0      45  r03
    207  0.833333333  0.666666667  0.333333333   0.0      51  r03
    208  0.833333333  0.666666667  0.500000000   0.0      52  r03
    209  0.833333333  0.666666667  0.666666667   0.0      51  r02
    210  0.833333333  0.666666667  0.833333333   0.0      45  r02
    211  0.833333333  0.833333333  0.000000000   0.0       8  r03
    212  0.833333333  0.833333333  0.166666667   0.0      44  r03
    213  0.833333333  0.833333333  0.333333333   0.0      45  r03
    214  0.833333333  0.833333333  0.500000000   0.0      46  r03
    215  0.833333333  0.833333333  0.666666667   0.0      45  r02
    216  0.833333333  0.833333333  0.833333333   0.0      44  r02

k-points in the irreducible wedge
     20
      1  0.000000000  0.000000000  0.000000000   1.0       1
      2  0.000000000  0.000000000  0.166666667   6.0       2
      3  0.000000000  0.000000000  0.333333333   6.0       3
      4  0.000000000  0.000000000  0.500000000   3.0       4
      5  0.000000000  0.166666667  0.166666667  12.0       8
      6  0.000000000  0.166666667  0.333333333  24.0       9
      7  0.000000000  0.166666667  0.500000000  12.0      10
      8  0.000000000  0.333333333  0.333333333  12.0      15
      9  0.000000000  0.333333333  0.500000000  12.0      16
     10  0.000000000  0.500000000  0.500000000   3.0      22
     11  0.166666667  0.166666667  0.166666667   8.0      44
     12  0.166666667  0.166666667  0.333333333  24.0      45
     13  0.166666667  0.166666667  0.500000000  12.0      46
     14  0.166666667  0.333333333  0.333333333  24.0      51
     15  0.166666667  0.333333333  0.500000000  24.0      52
     16  0.166666667  0.500000000  0.500000000   6.0      58
     17  0.333333333  0.333333333  0.333333333   8.0      87
     18  0.333333333  0.333333333  0.500000000  12.0      88
     19  0.333333333  0.500000000  0.500000000   6.0      94
     20  0.500000000  0.500000000  0.500000000   1.0     130

