k-points are in crystal coordinates
nk(3) =     4    4    4
dk(3) =   0.000000000  0.000000000  0.000000000

direct lattice vectors
a1 =   1.000000000  0.000000000  0.000000000
a2 =   0.000000000  1.000000000  0.000000000
a3 =   0.000000000  0.000000000  1.000000000

unit cell volume =  0.100000000E+01

reciprocal lattice vectors
b1 =   6.283185307  0.000000000  0.000000000
b2 =   0.000000000  6.283185307  0.000000000
b3 =   0.000000000  0.000000000  6.283185307

symmetries of the Bravais lattice
 48
Space group 221, symbol Pm-3m                
r01 =     1   0   0     0   1   0     0   0   1      0.000000    0.000000    0.000000
r02 =     1   0   0     0   1   0     0   0  -1      0.000000    0.000000    0.000000
r03 =     1   0   0     0   0   1     0   1   0      0.000000    0.000000    0.000000
r04 =     1   0   0     0   0   1     0  -1   0      0.000000    0.000000    0.000000
r05 =     1   0   0     0  -1   0     0   0   1      0.000000    0.000000    0.000000
r06 =     1   0   0     0  -1   0     0   0  -1      0.000000    0.000000    0.000000
r07 =     1   0   0     0   0  -1     0   1   0      0.000000    0.000000    0.000000
r08 =     1   0   0     0   0  -1     0  -1   0      0.000000    0.000000    0.000000
r09 =     0   1   0     1   0   0     0   0   1      0.000000    0.000000    0.000000
r10 =     0   1   0     1   0   0     0   0  -1      0.000000    0.000000    0.000000
r11 =     0   1   0     0   0   1     1   0   0      0.000000    0.000000    0.000000
r12 =     0   1   0     0   0   1    -1   0   0      0.000000    0.000000    0.000000
r13 =     0   1   0    -1   0   0     0   0   1      0.000000    0.000000    0.000000
r14 =     0   1   0    -1   0   0     0   0  -1      0.000000    0.000000    0.000000
r15 =     0   1   0     0   0  -1     1   0   0      0.000000    0.000000    0.000000
r16 =     0   1   0     0   0  -1    -1   0   0      0.000000    0.000000    0.000000
r17 =     0   0   1     1   0   0     0   1   0      0.000000    0.000000    0.000000
r18 =     0   0   1     1   0   0     0  -1   0      0.000000    0.000000    0.000000
r19 =     0   0   1     0   1   0     1   0   0      0.000000    0.000000    0.000000
r20 =     0   0   1     0   1   0    -1   0   0      0.000000    0.000000    0.000000
r21 =     0   0   1    -1   0   0     0   1   0      0.000000    0.000000    0.000000
r22 =     0   0   1    -1   0   0     0  -1   0      0.000000    0.000000    0.000000
r23 =     0   0   1     0  -1   0     1   0   0      0.000000    0.000000    0.000000
r24 =     0   0   1     0  -1   0    -1   0   0      0.000000    0.000000    0.000000
r25 =    -1   0   0     0   1   0     0   0   1      0.000000    0.000000    0.000000
r26 =    -1   0   0     0   1   0     0   0  -1      0.000000    0.000000    0.000000
r27 =    -1   0   0     0   0   1     0   1   0      0.000000    0.000000    0.000000
r28 =    -1   0   0     0   0   1     0  -1   0      0.000000    0.000000    0.000000
r29 =    -1   0   0     0  -1   0     0   0   1      0.000000    0.000000    0.000000
r30 =    -1   0   0     0  -1   0     0   0  -1      0.000000    0.000000    0.000000
r31 =    -1   0   0     0   0  -1     0   1   0      0.000000    0.000000    0.000000
r32 =    -1   0   0     0   0  -1     0  -1   0      0.000000    0.000000    0.000000
r33 =     0  -1   0     1   0   0     0   0   1      0.000000    0.000000    0.000000
r34 =     0  -1   0     1   0   0     0   0  -1      0.000000    0.000000    0.000000
r35 =     0  -1   0     0   0   1     1   0   0      0.000000    0.000000    0.000000
r36 =     0  -1   0     0   0   1    -1   0   0      0.000000    0.000000    0.000000
r37 =     0  -1   0    -1   0   0     0   0   1      0.000000    0.000000    0.000000
r38 =     0  -1   0    -1   0   0     0   0  -1      0.000000    0.000000    0.000000
r39 =     0  -1   0     0   0  -1     1   0   0      0.000000    0.000000    0.000000
r40 =     0  -1   0     0   0  -1    -1   0   0      0.000000    0.000000    0.000000
r41 =     0   0  -1     1   0   0     0   1   0      0.000000    0.000000    0.000000
r42 =     0   0  -1     1   0   0     0  -1   0      0.000000    0.000000    0.000000
r43 =     0   0  -1     0   1   0     1   0   0      0.000000    0.000000    0.000000
r44 =     0   0  -1     0   1   0    -1   0   0      0.000000    0.000000    0.000000
r45 =     0   0  -1    -1   0   0     0   1   0      0.000000    0.000000    0.000000
r46 =     0   0  -1    -1   0   0     0  -1   0      0.000000    0.000000    0.000000
r47 =     0   0  -1     0  -1   0     1   0   0      0.000000    0.000000    0.000000
r48 =     0   0  -1     0  -1   0    -1   0   0      0.000000    0.000000    0.000000

symmetries of the crystal without FFT grid
 48
Space group 221, symbol Pm-3m                
r01 =     1   0   0     0   1   0     0   0   1      0.000000    0.000000    0.000000
r02 =     1   0   0     0   1   0     0   0  -1      0.000000    0.000000    0.000000
r03 =     1   0   0     0   0   1     0   1   0      0.000000    0.000000    0.000000
r04 =     1   0   0     0   0   1     0  -1   0      0.000000    0.000000    0.000000
r05 =     1   0   0     0  -1   0     0   0   1      0.000000    0.000000    0.000000
r06 =     1   0   0     0  -1   0     0   0  -1      0.000000    0.000000    0.000000
r07 =     1   0   0     0   0  -1     0   1   0      0.000000    0.000000    0.000000
r08 =     1   0   0     0   0  -1     0  -1   0      0.000000    0.000000    0.000000
r09 =     0   1   0     1   0   0     0   0   1      0.000000    0.000000    0.000000
r10 =     0   1   0     1   0   0     0   0  -1      0.000000    0.000000    0.000000
r11 =     0   1   0     0   0   1     1   0   0      0.000000    0.000000    0.000000
r12 =     0   1   0     0   0   1    -1   0   0      0.000000    0.000000    0.000000
r13 =     0   1   0    -1   0   0     0   0   1      0.000000    0.000000    0.000000
r14 =     0   1   0    -1   0   0     0   0  -1      0.000000    0.000000    0.000000
r15 =     0   1   0     0   0  -1     1   0   0      0.000000    0.000000    0.000000
r16 =     0   1   0     0   0  -1    -1   0   0      0.000000    0.000000    0.000000
r17 =     0   0   1     1   0   0     0   1   0      0.000000    0.000000    0.000000
r18 =     0   0   1     1   0   0     0  -1   0      0.000000    0.000000    0.000000
r19 =     0   0   1     0   1   0     1   0   0      0.000000    0.000000    0.000000
r20 =     0   0   1     0   1   0    -1   0   0      0.000000    0.000000    0.000000
r21 =     0   0   1    -1   0   0     0   1   0      0.000000    0.000000    0.000000
r22 =     0   0   1    -1   0   0     0  -1   0      0.000000    0.000000    0.000000
r23 =     0   0   1     0  -1   0     1   0   0      0.000000    0.000000    0.000000
r24 =     0   0   1     0  -1   0    -1   0   0      0.000000    0.000000    0.000000
r25 =    -1   0   0     0   1   0     0   0   1      0.000000    0.000000    0.000000
r26 =    -1   0   0     0   1   0     0   0  -1      0.000000    0.000000    0.000000
r27 =    -1   0   0     0   0   1     0   1   0      0.000000    0.000000    0.000000
r28 =    -1   0   0     0   0   1     0  -1   0      0.000000    0.000000    0.000000
r29 =    -1   0   0     0  -1   0     0   0   1      0.000000    0.000000    0.000000
r30 =    -1   0   0     0  -1   0     0   0  -1      0.000000    0.000000    0.000000
r31 =    -1   0   0     0   0  -1     0   1   0      0.000000    0.000000    0.000000
r32 =    -1   0   0     0   0  -1     0  -1   0      0.000000    0.000000    0.000000
r33 =     0  -1   0     1   0   0     0   0   1      0.000000    0.000000    0.000000
r34 =     0  -1   0     1   0   0     0   0  -1      0.000000    0.000000    0.000000
r35 =     0  -1   0     0   0   1     1   0   0      0.000000    0.000000    0.000000
r36 =     0  -1   0     0   0   1    -1   0   0      0.000000    0.000000    0.000000
r37 =     0  -1   0    -1   0   0     0   0   1      0.000000    0.000000    0.000000
r38 =     0  -1   0    -1   0   0     0   0  -1      0.000000    0.000000    0.000000
r39 =     0  -1   0     0   0  -1     1   0   0      0.000000    0.000000    0.000000
r40 =     0  -1   0     0   0  -1    -1   0   0      0.000000    0.000000    0.000000
r41 =     0   0  -1     1   0   0     0   1   0      0.000000    0.000000    0.000000
r42 =     0   0  -1     1   0   0     0  -1   0      0.000000    0.000000    0.000000
r43 =     0   0  -1     0   1   0     1   0   0      0.000000    0.000000    0.000000
r44 =     0   0  -1     0   1   0    -1   0   0      0.000000    0.000000    0.000000
r45 =     0   0  -1    -1   0   0     0   1   0      0.000000    0.000000    0.000000
r46 =     0   0  -1    -1   0   0     0  -1   0      0.000000    0.000000    0.000000
r47 =     0   0  -1     0  -1   0     1   0   0      0.000000    0.000000    0.000000
r48 =     0   0  -1     0  -1   0    -1   0   0      0.000000    0.000000    0.000000

symmetries that reduce the k-points
r02 =     1   0   0     0   1   0     0   0  -1
r03 =     1   0   0     0   0   1     0   1   0
r09 =     0   1   0     1   0   0     0   0   1

k-points in the original uniform grid
     64
      1  0.000000000  0.000000000  0.000000000   1.0       0  ---
      2  0.000000000  0.000000000  0.250000000   6.0       0  ---
      3  0.000000000  0.000000000  0.500000000   3.0       0  ---
      4  0.000000000  0.000000000  0.750000000   0.0       2  r02
      5  0.000000000  0.250000000  0.000000000   0.0       2  r03
      6  0.000000000  0.250000000  0.250000000  12.0       0  ---
      7  0.000000000  0.250000000  0.500000000  12.0       0  ---
      8  0.000000000  0.250000000  0.750000000   0.0       6  r02
      9  0.000000000  0.500000000  0.000000000   0.0       3  r03
     10  0.000000000  0.500000000  0.250000000   0.0       7  r03
     11  0.000000000  0.500000000  0.500000000   3.0       0  ---
     12  0.000000000  0.500000000  0.750000000   0.0       7  r02
     13  0.000000000  0.750000000  0.000000000   0.0       2  r03
     14  0.000000000  0.750000000  0.250000000   0.0       6  r03
     15  0.000000000  0.750000000  0.500000000   0.0       7  r03
     16  0.000000000  0.750000000  0.750000000   0.0       6  r02
     17  0.250000000  0.000000000  0.000000000   0.0       2  r09
     18  0.250000000  0.000000000  0.250000000   0.0       6  r09
     19  0.250000000  0.000000000  0.500000000   0.0       7  r09
     20  0.250000000  0.000000000  0.750000000   0.0       6  r02
     21  0.250000000  0.250000000  0.000000000   0.0       6  r03
     22  0.250000000  0.250000000  0.250000000   8.0       0  ---
     23  0.250000000  0.250000000  0.500000000  12.0       0  ---
     24  0.250000000  0.250000000  0.750000000   0.0      22  r02
     25  0.250000000  0.500000000  0.000000000   0.0       7  r03
     26  0.250000000  0.500000000  0.250000000   0.0      23  r03
     27  0.250000000  0.500000000  0.500000000   6.0       0  ---
     28  0.250000000  0.500000000  0.750000000   0.0      23  r02
     29  0.250000000  0.750000000  0.000000000   0.0       6  r03
     30  0.250000000  0.750000000  0.250000000   0.0      22  r03
     31  0.250000000  0.750000000  0.500000000   0.0      23  r03
     32  0.250000000  0.750000000  0.750000000   0.0      22  r02
     33  0.500000000  0.000000000  0.000000000   0.0       3  r09
     34  0.500000000  0.000000000  0.250000000   0.0       7  r09
     35  0.500000000  0.000000000  0.500000000   0.0      11  r09
     36  0.500000000  0.000000000  0.750000000   0.0       7  r02
     37  0.500000000  0.250000000  0.000000000   0.0       7  r03
     38  0.500000000  0.250000000  0.250000000   0.0      23  r09
     39  0.500000000  0.250000000  0.500000000   0.0      27  r09
     40  0.500000000  0.250000000  0.750000000   0.0      23  r02
     41  0.500000000  0.500000000  0.000000000   0.0      11  r03
     42  0.500000000  0.500000000  0.250000000   0.0      27  r03
     43  0.500000000  0.500000000  0.500000000   1.0       0  ---
     44  0.500000000  0.500000000  0.750000000   0.0      27  r02
     45  0.500000000  0.750000000  0.000000000   0.0       7  r03
     46  0.500000000  0.750000000  0.250000000   0.0      23  r03
     47  0.500000000  0.750000000  0.500000000   0.0      27  r03
     48  0.500000000  0.750000000  0.750000000   0.0      23  r02
     49  0.750000000  0.000000000  0.000000000   0.0       2  r09
     50  0.750000000  0.000000000  0.250000000   0.0       6  r09
     51  0.750000000  0.000000000  0.500000000   0.0       7  r09
     52  0.750000000  0.000000000  0.750000000   0.0       6  r02
     53  0.750000000  0.250000000  0.000000000   0.0       6  r03
     54  0.750000000  0.250000000  0.250000000   0.0      22  r09
     55  0.750000000  0.250000000  0.500000000   0.0      23  r09
     56  0.750000000  0.250000000  0.750000000   0.0      22  r02
     57  0.750000000  0.500000000  0.000000000   0.0       7  r03
     58  0.750000000  0.500000000  0.250000000   0.0      23  r03
     59  0.750000000  0.500000000  0.500000000   0.0      27  r09
     60  0.750000000  0.500000000  0.750000000   0.0      23  r02
     61  0.750000000  0.750000000  0.000000000   0.0       6  r03
     62  0.750000000  0.750000000  0.250000000   0.0      22  r03
     63  0.750000000  0.750000000  0.500000000   0.0      23  r03
     64  0.750000000  0.750000000  0.750000000   0.0      22  r02

k-points in the irreducible wedge
     10
      1  0.000000000  0.000000000  0.000000000   1.0       1
      2  0.000000000  0.000000000  0.250000000   6.0       2
      3  0.000000000  0.000000000  0.500000000   3.0       3
      4  0.000000000  0.250000000  0.250000000  12.0       6
      5  0.000000000  0.250000000  0.500000000  12.0       7
      6  0.000000000  0.500000000  0.500000000   3.0      11
      7  0.250000000  0.250000000  0.250000000   8.0      22
      8  0.250000000  0.250000000  0.500000000  12.0      23
      9  0.250000000  0.500000000  0.500000000   6.0      27
     10  0.500000000  0.500000000  0.500000000   1.0      43

