K_POINTS crystal
   20
  0.000000000  0.000000000  0.000000000   1.0
  0.000000000  0.000000000  0.166666667   6.0
  0.000000000  0.000000000  0.333333333   6.0
  0.000000000  0.000000000  0.500000000   3.0
  0.000000000  0.166666667  0.166666667  12.0
  0.000000000  0.166666667  0.333333333  24.0
  0.000000000  0.166666667  0.500000000  12.0
  0.000000000  0.333333333  0.333333333  12.0
  0.000000000  0.333333333  0.500000000  12.0
  0.000000000  0.500000000  0.500000000   3.0
  0.166666667  0.166666667  0.166666667   8.0
  0.166666667  0.166666667  0.333333333  24.0
  0.166666667  0.166666667  0.500000000  12.0
  0.166666667  0.333333333  0.333333333  24.0
  0.166666667  0.333333333  0.500000000  24.0
  0.166666667  0.500000000  0.500000000   6.0
  0.333333333  0.333333333  0.333333333   8.0
  0.333333333  0.333333333  0.500000000  12.0
  0.333333333  0.500000000  0.500000000   6.0
  0.500000000  0.500000000  0.500000000   1.0
