
 frequency_dependence   3

 band_index    41    48
 sigma_matrix     0   0

 finite_difference_form   2
 finite_difference_spacing  1.000000

 symmetries
 ntran  = 48
 mtrx01 =  1  0  0  0  1  0  0  0  1
 mtrx02 = -1  0  0  0 -1  0  0  0  1
 mtrx03 = -1  0  0  0  1  0  0  0 -1
 mtrx04 =  1  0  0  0 -1  0  0  0 -1
 mtrx05 =  0  1  0  1  0  0  0  0 -1
 mtrx06 =  0 -1  0 -1  0  0  0  0 -1
 mtrx07 =  0  1  0 -1  0  0  0  0  1
 mtrx08 =  0 -1  0  1  0  0  0  0  1
 mtrx09 =  0  0  1  0 -1  0  1  0  0
 mtrx10 =  0  0 -1  0 -1  0 -1  0  0
 mtrx11 =  0  0  1  0  1  0 -1  0  0
 mtrx12 =  0  0 -1  0  1  0  1  0  0
 mtrx13 = -1  0  0  0  0  1  0  1  0
 mtrx14 = -1  0  0  0  0 -1  0 -1  0
 mtrx15 =  1  0  0  0  0  1  0 -1  0
 mtrx16 =  1  0  0  0  0 -1  0  1  0
 mtrx17 =  0  1  0  0  0  1  1  0  0
 mtrx18 =  0 -1  0  0  0  1 -1  0  0
 mtrx19 =  0  1  0  0  0 -1 -1  0  0
 mtrx20 =  0 -1  0  0  0 -1  1  0  0
 mtrx21 =  0  0  1  1  0  0  0  1  0
 mtrx22 =  0  0  1 -1  0  0  0 -1  0
 mtrx23 =  0  0 -1 -1  0  0  0  1  0
 mtrx24 =  0  0 -1  1  0  0  0 -1  0
 mtrx25 = -1  0  0  0 -1  0  0  0 -1
 mtrx26 =  1  0  0  0  1  0  0  0 -1
 mtrx27 =  1  0  0  0 -1  0  0  0  1
 mtrx28 = -1  0  0  0  1  0  0  0  1
 mtrx29 =  0 -1  0 -1  0  0  0  0  1
 mtrx30 =  0  1  0  1  0  0  0  0  1
 mtrx31 =  0 -1  0  1  0  0  0  0 -1
 mtrx32 =  0  1  0 -1  0  0  0  0 -1
 mtrx33 =  0  0 -1  0  1  0 -1  0  0
 mtrx34 =  0  0  1  0  1  0  1  0  0
 mtrx35 =  0  0 -1  0 -1  0  1  0  0
 mtrx36 =  0  0  1  0 -1  0 -1  0  0
 mtrx37 =  1  0  0  0  0 -1  0 -1  0
 mtrx38 =  1  0  0  0  0  1  0  1  0
 mtrx39 = -1  0  0  0  0 -1  0  1  0
 mtrx40 = -1  0  0  0  0  1  0 -1  0
 mtrx41 =  0 -1  0  0  0 -1 -1  0  0
 mtrx42 =  0  1  0  0  0 -1  1  0  0
 mtrx43 =  0 -1  0  0  0  1  1  0  0
 mtrx44 =  0  1  0  0  0  1 -1  0  0
 mtrx45 =  0  0 -1 -1  0  0  0 -1  0
 mtrx46 =  0  0 -1  1  0  0  0  1  0
 mtrx47 =  0  0  1  1  0  0  0 -1  0
 mtrx48 =  0  0  1 -1  0  0  0  1  0
 
       k =  0.000000  0.000000  0.000000 ik =   1 spin = 1

   n         Emf          Eo           X        SX-X          CH         Sig         Vxc        Eqp0        Eqp1         CH`        Sig`       Eqp0`       Eqp1`         Znk
  41    1.779297    1.779297  -18.478949   11.045176   -7.987798  -15.421571  -14.001755    0.359481    0.650332   -7.987798  -15.421571    0.359481    0.650332    0.795149
  42    1.779297    1.779297  -18.478949   11.045176   -7.987798  -15.421571  -14.001755    0.359481    0.650332   -7.987798  -15.421571    0.359481    0.650332    0.795149
  43    1.779297    1.779297  -18.478949   11.045176   -7.987798  -15.421571  -14.001755    0.359481    0.650332   -7.987798  -15.421571    0.359481    0.650332    0.795149
  44    1.779297    1.779297  -18.478949   11.045176   -7.987798  -15.421571  -14.001755    0.359481    0.650332   -7.987798  -15.421571    0.359481    0.650332    0.795149
  45    7.593560    7.593560   -2.754274    1.488020   -4.572022   -5.838275   -6.345895    8.101180    8.028161   -4.572022   -5.838275    8.101180    8.028161    0.856154
  46    7.593560    7.593560   -2.754274    1.488020   -4.572022   -5.838275   -6.345895    8.101180    8.028161   -4.572022   -5.838275    8.101180    8.028161    0.856154
  47    8.466459    8.466459   -2.906269    1.807312   -4.779620   -5.878577   -6.610360    9.198242    9.093073   -4.779620   -5.878577    9.198242    9.093073    0.856284
  48    8.466459    8.466459   -2.906269    1.807312   -4.779620   -5.878577   -6.610360    9.198242    9.093073   -4.779620   -5.878577    9.198242    9.093073    0.856284
 
       k =  0.000000  0.000000  0.250000 ik =   2 spin = 1

   n         Emf          Eo           X        SX-X          CH         Sig         Vxc        Eqp0        Eqp1         CH`        Sig`       Eqp0`       Eqp1`         Znk
  41    1.724831    1.724831  -18.404673   10.982406   -7.916681  -15.338947  -13.899181    0.285065    0.579829   -7.916681  -15.338947    0.285065    0.579829    0.795270
  42    1.724831    1.724831  -18.404673   10.982406   -7.916681  -15.338947  -13.899181    0.285065    0.579829   -7.916681  -15.338947    0.285065    0.579829    0.795270
  43    1.896757    1.896757  -18.181954   10.831321   -8.062888  -15.413521  -14.164037    0.647274    0.899767   -8.062888  -15.413521    0.647274    0.899767    0.797922
  44    1.896757    1.896757  -18.181954   10.831321   -8.062888  -15.413521  -14.164037    0.647274    0.899767   -8.062888  -15.413521    0.647274    0.899767    0.797922
  45    8.065924    8.065924   -5.135017    3.289694   -6.161396   -8.006719   -8.658350    8.717554    8.612100   -6.161396   -8.006719    8.717554    8.612100    0.838168
  46    8.065924    8.065924   -5.135017    3.289694   -6.161396   -8.006719   -8.658350    8.717554    8.612100   -6.161396   -8.006719    8.717554    8.612100    0.838168
  47    8.394870    8.394870   -7.617622    5.521604   -8.119068  -10.215086  -10.964927    9.144711    9.009136   -8.119068  -10.215086    9.144711    9.009136    0.819195
  48    8.394870    8.394870   -7.617622    5.521604   -8.119068  -10.215086  -10.964927    9.144711    9.009136   -8.119068  -10.215086    9.144711    9.009136    0.819195
 
       k =  0.000000  0.000000  0.500000 ik =   3 spin = 1

   n         Emf          Eo           X        SX-X          CH         Sig         Vxc        Eqp0        Eqp1         CH`        Sig`       Eqp0`       Eqp1`         Znk
  41    1.645119    1.645119  -18.292916   10.899224   -7.814320  -15.208012  -13.725209    0.162316    0.466376   -7.814320  -15.208012    0.162316    0.466376    0.794942
  42    1.645119    1.645119  -18.292916   10.899224   -7.814320  -15.208012  -13.725209    0.162316    0.466376   -7.814320  -15.208012    0.162316    0.466376    0.794942
  43    2.815948    2.815948  -18.004954   10.540226   -8.435032  -15.899759  -15.097009    2.013198    2.170129   -8.435032  -15.899759    2.013198    2.170129    0.804508
  44    2.815948    2.815948  -18.004954   10.540226   -8.435032  -15.899759  -15.097009    2.013198    2.170129   -8.435032  -15.899759    2.013198    2.170129    0.804508
  45    6.980398    6.980398   -9.332970    6.578681   -8.582313  -11.336603  -11.850800    7.494595    7.402354   -8.582313  -11.336603    7.494595    7.402354    0.820610
  46    6.980398    6.980398   -9.332970    6.578681   -8.582313  -11.336603  -11.850800    7.494595    7.402354   -8.582313  -11.336603    7.494595    7.402354    0.820610
  47    8.825545    8.825545   -3.861477    2.421908   -5.449959   -6.889529   -7.668670    9.604686    9.484404   -5.449959   -6.889529    9.604686    9.484404    0.845623
  48    8.825545    8.825545   -3.861477    2.421908   -5.449959   -6.889529   -7.668670    9.604686    9.484404   -5.449959   -6.889529    9.604686    9.484404    0.845623
 
       k =  0.000000  0.250000  0.250000 ik =   4 spin = 1

   n         Emf          Eo           X        SX-X          CH         Sig         Vxc        Eqp0        Eqp1         CH`        Sig`       Eqp0`       Eqp1`         Znk
  41    1.850597    1.850597  -18.527929   11.042808   -7.985252  -15.470373  -14.070165    0.450389    0.736549   -7.985252  -15.470373    0.450389    0.736549    0.795630
  42    1.850597    1.850597  -18.527929   11.042808   -7.985252  -15.470373  -14.070165    0.450389    0.736549   -7.985252  -15.470373    0.450389    0.736549    0.795630
  43    2.061877    2.061877  -17.868416   10.559871   -8.088927  -15.397471  -14.161394    0.825800    1.071606   -8.088927  -15.397471    0.825800    1.071606    0.801141
  44    2.061877    2.061877  -17.868416   10.559871   -8.088927  -15.397471  -14.161394    0.825800    1.071606   -8.088927  -15.397471    0.825800    1.071606    0.801141
  45    7.741164    7.741164   -9.481403    6.754817   -9.013487  -11.740073  -12.485212    8.486304    8.346178   -9.013487  -11.740073    8.486304    8.346178    0.811947
  46    7.741164    7.741164   -9.481403    6.754817   -9.013487  -11.740073  -12.485212    8.486304    8.346178   -9.013487  -11.740073    8.486304    8.346178    0.811947
  47    8.572365    8.572365   -4.077846    2.539653   -5.564671   -7.102864   -7.765384    9.234885    9.131774   -5.564671   -7.102864    9.234885    9.131774    0.844365
  48    8.572365    8.572365   -4.077846    2.539653   -5.564671   -7.102864   -7.765384    9.234885    9.131774   -5.564671   -7.102864    9.234885    9.131774    0.844365
 
       k =  0.000000  0.250000  0.500000 ik =   5 spin = 1

   n         Emf          Eo           X        SX-X          CH         Sig         Vxc        Eqp0        Eqp1         CH`        Sig`       Eqp0`       Eqp1`         Znk
  41    1.862778    1.862778  -18.482929   10.981423   -7.899953  -15.401458  -13.926576    0.387896    0.688836   -7.899953  -15.401458    0.387896    0.688836    0.795956
  42    1.862778    1.862778  -18.482929   10.981423   -7.899953  -15.401458  -13.926576    0.387896    0.688836   -7.899953  -15.401458    0.387896    0.688836    0.795956
  43    2.994343    2.994343  -17.787809   10.367025   -8.426561  -15.847345  -14.968936    2.115934    2.286002   -8.426561  -15.847345    2.115934    2.286002    0.806390
  44    2.994343    2.994343  -17.787809   10.367025   -8.426561  -15.847345  -14.968936    2.115934    2.286002   -8.426561  -15.847345    2.115934    2.286002    0.806390
  45    6.652946    6.652946   -9.289009    6.456947   -8.400099  -11.232161  -11.720192    7.140978    7.054176   -8.400099  -11.232161    7.140978    7.054176    0.822138
  46    6.652946    6.652946   -9.289009    6.456947   -8.400099  -11.232161  -11.720192    7.140978    7.054176   -8.400099  -11.232161    7.140978    7.054176    0.822138
  47    8.491235    8.491235   -8.024992    5.864137   -8.401138  -10.561993  -11.236127    9.165369    9.043903   -8.401138  -10.561993    9.165369    9.043903    0.819819
  48    8.491235    8.491235   -8.024992    5.864137   -8.401138  -10.561993  -11.236127    9.165369    9.043903   -8.401138  -10.561993    9.165369    9.043903    0.819819
 
       k =  0.000000  0.500000  0.500000 ik =   6 spin = 1

   n         Emf          Eo           X        SX-X          CH         Sig         Vxc        Eqp0        Eqp1         CH`        Sig`       Eqp0`       Eqp1`         Znk
  41    2.036797    2.036797  -18.691075   11.117814   -8.040969  -15.614231  -14.181597    0.604163    0.896743   -8.040969  -15.614231    0.604163    0.896743    0.795775
  42    2.036797    2.036797  -18.691075   11.117814   -8.040969  -15.614231  -14.181597    0.604163    0.896743   -8.040969  -15.614231    0.604163    0.896743    0.795775
  43    3.597284    3.597284  -17.678619   10.167105   -8.551054  -16.062567  -15.176724    2.711440    2.880710   -8.551054  -16.062567    2.711440    2.880710    0.808917
  44    3.597284    3.597284  -17.678619   10.167105   -8.551054  -16.062567  -15.176724    2.711440    2.880710   -8.551054  -16.062567    2.711440    2.880710    0.808917
  45    6.000147    6.000147   -9.215127    6.308931   -8.107222  -11.013418  -11.408661    6.395390    6.326408   -8.107222  -11.013418    6.395390    6.326408    0.825469
  46    6.000147    6.000147   -9.215127    6.308931   -8.107222  -11.013418  -11.408661    6.395390    6.326408   -8.107222  -11.013418    6.395390    6.326408    0.825469
  47    7.389317    7.389317   -7.782109    5.579556   -7.854605  -10.057158  -10.473839    7.805997    7.735021   -7.854605  -10.057158    7.805997    7.735021    0.829664
  48    7.389317    7.389317   -7.782109    5.579556   -7.854605  -10.057158  -10.473839    7.805997    7.735021   -7.854605  -10.057158    7.805997    7.735021    0.829664
 
       k =  0.250000  0.250000  0.250000 ik =   7 spin = 1

   n         Emf          Eo           X        SX-X          CH         Sig         Vxc        Eqp0        Eqp1         CH`        Sig`       Eqp0`       Eqp1`         Znk
  41    1.867731    1.867731  -18.482149   11.028243   -7.989716  -15.443622  -14.065802    0.489910    0.771350   -7.989716  -15.443622    0.489910    0.771350    0.795736
  42    1.867731    1.867731  -18.482149   11.028243   -7.989716  -15.443622  -14.065802    0.489910    0.771350   -7.989716  -15.443622    0.489910    0.771350    0.795736
  43    2.206154    2.206154  -17.311142   10.141001   -8.036245  -15.206386  -13.964685    0.964453    1.205818   -8.036245  -15.206386    0.964453    1.205818    0.805618
  44    2.206154    2.206154  -17.311142   10.141001   -8.036245  -15.206386  -13.964685    0.964453    1.205818   -8.036245  -15.206386    0.964453    1.205818    0.805618
  45    7.301148    7.301148   -9.563149    6.664738   -8.794451  -11.692862  -12.394805    8.003091    7.872909   -8.794451  -11.692862    8.003091    7.872909    0.814540
  46    7.301148    7.301148   -9.563149    6.664738   -8.794451  -11.692862  -12.394805    8.003091    7.872909   -8.794451  -11.692862    8.003091    7.872909    0.814540
  47    8.554388    8.554388   -5.408311    3.656646   -6.542239   -8.293903   -8.954408    9.214892    9.106775   -6.542239   -8.293903    9.214892    9.106775    0.836312
  48    8.554388    8.554388   -5.408311    3.656646   -6.542239   -8.293903   -8.954408    9.214892    9.106775   -6.542239   -8.293903    9.214892    9.106775    0.836312
 
       k =  0.250000  0.250000  0.500000 ik =   8 spin = 1

   n         Emf          Eo           X        SX-X          CH         Sig         Vxc        Eqp0        Eqp1         CH`        Sig`       Eqp0`       Eqp1`         Znk
  41    1.904774    1.904774  -18.548552   11.019913   -7.932733  -15.461371  -13.993479    0.436882    0.736680   -7.932733  -15.461371    0.436882    0.736680    0.795762
  42    1.904774    1.904774  -18.548552   11.019913   -7.932733  -15.461371  -13.993479    0.436882    0.736680   -7.932733  -15.461371    0.436882    0.736680    0.795762
  43    3.144397    3.144397  -17.479284   10.155566   -8.392139  -15.715856  -14.783585    2.212127    2.390657   -8.392139  -15.715856    2.212127    2.390657    0.808499
  44    3.144397    3.144397  -17.479284   10.155566   -8.392139  -15.715856  -14.783585    2.212127    2.390657   -8.392139  -15.715856    2.212127    2.390657    0.808499
  45    6.327240    6.327240   -9.249840    6.321048   -8.204438  -11.133229  -11.591729    6.785740    6.704865   -8.204438  -11.133229    6.785740    6.704865    0.823609
  46    6.327240    6.327240   -9.249840    6.321048   -8.204438  -11.133229  -11.591729    6.785740    6.704865   -8.204438  -11.133229    6.785740    6.704865    0.823609
  47    7.998266    7.998266   -7.701792    5.485885   -7.965568  -10.181475  -10.809336    8.626127    8.515889   -7.965568  -10.181475    8.626127    8.515889    0.824423
  48    7.998266    7.998266   -7.701792    5.485885   -7.965568  -10.181475  -10.809336    8.626127    8.515889   -7.965568  -10.181475    8.626127    8.515889    0.824423
 
       k =  0.250000  0.500000  0.500000 ik =   9 spin = 1

   n         Emf          Eo           X        SX-X          CH         Sig         Vxc        Eqp0        Eqp1         CH`        Sig`       Eqp0`       Eqp1`         Znk
  41    2.044130    2.044130  -18.698324   11.123592   -8.047818  -15.622550  -14.191062    0.612642    0.905011   -8.047818  -15.622550    0.612642    0.905011    0.795759
  42    2.044130    2.044130  -18.698324   11.123592   -8.047818  -15.622550  -14.191062    0.612642    0.905011   -8.047818  -15.622550    0.612642    0.905011    0.795759
  43    3.748277    3.748277  -17.378271    9.989140   -8.530195  -15.919326  -15.001726    2.830678    3.004412   -8.530195  -15.919326    2.830678    3.004412    0.810664
  44    3.748277    3.748277  -17.378271    9.989140   -8.530195  -15.919326  -15.001726    2.830678    3.004412   -8.530195  -15.919326    2.830678    3.004412    0.810664
  45    5.687596    5.687596   -9.178915    6.199618   -7.941770  -10.921068  -11.276707    6.043235    5.981673   -7.941770  -10.921068    6.043235    5.981673    0.826898
  46    5.687596    5.687596   -9.178915    6.199618   -7.941770  -10.921068  -11.276707    6.043235    5.981673   -7.941770  -10.921068    6.043235    5.981673    0.826898
  47    7.053634    7.053634   -7.357543    5.197698   -7.496034   -9.655879  -10.050508    7.448262    7.382245   -7.496034   -9.655879    7.448262    7.382245    0.832709
  48    7.053634    7.053634   -7.357543    5.197698   -7.496034   -9.655879  -10.050508    7.448262    7.382245   -7.496034   -9.655879    7.448262    7.382245    0.832709
 
       k =  0.500000  0.500000  0.500000 ik =  10 spin = 1

   n         Emf          Eo           X        SX-X          CH         Sig         Vxc        Eqp0        Eqp1         CH`        Sig`       Eqp0`       Eqp1`         Znk
  41    2.072933    2.072933  -18.686452   11.119065   -8.065168  -15.632556  -14.231090    0.671467    0.957516   -8.065168  -15.632556    0.671467    0.957516    0.795893
  42    2.072933    2.072933  -18.686452   11.119065   -8.065168  -15.632556  -14.231090    0.671467    0.957516   -8.065168  -15.632556    0.671467    0.957516    0.795893
  43    4.327966    4.327966  -17.480868    9.911578   -8.711995  -16.281286  -15.343967    3.390647    3.567360   -8.711995  -16.281286    3.390647    3.567360    0.811470
  44    4.327966    4.327966  -17.480868    9.911578   -8.711995  -16.281286  -15.343967    3.390647    3.567360   -8.711995  -16.281286    3.390647    3.567360    0.811470
  45    5.073939    5.073939   -8.871484    6.018550   -7.674857  -10.527791  -10.804095    5.350243    5.303463   -7.674857  -10.527791    5.350243    5.303463    0.830693
  46    5.073939    5.073939   -8.871484    6.018550   -7.674857  -10.527791  -10.804095    5.350243    5.303463   -7.674857  -10.527791    5.350243    5.303463    0.830693
  47    6.736391    6.736391   -6.930165    4.878868   -7.204755   -9.256052   -9.616561    7.096901    7.037660   -7.204755   -9.256052    7.096901    7.037660    0.835677
  48    6.736391    6.736391   -6.930165    4.878868   -7.204755   -9.256052   -9.616561    7.096901    7.037660   -7.204755   -9.256052    7.096901    7.037660    0.835677
 

================================================================================

    n = band index.
  Emf = "inner" mean-field energy eigenvalue used to construct Sigma(E),
        read from WFN_inner.
   Eo = "outer" mean-field energy eigenvalue where we center the evaluation
        frequency grid {E} of Sigma(E). Defaults to Emf, unless
        you use WFN_outer and eqp_outer.dat / scissors_outer.
  Vxc = exchange-correlation pot., calculated from VXC or read from vxc.dat.
  KIH = Kinetic energy + Ionic potential + Hartree, read from kih.dat.
    X = bare exchange.
   SX = screened exchange contrib. to Sigma(E) at energy E=Eo
   CH = Coulomb hole contrib. to Sigma(E) at energy E=Eo
  Cor = SX-X + CH = correlation portion of Sigma(E) at energy E=Eo.
  Sig = X + Cor = self energy, Sigma(E), at energy E=Eo.
 Eqp0 = on-shell QP energy = Emf - Vxc + Sig(Eo)
        Eqp0 is *not* the recommended quantity to use for QP properties.
 Eqp1 = off-shell solution to the linearized  Dyson`s equation
      = Eqp0 + (dSig/dE) / (1 - dSig/dE) * (Eqp0 - Eo),
        or a full linear interpolation if more freq. points where computed.
        Eqp1 is the recommended quantity to use for QP properties.
  Znk = quasiparticle renormalization factor

 Notes on the finite_difference_form from sigma.inp file:
   none    : -2 => dSig/dE = 0 (skip the expansion)
   backward: -1 => dSig/dE = (Sig(Eo) - Sig(Eo-dE)) / dE
   central :  0 => dSig/dE = (Sig(Eo+dE) - Sig(Eo-dE)) / (2*dE)
   forward :  1 => dSig/dE = (Sig(Eo+dE) - Sig(Eo)) / dE
   default :  2 => forward for diagonal and none for off-diagonal
   dE is finite_difference_spacing from Sigma.inp file.
   We are using the form #2 with dE = 1.000 eV.

 General notes:
 - All energies are reported here in eV.
 - Both Emf and Vxc contain the average pot. Vxc0, so Vxc0 doesn`t affect Sigma.
 - Eqp1 and Eqp0 are Eqs. (36-37) from Hybertsen & Louie PRB 34 5390.
 - We recommend you use Eqp1 for QP properties of materials.

================================================================================

