
 frequency_dependence   1

 band_index     1    14
 sigma_matrix     0   0

 finite_difference_form   2
 finite_difference_spacing  1.000000

 symmetries
 ntran  = 48
 mtrx01 =  1  0  0  0  1  0  0  0  1
 mtrx02 =  0  1  0  1  0  0 -1 -1 -1
 mtrx03 =  0  0  1 -1 -1 -1  1  0  0
 mtrx04 = -1 -1 -1  0  0  1  0  1  0
 mtrx05 = -1  0  0  0 -1  0  1  1  1
 mtrx06 =  0 -1  0 -1  0  0  0  0 -1
 mtrx07 =  0  0 -1  1  1  1  0 -1  0
 mtrx08 =  1  1  1  0  0 -1 -1  0  0
 mtrx09 = -1  0  0  1  1  1  0  0 -1
 mtrx10 =  0  0 -1  0 -1  0 -1  0  0
 mtrx11 =  0 -1  0  0  0 -1  1  1  1
 mtrx12 =  1  1  1 -1  0  0  0 -1  0
 mtrx13 =  1  1  1  0 -1  0  0  0 -1
 mtrx14 = -1  0  0  0  0 -1  0 -1  0
 mtrx15 =  0  0 -1 -1  0  0  1  1  1
 mtrx16 =  0 -1  0  1  1  1 -1  0  0
 mtrx17 =  0  1  0  0  0  1  1  0  0
 mtrx18 =  1  0  0 -1 -1 -1  0  1  0
 mtrx19 = -1 -1 -1  1  0  0  0  0  1
 mtrx20 =  0  0  1  0  1  0 -1 -1 -1
 mtrx21 =  0  0  1  1  0  0  0  1  0
 mtrx22 = -1 -1 -1  0  1  0  1  0  0
 mtrx23 =  1  0  0  0  0  1 -1 -1 -1
 mtrx24 =  0  1  0 -1 -1 -1  0  0  1
 mtrx25 = -1  0  0  0 -1  0  0  0 -1
 mtrx26 =  0 -1  0 -1  0  0  1  1  1
 mtrx27 =  0  0 -1  1  1  1 -1  0  0
 mtrx28 =  1  1  1  0  0 -1  0 -1  0
 mtrx29 =  1  0  0  0  1  0 -1 -1 -1
 mtrx30 =  0  1  0  1  0  0  0  0  1
 mtrx31 =  0  0  1 -1 -1 -1  0  1  0
 mtrx32 = -1 -1 -1  0  0  1  1  0  0
 mtrx33 =  1  0  0 -1 -1 -1  0  0  1
 mtrx34 =  0  0  1  0  1  0  1  0  0
 mtrx35 =  0  1  0  0  0  1 -1 -1 -1
 mtrx36 = -1 -1 -1  1  0  0  0  1  0
 mtrx37 = -1 -1 -1  0  1  0  0  0  1
 mtrx38 =  1  0  0  0  0  1  0  1  0
 mtrx39 =  0  0  1  1  0  0 -1 -1 -1
 mtrx40 =  0  1  0 -1 -1 -1  1  0  0
 mtrx41 =  0 -1  0  0  0 -1 -1  0  0
 mtrx42 = -1  0  0  1  1  1  0 -1  0
 mtrx43 =  1  1  1 -1  0  0  0  0 -1
 mtrx44 =  0  0 -1  0 -1  0  1  1  1
 mtrx45 =  0  0 -1 -1  0  0  0 -1  0
 mtrx46 =  1  1  1  0 -1  0 -1  0  0
 mtrx47 = -1  0  0  0  0 -1  1  1  1
 mtrx48 =  0 -1  0  1  1  1  0  0 -1
 
       k =  0.000000  0.000000  0.000000 ik =   1 spin = 1

   n            Emf             Eo              X           SX-X             CH            Sig            KIH           Eqp0           Eqp1            Znk
   1   -7.338657251   -7.338657251  -17.463098467   13.004897745   -6.722952426  -11.181153148    4.799627067   -6.381526081   -6.678219901    0.690017597
   2    5.950313833    5.950313833  -13.062775508    8.965457724   -7.701087527  -11.798405311   17.652062660    5.853657349    5.872085259    0.809346362
   3    5.950313834    5.950313834  -13.062775508    8.965457724   -7.701087527  -11.798405311   17.652062660    5.853657349    5.872085260    0.809346362
   4    5.950313836    5.950313836  -13.062775508    8.965457724   -7.701087527  -11.798405311   17.652062660    5.853657349    5.872085260    0.809346362
   5    9.247608368    9.247608368   -5.644627794    3.842056838   -7.553688807   -9.356259762   18.838374397    9.482114635    9.435381892    0.800718576
   6    9.247608369    9.247608369   -5.644627794    3.842056838   -7.553688807   -9.356259762   18.838374397    9.482114635    9.435381893    0.800718576
   7    9.247608370    9.247608370   -5.644627794    3.842056838   -7.553688807   -9.356259762   18.838374397    9.482114635    9.435381893    0.800718576
   8   10.369703752   10.369703752   -5.674115518    4.287758998   -8.676442720  -10.062799240   20.594195851   10.531396611   10.498289580    0.795247413
   9   14.741590184   14.741590184   -4.338595083    3.297309466   -7.863770517   -8.905056134   24.060061335   15.155005201   15.066470567    0.785845626
  10   14.741590186   14.741590186   -4.338595083    3.297309466   -7.863770517   -8.905056134   24.060061335   15.155005201   15.066470567    0.785845626
  11   14.763904920   14.763904920   -2.575940510    2.195882868   -7.119969272   -7.500026914   21.929597231   14.429570317   14.502676307    0.781338845
  12   18.252116304   18.252116304   -2.238660029    1.736510093   -7.258833948   -7.760983884   25.754550232   17.993566348   18.057242262    0.753719109
  13   18.252116306   18.252116306   -2.238660029    1.736510093   -7.258833948   -7.760983884   25.754550232   17.993566348   18.057242262    0.753719109
  14   18.252116307   18.252116307   -2.238660029    1.736510093   -7.258833948   -7.760983884   25.754550232   17.993566348   18.057242263    0.753719109
 
       k =  0.000000  0.000000  0.250000 ik =   2 spin = 1

   n            Emf             Eo              X           SX-X             CH            Sig            KIH           Eqp0           Eqp1            Znk
   1   -6.446014550   -6.446014550  -17.199652509   12.681628709   -6.782156812  -11.300180612    5.678991483   -5.621189129   -5.871146774    0.696956909
   2    1.654754681    1.654754681  -13.768077838    9.608958674   -7.206790700  -11.365909864   13.060155593    1.694245729    1.685852056    0.787453776
   3    5.126376878    5.126376878  -13.034235753    8.979364554   -7.566486759  -11.621357958   16.667379104    5.046021146    5.061582586    0.806343125
   4    5.126376879    5.126376879  -13.034235753    8.979364554   -7.566486759  -11.621357958   16.667379104    5.046021146    5.061582586    0.806343125
   5    8.739356570    8.739356570   -5.679018189    3.861723661   -7.630557964   -9.447852492   18.377375751    8.929523259    8.892224337    0.803861957
   6   10.259898461   10.259898461   -5.388916578    3.649189795   -7.582164394   -9.321891177   19.803983665   10.482092488   10.437252040    0.798192378
   7   10.259898461   10.259898461   -5.388916578    3.649189795   -7.582164394   -9.321891177   19.803983665   10.482092488   10.437252040    0.798192378
   8   13.969317889   13.969317889   -4.698111856    3.617743490   -8.488439361   -9.568807727   23.543464808   13.974657081   13.973474919    0.778587862
   9   14.148673685   14.148673685   -4.092217590    2.956136933   -7.546745549   -8.682826206   23.075692593   14.392866387   14.340939120    0.787351272
  10   14.148673687   14.148673687   -4.092217590    2.956136933   -7.546745549   -8.682826206   23.075692593   14.392866387   14.340939120    0.787351272
  11   15.864963508   15.864963508   -2.432706733    2.095006166   -7.214389167   -7.552089733   23.134951112   15.582861379   15.646620836    0.773984487
  12   18.902088659   18.902088659   -2.679511166    2.151975760   -7.667835859   -8.195371266   26.812891854   18.617520588   18.689159721    0.748253091
  13   21.929492287   21.929492287   -2.487289484    1.796456148   -7.923580144   -8.614413480   30.282629813   21.668216333   21.744647099    0.707471104
  14   21.929492290   21.929492290   -2.487289484    1.796456148   -7.923580144   -8.614413480   30.282629813   21.668216333   21.744647100    0.707471104
 
       k =  0.000000  0.000000  0.500000 ik =   3 spin = 1

   n            Emf             Eo              X           SX-X             CH            Sig            KIH           Eqp0           Eqp1            Znk
   1   -4.733132769   -4.733132769  -16.841156547   12.193140642   -6.991081385  -11.639097289    7.529430977   -4.109666312   -4.285089085    0.718633182
   2   -1.786872149   -1.786872149  -14.849811080   10.609727141   -6.817335200  -11.057419139    9.522407066   -1.535012073   -1.596258980    0.756821692
   3    4.622684511    4.622684511  -13.254697497    9.147925819   -7.527181276  -11.633952953   16.182832165    4.548879212    4.563362453    0.803764207
   4    4.622684511    4.622684511  -13.254697497    9.147925819   -7.527181276  -11.633952953   16.182832165    4.548879212    4.563362453    0.803764207
   5    8.237319521    8.237319521   -5.785113785    3.903395432   -7.596098090   -9.477816443   17.891608413    8.413791970    8.379529252    0.805846647
   6   10.061721792   10.061721792   -4.986919850    3.350796057   -7.282397720   -8.918521513   19.213262903   10.294741390   10.248578500    0.801892671
   7   10.061721793   10.061721793   -4.986919850    3.350796057   -7.282397720   -8.918521513   19.213262903   10.294741390   10.248578500    0.801892671
   8   14.548710351   14.548710351   -2.301683176    1.695144136   -6.745917146   -7.352456186   21.597865381   14.245409195   14.312816245    0.777755383
   9   17.763489026   17.763489026   -3.752261027    2.850430674   -8.205132118   -9.106962472   27.043545094   17.936582623   17.893879809    0.753296395
  10   17.763489039   17.763489039   -3.752261027    2.850430674   -8.205132118   -9.106962472   27.043545094   17.936582623   17.893879812    0.753296395
  11   18.520136752   18.520136752   -3.532626489    3.207094640   -8.708790942   -9.034322791   27.342370112   18.308047321   18.360271368    0.753764029
  12   18.569659185   18.569659185   -3.432671290    3.018801645   -8.628793320   -9.042662965   27.602729353   18.560066388   18.562539141    0.742228152
  13   18.569659185   18.569659185   -3.432671290    3.018801645   -8.628793320   -9.042662965   27.602729353   18.560066388   18.562539141    0.742228152
  14   20.419699746   20.419699746   -3.335977070    3.327156708   -9.554940385   -9.563760747   29.671985198   20.108224451   20.196423262    0.716835292
 
       k =  0.000000  0.250000  0.250000 ik =   4 spin = 1

   n            Emf             Eo              X           SX-X             CH            Sig            KIH           Eqp0           Eqp1            Znk
   1   -6.130324598   -6.130324598  -17.095103443   12.560224468   -6.801647667  -11.336526642    5.978094238   -5.358432404   -5.589254755    0.700965559
   2    2.132101953    2.132101953  -14.117922475    9.790047602   -7.497296180  -11.825171052   14.011403910    2.186232858    2.174848883    0.789695465
   3    3.880167879    3.880167879  -13.061975941    9.047792982   -7.328119004  -11.342301963   15.157897740    3.815595777    3.828428292    0.801268436
   4    3.880167879    3.880167879  -13.061975941    9.047792982   -7.328119004  -11.342301963   15.157897740    3.815595777    3.828428292    0.801268436
   5    7.681936536    7.681936536   -5.395517051    3.538481111   -7.027448214   -8.884484154   16.719011315    7.834527161    7.805283505    0.808352209
   6    9.830813099    9.830813099   -4.474776686    2.994702747   -7.009479931   -8.489553870   18.452633071    9.963079201    9.937269111    0.804862395
   7   12.707104088   12.707104088   -5.276493896    3.631481839   -8.079220652   -9.724232708   22.610157197   12.885924489   12.847517765    0.785221800
   8   12.707104089   12.707104089   -5.276493896    3.631481839   -8.079220652   -9.724232708   22.610157197   12.885924489   12.847517765    0.785221800
   9   15.217952313   15.217952313   -4.797870806    4.105792682   -9.096938542   -9.789016666   25.133140012   15.344123346   15.315858543    0.775980253
  10   16.033358939   16.033358939   -4.055673738    3.168188002   -8.026965490   -8.914451226   25.289413696   16.374962470   16.298667004    0.776654928
  11   18.444520183   18.444520183   -2.614528804    2.213542439   -7.662464529   -8.063450894   26.149949579   18.086498685   18.174568857    0.754008706
  12   20.161212123   20.161212123   -2.284074496    1.611449010   -7.455147724   -8.127773210   28.011156892   19.883383682   19.959326101    0.726657148
  13   20.161212123   20.161212123   -2.284074496    1.611449010   -7.455147724   -8.127773210   28.011156892   19.883383682   19.959326101    0.726657148
  14   20.772083498   20.772083498   -2.163977248    1.741362900   -7.313996892   -7.736611240   28.213881930   20.477270690   20.555519326    0.734581964
 
       k =  0.000000  0.250000  0.500000 ik =   5 spin = 1

   n            Emf             Eo              X           SX-X             CH            Sig            KIH           Eqp0           Eqp1            Znk
   1   -4.301959982   -4.301959982  -16.599470977   11.972565138   -6.979934498  -11.606840336    7.851037498   -3.755802838   -3.906210628    0.724607118
   2   -1.107871497   -1.107871497  -15.159982344   10.705139209   -7.108779804  -11.563622939   10.685088461   -0.878534478   -0.933107020    0.762042157
   3    2.091506424    2.091506424  -13.034689242    9.107240694   -7.017911411  -10.945359959   13.017529852    2.072169893    2.076172076    0.793024749
   4    3.513508048    3.513508048  -13.248382682    9.180339015   -7.304024042  -11.372067708   14.828290361    3.456222653    3.467731521    0.799095942
   5    8.103249768    8.103249768   -5.064150985    3.316499033   -6.948542175   -8.696194127   16.939560623    8.243366496    8.216594201    0.808928632
   6   11.218314531   11.218314531   -4.776339440    3.143614281   -7.279547011   -8.912272171   20.237552456   11.325280285   11.303681406    0.798076684
   7   12.718989359   12.718989359   -5.025325423    3.549215519   -8.118200192   -9.594310095   22.448230474   12.853920379   12.825004839    0.785701321
   8   12.863481319   12.863481319   -4.686883707    3.246267333   -7.765152757   -9.205769131   22.246492830   13.040723699   13.002915908    0.786688762
   9   17.383819344   17.383819344   -3.353615275    2.636520045   -8.189903167   -8.906998396   26.150279429   17.243281033   17.278296189    0.750849745
  10   17.751455243   17.751455243   -3.711572377    2.902825195   -8.302227103   -9.110974286   26.976032600   17.865058314   17.836940114    0.752487325
  11   19.464689622   19.464689622   -3.554264271    3.168989933   -8.858949576   -9.244223915   28.803176092   19.558952177   19.534190556    0.737312219
  12   19.906366593   19.906366593   -2.846802918    2.666262347   -8.245106761   -8.425647332   28.145085646   19.719438314   19.767955766    0.740448837
  13   20.292513944   20.292513944   -3.325780705    3.355474602   -9.334499387   -9.304805490   29.375533131   20.070727641   20.131157834    0.727529647
  14   24.146609463   24.146609463   -2.499943617    2.166684899   -8.423096974   -8.756355692   32.454258258   23.697902566   23.844797739    0.672625551
 
       k =  0.000000  0.250000  0.750000 ik =   6 spin = 1

   n            Emf             Eo              X           SX-X             CH            Sig            KIH           Eqp0           Eqp1            Znk
   1   -5.056549265   -5.056549265  -16.805389219   12.211759918   -6.902943554  -11.496572854    7.077677908   -4.418894946   -4.600576863    0.715077728
   2   -0.090400587   -0.090400587  -14.853554742   10.432839994   -7.230090436  -11.650805184   11.728750779    0.077945595    0.039366969    0.770837532
   3    1.845199881    1.845199881  -12.955407872    9.083742215   -6.925029716  -10.796695374   12.626331737    1.829636363    1.832881708    0.791477443
   4    4.493453411    4.493453411  -13.118922666    9.045845055   -7.473127379  -11.546204990   15.966506654    4.420301664    4.434649990    0.803855310
   5    9.132063418    9.132063418   -5.084206688    3.402036892   -7.240138959   -8.922308755   18.230609459    9.308300704    9.273914168    0.804885014
   6   11.697159335   11.697159335   -4.867410611    3.306942274   -7.728302693   -9.288771030   21.147281022   11.858509992   11.824472498    0.789046454
   7   11.936932411   11.936932411   -5.375821772    3.615583298   -7.725482116   -9.485720590   21.552335056   12.066614466   12.039942673    0.794329344
   8   13.138605691   13.138605691   -4.308483888    3.141084415   -7.943429891   -9.110829363   22.278389838   13.167560475   13.161280690    0.783117554
   9   13.318477115   13.318477115   -4.295688429    2.992679675   -7.360304052   -8.663312806   22.212024555   13.548711749   13.501300855    0.794075753
  10   16.817449411   16.817449411   -3.559063734    2.784663075   -8.302790149   -9.077190808   25.815730895   16.738540087   16.757844105    0.755364544
  11   19.723183620   19.723183620   -2.602473138    1.938163370   -7.470056109   -8.134365877   27.676295916   19.541930039   19.588254347    0.744422660
  12   20.496127686   20.496127686   -2.373869622    1.840837351   -7.364457145   -7.897489416   28.114747774   20.217258358   20.290176800    0.738521111
  13   20.601819772   20.601819772   -3.654714319    3.464749176   -9.453896864   -9.643862006   30.228498586   20.584636580   20.589366558    0.724732264
  14   23.893702476   23.893702476   -2.146123175    1.617502931   -7.873260603   -8.401880846   31.759580703   23.357699857   23.533079209    0.672801314
 
       k =  0.000000  0.500000  0.500000 ik =   7 spin = 1

   n            Emf             Eo              X           SX-X             CH            Sig            KIH           Eqp0           Eqp1            Znk
   1   -2.708147029   -2.708147029  -15.983932590   11.411271167   -7.092067510  -11.664728933    9.340171193   -2.324557740   -2.422739340    0.744044991
   2   -2.708147024   -2.708147024  -15.983932590   11.411271167   -7.092067510  -11.664728933    9.340171193   -2.324557740   -2.422739338    0.744044991
   3    2.780058975    2.780058975  -13.433973606    9.344610730   -7.212268848  -11.301631725   14.038494864    2.736863139    2.745734183    0.794631963
   4    2.780058975    2.780058975  -13.433973606    9.344610730   -7.212268848  -11.301631725   14.038494864    2.736863139    2.745734183    0.794631963
   5    7.227333366    7.227333366   -5.056292063    3.277471946   -6.761623525   -8.540443643   15.892681253    7.352237610    7.328725372    0.811757891
   6    7.227333376    7.227333376   -5.056292063    3.277471946   -6.761623525   -8.540443643   15.892681253    7.352237610    7.328725374    0.811757891
   7   17.435404657   17.435404657   -3.737246295    2.963905950   -8.871326721   -9.644667066   26.946177881   17.301510815   17.336229004    0.740703618
   8   17.435404657   17.435404657   -3.737246295    2.963905950   -8.871326721   -9.644667066   26.946177881   17.301510815   17.336229004    0.740703618
   9   18.209744404   18.209744404   -4.129286884    3.138306158   -8.425694122   -9.416674849   27.810096377   18.393421528   18.348275346    0.754209008
  10   18.209744404   18.209744404   -4.129286884    3.138306158   -8.425694122   -9.416674849   27.810096377   18.393421528   18.348275346    0.754209008
  11   19.804303540   19.804303540   -3.393794843    2.837795178   -8.438140263   -8.994139927   28.964537809   19.970397881   19.927318900    0.740635465
  12   19.804303566   19.804303566   -3.393794843    2.837795178   -8.438140263   -8.994139927   28.964537809   19.970397881   19.927318906    0.740635465
  13   20.404122456   20.404122456   -3.466919933    3.567874904   -9.593752465   -9.492797493   29.613329078   20.120531585   20.197236354    0.729523136
  14   20.404122473   20.404122473   -3.466919933    3.567874904   -9.593752465   -9.492797493   29.613329078   20.120531585   20.197236359    0.729523136
 
       k =  0.250000  0.500000  0.750000 ik =   8 spin = 1

   n            Emf             Eo              X           SX-X             CH            Sig            KIH           Eqp0           Eqp1            Znk
   1   -2.521075856   -2.521075856  -16.044247816   11.421221430   -7.157955846  -11.780982232    9.633005098   -2.147977134   -2.243011994    0.745282269
   2   -2.521075841   -2.521075841  -16.044247816   11.421221430   -7.157955846  -11.780982232    9.633005098   -2.147977134   -2.243011990    0.745282269
   3    1.722731511    1.722731511  -12.949704917    9.083199469   -6.887413761  -10.753919209   12.451683707    1.697764497    1.702983265    0.790973490
   4    1.722731512    1.722731512  -12.949704917    9.083199469   -6.887413761  -10.753919209   12.451683707    1.697764497    1.702983265    0.790973490
   5   10.984875525   10.984875525   -4.926883135    3.188779581   -7.193725124   -8.931828678   20.013878658   11.082049980   11.062627795    0.800130757
   6   10.984875540   10.984875540   -4.926883135    3.188779581   -7.193725124   -8.931828678   20.013878658   11.082049980   11.062627798    0.800130757
   7   11.937187365   11.937187365   -4.702312181    3.329771437   -7.844600213   -9.217140956   21.291233590   12.074092633   12.045304346    0.789721117
   8   11.937187376   11.937187376   -4.702312181    3.329771437   -7.844600213   -9.217140956   21.291233590   12.074092633   12.045304349    0.789721117
   9   17.868602361   17.868602361   -3.972101911    3.099828528   -8.713265363   -9.585538745   27.481896893   17.896358148   17.889295896    0.745557480
  10   17.868602379   17.868602379   -3.972101911    3.099828528   -8.713265363   -9.585538745   27.481896893   17.896358148   17.889295900    0.745557480
  11   20.378553197   20.378553197   -3.445677643    3.561645798   -9.441692195   -9.325724041   29.662276135   20.336552094   20.347955082    0.728507434
  12   20.378553231   20.378553231   -3.445677643    3.561645798   -9.441692195   -9.325724041   29.662276135   20.336552094   20.347955091    0.728507434
  13   23.632127146   23.632127146   -2.159877936    1.900169406   -7.935469839   -8.195178369   31.396094077   23.200915708   23.335785663    0.687230108
  14   23.632127204   23.632127204   -2.159877936    1.900169406   -7.935469839   -8.195178369   31.396094077   23.200915708   23.335785681    0.687230108
 

================================================================================

    n = band index.
  Emf = "inner" mean-field energy eigenvalue used to construct Sigma(E),
        read from WFN_inner.
   Eo = "outer" mean-field energy eigenvalue where we center the evaluation
        frequency grid {E} of Sigma(E). Defaults to Emf, unless
        you use WFN_outer and eqp_outer.dat / scissors_outer.
  Vxc = exchange-correlation pot., calculated from VXC or read from vxc.dat.
  KIH = Kinetic energy + Ionic potential + Hartree, read from kih.dat.
    X = bare exchange.
   SX = screened exchange contrib. to Sigma(E) at energy E=Eo
   CH = Coulomb hole contrib. to Sigma(E) at energy E=Eo
  Cor = SX-X + CH = correlation portion of Sigma(E) at energy E=Eo.
  Sig = X + Cor = self energy, Sigma(E), at energy E=Eo.
 Eqp0 = on-shell QP energy = Emf - Vxc + Sig(Eo)
        Eqp0 is *not* the recommended quantity to use for QP properties.
 Eqp1 = off-shell solution to the linearized  Dyson`s equation
      = Eqp0 + (dSig/dE) / (1 - dSig/dE) * (Eqp0 - Eo),
        or a full linear interpolation if more freq. points where computed.
        Eqp1 is the recommended quantity to use for QP properties.
  Znk = quasiparticle renormalization factor

 Notes on the finite_difference_form from sigma.inp file:
   none    : -2 => dSig/dE = 0 (skip the expansion)
   backward: -1 => dSig/dE = (Sig(Eo) - Sig(Eo-dE)) / dE
   central :  0 => dSig/dE = (Sig(Eo+dE) - Sig(Eo-dE)) / (2*dE)
   forward :  1 => dSig/dE = (Sig(Eo+dE) - Sig(Eo)) / dE
   default :  2 => forward for diagonal and none for off-diagonal
   dE is finite_difference_spacing from Sigma.inp file.
   We are using the form #2 with dE = 1.000 eV.

 General notes:
 - All energies are reported here in eV.
 - Both Emf and Vxc contain the average pot. Vxc0, so Vxc0 doesn`t affect Sigma.
 - Eqp1 and Eqp0 are Eqs. (36-37) from Hybertsen & Louie PRB 34 5390.
 - We recommend you use Eqp1 for QP properties of materials.

================================================================================

