
 BerkeleyGW trunk revision 7003
 BSE/Absorption code, Real version, run on 20-Apr-2016 at 02:04:50 +0000

                                                                 ..o.          
                                                                .oxxo.         
                                                               .oxxxxo...      
                                                               oxxxxxxo.       
                                                              .oxxxxxxx.       
                                                              .ooooooxxo..     
                                                              .oooooooxo..     
                                                              .oooooxxo...     
                                                       .........oxooo......    
                                                 ............................  
                                             ................................. 
                                          .................................... 
           .          ..oo. ....  .................................oooxxxxxxxo.
     .............oxxxx@ox@@@x@x.....................o...........ooooooooooxx. 
    .o.........oox@x.oo........xxx@@............ooxxxxo..........ooooxxxxxoxo  
    .x........x@xxo...............o@xxo........oxxx@@@xoooooooooooooooxxxo...  
    .o......ox@@o..................oox@o.....ooxxx@xoooxxxxxxxoooooooooooo.... 
    o..ooooo@@xoooo....ooo...........x@o.....ooxxxxo   .oxxxxxxxxxxooooooo.... 
    . .oooo@@@@@@@@@@@@@@@@@@@@@@@@@@@@@@....ooooox.     .oxx@@@@@xxoo........ 
      .ooooxxxxxxxooooooxooooooooooooooxo...oooooxx.        ..ox@xxxoo.........
      .ooooooxxxx@xoooooooooooooxxoooooooooooxxxxx.            .oxxooooooooxxo.
     .oooooxxxxx@@@xxxxxxxxxxxxxxxxxxxxxxxxoxxxxo.                .oxxxxxxxxo. 
   ....oooxxxxx@@@xo..oxxx@@@@@@xxxxoxxoooooooxx.                  .oxxxoo..   
  .....ooxxxx@@xo.       ........    .ooooooooxxo                              
  ..oooxxxx@@@o                       .oooooooxoo.                             
  ....oxooxxxxx.                       .ooo..oooo.                             
  .....o.ooxxxxxo.                     .oooooooxo.                             
 ......ooooxxxxxxo.                     .ooooooxoo..                           
........ooxxxxxxxo..                     .o....oxoo...                         
.......ooooxxxxxxxo.                     ........oooo.                         
.ooooooo..ooxxxxoooo.                    .........ooo...                       
..oxo...ooooxxxoooo..                    .ooo......oooo...                     
  .ooooo....o.                            .oxxxoo....ooo....                   
    .oooooo...                              ...ooooo...ooo..                   
       ...                                     .oo.......                      
                                               ....ooo...                      
                      __              __                                       
 ______              [  |            [  |                 ._____  _          _ 
|_   _ \              | |  _          | |                /  ___ \| |        | |
  | |_) | .---.  _. _.| | / |  .---.  | | .---.  _    _ / /    \_|\ \  /\  / / 
  |  __'./ /__\\[ /`\_| '' <  / /__\\ | |/ /__\\| \  | | |   _____ \ \/  \/ /  
 _| |__| | \__. | |   | |`\ \ | \___. | || \___. \ \/ / \ \.___| |  \  /\  /   
|_______/ \.__./[_]  [__|  \_] \.__./[___]\.__./  \  /   \.____./    \/  \/    
                                                  / /                          
                                                 /_/                           
--------------------------------------------------------------------------------
 Please cite the following papers when using results from BerkeleyGW:

 Jack Deslippe, Georgy Samsonidze, David A. Strubbe, Manish Jain, Marvin L.
 Cohen, and Steven G. Louie, "BerkeleyGW: A Massively Parallel Computer Package
 for the Calculation of the Quasiparticle and Optical Properties of Materials
 and Nanostructures," Comput. Phys. Commun. 183, 1269 (2012)

 Mark S. Hybertsen and Steven G. Louie, "Electron correlation in semiconductors
 and insulators: Band gaps and quasiparticle energies," Phys. Rev. B 34, 5390
 (1986)

 Michael Rohlfing and Steven G. Louie, "Electron-hole excitations and optical
 spectra from first principles," Phys. Rev. B 62, 4927 (2000)
--------------------------------------------------------------------------------

 Running MPI version (parallel)
 Running with 1 MPI task(s)
 Using OpenMP. Number of threads per MPI task: 1

 Compilation flags:
 - Compiler: GNU
 - Para. flags: MPI, OMP
 - Math  flags: USESCALAPACK, UNPACKED, USEFFTW3, HDF5
 - Debug flags: 

 Kernel was calculated only for (v,c)->(v',c') transitions.
 This may not be a good idea for metals and narrow-bandgap semiconductors.
 Consider calculating the extended BSE kernel with the 'extended_kernel' flag.

 Bethe-Salpeter Calculation
 The restricted fi/co WFN transformation dvv',dcc' will be calculated.
 This is not a good idea for metals and narrow-bandgap semiconductors.
 Consider using the 'unrestricted_transformation' flag.

 Using the Tamm-Dancoff approximation.

 Using the velocity operator

 Using the Delaunay interpolation method.

 Running with Semiconductor Screening

 We are not communicating

 We are using no truncation

 Cutoff for Monte-Carlo average of Coulomb potential:    1.000E+12 Ry


 Number of k-points in the coarse k-grid: 125
 A 3-D interpolation algorithm will be employed.
 No symmetries used in the fine grid-sampling

 kgrid:   8   8   8
 Highest occupied band (fine grid) = 4
 Valence max    (fine grid) = 10.005080 eV
 Conduction min (fine grid) = 11.287621 eV
 Middle energy  (fine grid) = 10.646351 eV
 Fermi  energy  (fine grid) = 10.646351 eV

 Number of electrons per unit cell (from ifmax) = 8.000000
 Number of electrons per unit cell (from occupations) = 8.000000
 Plasma Frequency = 1.220148 Ry


 Scissors parameters
 Valence:    es =   0.0000 eV, e0 =   0.0000 eV, edel =   0.0000
 Conduction: es =   0.0000 eV, e0 =   0.0000 eV, edel =   0.0000

 You are doing a class 1 calculation - npes <= nk

 Memory available:    6260.5 MB per PE
 Memory required for vcoul:  114.4 MB per PE
 Memory needed to store the effective Hamiltonian and intkernel
        arrays:   73.6 MB per PE
 Additional memory needed for eigenvectors and diagonalization:  147.6 MB per PE

 Distribution of kcv blocks among PE ranks:
   - PEs 0 to 0 : 512 blocks

 Started reading wavefunctions (WFN_fi) with 512 k-point(s) at 02:04:50.
 [ 02:04:50 |   0% ] k-point   1 / 512.
 [ 02:04:50 |   0% ] k-point   3 / 512, remaining: 0 s.
 [ 02:04:50 |  10% ] k-point  52 / 512, remaining: 0 s.
 [ 02:04:50 |  20% ] k-point 103 / 512, remaining: 0 s.
 [ 02:04:50 |  30% ] k-point 154 / 512, remaining: 0 s.
 [ 02:04:50 |  40% ] k-point 205 / 512, remaining: 0 s.
 [ 02:04:50 |  50% ] k-point 257 / 512, remaining: 0 s.
 [ 02:04:50 |  60% ] k-point 308 / 512, remaining: 0 s.
 [ 02:04:50 |  70% ] k-point 359 / 512, remaining: 0 s.
 [ 02:04:50 |  80% ] k-point 410 / 512, remaining: 0 s.
 [ 02:04:50 |  90% ] k-point 461 / 512, remaining: 0 s.
 Finished reading wavefunctions (WFN_fi) at 02:04:50.
 Elapsed time: 0 s.


 Conduction wavefunctions read from file WFN_fi
  - Number k-points in irreducible BZ:      512
  - Number k-points in full BZ:      512
  - Effective k-point radius:     0.075373 Bohr^-1

  Lowest energy transitions (eV):
   (  0.434 ,  0.421 ,    0.414 )  220   1   1   3.247234
   (  0.309 ,  0.296 ,    0.289 )  147   1   1   3.253612
   ( -0.316 , -0.329 ,   -0.336 )  366   1   1   3.260074
   ( -0.441 , -0.454 ,   -0.461 )  293   1   1   3.261352
   ( -0.441 , -0.454 ,   -0.461 )  293   1   2   3.294041
  
 More Job Parameters: 
 Crystal volume =            138294.34671167080523 a.u.
 Number of valence bands =            3
 Number of cond. bands   =            2
 Number of spins   =            1
 Broadening:  0.1500 eV
 Number of eigenvalues to be computed =         3072
  
 Highest occupied band (shifted fine grid) = 4
 Shift vector :   0.00000  0.00000  0.00125  Length = 0.00133

 No symmetries used in the shifted-grid sampling


 Started reading wavefunctions (WFNq_fi) with 512 k-point(s) at 02:04:50.
 [ 02:04:50 |   0% ] k-point   1 / 512.
 [ 02:04:50 |   0% ] k-point   3 / 512, remaining: 0 s.
 [ 02:04:50 |  10% ] k-point  52 / 512, remaining: 0 s.
 [ 02:04:50 |  20% ] k-point 103 / 512, remaining: 0 s.
 [ 02:04:50 |  30% ] k-point 154 / 512, remaining: 0 s.
 [ 02:04:50 |  40% ] k-point 205 / 512, remaining: 0 s.
 [ 02:04:50 |  50% ] k-point 257 / 512, remaining: 0 s.
 [ 02:04:50 |  60% ] k-point 308 / 512, remaining: 0 s.
 [ 02:04:50 |  70% ] k-point 359 / 512, remaining: 0 s.
 [ 02:04:50 |  80% ] k-point 410 / 512, remaining: 0 s.
 [ 02:04:50 |  90% ] k-point 461 / 512, remaining: 0 s.
 Finished reading wavefunctions (WFNq_fi) at 02:04:50.
 Elapsed time: 0 s.


 Valence wavefunctions read from file WFNq_fi
  - Number k-points in irreducible BZ:      512
  - Number k-points in full BZ:      512

 Reading quasiparticle energy corrections from eqp_co.dat

      band   k-point      spin      Elda (eV)       Eqp (eV)
         1         1         1       -2.55213      -10.24974
         2         1         1       10.03586        0.50617
         3         1         1       10.03586        0.50617
         4         1         1       10.03586        0.50617
         5         1         1       13.33159        5.94756
         6         1         1       13.33159        5.94756
         7         1         1       13.33159        5.94756
         8         1         1       13.69865        5.95380
         9         1         1       18.58425       11.51924
        10         1         1       18.58425       11.51924
         1         2         1       -2.03081       -9.93850
         2         2         1        6.85152       -2.17600
         3         2         1        9.44257        0.07486
         4         2         1        9.44257        0.07486
         5         2         1       12.76427        5.33745
         6         2         1       14.18721        6.76476
         7         2         1       14.18721        6.76476
         8         2         1       16.91749        9.38891
         9         2         1       17.88491       11.03863
        10         2         1       17.88491       11.03863
         1         3         1       -0.67200       -8.94108
         2         3         1        3.45564       -5.15240
         3         3         1        8.84869       -0.47693
         4         3         1        8.84869       -0.47693
         5         3         1       12.08215        4.63337
         6         3         1       14.22062        7.08843
         7         3         1       14.22062        7.08843
         8         3         1       19.03199       13.35286
         9         3         1       20.12161       13.23771
        10         3         1       20.12161       13.23771
         1         4         1       -1.84939       -9.81925
         2         4         1        7.15806       -2.14110
         3         4         1        8.51083       -0.60894
         4         4         1        8.51083       -0.60894
         5         4         1       12.11925        4.97032
         6         4         1       14.63264        7.64105
         7         4         1       15.88365        8.30155
         8         4         1       15.88365        8.30155
         9         4         1       17.81628       10.49181
        10         4         1       19.38707       12.40772
         1         5         1       -0.70158       -8.92560
         2         5         1        4.35143       -4.56423
         3         5         1        7.34821       -1.50871
         4         5         1        7.95879       -1.13086
         5         5         1       12.42947        5.31456
         6         5         1       14.88128        7.88408
         7         5         1       15.78234        8.32864
         8         5         1       16.42769        9.15184
         9         5         1       21.30640       14.38273
        10         5         1       21.93698       15.96924
         1         6         1        0.16496       -8.28693
         2         6         1        2.95263       -5.72754
         3         6         1        6.52246       -2.18193
         4         6         1        8.24618       -0.93313
         5         6         1       12.71175        5.62971
         6         6         1       15.39699        8.02598
         7         6         1       15.72040        8.58727
         8         6         1       18.77219       11.85039
         9         6         1       19.53446       12.61791
        10         6         1       19.87578       13.14095
         1         7         1       -1.19406       -9.29327
         2         7         1        5.21925       -3.82115
         3         7         1        7.00855       -1.67474
         4         7         1        9.15253       -0.21353
         5         7         1       13.55499        6.27494
         6         7         1       14.92249        7.65642
         7         7         1       15.08260        7.54775
         8         7         1       16.69212        9.73510
         9         7         1       16.87756       10.01545
        10         7         1       22.13428       15.19593
         1         8         1        0.19809       -8.19124
         2         8         1        3.36763       -5.57608
         3         8         1        7.21884       -1.76437
         4         8         1        7.21884       -1.76437
         5         8         1       11.21200        4.22974
         6         8         1       11.99455        5.16284
         7         8         1       20.09105       12.88936
         8         8         1       20.09105       12.88936
         9         8         1       21.79305       14.97870
        10         8         1       22.61706       15.67074
         1         9         1        1.39700       -7.26866
         2         9         1        2.06502       -6.71607
         3         9         1        5.92936       -2.57105
         4         9         1        7.33891       -1.67836
         5         9         1       11.68419        4.76592
         6         9         1       13.88357        6.75911
         7         9         1       19.58644       12.64733
         8         9         1       19.91080       12.74283
         9         9         1       20.06940       13.07980
        10         9         1       20.35660       13.49159
         1        10         1        0.62688       -7.89391
         2        10         1        2.95932       -5.96302
         3        10         1        6.01408       -2.50494
         4        10         1        7.00290       -1.75143
         5        10         1       14.15441        6.93566
         6        10         1       14.56457        7.53816
         7        10         1       15.22316        8.00586
         8        10         1       18.98624       12.03298
         9        10         1       20.00627       12.86040
        10        10         1       21.49890       14.55303

 Highest occupied band (coarse grid) = 4
 Valence max    (coarse grid) = .506165 eV
 Conduction min (coarse grid) = 4.229740 eV
 Middle energy  (coarse grid) = 2.367953 eV
 Fermi  energy  (coarse grid) = 2.367953 eV


 Reading quasiparticle energy corrections from eqp_co.dat
 Using symmetries to expand the coarse-grid sampling


 Started reading wavefunctions (WFN_co) with 10 k-point(s) at 02:04:50.
 [ 02:04:50 |   0% ] k-point  1 / 10.
 [ 02:04:50 |  10% ] k-point  2 / 10.
 [ 02:04:50 |  20% ] k-point  3 / 10, remaining: 0 s.
 [ 02:04:50 |  30% ] k-point  4 / 10, remaining: 0 s.
 [ 02:04:50 |  40% ] k-point  5 / 10, remaining: 0 s.
 [ 02:04:50 |  50% ] k-point  6 / 10, remaining: 0 s.
 [ 02:04:50 |  60% ] k-point  7 / 10, remaining: 0 s.
 [ 02:04:50 |  70% ] k-point  8 / 10, remaining: 0 s.
 [ 02:04:50 |  80% ] k-point  9 / 10, remaining: 0 s.
 [ 02:04:50 |  90% ] k-point 10 / 10, remaining: 0 s.
 Finished reading wavefunctions (WFN_co) at 02:04:50.
 Elapsed time: 0 s.


 Coarse-grid wavefunctions read from file WFN_co
  - Number k-points in irreducible BZ:       10
  - Number k-points in full BZ:      125
  - Effective k-point radius:     0.120597 Bohr^-1

 Started wavefunction interpolation with 512 k-point(s) at 02:04:51.
 [ 02:04:51 |   0% ] k-point   1 / 512.
 [ 02:04:51 |   0% ] k-point   3 / 512, remaining: 1 s.
 [ 02:04:51 |  10% ] k-point  52 / 512, remaining: 1 s.
 [ 02:04:51 |  20% ] k-point 103 / 512, remaining: 1 s.
 [ 02:04:51 |  30% ] k-point 154 / 512, remaining: 1 s.
 [ 02:04:51 |  40% ] k-point 205 / 512, remaining: 0 s.
 [ 02:04:51 |  50% ] k-point 257 / 512, remaining: 0 s.
 [ 02:04:51 |  60% ] k-point 308 / 512, remaining: 0 s.
 [ 02:04:51 |  70% ] k-point 359 / 512, remaining: 0 s.
 [ 02:04:51 |  80% ] k-point 410 / 512, remaining: 0 s.
 [ 02:04:51 |  90% ] k-point 461 / 512, remaining: 0 s.
 Finished wavefunction interpolation at 02:04:51.
 Elapsed time: 1 s.

 Max. error in norm of transformation coefficients (1 - \sum_co |d_fi,co|^2):
  - For valence states: 2.245E-01
  - For conduction states: 2.062E-01

WARNING: there are fine/coarse transformation coefficients with 2-norm < 95%.
To improve convergence, you might want to consider:
- recalculating the kernel using the "extended_kernel" flag
- using the "unrestricted_transformation" flag in the input file
- including more bands from the coarse WFN_co file (number_*_bands_coarse)
- using a coarse WFN_co file with a denser k-mesh

 Writing matrix elements into vmtxel

 Plasma Frequency :    16.600965246339349       eV

 Polarization:   0.000000   0.000000   0.001250
 Sum rule (DFT) :   0.69717489496862572     
 Sum rule (GW)  :   0.97760604308945231     


 Epsilon matrix for q->0 read from eps0mat
 nrq0 = 1  gmax =     7.000000

 Epsilon matrix for q/=0 read from epsmat
 nrq = 9  gmax =     7.000000
 nfq = 125  qsz =   0.120597
 ngmax = 1363
 Dielectric constant :     9.706766
 Dielectric matrix tabulated, nq = 1234
 emax =     1.687236  qlen =     1.272693

 Spin Singlet Kernel

 Calculating v(q) with    512 k-points
 k+G sampling:   0.153093  0.144338  0.135015 (reciprocal lattice units)

 Performing Kernel Interpolation

 Started interpolating BSE kernel with 2048 block(s) at 02:05:14.
 [ 02:05:14 |   0% ] block    1 / 2048.
 [ 02:05:14 |   0% ] block    3 / 2048, remaining: 31 s.
 [ 02:05:17 |  10% ] block  205 / 2048, remaining: 27 s.
 [ 02:05:20 |  20% ] block  410 / 2048, remaining: 24 s.
 [ 02:05:23 |  30% ] block  615 / 2048, remaining: 21 s.
 [ 02:05:26 |  40% ] block  820 / 2048, remaining: 18 s.
 [ 02:05:29 |  50% ] block 1025 / 2048, remaining: 15 s.
 [ 02:05:32 |  60% ] block 1229 / 2048, remaining: 12 s.
 [ 02:05:35 |  70% ] block 1434 / 2048, remaining: 9 s.
 [ 02:05:38 |  80% ] block 1639 / 2048, remaining: 6 s.
 [ 02:05:41 |  90% ] block 1844 / 2048, remaining: 3 s.
 Finished interpolating BSE kernel at 02:05:44.
 Elapsed time: 30 s.


 Degree of broken Hermiticity of the BSE Hamiltonian: 0.0001 %


 Plasma Frequency :    16.600965246339349       eV

 Polarization:   0.000000   0.000000   0.001250
 Sum rule (BSE) :   0.89984097337816427     


                            CPU (s)        WALL (s)          #

 INPUT:          (min.)        0.058           0.058          1
                 (PE 0)        0.058           0.058
                 (max.)        0.058           0.058
 INPUT_Q:        (min.)        0.037           0.037          1
                 (PE 0)        0.037           0.037
                 (max.)        0.037           0.037
 INTWFN:         (min.)        0.920           0.921          1
                 (PE 0)        0.920           0.921
                 (max.)        0.920           0.921
 INTKERNEL:      (min.)       52.085          52.108          1
                 (PE 0)       52.085          52.108
                 (max.)       52.085          52.108
 DIAGONALIZE:    (min.)       45.746          45.790          1
                 (PE 0)       45.746          45.790
                 (max.)       45.746          45.790
 EPSDIAG:        (min.)        0.018           0.019          1
                 (PE 0)        0.018           0.019
                 (max.)        0.018           0.019
 EPS COMM:       (min.)        0.000           0.000          1
                 (PE 0)        0.000           0.000
                 (max.)        0.000           0.000
 ABSORP0:        (min.)        0.464           0.465          1
                 (PE 0)        0.464           0.465
                 (max.)        0.464           0.465
 VMTXEL:         (min.)        0.104           0.104          1
                 (PE 0)        0.104           0.104
                 (max.)        0.104           0.104
 TRANS MTXEL:    (min.)        0.008           0.008          1
                 (PE 0)        0.008           0.008
                 (max.)        0.008           0.008
 ABSORP:         (min.)        0.279           0.280          1
                 (PE 0)        0.279           0.280
                 (max.)        0.279           0.280
 WRITE EIG:      (min.)        0.000           0.000          1
                 (PE 0)        0.000           0.000
                 (max.)        0.000           0.000

 IW Input_co:    (min.)        0.006           0.006          1
                 (PE 0)        0.006           0.006
                 (max.)        0.006           0.006
 IW Interp:      (min.)        0.132           0.131        513
                 (PE 0)        0.132           0.131
                 (max.)        0.132           0.131
 IW Genwf:       (min.)        0.109           0.110       2048
                 (PE 0)        0.109           0.110
                 (max.)        0.109           0.110
 IW Gwnwf_Co:    (min.)        0.585           0.588       2048
                 (PE 0)        0.585           0.588
                 (max.)        0.585           0.588
 IW Mtxel_t:     (min.)        0.050           0.047       2048
                 (PE 0)        0.050           0.047
                 (max.)        0.050           0.047
 IW Write:       (min.)        0.015           0.015          1
                 (PE 0)        0.015           0.015
                 (max.)        0.015           0.015
 IW Reduce:      (min.)        0.000           0.000          1
                 (PE 0)        0.000           0.000
                 (max.)        0.000           0.000

 IK Setup:       (min.)        0.000           0.000          1
                 (PE 0)        0.000           0.000
                 (max.)        0.000           0.000
 IK C-Check:     (min.)        0.003           0.003          1
                 (PE 0)        0.003           0.003
                 (max.)        0.003           0.003
 IK Input:       (min.)        0.118           0.139        500
                 (PE 0)        0.118           0.139
                 (max.)        0.118           0.139
 IK Inteps:      (min.)        0.009           0.009          1
                 (PE 0)        0.009           0.009
                 (max.)        0.009           0.009
 IK Vcoul:       (min.)       21.839          21.847          1
                 (PE 0)       21.839          21.847
                 (max.)       21.839          21.847
 IK Cache:       (min.)        0.606           0.611    1048576
                 (PE 0)        0.606           0.611
                 (max.)        0.606           0.611
 IK Interp:      (min.)       26.499          26.513    1048576
                 (PE 0)       26.499          26.513
                 (max.)       26.499          26.513
 IK Sum:         (min.)        0.944           0.937    1048576
                 (PE 0)        0.944           0.937
                 (max.)        0.944           0.937

 TOTAL:          (min.)       99.718          99.786          1
                 (PE 0)       99.718          99.786
                 (max.)       99.718          99.786
