
 frequency_dependence   1

 band_index     1    14
 sigma_matrix     0   0

 finite_difference_form   2
 finite_difference_spacing  1.000000

 symmetries
 ntran  = 48
 mtrx01 =  1  0  0  0  1  0  0  0  1
 mtrx02 =  1  0  0  0  1  0 -1 -1 -1
 mtrx03 =  0 -1  0 -1  0  0  0  0 -1
 mtrx04 =  0 -1  0 -1  0  0  1  1  1
 mtrx05 =  1  1  1  0 -1  0  0  0 -1
 mtrx06 =  0  1  0 -1 -1 -1  1  0  0
 mtrx07 =  1  1  1  0 -1  0 -1  0  0
 mtrx08 =  0  1  0 -1 -1 -1  0  0  1
 mtrx09 =  0  0 -1  1  1  1 -1  0  0
 mtrx10 =  0  0 -1  1  1  1  0 -1  0
 mtrx11 = -1 -1 -1  0  0  1  1  0  0
 mtrx12 = -1 -1 -1  0  0  1  0  1  0
 mtrx13 = -1  0  0  0 -1  0  0  0 -1
 mtrx14 =  0  1  0  1  0  0  0  0  1
 mtrx15 = -1  0  0  0 -1  0  1  1  1
 mtrx16 =  0  1  0  1  0  0 -1 -1 -1
 mtrx17 = -1 -1 -1  0  1  0  0  0  1
 mtrx18 =  0 -1  0  1  1  1 -1  0  0
 mtrx19 = -1 -1 -1  0  1  0  1  0  0
 mtrx20 =  0 -1  0  1  1  1  0  0 -1
 mtrx21 =  0  0  1 -1 -1 -1  1  0  0
 mtrx22 =  1  1  1  0  0 -1 -1  0  0
 mtrx23 =  0  0  1 -1 -1 -1  0  1  0
 mtrx24 =  1  1  1  0  0 -1  0 -1  0
 mtrx25 =  0  0 -1  0 -1  0  1  1  1
 mtrx26 =  0  0 -1  0 -1  0 -1  0  0
 mtrx27 =  0  1  0  0  0  1  1  0  0
 mtrx28 =  0  1  0  0  0  1 -1 -1 -1
 mtrx29 =  1  0  0 -1 -1 -1  0  1  0
 mtrx30 =  1  1  1 -1  0  0  0  0 -1
 mtrx31 =  1  0  0 -1 -1 -1  0  0  1
 mtrx32 =  1  1  1 -1  0  0  0 -1  0
 mtrx33 =  0  0  1  0  1  0  1  0  0
 mtrx34 =  0 -1  0  0  0 -1 -1  0  0
 mtrx35 =  0  0  1  0  1  0 -1 -1 -1
 mtrx36 =  0 -1  0  0  0 -1  1  1  1
 mtrx37 = -1 -1 -1  1  0  0  0  0  1
 mtrx38 = -1  0  0  1  1  1  0  0 -1
 mtrx39 = -1  0  0  1  1  1  0 -1  0
 mtrx40 = -1 -1 -1  1  0  0  0  1  0
 mtrx41 =  0  0 -1 -1  0  0  1  1  1
 mtrx42 =  1  0  0  0  0  1  0  1  0
 mtrx43 =  1  0  0  0  0  1 -1 -1 -1
 mtrx44 =  0  0 -1 -1  0  0  0 -1  0
 mtrx45 =  0  0  1  1  0  0 -1 -1 -1
 mtrx46 = -1  0  0  0  0 -1  0 -1  0
 mtrx47 = -1  0  0  0  0 -1  1  1  1
 mtrx48 =  0  0  1  1  0  0  0  1  0

       k =  0.000000  0.000000  0.000000 ik =   1 spin = 1

   n         Emf          Eo           X        SX-X          CH         Sig         Vxc        Eqp0        Eqp1       Znk
   1   -2.552134   -2.552134  -17.661650   13.142320   -6.795731  -11.315060    0.000000  -13.867194  -10.249744    0.680298
   2   10.035862   10.035862  -13.093652    8.978507   -7.679923  -11.795068    0.000000   -1.759206    0.506165    0.807939
   3   10.035862   10.035862  -13.093652    8.978507   -7.679923  -11.795068    0.000000   -1.759206    0.506165    0.807939
   4   10.035862   10.035862  -13.093652    8.978507   -7.679923  -11.795068    0.000000   -1.759206    0.506165    0.807939
   5   13.331588   13.331588   -5.601640    3.756727   -7.371275   -9.216188    0.000000    4.115400    5.947560    0.801202
   6   13.331588   13.331588   -5.601640    3.756727   -7.371275   -9.216188    0.000000    4.115400    5.947560    0.801202
   7   13.331588   13.331588   -5.601640    3.756727   -7.371275   -9.216188    0.000000    4.115400    5.947560    0.801202
   8   13.698650   13.698650   -5.744615    4.025235   -7.891282   -9.610663    0.000000    4.087987    5.953804    0.805860
   9   18.584245   18.584245   -4.411007    3.251436   -7.850332   -9.009904    0.000000    9.574342   11.519241    0.784138
  10   18.584245   18.584245   -4.411007    3.251436   -7.850332   -9.009904    0.000000    9.574342   11.519241    0.784138
  11   18.619779   18.619779   -2.533952    1.857895   -6.744195   -7.420252    0.000000   11.199528   12.812774    0.782589
  12   22.391428   22.391428   -2.173325    2.122385   -7.672321   -7.723260    0.000000   14.668167   16.552153    0.756063
  13   22.391428   22.391428   -2.173325    2.122385   -7.672321   -7.723260    0.000000   14.668167   16.552153    0.756063
  14   22.391428   22.391428   -2.173325    2.122385   -7.672321   -7.723260    0.000000   14.668167   16.552153    0.756063

       k =  0.000000  0.000000  0.200000 ik =   2 spin = 1

   n         Emf          Eo           X        SX-X          CH         Sig         Vxc        Eqp0        Eqp1       Znk
   1   -2.030811   -2.030811  -17.485671   12.898404   -6.816822  -11.404089    0.000000  -13.434901   -9.938504    0.693409
   2    6.851524    6.851524  -13.541764    9.400858   -7.268977  -11.409882    0.000000   -4.558358   -2.176003    0.791202
   3    9.442569    9.442569  -13.015097    8.957875   -7.567940  -11.625161    0.000000   -2.182593    0.074862    0.805813
   4    9.442569    9.442569  -13.015097    8.957875   -7.567940  -11.625161    0.000000   -2.182593    0.074862    0.805813
   5   12.764275   12.764275   -5.638649    3.739665   -7.319400   -9.218384    0.000000    3.545891    5.337452    0.805653
   6   14.187210   14.187210   -5.495998    3.688685   -7.483896   -9.291209    0.000000    4.896001    6.764763    0.798868
   7   14.187210   14.187210   -5.495998    3.688685   -7.483896   -9.291209    0.000000    4.896001    6.764763    0.798868
   8   16.917494   16.917494   -5.202624    3.739633   -8.044769   -9.507761    0.000000    7.409733    9.388910    0.791836
   9   17.884910   17.884910   -4.137704    2.915031   -7.494557   -8.717231    0.000000    9.167680   11.038626    0.785374
  10   17.884910   17.884910   -4.137704    2.915031   -7.494557   -8.717231    0.000000    9.167680   11.038626    0.785374
  11   20.110477   20.110477   -2.369406    1.886594   -7.037868   -7.520681    0.000000   12.589796   14.326487    0.769078
  12   22.002889   22.002889   -2.415651    2.114233   -7.472149   -7.773568    0.000000   14.229321   16.110483    0.758005
  13   25.182799   25.182799   -2.342322    1.535894   -7.422660   -8.229087    0.000000   16.953712   19.279871    0.717325
  14   25.182799   25.182799   -2.342322    1.535894   -7.422660   -8.229087    0.000000   16.953712   19.279871    0.717325

       k =  0.000000  0.000000  0.400000 ik =   3 spin = 1

   n         Emf          Eo           X        SX-X          CH         Sig         Vxc        Eqp0        Eqp1       Znk
   1   -0.672001   -0.672001  -17.086590   12.420522   -6.929252  -11.595321    0.000000  -12.267321   -8.941079    0.713139
   2    3.455638    3.455638  -14.870523   10.548660   -6.968298  -11.290162    0.000000   -7.834524   -5.152396    0.762437
   3    8.848692    8.848692  -13.237514    9.124402   -7.503891  -11.617003    0.000000   -2.768311   -0.476932    0.802756
   4    8.848692    8.848692  -13.237514    9.124402   -7.503891  -11.617003    0.000000   -2.768311   -0.476932    0.802756
   5   12.082154   12.082154   -5.764874    3.800259   -7.250559   -9.215174    0.000000    2.866980    4.633374    0.808317
   6   14.220617   14.220617   -5.008365    3.360940   -7.261076   -8.908501    0.000000    5.312116    7.088428    0.800605
   7   14.220617   14.220617   -5.008365    3.360940   -7.261076   -8.908501    0.000000    5.312116    7.088428    0.800605
   8   19.031991   19.031991   -2.207832    1.579383   -6.684123   -7.312571    0.000000   11.719420   13.352865    0.776625
   9   20.121607   20.121607   -3.916950    2.895882   -7.980288   -9.001356    0.000000   11.120250   13.237707    0.764763
  10   20.121607   20.121607   -3.916950    2.895882   -7.980288   -9.001356    0.000000   11.120250   13.237707    0.764763
  11   21.374665   21.374665   -3.783422    3.260302   -8.424632   -8.947752    0.000000   12.426913   14.555586    0.762100
  12   24.928559   24.928559   -3.232646    2.928639   -8.880305   -9.184312    0.000000   15.744247   18.294044    0.722375
  13   24.928559   24.928559   -3.232646    2.928639   -8.880305   -9.184312    0.000000   15.744247   18.294044    0.722375
  14   26.583807   26.583807   -2.846195    2.949558   -8.997640   -8.894277    0.000000   17.689530   20.476091    0.686702

       k =  0.000000  0.200000  0.200000 ik =   4 spin = 1

   n         Emf          Eo           X        SX-X          CH         Sig         Vxc        Eqp0        Eqp1       Znk
   1   -1.849393   -1.849393  -17.421624   12.814071   -6.822948  -11.430501    0.000000  -13.279893   -9.819246    0.697244
   2    7.158060    7.158060  -13.778456    9.508865   -7.444885  -11.714476    0.000000   -4.556416   -2.141100    0.793818
   3    8.510829    8.510829  -12.976198    8.969411   -7.369890  -11.376677    0.000000   -2.865849   -0.608936    0.801619
   4    8.510829    8.510829  -12.976198    8.969411   -7.369890  -11.376677    0.000000   -2.865849   -0.608936    0.801619
   5   12.119254   12.119254   -5.414214    3.529209   -6.977335   -8.862339    0.000000    3.256914    4.970319    0.806665
   6   14.632644   14.632644   -4.684196    3.166061   -7.214309   -8.732444    0.000000    5.900199    7.641054    0.800645
   7   15.883645   15.883645   -5.483299    3.721490   -7.822247   -9.584056    0.000000    6.299589    8.301549    0.791116
   8   15.883645   15.883645   -5.483299    3.721490   -7.822247   -9.584056    0.000000    6.299589    8.301549    0.791116
   9   17.816283   17.816283   -4.820167    3.589576   -8.051028   -9.281618    0.000000    8.534665   10.491810    0.789137
  10   19.387067   19.387067   -4.213282    3.204669   -8.003001   -9.011614    0.000000   10.375453   12.407723    0.774483
  11   21.471819   21.471819   -2.573304    2.261313   -7.490861   -7.802853    0.000000   13.668966   15.552993    0.758546
  12   23.710999   23.710999   -2.100460    1.360509   -7.086224   -7.826175    0.000000   15.884824   17.934627    0.738084
  13   23.710999   23.710999   -2.100460    1.360509   -7.086224   -7.826175    0.000000   15.884824   17.934627    0.738084
  14   24.270037   24.270037   -2.197646    1.830162   -7.422851   -7.790335    0.000000   16.479702   18.562177    0.732685

       k =  0.000000  0.200000  0.400000 ik =   5 spin = 1

   n         Emf          Eo           X        SX-X          CH         Sig         Vxc        Eqp0        Eqp1       Znk
   1   -0.701585   -0.701585  -17.048336   12.388366   -6.903022  -11.562992    0.000000  -12.264577   -8.925596    0.711236
   2    4.351427    4.351427  -14.836670   10.405229   -7.159333  -11.590773    0.000000   -7.239346   -4.564234    0.769203
   3    7.348208    7.348208  -12.957773    9.011713   -7.176497  -11.122557    0.000000   -3.774349   -1.508714    0.796303
   4    7.958791    7.958791  -13.203269    9.138201   -7.316436  -11.381504    0.000000   -3.422713   -1.130861    0.798634
   5   12.429467   12.429467   -5.286623    3.432077   -6.965502   -8.820047    0.000000    3.609420    5.314563    0.806674
   6   14.881285   14.881285   -4.661211    3.075464   -7.174679   -8.760426    0.000000    6.120858    7.884080    0.798729
   7   15.782337   15.782337   -5.263405    3.572965   -7.699998   -9.390438    0.000000    6.391899    8.328641    0.793754
   8   16.427693   16.427693   -4.909359    3.370899   -7.679163   -9.217623    0.000000    7.210070    9.151838    0.789342
   9   21.306404   21.306404   -3.908266    3.087411   -8.340218   -9.161074    0.000000   12.145330   14.382729    0.755771
  10   21.936982   21.936982   -2.518816    2.104792   -7.485749   -7.899774    0.000000   14.037208   15.969245    0.755431
  11   22.088487   22.088487   -3.855413    3.291259   -8.634685   -9.198839    0.000000   12.889648   15.157537    0.753459
  12   24.638431   24.638431   -3.250001    2.971976   -8.881031   -9.159056    0.000000   15.479375   18.022847    0.722300
  13   25.370581   25.370581   -2.767275    2.681091   -8.546161   -8.632345    0.000000   16.738236   19.179613    0.717183
  14   26.513934   26.513934   -2.690714    2.358904   -8.361062   -8.692871    0.000000   17.821062   20.517024    0.689865

       k =  0.000000  0.200000  0.600000 ik =   6 spin = 1

   n         Emf          Eo           X        SX-X          CH         Sig         Vxc        Eqp0        Eqp1       Znk
   1    0.164958    0.164958  -16.837713   12.127538   -6.996593  -11.706768    0.000000  -11.541810   -8.286928    0.721966
   2    2.952628    2.952628  -15.261038   10.822660   -7.003306  -11.441683    0.000000   -8.489055   -5.727538    0.758644
   3    6.522462    6.522462  -13.167393    9.210276   -7.057823  -11.014941    0.000000   -4.492479   -2.181934    0.790235
   4    8.246183    8.246183  -13.224550    9.135506   -7.382934  -11.471978    0.000000   -3.225795   -0.933134    0.800151
   5   12.711746   12.711746   -5.144773    3.371477   -7.010372   -8.783667    0.000000    3.928078    5.629708    0.806273
   6   15.396994   15.396994   -5.228506    3.468021   -7.496199   -9.256684    0.000000    6.140310    8.025975    0.796292
   7   15.720400   15.720400   -4.751706    3.232340   -7.475827   -8.995193    0.000000    6.725208    8.587265    0.792994
   8   18.772187   18.772187   -4.064272    2.872513   -7.765177   -8.956937    0.000000    9.815250   11.850387    0.772786
   9   19.534456   19.534456   -4.006542    2.912845   -7.892958   -8.986655    0.000000   10.547801   12.617910    0.769646
  10   19.875784   19.875784   -3.672849    2.737072   -7.881924   -8.817702    0.000000   11.058082   13.140948    0.763786
  11   22.361092   22.361092   -2.473758    2.090351   -7.470993   -7.854401    0.000000   14.506691   16.453775    0.752103
  12   25.880543   25.880543   -3.275654    3.177666   -9.266044   -9.364031    0.000000   16.516512   19.266997    0.706271
  13   26.793531   26.793531   -3.216355    3.387217   -9.406715   -9.235853    0.000000   17.557677   20.360195    0.696561
  14   27.894292   27.894292   -2.964191    3.214232   -9.644036   -9.393994    0.000000   18.500298   21.579072    0.672261

       k =  0.000000  0.200000  0.800000 ik =   7 spin = 1

   n         Emf          Eo           X        SX-X          CH         Sig         Vxc        Eqp0        Eqp1       Znk
   1   -1.194057   -1.194057  -17.211353   12.577876   -6.867694  -11.501170    0.000000  -12.695227   -9.293272    0.704208
   2    5.219251    5.219251  -14.508605   10.124463   -7.240124  -11.624266    0.000000   -6.405015   -3.821150    0.777718
   3    7.008552    7.008552  -12.872881    8.995535   -7.058674  -10.936021    0.000000   -3.927469   -1.674741    0.794008
   4    9.152526    9.152526  -13.132710    9.032741   -7.540204  -11.640173    0.000000   -2.487648   -0.213534    0.804632
   5   13.554986   13.554986   -5.291093    3.531304   -7.309865   -9.069655    0.000000    4.485331    6.274936    0.802682
   6   14.922487   14.922487   -5.025930    3.402243   -7.524611   -9.148299    0.000000    5.774187    7.656416    0.794254
   7   15.082604   15.082604   -5.606649    3.630111   -7.469315   -9.445853    0.000000    5.636751    7.547752    0.797689
   8   16.692116   16.692116   -4.317904    3.052532   -7.536608   -8.801980    0.000000    7.890136    9.735096    0.790393
   9   16.877557   16.877557   -4.281848    2.929010   -7.310877   -8.663716    0.000000    8.213841   10.015451    0.792051
  10   22.134283   22.134283   -3.877467    3.254435   -8.608447   -9.231479    0.000000   12.902804   15.195932    0.751597
  11   22.346429   22.346429   -2.577825    2.159362   -7.656544   -8.075007    0.000000   14.271422   16.314244    0.747019
  12   23.052297   23.052297   -2.667656    2.341812   -7.831190   -8.157034    0.000000   14.895263   16.934917    0.749951
  13   24.988617   24.988617   -3.055702    2.713881   -8.558148   -8.899969    0.000000   16.088648   18.705430    0.705979
  14   26.214981   26.214981   -2.092466    1.752253   -7.694249   -8.034461    0.000000   18.180519   20.581378    0.701180

       k =  0.000000  0.400000  0.400000 ik =   8 spin = 1

   n         Emf          Eo           X        SX-X          CH         Sig         Vxc        Eqp0        Eqp1       Znk
   1    0.198094    0.198094  -16.703425   12.037863   -6.956095  -11.621657    0.000000  -11.423564   -8.191237    0.721870
   2    3.367626    3.367626  -15.483536   10.891374   -7.178077  -11.770239    0.000000   -8.402613   -5.576084    0.759858
   3    7.218835    7.218835  -13.406003    9.307203   -7.219124  -11.317924    0.000000   -4.099089   -1.764374    0.793715
   4    7.218835    7.218835  -13.406003    9.307203   -7.219124  -11.317924    0.000000   -4.099089   -1.764374    0.793715
   5   11.211996   11.211996   -5.266875    3.403793   -6.755968   -8.619050    0.000000    2.592946    4.229740    0.810096
   6   11.994548   11.994548   -4.846371    3.132227   -6.728203   -8.442347    0.000000    3.552202    5.162836    0.809220
   7   20.091046   20.091046   -4.403079    3.186841   -8.264952   -9.481190    0.000000   10.609855   12.889356    0.759577
   8   20.091046   20.091046   -4.403079    3.186841   -8.264952   -9.481190    0.000000   10.609855   12.889356    0.759577
   9   21.793049   21.793049   -3.719722    3.131695   -8.441832   -9.029859    0.000000   12.763190   14.978701    0.754646
  10   22.617055   22.617055   -3.879168    3.927097   -9.309152   -9.261223    0.000000   13.355832   15.670739    0.750043
  11   24.854306   24.854306   -3.397681    3.061872   -9.025671   -9.361480    0.000000   15.492826   18.226376    0.708000
  12   24.854306   24.854306   -3.397681    3.061872   -9.025671   -9.361480    0.000000   15.492826   18.226376    0.708000
  13   25.798561   25.798561   -3.147717    2.706569   -8.749955   -9.191103    0.000000   16.607458   19.316216    0.705285
  14   26.225488   26.225488   -2.677065    2.603000   -8.493653   -8.567717    0.000000   17.657771   20.106719    0.714166

       k =  0.000000  0.400000  0.600000 ik =   9 spin = 1

   n         Emf          Eo           X        SX-X          CH         Sig         Vxc        Eqp0        Eqp1       Znk
   1    1.396998    1.396998  -16.358331   11.655565   -7.072078  -11.774844    0.000000  -10.377845   -7.268662    0.735947
   2    2.065016    2.065016  -15.977400   11.333966   -7.078536  -11.721971    0.000000   -9.656954   -6.716072    0.749114
   3    5.929360    5.929360  -13.178960    9.270728   -6.912377  -10.820610    0.000000   -4.891250   -2.571049    0.785576
   4    7.338909    7.338909  -13.397365    9.296579   -7.242785  -11.343570    0.000000   -4.004662   -1.678359    0.794923
   5   11.684193   11.684193   -5.061111    3.262407   -6.749019   -8.547722    0.000000    3.136471    4.765919    0.809371
   6   13.883572   13.883572   -5.019578    3.242778   -7.108402   -8.885202    0.000000    4.998369    6.759113    0.801834
   7   19.586436   19.586436   -3.950028    3.005449   -8.149922   -9.094500    0.000000   10.491935   12.647326    0.763001
   8   19.910805   19.910805   -4.412523    3.153720   -8.080926   -9.339729    0.000000   10.571076   12.742826    0.767472
   9   20.069404   20.069404   -4.149194    2.969776   -7.924809   -9.104228    0.000000   10.965176   13.079804    0.767731
  10   20.356598   20.356598   -3.793543    3.005443   -8.270482   -9.058581    0.000000   11.298017   13.491588    0.757846
  11   26.067231   26.067231   -3.507134    3.249712   -9.325010   -9.582431    0.000000   16.484800   19.423293    0.693346
  12   26.765750   26.765750   -3.157410    3.262879   -9.542931   -9.437462    0.000000   17.328288   20.315855    0.683435
  13   26.976726   26.976726   -2.765239    2.679595   -8.770474   -8.856118    0.000000   18.120608   20.842089    0.692701
  14   27.845098   27.845098   -2.623227    2.406373   -8.711803   -8.928657    0.000000   18.916441   21.857652    0.670587

       k =  0.200000  0.400000  0.600000 ik =  10 spin = 1

   n         Emf          Eo           X        SX-X          CH         Sig         Vxc        Eqp0        Eqp1       Znk
   1    0.626880    0.626880  -16.618455   11.918802   -7.011166  -11.710819    0.000000  -11.083939   -7.893908    0.727600
   2    2.959315    2.959315  -15.664325   11.045096   -7.158566  -11.777795    0.000000   -8.818480   -5.963021    0.757556
   3    6.014082    6.014082  -13.163112    9.256237   -6.929494  -10.836369    0.000000   -4.822287   -2.504939    0.786151
   4    7.002896    7.002896  -12.997190    9.063117   -7.090114  -11.024187    0.000000   -4.021291   -1.751429    0.794102
   5   14.154409   14.154409   -5.143904    3.344632   -7.220658   -9.019930    0.000000    5.134479    6.935656    0.800311
   6   14.564568   14.564568   -4.826993    3.122047   -7.070830   -8.775776    0.000000    5.788793    7.538159    0.800660
   7   15.223158   15.223158   -4.889040    3.316013   -7.495702   -9.068729    0.000000    6.154429    8.005860    0.795845
   8   18.986242   18.986242   -4.109942    2.925480   -7.825429   -9.009891    0.000000    9.976351   12.032978    0.771737
   9   20.006268   20.006268   -4.281727    3.155867   -8.274124   -9.399983    0.000000   10.606284   12.860401    0.760200
  10   21.498901   21.498901   -3.875231    3.216139   -8.506176   -9.165268    0.000000   12.333633   14.553032    0.757847
  11   25.378707   25.378707   -3.053753    2.856203   -8.809510   -9.007060    0.000000   16.371647   19.029159    0.704952
  12   25.940106   25.940106   -2.567763    2.330127   -8.223648   -8.461284    0.000000   17.478822   19.924487    0.710958
  13   26.078923   26.078923   -2.335040    2.095555   -7.998098   -8.237583    0.000000   17.841340   20.246889    0.707979
  14   27.558073   27.558073   -2.763742    2.598750   -8.871220   -9.036211    0.000000   18.521862   21.501971    0.670204


================================================================================

    n = band index.
  Emf = "inner" mean-field energy eigenvalue used to construct Sigma(E),
        read from WFN_inner.
   Eo = "outer" mean-field energy eigenvalue where we center the evaluation
        frequency grid {E} of Sigma(E). Defaults to Emf, unless
        you use WFN_outer and eqp_outer.dat / scissors_outer.
  Vxc = exchange-correlation pot., calculated from VXC or read from vxc.dat.
    X = bare exchange.
   SX = screened exchange contrib. to Sigma(E) at energy E=Eo
   CH = Coulomb hole contrib. to Sigma(E) at energy E=Eo
  Cor = SX-X + CH = correlation portion of Sigma(E) at energy E=Eo.
  Sig = X + Cor = self energy, Sigma(E), at energy E=Eo.
 Eqp0 = Emf - Vxc + Sig(Eo)
        (Eqp0 is the on-shell QP energy, not recommended for direct usage)
 Eqp1 = Eqp0 + (dSig/dE) / (1 - dSig/dE) * (Eqp0 - Eo)
        (Eqp1 is the off-shell QP energy obtained by solving the linearized
         Dyson`s equation, and is the recommended quantity for QP properties.)
  Znk = quasiparticle renormalization factor

 Notes on the finite_difference_form from sigma.inp file:
   none    : -2 => dSig/dE = 0 (skip the expansion)
   backward: -1 => dSig/dE = (Sig(Eo) - Sig(Eo-dE)) / dE
   central :  0 => dSig/dE = (Sig(Eo+dE) - Sig(Eo-dE)) / (2*dE)
   forward :  1 => dSig/dE = (Sig(Eo+dE) - Sig(Eo)) / dE
   default :  2 => forward for diagonal and none for off-diagonal
   dE is finite_difference_spacing from Sigma.inp file.
   We are using the form #2 with dE = 1.000 eV.

 General notes:
 - All energies are reported here in eV.
 - Both Emf and Vxc contain the average pot. Vxc0, so Vxc0 doesn`t affect Sigma.
 - Eqp1 and Eqp0 are Eqs. (36-37) from Hybertsen & Louie PRB 34 5390.
 - We recommend you use Eqp1 for QP properties of materials.

================================================================================

