
 BerkeleyGW trunk revision 7003
 Sigma code, Real version, run on 20-Apr-2016 at 01:33:06 +0000

                                                                 ..o.          
                                                                .oxxo.         
                                                               .oxxxxo...      
                                                               oxxxxxxo.       
                                                              .oxxxxxxx.       
                                                              .ooooooxxo..     
                                                              .oooooooxo..     
                                                              .oooooxxo...     
                                                       .........oxooo......    
                                                 ............................  
                                             ................................. 
                                          .................................... 
           .          ..oo. ....  .................................oooxxxxxxxo.
     .............oxxxx@ox@@@x@x.....................o...........ooooooooooxx. 
    .o.........oox@x.oo........xxx@@............ooxxxxo..........ooooxxxxxoxo  
    .x........x@xxo...............o@xxo........oxxx@@@xoooooooooooooooxxxo...  
    .o......ox@@o..................oox@o.....ooxxx@xoooxxxxxxxoooooooooooo.... 
    o..ooooo@@xoooo....ooo...........x@o.....ooxxxxo   .oxxxxxxxxxxooooooo.... 
    . .oooo@@@@@@@@@@@@@@@@@@@@@@@@@@@@@@....ooooox.     .oxx@@@@@xxoo........ 
      .ooooxxxxxxxooooooxooooooooooooooxo...oooooxx.        ..ox@xxxoo.........
      .ooooooxxxx@xoooooooooooooxxoooooooooooxxxxx.            .oxxooooooooxxo.
     .oooooxxxxx@@@xxxxxxxxxxxxxxxxxxxxxxxxoxxxxo.                .oxxxxxxxxo. 
   ....oooxxxxx@@@xo..oxxx@@@@@@xxxxoxxoooooooxx.                  .oxxxoo..   
  .....ooxxxx@@xo.       ........    .ooooooooxxo                              
  ..oooxxxx@@@o                       .oooooooxoo.                             
  ....oxooxxxxx.                       .ooo..oooo.                             
  .....o.ooxxxxxo.                     .oooooooxo.                             
 ......ooooxxxxxxo.                     .ooooooxoo..                           
........ooxxxxxxxo..                     .o....oxoo...                         
.......ooooxxxxxxxo.                     ........oooo.                         
.ooooooo..ooxxxxoooo.                    .........ooo...                       
..oxo...ooooxxxoooo..                    .ooo......oooo...                     
  .ooooo....o.                            .oxxxoo....ooo....                   
    .oooooo...                              ...ooooo...ooo..                   
       ...                                     .oo.......                      
                                               ....ooo...                      
                      __              __                                       
 ______              [  |            [  |                 ._____  _          _ 
|_   _ \              | |  _          | |                /  ___ \| |        | |
  | |_) | .---.  _. _.| | / |  .---.  | | .---.  _    _ / /    \_|\ \  /\  / / 
  |  __'./ /__\\[ /`\_| '' <  / /__\\ | |/ /__\\| \  | | |   _____ \ \/  \/ /  
 _| |__| | \__. | |   | |`\ \ | \___. | || \___. \ \/ / \ \.___| |  \  /\  /   
|_______/ \.__./[_]  [__|  \_] \.__./[___]\.__./  \  /   \.____./    \/  \/    
                                                  / /                          
                                                 /_/                           
--------------------------------------------------------------------------------
 Please cite the following papers when using results from BerkeleyGW:

 Jack Deslippe, Georgy Samsonidze, David A. Strubbe, Manish Jain, Marvin L.
 Cohen, and Steven G. Louie, "BerkeleyGW: A Massively Parallel Computer Package
 for the Calculation of the Quasiparticle and Optical Properties of Materials
 and Nanostructures," Comput. Phys. Commun. 183, 1269 (2012)

 Mark S. Hybertsen and Steven G. Louie, "Electron correlation in semiconductors
 and insulators: Band gaps and quasiparticle energies," Phys. Rev. B 34, 5390
 (1986)

 Michael Rohlfing and Steven G. Louie, "Electron-hole excitations and optical
 spectra from first principles," Phys. Rev. B 62, 4927 (2000)
--------------------------------------------------------------------------------

 Running MPI version (parallel)
 Running with 1 MPI task(s)
 Using OpenMP. Number of threads per MPI task: 1

 Compilation flags:
 - Compiler: GNU
 - Para. flags: MPI, OMP
 - Math  flags: USESCALAPACK, UNPACKED, USEFFTW3, HDF5
 - Debug flags: 

 Using the Generalized Plasmon Pole model

 We are not communicating

 Computing CH as a partial sum over empty bands

 Running with semiconductor screening

 We are using no truncation

 Cutoff for Monte-Carlo average of Coulomb potential:    1.000E+12 Ry

 Reading exchange-correlation matrix elements from vxc.dat file

 Treating W within the Hybertsen-Louie Generalized Plasmon Pole model

 Memory available: 6219.0 MB per PE

 Read from eps0mat.h5:
 - Number of G-vectors in the charge-density grid: 1363
 - Max. number of G-vectors for dielectric matrices: 65
 - Cutoff of the dielectric matrix (Ry): 7.000
 - Number of imaginary frequencies: 0
 - Total number of frequencies: 1
 - Frequency dependence: 0
 - Number of q-points: 1
 - Q grid: 5 5 5

 Read from epsmat.h5:
 - Number of G-vectors in the charge-density grid: 1363
 - Max. number of G-vectors for dielectric matrices: 88
 - Cutoff of the dielectric matrix: 7.000
 - Number of imaginary frequencies: 0
 - Total number of frequencies: 1
 - Frequency dependence: 0
 - Number of q-points: 9
 - Q grid: 5 5 5

 Reading header of WFN_inner
 Highest occupied band (unshifted grid) = 4
 Valence max    (unshifted grid) = 10.035862 eV
 Conduction min (unshifted grid) = 11.211996 eV
 Middle energy  (unshifted grid) = 10.623929 eV
 Fermi  energy  (unshifted grid) = 10.623929 eV


 Calculation parameters:
 - Cutoff of the bare Coulomb interaction (Ry): 11.00
 - Cutoff of the screened Coulomb interaction (Ry): 7.00
 - Number of G-vectors up to the bare int. cutoff: 169
 - Number of G-vectors up to the screened int. cutoff: 65
 - Total number of bands in the calculation: 31
 - Number of fully occupied valence bands: 4
 - Number of partially occ. conduction bands: 0

 Memory required for execution: 1.3 MB per PE
 Memory required for vcoul: 114.4 MB per PE

 Number of electrons per unit cell (from ifmax) = 8.000000
 Number of electrons per unit cell (from occupations) = 8.000000
 Plasma Frequency = 1.220148 Ry

 Q-grid symmetries are being used.

 Parallelizatiion report:
 - Using 1 processor(s), 1 pool(s), 1 processor(s) per pool.
 - Each pool is computing 14 diagonal sigma matrix element(s).
 - Each pool is computing 0 off-diagonal sigma matrix element(s).
 - Each processor is holding 31 band(s).


 Started reading wavefunctions (WFN_inner) with 310 state(s) at 01:33:06.
 [ 01:33:06 |   0% ] state   1 / 310.
 [ 01:33:06 |   1% ] state   3 / 310, remaining: 0 s.
 [ 01:33:06 |  10% ] state  31 / 310, remaining: 0 s.
 [ 01:33:06 |  20% ] state  62 / 310, remaining: 0 s.
 [ 01:33:06 |  30% ] state  93 / 310, remaining: 0 s.
 [ 01:33:06 |  40% ] state 124 / 310, remaining: 0 s.
 [ 01:33:06 |  50% ] state 155 / 310, remaining: 0 s.
 [ 01:33:06 |  60% ] state 186 / 310, remaining: 0 s.
 [ 01:33:06 |  70% ] state 217 / 310, remaining: 0 s.
 [ 01:33:06 |  80% ] state 248 / 310, remaining: 0 s.
 [ 01:33:06 |  90% ] state 279 / 310, remaining: 0 s.
 [ 01:33:06 | 100% ] state 310 / 310, remaining: 0 s.
 Finished reading wavefunctions (WFN_inner) at 01:33:06.
 Elapsed time: 0 s.


 Scissors parameters
 Valence:    es =   0.0000 eV, e0 =   0.0000 eV, edel =   0.0000
 Conduction: es =   0.0000 eV, e0 =   0.0000 eV, edel =   0.0000

 Scissors parameters (outer)
 Valence:    es =   0.0000 eV, e0 =   0.0000 eV, edel =   0.0000
 Conduction: es =   0.0000 eV, e0 =   0.0000 eV, edel =   0.0000


 Data for sum rule:
 - rho(0,1) = 8.000000 electrons
 - wp = 16.600965 eV

 Number of bands to compute diagonal self-energy matrix elements: 14
 Bands:
 - 1
 - 2
 - 3
 - 4
 - 5
 - 6
 - 7
 - 8
 - 9
 - 10
 - 11
 - 12
 - 13
 - 14
 Number of off-diagonal bands to compute self-energy matrix elements: 0


 Total number of frequencies in the dielectric matrix: 1
 Number of imag. frequencies in the dielectric matrix: 0


 Started reading eps0mat.h5 with 1 q-point(s) at 01:33:06.
 [ 01:33:06 |   0% ] q-point 1 / 1.
 Finished reading eps0mat.h5 at 01:33:06.
 Elapsed time: 0 s.


 Started reading epsmat.h5 with 9 q-point(s) at 01:33:06.
 [ 01:33:06 |   0% ] q-point 1 / 9.
 [ 01:33:06 |  11% ] q-point 2 / 9.
 [ 01:33:06 |  22% ] q-point 3 / 9, remaining: 0 s.
 [ 01:33:06 |  33% ] q-point 4 / 9, remaining: 0 s.
 [ 01:33:06 |  44% ] q-point 5 / 9, remaining: 0 s.
 [ 01:33:06 |  56% ] q-point 6 / 9, remaining: 0 s.
 [ 01:33:06 |  67% ] q-point 7 / 9, remaining: 0 s.
 [ 01:33:06 |  78% ] q-point 8 / 9, remaining: 0 s.
 [ 01:33:06 |  89% ] q-point 9 / 9, remaining: 0 s.
 Finished reading epsmat.h5 at 01:33:06.
 Elapsed time: 0 s.

 k+G sampling:   0.244949  0.230940  0.216025 (reciprocal lattice units)

================================================================================
 01:33:06   Dealing with k =  0.000000  0.000000  0.000000                1 / 10
================================================================================

 Reading vxc.dat
 Number of k-points in the irreducible BZ(q) (nrq): 10

               q                     neq      indrq      itrq         kg0

   0.00000   0.00000   0.00000        1        1       48        0   0   0
   0.00000   0.00000   0.20000        8        2       37        0   0   0
   0.00000   0.00000   0.40000        8        3       37        0   0   0
   0.00000   0.20000   0.20000        6        4       42        0   0   0
   0.00000   0.20000   0.40000       24        5       17        0   0   0
   0.00000   0.20000   0.60000       24        6       17        0   0   0
   0.00000   0.20000   0.80000       12        7       46        0   1   1
   0.00000   0.40000   0.40000        6        8       42        0   0   0
   0.00000   0.40000   0.60000       12        9       46        0   1   1
   0.20000   0.40000   0.60000       24       10        4        0   0   0

 Started calculating Sigma with 140 block(s) at 01:33:06.
 [ 01:33:25 |   0% ] block   1 / 140.
 [ 01:33:25 |   1% ] block   3 / 140, remaining: 1 s.
 [ 01:33:25 |   9% ] block  14 / 140, remaining: 1 s.
 [ 01:33:25 |  19% ] block  28 / 140, remaining: 2 s.
 [ 01:33:26 |  29% ] block  42 / 140, remaining: 2 s.
 [ 01:33:26 |  39% ] block  56 / 140, remaining: 1 s.
 [ 01:33:26 |  49% ] block  70 / 140, remaining: 1 s.
 [ 01:33:26 |  59% ] block  84 / 140, remaining: 1 s.
 [ 01:33:27 |  69% ] block  98 / 140, remaining: 1 s.
 [ 01:33:27 |  79% ] block 112 / 140, remaining: 1 s.
 [ 01:33:27 |  89% ] block 126 / 140, remaining: 0 s.
 [ 01:33:27 |  99% ] block 140 / 140, remaining: 0 s.
 Finished calculating Sigma at 01:33:27.
 Elapsed time: 21 s.

 Unsymmetrized values for ik =   1 spin = 1

     n      Emf       Eo      Vxc        X     SX-X       CH      Cor      Sig
     1   -2.552   -2.552    0.000  -17.662   13.142   -6.796    6.347  -11.315
     2   10.036   10.036    0.000  -12.860    8.902   -7.746    1.157  -11.703
     3   10.036   10.036    0.000  -13.239    9.065   -7.670    1.395  -11.844
     4   10.036   10.036    0.000  -13.182    8.968   -7.624    1.344  -11.838
     5   13.332   13.332    0.000   -5.804    3.792   -7.271   -3.480   -9.283
     6   13.332   13.332    0.000   -6.032    4.339   -7.601   -3.263   -9.295
     7   13.332   13.332    0.000   -4.969    3.140   -7.241   -4.101   -9.070
     8   13.699   13.699    0.000   -5.745    4.025   -7.891   -3.866   -9.611
     9   18.584   18.584    0.000   -4.376    3.248   -7.873   -4.624   -9.000
    10   18.584   18.584    0.000   -4.446    3.255   -7.828   -4.573   -9.020
    11   18.620   18.620    0.000   -2.534    1.858   -6.744   -4.886   -7.420
    12   22.391   22.391    0.000   -2.319    3.173   -8.654   -5.480   -7.799
    13   22.391   22.391    0.000   -1.881    1.325   -7.031   -5.707   -7.588
    14   22.391   22.391    0.000   -2.320    1.869   -7.332   -5.463   -7.783

 Symmetrized values from band-averaging:

       k =  0.000000  0.000000  0.000000 ik =   1 spin = 1

     n      Emf       Eo      Vxc        X      Cor     Eqp0     Eqp1      Znk
     1   -2.552   -2.552    0.000  -17.662    6.347  -13.867  -10.250    0.680
     2   10.036   10.036    0.000  -13.094    1.299   -1.759    0.506    0.808
     3   10.036   10.036    0.000  -13.094    1.299   -1.759    0.506    0.808
     4   10.036   10.036    0.000  -13.094    1.299   -1.759    0.506    0.808
     5   13.332   13.332    0.000   -5.602   -3.615    4.115    5.948    0.801
     6   13.332   13.332    0.000   -5.602   -3.615    4.115    5.948    0.801
     7   13.332   13.332    0.000   -5.602   -3.615    4.115    5.948    0.801
     8   13.699   13.699    0.000   -5.745   -3.866    4.088    5.954    0.806
     9   18.584   18.584    0.000   -4.411   -4.599    9.574   11.519    0.784
    10   18.584   18.584    0.000   -4.411   -4.599    9.574   11.519    0.784
    11   18.620   18.620    0.000   -2.534   -4.886   11.200   12.813    0.783
    12   22.391   22.391    0.000   -2.173   -5.550   14.668   16.552    0.756
    13   22.391   22.391    0.000   -2.173   -5.550   14.668   16.552    0.756
    14   22.391   22.391    0.000   -2.173   -5.550   14.668   16.552    0.756

================================================================================
 01:33:27   Dealing with k =  0.000000  0.000000  0.200000                2 / 10
================================================================================

 Reading vxc.dat
 Number of k-points in the irreducible BZ(q) (nrq): 35

               q                     neq      indrq      itrq         kg0

   0.00000   0.00000   0.00000        1        1       48        0   0   0
   0.00000   0.00000   0.20000        1        2       37        0   0   0
   0.80000   0.80000   0.80000        3        2       45        1   1   1
   0.00000   0.00000   0.80000        1        2       38        0   0   1
   0.20000   0.20000   0.20000        3        2       47        0   0   0
   0.00000   0.00000   0.40000        1        3       37        0   0   0
   0.60000   0.60000   0.60000        3        3       45        1   1   1
   0.00000   0.00000   0.60000        1        3       38        0   0   1
   0.40000   0.40000   0.40000        3        3       47        0   0   0
   0.00000   0.20000   0.20000        3        4       42        0   0   0
   0.80000   0.00000   0.80000        3        4       35        1   0   1
   0.00000   0.20000   0.40000        3        5       17        0   0   0
   0.60000   0.80000   0.60000        6        5       35        1   1   1
   0.80000   0.00000   0.60000        3        5       30        1   0   1
   0.20000   0.40000   0.40000        6        5       41        0   0   0
   0.40000   0.00000   0.20000        3        5       27        0   0   0
   0.60000   0.00000   0.80000        3        5       34        1   0   1
   0.00000   0.20000   0.60000        3        6       17        0   0   0
   0.40000   0.60000   0.40000        6        6       35        1   1   1
   0.80000   0.00000   0.40000        3        6       30        1   0   1
   0.40000   0.60000   0.60000        6        6       41        0   0   0
   0.60000   0.00000   0.20000        3        6       27        0   0   0
   0.40000   0.00000   0.80000        3        6       34        1   0   1
   0.00000   0.20000   0.80000        3        7       46        0   1   1
   0.20000   0.40000   0.20000        6        7       39        0   1   0
   0.80000   0.00000   0.20000        3        7       30        1   0   1
   0.00000   0.40000   0.40000        3        8       42        0   0   0
   0.60000   0.00000   0.60000        3        8       35        1   0   1
   0.00000   0.40000   0.60000        3        9       46        0   1   1
   0.40000   0.80000   0.40000        6        9       39        0   1   0
   0.60000   0.00000   0.40000        3        9       30        1   0   1
   0.20000   0.40000   0.60000        6       10        4        0   0   0
   0.60000   0.80000   0.40000        6       10        3        1   1   1
   0.80000   0.40000   0.20000        6       10       12        1   0   0
   0.20000   0.60000   0.80000        6       10       24        0   1   1

 Started calculating Sigma with 490 block(s) at 01:33:27.
 [ 01:33:27 |   0% ] block   1 / 490.
 [ 01:33:27 |   0% ] block   3 / 490, remaining: 3 s.
 [ 01:33:28 |  10% ] block  49 / 490, remaining: 8 s.
 [ 01:33:29 |  20% ] block  98 / 490, remaining: 7 s.
 [ 01:33:30 |  30% ] block 147 / 490, remaining: 6 s.
 [ 01:33:31 |  40% ] block 196 / 490, remaining: 5 s.
 [ 01:33:32 |  50% ] block 245 / 490, remaining: 5 s.
 [ 01:33:33 |  60% ] block 294 / 490, remaining: 4 s.
 [ 01:33:34 |  70% ] block 343 / 490, remaining: 3 s.
 [ 01:33:35 |  80% ] block 392 / 490, remaining: 2 s.
 [ 01:33:36 |  90% ] block 441 / 490, remaining: 1 s.
 [ 01:33:37 | 100% ] block 490 / 490, remaining: 0 s.
 Finished calculating Sigma at 01:33:37.
 Elapsed time: 9 s.

 Unsymmetrized values for ik =   2 spin = 1

     n      Emf       Eo      Vxc        X     SX-X       CH      Cor      Sig
     1   -2.031   -2.031    0.000  -17.486   12.898   -6.817    6.082  -11.404
     2    6.852    6.852    0.000  -13.542    9.401   -7.269    2.132  -11.410
     3    9.443    9.443    0.000  -12.991    8.988   -7.613    1.375  -11.616
     4    9.443    9.443    0.000  -13.039    8.927   -7.522    1.405  -11.634
     5   12.764   12.764    0.000   -5.639    3.740   -7.319   -3.580   -9.218
     6   14.187   14.187    0.000   -5.156    3.367   -7.407   -4.040   -9.196
     7   14.187   14.187    0.000   -5.836    4.011   -7.561   -3.550   -9.386
     8   16.917   16.917    0.000   -5.203    3.740   -8.045   -4.305   -9.508
     9   17.885   17.885    0.000   -4.014    2.829   -7.425   -4.596   -8.609
    10   17.885   17.885    0.000   -4.262    3.001   -7.565   -4.563   -8.825
    11   20.110   20.110    0.000   -2.369    1.887   -7.038   -5.151   -7.521
    12   22.003   22.003    0.000   -2.416    2.114   -7.472   -5.358   -7.774
    13   25.183   25.183    0.000   -2.410    1.532   -7.566   -6.033   -8.443
    14   25.183   25.183    0.000   -2.275    1.539   -7.280   -5.740   -8.015

 Symmetrized values from band-averaging:

       k =  0.000000  0.000000  0.200000 ik =   2 spin = 1

     n      Emf       Eo      Vxc        X      Cor     Eqp0     Eqp1      Znk
     1   -2.031   -2.031    0.000  -17.486    6.082  -13.435   -9.939    0.693
     2    6.852    6.852    0.000  -13.542    2.132   -4.558   -2.176    0.791
     3    9.443    9.443    0.000  -13.015    1.390   -2.183    0.075    0.806
     4    9.443    9.443    0.000  -13.015    1.390   -2.183    0.075    0.806
     5   12.764   12.764    0.000   -5.639   -3.580    3.546    5.337    0.806
     6   14.187   14.187    0.000   -5.496   -3.795    4.896    6.765    0.799
     7   14.187   14.187    0.000   -5.496   -3.795    4.896    6.765    0.799
     8   16.917   16.917    0.000   -5.203   -4.305    7.410    9.389    0.792
     9   17.885   17.885    0.000   -4.138   -4.580    9.168   11.039    0.785
    10   17.885   17.885    0.000   -4.138   -4.580    9.168   11.039    0.785
    11   20.110   20.110    0.000   -2.369   -5.151   12.590   14.326    0.769
    12   22.003   22.003    0.000   -2.416   -5.358   14.229   16.110    0.758
    13   25.183   25.183    0.000   -2.342   -5.887   16.954   19.280    0.717
    14   25.183   25.183    0.000   -2.342   -5.887   16.954   19.280    0.717

================================================================================
 01:33:37   Dealing with k =  0.000000  0.000000  0.400000                3 / 10
================================================================================

 Reading vxc.dat
 Number of k-points in the irreducible BZ(q) (nrq): 35

               q                     neq      indrq      itrq         kg0

   0.00000   0.00000   0.00000        1        1       48        0   0   0
   0.00000   0.00000   0.20000        1        2       37        0   0   0
   0.80000   0.80000   0.80000        3        2       45        1   1   1
   0.00000   0.00000   0.80000        1        2       38        0   0   1
   0.20000   0.20000   0.20000        3        2       47        0   0   0
   0.00000   0.00000   0.40000        1        3       37        0   0   0
   0.60000   0.60000   0.60000        3        3       45        1   1   1
   0.00000   0.00000   0.60000        1        3       38        0   0   1
   0.40000   0.40000   0.40000        3        3       47        0   0   0
   0.00000   0.20000   0.20000        3        4       42        0   0   0
   0.80000   0.00000   0.80000        3        4       35        1   0   1
   0.00000   0.20000   0.40000        3        5       17        0   0   0
   0.60000   0.80000   0.60000        6        5       35        1   1   1
   0.80000   0.00000   0.60000        3        5       30        1   0   1
   0.20000   0.40000   0.40000        6        5       41        0   0   0
   0.40000   0.00000   0.20000        3        5       27        0   0   0
   0.60000   0.00000   0.80000        3        5       34        1   0   1
   0.00000   0.20000   0.60000        3        6       17        0   0   0
   0.40000   0.60000   0.40000        6        6       35        1   1   1
   0.80000   0.00000   0.40000        3        6       30        1   0   1
   0.40000   0.60000   0.60000        6        6       41        0   0   0
   0.60000   0.00000   0.20000        3        6       27        0   0   0
   0.40000   0.00000   0.80000        3        6       34        1   0   1
   0.00000   0.20000   0.80000        3        7       46        0   1   1
   0.20000   0.40000   0.20000        6        7       39        0   1   0
   0.80000   0.00000   0.20000        3        7       30        1   0   1
   0.00000   0.40000   0.40000        3        8       42        0   0   0
   0.60000   0.00000   0.60000        3        8       35        1   0   1
   0.00000   0.40000   0.60000        3        9       46        0   1   1
   0.40000   0.80000   0.40000        6        9       39        0   1   0
   0.60000   0.00000   0.40000        3        9       30        1   0   1
   0.20000   0.40000   0.60000        6       10        4        0   0   0
   0.60000   0.80000   0.40000        6       10        3        1   1   1
   0.80000   0.40000   0.20000        6       10       12        1   0   0
   0.20000   0.60000   0.80000        6       10       24        0   1   1

 Started calculating Sigma with 490 block(s) at 01:33:37.
 [ 01:33:37 |   0% ] block   1 / 490.
 [ 01:33:37 |   0% ] block   3 / 490, remaining: 4 s.
 [ 01:33:38 |  10% ] block  49 / 490, remaining: 8 s.
 [ 01:33:39 |  20% ] block  98 / 490, remaining: 7 s.
 [ 01:33:40 |  30% ] block 147 / 490, remaining: 6 s.
 [ 01:33:40 |  40% ] block 196 / 490, remaining: 5 s.
 [ 01:33:41 |  50% ] block 245 / 490, remaining: 5 s.
 [ 01:33:42 |  60% ] block 294 / 490, remaining: 4 s.
 [ 01:33:43 |  70% ] block 343 / 490, remaining: 3 s.
 [ 01:33:44 |  80% ] block 392 / 490, remaining: 2 s.
 [ 01:33:45 |  90% ] block 441 / 490, remaining: 1 s.
 [ 01:33:46 | 100% ] block 490 / 490, remaining: 0 s.
 Finished calculating Sigma at 01:33:46.
 Elapsed time: 9 s.

 Unsymmetrized values for ik =   3 spin = 1

     n      Emf       Eo      Vxc        X     SX-X       CH      Cor      Sig
     1   -0.672   -0.672    0.000  -17.087   12.421   -6.929    5.491  -11.595
     2    3.456    3.456    0.000  -14.871   10.549   -6.968    3.580  -11.290
     3    8.849    8.849    0.000  -13.134    9.001   -7.470    1.531  -11.603
     4    8.849    8.849    0.000  -13.341    9.248   -7.538    1.710  -11.631
     5   12.082   12.082    0.000   -5.765    3.800   -7.251   -3.450   -9.215
     6   14.221   14.221    0.000   -4.951    3.340   -7.270   -3.930   -8.881
     7   14.221   14.221    0.000   -5.065    3.381   -7.252   -3.871   -8.936
     8   19.032   19.032    0.000   -2.208    1.579   -6.684   -5.105   -7.313
     9   20.122   20.122    0.000   -4.012    2.983   -8.106   -5.123   -9.136
    10   20.122   20.122    0.000   -3.822    2.809   -7.854   -5.046   -8.867
    11   21.375   21.375    0.000   -3.783    3.260   -8.425   -5.164   -8.948
    12   24.929   24.929    0.000   -3.204    2.882   -8.932   -6.050   -9.254
    13   24.929   24.929    0.000   -3.261    2.975   -8.828   -5.853   -9.114
    14   26.584   26.584    0.000   -2.846    2.950   -8.998   -6.048   -8.894

 Symmetrized values from band-averaging:

       k =  0.000000  0.000000  0.400000 ik =   3 spin = 1

     n      Emf       Eo      Vxc        X      Cor     Eqp0     Eqp1      Znk
     1   -0.672   -0.672    0.000  -17.087    5.491  -12.267   -8.941    0.713
     2    3.456    3.456    0.000  -14.871    3.580   -7.835   -5.152    0.762
     3    8.849    8.849    0.000  -13.238    1.621   -2.768   -0.477    0.803
     4    8.849    8.849    0.000  -13.238    1.621   -2.768   -0.477    0.803
     5   12.082   12.082    0.000   -5.765   -3.450    2.867    4.633    0.808
     6   14.221   14.221    0.000   -5.008   -3.900    5.312    7.088    0.801
     7   14.221   14.221    0.000   -5.008   -3.900    5.312    7.088    0.801
     8   19.032   19.032    0.000   -2.208   -5.105   11.719   13.353    0.777
     9   20.122   20.122    0.000   -3.917   -5.084   11.120   13.238    0.765
    10   20.122   20.122    0.000   -3.917   -5.084   11.120   13.238    0.765
    11   21.375   21.375    0.000   -3.783   -5.164   12.427   14.556    0.762
    12   24.929   24.929    0.000   -3.233   -5.952   15.744   18.294    0.722
    13   24.929   24.929    0.000   -3.233   -5.952   15.744   18.294    0.722
    14   26.584   26.584    0.000   -2.846   -6.048   17.690   20.476    0.687

================================================================================
 01:33:46   Dealing with k =  0.000000  0.200000  0.200000                4 / 10
================================================================================

 Reading vxc.dat
 Number of k-points in the irreducible BZ(q) (nrq): 30

               q                     neq      indrq      itrq         kg0

   0.00000   0.00000   0.00000        1        1       48        0   0   0
   0.00000   0.00000   0.20000        4        2       37        0   0   0
   0.80000   0.80000   0.80000        4        2       45        1   1   1
   0.00000   0.00000   0.40000        4        3       37        0   0   0
   0.60000   0.60000   0.60000        4        3       45        1   1   1
   0.00000   0.20000   0.20000        1        4       42        0   0   0
   0.80000   0.00000   0.80000        4        4       35        1   0   1
   0.00000   0.80000   0.80000        1        4       46        0   1   1
   0.00000   0.20000   0.40000        4        5       17        0   0   0
   0.60000   0.80000   0.60000        8        5       35        1   1   1
   0.00000   0.80000   0.60000        4        5       13        0   1   1
   0.60000   0.80000   0.00000        8        5       26        1   1   0
   0.00000   0.20000   0.60000        4        6       17        0   0   0
   0.40000   0.60000   0.40000        8        6       35        1   1   1
   0.00000   0.80000   0.40000        4        6       13        0   1   1
   0.40000   0.80000   0.00000        8        6       26        1   1   0
   0.00000   0.20000   0.80000        4        7       46        0   1   1
   0.20000   0.40000   0.20000        4        7       39        0   1   0
   0.20000   0.80000   0.00000        4        7       48        0   0   0
   0.00000   0.40000   0.40000        1        8       42        0   0   0
   0.60000   0.00000   0.60000        4        8       35        1   0   1
   0.00000   0.60000   0.60000        1        8       46        0   1   1
   0.00000   0.40000   0.60000        4        9       46        0   1   1
   0.40000   0.80000   0.40000        4        9       39        0   1   0
   0.40000   0.60000   0.00000        4        9       48        0   0   0
   0.20000   0.40000   0.60000        4       10        4        0   0   0
   0.60000   0.80000   0.40000        4       10        3        1   1   1
   0.20000   0.80000   0.60000        4       10        6        0   1   1
   0.60000   0.80000   0.20000        4       10        8        1   1   0
   0.60000   0.20000   0.40000        8       10       27        0   0   0

 Started calculating Sigma with 420 block(s) at 01:33:46.
 [ 01:33:46 |   0% ] block   1 / 420.
 [ 01:33:46 |   0% ] block   3 / 420, remaining: 3 s.
 [ 01:33:47 |  10% ] block  42 / 420, remaining: 6 s.
 [ 01:33:48 |  20% ] block  84 / 420, remaining: 6 s.
 [ 01:33:48 |  30% ] block 126 / 420, remaining: 5 s.
 [ 01:33:49 |  40% ] block 168 / 420, remaining: 5 s.
 [ 01:33:50 |  50% ] block 210 / 420, remaining: 4 s.
 [ 01:33:51 |  60% ] block 252 / 420, remaining: 3 s.
 [ 01:33:52 |  70% ] block 294 / 420, remaining: 2 s.
 [ 01:33:53 |  80% ] block 336 / 420, remaining: 2 s.
 [ 01:33:53 |  90% ] block 378 / 420, remaining: 1 s.
 [ 01:33:54 | 100% ] block 420 / 420, remaining: 0 s.
 Finished calculating Sigma at 01:33:54.
 Elapsed time: 8 s.

 Unsymmetrized values for ik =   4 spin = 1

     n      Emf       Eo      Vxc        X     SX-X       CH      Cor      Sig
     1   -1.849   -1.849    0.000  -17.422   12.814   -6.823    5.991  -11.431
     2    7.158    7.158    0.000  -13.778    9.509   -7.445    2.064  -11.714
     3    8.511    8.511    0.000  -13.006    8.987   -7.374    1.613  -11.393
     4    8.511    8.511    0.000  -12.946    8.951   -7.365    1.586  -11.360
     5   12.119   12.119    0.000   -5.414    3.529   -6.977   -3.448   -8.862
     6   14.633   14.633    0.000   -4.684    3.166   -7.214   -4.048   -8.732
     7   15.884   15.884    0.000   -5.463    3.706   -7.803   -4.096   -9.559
     8   15.884   15.884    0.000   -5.504    3.737   -7.842   -4.105   -9.609
     9   17.816   17.816    0.000   -4.820    3.590   -8.051   -4.461   -9.282
    10   19.387   19.387    0.000   -4.213    3.205   -8.003   -4.798   -9.012
    11   21.472   21.472    0.000   -2.573    2.261   -7.491   -5.230   -7.803
    12   23.711   23.711    0.000   -2.088    1.487   -7.233   -5.746   -7.835
    13   23.711   23.711    0.000   -2.113    1.234   -6.939   -5.705   -7.818
    14   24.270   24.270    0.000   -2.198    1.830   -7.423   -5.593   -7.790

 Symmetrized values from band-averaging:

       k =  0.000000  0.200000  0.200000 ik =   4 spin = 1

     n      Emf       Eo      Vxc        X      Cor     Eqp0     Eqp1      Znk
     1   -1.849   -1.849    0.000  -17.422    5.991  -13.280   -9.819    0.697
     2    7.158    7.158    0.000  -13.778    2.064   -4.556   -2.141    0.794
     3    8.511    8.511    0.000  -12.976    1.600   -2.866   -0.609    0.802
     4    8.511    8.511    0.000  -12.976    1.600   -2.866   -0.609    0.802
     5   12.119   12.119    0.000   -5.414   -3.448    3.257    4.970    0.807
     6   14.633   14.633    0.000   -4.684   -4.048    5.900    7.641    0.801
     7   15.884   15.884    0.000   -5.483   -4.101    6.300    8.302    0.791
     8   15.884   15.884    0.000   -5.483   -4.101    6.300    8.302    0.791
     9   17.816   17.816    0.000   -4.820   -4.461    8.535   10.492    0.789
    10   19.387   19.387    0.000   -4.213   -4.798   10.375   12.408    0.774
    11   21.472   21.472    0.000   -2.573   -5.230   13.669   15.553    0.759
    12   23.711   23.711    0.000   -2.100   -5.726   15.885   17.935    0.738
    13   23.711   23.711    0.000   -2.100   -5.726   15.885   17.935    0.738
    14   24.270   24.270    0.000   -2.198   -5.593   16.480   18.562    0.733

================================================================================
 01:33:54   Dealing with k =  0.000000  0.200000  0.400000                5 / 10
================================================================================

 Reading vxc.dat
 Number of k-points in the irreducible BZ(q) (nrq): 75

               q                     neq      indrq      itrq         kg0

   0.00000   0.00000   0.00000        1        1       48        0   0   0
   0.00000   0.00000   0.20000        1        2       37        0   0   0
   0.80000   0.80000   0.80000        2        2       45        1   1   1
   0.00000   0.00000   0.80000        1        2       38        0   0   1
   0.20000   0.20000   0.20000        2        2       47        0   0   0
   0.00000   0.80000   0.00000        1        2       46        0   1   0
   0.00000   0.20000   0.00000        1        2       48        0   0   0
   0.00000   0.00000   0.40000        1        3       37        0   0   0
   0.60000   0.60000   0.60000        2        3       45        1   1   1
   0.00000   0.00000   0.60000        1        3       38        0   0   1
   0.40000   0.40000   0.40000        2        3       47        0   0   0
   0.00000   0.60000   0.00000        1        3       46        0   1   0
   0.00000   0.40000   0.00000        1        3       48        0   0   0
   0.00000   0.20000   0.20000        1        4       42        0   0   0
   0.80000   0.00000   0.80000        2        4       35        1   0   1
   0.00000   0.80000   0.80000        1        4       46        0   1   1
   0.80000   0.80000   0.00000        2        4       44        1   1   0
   0.00000   0.20000   0.40000        1        5       17        0   0   0
   0.60000   0.80000   0.60000        2        5       35        1   1   1
   0.80000   0.00000   0.60000        2        5       30        1   0   1
   0.20000   0.40000   0.40000        2        5       41        0   0   0
   0.00000   0.80000   0.60000        1        5       13        0   1   1
   0.20000   0.80000   0.80000        2        5       21        0   1   1
   0.60000   0.80000   0.00000        2        5       26        1   1   0
   0.80000   0.80000   0.20000        2        5       31        1   1   0
   0.20000   0.80000   0.20000        2        5       39        0   1   0
   0.40000   0.00000   0.20000        2        5       27        0   0   0
   0.00000   0.40000   0.20000        1        5       42        0   0   0
   0.60000   0.00000   0.80000        2        5       34        1   0   1
   0.80000   0.20000   0.80000        2        5       29        1   0   1
   0.00000   0.60000   0.80000        1        5       46        0   1   1
   0.00000   0.20000   0.60000        1        6       17        0   0   0
   0.40000   0.60000   0.40000        2        6       35        1   1   1
   0.80000   0.00000   0.40000        2        6       30        1   0   1
   0.40000   0.60000   0.60000        2        6       41        0   0   0
   0.00000   0.80000   0.40000        1        6       13        0   1   1
   0.40000   0.80000   0.80000        2        6       21        0   1   1
   0.40000   0.80000   0.00000        2        6       26        1   1   0
   0.80000   0.80000   0.40000        2        6       31        1   1   0
   0.20000   0.60000   0.20000        2        6       39        0   1   0
   0.60000   0.00000   0.20000        2        6       27        0   0   0
   0.00000   0.60000   0.20000        1        6       42        0   0   0
   0.40000   0.00000   0.80000        2        6       34        1   0   1
   0.80000   0.40000   0.80000        2        6       29        1   0   1
   0.00000   0.40000   0.80000        1        6       46        0   1   1
   0.00000   0.20000   0.80000        1        7       46        0   1   1
   0.20000   0.40000   0.20000        2        7       39        0   1   0
   0.80000   0.00000   0.20000        2        7       30        1   0   1
   0.60000   0.80000   0.80000        2        7       41        0   0   0
   0.00000   0.80000   0.20000        1        7       42        0   0   0
   0.20000   0.80000   0.00000        2        7       48        0   0   0
   0.80000   0.80000   0.60000        2        7       47        0   0   0
   0.00000   0.40000   0.40000        1        8       42        0   0   0
   0.60000   0.00000   0.60000        2        8       35        1   0   1
   0.00000   0.60000   0.60000        1        8       46        0   1   1
   0.60000   0.60000   0.00000        2        8       44        1   1   0
   0.00000   0.40000   0.60000        1        9       46        0   1   1
   0.40000   0.80000   0.40000        2        9       39        0   1   0
   0.60000   0.00000   0.40000        2        9       30        1   0   1
   0.20000   0.60000   0.60000        2        9       41        0   0   0
   0.00000   0.60000   0.40000        1        9       42        0   0   0
   0.40000   0.60000   0.00000        2        9       48        0   0   0
   0.60000   0.60000   0.20000        2        9       47        0   0   0
   0.20000   0.40000   0.60000        2       10        4        0   0   0
   0.60000   0.80000   0.40000        2       10        3        1   1   1
   0.20000   0.80000   0.60000        2       10        6        0   1   1
   0.60000   0.80000   0.20000        2       10        8        1   1   0
   0.80000   0.40000   0.20000        2       10       12        1   0   0
   0.40000   0.80000   0.20000        2       10       11        0   1   0
   0.20000   0.60000   0.80000        2       10       24        0   1   1
   0.60000   0.20000   0.80000        2       10       23        1   0   1
   0.60000   0.20000   0.40000        2       10       27        0   0   0
   0.80000   0.20000   0.60000        2       10       30        1   0   1
   0.80000   0.60000   0.20000        2       10       32        1   1   0
   0.60000   0.40000   0.20000        2       10       36        0   0   0

 Started calculating Sigma with 1050 block(s) at 01:33:54.
 [ 01:33:54 |   0% ] block    1 / 1050.
 [ 01:33:54 |   0% ] block    3 / 1050, remaining: 7 s.
 [ 01:33:56 |  10% ] block  105 / 1050, remaining: 17 s.
 [ 01:33:58 |  20% ] block  210 / 1050, remaining: 15 s.
 [ 01:34:00 |  30% ] block  315 / 1050, remaining: 14 s.
 [ 01:34:02 |  40% ] block  420 / 1050, remaining: 12 s.
 [ 01:34:04 |  50% ] block  525 / 1050, remaining: 10 s.
 [ 01:34:06 |  60% ] block  630 / 1050, remaining: 8 s.
 [ 01:34:08 |  70% ] block  735 / 1050, remaining: 6 s.
 [ 01:34:10 |  80% ] block  840 / 1050, remaining: 4 s.
 [ 01:34:13 |  90% ] block  945 / 1050, remaining: 2 s.
 [ 01:34:15 | 100% ] block 1050 / 1050, remaining: 0 s.
 Finished calculating Sigma at 01:34:15.
 Elapsed time: 20 s.

 Unsymmetrized values for ik =   5 spin = 1

     n      Emf       Eo      Vxc        X     SX-X       CH      Cor      Sig
     1   -0.702   -0.702    0.000  -17.048   12.388   -6.903    5.485  -11.563
     2    4.351    4.351    0.000  -14.837   10.405   -7.159    3.246  -11.591
     3    7.348    7.348    0.000  -12.958    9.012   -7.176    1.835  -11.123
     4    7.959    7.959    0.000  -13.203    9.138   -7.316    1.822  -11.382
     5   12.429   12.429    0.000   -5.287    3.432   -6.966   -3.533   -8.820
     6   14.881   14.881    0.000   -4.661    3.075   -7.175   -4.099   -8.760
     7   15.782   15.782    0.000   -5.263    3.573   -7.700   -4.127   -9.390
     8   16.428   16.428    0.000   -4.909    3.371   -7.679   -4.308   -9.218
     9   21.306   21.306    0.000   -3.908    3.087   -8.340   -5.253   -9.161
    10   21.937   21.937    0.000   -2.519    2.105   -7.486   -5.381   -7.900
    11   22.088   22.088    0.000   -3.855    3.291   -8.635   -5.343   -9.199
    12   24.638   24.638    0.000   -3.250    2.972   -8.881   -5.909   -9.159
    13   25.371   25.371    0.000   -2.767    2.681   -8.546   -5.865   -8.632
    14   26.514   26.514    0.000   -2.691    2.359   -8.361   -6.002   -8.693

 Symmetrized values from band-averaging:

       k =  0.000000  0.200000  0.400000 ik =   5 spin = 1

     n      Emf       Eo      Vxc        X      Cor     Eqp0     Eqp1      Znk
     1   -0.702   -0.702    0.000  -17.048    5.485  -12.265   -8.926    0.711
     2    4.351    4.351    0.000  -14.837    3.246   -7.239   -4.564    0.769
     3    7.348    7.348    0.000  -12.958    1.835   -3.774   -1.509    0.796
     4    7.959    7.959    0.000  -13.203    1.822   -3.423   -1.131    0.799
     5   12.429   12.429    0.000   -5.287   -3.533    3.609    5.315    0.807
     6   14.881   14.881    0.000   -4.661   -4.099    6.121    7.884    0.799
     7   15.782   15.782    0.000   -5.263   -4.127    6.392    8.329    0.794
     8   16.428   16.428    0.000   -4.909   -4.308    7.210    9.152    0.789
     9   21.306   21.306    0.000   -3.908   -5.253   12.145   14.383    0.756
    10   21.937   21.937    0.000   -2.519   -5.381   14.037   15.969    0.755
    11   22.088   22.088    0.000   -3.855   -5.343   12.890   15.158    0.753
    12   24.638   24.638    0.000   -3.250   -5.909   15.479   18.023    0.722
    13   25.371   25.371    0.000   -2.767   -5.865   16.738   19.180    0.717
    14   26.514   26.514    0.000   -2.691   -6.002   17.821   20.517    0.690

================================================================================
 01:34:15   Dealing with k =  0.000000  0.200000  0.600000                6 / 10
================================================================================

 Reading vxc.dat
 Number of k-points in the irreducible BZ(q) (nrq): 75

               q                     neq      indrq      itrq         kg0

   0.00000   0.00000   0.00000        1        1       48        0   0   0
   0.00000   0.00000   0.20000        1        2       37        0   0   0
   0.80000   0.80000   0.80000        2        2       45        1   1   1
   0.00000   0.00000   0.80000        1        2       38        0   0   1
   0.20000   0.20000   0.20000        2        2       47        0   0   0
   0.00000   0.80000   0.00000        1        2       46        0   1   0
   0.00000   0.20000   0.00000        1        2       48        0   0   0
   0.00000   0.00000   0.40000        1        3       37        0   0   0
   0.60000   0.60000   0.60000        2        3       45        1   1   1
   0.00000   0.00000   0.60000        1        3       38        0   0   1
   0.40000   0.40000   0.40000        2        3       47        0   0   0
   0.00000   0.60000   0.00000        1        3       46        0   1   0
   0.00000   0.40000   0.00000        1        3       48        0   0   0
   0.00000   0.20000   0.20000        1        4       42        0   0   0
   0.80000   0.00000   0.80000        2        4       35        1   0   1
   0.00000   0.80000   0.80000        1        4       46        0   1   1
   0.80000   0.80000   0.00000        2        4       44        1   1   0
   0.00000   0.20000   0.40000        1        5       17        0   0   0
   0.60000   0.80000   0.60000        2        5       35        1   1   1
   0.80000   0.00000   0.60000        2        5       30        1   0   1
   0.20000   0.40000   0.40000        2        5       41        0   0   0
   0.00000   0.80000   0.60000        1        5       13        0   1   1
   0.20000   0.80000   0.80000        2        5       21        0   1   1
   0.60000   0.80000   0.00000        2        5       26        1   1   0
   0.80000   0.80000   0.20000        2        5       31        1   1   0
   0.20000   0.80000   0.20000        2        5       39        0   1   0
   0.40000   0.00000   0.20000        2        5       27        0   0   0
   0.00000   0.40000   0.20000        1        5       42        0   0   0
   0.60000   0.00000   0.80000        2        5       34        1   0   1
   0.80000   0.20000   0.80000        2        5       29        1   0   1
   0.00000   0.60000   0.80000        1        5       46        0   1   1
   0.00000   0.20000   0.60000        1        6       17        0   0   0
   0.40000   0.60000   0.40000        2        6       35        1   1   1
   0.80000   0.00000   0.40000        2        6       30        1   0   1
   0.40000   0.60000   0.60000        2        6       41        0   0   0
   0.00000   0.80000   0.40000        1        6       13        0   1   1
   0.40000   0.80000   0.80000        2        6       21        0   1   1
   0.40000   0.80000   0.00000        2        6       26        1   1   0
   0.80000   0.80000   0.40000        2        6       31        1   1   0
   0.20000   0.60000   0.20000        2        6       39        0   1   0
   0.60000   0.00000   0.20000        2        6       27        0   0   0
   0.00000   0.60000   0.20000        1        6       42        0   0   0
   0.40000   0.00000   0.80000        2        6       34        1   0   1
   0.80000   0.40000   0.80000        2        6       29        1   0   1
   0.00000   0.40000   0.80000        1        6       46        0   1   1
   0.00000   0.20000   0.80000        1        7       46        0   1   1
   0.20000   0.40000   0.20000        2        7       39        0   1   0
   0.80000   0.00000   0.20000        2        7       30        1   0   1
   0.60000   0.80000   0.80000        2        7       41        0   0   0
   0.00000   0.80000   0.20000        1        7       42        0   0   0
   0.20000   0.80000   0.00000        2        7       48        0   0   0
   0.80000   0.80000   0.60000        2        7       47        0   0   0
   0.00000   0.40000   0.40000        1        8       42        0   0   0
   0.60000   0.00000   0.60000        2        8       35        1   0   1
   0.00000   0.60000   0.60000        1        8       46        0   1   1
   0.60000   0.60000   0.00000        2        8       44        1   1   0
   0.00000   0.40000   0.60000        1        9       46        0   1   1
   0.40000   0.80000   0.40000        2        9       39        0   1   0
   0.60000   0.00000   0.40000        2        9       30        1   0   1
   0.20000   0.60000   0.60000        2        9       41        0   0   0
   0.00000   0.60000   0.40000        1        9       42        0   0   0
   0.40000   0.60000   0.00000        2        9       48        0   0   0
   0.60000   0.60000   0.20000        2        9       47        0   0   0
   0.20000   0.40000   0.60000        2       10        4        0   0   0
   0.60000   0.80000   0.40000        2       10        3        1   1   1
   0.20000   0.80000   0.60000        2       10        6        0   1   1
   0.60000   0.80000   0.20000        2       10        8        1   1   0
   0.80000   0.40000   0.20000        2       10       12        1   0   0
   0.40000   0.80000   0.20000        2       10       11        0   1   0
   0.20000   0.60000   0.80000        2       10       24        0   1   1
   0.60000   0.20000   0.80000        2       10       23        1   0   1
   0.60000   0.20000   0.40000        2       10       27        0   0   0
   0.80000   0.20000   0.60000        2       10       30        1   0   1
   0.80000   0.60000   0.20000        2       10       32        1   1   0
   0.60000   0.40000   0.20000        2       10       36        0   0   0

 Started calculating Sigma with 1050 block(s) at 01:34:15.
 [ 01:34:15 |   0% ] block    1 / 1050.
 [ 01:34:15 |   0% ] block    3 / 1050, remaining: 8 s.
 [ 01:34:17 |  10% ] block  105 / 1050, remaining: 17 s.
 [ 01:34:18 |  20% ] block  210 / 1050, remaining: 15 s.
 [ 01:34:21 |  30% ] block  315 / 1050, remaining: 14 s.
 [ 01:34:23 |  40% ] block  420 / 1050, remaining: 12 s.
 [ 01:34:25 |  50% ] block  525 / 1050, remaining: 10 s.
 [ 01:34:27 |  60% ] block  630 / 1050, remaining: 8 s.
 [ 01:34:29 |  70% ] block  735 / 1050, remaining: 6 s.
 [ 01:34:31 |  80% ] block  840 / 1050, remaining: 4 s.
 [ 01:34:33 |  90% ] block  945 / 1050, remaining: 2 s.
 [ 01:34:35 | 100% ] block 1050 / 1050, remaining: 0 s.
 Finished calculating Sigma at 01:34:35.
 Elapsed time: 20 s.

 Unsymmetrized values for ik =   6 spin = 1

     n      Emf       Eo      Vxc        X     SX-X       CH      Cor      Sig
     1    0.165    0.165    0.000  -16.838   12.128   -6.997    5.131  -11.707
     2    2.953    2.953    0.000  -15.261   10.823   -7.003    3.819  -11.442
     3    6.522    6.522    0.000  -13.167    9.210   -7.058    2.152  -11.015
     4    8.246    8.246    0.000  -13.225    9.136   -7.383    1.753  -11.472
     5   12.712   12.712    0.000   -5.145    3.371   -7.010   -3.639   -8.784
     6   15.397   15.397    0.000   -5.229    3.468   -7.496   -4.028   -9.257
     7   15.720   15.720    0.000   -4.752    3.232   -7.476   -4.243   -8.995
     8   18.772   18.772    0.000   -4.064    2.873   -7.765   -4.893   -8.957
     9   19.534   19.534    0.000   -4.007    2.913   -7.893   -4.980   -8.987
    10   19.876   19.876    0.000   -3.673    2.737   -7.882   -5.145   -8.818
    11   22.361   22.361    0.000   -2.474    2.090   -7.471   -5.381   -7.854
    12   25.881   25.881    0.000   -3.276    3.178   -9.266   -6.088   -9.364
    13   26.794   26.794    0.000   -3.216    3.387   -9.407   -6.019   -9.236
    14   27.894   27.894    0.000   -2.964    3.214   -9.644   -6.430   -9.394

 Symmetrized values from band-averaging:

       k =  0.000000  0.200000  0.600000 ik =   6 spin = 1

     n      Emf       Eo      Vxc        X      Cor     Eqp0     Eqp1      Znk
     1    0.165    0.165    0.000  -16.838    5.131  -11.542   -8.287    0.722
     2    2.953    2.953    0.000  -15.261    3.819   -8.489   -5.728    0.759
     3    6.522    6.522    0.000  -13.167    2.152   -4.492   -2.182    0.790
     4    8.246    8.246    0.000  -13.225    1.753   -3.226   -0.933    0.800
     5   12.712   12.712    0.000   -5.145   -3.639    3.928    5.630    0.806
     6   15.397   15.397    0.000   -5.229   -4.028    6.140    8.026    0.796
     7   15.720   15.720    0.000   -4.752   -4.243    6.725    8.587    0.793
     8   18.772   18.772    0.000   -4.064   -4.893    9.815   11.850    0.773
     9   19.534   19.534    0.000   -4.007   -4.980   10.548   12.618    0.770
    10   19.876   19.876    0.000   -3.673   -5.145   11.058   13.141    0.764
    11   22.361   22.361    0.000   -2.474   -5.381   14.507   16.454    0.752
    12   25.881   25.881    0.000   -3.276   -6.088   16.517   19.267    0.706
    13   26.794   26.794    0.000   -3.216   -6.019   17.558   20.360    0.697
    14   27.894   27.894    0.000   -2.964   -6.430   18.500   21.579    0.672

================================================================================
 01:34:35   Dealing with k =  0.000000  0.200000  0.800000                7 / 10
================================================================================

 Reading vxc.dat
 Number of k-points in the irreducible BZ(q) (nrq): 45

               q                     neq      indrq      itrq         kg0

   0.00000   0.00000   0.00000        1        1       48        0   0   0
   0.00000   0.00000   0.20000        2        2       37        0   0   0
   0.80000   0.80000   0.80000        4        2       45        1   1   1
   0.00000   0.00000   0.80000        2        2       38        0   0   1
   0.00000   0.00000   0.40000        2        3       37        0   0   0
   0.60000   0.60000   0.60000        4        3       45        1   1   1
   0.00000   0.00000   0.60000        2        3       38        0   0   1
   0.00000   0.20000   0.20000        2        4       42        0   0   0
   0.80000   0.00000   0.80000        2        4       35        1   0   1
   0.80000   0.80000   0.00000        2        4       44        1   1   0
   0.00000   0.20000   0.40000        2        5       17        0   0   0
   0.60000   0.80000   0.60000        4        5       35        1   1   1
   0.80000   0.00000   0.60000        4        5       30        1   0   1
   0.20000   0.40000   0.40000        4        5       41        0   0   0
   0.00000   0.80000   0.60000        2        5       13        0   1   1
   0.60000   0.80000   0.00000        4        5       26        1   1   0
   0.80000   0.80000   0.20000        4        5       31        1   1   0
   0.00000   0.20000   0.60000        2        6       17        0   0   0
   0.40000   0.60000   0.40000        4        6       35        1   1   1
   0.80000   0.00000   0.40000        4        6       30        1   0   1
   0.40000   0.60000   0.60000        4        6       41        0   0   0
   0.00000   0.80000   0.40000        2        6       13        0   1   1
   0.40000   0.80000   0.00000        4        6       26        1   1   0
   0.80000   0.80000   0.40000        4        6       31        1   1   0
   0.00000   0.20000   0.80000        1        7       46        0   1   1
   0.20000   0.40000   0.20000        4        7       39        0   1   0
   0.80000   0.00000   0.20000        4        7       30        1   0   1
   0.60000   0.80000   0.80000        2        7       41        0   0   0
   0.00000   0.80000   0.20000        1        7       42        0   0   0
   0.00000   0.40000   0.40000        2        8       42        0   0   0
   0.60000   0.00000   0.60000        2        8       35        1   0   1
   0.60000   0.60000   0.00000        2        8       44        1   1   0
   0.00000   0.40000   0.60000        1        9       46        0   1   1
   0.40000   0.80000   0.40000        4        9       39        0   1   0
   0.60000   0.00000   0.40000        4        9       30        1   0   1
   0.20000   0.60000   0.60000        2        9       41        0   0   0
   0.00000   0.60000   0.40000        1        9       42        0   0   0
   0.20000   0.40000   0.60000        4       10        4        0   0   0
   0.60000   0.80000   0.40000        4       10        3        1   1   1
   0.20000   0.80000   0.60000        4       10        6        0   1   1
   0.60000   0.80000   0.20000        4       10        8        1   1   0
   0.60000   0.20000   0.40000        2       10       27        0   0   0
   0.80000   0.20000   0.60000        2       10       30        1   0   1
   0.80000   0.60000   0.20000        2       10       32        1   1   0
   0.60000   0.40000   0.20000        2       10       36        0   0   0

 Started calculating Sigma with 630 block(s) at 01:34:35.
 [ 01:34:35 |   0% ] block   1 / 630.
 [ 01:34:35 |   0% ] block   3 / 630, remaining: 5 s.
 [ 01:34:36 |  10% ] block  63 / 630, remaining: 10 s.
 [ 01:34:37 |  20% ] block 126 / 630, remaining: 9 s.
 [ 01:34:38 |  30% ] block 189 / 630, remaining: 8 s.
 [ 01:34:40 |  40% ] block 252 / 630, remaining: 7 s.
 [ 01:34:41 |  50% ] block 315 / 630, remaining: 6 s.
 [ 01:34:42 |  60% ] block 378 / 630, remaining: 5 s.
 [ 01:34:43 |  70% ] block 441 / 630, remaining: 4 s.
 [ 01:34:45 |  80% ] block 504 / 630, remaining: 2 s.
 [ 01:34:46 |  90% ] block 567 / 630, remaining: 1 s.
 [ 01:34:47 | 100% ] block 630 / 630, remaining: 0 s.
 Finished calculating Sigma at 01:34:47.
 Elapsed time: 12 s.

 Unsymmetrized values for ik =   7 spin = 1

     n      Emf       Eo      Vxc        X     SX-X       CH      Cor      Sig
     1   -1.194   -1.194    0.000  -17.211   12.578   -6.868    5.710  -11.501
     2    5.219    5.219    0.000  -14.509   10.124   -7.240    2.884  -11.624
     3    7.009    7.009    0.000  -12.873    8.996   -7.059    1.937  -10.936
     4    9.153    9.153    0.000  -13.133    9.033   -7.540    1.493  -11.640
     5   13.555   13.555    0.000   -5.291    3.531   -7.310   -3.779   -9.070
     6   14.922   14.922    0.000   -5.026    3.402   -7.525   -4.122   -9.148
     7   15.083   15.083    0.000   -5.607    3.630   -7.469   -3.839   -9.446
     8   16.692   16.692    0.000   -4.318    3.053   -7.537   -4.484   -8.802
     9   16.878   16.878    0.000   -4.282    2.929   -7.311   -4.382   -8.664
    10   22.134   22.134    0.000   -3.877    3.254   -8.608   -5.354   -9.231
    11   22.346   22.346    0.000   -2.578    2.159   -7.657   -5.497   -8.075
    12   23.052   23.052    0.000   -2.668    2.342   -7.831   -5.489   -8.157
    13   24.989   24.989    0.000   -3.056    2.714   -8.558   -5.844   -8.900
    14   26.215   26.215    0.000   -2.092    1.752   -7.694   -5.942   -8.034

 Symmetrized values from band-averaging:

       k =  0.000000  0.200000  0.800000 ik =   7 spin = 1

     n      Emf       Eo      Vxc        X      Cor     Eqp0     Eqp1      Znk
     1   -1.194   -1.194    0.000  -17.211    5.710  -12.695   -9.293    0.704
     2    5.219    5.219    0.000  -14.509    2.884   -6.405   -3.821    0.778
     3    7.009    7.009    0.000  -12.873    1.937   -3.927   -1.675    0.794
     4    9.153    9.153    0.000  -13.133    1.493   -2.488   -0.214    0.805
     5   13.555   13.555    0.000   -5.291   -3.779    4.485    6.275    0.803
     6   14.922   14.922    0.000   -5.026   -4.122    5.774    7.656    0.794
     7   15.083   15.083    0.000   -5.607   -3.839    5.637    7.548    0.798
     8   16.692   16.692    0.000   -4.318   -4.484    7.890    9.735    0.790
     9   16.878   16.878    0.000   -4.282   -4.382    8.214   10.015    0.792
    10   22.134   22.134    0.000   -3.877   -5.354   12.903   15.196    0.752
    11   22.346   22.346    0.000   -2.578   -5.497   14.271   16.314    0.747
    12   23.052   23.052    0.000   -2.668   -5.489   14.895   16.935    0.750
    13   24.989   24.989    0.000   -3.056   -5.844   16.089   18.705    0.706
    14   26.215   26.215    0.000   -2.092   -5.942   18.181   20.581    0.701

================================================================================
 01:34:47   Dealing with k =  0.000000  0.400000  0.400000                8 / 10
================================================================================

 Reading vxc.dat
 Number of k-points in the irreducible BZ(q) (nrq): 30

               q                     neq      indrq      itrq         kg0

   0.00000   0.00000   0.00000        1        1       48        0   0   0
   0.00000   0.00000   0.20000        4        2       37        0   0   0
   0.80000   0.80000   0.80000        4        2       45        1   1   1
   0.00000   0.00000   0.40000        4        3       37        0   0   0
   0.60000   0.60000   0.60000        4        3       45        1   1   1
   0.00000   0.20000   0.20000        1        4       42        0   0   0
   0.80000   0.00000   0.80000        4        4       35        1   0   1
   0.00000   0.80000   0.80000        1        4       46        0   1   1
   0.00000   0.20000   0.40000        4        5       17        0   0   0
   0.60000   0.80000   0.60000        8        5       35        1   1   1
   0.00000   0.80000   0.60000        4        5       13        0   1   1
   0.60000   0.80000   0.00000        8        5       26        1   1   0
   0.00000   0.20000   0.60000        4        6       17        0   0   0
   0.40000   0.60000   0.40000        8        6       35        1   1   1
   0.00000   0.80000   0.40000        4        6       13        0   1   1
   0.40000   0.80000   0.00000        8        6       26        1   1   0
   0.00000   0.20000   0.80000        4        7       46        0   1   1
   0.20000   0.40000   0.20000        4        7       39        0   1   0
   0.20000   0.80000   0.00000        4        7       48        0   0   0
   0.00000   0.40000   0.40000        1        8       42        0   0   0
   0.60000   0.00000   0.60000        4        8       35        1   0   1
   0.00000   0.60000   0.60000        1        8       46        0   1   1
   0.00000   0.40000   0.60000        4        9       46        0   1   1
   0.40000   0.80000   0.40000        4        9       39        0   1   0
   0.40000   0.60000   0.00000        4        9       48        0   0   0
   0.20000   0.40000   0.60000        4       10        4        0   0   0
   0.60000   0.80000   0.40000        4       10        3        1   1   1
   0.20000   0.80000   0.60000        4       10        6        0   1   1
   0.60000   0.80000   0.20000        4       10        8        1   1   0
   0.60000   0.20000   0.40000        8       10       27        0   0   0

 Started calculating Sigma with 420 block(s) at 01:34:47.
 [ 01:34:47 |   0% ] block   1 / 420.
 [ 01:34:47 |   0% ] block   3 / 420, remaining: 3 s.
 [ 01:34:48 |  10% ] block  42 / 420, remaining: 6 s.
 [ 01:34:48 |  20% ] block  84 / 420, remaining: 6 s.
 [ 01:34:49 |  30% ] block 126 / 420, remaining: 5 s.
 [ 01:34:50 |  40% ] block 168 / 420, remaining: 5 s.
 [ 01:34:51 |  50% ] block 210 / 420, remaining: 4 s.
 [ 01:34:52 |  60% ] block 252 / 420, remaining: 3 s.
 [ 01:34:53 |  70% ] block 294 / 420, remaining: 2 s.
 [ 01:34:53 |  80% ] block 336 / 420, remaining: 2 s.
 [ 01:34:54 |  90% ] block 378 / 420, remaining: 1 s.
 [ 01:34:55 | 100% ] block 420 / 420, remaining: 0 s.
 Finished calculating Sigma at 01:34:55.
 Elapsed time: 8 s.

 Unsymmetrized values for ik =   8 spin = 1

     n      Emf       Eo      Vxc        X     SX-X       CH      Cor      Sig
     1    0.198    0.198    0.000  -16.703   12.038   -6.956    5.082  -11.622
     2    3.368    3.368    0.000  -15.484   10.891   -7.178    3.713  -11.770
     3    7.219    7.219    0.000  -13.236    9.172   -7.206    1.966  -11.271
     4    7.219    7.219    0.000  -13.576    9.443   -7.232    2.211  -11.365
     5   11.212   11.212    0.000   -5.267    3.404   -6.756   -3.352   -8.619
     6   11.995   11.995    0.000   -4.846    3.132   -6.728   -3.596   -8.442
     7   20.091   20.091    0.000   -4.452    3.314   -8.318   -5.004   -9.456
     8   20.091   20.091    0.000   -4.354    3.060   -8.212   -5.152   -9.506
     9   21.793   21.793    0.000   -3.720    3.132   -8.442   -5.310   -9.030
    10   22.617   22.617    0.000   -3.879    3.927   -9.309   -5.382   -9.261
    11   24.854   24.854    0.000   -3.329    3.028   -8.970   -5.942   -9.271
    12   24.854   24.854    0.000   -3.466    3.095   -9.081   -5.986   -9.452
    13   25.799   25.799    0.000   -3.148    2.707   -8.750   -6.043   -9.191
    14   26.225   26.225    0.000   -2.677    2.603   -8.494   -5.891   -8.568

 Symmetrized values from band-averaging:

       k =  0.000000  0.400000  0.400000 ik =   8 spin = 1

     n      Emf       Eo      Vxc        X      Cor     Eqp0     Eqp1      Znk
     1    0.198    0.198    0.000  -16.703    5.082  -11.424   -8.191    0.722
     2    3.368    3.368    0.000  -15.484    3.713   -8.403   -5.576    0.760
     3    7.219    7.219    0.000  -13.406    2.088   -4.099   -1.764    0.794
     4    7.219    7.219    0.000  -13.406    2.088   -4.099   -1.764    0.794
     5   11.212   11.212    0.000   -5.267   -3.352    2.593    4.230    0.810
     6   11.995   11.995    0.000   -4.846   -3.596    3.552    5.163    0.809
     7   20.091   20.091    0.000   -4.403   -5.078   10.610   12.889    0.760
     8   20.091   20.091    0.000   -4.403   -5.078   10.610   12.889    0.760
     9   21.793   21.793    0.000   -3.720   -5.310   12.763   14.979    0.755
    10   22.617   22.617    0.000   -3.879   -5.382   13.356   15.671    0.750
    11   24.854   24.854    0.000   -3.398   -5.964   15.493   18.226    0.708
    12   24.854   24.854    0.000   -3.398   -5.964   15.493   18.226    0.708
    13   25.799   25.799    0.000   -3.148   -6.043   16.607   19.316    0.705
    14   26.225   26.225    0.000   -2.677   -5.891   17.658   20.107    0.714

================================================================================
 01:34:55   Dealing with k =  0.000000  0.400000  0.600000                9 / 10
================================================================================

 Reading vxc.dat
 Number of k-points in the irreducible BZ(q) (nrq): 45

               q                     neq      indrq      itrq         kg0

   0.00000   0.00000   0.00000        1        1       48        0   0   0
   0.00000   0.00000   0.20000        2        2       37        0   0   0
   0.80000   0.80000   0.80000        4        2       45        1   1   1
   0.00000   0.00000   0.80000        2        2       38        0   0   1
   0.00000   0.00000   0.40000        2        3       37        0   0   0
   0.60000   0.60000   0.60000        4        3       45        1   1   1
   0.00000   0.00000   0.60000        2        3       38        0   0   1
   0.00000   0.20000   0.20000        2        4       42        0   0   0
   0.80000   0.00000   0.80000        2        4       35        1   0   1
   0.80000   0.80000   0.00000        2        4       44        1   1   0
   0.00000   0.20000   0.40000        2        5       17        0   0   0
   0.60000   0.80000   0.60000        4        5       35        1   1   1
   0.80000   0.00000   0.60000        4        5       30        1   0   1
   0.20000   0.40000   0.40000        4        5       41        0   0   0
   0.00000   0.80000   0.60000        2        5       13        0   1   1
   0.60000   0.80000   0.00000        4        5       26        1   1   0
   0.80000   0.80000   0.20000        4        5       31        1   1   0
   0.00000   0.20000   0.60000        2        6       17        0   0   0
   0.40000   0.60000   0.40000        4        6       35        1   1   1
   0.80000   0.00000   0.40000        4        6       30        1   0   1
   0.40000   0.60000   0.60000        4        6       41        0   0   0
   0.00000   0.80000   0.40000        2        6       13        0   1   1
   0.40000   0.80000   0.00000        4        6       26        1   1   0
   0.80000   0.80000   0.40000        4        6       31        1   1   0
   0.00000   0.20000   0.80000        1        7       46        0   1   1
   0.20000   0.40000   0.20000        4        7       39        0   1   0
   0.80000   0.00000   0.20000        4        7       30        1   0   1
   0.60000   0.80000   0.80000        2        7       41        0   0   0
   0.00000   0.80000   0.20000        1        7       42        0   0   0
   0.00000   0.40000   0.40000        2        8       42        0   0   0
   0.60000   0.00000   0.60000        2        8       35        1   0   1
   0.60000   0.60000   0.00000        2        8       44        1   1   0
   0.00000   0.40000   0.60000        1        9       46        0   1   1
   0.40000   0.80000   0.40000        4        9       39        0   1   0
   0.60000   0.00000   0.40000        4        9       30        1   0   1
   0.20000   0.60000   0.60000        2        9       41        0   0   0
   0.00000   0.60000   0.40000        1        9       42        0   0   0
   0.20000   0.40000   0.60000        4       10        4        0   0   0
   0.60000   0.80000   0.40000        4       10        3        1   1   1
   0.20000   0.80000   0.60000        4       10        6        0   1   1
   0.60000   0.80000   0.20000        4       10        8        1   1   0
   0.60000   0.20000   0.40000        2       10       27        0   0   0
   0.80000   0.20000   0.60000        2       10       30        1   0   1
   0.80000   0.60000   0.20000        2       10       32        1   1   0
   0.60000   0.40000   0.20000        2       10       36        0   0   0

 Started calculating Sigma with 630 block(s) at 01:34:55.
 [ 01:34:55 |   0% ] block   1 / 630.
 [ 01:34:55 |   0% ] block   3 / 630, remaining: 5 s.
 [ 01:34:56 |  10% ] block  63 / 630, remaining: 10 s.
 [ 01:34:57 |  20% ] block 126 / 630, remaining: 9 s.
 [ 01:34:59 |  30% ] block 189 / 630, remaining: 8 s.
 [ 01:35:00 |  40% ] block 252 / 630, remaining: 7 s.
 [ 01:35:01 |  50% ] block 315 / 630, remaining: 6 s.
 [ 01:35:02 |  60% ] block 378 / 630, remaining: 5 s.
 [ 01:35:04 |  70% ] block 441 / 630, remaining: 4 s.
 [ 01:35:05 |  80% ] block 504 / 630, remaining: 2 s.
 [ 01:35:06 |  90% ] block 567 / 630, remaining: 1 s.
 [ 01:35:07 | 100% ] block 630 / 630, remaining: 0 s.
 Finished calculating Sigma at 01:35:07.
 Elapsed time: 12 s.

 Unsymmetrized values for ik =   9 spin = 1

     n      Emf       Eo      Vxc        X     SX-X       CH      Cor      Sig
     1    1.397    1.397    0.000  -16.358   11.656   -7.072    4.583  -11.775
     2    2.065    2.065    0.000  -15.977   11.334   -7.079    4.255  -11.722
     3    5.929    5.929    0.000  -13.179    9.271   -6.912    2.358  -10.821
     4    7.339    7.339    0.000  -13.397    9.297   -7.243    2.054  -11.344
     5   11.684   11.684    0.000   -5.061    3.262   -6.749   -3.487   -8.548
     6   13.884   13.884    0.000   -5.020    3.243   -7.108   -3.866   -8.885
     7   19.586   19.586    0.000   -3.950    3.005   -8.150   -5.144   -9.095
     8   19.911   19.911    0.000   -4.413    3.154   -8.081   -4.927   -9.340
     9   20.069   20.069    0.000   -4.149    2.970   -7.925   -4.955   -9.104
    10   20.357   20.357    0.000   -3.794    3.005   -8.270   -5.265   -9.059
    11   26.067   26.067    0.000   -3.507    3.250   -9.325   -6.075   -9.582
    12   26.766   26.766    0.000   -3.157    3.263   -9.543   -6.280   -9.437
    13   26.977   26.977    0.000   -2.765    2.680   -8.770   -6.091   -8.856
    14   27.845   27.845    0.000   -2.623    2.406   -8.712   -6.305   -8.929

 Symmetrized values from band-averaging:

       k =  0.000000  0.400000  0.600000 ik =   9 spin = 1

     n      Emf       Eo      Vxc        X      Cor     Eqp0     Eqp1      Znk
     1    1.397    1.397    0.000  -16.358    4.583  -10.378   -7.269    0.736
     2    2.065    2.065    0.000  -15.977    4.255   -9.657   -6.716    0.749
     3    5.929    5.929    0.000  -13.179    2.358   -4.891   -2.571    0.786
     4    7.339    7.339    0.000  -13.397    2.054   -4.005   -1.678    0.795
     5   11.684   11.684    0.000   -5.061   -3.487    3.136    4.766    0.809
     6   13.884   13.884    0.000   -5.020   -3.866    4.998    6.759    0.802
     7   19.586   19.586    0.000   -3.950   -5.144   10.492   12.647    0.763
     8   19.911   19.911    0.000   -4.413   -4.927   10.571   12.743    0.767
     9   20.069   20.069    0.000   -4.149   -4.955   10.965   13.080    0.768
    10   20.357   20.357    0.000   -3.794   -5.265   11.298   13.492    0.758
    11   26.067   26.067    0.000   -3.507   -6.075   16.485   19.423    0.693
    12   26.766   26.766    0.000   -3.157   -6.280   17.328   20.316    0.683
    13   26.977   26.977    0.000   -2.765   -6.091   18.121   20.842    0.693
    14   27.845   27.845    0.000   -2.623   -6.305   18.916   21.858    0.671

================================================================================
 01:35:07   Dealing with k =  0.200000  0.400000  0.600000               10 / 10
================================================================================

 Reading vxc.dat
 Number of k-points in the irreducible BZ(q) (nrq): 75

               q                     neq      indrq      itrq         kg0

   0.00000   0.00000   0.00000        1        1       48        0   0   0
   0.00000   0.00000   0.20000        2        2       37        0   0   0
   0.80000   0.80000   0.80000        2        2       45        1   1   1
   0.20000   0.00000   0.00000        2        2       33        0   0   0
   0.80000   0.00000   0.00000        2        2       34        1   0   0
   0.00000   0.00000   0.40000        2        3       37        0   0   0
   0.60000   0.60000   0.60000        2        3       45        1   1   1
   0.40000   0.00000   0.00000        2        3       33        0   0   0
   0.60000   0.00000   0.00000        2        3       34        1   0   0
   0.00000   0.20000   0.20000        1        4       42        0   0   0
   0.80000   0.00000   0.80000        1        4       35        1   0   1
   0.00000   0.80000   0.80000        1        4       46        0   1   1
   0.80000   0.80000   0.00000        2        4       44        1   1   0
   0.20000   0.00000   0.20000        1        4       39        0   0   0
   0.00000   0.20000   0.40000        2        5       17        0   0   0
   0.60000   0.80000   0.60000        2        5       35        1   1   1
   0.00000   0.80000   0.60000        2        5       13        0   1   1
   0.20000   0.80000   0.80000        2        5       21        0   1   1
   0.60000   0.80000   0.00000        2        5       26        1   1   0
   0.80000   0.80000   0.20000        2        5       31        1   1   0
   0.80000   0.20000   0.20000        2        5       18        1   0   0
   0.20000   0.80000   0.20000        2        5       39        0   1   0
   0.20000   0.00000   0.40000        2        5       37        0   0   0
   0.40000   0.20000   0.00000        2        5       33        0   0   0
   0.20000   0.20000   0.80000        2        5       38        0   0   1
   0.60000   0.00000   0.80000        2        5       34        1   0   1
   0.00000   0.20000   0.60000        2        6       17        0   0   0
   0.40000   0.60000   0.40000        2        6       35        1   1   1
   0.00000   0.80000   0.40000        2        6       13        0   1   1
   0.40000   0.80000   0.80000        2        6       21        0   1   1
   0.40000   0.80000   0.00000        2        6       26        1   1   0
   0.80000   0.80000   0.40000        2        6       31        1   1   0
   0.60000   0.20000   0.20000        2        6       18        1   0   0
   0.20000   0.60000   0.20000        2        6       39        0   1   0
   0.20000   0.00000   0.60000        2        6       37        0   0   0
   0.60000   0.20000   0.00000        2        6       33        0   0   0
   0.20000   0.20000   0.60000        2        6       38        0   0   1
   0.40000   0.00000   0.80000        2        6       34        1   0   1
   0.00000   0.20000   0.80000        2        7       46        0   1   1
   0.20000   0.40000   0.20000        2        7       39        0   1   0
   0.00000   0.80000   0.20000        2        7       42        0   0   0
   0.20000   0.80000   0.00000        1        7       48        0   0   0
   0.80000   0.80000   0.60000        1        7       47        0   0   0
   0.20000   0.00000   0.80000        2        7       37        0   0   0
   0.80000   0.20000   0.00000        1        7       44        1   1   0
   0.20000   0.20000   0.40000        1        7       43        1   1   1
   0.00000   0.40000   0.40000        1        8       42        0   0   0
   0.60000   0.00000   0.60000        1        8       35        1   0   1
   0.00000   0.60000   0.60000        1        8       46        0   1   1
   0.60000   0.60000   0.00000        2        8       44        1   1   0
   0.40000   0.00000   0.40000        1        8       39        0   0   0
   0.00000   0.40000   0.60000        2        9       46        0   1   1
   0.40000   0.80000   0.40000        2        9       39        0   1   0
   0.00000   0.60000   0.40000        2        9       42        0   0   0
   0.40000   0.60000   0.00000        1        9       48        0   0   0
   0.60000   0.60000   0.20000        1        9       47        0   0   0
   0.40000   0.00000   0.60000        2        9       37        0   0   0
   0.60000   0.40000   0.00000        1        9       44        1   1   0
   0.40000   0.40000   0.80000        1        9       43        1   1   1
   0.20000   0.40000   0.60000        1       10        4        0   0   0
   0.60000   0.80000   0.40000        1       10        3        1   1   1
   0.20000   0.80000   0.60000        2       10        6        0   1   1
   0.60000   0.80000   0.20000        2       10        8        1   1   0
   0.80000   0.40000   0.20000        1       10       12        1   0   0
   0.40000   0.80000   0.20000        1       10       11        0   1   0
   0.80000   0.60000   0.40000        1       10       16        1   1   1
   0.40000   0.20000   0.60000        1       10       15        0   0   0
   0.80000   0.20000   0.40000        2       10       18        1   0   0
   0.40000   0.20000   0.80000        2       10       20        0   0   1
   0.20000   0.60000   0.80000        1       10       24        0   1   1
   0.60000   0.20000   0.80000        1       10       23        1   0   1
   0.60000   0.20000   0.40000        2       10       27        0   0   0
   0.40000   0.60000   0.80000        2       10       28        1   1   1
   0.80000   0.20000   0.60000        2       10       30        1   0   1
   0.80000   0.60000   0.20000        2       10       32        1   1   0

 Started calculating Sigma with 1050 block(s) at 01:35:07.
 [ 01:35:07 |   0% ] block    1 / 1050.
 [ 01:35:07 |   0% ] block    3 / 1050, remaining: 7 s.
 [ 01:35:09 |  10% ] block  105 / 1050, remaining: 17 s.
 [ 01:35:11 |  20% ] block  210 / 1050, remaining: 16 s.
 [ 01:35:13 |  30% ] block  315 / 1050, remaining: 14 s.
 [ 01:35:15 |  40% ] block  420 / 1050, remaining: 12 s.
 [ 01:35:17 |  50% ] block  525 / 1050, remaining: 10 s.
 [ 01:35:19 |  60% ] block  630 / 1050, remaining: 8 s.
 [ 01:35:22 |  70% ] block  735 / 1050, remaining: 6 s.
 [ 01:35:23 |  80% ] block  840 / 1050, remaining: 4 s.
 [ 01:35:26 |  90% ] block  945 / 1050, remaining: 2 s.
 [ 01:35:28 | 100% ] block 1050 / 1050, remaining: 0 s.
 Finished calculating Sigma at 01:35:28.
 Elapsed time: 20 s.

 Unsymmetrized values for ik =  10 spin = 1

     n      Emf       Eo      Vxc        X     SX-X       CH      Cor      Sig
     1    0.627    0.627    0.000  -16.618   11.919   -7.011    4.908  -11.711
     2    2.959    2.959    0.000  -15.664   11.045   -7.159    3.887  -11.778
     3    6.014    6.014    0.000  -13.163    9.256   -6.929    2.327  -10.836
     4    7.003    7.003    0.000  -12.997    9.063   -7.090    1.973  -11.024
     5   14.154   14.154    0.000   -5.144    3.345   -7.221   -3.876   -9.020
     6   14.565   14.565    0.000   -4.827    3.122   -7.071   -3.949   -8.776
     7   15.223   15.223    0.000   -4.889    3.316   -7.496   -4.180   -9.069
     8   18.986   18.986    0.000   -4.110    2.925   -7.825   -4.900   -9.010
     9   20.006   20.006    0.000   -4.282    3.156   -8.274   -5.118   -9.400
    10   21.499   21.499    0.000   -3.875    3.216   -8.506   -5.290   -9.165
    11   25.379   25.379    0.000   -3.054    2.856   -8.810   -5.953   -9.007
    12   25.940   25.940    0.000   -2.568    2.330   -8.224   -5.894   -8.461
    13   26.079   26.079    0.000   -2.335    2.096   -7.998   -5.903   -8.238
    14   27.558   27.558    0.000   -2.764    2.599   -8.871   -6.272   -9.036

 Symmetrized values from band-averaging:

       k =  0.200000  0.400000  0.600000 ik =  10 spin = 1

     n      Emf       Eo      Vxc        X      Cor     Eqp0     Eqp1      Znk
     1    0.627    0.627    0.000  -16.618    4.908  -11.084   -7.894    0.728
     2    2.959    2.959    0.000  -15.664    3.887   -8.818   -5.963    0.758
     3    6.014    6.014    0.000  -13.163    2.327   -4.822   -2.505    0.786
     4    7.003    7.003    0.000  -12.997    1.973   -4.021   -1.751    0.794
     5   14.154   14.154    0.000   -5.144   -3.876    5.134    6.936    0.800
     6   14.565   14.565    0.000   -4.827   -3.949    5.789    7.538    0.801
     7   15.223   15.223    0.000   -4.889   -4.180    6.154    8.006    0.796
     8   18.986   18.986    0.000   -4.110   -4.900    9.976   12.033    0.772
     9   20.006   20.006    0.000   -4.282   -5.118   10.606   12.860    0.760
    10   21.499   21.499    0.000   -3.875   -5.290   12.334   14.553    0.758
    11   25.379   25.379    0.000   -3.054   -5.953   16.372   19.029    0.705
    12   25.940   25.940    0.000   -2.568   -5.894   17.479   19.924    0.711
    13   26.079   26.079    0.000   -2.335   -5.903   17.841   20.247    0.708
    14   27.558   27.558    0.000   -2.764   -6.272   18.522   21.502    0.670

================================================================================

    n = band index.
  Emf = "inner" mean-field energy eigenvalue used to construct Sigma(E),
        read from WFN_inner.
   Eo = "outer" mean-field energy eigenvalue where we center the evaluation
        frequency grid {E} of Sigma(E). Defaults to Emf, unless
        you use WFN_outer and eqp_outer.dat / scissors_outer.
  Vxc = exchange-correlation pot., calculated from VXC or read from vxc.dat.
    X = bare exchange.
   SX = screened exchange contrib. to Sigma(E) at energy E=Eo
   CH = Coulomb hole contrib. to Sigma(E) at energy E=Eo
  Cor = SX-X + CH = correlation portion of Sigma(E) at energy E=Eo.
  Sig = X + Cor = self energy, Sigma(E), at energy E=Eo.
 Eqp0 = Emf - Vxc + Sig(Eo)
        (Eqp0 is the on-shell QP energy, not recommended for direct usage)
 Eqp1 = Eqp0 + (dSig/dE) / (1 - dSig/dE) * (Eqp0 - Eo)
        (Eqp1 is the off-shell QP energy obtained by solving the linearized
         Dyson`s equation, and is the recommended quantity for QP properties.)
  Znk = quasiparticle renormalization factor

 Notes on the finite_difference_form from sigma.inp file:
   none    : -2 => dSig/dE = 0 (skip the expansion)
   backward: -1 => dSig/dE = (Sig(Eo) - Sig(Eo-dE)) / dE
   central :  0 => dSig/dE = (Sig(Eo+dE) - Sig(Eo-dE)) / (2*dE)
   forward :  1 => dSig/dE = (Sig(Eo+dE) - Sig(Eo)) / dE
   default :  2 => forward for diagonal and none for off-diagonal
   dE is finite_difference_spacing from Sigma.inp file.
   We are using the form #2 with dE = 1.000 eV.

 General notes:
 - All energies are reported here in eV.
 - Both Emf and Vxc contain the average pot. Vxc0, so Vxc0 doesn`t affect Sigma.
 - Eqp1 and Eqp0 are Eqs. (36-37) from Hybertsen & Louie PRB 34 5390.
 - We recommend you use Eqp1 for QP properties of materials.

================================================================================


WARNING: |Eqp0 - Eo| > finite_difference_spacing. Linear extrapolation for eqp1
may be inaccurate. You should test the validity of eqp1 by rerunning the
calculation with the self energy evaluated at the eqp0 energies. For that,
use the eqp_outer.dat file, created with eqp.py script and point WFN_outer to
WFN_inner, if you were not already using WFN_outer.


                      CPU (s)        WALL (s)           #

FULLBZ:                 0.001           0.001           2
IRRBZ:                  0.013           0.012          10
SUBGRP:                 0.000           0.000          10
GMAP:                   0.015           0.011         455
INPUT:                  0.009           0.008           1
INPUT I/O               0.002           0.001         333
INPUT COMM              0.000           0.000         333
INPUT (READ):           0.003           0.001         331
INPUT (WRITE):          0.000           0.000         320
INPUT_OUTER:            0.000           0.000           1
GENWF:                  0.078           0.076         455
WF COMM:                0.000           0.000          10
WF_CH COMM:             0.000           0.000           0
EPSCOPY:                0.047           0.047           1
EPSCOPY IO:             0.041           0.042          10
EPSCOPY COMM:           0.000           0.000           0
READ NEPS:              0.001           0.001           1
EPSREAD:                0.007           0.005         455
MTXEL:                 28.855          28.881        6370
MTXEL_CH:               0.000           0.000           0
MTXEL COMM:             0.000           0.000         455
VCOUL:                 81.110          81.159         455
VXC:                    0.002           0.002          20
BARE X:                 0.008           0.006        6380
MTXEL_COR TOT:         31.385          31.385        6370
M.COR INIT:             0.065           0.072        6370
M.COR EPSINIT:          4.016           4.014        6370
M.COR COMM:             0.038           0.028        6370
M.COR PP PREP:          0.837           0.853      530810
M.COR SX+CH:           27.064          27.089      197470
M.COR RA SX:            0.000           0.000           0
M.COR RA CH:            0.000           0.000           0
M.COR RA CH2:           0.000           0.000           0
M.COR RA SUM:           0.000           0.000           0
M.COR CD RES:           0.000           0.000           0
M.COR CD INT:           0.000           0.000           0
M.COR CD SUM:           0.000           0.000           0
M.COR REMAIN:           0.000           0.000           0
FFT ZERO                1.416           1.434      203840
FFT PUT                 1.192           1.212      203840
FFT PLAN               13.181          13.273      401310
FFT EXEC                8.471           8.372      401310
FFT MLTPLY              2.068           2.090      197470

TOTAL:                141.621         141.699

