K_POINTS crystal
   19
  0.100000000  0.100000000  0.100000000   2.0
  0.100000000  0.100000000  0.300000000   6.0
  0.100000000  0.100000000  0.500000000   6.0
  0.100000000  0.100000000  0.700000000   6.0
  0.100000000  0.100000000  0.900000000   6.0
  0.100000000  0.300000000  0.300000000   6.0
  0.100000000  0.300000000  0.500000000  12.0
  0.100000000  0.300000000  0.700000000  12.0
  0.100000000  0.300000000  0.900000000  12.0
  0.100000000  0.500000000  0.500000000   6.0
  0.100000000  0.500000000  0.700000000  12.0
  0.100000000  0.500000000  0.900000000   6.0
  0.100000000  0.700000000  0.700000000   6.0
  0.300000000  0.300000000  0.300000000   2.0
  0.300000000  0.300000000  0.500000000   6.0
  0.300000000  0.300000000  0.700000000   6.0
  0.300000000  0.500000000  0.500000000   6.0
  0.300000000  0.500000000  0.700000000   6.0
  0.500000000  0.500000000  0.500000000   1.0
