K_POINTS crystal
 1000
  0.047000000  0.037000000  0.032000000   1.0
  0.047000000  0.037000000  0.132000000   1.0
  0.047000000  0.037000000  0.232000000   1.0
  0.047000000  0.037000000  0.332000000   1.0
  0.047000000  0.037000000  0.432000000   1.0
  0.047000000  0.037000000  0.532000000   1.0
  0.047000000  0.037000000  0.632000000   1.0
  0.047000000  0.037000000  0.732000000   1.0
  0.047000000  0.037000000  0.832000000   1.0
  0.047000000  0.037000000  0.932000000   1.0
  0.047000000  0.137000000  0.032000000   1.0
  0.047000000  0.137000000  0.132000000   1.0
  0.047000000  0.137000000  0.232000000   1.0
  0.047000000  0.137000000  0.332000000   1.0
  0.047000000  0.137000000  0.432000000   1.0
  0.047000000  0.137000000  0.532000000   1.0
  0.047000000  0.137000000  0.632000000   1.0
  0.047000000  0.137000000  0.732000000   1.0
  0.047000000  0.137000000  0.832000000   1.0
  0.047000000  0.137000000  0.932000000   1.0
  0.047000000  0.237000000  0.032000000   1.0
  0.047000000  0.237000000  0.132000000   1.0
  0.047000000  0.237000000  0.232000000   1.0
  0.047000000  0.237000000  0.332000000   1.0
  0.047000000  0.237000000  0.432000000   1.0
  0.047000000  0.237000000  0.532000000   1.0
  0.047000000  0.237000000  0.632000000   1.0
  0.047000000  0.237000000  0.732000000   1.0
  0.047000000  0.237000000  0.832000000   1.0
  0.047000000  0.237000000  0.932000000   1.0
  0.047000000  0.337000000  0.032000000   1.0
  0.047000000  0.337000000  0.132000000   1.0
  0.047000000  0.337000000  0.232000000   1.0
  0.047000000  0.337000000  0.332000000   1.0
  0.047000000  0.337000000  0.432000000   1.0
  0.047000000  0.337000000  0.532000000   1.0
  0.047000000  0.337000000  0.632000000   1.0
  0.047000000  0.337000000  0.732000000   1.0
  0.047000000  0.337000000  0.832000000   1.0
  0.047000000  0.337000000  0.932000000   1.0
  0.047000000  0.437000000  0.032000000   1.0
  0.047000000  0.437000000  0.132000000   1.0
  0.047000000  0.437000000  0.232000000   1.0
  0.047000000  0.437000000  0.332000000   1.0
  0.047000000  0.437000000  0.432000000   1.0
  0.047000000  0.437000000  0.532000000   1.0
  0.047000000  0.437000000  0.632000000   1.0
  0.047000000  0.437000000  0.732000000   1.0
  0.047000000  0.437000000  0.832000000   1.0
  0.047000000  0.437000000  0.932000000   1.0
  0.047000000  0.537000000  0.032000000   1.0
  0.047000000  0.537000000  0.132000000   1.0
  0.047000000  0.537000000  0.232000000   1.0
  0.047000000  0.537000000  0.332000000   1.0
  0.047000000  0.537000000  0.432000000   1.0
  0.047000000  0.537000000  0.532000000   1.0
  0.047000000  0.537000000  0.632000000   1.0
  0.047000000  0.537000000  0.732000000   1.0
  0.047000000  0.537000000  0.832000000   1.0
  0.047000000  0.537000000  0.932000000   1.0
  0.047000000  0.637000000  0.032000000   1.0
  0.047000000  0.637000000  0.132000000   1.0
  0.047000000  0.637000000  0.232000000   1.0
  0.047000000  0.637000000  0.332000000   1.0
  0.047000000  0.637000000  0.432000000   1.0
  0.047000000  0.637000000  0.532000000   1.0
  0.047000000  0.637000000  0.632000000   1.0
  0.047000000  0.637000000  0.732000000   1.0
  0.047000000  0.637000000  0.832000000   1.0
  0.047000000  0.637000000  0.932000000   1.0
  0.047000000  0.737000000  0.032000000   1.0
  0.047000000  0.737000000  0.132000000   1.0
  0.047000000  0.737000000  0.232000000   1.0
  0.047000000  0.737000000  0.332000000   1.0
  0.047000000  0.737000000  0.432000000   1.0
  0.047000000  0.737000000  0.532000000   1.0
  0.047000000  0.737000000  0.632000000   1.0
  0.047000000  0.737000000  0.732000000   1.0
  0.047000000  0.737000000  0.832000000   1.0
  0.047000000  0.737000000  0.932000000   1.0
  0.047000000  0.837000000  0.032000000   1.0
  0.047000000  0.837000000  0.132000000   1.0
  0.047000000  0.837000000  0.232000000   1.0
  0.047000000  0.837000000  0.332000000   1.0
  0.047000000  0.837000000  0.432000000   1.0
  0.047000000  0.837000000  0.532000000   1.0
  0.047000000  0.837000000  0.632000000   1.0
  0.047000000  0.837000000  0.732000000   1.0
  0.047000000  0.837000000  0.832000000   1.0
  0.047000000  0.837000000  0.932000000   1.0
  0.047000000  0.937000000  0.032000000   1.0
  0.047000000  0.937000000  0.132000000   1.0
  0.047000000  0.937000000  0.232000000   1.0
  0.047000000  0.937000000  0.332000000   1.0
  0.047000000  0.937000000  0.432000000   1.0
  0.047000000  0.937000000  0.532000000   1.0
  0.047000000  0.937000000  0.632000000   1.0
  0.047000000  0.937000000  0.732000000   1.0
  0.047000000  0.937000000  0.832000000   1.0
  0.047000000  0.937000000  0.932000000   1.0
  0.147000000  0.037000000  0.032000000   1.0
  0.147000000  0.037000000  0.132000000   1.0
  0.147000000  0.037000000  0.232000000   1.0
  0.147000000  0.037000000  0.332000000   1.0
  0.147000000  0.037000000  0.432000000   1.0
  0.147000000  0.037000000  0.532000000   1.0
  0.147000000  0.037000000  0.632000000   1.0
  0.147000000  0.037000000  0.732000000   1.0
  0.147000000  0.037000000  0.832000000   1.0
  0.147000000  0.037000000  0.932000000   1.0
  0.147000000  0.137000000  0.032000000   1.0
  0.147000000  0.137000000  0.132000000   1.0
  0.147000000  0.137000000  0.232000000   1.0
  0.147000000  0.137000000  0.332000000   1.0
  0.147000000  0.137000000  0.432000000   1.0
  0.147000000  0.137000000  0.532000000   1.0
  0.147000000  0.137000000  0.632000000   1.0
  0.147000000  0.137000000  0.732000000   1.0
  0.147000000  0.137000000  0.832000000   1.0
  0.147000000  0.137000000  0.932000000   1.0
  0.147000000  0.237000000  0.032000000   1.0
  0.147000000  0.237000000  0.132000000   1.0
  0.147000000  0.237000000  0.232000000   1.0
  0.147000000  0.237000000  0.332000000   1.0
  0.147000000  0.237000000  0.432000000   1.0
  0.147000000  0.237000000  0.532000000   1.0
  0.147000000  0.237000000  0.632000000   1.0
  0.147000000  0.237000000  0.732000000   1.0
  0.147000000  0.237000000  0.832000000   1.0
  0.147000000  0.237000000  0.932000000   1.0
  0.147000000  0.337000000  0.032000000   1.0
  0.147000000  0.337000000  0.132000000   1.0
  0.147000000  0.337000000  0.232000000   1.0
  0.147000000  0.337000000  0.332000000   1.0
  0.147000000  0.337000000  0.432000000   1.0
  0.147000000  0.337000000  0.532000000   1.0
  0.147000000  0.337000000  0.632000000   1.0
  0.147000000  0.337000000  0.732000000   1.0
  0.147000000  0.337000000  0.832000000   1.0
  0.147000000  0.337000000  0.932000000   1.0
  0.147000000  0.437000000  0.032000000   1.0
  0.147000000  0.437000000  0.132000000   1.0
  0.147000000  0.437000000  0.232000000   1.0
  0.147000000  0.437000000  0.332000000   1.0
  0.147000000  0.437000000  0.432000000   1.0
  0.147000000  0.437000000  0.532000000   1.0
  0.147000000  0.437000000  0.632000000   1.0
  0.147000000  0.437000000  0.732000000   1.0
  0.147000000  0.437000000  0.832000000   1.0
  0.147000000  0.437000000  0.932000000   1.0
  0.147000000  0.537000000  0.032000000   1.0
  0.147000000  0.537000000  0.132000000   1.0
  0.147000000  0.537000000  0.232000000   1.0
  0.147000000  0.537000000  0.332000000   1.0
  0.147000000  0.537000000  0.432000000   1.0
  0.147000000  0.537000000  0.532000000   1.0
  0.147000000  0.537000000  0.632000000   1.0
  0.147000000  0.537000000  0.732000000   1.0
  0.147000000  0.537000000  0.832000000   1.0
  0.147000000  0.537000000  0.932000000   1.0
  0.147000000  0.637000000  0.032000000   1.0
  0.147000000  0.637000000  0.132000000   1.0
  0.147000000  0.637000000  0.232000000   1.0
  0.147000000  0.637000000  0.332000000   1.0
  0.147000000  0.637000000  0.432000000   1.0
  0.147000000  0.637000000  0.532000000   1.0
  0.147000000  0.637000000  0.632000000   1.0
  0.147000000  0.637000000  0.732000000   1.0
  0.147000000  0.637000000  0.832000000   1.0
  0.147000000  0.637000000  0.932000000   1.0
  0.147000000  0.737000000  0.032000000   1.0
  0.147000000  0.737000000  0.132000000   1.0
  0.147000000  0.737000000  0.232000000   1.0
  0.147000000  0.737000000  0.332000000   1.0
  0.147000000  0.737000000  0.432000000   1.0
  0.147000000  0.737000000  0.532000000   1.0
  0.147000000  0.737000000  0.632000000   1.0
  0.147000000  0.737000000  0.732000000   1.0
  0.147000000  0.737000000  0.832000000   1.0
  0.147000000  0.737000000  0.932000000   1.0
  0.147000000  0.837000000  0.032000000   1.0
  0.147000000  0.837000000  0.132000000   1.0
  0.147000000  0.837000000  0.232000000   1.0
  0.147000000  0.837000000  0.332000000   1.0
  0.147000000  0.837000000  0.432000000   1.0
  0.147000000  0.837000000  0.532000000   1.0
  0.147000000  0.837000000  0.632000000   1.0
  0.147000000  0.837000000  0.732000000   1.0
  0.147000000  0.837000000  0.832000000   1.0
  0.147000000  0.837000000  0.932000000   1.0
  0.147000000  0.937000000  0.032000000   1.0
  0.147000000  0.937000000  0.132000000   1.0
  0.147000000  0.937000000  0.232000000   1.0
  0.147000000  0.937000000  0.332000000   1.0
  0.147000000  0.937000000  0.432000000   1.0
  0.147000000  0.937000000  0.532000000   1.0
  0.147000000  0.937000000  0.632000000   1.0
  0.147000000  0.937000000  0.732000000   1.0
  0.147000000  0.937000000  0.832000000   1.0
  0.147000000  0.937000000  0.932000000   1.0
  0.247000000  0.037000000  0.032000000   1.0
  0.247000000  0.037000000  0.132000000   1.0
  0.247000000  0.037000000  0.232000000   1.0
  0.247000000  0.037000000  0.332000000   1.0
  0.247000000  0.037000000  0.432000000   1.0
  0.247000000  0.037000000  0.532000000   1.0
  0.247000000  0.037000000  0.632000000   1.0
  0.247000000  0.037000000  0.732000000   1.0
  0.247000000  0.037000000  0.832000000   1.0
  0.247000000  0.037000000  0.932000000   1.0
  0.247000000  0.137000000  0.032000000   1.0
  0.247000000  0.137000000  0.132000000   1.0
  0.247000000  0.137000000  0.232000000   1.0
  0.247000000  0.137000000  0.332000000   1.0
  0.247000000  0.137000000  0.432000000   1.0
  0.247000000  0.137000000  0.532000000   1.0
  0.247000000  0.137000000  0.632000000   1.0
  0.247000000  0.137000000  0.732000000   1.0
  0.247000000  0.137000000  0.832000000   1.0
  0.247000000  0.137000000  0.932000000   1.0
  0.247000000  0.237000000  0.032000000   1.0
  0.247000000  0.237000000  0.132000000   1.0
  0.247000000  0.237000000  0.232000000   1.0
  0.247000000  0.237000000  0.332000000   1.0
  0.247000000  0.237000000  0.432000000   1.0
  0.247000000  0.237000000  0.532000000   1.0
  0.247000000  0.237000000  0.632000000   1.0
  0.247000000  0.237000000  0.732000000   1.0
  0.247000000  0.237000000  0.832000000   1.0
  0.247000000  0.237000000  0.932000000   1.0
  0.247000000  0.337000000  0.032000000   1.0
  0.247000000  0.337000000  0.132000000   1.0
  0.247000000  0.337000000  0.232000000   1.0
  0.247000000  0.337000000  0.332000000   1.0
  0.247000000  0.337000000  0.432000000   1.0
  0.247000000  0.337000000  0.532000000   1.0
  0.247000000  0.337000000  0.632000000   1.0
  0.247000000  0.337000000  0.732000000   1.0
  0.247000000  0.337000000  0.832000000   1.0
  0.247000000  0.337000000  0.932000000   1.0
  0.247000000  0.437000000  0.032000000   1.0
  0.247000000  0.437000000  0.132000000   1.0
  0.247000000  0.437000000  0.232000000   1.0
  0.247000000  0.437000000  0.332000000   1.0
  0.247000000  0.437000000  0.432000000   1.0
  0.247000000  0.437000000  0.532000000   1.0
  0.247000000  0.437000000  0.632000000   1.0
  0.247000000  0.437000000  0.732000000   1.0
  0.247000000  0.437000000  0.832000000   1.0
  0.247000000  0.437000000  0.932000000   1.0
  0.247000000  0.537000000  0.032000000   1.0
  0.247000000  0.537000000  0.132000000   1.0
  0.247000000  0.537000000  0.232000000   1.0
  0.247000000  0.537000000  0.332000000   1.0
  0.247000000  0.537000000  0.432000000   1.0
  0.247000000  0.537000000  0.532000000   1.0
  0.247000000  0.537000000  0.632000000   1.0
  0.247000000  0.537000000  0.732000000   1.0
  0.247000000  0.537000000  0.832000000   1.0
  0.247000000  0.537000000  0.932000000   1.0
  0.247000000  0.637000000  0.032000000   1.0
  0.247000000  0.637000000  0.132000000   1.0
  0.247000000  0.637000000  0.232000000   1.0
  0.247000000  0.637000000  0.332000000   1.0
  0.247000000  0.637000000  0.432000000   1.0
  0.247000000  0.637000000  0.532000000   1.0
  0.247000000  0.637000000  0.632000000   1.0
  0.247000000  0.637000000  0.732000000   1.0
  0.247000000  0.637000000  0.832000000   1.0
  0.247000000  0.637000000  0.932000000   1.0
  0.247000000  0.737000000  0.032000000   1.0
  0.247000000  0.737000000  0.132000000   1.0
  0.247000000  0.737000000  0.232000000   1.0
  0.247000000  0.737000000  0.332000000   1.0
  0.247000000  0.737000000  0.432000000   1.0
  0.247000000  0.737000000  0.532000000   1.0
  0.247000000  0.737000000  0.632000000   1.0
  0.247000000  0.737000000  0.732000000   1.0
  0.247000000  0.737000000  0.832000000   1.0
  0.247000000  0.737000000  0.932000000   1.0
  0.247000000  0.837000000  0.032000000   1.0
  0.247000000  0.837000000  0.132000000   1.0
  0.247000000  0.837000000  0.232000000   1.0
  0.247000000  0.837000000  0.332000000   1.0
  0.247000000  0.837000000  0.432000000   1.0
  0.247000000  0.837000000  0.532000000   1.0
  0.247000000  0.837000000  0.632000000   1.0
  0.247000000  0.837000000  0.732000000   1.0
  0.247000000  0.837000000  0.832000000   1.0
  0.247000000  0.837000000  0.932000000   1.0
  0.247000000  0.937000000  0.032000000   1.0
  0.247000000  0.937000000  0.132000000   1.0
  0.247000000  0.937000000  0.232000000   1.0
  0.247000000  0.937000000  0.332000000   1.0
  0.247000000  0.937000000  0.432000000   1.0
  0.247000000  0.937000000  0.532000000   1.0
  0.247000000  0.937000000  0.632000000   1.0
  0.247000000  0.937000000  0.732000000   1.0
  0.247000000  0.937000000  0.832000000   1.0
  0.247000000  0.937000000  0.932000000   1.0
  0.347000000  0.037000000  0.032000000   1.0
  0.347000000  0.037000000  0.132000000   1.0
  0.347000000  0.037000000  0.232000000   1.0
  0.347000000  0.037000000  0.332000000   1.0
  0.347000000  0.037000000  0.432000000   1.0
  0.347000000  0.037000000  0.532000000   1.0
  0.347000000  0.037000000  0.632000000   1.0
  0.347000000  0.037000000  0.732000000   1.0
  0.347000000  0.037000000  0.832000000   1.0
  0.347000000  0.037000000  0.932000000   1.0
  0.347000000  0.137000000  0.032000000   1.0
  0.347000000  0.137000000  0.132000000   1.0
  0.347000000  0.137000000  0.232000000   1.0
  0.347000000  0.137000000  0.332000000   1.0
  0.347000000  0.137000000  0.432000000   1.0
  0.347000000  0.137000000  0.532000000   1.0
  0.347000000  0.137000000  0.632000000   1.0
  0.347000000  0.137000000  0.732000000   1.0
  0.347000000  0.137000000  0.832000000   1.0
  0.347000000  0.137000000  0.932000000   1.0
  0.347000000  0.237000000  0.032000000   1.0
  0.347000000  0.237000000  0.132000000   1.0
  0.347000000  0.237000000  0.232000000   1.0
  0.347000000  0.237000000  0.332000000   1.0
  0.347000000  0.237000000  0.432000000   1.0
  0.347000000  0.237000000  0.532000000   1.0
  0.347000000  0.237000000  0.632000000   1.0
  0.347000000  0.237000000  0.732000000   1.0
  0.347000000  0.237000000  0.832000000   1.0
  0.347000000  0.237000000  0.932000000   1.0
  0.347000000  0.337000000  0.032000000   1.0
  0.347000000  0.337000000  0.132000000   1.0
  0.347000000  0.337000000  0.232000000   1.0
  0.347000000  0.337000000  0.332000000   1.0
  0.347000000  0.337000000  0.432000000   1.0
  0.347000000  0.337000000  0.532000000   1.0
  0.347000000  0.337000000  0.632000000   1.0
  0.347000000  0.337000000  0.732000000   1.0
  0.347000000  0.337000000  0.832000000   1.0
  0.347000000  0.337000000  0.932000000   1.0
  0.347000000  0.437000000  0.032000000   1.0
  0.347000000  0.437000000  0.132000000   1.0
  0.347000000  0.437000000  0.232000000   1.0
  0.347000000  0.437000000  0.332000000   1.0
  0.347000000  0.437000000  0.432000000   1.0
  0.347000000  0.437000000  0.532000000   1.0
  0.347000000  0.437000000  0.632000000   1.0
  0.347000000  0.437000000  0.732000000   1.0
  0.347000000  0.437000000  0.832000000   1.0
  0.347000000  0.437000000  0.932000000   1.0
  0.347000000  0.537000000  0.032000000   1.0
  0.347000000  0.537000000  0.132000000   1.0
  0.347000000  0.537000000  0.232000000   1.0
  0.347000000  0.537000000  0.332000000   1.0
  0.347000000  0.537000000  0.432000000   1.0
  0.347000000  0.537000000  0.532000000   1.0
  0.347000000  0.537000000  0.632000000   1.0
  0.347000000  0.537000000  0.732000000   1.0
  0.347000000  0.537000000  0.832000000   1.0
  0.347000000  0.537000000  0.932000000   1.0
  0.347000000  0.637000000  0.032000000   1.0
  0.347000000  0.637000000  0.132000000   1.0
  0.347000000  0.637000000  0.232000000   1.0
  0.347000000  0.637000000  0.332000000   1.0
  0.347000000  0.637000000  0.432000000   1.0
  0.347000000  0.637000000  0.532000000   1.0
  0.347000000  0.637000000  0.632000000   1.0
  0.347000000  0.637000000  0.732000000   1.0
  0.347000000  0.637000000  0.832000000   1.0
  0.347000000  0.637000000  0.932000000   1.0
  0.347000000  0.737000000  0.032000000   1.0
  0.347000000  0.737000000  0.132000000   1.0
  0.347000000  0.737000000  0.232000000   1.0
  0.347000000  0.737000000  0.332000000   1.0
  0.347000000  0.737000000  0.432000000   1.0
  0.347000000  0.737000000  0.532000000   1.0
  0.347000000  0.737000000  0.632000000   1.0
  0.347000000  0.737000000  0.732000000   1.0
  0.347000000  0.737000000  0.832000000   1.0
  0.347000000  0.737000000  0.932000000   1.0
  0.347000000  0.837000000  0.032000000   1.0
  0.347000000  0.837000000  0.132000000   1.0
  0.347000000  0.837000000  0.232000000   1.0
  0.347000000  0.837000000  0.332000000   1.0
  0.347000000  0.837000000  0.432000000   1.0
  0.347000000  0.837000000  0.532000000   1.0
  0.347000000  0.837000000  0.632000000   1.0
  0.347000000  0.837000000  0.732000000   1.0
  0.347000000  0.837000000  0.832000000   1.0
  0.347000000  0.837000000  0.932000000   1.0
  0.347000000  0.937000000  0.032000000   1.0
  0.347000000  0.937000000  0.132000000   1.0
  0.347000000  0.937000000  0.232000000   1.0
  0.347000000  0.937000000  0.332000000   1.0
  0.347000000  0.937000000  0.432000000   1.0
  0.347000000  0.937000000  0.532000000   1.0
  0.347000000  0.937000000  0.632000000   1.0
  0.347000000  0.937000000  0.732000000   1.0
  0.347000000  0.937000000  0.832000000   1.0
  0.347000000  0.937000000  0.932000000   1.0
  0.447000000  0.037000000  0.032000000   1.0
  0.447000000  0.037000000  0.132000000   1.0
  0.447000000  0.037000000  0.232000000   1.0
  0.447000000  0.037000000  0.332000000   1.0
  0.447000000  0.037000000  0.432000000   1.0
  0.447000000  0.037000000  0.532000000   1.0
  0.447000000  0.037000000  0.632000000   1.0
  0.447000000  0.037000000  0.732000000   1.0
  0.447000000  0.037000000  0.832000000   1.0
  0.447000000  0.037000000  0.932000000   1.0
  0.447000000  0.137000000  0.032000000   1.0
  0.447000000  0.137000000  0.132000000   1.0
  0.447000000  0.137000000  0.232000000   1.0
  0.447000000  0.137000000  0.332000000   1.0
  0.447000000  0.137000000  0.432000000   1.0
  0.447000000  0.137000000  0.532000000   1.0
  0.447000000  0.137000000  0.632000000   1.0
  0.447000000  0.137000000  0.732000000   1.0
  0.447000000  0.137000000  0.832000000   1.0
  0.447000000  0.137000000  0.932000000   1.0
  0.447000000  0.237000000  0.032000000   1.0
  0.447000000  0.237000000  0.132000000   1.0
  0.447000000  0.237000000  0.232000000   1.0
  0.447000000  0.237000000  0.332000000   1.0
  0.447000000  0.237000000  0.432000000   1.0
  0.447000000  0.237000000  0.532000000   1.0
  0.447000000  0.237000000  0.632000000   1.0
  0.447000000  0.237000000  0.732000000   1.0
  0.447000000  0.237000000  0.832000000   1.0
  0.447000000  0.237000000  0.932000000   1.0
  0.447000000  0.337000000  0.032000000   1.0
  0.447000000  0.337000000  0.132000000   1.0
  0.447000000  0.337000000  0.232000000   1.0
  0.447000000  0.337000000  0.332000000   1.0
  0.447000000  0.337000000  0.432000000   1.0
  0.447000000  0.337000000  0.532000000   1.0
  0.447000000  0.337000000  0.632000000   1.0
  0.447000000  0.337000000  0.732000000   1.0
  0.447000000  0.337000000  0.832000000   1.0
  0.447000000  0.337000000  0.932000000   1.0
  0.447000000  0.437000000  0.032000000   1.0
  0.447000000  0.437000000  0.132000000   1.0
  0.447000000  0.437000000  0.232000000   1.0
  0.447000000  0.437000000  0.332000000   1.0
  0.447000000  0.437000000  0.432000000   1.0
  0.447000000  0.437000000  0.532000000   1.0
  0.447000000  0.437000000  0.632000000   1.0
  0.447000000  0.437000000  0.732000000   1.0
  0.447000000  0.437000000  0.832000000   1.0
  0.447000000  0.437000000  0.932000000   1.0
  0.447000000  0.537000000  0.032000000   1.0
  0.447000000  0.537000000  0.132000000   1.0
  0.447000000  0.537000000  0.232000000   1.0
  0.447000000  0.537000000  0.332000000   1.0
  0.447000000  0.537000000  0.432000000   1.0
  0.447000000  0.537000000  0.532000000   1.0
  0.447000000  0.537000000  0.632000000   1.0
  0.447000000  0.537000000  0.732000000   1.0
  0.447000000  0.537000000  0.832000000   1.0
  0.447000000  0.537000000  0.932000000   1.0
  0.447000000  0.637000000  0.032000000   1.0
  0.447000000  0.637000000  0.132000000   1.0
  0.447000000  0.637000000  0.232000000   1.0
  0.447000000  0.637000000  0.332000000   1.0
  0.447000000  0.637000000  0.432000000   1.0
  0.447000000  0.637000000  0.532000000   1.0
  0.447000000  0.637000000  0.632000000   1.0
  0.447000000  0.637000000  0.732000000   1.0
  0.447000000  0.637000000  0.832000000   1.0
  0.447000000  0.637000000  0.932000000   1.0
  0.447000000  0.737000000  0.032000000   1.0
  0.447000000  0.737000000  0.132000000   1.0
  0.447000000  0.737000000  0.232000000   1.0
  0.447000000  0.737000000  0.332000000   1.0
  0.447000000  0.737000000  0.432000000   1.0
  0.447000000  0.737000000  0.532000000   1.0
  0.447000000  0.737000000  0.632000000   1.0
  0.447000000  0.737000000  0.732000000   1.0
  0.447000000  0.737000000  0.832000000   1.0
  0.447000000  0.737000000  0.932000000   1.0
  0.447000000  0.837000000  0.032000000   1.0
  0.447000000  0.837000000  0.132000000   1.0
  0.447000000  0.837000000  0.232000000   1.0
  0.447000000  0.837000000  0.332000000   1.0
  0.447000000  0.837000000  0.432000000   1.0
  0.447000000  0.837000000  0.532000000   1.0
  0.447000000  0.837000000  0.632000000   1.0
  0.447000000  0.837000000  0.732000000   1.0
  0.447000000  0.837000000  0.832000000   1.0
  0.447000000  0.837000000  0.932000000   1.0
  0.447000000  0.937000000  0.032000000   1.0
  0.447000000  0.937000000  0.132000000   1.0
  0.447000000  0.937000000  0.232000000   1.0
  0.447000000  0.937000000  0.332000000   1.0
  0.447000000  0.937000000  0.432000000   1.0
  0.447000000  0.937000000  0.532000000   1.0
  0.447000000  0.937000000  0.632000000   1.0
  0.447000000  0.937000000  0.732000000   1.0
  0.447000000  0.937000000  0.832000000   1.0
  0.447000000  0.937000000  0.932000000   1.0
  0.547000000  0.037000000  0.032000000   1.0
  0.547000000  0.037000000  0.132000000   1.0
  0.547000000  0.037000000  0.232000000   1.0
  0.547000000  0.037000000  0.332000000   1.0
  0.547000000  0.037000000  0.432000000   1.0
  0.547000000  0.037000000  0.532000000   1.0
  0.547000000  0.037000000  0.632000000   1.0
  0.547000000  0.037000000  0.732000000   1.0
  0.547000000  0.037000000  0.832000000   1.0
  0.547000000  0.037000000  0.932000000   1.0
  0.547000000  0.137000000  0.032000000   1.0
  0.547000000  0.137000000  0.132000000   1.0
  0.547000000  0.137000000  0.232000000   1.0
  0.547000000  0.137000000  0.332000000   1.0
  0.547000000  0.137000000  0.432000000   1.0
  0.547000000  0.137000000  0.532000000   1.0
  0.547000000  0.137000000  0.632000000   1.0
  0.547000000  0.137000000  0.732000000   1.0
  0.547000000  0.137000000  0.832000000   1.0
  0.547000000  0.137000000  0.932000000   1.0
  0.547000000  0.237000000  0.032000000   1.0
  0.547000000  0.237000000  0.132000000   1.0
  0.547000000  0.237000000  0.232000000   1.0
  0.547000000  0.237000000  0.332000000   1.0
  0.547000000  0.237000000  0.432000000   1.0
  0.547000000  0.237000000  0.532000000   1.0
  0.547000000  0.237000000  0.632000000   1.0
  0.547000000  0.237000000  0.732000000   1.0
  0.547000000  0.237000000  0.832000000   1.0
  0.547000000  0.237000000  0.932000000   1.0
  0.547000000  0.337000000  0.032000000   1.0
  0.547000000  0.337000000  0.132000000   1.0
  0.547000000  0.337000000  0.232000000   1.0
  0.547000000  0.337000000  0.332000000   1.0
  0.547000000  0.337000000  0.432000000   1.0
  0.547000000  0.337000000  0.532000000   1.0
  0.547000000  0.337000000  0.632000000   1.0
  0.547000000  0.337000000  0.732000000   1.0
  0.547000000  0.337000000  0.832000000   1.0
  0.547000000  0.337000000  0.932000000   1.0
  0.547000000  0.437000000  0.032000000   1.0
  0.547000000  0.437000000  0.132000000   1.0
  0.547000000  0.437000000  0.232000000   1.0
  0.547000000  0.437000000  0.332000000   1.0
  0.547000000  0.437000000  0.432000000   1.0
  0.547000000  0.437000000  0.532000000   1.0
  0.547000000  0.437000000  0.632000000   1.0
  0.547000000  0.437000000  0.732000000   1.0
  0.547000000  0.437000000  0.832000000   1.0
  0.547000000  0.437000000  0.932000000   1.0
  0.547000000  0.537000000  0.032000000   1.0
  0.547000000  0.537000000  0.132000000   1.0
  0.547000000  0.537000000  0.232000000   1.0
  0.547000000  0.537000000  0.332000000   1.0
  0.547000000  0.537000000  0.432000000   1.0
  0.547000000  0.537000000  0.532000000   1.0
  0.547000000  0.537000000  0.632000000   1.0
  0.547000000  0.537000000  0.732000000   1.0
  0.547000000  0.537000000  0.832000000   1.0
  0.547000000  0.537000000  0.932000000   1.0
  0.547000000  0.637000000  0.032000000   1.0
  0.547000000  0.637000000  0.132000000   1.0
  0.547000000  0.637000000  0.232000000   1.0
  0.547000000  0.637000000  0.332000000   1.0
  0.547000000  0.637000000  0.432000000   1.0
  0.547000000  0.637000000  0.532000000   1.0
  0.547000000  0.637000000  0.632000000   1.0
  0.547000000  0.637000000  0.732000000   1.0
  0.547000000  0.637000000  0.832000000   1.0
  0.547000000  0.637000000  0.932000000   1.0
  0.547000000  0.737000000  0.032000000   1.0
  0.547000000  0.737000000  0.132000000   1.0
  0.547000000  0.737000000  0.232000000   1.0
  0.547000000  0.737000000  0.332000000   1.0
  0.547000000  0.737000000  0.432000000   1.0
  0.547000000  0.737000000  0.532000000   1.0
  0.547000000  0.737000000  0.632000000   1.0
  0.547000000  0.737000000  0.732000000   1.0
  0.547000000  0.737000000  0.832000000   1.0
  0.547000000  0.737000000  0.932000000   1.0
  0.547000000  0.837000000  0.032000000   1.0
  0.547000000  0.837000000  0.132000000   1.0
  0.547000000  0.837000000  0.232000000   1.0
  0.547000000  0.837000000  0.332000000   1.0
  0.547000000  0.837000000  0.432000000   1.0
  0.547000000  0.837000000  0.532000000   1.0
  0.547000000  0.837000000  0.632000000   1.0
  0.547000000  0.837000000  0.732000000   1.0
  0.547000000  0.837000000  0.832000000   1.0
  0.547000000  0.837000000  0.932000000   1.0
  0.547000000  0.937000000  0.032000000   1.0
  0.547000000  0.937000000  0.132000000   1.0
  0.547000000  0.937000000  0.232000000   1.0
  0.547000000  0.937000000  0.332000000   1.0
  0.547000000  0.937000000  0.432000000   1.0
  0.547000000  0.937000000  0.532000000   1.0
  0.547000000  0.937000000  0.632000000   1.0
  0.547000000  0.937000000  0.732000000   1.0
  0.547000000  0.937000000  0.832000000   1.0
  0.547000000  0.937000000  0.932000000   1.0
  0.647000000  0.037000000  0.032000000   1.0
  0.647000000  0.037000000  0.132000000   1.0
  0.647000000  0.037000000  0.232000000   1.0
  0.647000000  0.037000000  0.332000000   1.0
  0.647000000  0.037000000  0.432000000   1.0
  0.647000000  0.037000000  0.532000000   1.0
  0.647000000  0.037000000  0.632000000   1.0
  0.647000000  0.037000000  0.732000000   1.0
  0.647000000  0.037000000  0.832000000   1.0
  0.647000000  0.037000000  0.932000000   1.0
  0.647000000  0.137000000  0.032000000   1.0
  0.647000000  0.137000000  0.132000000   1.0
  0.647000000  0.137000000  0.232000000   1.0
  0.647000000  0.137000000  0.332000000   1.0
  0.647000000  0.137000000  0.432000000   1.0
  0.647000000  0.137000000  0.532000000   1.0
  0.647000000  0.137000000  0.632000000   1.0
  0.647000000  0.137000000  0.732000000   1.0
  0.647000000  0.137000000  0.832000000   1.0
  0.647000000  0.137000000  0.932000000   1.0
  0.647000000  0.237000000  0.032000000   1.0
  0.647000000  0.237000000  0.132000000   1.0
  0.647000000  0.237000000  0.232000000   1.0
  0.647000000  0.237000000  0.332000000   1.0
  0.647000000  0.237000000  0.432000000   1.0
  0.647000000  0.237000000  0.532000000   1.0
  0.647000000  0.237000000  0.632000000   1.0
  0.647000000  0.237000000  0.732000000   1.0
  0.647000000  0.237000000  0.832000000   1.0
  0.647000000  0.237000000  0.932000000   1.0
  0.647000000  0.337000000  0.032000000   1.0
  0.647000000  0.337000000  0.132000000   1.0
  0.647000000  0.337000000  0.232000000   1.0
  0.647000000  0.337000000  0.332000000   1.0
  0.647000000  0.337000000  0.432000000   1.0
  0.647000000  0.337000000  0.532000000   1.0
  0.647000000  0.337000000  0.632000000   1.0
  0.647000000  0.337000000  0.732000000   1.0
  0.647000000  0.337000000  0.832000000   1.0
  0.647000000  0.337000000  0.932000000   1.0
  0.647000000  0.437000000  0.032000000   1.0
  0.647000000  0.437000000  0.132000000   1.0
  0.647000000  0.437000000  0.232000000   1.0
  0.647000000  0.437000000  0.332000000   1.0
  0.647000000  0.437000000  0.432000000   1.0
  0.647000000  0.437000000  0.532000000   1.0
  0.647000000  0.437000000  0.632000000   1.0
  0.647000000  0.437000000  0.732000000   1.0
  0.647000000  0.437000000  0.832000000   1.0
  0.647000000  0.437000000  0.932000000   1.0
  0.647000000  0.537000000  0.032000000   1.0
  0.647000000  0.537000000  0.132000000   1.0
  0.647000000  0.537000000  0.232000000   1.0
  0.647000000  0.537000000  0.332000000   1.0
  0.647000000  0.537000000  0.432000000   1.0
  0.647000000  0.537000000  0.532000000   1.0
  0.647000000  0.537000000  0.632000000   1.0
  0.647000000  0.537000000  0.732000000   1.0
  0.647000000  0.537000000  0.832000000   1.0
  0.647000000  0.537000000  0.932000000   1.0
  0.647000000  0.637000000  0.032000000   1.0
  0.647000000  0.637000000  0.132000000   1.0
  0.647000000  0.637000000  0.232000000   1.0
  0.647000000  0.637000000  0.332000000   1.0
  0.647000000  0.637000000  0.432000000   1.0
  0.647000000  0.637000000  0.532000000   1.0
  0.647000000  0.637000000  0.632000000   1.0
  0.647000000  0.637000000  0.732000000   1.0
  0.647000000  0.637000000  0.832000000   1.0
  0.647000000  0.637000000  0.932000000   1.0
  0.647000000  0.737000000  0.032000000   1.0
  0.647000000  0.737000000  0.132000000   1.0
  0.647000000  0.737000000  0.232000000   1.0
  0.647000000  0.737000000  0.332000000   1.0
  0.647000000  0.737000000  0.432000000   1.0
  0.647000000  0.737000000  0.532000000   1.0
  0.647000000  0.737000000  0.632000000   1.0
  0.647000000  0.737000000  0.732000000   1.0
  0.647000000  0.737000000  0.832000000   1.0
  0.647000000  0.737000000  0.932000000   1.0
  0.647000000  0.837000000  0.032000000   1.0
  0.647000000  0.837000000  0.132000000   1.0
  0.647000000  0.837000000  0.232000000   1.0
  0.647000000  0.837000000  0.332000000   1.0
  0.647000000  0.837000000  0.432000000   1.0
  0.647000000  0.837000000  0.532000000   1.0
  0.647000000  0.837000000  0.632000000   1.0
  0.647000000  0.837000000  0.732000000   1.0
  0.647000000  0.837000000  0.832000000   1.0
  0.647000000  0.837000000  0.932000000   1.0
  0.647000000  0.937000000  0.032000000   1.0
  0.647000000  0.937000000  0.132000000   1.0
  0.647000000  0.937000000  0.232000000   1.0
  0.647000000  0.937000000  0.332000000   1.0
  0.647000000  0.937000000  0.432000000   1.0
  0.647000000  0.937000000  0.532000000   1.0
  0.647000000  0.937000000  0.632000000   1.0
  0.647000000  0.937000000  0.732000000   1.0
  0.647000000  0.937000000  0.832000000   1.0
  0.647000000  0.937000000  0.932000000   1.0
  0.747000000  0.037000000  0.032000000   1.0
  0.747000000  0.037000000  0.132000000   1.0
  0.747000000  0.037000000  0.232000000   1.0
  0.747000000  0.037000000  0.332000000   1.0
  0.747000000  0.037000000  0.432000000   1.0
  0.747000000  0.037000000  0.532000000   1.0
  0.747000000  0.037000000  0.632000000   1.0
  0.747000000  0.037000000  0.732000000   1.0
  0.747000000  0.037000000  0.832000000   1.0
  0.747000000  0.037000000  0.932000000   1.0
  0.747000000  0.137000000  0.032000000   1.0
  0.747000000  0.137000000  0.132000000   1.0
  0.747000000  0.137000000  0.232000000   1.0
  0.747000000  0.137000000  0.332000000   1.0
  0.747000000  0.137000000  0.432000000   1.0
  0.747000000  0.137000000  0.532000000   1.0
  0.747000000  0.137000000  0.632000000   1.0
  0.747000000  0.137000000  0.732000000   1.0
  0.747000000  0.137000000  0.832000000   1.0
  0.747000000  0.137000000  0.932000000   1.0
  0.747000000  0.237000000  0.032000000   1.0
  0.747000000  0.237000000  0.132000000   1.0
  0.747000000  0.237000000  0.232000000   1.0
  0.747000000  0.237000000  0.332000000   1.0
  0.747000000  0.237000000  0.432000000   1.0
  0.747000000  0.237000000  0.532000000   1.0
  0.747000000  0.237000000  0.632000000   1.0
  0.747000000  0.237000000  0.732000000   1.0
  0.747000000  0.237000000  0.832000000   1.0
  0.747000000  0.237000000  0.932000000   1.0
  0.747000000  0.337000000  0.032000000   1.0
  0.747000000  0.337000000  0.132000000   1.0
  0.747000000  0.337000000  0.232000000   1.0
  0.747000000  0.337000000  0.332000000   1.0
  0.747000000  0.337000000  0.432000000   1.0
  0.747000000  0.337000000  0.532000000   1.0
  0.747000000  0.337000000  0.632000000   1.0
  0.747000000  0.337000000  0.732000000   1.0
  0.747000000  0.337000000  0.832000000   1.0
  0.747000000  0.337000000  0.932000000   1.0
  0.747000000  0.437000000  0.032000000   1.0
  0.747000000  0.437000000  0.132000000   1.0
  0.747000000  0.437000000  0.232000000   1.0
  0.747000000  0.437000000  0.332000000   1.0
  0.747000000  0.437000000  0.432000000   1.0
  0.747000000  0.437000000  0.532000000   1.0
  0.747000000  0.437000000  0.632000000   1.0
  0.747000000  0.437000000  0.732000000   1.0
  0.747000000  0.437000000  0.832000000   1.0
  0.747000000  0.437000000  0.932000000   1.0
  0.747000000  0.537000000  0.032000000   1.0
  0.747000000  0.537000000  0.132000000   1.0
  0.747000000  0.537000000  0.232000000   1.0
  0.747000000  0.537000000  0.332000000   1.0
  0.747000000  0.537000000  0.432000000   1.0
  0.747000000  0.537000000  0.532000000   1.0
  0.747000000  0.537000000  0.632000000   1.0
  0.747000000  0.537000000  0.732000000   1.0
  0.747000000  0.537000000  0.832000000   1.0
  0.747000000  0.537000000  0.932000000   1.0
  0.747000000  0.637000000  0.032000000   1.0
  0.747000000  0.637000000  0.132000000   1.0
  0.747000000  0.637000000  0.232000000   1.0
  0.747000000  0.637000000  0.332000000   1.0
  0.747000000  0.637000000  0.432000000   1.0
  0.747000000  0.637000000  0.532000000   1.0
  0.747000000  0.637000000  0.632000000   1.0
  0.747000000  0.637000000  0.732000000   1.0
  0.747000000  0.637000000  0.832000000   1.0
  0.747000000  0.637000000  0.932000000   1.0
  0.747000000  0.737000000  0.032000000   1.0
  0.747000000  0.737000000  0.132000000   1.0
  0.747000000  0.737000000  0.232000000   1.0
  0.747000000  0.737000000  0.332000000   1.0
  0.747000000  0.737000000  0.432000000   1.0
  0.747000000  0.737000000  0.532000000   1.0
  0.747000000  0.737000000  0.632000000   1.0
  0.747000000  0.737000000  0.732000000   1.0
  0.747000000  0.737000000  0.832000000   1.0
  0.747000000  0.737000000  0.932000000   1.0
  0.747000000  0.837000000  0.032000000   1.0
  0.747000000  0.837000000  0.132000000   1.0
  0.747000000  0.837000000  0.232000000   1.0
  0.747000000  0.837000000  0.332000000   1.0
  0.747000000  0.837000000  0.432000000   1.0
  0.747000000  0.837000000  0.532000000   1.0
  0.747000000  0.837000000  0.632000000   1.0
  0.747000000  0.837000000  0.732000000   1.0
  0.747000000  0.837000000  0.832000000   1.0
  0.747000000  0.837000000  0.932000000   1.0
  0.747000000  0.937000000  0.032000000   1.0
  0.747000000  0.937000000  0.132000000   1.0
  0.747000000  0.937000000  0.232000000   1.0
  0.747000000  0.937000000  0.332000000   1.0
  0.747000000  0.937000000  0.432000000   1.0
  0.747000000  0.937000000  0.532000000   1.0
  0.747000000  0.937000000  0.632000000   1.0
  0.747000000  0.937000000  0.732000000   1.0
  0.747000000  0.937000000  0.832000000   1.0
  0.747000000  0.937000000  0.932000000   1.0
  0.847000000  0.037000000  0.032000000   1.0
  0.847000000  0.037000000  0.132000000   1.0
  0.847000000  0.037000000  0.232000000   1.0
  0.847000000  0.037000000  0.332000000   1.0
  0.847000000  0.037000000  0.432000000   1.0
  0.847000000  0.037000000  0.532000000   1.0
  0.847000000  0.037000000  0.632000000   1.0
  0.847000000  0.037000000  0.732000000   1.0
  0.847000000  0.037000000  0.832000000   1.0
  0.847000000  0.037000000  0.932000000   1.0
  0.847000000  0.137000000  0.032000000   1.0
  0.847000000  0.137000000  0.132000000   1.0
  0.847000000  0.137000000  0.232000000   1.0
  0.847000000  0.137000000  0.332000000   1.0
  0.847000000  0.137000000  0.432000000   1.0
  0.847000000  0.137000000  0.532000000   1.0
  0.847000000  0.137000000  0.632000000   1.0
  0.847000000  0.137000000  0.732000000   1.0
  0.847000000  0.137000000  0.832000000   1.0
  0.847000000  0.137000000  0.932000000   1.0
  0.847000000  0.237000000  0.032000000   1.0
  0.847000000  0.237000000  0.132000000   1.0
  0.847000000  0.237000000  0.232000000   1.0
  0.847000000  0.237000000  0.332000000   1.0
  0.847000000  0.237000000  0.432000000   1.0
  0.847000000  0.237000000  0.532000000   1.0
  0.847000000  0.237000000  0.632000000   1.0
  0.847000000  0.237000000  0.732000000   1.0
  0.847000000  0.237000000  0.832000000   1.0
  0.847000000  0.237000000  0.932000000   1.0
  0.847000000  0.337000000  0.032000000   1.0
  0.847000000  0.337000000  0.132000000   1.0
  0.847000000  0.337000000  0.232000000   1.0
  0.847000000  0.337000000  0.332000000   1.0
  0.847000000  0.337000000  0.432000000   1.0
  0.847000000  0.337000000  0.532000000   1.0
  0.847000000  0.337000000  0.632000000   1.0
  0.847000000  0.337000000  0.732000000   1.0
  0.847000000  0.337000000  0.832000000   1.0
  0.847000000  0.337000000  0.932000000   1.0
  0.847000000  0.437000000  0.032000000   1.0
  0.847000000  0.437000000  0.132000000   1.0
  0.847000000  0.437000000  0.232000000   1.0
  0.847000000  0.437000000  0.332000000   1.0
  0.847000000  0.437000000  0.432000000   1.0
  0.847000000  0.437000000  0.532000000   1.0
  0.847000000  0.437000000  0.632000000   1.0
  0.847000000  0.437000000  0.732000000   1.0
  0.847000000  0.437000000  0.832000000   1.0
  0.847000000  0.437000000  0.932000000   1.0
  0.847000000  0.537000000  0.032000000   1.0
  0.847000000  0.537000000  0.132000000   1.0
  0.847000000  0.537000000  0.232000000   1.0
  0.847000000  0.537000000  0.332000000   1.0
  0.847000000  0.537000000  0.432000000   1.0
  0.847000000  0.537000000  0.532000000   1.0
  0.847000000  0.537000000  0.632000000   1.0
  0.847000000  0.537000000  0.732000000   1.0
  0.847000000  0.537000000  0.832000000   1.0
  0.847000000  0.537000000  0.932000000   1.0
  0.847000000  0.637000000  0.032000000   1.0
  0.847000000  0.637000000  0.132000000   1.0
  0.847000000  0.637000000  0.232000000   1.0
  0.847000000  0.637000000  0.332000000   1.0
  0.847000000  0.637000000  0.432000000   1.0
  0.847000000  0.637000000  0.532000000   1.0
  0.847000000  0.637000000  0.632000000   1.0
  0.847000000  0.637000000  0.732000000   1.0
  0.847000000  0.637000000  0.832000000   1.0
  0.847000000  0.637000000  0.932000000   1.0
  0.847000000  0.737000000  0.032000000   1.0
  0.847000000  0.737000000  0.132000000   1.0
  0.847000000  0.737000000  0.232000000   1.0
  0.847000000  0.737000000  0.332000000   1.0
  0.847000000  0.737000000  0.432000000   1.0
  0.847000000  0.737000000  0.532000000   1.0
  0.847000000  0.737000000  0.632000000   1.0
  0.847000000  0.737000000  0.732000000   1.0
  0.847000000  0.737000000  0.832000000   1.0
  0.847000000  0.737000000  0.932000000   1.0
  0.847000000  0.837000000  0.032000000   1.0
  0.847000000  0.837000000  0.132000000   1.0
  0.847000000  0.837000000  0.232000000   1.0
  0.847000000  0.837000000  0.332000000   1.0
  0.847000000  0.837000000  0.432000000   1.0
  0.847000000  0.837000000  0.532000000   1.0
  0.847000000  0.837000000  0.632000000   1.0
  0.847000000  0.837000000  0.732000000   1.0
  0.847000000  0.837000000  0.832000000   1.0
  0.847000000  0.837000000  0.932000000   1.0
  0.847000000  0.937000000  0.032000000   1.0
  0.847000000  0.937000000  0.132000000   1.0
  0.847000000  0.937000000  0.232000000   1.0
  0.847000000  0.937000000  0.332000000   1.0
  0.847000000  0.937000000  0.432000000   1.0
  0.847000000  0.937000000  0.532000000   1.0
  0.847000000  0.937000000  0.632000000   1.0
  0.847000000  0.937000000  0.732000000   1.0
  0.847000000  0.937000000  0.832000000   1.0
  0.847000000  0.937000000  0.932000000   1.0
  0.947000000  0.037000000  0.032000000   1.0
  0.947000000  0.037000000  0.132000000   1.0
  0.947000000  0.037000000  0.232000000   1.0
  0.947000000  0.037000000  0.332000000   1.0
  0.947000000  0.037000000  0.432000000   1.0
  0.947000000  0.037000000  0.532000000   1.0
  0.947000000  0.037000000  0.632000000   1.0
  0.947000000  0.037000000  0.732000000   1.0
  0.947000000  0.037000000  0.832000000   1.0
  0.947000000  0.037000000  0.932000000   1.0
  0.947000000  0.137000000  0.032000000   1.0
  0.947000000  0.137000000  0.132000000   1.0
  0.947000000  0.137000000  0.232000000   1.0
  0.947000000  0.137000000  0.332000000   1.0
  0.947000000  0.137000000  0.432000000   1.0
  0.947000000  0.137000000  0.532000000   1.0
  0.947000000  0.137000000  0.632000000   1.0
  0.947000000  0.137000000  0.732000000   1.0
  0.947000000  0.137000000  0.832000000   1.0
  0.947000000  0.137000000  0.932000000   1.0
  0.947000000  0.237000000  0.032000000   1.0
  0.947000000  0.237000000  0.132000000   1.0
  0.947000000  0.237000000  0.232000000   1.0
  0.947000000  0.237000000  0.332000000   1.0
  0.947000000  0.237000000  0.432000000   1.0
  0.947000000  0.237000000  0.532000000   1.0
  0.947000000  0.237000000  0.632000000   1.0
  0.947000000  0.237000000  0.732000000   1.0
  0.947000000  0.237000000  0.832000000   1.0
  0.947000000  0.237000000  0.932000000   1.0
  0.947000000  0.337000000  0.032000000   1.0
  0.947000000  0.337000000  0.132000000   1.0
  0.947000000  0.337000000  0.232000000   1.0
  0.947000000  0.337000000  0.332000000   1.0
  0.947000000  0.337000000  0.432000000   1.0
  0.947000000  0.337000000  0.532000000   1.0
  0.947000000  0.337000000  0.632000000   1.0
  0.947000000  0.337000000  0.732000000   1.0
  0.947000000  0.337000000  0.832000000   1.0
  0.947000000  0.337000000  0.932000000   1.0
  0.947000000  0.437000000  0.032000000   1.0
  0.947000000  0.437000000  0.132000000   1.0
  0.947000000  0.437000000  0.232000000   1.0
  0.947000000  0.437000000  0.332000000   1.0
  0.947000000  0.437000000  0.432000000   1.0
  0.947000000  0.437000000  0.532000000   1.0
  0.947000000  0.437000000  0.632000000   1.0
  0.947000000  0.437000000  0.732000000   1.0
  0.947000000  0.437000000  0.832000000   1.0
  0.947000000  0.437000000  0.932000000   1.0
  0.947000000  0.537000000  0.032000000   1.0
  0.947000000  0.537000000  0.132000000   1.0
  0.947000000  0.537000000  0.232000000   1.0
  0.947000000  0.537000000  0.332000000   1.0
  0.947000000  0.537000000  0.432000000   1.0
  0.947000000  0.537000000  0.532000000   1.0
  0.947000000  0.537000000  0.632000000   1.0
  0.947000000  0.537000000  0.732000000   1.0
  0.947000000  0.537000000  0.832000000   1.0
  0.947000000  0.537000000  0.932000000   1.0
  0.947000000  0.637000000  0.032000000   1.0
  0.947000000  0.637000000  0.132000000   1.0
  0.947000000  0.637000000  0.232000000   1.0
  0.947000000  0.637000000  0.332000000   1.0
  0.947000000  0.637000000  0.432000000   1.0
  0.947000000  0.637000000  0.532000000   1.0
  0.947000000  0.637000000  0.632000000   1.0
  0.947000000  0.637000000  0.732000000   1.0
  0.947000000  0.637000000  0.832000000   1.0
  0.947000000  0.637000000  0.932000000   1.0
  0.947000000  0.737000000  0.032000000   1.0
  0.947000000  0.737000000  0.132000000   1.0
  0.947000000  0.737000000  0.232000000   1.0
  0.947000000  0.737000000  0.332000000   1.0
  0.947000000  0.737000000  0.432000000   1.0
  0.947000000  0.737000000  0.532000000   1.0
  0.947000000  0.737000000  0.632000000   1.0
  0.947000000  0.737000000  0.732000000   1.0
  0.947000000  0.737000000  0.832000000   1.0
  0.947000000  0.737000000  0.932000000   1.0
  0.947000000  0.837000000  0.032000000   1.0
  0.947000000  0.837000000  0.132000000   1.0
  0.947000000  0.837000000  0.232000000   1.0
  0.947000000  0.837000000  0.332000000   1.0
  0.947000000  0.837000000  0.432000000   1.0
  0.947000000  0.837000000  0.532000000   1.0
  0.947000000  0.837000000  0.632000000   1.0
  0.947000000  0.837000000  0.732000000   1.0
  0.947000000  0.837000000  0.832000000   1.0
  0.947000000  0.837000000  0.932000000   1.0
  0.947000000  0.937000000  0.032000000   1.0
  0.947000000  0.937000000  0.132000000   1.0
  0.947000000  0.937000000  0.232000000   1.0
  0.947000000  0.937000000  0.332000000   1.0
  0.947000000  0.937000000  0.432000000   1.0
  0.947000000  0.937000000  0.532000000   1.0
  0.947000000  0.937000000  0.632000000   1.0
  0.947000000  0.937000000  0.732000000   1.0
  0.947000000  0.937000000  0.832000000   1.0
  0.947000000  0.937000000  0.932000000   1.0
