
 BerkeleyGW version 3.0+git v3.0-348-gd60535f by lzlwell <lzlwell@berkeley.edu> at 2024-02-19 23:49:47 -0600
 Epsilon code, Complex version, run on 22-Feb-2024 at 17:37:15 -0600

 Running MPI version (parallel)
 Running with 32 MPI task(s)
 Computing the static inverse dielectric matrix

 We are using matrix communication scheme

 We are communicating via MPI

 We are using no truncation
 Highest occupied band (unshifted grid) = 4
 Valence max    (unshifted grid) = 5.610047 eV
 Conduction min (unshifted grid) = 7.401602 eV
 Middle energy  (unshifted grid) = 6.505825 eV
 Fermi  energy  (unshifted grid) = 6.505825 eV

 Highest occupied band (shifted grid) = 4
 Running with 2 valence pools
 Number of conduction bands per processor: 2
 Number of valence bands per processor: 2

 Memory available: 5653.5 MB per PE
 Memory required for execution: 4.5 MB per PE
 Memory required for vcoul: .0 MB per PE

 Cell Volume = 0.270106146E+03

 Number of electrons per unit cell (from ifmax) = 8.000000
 Number of electrons per unit cell (from occupations) = 8.000000
 Plasma Frequency = 1.220148 Ry

 - Screened Coulomb cutoff: 10.000 Ry
 - Total number of bands: 29
 - Number of q-points: 8

 Scissors parameters:
 - Valence:    es =   0.0000 eV, e0 =   0.0000 eV, edel =   0.0000
 - Conduction: es =   0.0000 eV, e0 =   0.0000 eV, edel =   0.0000
 Highest occupied band (shifted grid) = 4


     q= 0.0000 0.0000 0.0010  nmtx=     137  nrk= 60

           independent matrix elements of chi       spin index= 1 1

          g          g**2          gp          gp**2          chi(g,gp)
    0    0    0   0.00000         0    0    0   0.00000       -0.0000004362   0.0000000000
    0    0    0   0.00000        -1   -1   -1   1.12482       -0.0000096246  -0.0000000000
    0    0    0   0.00000        -1    0    0   1.12482       -0.0000098147   0.0000000000
    0    0    0   0.00000         0   -1    0   1.12482       -0.0000098147   0.0000000000
    0    0    0   0.00000         0    0   -1   1.12482        0.0000291964  -0.0000000000
    0    0    0   0.00000         0    0    1   1.12482       -0.0000291199   0.0000000000
    0    0    0   0.00000         0    1    0   1.12482        0.0000096246   0.0000000000
    0    0    0   0.00000         1    0    0   1.12482        0.0000096246   0.0000000000
    0    0    0   0.00000         1    1    1   1.12482        0.0000098147  -0.0000000000
    0    0    0   0.00000        -1   -1    0   1.49977       -0.0000000242  -0.0000000000
    0    0    0   0.00000        -1    0   -1   1.49977        0.0000000235   0.0000000000
    0    0    0   0.00000         0   -1   -1   1.49977        0.0000000235   0.0000000000
    0    0    0   0.00000         0    1    1   1.49977        0.0000000242   0.0000000000
    0    0    0   0.00000         1    0    1   1.49977        0.0000000242   0.0000000000
    0    0    0   0.00000         1    1    0   1.49977       -0.0000000235  -0.0000000000
    0    0    0   0.00000        -2   -1   -1   2.99953        0.0000000063   0.0000000000
    0    0    0   0.00000        -1   -2   -1   2.99953        0.0000000063  -0.0000000000
    0    0    0   0.00000         3    3    2   8.99859       -0.0000002903  -0.0000000000
   -1   -1   -1   1.12482        -1   -1   -1   1.12482       -0.0301685830   0.0000000000
   -1    0    0   1.12482        -1    0    0   1.12482       -0.0301667228  -0.0000000000
    0   -1    0   1.12482         0   -1    0   1.12482       -0.0301667228  -0.0000000000
    0    0   -1   1.12482         0    0   -1   1.12482       -0.0301703720  -0.0000000000
    0    0    1   1.12482         0    0    1   1.12482       -0.0301647966   0.0000000000
    0    1    0   1.12482         0    1    0   1.12482       -0.0301685830   0.0000000000
    1    0    0   1.12482         1    0    0   1.12482       -0.0301685830   0.0000000000
    1    1    1   1.12482         1    1    1   1.12482       -0.0301667228   0.0000000000
   -1   -1    0   1.49977        -1   -1    0   1.49977       -0.0300287408   0.0000000000
   -1    0   -1   1.49977        -1    0   -1   1.49977       -0.0300442194   0.0000000000
    0   -1   -1   1.49977         0   -1   -1   1.49977       -0.0300442194  -0.0000000000
    0    1    1   1.49977         0    1    1   1.49977       -0.0300287408  -0.0000000000
    1    0    1   1.49977         1    0    1   1.49977       -0.0300287408   0.0000000000
    1    1    0   1.49977         1    1    0   1.49977       -0.0300442194   0.0000000000
   -2   -1   -1   2.99953        -2   -1   -1   2.99953       -0.0204718036  -0.0000000000
   -1   -2   -1   2.99953        -1   -2   -1   2.99953       -0.0204718036  -0.0000000000
   -2   -2   -3   7.12389         3    3    2   8.99859       -0.0000756641  -0.0000000000
 
 For q0 points, you should check the symmetry (eps(G,G') = eps*(-G,-G')) by
 using the eps0sym code. Wavefunction convergence, as well as a finite q-shift
 may cause this property of eps(G,G') to be broken.


             g                   gp         inverse epsilon           nspin= 1
         0    0    0         0    0    0        0.10283468  -0.00000000
        -1   -1   -1         0    0    0       -0.00001253   0.00000000
        -1   -1   -1        -1   -1   -1        0.62516145   0.00000000
        -1    0    0        -1   -1   -1        0.00447698   0.00000000
        -1    0    0        -1    0    0        0.62555537  -0.00000000
         0   -1    0        -1    0    0        0.00557819   0.00000000
         0   -1    0         0   -1    0        0.62555537  -0.00000000
         0    0   -1         0   -1    0       -0.00064874   0.00000000
         0    0   -1         0    0   -1        0.63736942  -0.00000000
         0    0    1         0    0   -1        0.04031493  -0.00000000
         0    0    1         0    0    1        0.63827236  -0.00000000
         0    1    0         0    0    1       -0.00063105   0.00000000
         0    1    0         0    1    0        0.62516145   0.00000000
         1    0    0         0    1    0        0.00560699   0.00000000
         1    0    0         1    0    0        0.62516145   0.00000000
         1    1    1         1    0    0        0.00447698   0.00000000
         1    1    1         1    1    1        0.62555537   0.00000000
        -1   -1    0         1    1    1        0.00596296   0.00000000
        -1   -1    0        -1   -1    0        0.68960079   0.00000000
        -1    0   -1        -1   -1    0        0.00986847  -0.00000000
        -1    0   -1        -1    0   -1        0.68905911   0.00000000
         0   -1   -1        -1    0   -1        0.00984891   0.00000000
         0   -1   -1         0   -1   -1        0.68905911  -0.00000000
         0    1    1         0   -1   -1       -0.00872157  -0.00000000
         0    1    1         0    1    1        0.68960079  -0.00000000
         1    0    1         0    1    1        0.00986848   0.00000000
         1    0    1         1    0    1        0.68960079   0.00000000
         1    1    0         1    0    1        0.00986847   0.00000000
         1    1    0         1    1    0        0.68905911   0.00000000
        -2   -1   -1         1    1    0       -0.00000553   0.00000000
        -2   -1   -1        -2   -1   -1        0.86699885  -0.00000000
        -1   -2   -1        -2   -1   -1        0.00966904   0.00000000
        -1   -2   -1        -1   -2   -1        0.86699885  -0.00000000
        -2   -2   -3        -1   -2   -1       -0.00276443   0.00000000
        -2   -2   -3         3    3    2       -0.00020719  -0.00000000
        -2    0    1         3    3    2       -0.00035632   0.00000000


     q= 0.0000 0.0000 0.2500  nmtx=     150  nrk= 60

           independent matrix elements of chi       spin index= 1 1

          g          g**2          gp          gp**2          chi(g,gp)
    0    0    0   0.07030         0    0    0   0.07030       -0.0133922379   0.0000000000
    0    0    0   0.07030         0    0   -1   0.63271        0.0055792351  -0.0000000000
    0    0    0   0.07030        -1   -1   -1   1.00766        0.0018631518  -0.0000000000
    0    0    0   0.07030         0    1    0   1.00766       -0.0018631518  -0.0000000000
    0    0    0   0.07030         1    0    0   1.00766       -0.0018631518  -0.0000000000
    0    0    0   0.07030        -1    0   -1   1.19513        0.0007537785   0.0000000000
    0    0    0   0.07030         0   -1   -1   1.19513        0.0007537785   0.0000000000
    0    0    0   0.07030         1    1    0   1.19513       -0.0007537785  -0.0000000000
    0    0    0   0.07030        -1    0    0   1.38260       -0.0041489681  -0.0000000000
    0    0    0   0.07030         0   -1    0   1.38260       -0.0041489681  -0.0000000000
    0    0    0   0.07030         1    1    1   1.38260        0.0041489681   0.0000000000
    0    0    0   0.07030         0    0    1   1.75754       -0.0039183460  -0.0000000000
    0    0    0   0.07030        -1   -1    0   1.94501       -0.0004848070   0.0000000000
    0    0    0   0.07030         0    1    1   1.94501        0.0004848070  -0.0000000000
    0    0    0   0.07030         1    0    1   1.94501        0.0004848070  -0.0000000000
    0    0    0   0.07030        -1   -1   -2   2.31995        0.0001375775  -0.0000000000
    0    0    0   0.07030         0    1   -1   2.31995       -0.0001375775   0.0000000000
    0    0    0   0.07030         1    0   -1   2.31995       -0.0001375775   0.0000000000
    0    0    0   0.07030        -3   -1    0   9.81878       -0.0001974419   0.0000000000
    0    0    0   0.07030        -2    1    1   9.81878        0.0001974419   0.0000000000
    0    0    0   0.07030        -1   -3    0   9.81878       -0.0001974419  -0.0000000000
    0    0    0   0.07030         1   -2    1   9.81878        0.0001974419  -0.0000000000
    0    0    0   0.07030         2    3    3   9.81878        0.0001974419  -0.0000000000
    0    0    0   0.07030         3    2    3   9.81878        0.0001974419   0.0000000000
    0    0   -1   0.63271         0    0   -1   0.63271       -0.0282257215   0.0000000000
   -1   -1   -1   1.00766        -1   -1   -1   1.00766       -0.0313191641  -0.0000000000
    0    1    0   1.00766         0    1    0   1.00766       -0.0313191641   0.0000000000
    1    0    0   1.00766         1    0    0   1.00766       -0.0313191641  -0.0000000000
   -1    0   -1   1.19513        -1    0   -1   1.19513       -0.0313660351  -0.0000000000
    0   -1   -1   1.19513         0   -1   -1   1.19513       -0.0313660351  -0.0000000000
    1    1    0   1.19513         1    1    0   1.19513       -0.0313660351  -0.0000000000
   -1    0    0   1.38260        -1    0    0   1.38260       -0.0300431658   0.0000000000
    0   -1    0   1.38260         0   -1    0   1.38260       -0.0300431658  -0.0000000000
    1    1    1   1.38260         1    1    1   1.38260       -0.0300431658   0.0000000000
    0    0    1   1.75754         0    0    1   1.75754       -0.0276918314  -0.0000000000
   -1   -1    0   1.94501        -1   -1    0   1.94501       -0.0273682356  -0.0000000000
    0    1    1   1.94501         0    1    1   1.94501       -0.0273682356  -0.0000000000
    1    0    1   1.94501         1    0    1   1.94501       -0.0273682356   0.0000000000
   -1   -1   -2   2.31995        -1   -1   -2   2.31995       -0.0241041951   0.0000000000
    0    1   -1   2.31995         0    1   -1   2.31995       -0.0241041951  -0.0000000000
    1    0   -1   2.31995         1    0   -1   2.31995       -0.0241041951  -0.0000000000
    1    2   -1   6.44431        -3   -1    0   9.81878       -0.0000320626  -0.0000000000
    2    1   -1   6.44431        -2    1    1   9.81878        0.0000601470   0.0000000000
   -2   -2    0   6.81925        -1   -3    0   9.81878       -0.0002748836  -0.0000000000
    0    2    2   6.81925         1   -2    1   9.81878        0.0000832118   0.0000000000
    2    0    2   6.81925         2    3    3   9.81878       -0.0001881640   0.0000000000
   -3   -2   -2   7.00672         3    2    3   9.81878       -0.0000067974  -0.0000000000


             g                   gp         inverse epsilon           nspin= 1
         0    0    0         0    0    0        0.19380708   0.00000000
         0    0   -1         0    0    0        0.01849041   0.00000000
         0    0   -1         0    0   -1        0.51570549   0.00000000
        -1   -1   -1         0    0   -1       -0.00138247   0.00000000
        -1   -1   -1        -1   -1   -1        0.58884274  -0.00000000
         0    1    0        -1   -1   -1       -0.01044229  -0.00000000
         0    1    0         0    1    0        0.58884274   0.00000000
         1    0    0         0    1    0        0.01044229   0.00000000
         1    0    0         1    0    0        0.58884274  -0.00000000
        -1    0   -1         1    0    0        0.00376390   0.00000000
        -1    0   -1        -1    0   -1        0.62944383  -0.00000000
         0   -1   -1        -1    0   -1        0.00774003   0.00000000
         0   -1   -1         0   -1   -1        0.62944383  -0.00000000
         1    1    0         0   -1   -1       -0.00774003  -0.00000000
         1    1    0         1    1    0        0.62944383  -0.00000000
        -1    0    0         1    1    0        0.00520775   0.00000000
        -1    0    0        -1    0    0        0.67893081   0.00000000
         0   -1    0        -1    0    0        0.00649087  -0.00000000
         0   -1    0         0   -1    0        0.67893081  -0.00000000
         1    1    1         0   -1    0       -0.00649087   0.00000000
         1    1    1         1    1    1        0.67893081   0.00000000
         0    0    1         1    1    1       -0.00175767  -0.00000000
         0    0    1         0    0    1        0.74511813  -0.00000000
        -1   -1    0         0    0    1        0.04312702   0.00000000
        -1   -1    0        -1   -1    0        0.75963606  -0.00000000
         0    1    1        -1   -1    0       -0.01215715   0.00000000
         0    1    1         0    1    1        0.75963606  -0.00000000
         1    0    1         0    1    1        0.01215715  -0.00000000
         1    0    1         1    0    1        0.75963606   0.00000000
        -1   -1   -2         1    0    1        0.00149233  -0.00000000
        -1   -1   -2        -1   -1   -2        0.81268716  -0.00000000
         0    1   -1        -1   -1   -2       -0.01192790   0.00000000
         0    1   -1         0    1   -1        0.81268716  -0.00000000
         1    0   -1         0    1   -1        0.01192790  -0.00000000
         1    0   -1         1    0   -1        0.81268716  -0.00000000
         1    2   -1         1    0   -1       -0.00271442   0.00000000
         1    2   -1        -3   -1    0       -0.00009547  -0.00000000
         2    1   -1        -3   -1    0       -0.00007779  -0.00000000
         2    1   -1        -2    1    1        0.00015932   0.00000000
        -2   -2    0        -2    1    1       -0.00070658   0.00000000
        -2   -2    0        -1   -3    0       -0.00085404  -0.00000000
         0    2    2        -1   -3    0       -0.00024088   0.00000000
         0    2    2         1   -2    1        0.00024088   0.00000000
         2    0    2         1   -2    1        0.00085404  -0.00000000
         2    0    2         2    3    3       -0.00070658   0.00000000
        -3   -2   -2         2    3    3       -0.00024306   0.00000000
        -3   -2   -2         3    2    3        0.00000231  -0.00000000
        -2   -3   -2         3    2    3       -0.00024306   0.00000000


     q= 0.0000 0.0000 0.5000  nmtx=     138  nrk= 30

           independent matrix elements of chi       spin index= 1 1

          g          g**2          gp          gp**2          chi(g,gp)
    0    0   -1   0.28121         0    0   -1   0.28121       -0.0231791549   0.0000000000
    0    0    0   0.28121         0    0   -1   0.28121        0.0067787567  -0.0000000000
    0    0    0   0.28121         0    0    0   0.28121       -0.0231791549   0.0000000000
    0    0    0   0.28121        -1   -1   -1   1.03109        0.0042888511  -0.0000000000
    0    0    0   0.28121        -1    0   -1   1.03109        0.0013611438   0.0000000000
    0    0    0   0.28121         0   -1   -1   1.03109        0.0013611438   0.0000000000
    0    0    0   0.28121         0    1    0   1.03109       -0.0042888511   0.0000000000
    0    0    0   0.28121         1    0    0   1.03109       -0.0042888511   0.0000000000
    0    0    0   0.28121         1    1    0   1.03109       -0.0013611438  -0.0000000000
    0    0    0   0.28121        -1   -1   -2   1.78097       -0.0007183912   0.0000000000
    0    0    0   0.28121        -1    0    0   1.78097       -0.0057270930  -0.0000000000
    0    0    0   0.28121         0   -1    0   1.78097       -0.0057270930  -0.0000000000
    0    0    0   0.28121         0    1   -1   1.78097        0.0007183912  -0.0000000000
    0    0    0   0.28121         1    0   -1   1.78097        0.0007183912  -0.0000000000
    0    0    0   0.28121         1    1    1   1.78097        0.0057270930  -0.0000000000
    0    0    0   0.28121        -1   -1    0   2.53085       -0.0004992956   0.0000000000
    0    0    0   0.28121        -1    0   -2   2.53085        0.0012028711   0.0000000000
    0    0    0   0.28121         0   -1   -2   2.53085        0.0012028711   0.0000000000
    0    0    0   0.28121         3    3    1   9.27980        0.0000529536   0.0000000000
    0    0    0   0.28121         3    3    2   9.27980        0.0002924902   0.0000000000
   -1   -1   -1   1.03109        -1   -1   -1   1.03109       -0.0317764959   0.0000000000
   -1    0   -1   1.03109        -1    0   -1   1.03109       -0.0317764959  -0.0000000000
    0   -1   -1   1.03109         0   -1   -1   1.03109       -0.0317764959  -0.0000000000
    0    1    0   1.03109         0    1    0   1.03109       -0.0317764959  -0.0000000000
    1    0    0   1.03109         1    0    0   1.03109       -0.0317764959  -0.0000000000
    1    1    0   1.03109         1    1    0   1.03109       -0.0317764959  -0.0000000000
   -1   -1   -2   1.78097        -1   -1   -2   1.78097       -0.0276056300  -0.0000000000
   -1    0    0   1.78097        -1    0    0   1.78097       -0.0276056300  -0.0000000000
    0   -1    0   1.78097         0   -1    0   1.78097       -0.0276056300   0.0000000000
    0    1   -1   1.78097         0    1   -1   1.78097       -0.0276056300  -0.0000000000
    1    0   -1   1.78097         1    0   -1   1.78097       -0.0276056300  -0.0000000000
    1    1    1   1.78097         1    1    1   1.78097       -0.0276056300  -0.0000000000
   -1   -1    0   2.53085        -1   -1    0   2.53085       -0.0228443595  -0.0000000000
   -1    0   -2   2.53085        -1    0   -2   2.53085       -0.0228443595  -0.0000000000
    0   -1   -2   2.53085         0   -1   -2   2.53085       -0.0228443595  -0.0000000000
    2    1    2   5.53039         3    3    1   9.27980       -0.0000245829   0.0000000000
    2    2    2   5.53039         3    3    2   9.27980        0.0001386221   0.0000000000


             g                   gp         inverse epsilon           nspin= 1
         0    0   -1         0    0   -1        0.36268048   0.00000000
         0    0    0         0    0   -1        0.06416715  -0.00000000
         0    0    0         0    0    0        0.36268048   0.00000000
        -1   -1   -1         0    0    0        0.02071475   0.00000000
        -1   -1   -1        -1   -1   -1        0.59212186   0.00000000
        -1    0   -1        -1   -1   -1       -0.04766745   0.00000000
        -1    0   -1        -1    0   -1        0.59212186  -0.00000000
         0   -1   -1        -1    0   -1        0.00946603   0.00000000
         0   -1   -1         0   -1   -1        0.59212186  -0.00000000
         0    1    0         0   -1   -1        0.00021785   0.00000000
         0    1    0         0    1    0        0.59212186  -0.00000000
         1    0    0         0    1    0        0.00946603   0.00000000
         1    0    0         1    0    0        0.59212186  -0.00000000
         1    1    0         1    0    0       -0.04766745  -0.00000000
         1    1    0         1    1    0        0.59212186  -0.00000000
        -1   -1   -2         1    1    0        0.02353331   0.00000000
        -1   -1   -2        -1   -1   -2        0.74629965  -0.00000000
        -1    0    0        -1   -1   -2       -0.00248169   0.00000000
        -1    0    0        -1    0    0        0.74629965   0.00000000
         0   -1    0        -1    0    0        0.00900955  -0.00000000
         0   -1    0         0   -1    0        0.74629965   0.00000000
         0    1   -1         0   -1    0        0.02772492  -0.00000000
         0    1   -1         0    1   -1        0.74629965   0.00000000
         1    0   -1         0    1   -1        0.00900955  -0.00000000
         1    0   -1         1    0   -1        0.74629965   0.00000000
         1    1    1         1    0   -1       -0.00248169   0.00000000
         1    1    1         1    1    1        0.74629965  -0.00000000
        -1   -1    0         1    1    1       -0.00542759   0.00000000
        -1   -1    0        -1   -1    0        0.83082166  -0.00000000
        -1    0   -2        -1   -1    0        0.00933586   0.00000000
        -1    0   -2        -1    0   -2        0.83082166  -0.00000000
         0   -1   -2        -1    0   -2        0.01116513  -0.00000000
         0   -1   -2         0   -1   -2        0.83082166   0.00000000
         2    1    2         0   -1   -2        0.00150905  -0.00000000
         2    1    2         3    3    1       -0.00008043   0.00000000
         2    2    2         3    3    1        0.00018839   0.00000000
         2    2    2         3    3    2        0.00027793   0.00000000
        -1   -1    1         3    3    2       -0.00023064  -0.00000000


     q= 0.0000 0.2500 0.2500  nmtx=     149  nrk= 40

           independent matrix elements of chi       spin index= 1 1

          g          g**2          gp          gp**2          chi(g,gp)
    0    0    0   0.09374         0    0    0   0.09374       -0.0172943604   0.0000000000
    0    0    0   0.09374        -1   -1   -1   0.84362        0.0002039025   0.0000000000
    0    0    0   0.09374         0   -1   -1   0.84362        0.0000000000  -0.0000000000
    0    0    0   0.09374         0   -1    0   0.84362       -0.0002039025  -0.0000000000
    0    0    0   0.09374         0    0   -1   0.84362       -0.0002039025  -0.0000000000
    0    0    0   0.09374         1    0    0   0.84362       -0.0002039025  -0.0000000000
    0    0    0   0.09374        -1   -1    0   1.59350        0.0000000000  -0.0000000000
    0    0    0   0.09374        -1    0   -1   1.59350       -0.0000000000   0.0000000000
    0    0    0   0.09374        -1    0    0   1.59350       -0.0051517332  -0.0000000000
    0    0    0   0.09374         0    0    1   1.59350       -0.0051517332  -0.0000000000
    0    0    0   0.09374         0    1    0   1.59350       -0.0051517332  -0.0000000000
    0    0    0   0.09374         1    0    1   1.59350        0.0000000000  -0.0000000000
    0    0    0   0.09374         1    1    0   1.59350       -0.0000000000   0.0000000000
    0    0    0   0.09374         1    1    1   1.59350        0.0051517332   0.0000000000
    0    0    0   0.09374        -1   -2   -1   2.34338        0.0007625853   0.0000000000
    0    0    0   0.09374        -1   -1   -2   2.34338        0.0007625853   0.0000000000
    0    0    0   0.09374         0    1    1   2.34338       -0.0000000000  -0.0000000000
    0    0    0   0.09374         1   -1    0   2.34338       -0.0007625853  -0.0000000000
    0    0    0   0.09374         2    2   -1   9.84221       -0.0002520109  -0.0000000000
    0    0    0   0.09374         3    0    2   9.84221       -0.0002520109  -0.0000000000
    0    0    0   0.09374         3    2    0   9.84221       -0.0002520109   0.0000000000
    0    0    0   0.09374         3    2    3   9.84221        0.0002362908  -0.0000000000
    0    0    0   0.09374         3    3    2   9.84221        0.0002362908   0.0000000000
   -1   -1   -1   0.84362        -1   -1   -1   0.84362       -0.0309554205  -0.0000000000
    0   -1   -1   0.84362         0   -1   -1   0.84362       -0.0312800978   0.0000000000
    0   -1    0   0.84362         0   -1    0   0.84362       -0.0309554205  -0.0000000000
    0    0   -1   0.84362         0    0   -1   0.84362       -0.0309554205  -0.0000000000
    1    0    0   0.84362         1    0    0   0.84362       -0.0309554205  -0.0000000000
   -1   -1    0   1.59350        -1   -1    0   1.59350       -0.0297096467   0.0000000000
   -1    0   -1   1.59350        -1    0   -1   1.59350       -0.0297096467   0.0000000000
   -1    0    0   1.59350        -1    0    0   1.59350       -0.0290789456   0.0000000000
    0    0    1   1.59350         0    0    1   1.59350       -0.0290789456   0.0000000000
    0    1    0   1.59350         0    1    0   1.59350       -0.0290789456  -0.0000000000
    1    0    1   1.59350         1    0    1   1.59350       -0.0297096467  -0.0000000000
    1    1    0   1.59350         1    1    0   1.59350       -0.0297096467  -0.0000000000
    1    1    1   1.59350         1    1    1   1.59350       -0.0290789456  -0.0000000000
   -1   -2   -1   2.34338        -1   -2   -1   2.34338       -0.0240756906   0.0000000000
   -1   -1   -2   2.34338        -1   -1   -2   2.34338       -0.0240756906  -0.0000000000
    0    1    1   2.34338         0    1    1   2.34338       -0.0243972057  -0.0000000000
    1   -1    0   2.34338         1   -1    0   2.34338       -0.0240756906   0.0000000000
    2   -1    0   6.09280         2    2   -1   9.84221       -0.0000573599   0.0000000000
    2    0   -1   6.09280         3    0    2   9.84221       -0.0001898320  -0.0000000000
    2    0    2   6.09280         3    2    0   9.84221        0.0001287531  -0.0000000000
    2    2    0   6.09280         3    2    3   9.84221       -0.0002569427   0.0000000000
   -3   -2   -2   6.84268         3    3    2   9.84221       -0.0000234068   0.0000000000


             g                   gp         inverse epsilon           nspin= 1
         0    0    0         0    0    0        0.19184692   0.00000000
        -1   -1   -1         0    0    0        0.00106683  -0.00000000
        -1   -1   -1        -1   -1   -1        0.54780059  -0.00000000
         0   -1   -1        -1   -1   -1       -0.04285796  -0.00000000
         0   -1   -1         0   -1   -1        0.54385028   0.00000000
         0   -1    0         0   -1   -1       -0.04285796   0.00000000
         0   -1    0         0   -1    0        0.54780059  -0.00000000
         0    0   -1         0   -1    0        0.02886399   0.00000000
         0    0   -1         0    0   -1        0.54780059  -0.00000000
         1    0    0         0    0   -1        0.00095039   0.00000000
         1    0    0         1    0    0        0.54780059  -0.00000000
        -1   -1    0         1    0    0        0.00341818   0.00000000
        -1   -1    0        -1   -1    0        0.70567893   0.00000000
        -1    0   -1        -1   -1    0        0.00918992  -0.00000000
        -1    0   -1        -1    0   -1        0.70567893  -0.00000000
        -1    0    0        -1    0   -1       -0.04673822   0.00000000
        -1    0    0        -1    0    0        0.71723142   0.00000000
         0    0    1        -1    0    0        0.00195020   0.00000000
         0    0    1         0    0    1        0.71723142   0.00000000
         0    1    0         0    0    1        0.00985460   0.00000000
         0    1    0         0    1    0        0.71723142  -0.00000000
         1    0    1         0    1    0       -0.00097098   0.00000000
         1    0    1         1    0    1        0.70567893  -0.00000000
         1    1    0         1    0    1        0.00918992   0.00000000
         1    1    0         1    1    0        0.70567893  -0.00000000
         1    1    1         1    1    0       -0.04673822   0.00000000
         1    1    1         1    1    1        0.71723142  -0.00000000
        -1   -2   -1         1    1    1        0.01491997   0.00000000
        -1   -2   -1        -1   -2   -1        0.81410015  -0.00000000
        -1   -1   -2        -1   -2   -1        0.01278108   0.00000000
        -1   -1   -2        -1   -1   -2        0.81410015  -0.00000000
         0    1    1        -1   -1   -2        0.00000000  -0.00000000
         0    1    1         0    1    1        0.80967635   0.00000000
         1   -1    0         0    1    1       -0.00000000  -0.00000000
         1   -1    0         1   -1    0        0.81410015   0.00000000
         2   -1    0         1   -1    0       -0.01211936  -0.00000000
         2   -1    0         2    2   -1       -0.00013685   0.00000000
         2    0   -1         2    2   -1       -0.00056636  -0.00000000
         2    0   -1         3    0    2       -0.00086176  -0.00000000
         2    0    2         3    0    2       -0.00226157   0.00000000
         2    0    2         3    2    0        0.00058775  -0.00000000
         2    2    0         3    2    0       -0.00226157   0.00000000
         2    2    0         3    2    3       -0.00106994   0.00000000
        -3   -2   -2         3    2    3       -0.00001566  -0.00000000
        -3   -2   -2         3    3    2       -0.00001566   0.00000000
        -2   -3   -1         3    3    2        0.00006512   0.00000000


     q= 0.0000 0.2500 0.5000  nmtx=     143  nrk=144

           independent matrix elements of chi       spin index= 1 1

          g          g**2          gp          gp**2          chi(g,gp)
    0    0    0   0.25777         0    0    0   0.25777       -0.0261499819   0.0000000000
    0    0    0   0.25777         0    0   -1   0.44524        0.0013429054   0.0000000000
    0    0    0   0.25777         0   -1   -1   0.63271        0.0016305976   0.0000000000
    0    0    0   0.25777        -1   -1   -1   0.82018        0.0033904259  -0.0000000000
    0    0    0   0.25777         1    0    0   0.82018       -0.0033904259   0.0000000000
    0    0    0   0.25777         0   -1    0   1.19513       -0.0037022890  -0.0000000000
    0    0    0   0.25777        -1    0   -1   1.38260        0.0000099843   0.0000000000
    0    0    0   0.25777         1    1    0   1.38260       -0.0000099843  -0.0000000000
    0    0    0   0.25777         0    1    0   1.57007       -0.0056633356   0.0000000000
    0    0    0   0.25777        -1   -1   -2   1.75754       -0.0007253079  -0.0000000000
    0    0    0   0.25777         1    0   -1   1.75754        0.0007253079  -0.0000000000
    0    0    0   0.25777        -1    0    0   1.94501       -0.0065245547   0.0000000000
    0    0    0   0.25777         1    1    1   1.94501        0.0065245547   0.0000000000
    0    0    0   0.25777        -1   -1    0   2.13248       -0.0000551377  -0.0000000000
    0    0    0   0.25777         1    0    1   2.13248        0.0000551377   0.0000000000
    0    0    0   0.25777         0   -1   -2   2.31995        0.0009902925  -0.0000000000
    0    0    0   0.25777         0    0    1   2.31995       -0.0060307623  -0.0000000000
    0    0    0   0.25777        -2    1   -2   9.81878       -0.0002881756   0.0000000000
    0    0    0   0.25777        -1   -2   -4   9.81878        0.0003595830   0.0000000000
    0    0    0   0.25777        -1    0    2   9.81878       -0.0000679612  -0.0000000000
    0    0    0   0.25777         0   -3    0   9.81878       -0.0002989815   0.0000000000
    0    0    0   0.25777         1   -1   -3   9.81878       -0.0003595830  -0.0000000000
    0    0    0   0.25777         1    1    3   9.81878        0.0000679612   0.0000000000
    0    0    0   0.25777         2    3    0   9.81878       -0.0002881756  -0.0000000000
    0    0   -1   0.44524         0    0   -1   0.44524       -0.0290193444   0.0000000000
    0   -1   -1   0.63271         0   -1   -1   0.63271       -0.0314391681  -0.0000000000
   -1   -1   -1   0.82018        -1   -1   -1   0.82018       -0.0320925640   0.0000000000
    1    0    0   0.82018         1    0    0   0.82018       -0.0320925640   0.0000000000
    0   -1    0   1.19513         0   -1    0   1.19513       -0.0302499801  -0.0000000000
   -1    0   -1   1.38260        -1    0   -1   1.38260       -0.0306397640  -0.0000000000
    1    1    0   1.38260         1    1    0   1.38260       -0.0306397640  -0.0000000000
    0    1    0   1.57007         0    1    0   1.57007       -0.0292568455  -0.0000000000
   -1   -1   -2   1.75754        -1   -1   -2   1.75754       -0.0277759495  -0.0000000000
    1    0   -1   1.75754         1    0   -1   1.75754       -0.0277759495  -0.0000000000
   -1    0    0   1.94501        -1    0    0   1.94501       -0.0269719321   0.0000000000
    1    1    1   1.94501         1    1    1   1.94501       -0.0269719321  -0.0000000000
   -1   -1    0   2.13248        -1   -1    0   2.13248       -0.0258819514  -0.0000000000
    1    0    1   2.13248         1    0    1   2.13248       -0.0258819514   0.0000000000
    0   -1   -2   2.31995         0   -1   -2   2.31995       -0.0241721808   0.0000000000
    0    0    1   2.31995         0    0    1   2.31995       -0.0244382502  -0.0000000000
    2    2    2   5.88189        -2    1   -2   9.81878       -0.0000607171   0.0000000000
   -2   -3   -2   6.06936        -1   -2   -4   9.81878        0.0002409619   0.0000000000
   -1    1    1   6.06936        -1    0    2   9.81878       -0.0003192726   0.0000000000
    1    2    2   6.06936         0   -3    0   9.81878       -0.0001188075  -0.0000000000
    2   -1    0   6.06936         1   -1   -3   9.81878       -0.0002409619   0.0000000000
    0   -1   -3   6.25684         1    1    3   9.81878        0.0000391170   0.0000000000
   -1   -3   -1   6.44431         2    3    0   9.81878        0.0000702082   0.0000000000


             g                   gp         inverse epsilon           nspin= 1
         0    0    0         0    0    0        0.30362284   0.00000000
         0    0   -1         0    0    0        0.00522283  -0.00000000
         0    0   -1         0    0   -1        0.40660364   0.00000000
         0   -1   -1         0    0   -1       -0.02353237  -0.00000000
         0   -1   -1         0   -1   -1        0.47211024  -0.00000000
        -1   -1   -1         0   -1   -1       -0.03869991   0.00000000
        -1   -1   -1        -1   -1   -1        0.53390024   0.00000000
         1    0    0        -1   -1   -1       -0.02418997  -0.00000000
         1    0    0         1    0    0        0.53390024   0.00000000
         0   -1    0         1    0    0       -0.00110924   0.00000000
         0   -1    0         0   -1    0        0.63970368  -0.00000000
        -1    0   -1         0   -1    0       -0.00258945   0.00000000
        -1    0   -1        -1    0   -1        0.67009203  -0.00000000
         1    1    0        -1    0   -1       -0.00751405   0.00000000
         1    1    0         1    1    0        0.67009203  -0.00000000
         0    1    0         1    1    0       -0.04392779  -0.00000000
         0    1    0         0    1    0        0.70775613  -0.00000000
        -1   -1   -2         0    1    0        0.00055521  -0.00000000
        -1   -1   -2        -1   -1   -2        0.74084960  -0.00000000
         1    0   -1        -1   -1   -2       -0.01021926   0.00000000
         1    0   -1         1    0   -1        0.74084960  -0.00000000
        -1    0    0         1    0   -1        0.02087262  -0.00000000
        -1    0    0        -1    0    0        0.76824321   0.00000000
         1    1    1        -1    0    0       -0.01104072   0.00000000
         1    1    1         1    1    1        0.76824321  -0.00000000
        -1   -1    0         1    1    1       -0.00572210   0.00000000
        -1   -1    0        -1   -1    0        0.78596905  -0.00000000
         1    0    1        -1   -1    0       -0.01120695   0.00000000
         1    0    1         1    0    1        0.78596905   0.00000000
         0   -1   -2         1    0    1       -0.01169690   0.00000000
         0   -1   -2         0   -1   -2        0.81052571   0.00000000
         0    0    1         0   -1   -2       -0.01958974  -0.00000000
         0    0    1         0    0    1        0.81399507  -0.00000000
         2    2    2         0    0    1       -0.00381763   0.00000000
         2    2    2        -2    1   -2       -0.00012972   0.00000000
        -2   -3   -2        -2    1   -2        0.00006368   0.00000000
        -2   -3   -2        -1   -2   -4        0.00094907   0.00000000
        -1    1    1        -1   -2   -4       -0.00064028  -0.00000000
        -1    1    1        -1    0    2       -0.00113318   0.00000000
         1    2    2        -1    0    2       -0.00090322  -0.00000000
         1    2    2         0   -3    0       -0.00035695  -0.00000000
         2   -1    0         0   -3    0       -0.00090946   0.00000000
         2   -1    0         1   -1   -3       -0.00094907   0.00000000
         0   -1   -3         1   -1   -3       -0.00205341  -0.00000000
         0   -1   -3         1    1    3        0.00017064   0.00000000
        -1   -3   -1         1    1    3       -0.00019913  -0.00000000
        -1   -3   -1         2    3    0        0.00017164   0.00000000
         0    1    2         2    3    0        0.00002500  -0.00000000


     q= 0.0000 0.2500 0.7500  nmtx=     144  nrk= 72

           independent matrix elements of chi       spin index= 1 1

          g          g**2          gp          gp**2          chi(g,gp)
    0    0   -1   0.18747         0    0   -1   0.18747       -0.0234725034  -0.0000000000
    0   -1   -1   0.56241         0   -1   -1   0.56241       -0.0302455190   0.0000000000
    0    0    0   0.56241         0    0   -1   0.18747        0.0010324253  -0.0000000000
    0    0    0   0.56241         0   -1   -1   0.56241        0.0025893989  -0.0000000000
    0    0    0   0.56241         0    0    0   0.56241       -0.0302455190  -0.0000000000
    0    0    0   0.56241        -1   -1   -1   0.93735        0.0053575253  -0.0000000000
    0    0    0   0.56241         1    0    0   0.93735       -0.0053575253  -0.0000000000
    0    0    0   0.56241        -1   -1   -2   1.31230       -0.0010560948  -0.0000000000
    0    0    0   0.56241        -1    0   -1   1.31230        0.0001052733   0.0000000000
    0    0    0   0.56241         1    0   -1   1.31230        0.0010560948  -0.0000000000
    0    0    0   0.56241         1    1    0   1.31230       -0.0001052733  -0.0000000000
    0    0    0   0.56241         0   -1   -2   1.68724        0.0005800579  -0.0000000000
    0    0    0   0.56241         0   -1    0   1.68724       -0.0052915924  -0.0000000000
    0    0    0   0.56241         0    1    0   1.68724       -0.0061542874   0.0000000000
    0    0    0   0.56241         0    0   -2   2.06218        0.0049294990   0.0000000000
    0    0    0   0.56241         0    1   -1   2.06218       -0.0001495301   0.0000000000
    0    0    0   0.56241        -1   -2   -2   2.43712        0.0008539963   0.0000000000
    0    0    0   0.56241        -1    0   -2   2.43712        0.0005620939   0.0000000000
    0    0    0   0.56241        -1    0    0   2.43712       -0.0066190046  -0.0000000000
    0    0    0   0.56241         1   -1   -1   2.43712       -0.0008539963   0.0000000000
   -1   -1   -1   0.93735        -1   -1   -1   0.93735       -0.0323114756  -0.0000000000
    1    0    0   0.93735         1    0    0   0.93735       -0.0323114756  -0.0000000000
   -1   -1   -2   1.31230        -1   -1   -2   1.31230       -0.0306561337   0.0000000000
   -1    0   -1   1.31230        -1    0   -1   1.31230       -0.0306561337  -0.0000000000
    1    0   -1   1.31230         1    0   -1   1.31230       -0.0306561337   0.0000000000
    1    1    0   1.31230         1    1    0   1.31230       -0.0306561337   0.0000000000
    0   -1   -2   1.68724         0   -1   -2   1.68724       -0.0287817963  -0.0000000000
    0   -1    0   1.68724         0   -1    0   1.68724       -0.0274236790  -0.0000000000
    0    1    0   1.68724         0    1    0   1.68724       -0.0287817963  -0.0000000000
    0    0   -2   2.06218         0    0   -2   2.06218       -0.0261193730  -0.0000000000
    0    1   -1   2.06218         0    1   -1   2.06218       -0.0261193730   0.0000000000
   -1   -2   -2   2.43712        -1   -2   -2   2.43712       -0.0236448161   0.0000000000
   -1    0   -2   2.43712        -1    0   -2   2.43712       -0.0237113602   0.0000000000
   -1    0    0   2.43712        -1    0    0   2.43712       -0.0236448161  -0.0000000000
    1   -1   -1   2.43712         1   -1   -1   2.43712       -0.0236448161  -0.0000000000


             g                   gp         inverse epsilon           nspin= 1
         0    0   -1         0    0   -1        0.26233220  -0.00000000
         0   -1   -1         0    0   -1        0.00332817  -0.00000000
         0   -1   -1         0   -1   -1        0.45312209   0.00000000
         0    0    0         0   -1   -1        0.01866082  -0.00000000
         0    0    0         0    0    0        0.45312209  -0.00000000
        -1   -1   -1         0    0    0        0.03478444   0.00000000
        -1   -1   -1        -1   -1   -1        0.56546207   0.00000000
         1    0    0        -1   -1   -1       -0.01330489  -0.00000000
         1    0    0         1    0    0        0.56546207   0.00000000
        -1   -1   -2         1    0    0        0.00028642   0.00000000
        -1   -1   -2        -1   -1   -2        0.65978564   0.00000000
        -1    0   -1        -1   -1   -2       -0.00012480   0.00000000
        -1    0   -1        -1    0   -1        0.65978564  -0.00000000
         1    0   -1        -1    0   -1        0.03318260   0.00000000
         1    0   -1         1    0   -1        0.65978564   0.00000000
         1    1    0         1    0   -1       -0.00012480  -0.00000000
         1    1    0         1    1    0        0.65978564   0.00000000
         0   -1   -2         1    1    0        0.00211487   0.00000000
         0   -1   -2         0   -1   -2        0.72337824  -0.00000000
         0   -1    0         0   -1   -2        0.01873074   0.00000000
         0   -1    0         0   -1    0        0.73471154  -0.00000000
         0    1    0         0   -1    0        0.01873074  -0.00000000
         0    1    0         0    1    0        0.72337824  -0.00000000
         0    0   -2         0    1    0       -0.00287652  -0.00000000
         0    0   -2         0    0   -2        0.78466365  -0.00000000
         0    1   -1         0    0   -2        0.00077764  -0.00000000
         0    1   -1         0    1   -1        0.78466365  -0.00000000
        -1   -2   -2         0    1   -1       -0.00898087   0.00000000
        -1   -2   -2        -1   -2   -2        0.82387321   0.00000000
        -1    0   -2        -1   -2   -2        0.00175495   0.00000000
        -1    0   -2        -1    0   -2        0.82012264   0.00000000
        -1    0    0        -1    0   -2        0.00175495   0.00000000
        -1    0    0        -1    0    0        0.82387321  -0.00000000
         1   -1   -1        -1    0    0        0.01718217   0.00000000
         1   -1   -1         1   -1   -1        0.82387321  -0.00000000
         0    2    1         1   -1   -1       -0.00010165  -0.00000000


     q= 0.0000 0.5000 0.5000  nmtx=     150  nrk= 20

           independent matrix elements of chi       spin index= 1 1

          g          g**2          gp          gp**2          chi(g,gp)
    0   -1   -1   0.37494         0   -1   -1   0.37494       -0.0282259762  -0.0000000000
    0    0    0   0.37494         0   -1   -1   0.37494        0.0000000000  -0.0000000000
    0    0    0   0.37494         0    0    0   0.37494       -0.0282259762  -0.0000000000
    0    0    0   0.37494        -1   -1   -1   0.74988        0.0029161052   0.0000000000
    0    0    0   0.37494         0   -1    0   0.74988       -0.0029161052  -0.0000000000
    0    0    0   0.37494         0    0   -1   0.74988       -0.0029161052  -0.0000000000
    0    0    0   0.37494         1    0    0   0.74988       -0.0029161052  -0.0000000000
    0    0    0   0.37494        -1   -2   -1   1.87471        0.0003314557  -0.0000000000
    0    0    0   0.37494        -1   -1   -2   1.87471        0.0003314557  -0.0000000000
    0    0    0   0.37494        -1   -1    0   1.87471       -0.0000000000  -0.0000000000
    0    0    0   0.37494        -1    0   -1   1.87471        0.0000000000   0.0000000000
    0    0    0   0.37494         1   -1    0   1.87471       -0.0003314557   0.0000000000
    0    0    0   0.37494         1    0   -1   1.87471       -0.0003314557   0.0000000000
    0    0    0   0.37494         1    0    1   1.87471       -0.0000000000  -0.0000000000
    0    0    0   0.37494         1    1    0   1.87471        0.0000000000   0.0000000000
    0    0    0   0.37494        -1   -2   -2   2.24965        0.0016055527  -0.0000000000
    0    0    0   0.37494        -1    0    0   2.24965       -0.0064639334   0.0000000000
    0    0    0   0.37494         0   -2   -1   2.24965        0.0016055527  -0.0000000000
    0    0    0   0.37494         0   -1   -2   2.24965        0.0016055527  -0.0000000000
    0    0    0   0.37494         2   -1    2   9.74848       -0.0003988536   0.0000000000
    0    0    0   0.37494         2    2   -1   9.74848       -0.0003988536  -0.0000000000
    0    0    0   0.37494         2    2    3   9.74848        0.0000548229   0.0000000000
    0    0    0   0.37494         2    3    2   9.74848        0.0000548229  -0.0000000000
    0    0    0   0.37494         3    0    2   9.74848       -0.0003988536  -0.0000000000
    0    0    0   0.37494         3    2    0   9.74848       -0.0003988536   0.0000000000
   -1   -1   -1   0.74988        -1   -1   -1   0.74988       -0.0310746741  -0.0000000000
    0   -1    0   0.74988         0   -1    0   0.74988       -0.0310746741  -0.0000000000
    0    0   -1   0.74988         0    0   -1   0.74988       -0.0310746741  -0.0000000000
    1    0    0   0.74988         1    0    0   0.74988       -0.0310746741  -0.0000000000
   -1   -2   -1   1.87471        -1   -2   -1   1.87471       -0.0275622493   0.0000000000
   -1   -1   -2   1.87471        -1   -1   -2   1.87471       -0.0275622493   0.0000000000
   -1   -1    0   1.87471        -1   -1    0   1.87471       -0.0275622493  -0.0000000000
   -1    0   -1   1.87471        -1    0   -1   1.87471       -0.0275622493  -0.0000000000
    1   -1    0   1.87471         1   -1    0   1.87471       -0.0275622493  -0.0000000000
    1    0   -1   1.87471         1    0   -1   1.87471       -0.0275622493  -0.0000000000
    1    0    1   1.87471         1    0    1   1.87471       -0.0275622493  -0.0000000000
    1    1    0   1.87471         1    1    0   1.87471       -0.0275622493  -0.0000000000
   -1   -2   -2   2.24965        -1   -2   -2   2.24965       -0.0248437951   0.0000000000
   -1    0    0   2.24965        -1    0    0   2.24965       -0.0248437951   0.0000000000
    0   -2   -1   2.24965         0   -2   -1   2.24965       -0.0248437951  -0.0000000000
    0   -1   -2   2.24965         0   -1   -2   2.24965       -0.0248437951   0.0000000000
    0    0    2   6.37400         2   -1    2   9.74848        0.0000041686  -0.0000000000
    0    2    0   6.37400         2    2   -1   9.74848        0.0000041686   0.0000000000
    2   -1   -1   6.37400         2    2    3   9.74848       -0.0000822206  -0.0000000000
    2   -1    1   6.37400         2    3    2   9.74848       -0.0000573857   0.0000000000
    2    0    2   6.37400         3    0    2   9.74848       -0.0005474741   0.0000000000
    2    1   -1   6.37400         3    2    0   9.74848        0.0005474741  -0.0000000000


             g                   gp         inverse epsilon           nspin= 1
         0   -1   -1         0   -1   -1        0.36748488  -0.00000000
         0    0    0         0   -1   -1       -0.00000000  -0.00000000
         0    0    0         0    0    0        0.36748488  -0.00000000
        -1   -1   -1         0    0    0        0.01982955  -0.00000000
        -1   -1   -1        -1   -1   -1        0.51958733  -0.00000000
         0   -1    0        -1   -1   -1       -0.00000000  -0.00000000
         0   -1    0         0   -1    0        0.51958733  -0.00000000
         0    0   -1         0   -1    0        0.03878964  -0.00000000
         0    0   -1         0    0   -1        0.51958733  -0.00000000
         1    0    0         0    0   -1        0.00000000  -0.00000000
         1    0    0         1    0    0        0.51958733  -0.00000000
        -1   -2   -1         1    0    0        0.00253888   0.00000000
        -1   -2   -1        -1   -2   -1        0.75348582   0.00000000
        -1   -1   -2        -1   -2   -1        0.00982653   0.00000000
        -1   -1   -2        -1   -1   -2        0.75348582   0.00000000
        -1   -1    0        -1   -1   -2        0.01285619   0.00000000
        -1   -1    0        -1   -1    0        0.75348582  -0.00000000
        -1    0   -1        -1   -1    0        0.00982653  -0.00000000
        -1    0   -1        -1    0   -1        0.75348582  -0.00000000
         1   -1    0        -1    0   -1        0.00000000  -0.00000000
         1   -1    0         1   -1    0        0.75348582  -0.00000000
         1    0   -1         1   -1    0        0.00982653  -0.00000000
         1    0   -1         1    0   -1        0.75348582  -0.00000000
         1    0    1         1    0   -1        0.01285619   0.00000000
         1    0    1         1    0    1        0.75348582  -0.00000000
         1    1    0         1    0    1        0.00982653   0.00000000
         1    1    0         1    1    0        0.75348582  -0.00000000
        -1   -2   -2         1    1    0        0.01386804   0.00000000
        -1   -2   -2        -1   -2   -2        0.80486159   0.00000000
        -1    0    0        -1   -2   -2       -0.00664790  -0.00000000
        -1    0    0        -1    0    0        0.80486159   0.00000000
         0   -2   -1        -1    0    0        0.00000000  -0.00000000
         0   -2   -1         0   -2   -1        0.80486159  -0.00000000
         0   -1   -2         0   -2   -1        0.01164102  -0.00000000
         0   -1   -2         0   -1   -2        0.80486159   0.00000000
         0    0    2         0   -1   -2        0.00044273   0.00000000
         0    0    2         2   -1    2        0.00020816  -0.00000000
         0    2    0         2   -1    2       -0.00061639   0.00000000
         0    2    0         2    2   -1        0.00020816   0.00000000
         2   -1   -1         2    2   -1       -0.00084765  -0.00000000
         2   -1   -1         2    2    3       -0.00028851  -0.00000000
         2   -1    1         2    2    3       -0.00072713   0.00000000
         2   -1    1         2    3    2       -0.00023865   0.00000000
         2    0    2         2    3    2       -0.00101110  -0.00000000
         2    0    2         3    0    2       -0.00191011   0.00000000
         2    1   -1         3    0    2       -0.00051182  -0.00000000
         2    1   -1         3    2    0        0.00191011  -0.00000000
         2    2    0         3    2    0       -0.00191011  -0.00000000


     q= 0.2500 0.5000 0.7500  nmtx=     144  nrk= 32

           independent matrix elements of chi       spin index= 1 1

          g          g**2          gp          gp**2          chi(g,gp)
   -1   -1   -1   0.46868        -1   -1   -1   0.46868       -0.0309723881   0.0000000000
    0   -1   -1   0.46868         0   -1   -1   0.46868       -0.0309723881  -0.0000000000
    0    0   -1   0.46868         0    0   -1   0.46868       -0.0309723881  -0.0000000000
    0    0    0   0.46868        -1   -1   -1   0.46868        0.0029387373   0.0000000000
    0    0    0   0.46868         0   -1   -1   0.46868        0.0000000000  -0.0000000000
    0    0    0   0.46868         0    0   -1   0.46868       -0.0029387373   0.0000000000
    0    0    0   0.46868         0    0    0   0.46868       -0.0309723881  -0.0000000000
    0    0    0   0.46868        -1   -1   -2   1.21856       -0.0022156798   0.0000000000
    0    0    0   0.46868        -1    0   -1   1.21856       -0.0000000000  -0.0000000000
    0    0    0   0.46868         0   -1    0   1.21856       -0.0054081062  -0.0000000000
    0    0    0   0.46868         1    0    0   1.21856       -0.0054081062  -0.0000000000
    0    0    0   0.46868        -1   -2   -2   1.96844        0.0003437464  -0.0000000000
    0    0    0   0.46868        -1   -2   -1   1.96844        0.0002038991  -0.0000000000
    0    0    0   0.46868        -1   -1    0   1.96844        0.0001722745  -0.0000000000
    0    0    0   0.46868        -1    0    0   1.96844       -0.0065833009   0.0000000000
    0    0    0   0.46868         0   -1   -2   1.96844        0.0003437464  -0.0000000000
    0    0    0   0.46868         0    1    0   1.96844       -0.0065833009   0.0000000000
    0    0    0   0.46868         1    0   -1   1.96844       -0.0002038991   0.0000000000
    0    0    0   0.46868         1    1    0   1.96844        0.0001722745  -0.0000000000
    0    0    0   0.46868        -2   -2   -2   2.71833        0.0033767494   0.0000000000
    0    0    0   0.46868        -2   -1   -2   2.71833        0.0006489052   0.0000000000
   -1   -1   -2   1.21856        -1   -1   -2   1.21856       -0.0308563988  -0.0000000000
   -1    0   -1   1.21856        -1    0   -1   1.21856       -0.0308563988  -0.0000000000
    0   -1    0   1.21856         0   -1    0   1.21856       -0.0308563988  -0.0000000000
    1    0    0   1.21856         1    0    0   1.21856       -0.0308563988  -0.0000000000
   -1   -2   -2   1.96844        -1   -2   -2   1.96844       -0.0267252046  -0.0000000000
   -1   -2   -1   1.96844        -1   -2   -1   1.96844       -0.0267252046   0.0000000000
   -1   -1    0   1.96844        -1   -1    0   1.96844       -0.0267252046  -0.0000000000
   -1    0    0   1.96844        -1    0    0   1.96844       -0.0267252046  -0.0000000000
    0   -1   -2   1.96844         0   -1   -2   1.96844       -0.0267252046  -0.0000000000
    0    1    0   1.96844         0    1    0   1.96844       -0.0267252046  -0.0000000000
    1    0   -1   1.96844         1    0   -1   1.96844       -0.0267252046   0.0000000000
    1    1    0   1.96844         1    1    0   1.96844       -0.0267252046   0.0000000000
   -2   -2   -2   2.71833        -2   -2   -2   2.71833       -0.0218185397   0.0000000000
   -2   -1   -2   2.71833        -2   -1   -2   2.71833       -0.0215884660   0.0000000000


             g                   gp         inverse epsilon           nspin= 1
        -1   -1   -1        -1   -1   -1        0.40238658   0.00000000
         0   -1   -1        -1   -1   -1       -0.02737155  -0.00000000
         0   -1   -1         0   -1   -1        0.40238658  -0.00000000
         0    0   -1         0   -1   -1       -0.02737155  -0.00000000
         0    0   -1         0    0   -1        0.40238658  -0.00000000
         0    0    0         0    0   -1       -0.02737155   0.00000000
         0    0    0         0    0    0        0.40238658  -0.00000000
        -1   -1   -2         0    0    0       -0.01370530  -0.00000000
        -1   -1   -2        -1   -1   -2        0.64039146  -0.00000000
        -1    0   -1        -1   -1   -2       -0.00000000   0.00000000
        -1    0   -1        -1    0   -1        0.64039146  -0.00000000
         0   -1    0        -1    0   -1        0.00096855   0.00000000
         0   -1    0         0   -1    0        0.64039146  -0.00000000
         1    0    0         0   -1    0       -0.00000000   0.00000000
         1    0    0         1    0    0        0.64039146  -0.00000000
        -1   -2   -2         1    0    0        0.01619322   0.00000000
        -1   -2   -2        -1   -2   -2        0.76816154  -0.00000000
        -1   -2   -1        -1   -2   -2       -0.04088145  -0.00000000
        -1   -2   -1        -1   -2   -1        0.76816154   0.00000000
        -1   -1    0        -1   -2   -1        0.00276469  -0.00000000
        -1   -1    0        -1   -1    0        0.76816154  -0.00000000
        -1    0    0        -1   -1    0       -0.04088145  -0.00000000
        -1    0    0        -1    0    0        0.76816154  -0.00000000
         0   -1   -2        -1    0    0        0.00000000  -0.00000000
         0   -1   -2         0   -1   -2        0.76816154  -0.00000000
         0    1    0         0   -1   -2       -0.00357599  -0.00000000
         0    1    0         0    1    0        0.76816154  -0.00000000
         1    0   -1         0    1    0        0.00462537   0.00000000
         1    0   -1         1    0   -1        0.76816154  -0.00000000
         1    1    0         1    0   -1       -0.00276469  -0.00000000
         1    1    0         1    1    0        0.76816154   0.00000000
        -2   -2   -2         1    1    0        0.01596439   0.00000000
        -2   -2   -2        -2   -2   -2        0.85114826   0.00000000
        -2   -1   -2        -2   -2   -2       -0.03692299   0.00000000
        -2   -1   -2        -2   -1   -2        0.84856840   0.00000000
        -1   -3   -3        -2   -1   -2        0.00012839  -0.00000000
