
 frequency_dependence   1

 band_index     1    37
 sigma_matrix     0   0

 finite_difference_form   2
 finite_difference_spacing  1.000000

 symmetries
 ntran  =  8
 mtrx01 =  1  0  0  0  1  0  0  0  1
 mtrx02 =  1  0  0  0 -1  0  0  0 -1
 mtrx03 =  1  0  0  0  0  1  0 -1  0
 mtrx04 =  1  0  0  0  0 -1  0  1  0
 mtrx05 =  1  0  0  0  1  0  0  0 -1
 mtrx06 =  1  0  0  0 -1  0  0  0  1
 mtrx07 =  1  0  0  0  0 -1  0 -1  0
 mtrx08 =  1  0  0  0  0  1  0  1  0
 
       k =  0.000000  0.000000  0.000000 ik =   1 spin = 1

   n         Emf          Eo           X        SX-X          CH         Sig         Vxc        Eqp0        Eqp1       Znk
   1  -28.702646  -28.702646  -33.268529   12.353415   -6.690632  -27.605746  -20.559564  -35.748828  -34.547042    0.829441
   2  -13.613254  -13.613254  -27.116298    9.183258   -6.642674  -24.575715  -18.816280  -19.372689  -18.784718    0.897912
   3  -11.536511  -11.536511  -23.315977    6.719705   -6.054734  -22.651006  -17.576890  -16.610627  -16.150649    0.909348
   4  -11.536511  -11.536511  -23.315977    6.719705   -6.054734  -22.651006  -17.576890  -16.610627  -16.150649    0.909348
   5   -8.555236   -8.555236  -19.427713    5.755636   -5.522897  -19.194974  -13.801186  -13.949025  -13.479441    0.912940
   6   -1.640096   -1.640096   -7.571723    4.250297   -5.496314   -8.817740  -13.752089    3.294254    2.926449    0.925460
   7   -1.640096   -1.640096   -7.571723    4.250297   -5.496314   -8.817740  -13.752089    3.294254    2.926449    0.925460
   8   -0.064659   -0.064659   -0.579654    0.269511   -0.501640   -0.811782   -1.800654    0.924213    0.914568    0.990247
   9    2.361340    2.361340   -0.443742    0.186018   -0.520633   -0.778357   -2.072196    3.655178    3.640100    0.988346
  10    2.530047    2.530047   -0.120256    0.037537   -0.259499   -0.342218   -1.325386    3.513215    3.506308    0.992975
  11    2.703084    2.703084   -0.487755    0.199632   -0.609635   -0.897758   -2.181560    3.986886    3.970052    0.986887
  12    2.703084    2.703084   -0.487755    0.199632   -0.609635   -0.897758   -2.181560    3.986886    3.970052    0.986887
  13    2.786619    2.786619   -0.434790    0.204519   -0.476159   -0.706431   -1.828668    3.908856    3.897318    0.989719
  14    3.655465    3.655465   -0.621542    0.303716   -0.600213   -0.918039   -1.882239    4.619665    4.608859    0.988793
  15    4.851031    4.851031   -0.347423    0.123419   -0.599033   -0.823037   -2.374770    6.402763    6.379564    0.985049
  16    5.524158    5.524158   -0.481574    0.221767   -0.519441   -0.779248   -1.854713    6.599624    6.588363    0.989529
  17    5.548108    5.548108   -0.531150    0.229576   -0.604207   -0.905780   -2.283102    6.925430    6.905893    0.985815
  18    5.548108    5.548108   -0.531150    0.229576   -0.604207   -0.905780   -2.283102    6.925430    6.905893    0.985815
  19    5.697400    5.697400   -0.110014    0.040841   -0.230431   -0.299604   -1.119372    6.517167    6.512210    0.993952
  20    5.726689    5.726689   -0.144625    0.057184   -0.256975   -0.344416   -1.283295    6.665567    6.658779    0.992769
  21    5.726689    5.726689   -0.144625    0.057184   -0.256975   -0.344416   -1.283295    6.665567    6.658779    0.992769
  22    5.732706    5.732706   -0.036793    0.005860   -0.178886   -0.209819   -1.060755    6.583641    6.578638    0.994120
  23    6.092096    6.092096   -0.671111    0.335750   -0.707251   -1.042612   -2.273979    7.323464    7.306876    0.986529
  24    6.093239    6.093239   -0.548364    0.257143   -0.797611   -1.088832   -2.413509    7.417917    7.395526    0.983098
  25    6.093239    6.093239   -0.548364    0.257143   -0.797611   -1.088832   -2.413509    7.417917    7.395526    0.983098
  26    7.395022    7.395022   -0.719319    0.364227   -0.794096   -1.149189   -2.278585    8.524419    8.508022    0.985482
  27    8.279990    8.279990   -0.187184    0.071821   -0.368187   -0.483549   -1.617806    9.414247    9.402778    0.989889
  28    8.301430    8.301430   -0.110233    0.028756   -0.366613   -0.448090   -1.575152    9.428491    9.415698    0.988649
  29    8.753935    8.753935   -0.304622    0.128539   -0.422267   -0.598349   -1.655377    9.810963    9.799480    0.989136
  30    8.753935    8.753935   -0.304622    0.128539   -0.422267   -0.598349   -1.655377    9.810963    9.799480    0.989136
  31    8.763122    8.763122   -0.708133    0.371999   -0.794400   -1.130533   -2.424799   10.057387   10.038151    0.985137
  32    9.043543    9.043543   -0.239678    0.102400   -0.472668   -0.609946   -1.691420   10.125017   10.111863    0.987837
  33    9.043543    9.043543   -0.239678    0.102400   -0.472668   -0.609946   -1.691420   10.125017   10.111863    0.987837
  34    9.480020    9.480020   -0.471710    0.241888   -0.620053   -0.849874   -2.127966   10.758111   10.741803    0.987240
  35    9.959716    9.959716   -0.813574    0.373001   -1.163980   -1.604553   -3.659756   12.014919   11.965952    0.976174
  36   11.188027   11.188027   -0.925599    0.444773   -1.014696   -1.495521   -3.264770   12.957275   12.920272    0.979085
  37   11.735140   11.735140   -0.512618    0.237446   -0.750375   -1.025547   -2.504535   13.214128   13.187385    0.981918
 

================================================================================

    n = band index.
  Emf = "inner" mean-field energy eigenvalue used to construct Sigma(E),
        read from WFN_inner.
   Eo = "outer" mean-field energy eigenvalue where we center the evaluation
        frequency grid {E} of Sigma(E). Defaults to Emf, unless
        you use WFN_outer and eqp_outer.dat / scissors_outer.
  Vxc = exchange-correlation pot., calculated from VXC or read from vxc.dat.
    X = bare exchange.
   SX = screened exchange contrib. to Sigma(E) at energy E=Eo
   CH = Coulomb hole contrib. to Sigma(E) at energy E=Eo
  Cor = SX-X + CH = correlation portion of Sigma(E) at energy E=Eo.
  Sig = X + Cor = self energy, Sigma(E), at energy E=Eo.
 Eqp0 = on-shell QP energy = Emf - Vxc + Sig(Eo)
        Eqp0 is *not* the recommended quantity to use for QP properties.
 Eqp1 = off-shell solution to the linearized  Dyson`s equation
      = Eqp0 + (dSig/dE) / (1 - dSig/dE) * (Eqp0 - Eo),
        or a full linear interpolation if more freq. points where computed.
        Eqp1 is the recommended quantity to use for QP properties.
  Znk = quasiparticle renormalization factor

 Notes on the finite_difference_form from sigma.inp file:
   none    : -2 => dSig/dE = 0 (skip the expansion)
   backward: -1 => dSig/dE = (Sig(Eo) - Sig(Eo-dE)) / dE
   central :  0 => dSig/dE = (Sig(Eo+dE) - Sig(Eo-dE)) / (2*dE)
   forward :  1 => dSig/dE = (Sig(Eo+dE) - Sig(Eo)) / dE
   default :  2 => forward for diagonal and none for off-diagonal
   dE is finite_difference_spacing from Sigma.inp file.
   We are using the form #2 with dE = 1.000 eV.

 General notes:
 - All energies are reported here in eV.
 - Both Emf and Vxc contain the average pot. Vxc0, so Vxc0 doesn`t affect Sigma.
 - Eqp1 and Eqp0 are Eqs. (36-37) from Hybertsen & Louie PRB 34 5390.
 - We recommend you use Eqp1 for QP properties of materials.

================================================================================

