
 frequency_dependence   1

 band_index    61    69
 sigma_matrix     0   0

 finite_difference_form   2
 finite_difference_spacing  1.000000

 symmetries
 ntran  =  4
 mtrx01 =  1  0  0  0  1  0  0  0  1
 mtrx02 = -1  0  0  0 -1  0  0  0  1
 mtrx03 =  1  0  0 -1 -1  0  0  0  1
 mtrx04 = -1  0  0  1  1  0  0  0  1
 
       k =  0.000000  0.000000  0.000000 ik =   1 spin = 1

   n         Emf          Eo           X        SX-X          CH         Sig         Vxc        Eqp0        Eqp1         CH`        Sig`       Eqp0`       Eqp1`         Znk
  61   -3.490417   -3.490417  -14.284094    7.047097   -6.692430  -13.929427  -13.927094   -3.492751   -3.492448   -5.785742  -13.022738   -2.586062   -2.703393    0.870259
  62   -3.489540   -3.489540  -14.282933    7.040870   -6.686657  -13.928720  -13.926875   -3.491385   -3.491145   -5.778861  -13.020924   -2.583589   -2.701098    0.870292
  63   -3.076855   -3.076855  -14.015797    6.761229   -6.555210  -13.809778  -13.876047   -3.010586   -3.019146   -5.620709  -12.875277   -2.076085   -2.205352    0.870832
  64   -3.075492   -3.075492  -14.015523    6.765653   -6.558836  -13.808705  -13.874938   -3.009260   -3.017825   -5.625350  -12.875219   -2.075774   -2.205056    0.870682
  65   -2.493105   -2.493105   -9.449990    4.524157   -6.583996  -11.509829  -13.495614   -0.507321   -0.768923   -5.661301  -10.587134    0.415374    0.032219    0.868263
  66   -2.091434   -2.091434   -9.735383    4.643651   -6.610818  -11.702550  -13.725996   -0.067988   -0.334706   -5.629673  -10.721405    0.913157    0.517111    0.868186
  67   -2.090176   -2.090176   -9.734877    4.643517   -6.611910  -11.703270  -13.725569   -0.067877   -0.334754   -5.631048  -10.722407    0.912986    0.516667    0.868033
  68   -1.940017   -1.940017  -10.682553    5.270940   -6.651628  -12.063241  -13.976916   -0.026343   -0.277078   -5.638673  -11.050285    0.986613    0.603158    0.868977
  69   -1.936120   -1.936120  -10.681771    5.277350   -6.656630  -12.061052  -13.975625   -0.021546   -0.271753   -5.644273  -11.048694    0.990812    0.608305    0.869315
 
       k =  0.000000  0.000000  0.125000 ik =   2 spin = 1

   n         Emf          Eo           X        SX-X          CH         Sig         Vxc        Eqp0        Eqp1         CH`        Sig`       Eqp0`       Eqp1`         Znk
  61   -4.206938   -4.206938  -14.871002    7.491142   -6.594082  -13.973942  -13.801342   -4.379539   -4.356655   -5.731454  -13.111314   -3.516911   -3.608397    0.867417
  62   -4.205746   -4.205746  -14.870115    7.486169   -6.589330  -13.973276  -13.800892   -4.378129   -4.355266   -5.725856  -13.109802   -3.514655   -3.606312    0.867374
  63   -3.434287   -3.434287  -14.573566    7.184442   -6.602048  -13.991173  -13.944703   -3.480756   -3.474683   -5.686259  -13.075384   -2.564967   -2.678589    0.869298
  64   -3.432994   -3.432994  -14.572920    7.182394   -6.600893  -13.991418  -13.944221   -3.480190   -3.474031   -5.684255  -13.074780   -2.563552   -2.677013    0.869501
  65   -1.830366   -1.830366   -9.272459    4.388492   -6.711002  -11.594970  -13.686473    0.261138   -0.019965   -5.741838  -10.625805    1.230302    0.818942    0.865598
  66   -1.426273   -1.426273   -9.459901    4.437653   -6.717714  -11.739962  -13.886747    0.720512    0.431515   -5.692535  -10.714783    1.745691    1.318685    0.865381
  67   -1.424204   -1.424204   -9.464286    4.442424   -6.719674  -11.741536  -13.885725    0.719985    0.430876   -5.694944  -10.716807    1.744714    1.317438    0.865166
  68   -1.411360   -1.411360  -10.136958    4.945564   -6.652207  -11.843601  -13.840377    0.585416    0.324408   -5.636044  -10.827439    1.601578    1.207743    0.869286
  69   -1.411160   -1.411160  -10.141596    4.946226   -6.648312  -11.843683  -13.839948    0.585105    0.324775   -5.630602  -10.825973    1.602815    1.209766    0.869591
 
       k =  0.000000  0.000000  0.250000 ik =   3 spin = 1

   n         Emf          Eo           X        SX-X          CH         Sig         Vxc        Eqp0        Eqp1         CH`        Sig`       Eqp0`       Eqp1`         Znk
  61   -4.885743   -4.885743  -15.796893    8.103669   -6.442486  -14.135709  -13.726535   -5.294917   -5.238999   -5.625603  -13.318826   -4.478034   -4.533751    0.863340
  62   -4.885541   -4.885541  -15.796548    8.117040   -6.456053  -14.135560  -13.726203   -5.294898   -5.238892   -5.638673  -13.318181   -4.477519   -4.533342    0.863187
  63   -4.162611   -4.162611  -15.309207    7.747246   -6.580046  -14.142007  -13.906426   -4.398192   -4.366730   -5.708897  -13.270858   -3.527043   -3.611924    0.866449
  64   -4.161996   -4.161996  -15.309021    7.747300   -6.579573  -14.141293  -13.906187   -4.397102   -4.365643   -5.709358  -13.271078   -3.526887   -3.611870    0.866192
  65   -0.864034   -0.864034   -9.233177    4.330704   -6.502007  -11.404479  -13.513326    1.244812    0.968284   -5.478916  -10.381388    2.267903    1.857219    0.868872
  66   -0.863293   -0.863293   -9.232161    4.330422   -6.501872  -11.403611  -13.512792    1.245888    0.969947   -5.477368  -10.379107    2.270392    1.860417    0.869172
  67   -0.672891   -0.672891   -8.688473    3.962228   -6.854244  -11.580490  -13.881722    1.628341    1.308299   -5.815397  -10.541642    2.667189    2.202670    0.860926
  68   -0.230191   -0.230191   -8.784770    3.952851   -6.853102  -11.685021  -14.059613    2.144401    1.810615   -5.757657  -10.589577    3.239845    2.752078    0.859434
  69   -0.230152   -0.230152   -8.785384    3.951766   -6.850181  -11.683799  -14.059717    2.145766    1.812525   -5.754313  -10.587931    3.241634    2.754688    0.859742
 
       k =  0.000000  0.000000  0.375000 ik =   4 spin = 1

   n         Emf          Eo           X        SX-X          CH         Sig         Vxc        Eqp0        Eqp1         CH`        Sig`       Eqp0`       Eqp1`         Znk
  61   -4.960950   -4.960950  -15.835724    8.160286   -6.503934  -14.179372  -13.774692   -5.365630   -5.310071   -5.686627  -13.362065   -4.548323   -4.604973    0.862709
  62   -4.960640   -4.960640  -15.835895    8.161109   -6.503570  -14.178356  -13.774564   -5.364432   -5.308880   -5.686930  -13.361716   -4.547792   -4.604590    0.862424
  63   -4.728730   -4.728730  -15.904568    8.175447   -6.522602  -14.251723  -13.858170   -5.122283   -5.068522   -5.690237  -13.419357   -4.289917   -4.349861    0.863396
  64   -4.728317   -4.728317  -15.904660    8.164412   -6.511527  -14.251775  -13.858224   -5.121869   -5.068189   -5.679796  -13.420044   -4.290138   -4.349905    0.863601
  65   -0.493194   -0.493194   -8.439996    3.838713   -6.320179  -10.921462  -13.088607    1.673951    1.394680   -5.303885   -9.905168    2.690245    2.280008    0.871134
  66   -0.493038   -0.493038   -8.440641    3.828388   -6.308189  -10.920442  -13.089072    1.675592    1.396061   -5.292887   -9.905141    2.690894    2.280493    0.871103
  67   -0.211173   -0.211173   -8.558583    3.873496   -6.412530  -11.097617  -13.312342    2.003552    1.711661   -5.368107  -10.053194    3.047975    2.618433    0.868204
  68   -0.208858   -0.208858   -8.557466    3.873779   -6.412577  -11.096264  -13.310758    2.005635    1.714230   -5.367001  -10.050687    3.051212    2.622219    0.868410
  69    0.446075    0.446075   -8.163285    3.610705   -6.932182  -11.484762  -13.969999    2.931312    2.580946   -5.827136  -10.379716    4.036358    3.530204    0.859021
 
       k =  0.000000  0.000000  0.500000 ik =   5 spin = 1

   n         Emf          Eo           X        SX-X          CH         Sig         Vxc        Eqp0        Eqp1         CH`        Sig`       Eqp0`       Eqp1`         Znk
  61   -5.693545   -5.693545  -16.237691    8.463614   -6.414152  -14.188229  -13.641280   -6.240493   -6.163096   -5.645385  -13.419462   -5.471726   -5.503115    0.858494
  62   -5.692681   -5.692681  -16.237525    8.473726   -6.425103  -14.188901  -13.640973   -6.240609   -6.163339   -5.656029  -13.419827   -5.471535   -5.502722    0.858978
  63   -4.658720   -4.658720  -15.969623    8.200626   -6.543729  -14.312726  -13.926623   -5.044823   -4.992174   -5.704622  -13.473618   -4.205715   -4.267488    0.863639
  64   -4.657456   -4.657456  -15.969274    8.210505   -6.554009  -14.312779  -13.926036   -5.044199   -4.991410   -5.714261  -13.473031   -4.204451   -4.266284    0.863505
  65   -0.674208   -0.674208   -8.356764    3.778852   -6.221601  -10.799514  -12.933535    1.459813    1.187344   -5.227150   -9.805063    2.454264    2.054825    0.872321
  66   -0.673377   -0.673377   -8.356139    3.789813   -6.234268  -10.800594  -12.932926    1.458955    1.186643   -5.238792   -9.805118    2.454431    2.054991    0.872294
  67    0.537913    0.537913   -8.080374    3.536425   -6.386570  -10.930519  -13.263229    2.870622    2.560141   -5.303477   -9.847427    3.953714    3.499076    0.866901
  68    0.538707    0.538707   -8.079280    3.535094   -6.387095  -10.931281  -13.261515    2.868940    2.558159   -5.305323   -9.849510    3.950712    3.495655    0.866631
  69    0.538848    0.538848   -8.079027    3.543748   -6.395724  -10.931003  -13.261402    2.869246    2.558683   -5.313405   -9.848684    3.951565    3.496766    0.866734
 
       k =  0.000000  0.000000  0.625000 ik =   6 spin = 1

   n         Emf          Eo           X        SX-X          CH         Sig         Vxc        Eqp0        Eqp1         CH`        Sig`       Eqp0`       Eqp1`         Znk
  61   -4.960950   -4.960950  -15.835724    8.160172   -6.503917  -14.179469  -13.774692   -5.365727   -5.310156   -5.686574  -13.362126   -4.548384   -4.605025    0.862710
  62   -4.960640   -4.960640  -15.835895    8.161002   -6.503560  -14.178453  -13.774564   -5.364529   -5.308964   -5.686885  -13.361778   -4.547853   -4.604642    0.862425
  63   -4.728730   -4.728730  -15.904568    8.175529   -6.522641  -14.251679  -13.858170   -5.122240   -5.068484   -5.690282  -13.419320   -4.289881   -4.349830    0.863395
  64   -4.728317   -4.728317  -15.904660    8.164457   -6.511528  -14.251731  -13.858224   -5.121825   -5.068151   -5.679804  -13.420007   -4.290101   -4.349874    0.863600
  65   -0.493194   -0.493194   -8.439996    3.838692   -6.320201  -10.921505  -13.088607    1.673908    1.394642   -5.303897   -9.905201    2.690213    2.279980    0.871134
  66   -0.493038   -0.493038   -8.440641    3.828335   -6.308179  -10.920486  -13.089072    1.675549    1.396024   -5.292867   -9.905173    2.690862    2.280466    0.871103
  67   -0.211173   -0.211173   -8.558583    3.873637   -6.412583  -11.097529  -13.312342    2.003640    1.711735   -5.368193  -10.053140    3.048029    2.618477    0.868203
  68   -0.208858   -0.208858   -8.557466    3.873850   -6.412561  -11.096177  -13.310758    2.005723    1.714304   -5.367017  -10.050633    3.051267    2.622263    0.868409
  69    0.446075    0.446075   -8.163285    3.610886   -6.932265  -11.484664  -13.969999    2.931409    2.581027   -5.827265  -10.379665    4.036409    3.530244    0.859020
 
       k =  0.000000  0.000000  0.750000 ik =   7 spin = 1

   n         Emf          Eo           X        SX-X          CH         Sig         Vxc        Eqp0        Eqp1         CH`        Sig`       Eqp0`       Eqp1`         Znk
  61   -4.885743   -4.885743  -15.796893    8.103699   -6.442442  -14.135635  -13.726535   -5.294843   -5.238935   -5.625566  -13.318759   -4.477967   -4.533693    0.863339
  62   -4.885541   -4.885541  -15.796548    8.117111   -6.456049  -14.135486  -13.726203   -5.294824   -5.238828   -5.638677  -13.318114   -4.477452   -4.533284    0.863186
  63   -4.162611   -4.162611  -15.309207    7.747103   -6.579972  -14.142076  -13.906426   -4.398261   -4.366790   -5.708786  -13.270890   -3.527075   -3.611951    0.866450
  64   -4.161996   -4.161996  -15.309021    7.747176   -6.579518  -14.141362  -13.906187   -4.397171   -4.365703   -5.709267  -13.271111   -3.526920   -3.611897    0.866193
  65   -0.864034   -0.864034   -9.233177    4.330826   -6.502057  -11.404407  -13.513326    1.244884    0.968344   -5.478995  -10.381346    2.267945    1.857252    0.868871
  66   -0.863293   -0.863293   -9.232161    4.330600   -6.501978  -11.403539  -13.512792    1.245960    0.970007   -5.477503  -10.379064    2.270435    1.860451    0.869170
  67   -0.672891   -0.672891   -8.688473    3.962384   -6.854273  -11.580362  -13.881722    1.628469    1.308406   -5.815476  -10.541565    2.667266    2.202732    0.860924
  68   -0.230191   -0.230191   -8.784770    3.953087   -6.853197  -11.684880  -14.059613    2.144542    1.810732   -5.757805  -10.589488    3.239934    2.752148    0.859433
  69   -0.230152   -0.230152   -8.785384    3.952039   -6.850313  -11.683658  -14.059717    2.145907    1.812643   -5.754498  -10.587843    3.241722    2.754760    0.859741
 
       k =  0.000000  0.000000  0.875000 ik =   8 spin = 1

   n         Emf          Eo           X        SX-X          CH         Sig         Vxc        Eqp0        Eqp1         CH`        Sig`       Eqp0`       Eqp1`         Znk
  61   -4.206938   -4.206938  -14.871002    7.490950   -6.594014  -13.974065  -13.801342   -4.379662   -4.356762   -5.731339  -13.111390   -3.516987   -3.608461    0.867419
  62   -4.205746   -4.205746  -14.870115    7.485952   -6.589236  -13.973398  -13.800892   -4.378252   -4.355373   -5.725715  -13.109878   -3.514731   -3.606376    0.867376
  63   -3.434287   -3.434287  -14.573566    7.184407   -6.602025  -13.991184  -13.944703   -3.480768   -3.474693   -5.686208  -13.075367   -2.564950   -2.678574    0.869299
  64   -3.432994   -3.432994  -14.572920    7.182381   -6.600891  -13.991429  -13.944221   -3.480201   -3.474041   -5.684225  -13.074763   -2.563535   -2.676997    0.869503
  65   -1.830366   -1.830366   -9.272459    4.388658   -6.711026  -11.594828  -13.686473    0.261280   -0.019845   -5.741909  -10.625710    1.230397    0.819020    0.865596
  66   -1.426273   -1.426273   -9.459901    4.437873   -6.717785  -11.739813  -13.886747    0.720661    0.431641   -5.692652  -10.714680    1.745794    1.318770    0.865380
  67   -1.424204   -1.424204   -9.464286    4.442649   -6.719750  -11.741388  -13.885725    0.720133    0.431002   -5.695068  -10.716705    1.744816    1.317522    0.865165
  68   -1.411360   -1.411360  -10.136958    4.945562   -6.652175  -11.843571  -13.840377    0.585445    0.324431   -5.636037  -10.827433    1.601584    1.207744    0.869284
  69   -1.411160   -1.411160  -10.141596    4.946281   -6.648338  -11.843654  -13.839948    0.585134    0.324797   -5.630652  -10.825968    1.602820    1.209767    0.869590
 

================================================================================

    n = band index.
  Emf = "inner" mean-field energy eigenvalue used to construct Sigma(E),
        read from WFN_inner.
   Eo = "outer" mean-field energy eigenvalue where we center the evaluation
        frequency grid {E} of Sigma(E). Defaults to Emf, unless
        you use WFN_outer and eqp_outer.dat / scissors_outer.
  Vxc = exchange-correlation pot., calculated from VXC or read from vxc.dat.
    X = bare exchange.
   SX = screened exchange contrib. to Sigma(E) at energy E=Eo
   CH = Coulomb hole contrib. to Sigma(E) at energy E=Eo
  Cor = SX-X + CH = correlation portion of Sigma(E) at energy E=Eo.
  Sig = X + Cor = self energy, Sigma(E), at energy E=Eo.
 Eqp0 = Emf - Vxc + Sig(Eo)
        (Eqp0 is the on-shell QP energy, not recommended for direct usage)
 Eqp1 = Eqp0 + (dSig/dE) / (1 - dSig/dE) * (Eqp0 - Eo)
        (Eqp1 is the off-shell QP energy obtained by solving the linearized
         Dyson`s equation, and is the recommended quantity for QP properties.)
  Znk = quasiparticle renormalization factor

 Notes on the static remainder:
 - Unprimed values, such as Eqp0, are evaluated WITH the static remainder
 - Primed values, such as Eqp0`, are evaluated WITHOUT the static remainder

 Notes on the finite_difference_form from sigma.inp file:
   none    : -2 => dSig/dE = 0 (skip the expansion)
   backward: -1 => dSig/dE = (Sig(Eo) - Sig(Eo-dE)) / dE
   central :  0 => dSig/dE = (Sig(Eo+dE) - Sig(Eo-dE)) / (2*dE)
   forward :  1 => dSig/dE = (Sig(Eo+dE) - Sig(Eo)) / dE
   default :  2 => forward for diagonal and none for off-diagonal
   dE is finite_difference_spacing from Sigma.inp file.
   We are using the form #2 with dE = 1.000 eV.

 General notes:
 - All energies are reported here in eV.
 - Both Emf and Vxc contain the average pot. Vxc0, so Vxc0 doesn`t affect Sigma.
 - Eqp1 and Eqp0 are Eqs. (36-37) from Hybertsen & Louie PRB 34 5390.
 - We recommend you use Eqp1 for QP properties of materials.

================================================================================

