
 BerkeleyGW trunk revision 7012
 Epsilon code, Complex version, run on 26-Apr-2016 at 15:42:16 -0700

                                                                 ..o.          
                                                                .oxxo.         
                                                               .oxxxxo...      
                                                               oxxxxxxo.       
                                                              .oxxxxxxx.       
                                                              .ooooooxxo..     
                                                              .oooooooxo..     
                                                              .oooooxxo...     
                                                       .........oxooo......    
                                                 ............................  
                                             ................................. 
                                          .................................... 
           .          ..oo. ....  .................................oooxxxxxxxo.
     .............oxxxx@ox@@@x@x.....................o...........ooooooooooxx. 
    .o.........oox@x.oo........xxx@@............ooxxxxo..........ooooxxxxxoxo  
    .x........x@xxo...............o@xxo........oxxx@@@xoooooooooooooooxxxo...  
    .o......ox@@o..................oox@o.....ooxxx@xoooxxxxxxxoooooooooooo.... 
    o..ooooo@@xoooo....ooo...........x@o.....ooxxxxo   .oxxxxxxxxxxooooooo.... 
    . .oooo@@@@@@@@@@@@@@@@@@@@@@@@@@@@@@....ooooox.     .oxx@@@@@xxoo........ 
      .ooooxxxxxxxooooooxooooooooooooooxo...oooooxx.        ..ox@xxxoo.........
      .ooooooxxxx@xoooooooooooooxxoooooooooooxxxxx.            .oxxooooooooxxo.
     .oooooxxxxx@@@xxxxxxxxxxxxxxxxxxxxxxxxoxxxxo.                .oxxxxxxxxo. 
   ....oooxxxxx@@@xo..oxxx@@@@@@xxxxoxxoooooooxx.                  .oxxxoo..   
  .....ooxxxx@@xo.       ........    .ooooooooxxo                              
  ..oooxxxx@@@o                       .oooooooxoo.                             
  ....oxooxxxxx.                       .ooo..oooo.                             
  .....o.ooxxxxxo.                     .oooooooxo.                             
 ......ooooxxxxxxo.                     .ooooooxoo..                           
........ooxxxxxxxo..                     .o....oxoo...                         
.......ooooxxxxxxxo.                     ........oooo.                         
.ooooooo..ooxxxxoooo.                    .........ooo...                       
..oxo...ooooxxxoooo..                    .ooo......oooo...                     
  .ooooo....o.                            .oxxxoo....ooo....                   
    .oooooo...                              ...ooooo...ooo..                   
       ...                                     .oo.......                      
                                               ....ooo...                      
                      __              __                                       
 ______              [  |            [  |                 ._____  _          _ 
|_   _ \              | |  _          | |                /  ___ \| |        | |
  | |_) | .---.  _. _.| | / |  .---.  | | .---.  _    _ / /    \_|\ \  /\  / / 
  |  __'./ /__\\[ /`\_| '' <  / /__\\ | |/ /__\\| \  | | |   _____ \ \/  \/ /  
 _| |__| | \__. | |   | |`\ \ | \___. | || \___. \ \/ / \ \.___| |  \  /\  /   
|_______/ \.__./[_]  [__|  \_] \.__./[___]\.__./  \  /   \.____./    \/  \/    
                                                  / /                          
                                                 /_/                           
--------------------------------------------------------------------------------
 Please cite the following papers when using results from BerkeleyGW:

 Jack Deslippe, Georgy Samsonidze, David A. Strubbe, Manish Jain, Marvin L.
 Cohen, and Steven G. Louie, "BerkeleyGW: A Massively Parallel Computer Package
 for the Calculation of the Quasiparticle and Optical Properties of Materials
 and Nanostructures," Comput. Phys. Commun. 183, 1269 (2012)

 Mark S. Hybertsen and Steven G. Louie, "Electron correlation in semiconductors
 and insulators: Band gaps and quasiparticle energies," Phys. Rev. B 34, 5390
 (1986)

 Michael Rohlfing and Steven G. Louie, "Electron-hole excitations and optical
 spectra from first principles," Phys. Rev. B 62, 4927 (2000)
--------------------------------------------------------------------------------

 Running MPI version (parallel)
 Running with 32 MPI task(s)
 Using OpenMP. Number of threads per MPI task: 1

 Compilation flags:
 - Compiler: INTEL
 - Para. flags: MPI, OMP
 - Math  flags: USESCALAPACK, UNPACKED, USEFFTW3, HDF5
 - Debug flags: 

 We will start a new calculation from scratch.

 Experimental Features:
  - FFTs Optimization Level:   0
  - Frequency groups: 1
  - Use HDF5 Parallel IO:   F

 
 We`ll perform a uniform sampling of the full BZ.
 
 Computing the static inverse dielectric matrix

 We are using matrix communication scheme

 We are communicating via MPI

 We are using a truncated Coulomb interaction: Cell Wire

 Reading header of WFN
 Highest occupied band (unshifted grid) = 64
 Valence max    (unshifted grid) = -3.075492 eV
 Conduction min (unshifted grid) = -2.493105 eV
 Middle energy  (unshifted grid) = -2.784299 eV
 Fermi  energy  (unshifted grid) = -2.784299 eV

 Reading header of WFNq
 Highest occupied band (shifted grid) = 64

 Calculation parameters:
 - Cutoff of the dielectric matrix (Ry): 6.00
 - Total number of bands in the calculation: 132
 - Number of fully occupied valence bands: 64
 - Number of partially occ. conduction bands: 0
 - Monkhorst-Pack q-grid for epsilon(q): 1 1 8
 
 Running with 4 valence pools
 Number of conduction bands per processor: 9
 Number of valence bands per processor: 16

 Memory available: 3927.3 MB per PE
 Memory required for execution: 247.6 MB per PE
 Memory required for vcoul: 64.4 MB per PE

 Number of electrons per unit cell (from ifmax) = 128.000000
 Number of electrons per unit cell (from occupations) = 128.000000
 Plasma Frequency = .763356 Ry

 
 Started reading wavefunctions (WFN) with 1056 state(s) at 15:42:16.
 [ 15:42:16 |   0% ] state    1 / 1056.
 [ 15:42:16 |   0% ] state    3 / 1056, remaining: 2 s.
 [ 15:42:17 |  10% ] state  106 / 1056, remaining: 1 s.
 [ 15:42:17 |  20% ] state  212 / 1056, remaining: 1 s.
 [ 15:42:17 |  30% ] state  317 / 1056, remaining: 1 s.
 [ 15:42:17 |  40% ] state  423 / 1056, remaining: 1 s.
 [ 15:42:17 |  50% ] state  528 / 1056, remaining: 0 s.
 [ 15:42:17 |  60% ] state  634 / 1056, remaining: 0 s.
 [ 15:42:17 |  70% ] state  740 / 1056, remaining: 0 s.
 [ 15:42:17 |  80% ] state  845 / 1056, remaining: 0 s.
 [ 15:42:17 |  90% ] state  951 / 1056, remaining: 0 s.
 [ 15:42:17 | 100% ] state 1056 / 1056, remaining: 0 s.
 Finished reading wavefunctions (WFN) at 15:42:17.
 Elapsed time: 1 s.
 
 Initializing eps0mat.h5
 Initializing epsmat.h5
 - Screened Coulomb cutoff: 6.000 Ry
 - Total number of bands: 132
 - Number of q-points: 8

 Scissors parameters:
 - Valence:    es =   0.0000 eV, e0 =   0.0000 eV, edel =   0.0000
 - Conduction: es =   0.0000 eV, e0 =   0.0000 eV, edel =   0.0000

 Q0 and |Q0| =  0.000000  0.000000  0.001000  0.000789
 Q  and |Q|  =  0.000000  0.000000  0.125000  0.098563
 Q  and |Q|  =  0.000000  0.000000  0.250000  0.197127
 Q  and |Q|  =  0.000000  0.000000  0.375000  0.295690
 Q  and |Q|  =  0.000000  0.000000  0.500000  0.394253
 Q  and |Q|  =  0.000000  0.000000  0.625000  0.492817
 Q  and |Q|  =  0.000000  0.000000  0.750000  0.591380
 Q  and |Q|  =  0.000000  0.000000  0.875000  0.689943
 
 You have a slightly shifted q0 vector and a semiconductor.
 So, reading from WFNq.
 Reading header of WFNq
 Highest occupied band (shifted grid) = 64
 
 Started reading wavefunctions (WFNq) with 512 state(s) at 15:42:17.
 [ 15:42:17 |   0% ] state   1 / 512.
 [ 15:42:17 |   0% ] state   3 / 512, remaining: 1 s.
 [ 15:42:17 |  10% ] state  52 / 512, remaining: 1 s.
 [ 15:42:18 |  20% ] state 103 / 512, remaining: 0 s.
 [ 15:42:18 |  30% ] state 154 / 512, remaining: 0 s.
 [ 15:42:18 |  40% ] state 205 / 512, remaining: 0 s.
 [ 15:42:18 |  50% ] state 257 / 512, remaining: 0 s.
 [ 15:42:18 |  60% ] state 308 / 512, remaining: 0 s.
 [ 15:42:18 |  70% ] state 359 / 512, remaining: 0 s.
 [ 15:42:18 |  80% ] state 410 / 512, remaining: 0 s.
 [ 15:42:18 |  90% ] state 461 / 512, remaining: 0 s.
 Finished reading wavefunctions (WFNq) at 15:42:18.
 Elapsed time: 0 s.
 

 Crystal k+q WFNs read from WFNq
 Number of k-points in WFN: 8
 Number of k-points in WFNq: 8
 Number of k-points in the full BZ of WFN: 8

================================================================================
 15:42:18   Dealing with q =  0.000000  0.000000  0.001000                 1 / 8
================================================================================

 This is the special q->0 point.
 Rank of the polarizability matrix (nmtx): 2695
 
 BLACS processor grid:   4 x   8; BLOCKSIZE =   32
 
 Number of k-points in the irreducible BZ(q) (nrk): 8

      k-point rk (irr. BZ)     #eq/fBZ
 ----------------------------- -------
  0.000000  0.000000  0.000000       1
  0.000000  0.000000  0.125000       1
  0.000000  0.000000  0.250000       1
  0.000000  0.000000  0.375000       1
  0.000000  0.000000  0.500000       1
  0.000000  0.000000  0.625000       1
  0.000000  0.000000  0.750000       1
  0.000000  0.000000  0.875000       1
 
 Started calculation of matrix elements with 128 transition(s) at 15:42:18.
 [ 15:42:18 |   0% ] transition   1 / 128.
 [ 15:42:18 |   2% ] transition   3 / 128, remaining: 13 s.
 [ 15:42:19 |   9% ] transition  13 / 128, remaining: 12 s.
 [ 15:42:21 |  20% ] transition  26 / 128, remaining: 11 s.
 [ 15:42:22 |  30% ] transition  39 / 128, remaining: 10 s.
 [ 15:42:24 |  40% ] transition  52 / 128, remaining: 9 s.
 [ 15:42:25 |  50% ] transition  65 / 128, remaining: 7 s.
 [ 15:42:27 |  59% ] transition  77 / 128, remaining: 6 s.
 [ 15:42:28 |  70% ] transition  90 / 128, remaining: 4 s.
 [ 15:42:29 |  80% ] transition 103 / 128, remaining: 3 s.
 [ 15:42:31 |  90% ] transition 116 / 128, remaining: 1 s.
 Finished calculation of matrix elements at 15:42:32.
 Elapsed time: 14 s.
 
 Preparing simple convergence tests with 68 unoccupied bands.
 
 Started building polarizability matrix with 32 processor(s) at 15:42:32.
 [ 15:42:32 |   0% ] processor  1 / 32.
 [ 15:42:32 |   6% ] processor  3 / 32, remaining: 4 s.
 [ 15:42:33 |   9% ] processor  4 / 32, remaining: 3 s.
 [ 15:42:33 |  19% ] processor  7 / 32, remaining: 3 s.
 [ 15:42:33 |  28% ] processor 10 / 32, remaining: 3 s.
 [ 15:42:34 |  38% ] processor 13 / 32, remaining: 2 s.
 [ 15:42:34 |  50% ] processor 17 / 32, remaining: 2 s.
 [ 15:42:34 |  59% ] processor 20 / 32, remaining: 2 s.
 [ 15:42:35 |  69% ] processor 23 / 32, remaining: 1 s.
 [ 15:42:35 |  78% ] processor 26 / 32, remaining: 1 s.
 [ 15:42:35 |  88% ] processor 29 / 32, remaining: 0 s.
 Finished building polarizability matrix at 15:42:36.
 Elapsed time: 4 s.
 
 q-pt      1: Head of Epsilon         =    1.002394576893189E+000   0.000000000000000E+000
 q-pt      1: Epsilon(2,2)            =    2.273359025778710E+000   0.000000000000000E+000
 q-pt      1: Head of Epsilon Inverse =    9.976257215349817E-001   4.703297264188231E-023
 q-pt      1: Epsilon Inverse(2,2)    =    7.196510738821706E-001  -1.732238793437760E-019
 
 For q0 points, you should check the symmetry (eps(G,G') = eps*(-G,-G')) by
 using the eps0sym code. Wavefunction convergence, as well as a finite q-shift
 may cause this property of eps(G,G') to be broken.

 Writing dielectric matrix to file
 Ok

================================================================================
 15:42:37   Dealing with q =  0.000000  0.000000  0.125000                 2 / 8
================================================================================

 This is a regular non-zero q-point.
 Rank of the polarizability matrix (nmtx): 2712
 
 BLACS processor grid:   4 x   8; BLOCKSIZE =   32
 
 Number of k-points in the irreducible BZ(q) (nrk): 8

      k-point rk (irr. BZ)     #eq/fBZ
 ----------------------------- -------
  0.000000  0.000000  0.000000       1
  0.000000  0.000000  0.125000       1
  0.000000  0.000000  0.250000       1
  0.000000  0.000000  0.375000       1
  0.000000  0.000000  0.500000       1
  0.000000  0.000000  0.625000       1
  0.000000  0.000000  0.750000       1
  0.000000  0.000000  0.875000       1
 
 Started calculation of matrix elements with 128 transition(s) at 15:42:37.
 [ 15:42:37 |   0% ] transition   1 / 128.
 [ 15:42:37 |   2% ] transition   3 / 128, remaining: 15 s.
 [ 15:42:38 |   9% ] transition  13 / 128, remaining: 13 s.
 [ 15:42:40 |  20% ] transition  26 / 128, remaining: 12 s.
 [ 15:42:41 |  30% ] transition  39 / 128, remaining: 10 s.
 [ 15:42:43 |  40% ] transition  52 / 128, remaining: 9 s.
 [ 15:42:44 |  50% ] transition  65 / 128, remaining: 7 s.
 [ 15:42:46 |  59% ] transition  77 / 128, remaining: 6 s.
 [ 15:42:47 |  70% ] transition  90 / 128, remaining: 4 s.
 [ 15:42:49 |  80% ] transition 103 / 128, remaining: 3 s.
 [ 15:42:50 |  90% ] transition 116 / 128, remaining: 1 s.
 Finished calculation of matrix elements at 15:42:51.
 Elapsed time: 14 s.
 
 Preparing simple convergence tests with 68 unoccupied bands.
 
 Started building polarizability matrix with 32 processor(s) at 15:42:51.
 [ 15:42:51 |   0% ] processor  1 / 32.
 [ 15:42:51 |   6% ] processor  3 / 32, remaining: 3 s.
 [ 15:42:52 |   9% ] processor  4 / 32, remaining: 3 s.
 [ 15:42:52 |  19% ] processor  7 / 32, remaining: 3 s.
 [ 15:42:52 |  28% ] processor 10 / 32, remaining: 2 s.
 [ 15:42:53 |  38% ] processor 13 / 32, remaining: 2 s.
 [ 15:42:53 |  50% ] processor 17 / 32, remaining: 2 s.
 [ 15:42:53 |  59% ] processor 20 / 32, remaining: 1 s.
 [ 15:42:54 |  69% ] processor 23 / 32, remaining: 1 s.
 [ 15:42:54 |  78% ] processor 26 / 32, remaining: 1 s.
 [ 15:42:54 |  88% ] processor 29 / 32, remaining: 0 s.
 Finished building polarizability matrix at 15:42:55.
 Elapsed time: 3 s.
 
 q-pt      2: Head of Epsilon         =    2.749831993074098E+000   0.000000000000000E+000
 q-pt      2: Epsilon(2,2)            =    2.142300816164100E+000   0.000000000000000E+000
 q-pt      2: Head of Epsilon Inverse =    6.093798319635438E-001   7.146840492458159E-021
 q-pt      2: Epsilon Inverse(2,2)    =    7.446648117168733E-001   8.131792579867107E-020

 Writing dielectric matrix to file
 Ok

================================================================================
 15:42:59   Dealing with q =  0.000000  0.000000  0.250000                 3 / 8
================================================================================

 This is a regular non-zero q-point.
 Rank of the polarizability matrix (nmtx): 2760
 
 BLACS processor grid:   4 x   8; BLOCKSIZE =   32
 
 Number of k-points in the irreducible BZ(q) (nrk): 8

      k-point rk (irr. BZ)     #eq/fBZ
 ----------------------------- -------
  0.000000  0.000000  0.000000       1
  0.000000  0.000000  0.125000       1
  0.000000  0.000000  0.250000       1
  0.000000  0.000000  0.375000       1
  0.000000  0.000000  0.500000       1
  0.000000  0.000000  0.625000       1
  0.000000  0.000000  0.750000       1
  0.000000  0.000000  0.875000       1
 
 Started calculation of matrix elements with 128 transition(s) at 15:42:59.
 [ 15:42:59 |   0% ] transition   1 / 128.
 [ 15:43:00 |   2% ] transition   3 / 128, remaining: 15 s.
 [ 15:43:01 |   9% ] transition  13 / 128, remaining: 13 s.
 [ 15:43:02 |  20% ] transition  26 / 128, remaining: 11 s.
 [ 15:43:04 |  30% ] transition  39 / 128, remaining: 10 s.
 [ 15:43:05 |  40% ] transition  52 / 128, remaining: 9 s.
 [ 15:43:07 |  50% ] transition  65 / 128, remaining: 7 s.
 [ 15:43:08 |  59% ] transition  77 / 128, remaining: 6 s.
 [ 15:43:10 |  70% ] transition  90 / 128, remaining: 4 s.
 [ 15:43:11 |  80% ] transition 103 / 128, remaining: 3 s.
 [ 15:43:13 |  90% ] transition 116 / 128, remaining: 1 s.
 Finished calculation of matrix elements at 15:43:14.
 Elapsed time: 15 s.
 
 Preparing simple convergence tests with 68 unoccupied bands.
 
 Started building polarizability matrix with 32 processor(s) at 15:43:14.
 [ 15:43:14 |   0% ] processor  1 / 32.
 [ 15:43:14 |   6% ] processor  3 / 32, remaining: 3 s.
 [ 15:43:14 |   9% ] processor  4 / 32, remaining: 3 s.
 [ 15:43:15 |  19% ] processor  7 / 32, remaining: 3 s.
 [ 15:43:15 |  28% ] processor 10 / 32, remaining: 3 s.
 [ 15:43:15 |  38% ] processor 13 / 32, remaining: 2 s.
 [ 15:43:16 |  50% ] processor 17 / 32, remaining: 2 s.
 [ 15:43:16 |  59% ] processor 20 / 32, remaining: 1 s.
 [ 15:43:16 |  69% ] processor 23 / 32, remaining: 1 s.
 [ 15:43:17 |  78% ] processor 26 / 32, remaining: 1 s.
 [ 15:43:17 |  88% ] processor 29 / 32, remaining: 0 s.
 Finished building polarizability matrix at 15:43:17.
 Elapsed time: 3 s.
 
 q-pt      3: Head of Epsilon         =    2.425883175116110E+000   0.000000000000000E+000
 q-pt      3: Epsilon(2,2)            =    1.949852416158858E+000   0.000000000000000E+000
 q-pt      3: Head of Epsilon Inverse =    7.223042857065316E-001  -1.276637470189841E-019
 q-pt      3: Epsilon Inverse(2,2)    =    7.881628304176496E-001   7.434693997465220E-020

 Writing dielectric matrix to file
 Ok

================================================================================
 15:43:32   Dealing with q =  0.000000  0.000000  0.375000                 4 / 8
================================================================================

 This is a regular non-zero q-point.
 Rank of the polarizability matrix (nmtx): 2748
 
 BLACS processor grid:   4 x   8; BLOCKSIZE =   32
 
 Number of k-points in the irreducible BZ(q) (nrk): 8

      k-point rk (irr. BZ)     #eq/fBZ
 ----------------------------- -------
  0.000000  0.000000  0.000000       1
  0.000000  0.000000  0.125000       1
  0.000000  0.000000  0.250000       1
  0.000000  0.000000  0.375000       1
  0.000000  0.000000  0.500000       1
  0.000000  0.000000  0.625000       1
  0.000000  0.000000  0.750000       1
  0.000000  0.000000  0.875000       1
 
 Started calculation of matrix elements with 128 transition(s) at 15:43:32.
 [ 15:43:32 |   0% ] transition   1 / 128.
 [ 15:43:32 |   2% ] transition   3 / 128, remaining: 14 s.
 [ 15:43:33 |   9% ] transition  13 / 128, remaining: 12 s.
 [ 15:43:35 |  20% ] transition  26 / 128, remaining: 11 s.
 [ 15:43:36 |  30% ] transition  39 / 128, remaining: 10 s.
 [ 15:43:38 |  40% ] transition  52 / 128, remaining: 9 s.
 [ 15:43:39 |  50% ] transition  65 / 128, remaining: 7 s.
 [ 15:43:41 |  59% ] transition  77 / 128, remaining: 6 s.
 [ 15:43:42 |  70% ] transition  90 / 128, remaining: 4 s.
 [ 15:43:44 |  80% ] transition 103 / 128, remaining: 3 s.
 [ 15:43:45 |  90% ] transition 116 / 128, remaining: 2 s.
 Finished calculation of matrix elements at 15:43:46.
 Elapsed time: 15 s.
 
 Preparing simple convergence tests with 68 unoccupied bands.
 
 Started building polarizability matrix with 32 processor(s) at 15:43:46.
 [ 15:43:46 |   0% ] processor  1 / 32.
 [ 15:43:47 |   6% ] processor  3 / 32, remaining: 3 s.
 [ 15:43:47 |   9% ] processor  4 / 32, remaining: 3 s.
 [ 15:43:47 |  19% ] processor  7 / 32, remaining: 3 s.
 [ 15:43:47 |  28% ] processor 10 / 32, remaining: 3 s.
 [ 15:43:48 |  38% ] processor 13 / 32, remaining: 2 s.
 [ 15:43:48 |  50% ] processor 17 / 32, remaining: 2 s.
 [ 15:43:48 |  59% ] processor 20 / 32, remaining: 1 s.
 [ 15:43:49 |  69% ] processor 23 / 32, remaining: 1 s.
 [ 15:43:49 |  78% ] processor 26 / 32, remaining: 1 s.
 [ 15:43:49 |  88% ] processor 29 / 32, remaining: 0 s.
 Finished building polarizability matrix at 15:43:50.
 Elapsed time: 3 s.
 
 q-pt      4: Head of Epsilon         =    1.925862517118323E+000   0.000000000000000E+000
 q-pt      4: Epsilon(2,2)            =    1.697007760434192E+000   0.000000000000000E+000
 q-pt      4: Head of Epsilon Inverse =    7.928783250799049E-001   6.332365374113946E-019
 q-pt      4: Epsilon Inverse(2,2)    =    8.248703687880580E-001  -7.678545998280228E-020

 Writing dielectric matrix to file
 Ok

================================================================================
 15:44:04   Dealing with q =  0.000000  0.000000  0.500000                 5 / 8
================================================================================

 This is a regular non-zero q-point.
 Rank of the polarizability matrix (nmtx): 2802
 
 BLACS processor grid:   4 x   8; BLOCKSIZE =   32
 
 Number of k-points in the irreducible BZ(q) (nrk): 8

      k-point rk (irr. BZ)     #eq/fBZ
 ----------------------------- -------
  0.000000  0.000000  0.000000       1
  0.000000  0.000000  0.125000       1
  0.000000  0.000000  0.250000       1
  0.000000  0.000000  0.375000       1
  0.000000  0.000000  0.500000       1
  0.000000  0.000000  0.625000       1
  0.000000  0.000000  0.750000       1
  0.000000  0.000000  0.875000       1
 
 Started calculation of matrix elements with 128 transition(s) at 15:44:04.
 [ 15:44:04 |   0% ] transition   1 / 128.
 [ 15:44:05 |   2% ] transition   3 / 128, remaining: 15 s.
 [ 15:44:06 |   9% ] transition  13 / 128, remaining: 13 s.
 [ 15:44:07 |  20% ] transition  26 / 128, remaining: 12 s.
 [ 15:44:09 |  30% ] transition  39 / 128, remaining: 11 s.
 [ 15:44:11 |  40% ] transition  52 / 128, remaining: 9 s.
 [ 15:44:12 |  50% ] transition  65 / 128, remaining: 8 s.
 [ 15:44:13 |  59% ] transition  77 / 128, remaining: 6 s.
 [ 15:44:15 |  70% ] transition  90 / 128, remaining: 5 s.
 [ 15:44:17 |  80% ] transition 103 / 128, remaining: 3 s.
 [ 15:44:18 |  90% ] transition 116 / 128, remaining: 2 s.
 Finished calculation of matrix elements at 15:44:19.
 Elapsed time: 15 s.
 
 Preparing simple convergence tests with 68 unoccupied bands.
 
 Started building polarizability matrix with 32 processor(s) at 15:44:19.
 [ 15:44:19 |   0% ] processor  1 / 32.
 [ 15:44:19 |   6% ] processor  3 / 32, remaining: 3 s.
 [ 15:44:20 |   9% ] processor  4 / 32, remaining: 3 s.
 [ 15:44:20 |  19% ] processor  7 / 32, remaining: 3 s.
 [ 15:44:20 |  28% ] processor 10 / 32, remaining: 3 s.
 [ 15:44:21 |  38% ] processor 13 / 32, remaining: 2 s.
 [ 15:44:21 |  50% ] processor 17 / 32, remaining: 2 s.
 [ 15:44:21 |  59% ] processor 20 / 32, remaining: 1 s.
 [ 15:44:22 |  69% ] processor 23 / 32, remaining: 1 s.
 [ 15:44:22 |  78% ] processor 26 / 32, remaining: 1 s.
 [ 15:44:22 |  88% ] processor 29 / 32, remaining: 0 s.
 Finished building polarizability matrix at 15:44:23.
 Elapsed time: 4 s.
 
 q-pt      5: Head of Epsilon         =    1.610242500267312E+000   0.000000000000000E+000
 q-pt      5: Epsilon(2,2)            =    1.610242500265187E+000   0.000000000000000E+000
 q-pt      5: Head of Epsilon Inverse =    8.368258653954156E-001  -6.458282555118918E-019
 q-pt      5: Epsilon Inverse(2,2)    =    8.368258653952757E-001  -1.116775252538136E-018

 Writing dielectric matrix to file
 Ok

================================================================================
 15:44:24   Dealing with q =  0.000000  0.000000  0.625000                 6 / 8
================================================================================

 This is a regular non-zero q-point.
 Rank of the polarizability matrix (nmtx): 2748
 
 BLACS processor grid:   4 x   8; BLOCKSIZE =   32
 
 Number of k-points in the irreducible BZ(q) (nrk): 8

      k-point rk (irr. BZ)     #eq/fBZ
 ----------------------------- -------
  0.000000  0.000000  0.000000       1
  0.000000  0.000000  0.125000       1
  0.000000  0.000000  0.250000       1
  0.000000  0.000000  0.375000       1
  0.000000  0.000000  0.500000       1
  0.000000  0.000000  0.625000       1
  0.000000  0.000000  0.750000       1
  0.000000  0.000000  0.875000       1
 
 Started calculation of matrix elements with 128 transition(s) at 15:44:24.
 [ 15:44:24 |   0% ] transition   1 / 128.
 [ 15:44:24 |   2% ] transition   3 / 128, remaining: 15 s.
 [ 15:44:25 |   9% ] transition  13 / 128, remaining: 13 s.
 [ 15:44:27 |  20% ] transition  26 / 128, remaining: 12 s.
 [ 15:44:28 |  30% ] transition  39 / 128, remaining: 10 s.
 [ 15:44:30 |  40% ] transition  52 / 128, remaining: 9 s.
 [ 15:44:31 |  50% ] transition  65 / 128, remaining: 7 s.
 [ 15:44:33 |  59% ] transition  77 / 128, remaining: 6 s.
 [ 15:44:34 |  70% ] transition  90 / 128, remaining: 5 s.
 [ 15:44:36 |  80% ] transition 103 / 128, remaining: 3 s.
 [ 15:44:37 |  90% ] transition 116 / 128, remaining: 2 s.
 Finished calculation of matrix elements at 15:44:38.
 Elapsed time: 15 s.
 
 Preparing simple convergence tests with 68 unoccupied bands.
 
 Started building polarizability matrix with 32 processor(s) at 15:44:38.
 [ 15:44:38 |   0% ] processor  1 / 32.
 [ 15:44:39 |   6% ] processor  3 / 32, remaining: 3 s.
 [ 15:44:39 |   9% ] processor  4 / 32, remaining: 3 s.
 [ 15:44:39 |  19% ] processor  7 / 32, remaining: 3 s.
 [ 15:44:39 |  28% ] processor 10 / 32, remaining: 3 s.
 [ 15:44:40 |  38% ] processor 13 / 32, remaining: 2 s.
 [ 15:44:40 |  50% ] processor 17 / 32, remaining: 2 s.
 [ 15:44:40 |  59% ] processor 20 / 32, remaining: 1 s.
 [ 15:44:41 |  69% ] processor 23 / 32, remaining: 1 s.
 [ 15:44:41 |  78% ] processor 26 / 32, remaining: 1 s.
 [ 15:44:41 |  88% ] processor 29 / 32, remaining: 0 s.
 Finished building polarizability matrix at 15:44:42.
 Elapsed time: 3 s.
 
 q-pt      6: Head of Epsilon         =    1.925862517124708E+000   0.000000000000000E+000
 q-pt      6: Epsilon(2,2)            =    1.697007760426808E+000   0.000000000000000E+000
 q-pt      6: Head of Epsilon Inverse =    7.928783250798224E-001  -9.131147520299366E-019
 q-pt      6: Epsilon Inverse(2,2)    =    8.248703687886094E-001   2.840530548845011E-019

 Writing dielectric matrix to file
 Ok

================================================================================
 15:44:56   Dealing with q =  0.000000  0.000000  0.750000                 7 / 8
================================================================================

 This is a regular non-zero q-point.
 Rank of the polarizability matrix (nmtx): 2760
 
 BLACS processor grid:   4 x   8; BLOCKSIZE =   32
 
 Number of k-points in the irreducible BZ(q) (nrk): 8

      k-point rk (irr. BZ)     #eq/fBZ
 ----------------------------- -------
  0.000000  0.000000  0.000000       1
  0.000000  0.000000  0.125000       1
  0.000000  0.000000  0.250000       1
  0.000000  0.000000  0.375000       1
  0.000000  0.000000  0.500000       1
  0.000000  0.000000  0.625000       1
  0.000000  0.000000  0.750000       1
  0.000000  0.000000  0.875000       1
 
 Started calculation of matrix elements with 128 transition(s) at 15:44:56.
 [ 15:44:56 |   0% ] transition   1 / 128.
 [ 15:44:56 |   2% ] transition   3 / 128, remaining: 15 s.
 [ 15:44:58 |   9% ] transition  13 / 128, remaining: 13 s.
 [ 15:44:59 |  20% ] transition  26 / 128, remaining: 12 s.
 [ 15:45:01 |  30% ] transition  39 / 128, remaining: 10 s.
 [ 15:45:02 |  40% ] transition  52 / 128, remaining: 9 s.
 [ 15:45:04 |  50% ] transition  65 / 128, remaining: 7 s.
 [ 15:45:05 |  59% ] transition  77 / 128, remaining: 6 s.
 [ 15:45:07 |  70% ] transition  90 / 128, remaining: 5 s.
 [ 15:45:08 |  80% ] transition 103 / 128, remaining: 3 s.
 [ 15:45:10 |  90% ] transition 116 / 128, remaining: 2 s.
 Finished calculation of matrix elements at 15:45:11.
 Elapsed time: 15 s.
 
 Preparing simple convergence tests with 68 unoccupied bands.
 
 Started building polarizability matrix with 32 processor(s) at 15:45:11.
 [ 15:45:11 |   0% ] processor  1 / 32.
 [ 15:45:11 |   6% ] processor  3 / 32, remaining: 3 s.
 [ 15:45:11 |   9% ] processor  4 / 32, remaining: 3 s.
 [ 15:45:11 |  19% ] processor  7 / 32, remaining: 3 s.
 [ 15:45:12 |  28% ] processor 10 / 32, remaining: 3 s.
 [ 15:45:12 |  38% ] processor 13 / 32, remaining: 2 s.
 [ 15:45:13 |  50% ] processor 17 / 32, remaining: 2 s.
 [ 15:45:13 |  59% ] processor 20 / 32, remaining: 1 s.
 [ 15:45:13 |  69% ] processor 23 / 32, remaining: 1 s.
 [ 15:45:14 |  78% ] processor 26 / 32, remaining: 1 s.
 [ 15:45:14 |  88% ] processor 29 / 32, remaining: 0 s.
 Finished building polarizability matrix at 15:45:14.
 Elapsed time: 3 s.
 
 q-pt      7: Head of Epsilon         =    2.425883175125684E+000   0.000000000000000E+000
 q-pt      7: Epsilon(2,2)            =    1.949852416146559E+000   0.000000000000000E+000
 q-pt      7: Head of Epsilon Inverse =    7.223042857062931E-001  -7.781585807306850E-019
 q-pt      7: Epsilon Inverse(2,2)    =    7.881628304181836E-001  -4.981675885597368E-019

 Writing dielectric matrix to file
 Ok

================================================================================
 15:45:28   Dealing with q =  0.000000  0.000000  0.875000                 8 / 8
================================================================================

 This is a regular non-zero q-point.
 Rank of the polarizability matrix (nmtx): 2712
 
 BLACS processor grid:   4 x   8; BLOCKSIZE =   32
 
 Number of k-points in the irreducible BZ(q) (nrk): 8

      k-point rk (irr. BZ)     #eq/fBZ
 ----------------------------- -------
  0.000000  0.000000  0.000000       1
  0.000000  0.000000  0.125000       1
  0.000000  0.000000  0.250000       1
  0.000000  0.000000  0.375000       1
  0.000000  0.000000  0.500000       1
  0.000000  0.000000  0.625000       1
  0.000000  0.000000  0.750000       1
  0.000000  0.000000  0.875000       1
 
 Started calculation of matrix elements with 128 transition(s) at 15:45:28.
 [ 15:45:28 |   0% ] transition   1 / 128.
 [ 15:45:28 |   2% ] transition   3 / 128, remaining: 12 s.
 [ 15:45:29 |   9% ] transition  13 / 128, remaining: 12 s.
 [ 15:45:30 |  20% ] transition  26 / 128, remaining: 11 s.
 [ 15:45:32 |  30% ] transition  39 / 128, remaining: 10 s.
 [ 15:45:33 |  40% ] transition  52 / 128, remaining: 9 s.
 [ 15:45:35 |  50% ] transition  65 / 128, remaining: 7 s.
 [ 15:45:36 |  59% ] transition  77 / 128, remaining: 6 s.
 [ 15:45:38 |  70% ] transition  90 / 128, remaining: 4 s.
 [ 15:45:39 |  80% ] transition 103 / 128, remaining: 3 s.
 [ 15:45:41 |  90% ] transition 116 / 128, remaining: 2 s.
 Finished calculation of matrix elements at 15:45:42.
 Elapsed time: 15 s.
 
 Preparing simple convergence tests with 68 unoccupied bands.
 
 Started building polarizability matrix with 32 processor(s) at 15:45:42.
 [ 15:45:42 |   0% ] processor  1 / 32.
 [ 15:45:43 |   6% ] processor  3 / 32, remaining: 3 s.
 [ 15:45:43 |   9% ] processor  4 / 32, remaining: 3 s.
 [ 15:45:43 |  19% ] processor  7 / 32, remaining: 3 s.
 [ 15:45:43 |  28% ] processor 10 / 32, remaining: 2 s.
 [ 15:45:44 |  38% ] processor 13 / 32, remaining: 2 s.
 [ 15:45:44 |  50% ] processor 17 / 32, remaining: 2 s.
 [ 15:45:44 |  59% ] processor 20 / 32, remaining: 1 s.
 [ 15:45:45 |  69% ] processor 23 / 32, remaining: 1 s.
 [ 15:45:45 |  78% ] processor 26 / 32, remaining: 1 s.
 [ 15:45:45 |  88% ] processor 29 / 32, remaining: 0 s.
 Finished building polarizability matrix at 15:45:46.
 Elapsed time: 3 s.
 
 q-pt      8: Head of Epsilon         =    2.749831993080001E+000   0.000000000000000E+000
 q-pt      8: Epsilon(2,2)            =    2.142300816147099E+000   0.000000000000000E+000
 q-pt      8: Head of Epsilon Inverse =    6.093798319633614E-001   2.667094992666978E-019
 q-pt      8: Epsilon Inverse(2,2)    =    7.446648117175151E-001   6.575146600316647E-019

 Writing dielectric matrix to file
 Ok

 
                              CPU (s)        WALL (s)           #
 
FULLBZ:                         0.000           0.000           1
IRRBZ:                         -0.000           0.015           8
SUBGRP:                        -0.000           0.000           8
RQSTAR:                        -0.000           0.001          64
GMAP:                           0.090           0.121          64
GVEC:                           0.100           0.118           8
INPUT:                          0.410           1.134           1
INPUT_Q:                        0.150           0.439           1
INPUT(Q) I/O                    0.180           0.896        1690
INPUT(Q) COMM                   0.180           0.210        1690
GENWF:                          4.320           4.416        1024
GENWF (VAL):                    2.760           2.818        1024
GENWF (COND):                   1.550           1.587          64
GENWF (C-Ekin):                 0.210           0.215          64
GENWF (C-Sort):                 1.020           1.001          64
JOB SETUP:                      0.000           0.008           1
Q LOOP SETUP:                   0.040           0.044           8
INIT CUTOFF:                    0.000           0.001           8
INIT SCALAPACK:                 0.150           0.134           8
INIT ARRAYS:                   -0.000           0.033           8
MTXEL:                        111.690         111.928        1024
MTXEL (DENOM):                  0.040           0.018        9216
MTXEL (FFT):                  111.690         111.925        1024
MTXEL EXP(DENOM):               0.000           0.000           0
MTXEL EXP (FFT):                0.000           0.000           0
CHI SUM (TOTAL):               23.970          27.510           8
CHI SUM (COMM):                 0.920           1.776         256
CHI SUM (PREP):                 4.310           6.021         256
CHI SUM (ARRAY ALLOC):          0.000           0.000           0
CHI SUM (ROW):                  0.000           0.000           0
CHI SUM (COLUMN):               0.000           0.000           0
CHI SUM (zGEMM):               18.360          18.318         256
CHI SUM (HT):                   0.000           0.000           0
EPSINV (TOTAL):                 6.900          77.226           8
EPSINV (VCOUL):                 0.710           0.695           8
EPSINV (I/O)                    2.310          72.575           8
EPSINV (INVERT)                 3.720           3.781           8
EPS (I/O) COMM                  0.180           0.341           8
EPS (I/O) IO                    2.100          71.021           8
CONVERGE TESTS:                 0.170           0.180           8
OPT FFT:                        0.000           0.000           0
OPT FFT (INIT):                 0.000           0.000           0
OPT FFT (COMM_FFT):             0.000           0.000           0
OPT FFT (FFT):                  0.000           0.000           0
FFT ZERO                        8.370           8.284       10240
FFT PUT                         9.400           8.630       10240
FFT PLAN                        3.000           3.144       19464
FFT EXEC                       74.820          74.982       19464
FFT MLTPLY                     14.170          14.822        9216
 
TOTAL:                        148.060         223.796
 
 
