
 BerkeleyGW version 3.0
 BSE/Absorption code, Complex version, run on 18-Jan-2024 at 10:48:11 -0800

                                                                 ..o.          
                                                                .oxxo.         
                                                               .oxxxxo...      
                                                               oxxxxxxo.       
                                                              .oxxxxxxx.       
                                                              .ooooooxxo..     
                                                              .oooooooxo..     
                                                              .oooooxxo...     
                                                       .........oxooo......    
                                                 ............................  
                                             ................................. 
                                          .................................... 
           .          ..oo. ....  .................................oooxxxxxxxo.
     .............oxxxx@ox@@@x@x.....................o...........ooooooooooxx. 
    .o.........oox@x.oo........xxx@@............ooxxxxo..........ooooxxxxxoxo  
    .x........x@xxo...............o@xxo........oxxx@@@xoooooooooooooooxxxo...  
    .o......ox@@o..................oox@o.....ooxxx@xoooxxxxxxxoooooooooooo.... 
    o..ooooo@@xoooo....ooo...........x@o.....ooxxxxo   .oxxxxxxxxxxooooooo.... 
    . .oooo@@@@@@@@@@@@@@@@@@@@@@@@@@@@@@....ooooox.     .oxx@@@@@xxoo........ 
      .ooooxxxxxxxooooooxooooooooooooooxo...oooooxx.        ..ox@xxxoo.........
      .ooooooxxxx@xoooooooooooooxxoooooooooooxxxxx.            .oxxooooooooxxo.
     .oooooxxxxx@@@xxxxxxxxxxxxxxxxxxxxxxxxoxxxxo.                .oxxxxxxxxo. 
   ....oooxxxxx@@@xo..oxxx@@@@@@xxxxoxxoooooooxx.                  .oxxxoo..   
  .....ooxxxx@@xo.       ........    .ooooooooxxo                              
  ..oooxxxx@@@o                       .oooooooxoo.                             
  ....oxooxxxxx.                       .ooo..oooo.                             
  .....o.ooxxxxxo.                     .oooooooxo.                             
 ......ooooxxxxxxo.                     .ooooooxoo..                           
........ooxxxxxxxo..                     .o....oxoo...                         
.......ooooxxxxxxxo.                     ........oooo.                         
.ooooooo..ooxxxxoooo.                    .........ooo...                       
..oxo...ooooxxxoooo..                    .ooo......oooo...                     
  .ooooo....o.                            .oxxxoo....ooo....                   
    .oooooo...                              ...ooooo...ooo..                   
       ...                                     .oo.......                      
                                               ....ooo...                      
                      __              __                                       
 ______              [  |            [  |                 ._____  _          _ 
|_   _ \              | |  _          | |                /  ___ \| |        | |
  | |_) | .---.  _. _.| | / |  .---.  | | .---.  _    _ / /    \_|\ \  /\  / / 
  |  __'./ /__\\[ /`\_| '' <  / /__\\ | |/ /__\\| \  | | |   _____ \ \/  \/ /  
 _| |__| | \__. | |   | |`\ \ | \___. | || \___. \ \/ / \ \.___| |  \  /\  /   
|_______/ \.__./[_]  [__|  \_] \.__./[___]\.__./  \  /   \.____./    \/  \/    
                                                  / /                          
                                                 /_/                           
 --------------------------------------------------------------------------------
 Please cite the main BerkeleyGW paper when using results from this calculation:

 Jack Deslippe, Georgy Samsonidze, David A. Strubbe, Manish Jain, Marvin L.
 Cohen, and Steven G. Louie, "BerkeleyGW: A Massively Parallel Computer Package
 for the Calculation of the Quasiparticle and Optical Properties of Materials
 and Nanostructures," Comput. Phys. Commun. 183, 1269 (2012)

 Aditionally, PLEASE CITE ALL PAPERS REPORTED AT THE END OF THIS CALCULATION.
 --------------------------------------------------------------------------------

 Running MPI version (parallel)
 Running with 128 MPI task(s)
 Using OpenMP. Number of threads per MPI task: 2
 Number of threads used for sorting routines: 1

 Compilation flags:
 - Compiler: GNU
 - Para. flags: MPI, OMP
 - Math  flags: USESCALAPACK, UNPACKED, USEFFTW3, HDF5
 - Debug flags: 

 Running with verbosity level 1 (default).

 Kernel was calculated only for (v,c)->(v',c') transitions.
 This may not be a good idea for metals!

 This is a Bethe-Salpeter-equation calculation.
 The restricted fi/co WFN transformation dvv',dcc' will be calculated.

 Using the Tamm-Dancoff approximation.

 Using the momentum operator

 Using the Delaunay interpolation method.

 We are doing a calculation with zero exciton momentum
 Running with semiconductor screening

 We are communicating via MPI

 **************************************************
 **                                              **
 **                   WARNING:                   **
 **      THE MOMENTUM OPERATOR IS NOT EXACT      **
 **  ONLY USE IT IF YOU KNOW WHAT YOU ARE DOING  **
 **  OTHERWISE YOU SHOULD USE VELOCITY OPERATOR  **
 **    for details see equations (29) and (30)   **
 **    of Rohlfing & Louie PRB 62, 4927 (2000)   **
 **                                              **
 **************************************************

 We are using no truncation
 Cutoff for Monte-Carlo average of Coulomb potential: 1.000E+012 Ry

 GPU acceleration is : DISABLED

 Algorithms used:

 Number of k-points in the coarse k-grid: 216
 A 3-D interpolation algorithm will be employed.
 No symmetries used in the fine grid-sampling
 K-grid: 20 20 20
 Highest occupied band (fine grid) = 4
 Valence max    (fine grid) = 6.151851 eV
 Conduction min (fine grid) = 6.736922 eV
 Middle energy  (fine grid) = 6.444386 eV
 Fermi  energy  (fine grid) = 6.444386 eV

 Number of electrons per unit cell (from ifmax) = 8.000000
 Number of electrons per unit cell (from occupations) = 8.000000
 Plasma Frequency = 1.214932 Ry


 Scissors parameters:
 - Valence:    es =   0.0000 eV, e0 =   0.0000 eV, edel =   0.0000
 - Conduction: es =   0.0000 eV, e0 =   0.0000 eV, edel =   0.0000

 You are doing a class 1 calculation - npes <= nk

 Memory available: 30865.8 MB per PE
 Memory required for vcoul: 114.4 MB per PE
 Memory needed to store the effective Ham. and intkernel arrays: 1123.2 MB per PE
 Additional memory needed for evecs and diagonalization: 4440.0 MB per PE

 Distribution of kcv blocks among PE ranks:
   - PEs 0 to 63 : 63 blocks
   - PEs 64 to 127 : 62 blocks

 Started reading wavefunctions (WFN_fi) with 8000 k-point(s) at 10:48:12.
 [ 10:48:12 |   0% ] k-point    1 / 8000.
 [ 10:48:12 |   0% ] k-point    3 / 8000, remaining: 16 s.
 [ 10:48:14 |  10% ] k-point  800 / 8000, remaining: 19 s.
 [ 10:48:16 |  20% ] k-point 1600 / 8000, remaining: 16 s.
 [ 10:48:18 |  30% ] k-point 2400 / 8000, remaining: 14 s.
 [ 10:48:20 |  40% ] k-point 3200 / 8000, remaining: 12 s.
 [ 10:48:22 |  50% ] k-point 4000 / 8000, remaining: 10 s.
 [ 10:48:24 |  60% ] k-point 4800 / 8000, remaining: 8 s.
 [ 10:48:26 |  70% ] k-point 5600 / 8000, remaining: 6 s.
 [ 10:48:28 |  80% ] k-point 6400 / 8000, remaining: 4 s.
 [ 10:48:30 |  90% ] k-point 7200 / 8000, remaining: 2 s.
 [ 10:48:32 | 100% ] k-point 8000 / 8000, remaining: 0 s.
 Finished reading wavefunctions (WFN_fi) at 10:48:32.
 Elapsed time: 20 s.


 Conduction wavefunctions read from file WFN_fi:
 - Number of k-points in irreducible BZ: 8000
 - Number of k-points in full BZ: 8000

 Lowest-energy independent-particle transitions:

                k-point                 ik     ic     iv     energy (eV)
   -------------------------------- ------ ------ ------ ---------------
     0.000000   0.000000   0.000000      1      1      1        2.539790
     0.000000   0.000000   0.000000      1      2      1        2.543374
     0.000000   0.000000   0.000000      1      1      2        2.545858
     0.000000   0.000000   0.000000      1      2      2        2.549442
     0.000000   0.000000   0.000000      1      3      1        2.550876

 More job parameters:
 - Crystal volume (bohr): 2.179E+06
 - Broadening (eV): .100
 - Number of valence bands: 4
 - Number of cond. bands: 3
 - Number of spins: 1
 - Number of eigenvalues to be computed: 96000

 Highest occupied band (fine grid) = 4
 Valence max    (fine grid) = 6.151851 eV
 Conduction min (fine grid) = 6.736922 eV
 Middle energy  (fine grid) = 6.444386 eV
 Fermi  energy  (fine grid) = 6.444386 eV

 No symmetries used in the shifted-grid sampling

 Started reading wavefunctions (WFN_fi) with 8000 k-point(s) at 10:48:32.
 [ 10:48:32 |   0% ] k-point    1 / 8000.
 [ 10:48:32 |   0% ] k-point    3 / 8000, remaining: 8 s.
 [ 10:48:33 |  10% ] k-point  800 / 8000, remaining: 7 s.
 [ 10:48:34 |  20% ] k-point 1600 / 8000, remaining: 6 s.
 [ 10:48:34 |  30% ] k-point 2400 / 8000, remaining: 5 s.
 [ 10:48:35 |  40% ] k-point 3200 / 8000, remaining: 4 s.
 [ 10:48:36 |  50% ] k-point 4000 / 8000, remaining: 4 s.
 [ 10:48:36 |  60% ] k-point 4800 / 8000, remaining: 3 s.
 [ 10:48:37 |  70% ] k-point 5600 / 8000, remaining: 2 s.
 [ 10:48:38 |  80% ] k-point 6400 / 8000, remaining: 1 s.
 [ 10:48:39 |  90% ] k-point 7200 / 8000, remaining: 1 s.
 [ 10:48:39 | 100% ] k-point 8000 / 8000, remaining: 0 s.
 Finished reading wavefunctions (WFN_fi) at 10:48:39.
 Elapsed time: 7 s.


 Valence wavefunctions read from file WFN_fi:
 - Number of k-points in irreducible BZ: 8000
 - Number of k-points in full BZ: 8000

 Reading quasiparticle energy corrections from eqp_co.dat
 Highest occupied band (coarse grid) = 4
 Valence max    (coarse grid) = 5.369256 eV
 Conduction min (coarse grid) = 6.712603 eV
 Middle energy  (coarse grid) = 6.040929 eV
 Fermi  energy  (coarse grid) = 6.040929 eV


 Reading quasiparticle energy corrections from eqp_co.dat
 No symmetries used in the coarse-grid sampling

 Started reading wavefunctions (WFN_co) with 216 k-point(s) at 10:48:39.
 [ 10:48:39 |   0% ] k-point   1 / 216.
 [ 10:48:40 |   1% ] k-point   3 / 216, remaining: 33 s.
 [ 10:48:41 |  10% ] k-point  22 / 216, remaining: 16 s.
 [ 10:48:43 |  20% ] k-point  44 / 216, remaining: 14 s.
 [ 10:48:45 |  30% ] k-point  65 / 216, remaining: 12 s.
 [ 10:48:46 |  40% ] k-point  87 / 216, remaining: 10 s.
 [ 10:48:48 |  50% ] k-point 109 / 216, remaining: 8 s.
 [ 10:48:49 |  60% ] k-point 130 / 216, remaining: 7 s.
 [ 10:48:51 |  70% ] k-point 152 / 216, remaining: 5 s.
 [ 10:48:53 |  80% ] k-point 173 / 216, remaining: 3 s.
 [ 10:48:54 |  90% ] k-point 195 / 216, remaining: 2 s.
 Finished reading wavefunctions (WFN_co) at 10:48:55.
 Elapsed time: 16 s.


 Coarse-grid wavefunctions read from file WFN_co:
 - Number of k-points in irreducible BZ: 216
 - Number of k-points in full BZ: 216

 Started wavefunction interpolation with 63 k-point(s) at 10:48:55.
 [ 10:48:55 |   0% ] k-point  1 / 63.
 [ 10:48:56 |   3% ] k-point  3 / 63, remaining: 14 s.
 [ 10:48:57 |  10% ] k-point  7 / 63, remaining: 13 s.
 [ 10:48:58 |  19% ] k-point 13 / 63, remaining: 12 s.
 [ 10:49:00 |  29% ] k-point 19 / 63, remaining: 11 s.
 [ 10:49:02 |  40% ] k-point 26 / 63, remaining: 10 s.
 [ 10:49:04 |  49% ] k-point 32 / 63, remaining: 8 s.
 [ 10:49:05 |  59% ] k-point 38 / 63, remaining: 7 s.
 [ 10:49:08 |  70% ] k-point 45 / 63, remaining: 5 s.
 [ 10:49:09 |  79% ] k-point 51 / 63, remaining: 4 s.
 [ 10:49:11 |  89% ] k-point 57 / 63, remaining: 2 s.
 [ 10:49:13 |  98% ] k-point 63 / 63, remaining: 0 s.
 Finished wavefunction interpolation at 10:49:14.
 Elapsed time: 18 s.

 Max. error in norm of transformation coefficients (1 - \sum_co |d_fi,co|^2):
  - For valence states: 2.228E-01
  - For conduction states: 1.630E-01
 Writing matrix elements into vmtxel

 Plasma Frequency :    16.529987447432514       eV

 Polarization: b1
 Sum rule (DFT) :   0.88710439124982621     
 Sum rule (GW)  :    1.0256996575759834     

 Polarization: b2
 Sum rule (DFT) :   0.88727652874438134     
 Sum rule (GW)  :    1.0258770230033192     

 Polarization: b3
 Sum rule (DFT) :   0.88727652875138807     
 Sum rule (GW)  :    1.0258759466888845     


 Epsilon matrix for q->0 read from eps0mat.h5:
 - Number of q-points: 1
 - Dielectric cutoff (Ry): 50.00

 Epsilon matrix for q/=0 read from epsmat.h5:
 - Number of q-points: 215
 - Number of q-points in the full BZ: 216
 - Dielectric cutoff (Ry): 50.00
 - Number of G-vectors for interpolation of epsinv_00(q+G): 61143
 - Maximum value of imaginary part of epsinv: .000000
 - Dielectric constant: 13.185758
 - Max. |q+G|^2 to interp. epsinv (Ry): 1.68
 - Number of q+G points to interp. epsinv: 2105

 Assembling spin-singlet kernel.
 Calculating Coulomb potential v(q) for 8000 q-points.
 Performing kernel interpolation.

 Started interpolating BSE kernel with 252 block(s) at 10:49:33.
 [ 10:49:35 |   0% ] block   1 / 252.
 [ 10:49:36 |   1% ] block   3 / 252, remaining: 84 s.
 [ 10:49:44 |  10% ] block  26 / 252, remaining: 77 s.
 [ 10:49:52 |  20% ] block  51 / 252, remaining: 68 s.
 [ 10:50:04 |  30% ] block  76 / 252, remaining: 69 s.
 [ 10:50:13 |  40% ] block 101 / 252, remaining: 57 s.
 [ 10:50:21 |  50% ] block 126 / 252, remaining: 47 s.
 [ 10:50:34 |  60% ] block 152 / 252, remaining: 39 s.
 [ 10:50:42 |  70% ] block 177 / 252, remaining: 29 s.
 [ 10:50:55 |  80% ] block 202 / 252, remaining: 20 s.
 [ 10:51:03 |  90% ] block 227 / 252, remaining: 10 s.
 [ 10:51:12 | 100% ] block 252 / 252, remaining: 0 s.
 Finished interpolating BSE kernel at 10:51:14.
 Elapsed time: 101 s.


 BLACS processor grid: 11 x 11; BLOCKSIZE = 64
 Number of idle processors: 7

 Using diagonalization routine: PZHEEVX
 Beginning ScaLAPACK diagonalization. Size: 96000
 Done ScaLAPACK diagonalization
 Sharing eigenvectors
 Diagonalization done

 Plasma Frequency :    16.529987447432514       eV

 Polarization: b1
 Sum rule (BSE) :   0.94693334828691789     

 Polarization: b2
 Sum rule (BSE) :   0.94688124690434217     

 Polarization: b3
 Sum rule (BSE) :   0.94703843367871465     

********************************************************************************
*                                                                              *
* Your calculation employed methods and algorithms published in peer-reviewed  *
* papers. Please, cite the following references to give proper credit to their *
*          authors and help support future development of BerkeleyGW.          *
*                                                                              *
********************************************************************************

 J. Deslippe, G. Samsonidze, D. A. Strubbe, M. Jain, M. L. Cohen, and S. G.
 Louie, BerkeleyGW: A Massively Parallel Computer Package for the Calculation
 of the Quasiparticle and Optical Properties of Materials and Nanostructures,
 Computer Physics Communications 183, 1269 (2012).

 M. Rohlfing and S. G. Louie, Electron-Hole Excitations and Optical Spectra
 from First Principles, Phys. Rev. B 62, 4927 (2000).

********************************************************************************

 
 Timing information
 
                                CPU time (s)          WALL time (s)       Number
 Routine                       min        max        min        max     of calls
 -------------------------  ---------  ---------  ---------  ---------  --------
 - Input                        13.30      19.96      19.96      19.97         1
 - Input q                       6.69       7.78       7.78       7.78         1
 - Intwfn                       35.13      35.24      34.93      35.07         1
 - Intkernel                   104.20     104.48     104.38     104.38         1
 - Epsdiag                       0.00       0.43       0.00       0.69         1
 - Eps Comm                      0.00       0.69       0.00       0.69         1
 - Absorp0                       0.00      28.13       0.00      14.73         1
 - Vmtxel                        0.80       0.94       0.80       0.94         1
 - Trans Mtxel                   0.19       0.21       0.19       0.21         1
 - Absorp                        0.00      10.84      -0.00      10.85         1
 - Write Eig                     0.56      12.21       0.58      12.23         1
 - Iw Input_co                  15.55      15.75      15.75      15.75         1
 - Iw Interp                     0.67       0.71       0.38       0.41        64
 - Iw Genwf                      0.00       0.00       0.00       0.00       504
 - Iw Gwnwf_Co                  16.63      16.76      16.62      16.76       252
 - Iw Mtxel_t                    0.00       0.00       0.00       0.00       504
 - Iw Write                      0.01       0.27       0.00       0.28         1
 - Iw Reduce                     0.08       0.08       0.08       0.08         1
 - Ik Setup                      0.00       0.00      -0.00       0.00         1
 - Ik C-Check                    0.08       0.11       0.11       0.12         1
 - Ik Input                      5.92      18.89       5.92      18.89       864
 - Ik Inteps                     0.02       0.02       0.01       0.01         1
 - Ik Vcoul                      2.48       2.49       2.48       2.49         1
 - Ik Cache                      1.65       1.86       1.58       1.90   2016000
 - Ik Interp                    66.50      83.71      66.76      83.86   2016000
 - Ik Sum                        4.00       4.35       3.94       4.37   2016000
 - Diagonalize                3400.32    6737.90    3400.67    3400.67         1
 - TOTAL                      3595.87    6938.65    3595.94    3595.94         1
 
 Job Done
 
