
 frequency_dependence   1

 band_index     1    28
 sigma_matrix     0   0

 finite_difference_form   2
 finite_difference_spacing  1.000000

 symmetries
 ntran  = 48
 mtrx01 =  1  0  0  0  1  0  0  0  1
 mtrx02 = -1 -1 -1  0  0  1  0  1  0
 mtrx03 =  0  1  0  1  0  0 -1 -1 -1
 mtrx04 =  0  0  1 -1 -1 -1  1  0  0
 mtrx05 =  1  1  1  0 -1  0  0  0 -1
 mtrx06 = -1  0  0  0  0 -1  0 -1  0
 mtrx07 =  0  0 -1 -1  0  0  1  1  1
 mtrx08 =  0 -1  0  1  1  1 -1  0  0
 mtrx09 = -1  0  0  0 -1  0  1  1  1
 mtrx10 =  0 -1  0 -1  0  0  0  0 -1
 mtrx11 =  1  1  1  0  0 -1 -1  0  0
 mtrx12 =  0  0 -1  1  1  1  0 -1  0
 mtrx13 = -1  0  0  1  1  1  0  0 -1
 mtrx14 =  0  0 -1  0 -1  0 -1  0  0
 mtrx15 =  1  1  1 -1  0  0  0 -1  0
 mtrx16 =  0 -1  0  0  0 -1  1  1  1
 mtrx17 =  0  1  0  0  0  1  1  0  0
 mtrx18 =  0  0  1  0  1  0 -1 -1 -1
 mtrx19 =  1  0  0 -1 -1 -1  0  1  0
 mtrx20 = -1 -1 -1  1  0  0  0  0  1
 mtrx21 =  0  0  1  1  0  0  0  1  0
 mtrx22 =  0  1  0 -1 -1 -1  0  0  1
 mtrx23 = -1 -1 -1  0  1  0  1  0  0
 mtrx24 =  1  0  0  0  0  1 -1 -1 -1
 mtrx25 = -1  0  0  0 -1  0  0  0 -1
 mtrx26 =  1  1  1  0  0 -1  0 -1  0
 mtrx27 =  0 -1  0 -1  0  0  1  1  1
 mtrx28 =  0  0 -1  1  1  1 -1  0  0
 mtrx29 = -1 -1 -1  0  1  0  0  0  1
 mtrx30 =  1  0  0  0  0  1  0  1  0
 mtrx31 =  0  0  1  1  0  0 -1 -1 -1
 mtrx32 =  0  1  0 -1 -1 -1  1  0  0
 mtrx33 =  1  0  0  0  1  0 -1 -1 -1
 mtrx34 =  0  1  0  1  0  0  0  0  1
 mtrx35 = -1 -1 -1  0  0  1  1  0  0
 mtrx36 =  0  0  1 -1 -1 -1  0  1  0
 mtrx37 =  1  0  0 -1 -1 -1  0  0  1
 mtrx38 =  0  0  1  0  1  0  1  0  0
 mtrx39 = -1 -1 -1  1  0  0  0  1  0
 mtrx40 =  0  1  0  0  0  1 -1 -1 -1
 mtrx41 =  0 -1  0  0  0 -1 -1  0  0
 mtrx42 =  0  0 -1  0 -1  0  1  1  1
 mtrx43 = -1  0  0  1  1  1  0 -1  0
 mtrx44 =  1  1  1 -1  0  0  0  0 -1
 mtrx45 =  0  0 -1 -1  0  0  0 -1  0
 mtrx46 =  0 -1  0  1  1  1  0  0 -1
 mtrx47 =  1  1  1  0 -1  0 -1  0  0
 mtrx48 = -1  0  0  0  0 -1  1  1  1
 
       k =  0.000000  0.000000  0.000000 ik =   1 spin = 1

   n         Emf          Eo           X        SX-X          CH         Sig         Vxc        Eqp0        Eqp1       Znk
   1   -5.939378   -5.939378  -17.543863   13.632928   -7.220726  -11.131661  -10.453040   -6.618000   -6.399383    0.677852
   2   -5.939378   -5.939378  -17.543863   13.632928   -7.220726  -11.131661  -10.453040   -6.618000   -6.399383    0.677852
   3    5.976444    5.976444  -12.732717    9.115356   -8.139171  -11.756533  -11.252331    5.472241    5.576301    0.793616
   4    5.976444    5.976444  -12.732717    9.115356   -8.139171  -11.756533  -11.252331    5.472241    5.576301    0.793616
   5    6.026530    6.026530  -12.699866    9.092280   -8.143801  -11.751387  -11.249947    5.525090    5.628476    0.793822
   6    6.026530    6.026530  -12.699866    9.092280   -8.143801  -11.751387  -11.249947    5.525090    5.628476    0.793822
   7    6.026530    6.026530  -12.699866    9.092280   -8.143801  -11.751387  -11.249947    5.525090    5.628476    0.793822
   8    6.026530    6.026530  -12.699866    9.092280   -8.143801  -11.751387  -11.249947    5.525090    5.628476    0.793822
   9    8.543251    8.543251   -5.869357    4.058792   -7.817093   -9.627658  -10.050892    8.966485    8.875898    0.785966
  10    8.543251    8.543251   -5.869357    4.058792   -7.817093   -9.627658  -10.050892    8.966485    8.875898    0.785966
  11    8.579969    8.579969   -5.844212    4.043028   -7.820147   -9.621330  -10.045826    9.004465    8.913561    0.785855
  12    8.579969    8.579969   -5.844212    4.043028   -7.820147   -9.621330  -10.045826    9.004465    8.913561    0.785855
  13    8.579969    8.579969   -5.844212    4.043028   -7.820147   -9.621330  -10.045826    9.004465    8.913561    0.785855
  14    8.579969    8.579969   -5.844212    4.043028   -7.820147   -9.621330  -10.045826    9.004465    8.913561    0.785855
  15    9.192671    9.192671   -6.126848    4.605123   -8.948229  -10.469955  -10.848228    9.570944    9.488707    0.782600
  16    9.192671    9.192671   -6.126848    4.605123   -8.948229  -10.469955  -10.848228    9.570944    9.488707    0.782600
  17   13.672409   13.672409   -2.724390    1.965454   -7.032366   -7.791302   -8.083650   13.964757   13.898633    0.773820
  18   13.672409   13.672409   -2.724390    1.965454   -7.032366   -7.791302   -8.083650   13.964757   13.898633    0.773820
  19   13.804777   13.804777   -4.315387    3.104637   -7.912898   -9.123648  -10.060610   14.741739   14.530128    0.774151
  20   13.804777   13.804777   -4.315387    3.104637   -7.912898   -9.123648  -10.060610   14.741739   14.530128    0.774151
  21   13.804777   13.804777   -4.315387    3.104637   -7.912898   -9.123648  -10.060610   14.741739   14.530128    0.774151
  22   13.804777   13.804777   -4.315387    3.104637   -7.912898   -9.123648  -10.060610   14.741739   14.530128    0.774151
  23   17.157031   17.157031   -2.318027    1.882326   -7.629136   -8.064837   -8.532993   17.625188   17.503547    0.740170
  24   17.157031   17.157031   -2.318027    1.882326   -7.629136   -8.064837   -8.532993   17.625188   17.503547    0.740170
  25   17.168042   17.168042   -2.318311    1.888491   -7.635616   -8.065436   -8.532849   17.635454   17.513997    0.740148
  26   17.168042   17.168042   -2.318311    1.888491   -7.635616   -8.065436   -8.532849   17.635454   17.513997    0.740148
  27   17.168042   17.168042   -2.318311    1.888491   -7.635616   -8.065436   -8.532849   17.635454   17.513997    0.740148
  28   17.168042   17.168042   -2.318311    1.888491   -7.635616   -8.065436   -8.532849   17.635454   17.513997    0.740148
 
       k =  0.000000  0.000000  0.166667 ik =   2 spin = 1

   n         Emf          Eo           X        SX-X          CH         Sig         Vxc        Eqp0        Eqp1       Znk
   1   -5.577605   -5.577605  -17.418975   13.469295   -7.237650  -11.187330  -10.481547   -6.283388   -6.057702    0.680232
   2   -5.577605   -5.577605  -17.418975   13.469295   -7.237650  -11.187330  -10.481547   -6.283388   -6.057702    0.680232
   3    3.623942    3.623942  -13.106771    9.526379   -7.828544  -11.408936  -10.804364    3.019370    3.150711    0.782753
   4    3.623942    3.623942  -13.106771    9.526379   -7.828544  -11.408936  -10.804364    3.019370    3.150711    0.782753
   5    5.545348    5.545348  -12.650910    9.079857   -8.027035  -11.598087  -11.087322    5.034583    5.140715    0.792210
   6    5.545348    5.545348  -12.650910    9.079857   -8.027035  -11.598087  -11.087322    5.034583    5.140715    0.792210
   7    5.577999    5.577999  -12.627921    9.062842   -8.028863  -11.593941  -11.085026    5.069083    5.174758    0.792353
   8    5.577999    5.577999  -12.627921    9.062842   -8.028863  -11.593941  -11.085026    5.069083    5.174758    0.792353
   9    8.288119    8.288119   -5.959255    4.151867   -7.965959   -9.773347  -10.146973    8.661745    8.582746    0.788561
  10    8.288119    8.288119   -5.959255    4.151867   -7.965959   -9.773347  -10.146973    8.661745    8.582746    0.788561
  11    9.197656    9.197656   -5.795664    3.982123   -7.921553   -9.735093  -10.185634    9.648197    9.550734    0.783676
  12    9.197656    9.197656   -5.795664    3.982123   -7.921553   -9.735093  -10.185634    9.648197    9.550734    0.783676
  13    9.222714    9.222714   -5.782620    3.974859   -7.924305   -9.732067  -10.183307    9.673954    9.576311    0.783613
  14    9.222714    9.222714   -5.782620    3.974859   -7.924305   -9.732067  -10.183307    9.673954    9.576311    0.783613
  15   11.290564   11.290564   -5.647869    4.093273   -8.728522  -10.283118  -10.724755   11.732200   11.632441    0.774115
  16   11.290564   11.290564   -5.647869    4.093273   -8.728522  -10.283118  -10.724755   11.732200   11.632441    0.774115
  17   13.128772   13.128772   -4.101247    2.857511   -7.606456   -8.850191   -9.664168   13.942749   13.760363    0.775932
  18   13.128772   13.128772   -4.101247    2.857511   -7.606456   -8.850191   -9.664168   13.942749   13.760363    0.775932
  19   13.129416   13.129416   -4.101299    2.857460   -7.606733   -8.850572   -9.664436   13.943281   13.760896    0.775903
  20   13.129416   13.129416   -4.101299    2.857460   -7.606733   -8.850572   -9.664436   13.943281   13.760896    0.775903
  21   14.844371   14.844371   -2.691881    2.064514   -7.377221   -8.004588   -8.347103   15.186887   15.106132    0.764231
  22   14.844371   14.844371   -2.691881    2.064514   -7.377221   -8.004588   -8.347103   15.186887   15.106132    0.764231
  23   16.500375   16.500375   -2.373286    1.906557   -7.454626   -7.921355   -8.354706   16.933725   16.825746    0.750827
  24   16.500375   16.500375   -2.373286    1.906557   -7.454626   -7.921355   -8.354706   16.933725   16.825746    0.750827
  25   19.069433   19.069433   -2.473908    2.346132   -8.386806   -8.514582   -9.080888   19.635739   19.475349    0.716778
  26   19.069433   19.069433   -2.473908    2.346132   -8.386806   -8.514582   -9.080888   19.635739   19.475349    0.716778
  27   19.075947   19.075947   -2.473467    2.353212   -8.394257   -8.514511   -9.080172   19.641607   19.481436    0.716842
  28   19.075947   19.075947   -2.473467    2.353212   -8.394257   -8.514511   -9.080172   19.641607   19.481436    0.716842
 
       k =  0.000000  0.000000  0.333333 ik =   3 spin = 1

   n         Emf          Eo           X        SX-X          CH         Sig         Vxc        Eqp0        Eqp1       Znk
   1   -4.559945   -4.559945  -17.099342   13.080393   -7.339132  -11.358082  -10.591090   -5.326938   -5.091210    0.692660
   2   -4.559945   -4.559945  -17.099342   13.080393   -7.339132  -11.358082  -10.591090   -5.326938   -5.091210    0.692660
   3    0.672587    0.672587  -14.396003   10.637138   -7.506361  -11.265225  -10.488110   -0.104528    0.083051    0.758622
   4    0.672587    0.672587  -14.396003   10.637138   -7.506361  -11.265225  -10.488110   -0.104528    0.083051    0.758622
   5    4.997676    4.997676  -12.883041    9.274986   -7.971456  -11.579510  -11.011288    4.429453    4.549032    0.789556
   6    4.997676    4.997676  -12.883041    9.274986   -7.971456  -11.579510  -11.011288    4.429453    4.549032    0.789556
   7    5.030515    5.030515  -12.860820    9.259328   -7.974384  -11.575876  -11.009193    4.463832    4.582994    0.789720
   8    5.030515    5.030515  -12.860820    9.259328   -7.974384  -11.575876  -11.009193    4.463832    4.582994    0.789720
   9    7.683792    7.683792   -6.089012    4.222450   -7.901247   -9.767809  -10.105667    8.021650    7.951264    0.791670
  10    7.683792    7.683792   -6.089012    4.222450   -7.901247   -9.767809  -10.105667    8.021650    7.951264    0.791670
  11    9.498602    9.498602   -5.280210    3.612704   -7.712614   -9.380120   -9.894869   10.013351    9.902756    0.785148
  12    9.498602    9.498602   -5.280210    3.612704   -7.712614   -9.380120   -9.894869   10.013351    9.902756    0.785148
  13    9.517532    9.517532   -5.269721    3.607327   -7.712502   -9.374896   -9.890498   10.033134    9.922363    0.785161
  14    9.517532    9.517532   -5.269721    3.607327   -7.712502   -9.374896   -9.890498   10.033134    9.922363    0.785161
  15   13.702419   13.702419   -3.315883    2.271413   -7.626614   -8.671084   -9.062542   14.093877   14.000142    0.760549
  16   13.702419   13.702419   -3.315883    2.271413   -7.626614   -8.671084   -9.062542   14.093877   14.000142    0.760549
  17   13.998832   13.998832   -4.018121    2.785647   -7.859393   -9.091868   -9.866418   14.773382   14.590918    0.764425
  18   13.998832   13.998832   -4.018121    2.785647   -7.859393   -9.091868   -9.866418   14.773382   14.590918    0.764425
  19   14.005118   14.005118   -4.017728    2.785076   -7.861636   -9.094288   -9.868401   14.779231   14.596750    0.764270
  20   14.005118   14.005118   -4.017728    2.785076   -7.861636   -9.094288   -9.868401   14.779231   14.596750    0.764270
  21   14.874607   14.874607   -3.471654    2.735785   -8.074619   -8.810487   -9.268960   15.333080   15.222736    0.759324
  22   14.874607   14.874607   -3.471654    2.735785   -8.074619   -8.810487   -9.268960   15.333080   15.222736    0.759324
  23   19.334494   19.334494   -2.757093    2.327082   -8.509364   -8.939375   -9.335496   19.730615   19.616821    0.712729
  24   19.334494   19.334494   -2.757093    2.327082   -8.509364   -8.939375   -9.335496   19.730615   19.616821    0.712729
  25   20.567057   20.567057   -3.055849    2.709593   -9.288755   -9.635011  -10.333329   21.265375   21.049167    0.690387
  26   20.567057   20.567057   -3.055849    2.709593   -9.288755   -9.635011  -10.333329   21.265375   21.049167    0.690387
  27   20.578482   20.578482   -3.053497    2.707496   -9.289891   -9.635893  -10.332894   21.275484   21.059638    0.690322
  28   20.578482   20.578482   -3.053497    2.707496   -9.289891   -9.635893  -10.332894   21.275484   21.059638    0.690322
 
       k = -0.000000 -0.000000  0.500000 ik =   4 spin = 1

   n         Emf          Eo           X        SX-X          CH         Sig         Vxc        Eqp0        Eqp1       Znk
   1   -3.598121   -3.598121  -16.913039   12.808488   -7.506741  -11.611292  -10.806069   -4.403344   -4.167219    0.706758
   2   -3.598121   -3.598121  -16.913039   12.808488   -7.506741  -11.611292  -10.806069   -4.403344   -4.167219    0.706758
   3   -0.967724   -0.967724  -14.940092   11.179542   -7.279141  -11.039690  -10.212790   -1.794624   -1.581426    0.742171
   4   -0.967724   -0.967724  -14.940092   11.179542   -7.279141  -11.039690  -10.212790   -1.794624   -1.581426    0.742171
   5    4.800324    4.800324  -13.009008    9.378717   -7.971323  -11.601614  -11.005737    4.204447    4.330555    0.788366
   6    4.800324    4.800324  -13.009008    9.378717   -7.971323  -11.601614  -11.005737    4.204447    4.330555    0.788366
   7    4.833427    4.833427  -12.987289    9.362914   -7.974050  -11.598425  -11.003903    4.238905    4.364624    0.788539
   8    4.833427    4.833427  -12.987289    9.362914   -7.974050  -11.598425  -11.003903    4.238905    4.364624    0.788539
   9    7.457629    7.457629   -6.154561    4.265963   -7.894738   -9.783336  -10.109811    7.784104    7.716344    0.792452
  10    7.457629    7.457629   -6.154561    4.265963   -7.894738   -9.783336  -10.109811    7.784104    7.716344    0.792452
  11    9.335396    9.335396   -5.115170    3.479833   -7.550123   -9.185460   -9.712600    9.862537    9.750510    0.787482
  12    9.335396    9.335396   -5.115170    3.479833   -7.550123   -9.185460   -9.712600    9.862537    9.750510    0.787482
  13    9.350932    9.350932   -5.106248    3.474934   -7.549120   -9.180434   -9.708310    9.878808    9.766643    0.787516
  14    9.350932    9.350932   -5.106248    3.474934   -7.549120   -9.180434   -9.708310    9.878808    9.766643    0.787516
  15   13.563632   13.563632   -2.459291    1.608673   -6.853116   -7.703734   -8.042326   13.902224   13.823442    0.767326
  16   13.563632   13.563632   -2.459291    1.608673   -6.853116   -7.703734   -8.042326   13.902224   13.823442    0.767326
  17   16.586307   16.586307   -3.728840    2.687946   -8.313260   -9.354154  -10.233630   17.465783   17.235850    0.738557
  18   16.586307   16.586307   -3.728840    2.687946   -8.313260   -9.354154  -10.233630   17.465783   17.235850    0.738557
  19   16.586359   16.586359   -3.727617    2.686390   -8.312875   -9.354102  -10.233850   17.466107   17.236097    0.738551
  20   16.586359   16.586359   -3.727617    2.686390   -8.312875   -9.354102  -10.233850   17.466107   17.236097    0.738551
  21   17.089684   17.089684   -3.602692    2.904705   -8.671540   -9.369527   -9.874845   17.595002   17.462292    0.737374
  22   17.089684   17.089684   -3.602692    2.904705   -8.671540   -9.369527   -9.874845   17.595002   17.462292    0.737374
  23   17.271878   17.271878   -3.439199    2.657434   -8.559605   -9.341370  -10.026791   17.957300   17.773476    0.731808
  24   17.271878   17.271878   -3.439199    2.657434   -8.559605   -9.341370  -10.026791   17.957300   17.773476    0.731808
  25   17.292068   17.292068   -3.435085    2.648637   -8.556361   -9.342809  -10.028756   17.978016   17.793988    0.731718
  26   17.292068   17.292068   -3.435085    2.648637   -8.556361   -9.342809  -10.028756   17.978016   17.793988    0.731718
  27   18.641945   18.641945   -3.397266    3.210174   -9.721478   -9.908571  -10.333483   19.066857   18.943885    0.710594
  28   18.641945   18.641945   -3.397266    3.210174   -9.721478   -9.908571  -10.333483   19.066857   18.943885    0.710594
 
       k =  0.000000  0.166667  0.166667 ik =   5 spin = 1

   n         Emf          Eo           X        SX-X          CH         Sig         Vxc        Eqp0        Eqp1       Znk
   1   -5.454722   -5.454722  -17.377286   13.423875   -7.248756  -11.202167  -10.489636   -6.167253   -5.939710    0.680655
   2   -5.454722   -5.454722  -17.377286   13.423875   -7.248756  -11.202167  -10.489636   -6.167253   -5.939710    0.680655
   3    3.964738    3.964738  -13.330140    9.653102   -8.081992  -11.759029  -11.162587    3.368296    3.497250    0.783793
   4    3.964738    3.964738  -13.330140    9.653102   -8.081992  -11.759029  -11.162587    3.368296    3.497250    0.783793
   5    4.813549    4.813549  -12.628961    9.116668   -7.852588  -11.364881  -10.821927    4.270595    4.384914    0.789450
   6    4.813549    4.813549  -12.628961    9.116668   -7.852588  -11.364881  -10.821927    4.270595    4.384914    0.789450
   7    4.827715    4.827715  -12.608578    9.102927   -7.851162  -11.356813  -10.816091    4.286993    4.400797    0.789534
   8    4.827715    4.827715  -12.608578    9.102927   -7.851162  -11.356813  -10.816091    4.286993    4.400797    0.789534
   9    7.674885    7.674885   -5.729180    3.901446   -7.473824   -9.301559   -9.646740    8.020066    7.948274    0.792015
  10    7.674885    7.674885   -5.729180    3.901446   -7.473824   -9.301559   -9.646740    8.020066    7.948274    0.792015
  11   10.209495   10.209495   -5.172090    3.701523   -8.089187   -9.559754  -10.023587   10.673328   10.572516    0.782655
  12   10.209495   10.209495   -5.172090    3.701523   -8.089187   -9.559754  -10.023587   10.673328   10.572516    0.782655
  13   10.330674   10.330674   -5.759118    3.940992   -8.165910   -9.984036  -10.478611   10.825249   10.715459    0.778012
  14   10.330674   10.330674   -5.759118    3.940992   -8.165910   -9.984036  -10.478611   10.825249   10.715459    0.778012
  15   10.335350   10.335350   -5.740608    3.931175   -8.162977   -9.972410  -10.468103   10.831044   10.721013    0.778027
  16   10.335350   10.335350   -5.740608    3.931175   -8.162977   -9.972410  -10.468103   10.831044   10.721013    0.778027
  17   12.518178   12.518178   -4.726014    3.415670   -8.150552   -9.460897  -10.106392   13.163673   13.019835    0.777166
  18   12.518178   12.518178   -4.726014    3.415670   -8.150552   -9.460897  -10.106392   13.163673   13.019835    0.777166
  19   14.340032   14.340032   -4.174108    3.004590   -7.960744   -9.130261  -10.070339   15.280110   15.062391    0.768402
  20   14.340032   14.340032   -4.174108    3.004590   -7.960744   -9.130261  -10.070339   15.280110   15.062391    0.768402
  21   15.493756   15.493756   -2.752738    2.204491   -7.597042   -8.145289   -8.499541   15.848008   15.762952    0.759901
  22   15.493756   15.493756   -2.752738    2.204491   -7.597042   -8.145289   -8.499541   15.848008   15.762952    0.759901
  23   18.003654   18.003654   -2.295384    2.042941   -7.938391   -8.190835   -8.672150   18.484969   18.354688    0.729323
  24   18.003654   18.003654   -2.295384    2.042941   -7.938391   -8.190835   -8.672150   18.484969   18.354688    0.729323
  25   18.009669   18.009669   -2.295101    2.050763   -7.946325   -8.190662   -8.670768   18.489776   18.359881    0.729447
  26   18.009669   18.009669   -2.295101    2.050763   -7.946325   -8.190662   -8.670768   18.489776   18.359881    0.729447
  27   18.547924   18.547924   -2.347278    2.180965   -7.916557   -8.082870   -8.612288   19.077342   18.936813    0.734558
  28   18.547924   18.547924   -2.347278    2.180965   -7.916557   -8.082870   -8.612288   19.077342   18.936813    0.734558
 
       k = -0.000000  0.166667  0.333333 ik =   6 spin = 1

   n         Emf          Eo           X        SX-X          CH         Sig         Vxc        Eqp0        Eqp1       Znk
   1   -4.637973   -4.637973  -17.105807   13.095268   -7.320391  -11.330930  -10.564464   -5.404439   -5.168482    0.692149
   2   -4.637973   -4.637973  -17.105807   13.095268   -7.320391  -11.330930  -10.564464   -5.404439   -5.168482    0.692149
   3    1.575346    1.575346  -14.262261   10.453613   -7.731956  -11.540604  -10.795196    0.829939    1.004206    0.766213
   4    1.575346    1.575346  -14.262261   10.453613   -7.731956  -11.540604  -10.795196    0.829939    1.004206    0.766213
   5    4.011919    4.011919  -12.662070    9.185487   -7.741466  -11.218048  -10.650042    3.443912    3.565337    0.786226
   6    4.011919    4.011919  -12.662070    9.185487   -7.741466  -11.218048  -10.650042    3.443912    3.565337    0.786226
   7    4.269156    4.269156  -12.862519    9.305962   -7.786402  -11.342959  -10.745243    3.671440    3.798987    0.786610
   8    4.269156    4.269156  -12.862519    9.305962   -7.786402  -11.342959  -10.745243    3.671440    3.798987    0.786610
   9    7.926108    7.926108   -5.714851    3.856549   -7.480882   -9.339184   -9.679840    8.266764    8.195988    0.792235
  10    7.926108    7.926108   -5.714851    3.856549   -7.480882   -9.339184   -9.679840    8.266764    8.195988    0.792235
  11   10.009330   10.009330   -5.000562    3.499072   -7.903352   -9.404842   -9.892663   10.497150   10.390747    0.781880
  12   10.009330   10.009330   -5.000562    3.499072   -7.903352   -9.404842   -9.892663   10.497150   10.390747    0.781880
  13   10.484578   10.484578   -5.240995    3.509941   -7.738516   -9.469570   -9.966594   10.981602   10.874000    0.783507
  14   10.484578   10.484578   -5.240995    3.509941   -7.738516   -9.469570   -9.966594   10.981602   10.874000    0.783507
  15   11.063419   11.063419   -5.239644    3.569476   -8.065586   -9.735754  -10.304483   11.632148   11.504487    0.775534
  16   11.063419   11.063419   -5.239644    3.569476   -8.065586   -9.735754  -10.304483   11.632148   11.504487    0.775534
  17   14.964110   14.964110   -4.465843    3.436253   -8.948159   -9.977749  -10.612587   15.598947   15.439957    0.749558
  18   14.964110   14.964110   -4.465843    3.436253   -8.948159   -9.977749  -10.612587   15.598947   15.439957    0.749558
  19   15.112564   15.112564   -3.927778    2.832279   -8.082311   -9.177810  -10.044006   15.978760   15.768949    0.757779
  20   15.112564   15.112564   -3.927778    2.832279   -8.082311   -9.177810  -10.044006   15.978760   15.768949    0.757779
  21   16.252884   16.252884   -2.562514    2.005598   -7.580163   -8.137079   -8.560010   16.675814   16.569311    0.748178
  22   16.252884   16.252884   -2.562514    2.005598   -7.580163   -8.137079   -8.560010   16.675814   16.569311    0.748178
  23   18.670379   18.670379   -2.527052    2.087074   -7.980141   -8.420119   -8.844342   19.094602   18.978283    0.725807
  24   18.670379   18.670379   -2.527052    2.087074   -7.980141   -8.420119   -8.844342   19.094602   18.978283    0.725807
  25   19.704095   19.704095   -2.851193    2.389342   -8.806247   -9.268098   -9.926170   20.362167   20.162969    0.697301
  26   19.704095   19.704095   -2.851193    2.389342   -8.806247   -9.268098   -9.926170   20.362167   20.162969    0.697301
  27   21.185960   21.185960   -2.782477    2.389803   -8.978000   -9.370674   -9.961259   21.776544   21.588438    0.681491
  28   21.185960   21.185960   -2.782477    2.389803   -8.978000   -9.370674   -9.961259   21.776544   21.588438    0.681491
 
       k =  0.000000  0.166667  0.500000 ik =   7 spin = 1

   n         Emf          Eo           X        SX-X          CH         Sig         Vxc        Eqp0        Eqp1       Znk
   1   -3.441023   -3.441023  -16.798011   12.695421   -7.485366  -11.587957  -10.769112   -4.259868   -4.020991    0.708276
   2   -3.441023   -3.441023  -16.798011   12.695421   -7.485366  -11.587957  -10.769112   -4.259868   -4.020991    0.708276
   3   -0.597184   -0.597184  -15.000969   11.160068   -7.417504  -11.258405  -10.433425   -1.422164   -1.212716    0.746117
   4   -0.597184   -0.597184  -15.000969   11.160068   -7.417504  -11.258405  -10.433425   -1.422164   -1.212716    0.746117
   5    3.226449    3.226449  -12.932911    9.425978   -7.628349  -11.135283  -10.511976    2.603142    2.739262    0.781616
   6    3.226449    3.226449  -12.932911    9.425978   -7.628349  -11.135283  -10.511976    2.603142    2.739262    0.781616
   7    4.239419    4.239419  -12.971257    9.377332   -7.815464  -11.409389  -10.794683    3.624713    3.756098    0.786264
   8    4.239419    4.239419  -12.971257    9.377332   -7.815464  -11.409389  -10.794683    3.624713    3.756098    0.786264
   9    7.995150    7.995150   -5.458405    3.695504   -7.442465   -9.205366   -9.581979    8.371764    8.293843    0.793102
  10    7.995150    7.995150   -5.458405    3.695504   -7.442465   -9.205366   -9.581979    8.371764    8.293843    0.793102
  11   10.056155   10.056155   -5.491395    3.748211   -7.952391   -9.695575  -10.148507   10.509087   10.410834    0.783074
  12   10.056155   10.056155   -5.491395    3.748211   -7.952391   -9.695575  -10.148507   10.509087   10.410834    0.783074
  13   10.618807   10.618807   -4.976938    3.384827   -7.793514   -9.385625   -9.960000   11.193182   11.066883    0.780110
  14   10.618807   10.618807   -4.976938    3.384827   -7.793514   -9.385625   -9.960000   11.193182   11.066883    0.780110
  15   12.361953   12.361953   -4.322167    2.927041   -7.896646   -9.291772   -9.863795   12.933976   12.801613    0.768606
  16   12.361953   12.361953   -4.322167    2.927041   -7.896646   -9.291772   -9.863795   12.933976   12.801613    0.768606
  17   15.297307   15.297307   -3.028317    2.152469   -7.696347   -8.572194   -9.064228   15.789340   15.666392    0.750123
  18   15.297307   15.297307   -3.028317    2.152469   -7.696347   -8.572194   -9.064228   15.789340   15.666392    0.750123
  19   16.482425   16.482425   -3.695516    2.668290   -8.319428   -9.346655  -10.170600   17.306370   17.090820    0.738393
  20   16.482425   16.482425   -3.695516    2.668290   -8.319428   -9.346655  -10.170600   17.306370   17.090820    0.738393
  21   17.613700   17.613700   -3.172936    2.644177   -8.410823   -8.939583   -9.518255   18.192372   18.039263    0.735413
  22   17.613700   17.613700   -3.172936    2.644177   -8.410823   -8.939583   -9.518255   18.192372   18.039263    0.735413
  23   17.806815   17.806815   -3.493396    2.740208   -8.679616   -9.432804  -10.217195   18.591206   18.375989    0.725625
  24   17.806815   17.806815   -3.493396    2.740208   -8.679616   -9.432804  -10.217195   18.591206   18.375989    0.725625
  25   18.417568   18.417568   -3.477859    3.033889   -9.287092   -9.731062  -10.284487   18.970993   18.814892    0.717936
  26   18.417568   18.417568   -3.477859    3.033889   -9.287092   -9.731062  -10.284487   18.970993   18.814892    0.717936
  27   21.935205   21.935205   -2.921871    2.802224   -9.573251   -9.692898  -10.222920   22.465227   22.294416    0.677730
  28   21.935205   21.935205   -2.921871    2.802224   -9.573251   -9.692898  -10.222920   22.465227   22.294416    0.677730
 
       k = -0.000000  0.166667  0.666667 ik =   8 spin = 1

   n         Emf          Eo           X        SX-X          CH         Sig         Vxc        Eqp0        Eqp1       Znk
   1   -3.828561   -3.828561  -16.878225   12.813223   -7.420907  -11.485909  -10.685624   -4.628845   -4.390780    0.702524
   2   -3.828561   -3.828561  -16.878225   12.813223   -7.420907  -11.485909  -10.685624   -4.628845   -4.390780    0.702524
   3    0.004171    0.004171  -14.828980   10.983067   -7.514280  -11.360192  -10.550648   -0.805373   -0.604238    0.751545
   4    0.004171    0.004171  -14.828980   10.983067   -7.514280  -11.360192  -10.550648   -0.805373   -0.604238    0.751545
   5    2.954989    2.954989  -12.955041    9.464611   -7.547040  -11.037470  -10.400113    2.317632    2.457853    0.779996
   6    2.954989    2.954989  -12.955041    9.464611   -7.547040  -11.037470  -10.400113    2.317632    2.457853    0.779996
   7    4.718169    4.718169  -12.913990    9.309755   -7.916926  -11.521161  -10.934900    4.131908    4.255980    0.788367
   8    4.718169    4.718169  -12.913990    9.309755   -7.916926  -11.521161  -10.934900    4.131908    4.255980    0.788367
   9    8.404145    8.404145   -5.520137    3.787206   -7.653435   -9.386366   -9.795532    8.813312    8.727654    0.790653
  10    8.404145    8.404145   -5.520137    3.787206   -7.653435   -9.386366   -9.795532    8.813312    8.727654    0.790653
  11   10.062630   10.062630   -5.426093    3.659998   -7.828039   -9.594135  -10.031146   10.499642   10.405255    0.784019
  12   10.062630   10.062630   -5.426093    3.659998   -7.828039   -9.594135  -10.031146   10.499642   10.405255    0.784019
  13   10.228004   10.228004   -4.982562    3.400587   -7.784072   -9.366046   -9.918802   10.780759   10.659496    0.780620
  14   10.228004   10.228004   -4.982562    3.400587   -7.784072   -9.366046   -9.918802   10.780759   10.659496    0.780620
  15   13.178324   13.178324   -4.218092    2.938719   -8.140515   -9.419888   -9.950578   13.709014   13.582536    0.761672
  16   13.178324   13.178324   -4.218092    2.938719   -8.140515   -9.419888   -9.950578   13.709014   13.582536    0.761672
  17   13.338192   13.338192   -4.161601    2.837205   -7.765905   -9.090301   -9.828530   14.076421   13.905468    0.768428
  18   13.338192   13.338192   -4.161601    2.837205   -7.765905   -9.090301   -9.828530   14.076421   13.905468    0.768428
  19   15.295358   15.295358   -3.347061    2.389452   -8.009418   -8.967028   -9.512526   15.840856   15.702240    0.745890
  20   15.295358   15.295358   -3.347061    2.389452   -8.009418   -8.967028   -9.512526   15.840856   15.702240    0.745890
  21   17.341333   17.341333   -2.889475    2.474380   -8.107119   -8.522214   -9.117121   17.936240   17.782027    0.740779
  22   17.341333   17.341333   -2.889475    2.474380   -8.107119   -8.522214   -9.117121   17.936240   17.782027    0.740779
  23   18.660028   18.660028   -3.607205    2.968344   -9.165251   -9.804111  -10.519357   19.375274   19.173919    0.718482
  24   18.660028   18.660028   -3.607205    2.968344   -9.165251   -9.804111  -10.519357   19.375274   19.173919    0.718482
  25   20.700056   20.700056   -2.613731    2.340599   -8.621504   -8.894636   -9.327504   21.132924   21.002863    0.699538
  26   20.700056   20.700056   -2.613731    2.340599   -8.621504   -8.894636   -9.327504   21.132924   21.002863    0.699538
  27   21.360219   21.360219   -3.059746    2.805572   -9.471016   -9.725189  -10.430752   22.065782   21.840870    0.681230
  28   21.360219   21.360219   -3.059746    2.805572   -9.471016   -9.725189  -10.430752   22.065782   21.840870    0.681230
 
       k = -0.000000  0.166667  0.833333 ik =   9 spin = 1

   n         Emf          Eo           X        SX-X          CH         Sig         Vxc        Eqp0        Eqp1       Znk
   1   -4.988632   -4.988632  -17.223407   13.234428   -7.288183  -11.277162  -10.533498   -5.732295   -5.500183    0.687880
   2   -4.988632   -4.988632  -17.223407   13.234428   -7.288183  -11.277162  -10.533498   -5.732295   -5.500183    0.687880
   3    2.293437    2.293437  -13.990934   10.222975   -7.828621  -11.596580  -10.893081    1.589938    1.750355    0.771972
   4    2.293437    2.293437  -13.990934   10.222975   -7.828621  -11.596580  -10.893081    1.589938    1.750355    0.771972
   5    3.590709    3.590709  -12.550720    9.150592   -7.548809  -10.948937  -10.368598    3.010370    3.135405    0.784549
   6    3.590709    3.590709  -12.550720    9.150592   -7.548809  -10.948937  -10.368598    3.010370    3.135405    0.784549
   7    5.448674    5.448674  -12.807393    9.186513   -8.058324  -11.679204  -11.141226    4.910697    5.022911    0.791414
   8    5.448674    5.448674  -12.807393    9.186513   -8.058324  -11.679204  -11.141226    4.910697    5.022911    0.791414
   9    8.996683    8.996683   -5.679684    3.983735   -8.036022   -9.731970  -10.182135    9.446848    9.350234    0.785382
  10    8.996683    8.996683   -5.679684    3.983735   -8.036022   -9.731970  -10.182135    9.446848    9.350234    0.785382
  11    9.557931    9.557931   -5.371008    3.707313   -7.921933   -9.585628  -10.078997   10.051301    9.943145    0.780782
  12    9.557931    9.557931   -5.371008    3.707313   -7.921933   -9.585628  -10.078997   10.051301    9.943145    0.780782
  13    9.793177    9.793177   -5.916786    3.923783   -7.866750   -9.859753  -10.246193   10.179617   10.096568    0.785094
  14    9.793177    9.793177   -5.916786    3.923783   -7.866750   -9.859753  -10.246193   10.179617   10.096568    0.785094
  15   11.570621   11.570621   -4.596728    3.225267   -7.977597   -9.349058   -9.852292   12.073855   11.960831    0.775405
  16   11.570621   11.570621   -4.596728    3.225267   -7.977597   -9.349058   -9.852292   12.073855   11.960831    0.775405
  17   12.130309   12.130309   -4.202872    2.843152   -7.377641   -8.737361   -9.464772   12.857720   12.699500    0.782489
  18   12.130309   12.130309   -4.202872    2.843152   -7.377641   -8.737361   -9.464772   12.857720   12.699500    0.782489
  19   15.295985   15.295985   -4.223909    3.207423   -8.661201   -9.677687  -10.418290   16.036588   15.851646    0.750282
  20   15.295985   15.295985   -4.223909    3.207423   -8.661201   -9.677687  -10.418290   16.036588   15.851646    0.750282
  21   16.267084   16.267084   -2.740701    2.154642   -7.805520   -8.391578   -8.777955   16.653461   16.555356    0.746091
  22   16.267084   16.267084   -2.740701    2.154642   -7.805520   -8.391578   -8.777955   16.653461   16.555356    0.746091
  23   17.414244   17.414244   -2.592322    2.161554   -7.751507   -8.182274   -8.778374   18.010344   17.856978    0.742718
  24   17.414244   17.414244   -2.592322    2.161554   -7.751507   -8.182274   -8.778374   18.010344   17.856978    0.742718
  25   19.280967   19.280967   -2.422698    2.050153   -8.168279   -8.540824   -9.046898   19.787041   19.640764    0.710958
  26   19.280967   19.280967   -2.422698    2.050153   -8.168279   -8.540824   -9.046898   19.787041   19.640764    0.710958
  27   21.469927   21.469927   -2.714636    2.654953   -8.973645   -9.033329   -9.576998   22.013597   21.845075    0.690030
  28   21.469927   21.469927   -2.714636    2.654953   -8.973645   -9.033329   -9.576998   22.013597   21.845075    0.690030
 
       k = -0.000000  0.333333  0.333333 ik =  10 spin = 1

   n         Emf          Eo           X        SX-X          CH         Sig         Vxc        Eqp0        Eqp1       Znk
   1   -4.033311   -4.033311  -16.880815   12.850319   -7.371087  -11.401583  -10.604750   -4.830145   -4.591493    0.700500
   2   -4.033311   -4.033311  -16.880815   12.850319   -7.371087  -11.401583  -10.604750   -4.830145   -4.591493    0.700500
   3    1.007825    1.007825  -14.865575   10.908486   -7.857103  -11.814192  -11.037077    0.230710    0.417675    0.759411
   4    1.007825    1.007825  -14.865575   10.908486   -7.857103  -11.814192  -11.037077    0.230710    0.417675    0.759411
   5    3.594931    3.594931  -13.084857    9.495207   -7.687871  -11.277522  -10.623969    2.941379    3.083342    0.782782
   6    3.594931    3.594931  -13.084857    9.495207   -7.687871  -11.277522  -10.623969    2.941379    3.083342    0.782782
   7    3.600210    3.600210  -13.077541    9.490442   -7.687224  -11.274323  -10.621545    2.947432    3.089204    0.782818
   8    3.600210    3.600210  -13.077541    9.490442   -7.687224  -11.274323  -10.621545    2.947432    3.089204    0.782818
   9    6.677286    6.677286   -5.637132    3.791737   -7.178408   -9.023803   -9.310465    6.963948    6.905706    0.796827
  10    6.677286    6.677286   -5.637132    3.791737   -7.178408   -9.023803   -9.310465    6.963948    6.905706    0.796827
  11    7.939821    7.939821   -4.847806    3.236380   -7.073680   -8.685105   -9.078078    8.332794    8.252684    0.796143
  12    7.939821    7.939821   -4.847806    3.236380   -7.073680   -8.685105   -9.078078    8.332794    8.252684    0.796143
  13   13.213334   13.213334   -4.781818    3.276683   -8.451663   -9.956797  -10.592116   13.848653   13.695049    0.758226
  14   13.213334   13.213334   -4.781818    3.276683   -8.451663   -9.956797  -10.592116   13.848653   13.695049    0.758226
  15   13.220049   13.220049   -4.786969    3.279817   -8.456510   -9.963661  -10.598939   13.855327   13.701641    0.758081
  16   13.220049   13.220049   -4.786969    3.279817   -8.456510   -9.963661  -10.598939   13.855327   13.701641    0.758081
  17   15.585406   15.585406   -4.442463    3.619645   -9.290235  -10.113053  -10.711301   16.183654   16.032131    0.746721
  18   15.585406   15.585406   -4.442463    3.619645   -9.290235  -10.113053  -10.711301   16.183654   16.032131    0.746721
  19   15.941973   15.941973   -3.809560    2.869518   -8.214780   -9.154821  -10.100573   16.887725   16.655194    0.754131
  20   15.941973   15.941973   -3.809560    2.869518   -8.214780   -9.154821  -10.100573   16.887725   16.655194    0.754131
  21   18.806911   18.806911   -2.688034    2.284028   -8.316970   -8.720975   -9.077686   19.163621   19.064484    0.722079
  22   18.806911   18.806911   -2.688034    2.284028   -8.316970   -8.720975   -9.077686   19.163621   19.064484    0.722079
  23   19.436373   19.436373   -3.022845    2.313980   -8.746851   -9.455716  -10.140558   20.121215   19.912966    0.695916
  24   19.436373   19.436373   -3.022845    2.313980   -8.746851   -9.455716  -10.140558   20.121215   19.912966    0.695916
  25   19.438033   19.438033   -3.025595    2.319513   -8.752072   -9.458153  -10.142014   20.121894   19.913949    0.695925
  26   19.438033   19.438033   -3.025595    2.319513   -8.752072   -9.458153  -10.142014   20.121894   19.913949    0.695925
  27   20.999205   20.999205   -2.094844    1.691427   -7.705878   -8.109295   -8.557407   21.447316   21.315256    0.705296
  28   20.999205   20.999205   -2.094844    1.691427   -7.705878   -8.109295   -8.557407   21.447316   21.315256    0.705296
 
       k =  0.000000  0.333333  0.500000 ik =  11 spin = 1

   n         Emf          Eo           X        SX-X          CH         Sig         Vxc        Eqp0        Eqp1       Znk
   1   -2.866934   -2.866934  -16.499356   12.414133   -7.496136  -11.581359  -10.742242   -3.706052   -3.467927    0.716220
   2   -2.866934   -2.866934  -16.499356   12.414133   -7.496136  -11.581359  -10.742242   -3.706052   -3.467927    0.716220
   3   -0.541720   -0.541720  -15.542237   11.500091   -7.702775  -11.744921  -10.914249   -1.372392   -1.160142    0.744484
   4   -0.541720   -0.541720  -15.542237   11.500091   -7.702775  -11.744921  -10.914249   -1.372392   -1.160142    0.744484
   5    2.368254    2.368254  -12.950815    9.496661   -7.347034  -10.801188  -10.124054    1.691121    1.842416    0.776566
   6    2.368254    2.368254  -12.950815    9.496661   -7.347034  -10.801188  -10.124054    1.691121    1.842416    0.776566
   7    3.461569    3.461569  -13.163891    9.552440   -7.678764  -11.290215  -10.620659    2.792013    2.938007    0.781954
   8    3.461569    3.461569  -13.163891    9.552440   -7.678764  -11.290215  -10.620659    2.792013    2.938007    0.781954
   9    7.011656    7.011656   -5.347594    3.575083   -7.116883   -8.889394   -9.209008    7.331270    7.266457    0.797217
  10    7.011656    7.011656   -5.347594    3.575083   -7.116883   -8.889394   -9.209008    7.331270    7.266457    0.797217
  11    8.670312    8.670312   -5.227209    3.473528   -7.401056   -9.154736   -9.543612    9.059188    8.977756    0.790597
  12    8.670312    8.670312   -5.227209    3.473528   -7.401056   -9.154736   -9.543612    9.059188    8.977756    0.790597
  13   13.386066   13.386066   -4.620538    3.241988   -8.467904   -9.846454  -10.449005   13.988617   13.842855    0.758092
  14   13.386066   13.386066   -4.620538    3.241988   -8.467904   -9.846454  -10.449005   13.988617   13.842855    0.758092
  15   13.424561   13.424561   -4.393372    3.027140   -8.235821   -9.602053  -10.271922   14.094430   13.933242    0.759373
  16   13.424561   13.424561   -4.393372    3.027140   -8.235821   -9.602053  -10.271922   14.094430   13.933242    0.759373
  17   16.489950   16.489950   -3.709786    2.737293   -8.679996   -9.652489  -10.268010   17.105472   16.939788    0.730824
  18   16.489950   16.489950   -3.709786    2.737293   -8.679996   -9.652489  -10.268010   17.105472   16.939788    0.730824
  19   16.689302   16.689302   -3.725577    2.719238   -8.433889   -9.440228  -10.246729   17.495803   17.283431    0.736675
  20   16.689302   16.689302   -3.725577    2.719238   -8.433889   -9.440228  -10.246729   17.495803   17.283431    0.736675
  21   18.338057   18.338057   -3.541646    2.885238   -8.845015   -9.501423  -10.385196   19.221830   18.976769    0.722711
  22   18.338057   18.338057   -3.541646    2.885238   -8.845015   -9.501423  -10.385196   19.221830   18.976769    0.722711
  23   18.611964   18.611964   -3.703860    3.254202   -9.576762  -10.026421  -10.596731   19.182274   19.019898    0.715285
  24   18.611964   18.611964   -3.703860    3.254202   -9.576762  -10.026421  -10.596731   19.182274   19.019898    0.715285
  25   20.550820   20.550820   -2.276527    2.000909   -8.005308   -8.280927   -8.716789   20.986682   20.859407    0.707993
  26   20.550820   20.550820   -2.276527    2.000909   -8.005308   -8.280927   -8.716789   20.986682   20.859407    0.707993
  27   21.606097   21.606097   -2.836289    2.768751   -9.357389   -9.424927   -9.922741   22.103911   21.945176    0.681136
  28   21.606097   21.606097   -2.836289    2.768751   -9.357389   -9.424927   -9.922741   22.103911   21.945176    0.681136
 
       k = -0.000000  0.333333  0.666667 ik =  12 spin = 1

   n         Emf          Eo           X        SX-X          CH         Sig         Vxc        Eqp0        Eqp1       Znk
   1   -2.666920   -2.666920  -16.522048   12.396701   -7.563529  -11.688876  -10.849005   -3.506791   -3.270319    0.718443
   2   -2.666920   -2.666920  -16.522048   12.396701   -7.563529  -11.688876  -10.849005   -3.506791   -3.270319    0.718443
   3   -0.749063   -0.749063  -15.541724   11.527748   -7.640398  -11.654375  -10.820901   -1.582537   -1.368003    0.742602
   4   -0.749063   -0.749063  -15.541724   11.527748   -7.640398  -11.654375  -10.820901   -1.582537   -1.368003    0.742602
   5    1.579717    1.579717  -13.117978    9.703335   -7.179441  -10.594084   -9.885708    0.871341    1.034009    0.770365
   6    1.579717    1.579717  -13.117978    9.703335   -7.179441  -10.594084   -9.885708    0.871341    1.034009    0.770365
   7    3.904093    3.904093  -13.058659    9.455055   -7.754046  -11.357650  -10.718402    3.264844    3.402639    0.784443
   8    3.904093    3.904093  -13.058659    9.455055   -7.754046  -11.357650  -10.718402    3.264844    3.402639    0.784443
   9    7.516915    7.516915   -5.263115    3.527469   -7.201686   -8.937333   -9.295767    7.875349    7.802179    0.795862
  10    7.516915    7.516915   -5.263115    3.527469   -7.201686   -8.937333   -9.295767    7.875349    7.802179    0.795862
  11   11.747243   11.747243   -4.642781    3.045708   -7.667664   -9.264737   -9.807566   12.290072   12.168597    0.776219
  12   11.747243   11.747243   -4.642781    3.045708   -7.667664   -9.264737   -9.807566   12.290072   12.168597    0.776219
  13   12.453506   12.453506   -4.434486    3.025947   -8.169743   -9.578282  -10.196983   13.072206   12.925241    0.762461
  14   12.453506   12.453506   -4.434486    3.025947   -8.169743   -9.578282  -10.196983   13.072206   12.925241    0.762461
  15   12.986420   12.986420   -4.710431    3.284739   -8.412502   -9.838194  -10.428067   13.576293   13.435576    0.761445
  16   12.986420   12.986420   -4.710431    3.284739   -8.412502   -9.838194  -10.428067   13.576293   13.435576    0.761445
  17   13.301372   13.301372   -4.242887    3.029950   -8.438839   -9.651776  -10.175624   13.825221   13.697425    0.756044
  18   13.301372   13.301372   -4.242887    3.029950   -8.438839   -9.651776  -10.175624   13.825221   13.697425    0.756044
  19   13.685030   13.685030   -4.214383    2.896563   -7.773299   -9.091118   -9.865744   14.459655   14.281057    0.769439
  20   13.685030   13.685030   -4.214383    2.896563   -7.773299   -9.091118   -9.865744   14.459655   14.281057    0.769439
  21   20.218095   20.218095   -2.429808    2.193131   -8.239450   -8.476128   -8.957698   20.699665   20.559788    0.709540
  22   20.218095   20.218095   -2.429808    2.193131   -8.239450   -8.476128   -8.957698   20.699665   20.559788    0.709540
  23   20.765859   20.765859   -2.109520    1.801911   -7.842577   -8.150186   -8.500522   21.116195   21.012739    0.704694
  24   20.765859   20.765859   -2.109520    1.801911   -7.842577   -8.150186   -8.500522   21.116195   21.012739    0.704694
  25   21.426521   21.426521   -3.111700    3.061071  -10.082341  -10.132970  -10.588793   21.882343   21.735055    0.676874
  26   21.426521   21.426521   -3.111700    3.061071  -10.082341  -10.132970  -10.588793   21.882343   21.735055    0.676874
  27   21.728112   21.728112   -3.133915    2.897821   -9.556691   -9.792785  -10.596095   22.531422   22.273038    0.678350
  28   21.728112   21.728112   -3.133915    2.897821   -9.556691   -9.792785  -10.596095   22.531422   22.273038    0.678350
 
       k =  0.000000  0.500000  0.500000 ik =  13 spin = 1

   n         Emf          Eo           X        SX-X          CH         Sig         Vxc        Eqp0        Eqp1       Znk
   1   -1.792668   -1.792668  -16.055241   12.010315   -7.596203  -11.641129  -10.804058   -2.629739   -2.403853    0.730147
   2   -1.792668   -1.792668  -16.055241   12.010315   -7.596203  -11.641129  -10.804058   -2.629739   -2.403853    0.730147
   3   -1.792668   -1.792668  -16.055241   12.010315   -7.596203  -11.641129  -10.804058   -2.629739   -2.403853    0.730147
   4   -1.792668   -1.792668  -16.055241   12.010315   -7.596203  -11.641129  -10.804058   -2.629739   -2.403853    0.730147
   5    3.163296    3.163296  -13.266585    9.650201   -7.651144  -11.267528  -10.571834    2.467602    2.620747    0.779867
   6    3.163296    3.163296  -13.266585    9.650201   -7.651144  -11.267528  -10.571834    2.467602    2.620747    0.779867
   7    3.163296    3.163296  -13.266585    9.650201   -7.651144  -11.267528  -10.571834    2.467602    2.620747    0.779867
   8    3.163296    3.163296  -13.266585    9.650201   -7.651144  -11.267528  -10.571834    2.467602    2.620747    0.779867
   9    6.654134    6.654134   -5.328110    3.557731   -7.031991   -8.802370   -9.108715    6.960479    6.898750    0.798499
  10    6.654134    6.654134   -5.328110    3.557731   -7.031991   -8.802370   -9.108715    6.960479    6.898750    0.798499
  11    6.654134    6.654134   -5.328110    3.557731   -7.031991   -8.802370   -9.108715    6.960479    6.898750    0.798499
  12    6.654134    6.654134   -5.328110    3.557731   -7.031991   -8.802370   -9.108715    6.960479    6.898750    0.798499
  13   15.974789   15.974789   -3.799850    2.748577   -8.953259  -10.004532  -10.549949   16.520207   16.370294    0.725141
  14   15.974789   15.974789   -3.799850    2.748577   -8.953259  -10.004532  -10.549949   16.520207   16.370294    0.725141
  15   15.974789   15.974789   -3.799850    2.748577   -8.953259  -10.004532  -10.549949   16.520207   16.370294    0.725141
  16   15.974789   15.974789   -3.799850    2.748577   -8.953259  -10.004532  -10.549949   16.520207   16.370294    0.725141
  17   16.974655   16.974655   -4.073343    2.891436   -8.463886   -9.645794  -10.551026   17.879888   17.640052    0.735056
  18   16.974655   16.974655   -4.073343    2.891436   -8.463886   -9.645794  -10.551026   17.879888   17.640052    0.735056
  19   16.974655   16.974655   -4.073343    2.891436   -8.463886   -9.645794  -10.551026   17.879888   17.640052    0.735056
  20   16.974655   16.974655   -4.073343    2.891436   -8.463886   -9.645794  -10.551026   17.879888   17.640052    0.735056
  21   18.591725   18.591725   -3.360142    2.959391   -8.839176   -9.239927  -10.156389   19.508187   19.252723    0.721250
  22   18.591725   18.591725   -3.360142    2.959391   -8.839176   -9.239927  -10.156389   19.508187   19.252723    0.721250
  23   18.591725   18.591725   -3.360142    2.959391   -8.839176   -9.239927  -10.156389   19.508187   19.252723    0.721250
  24   18.591725   18.591725   -3.360142    2.959391   -8.839176   -9.239927  -10.156389   19.508187   19.252723    0.721250
  25   18.711994   18.711994   -3.535225    3.240863   -9.558052   -9.852415  -10.327084   19.186663   19.051608    0.715475
  26   18.711994   18.711994   -3.535225    3.240863   -9.558052   -9.852415  -10.327084   19.186663   19.051608    0.715475
  27   18.711994   18.711994   -3.535225    3.240863   -9.558052   -9.852415  -10.327084   19.186663   19.051608    0.715475
  28   18.711994   18.711994   -3.535225    3.240863   -9.558052   -9.852415  -10.327084   19.186663   19.051608    0.715475
 
       k =  0.166667  0.333333  0.500000 ik =  14 spin = 1

   n         Emf          Eo           X        SX-X          CH         Sig         Vxc        Eqp0        Eqp1       Znk
   1   -3.645939   -3.645939  -16.781579   12.719080   -7.422651  -11.485150  -10.672300   -4.458788   -4.219401    0.705496
   2   -3.645939   -3.645939  -16.781579   12.719080   -7.422651  -11.485150  -10.672300   -4.458788   -4.219401    0.705496
   3    0.376740    0.376740  -15.086269   11.104647   -7.760878  -11.742500  -10.936391   -0.429369   -0.231062    0.753995
   4    0.376740    0.376740  -15.086269   11.104647   -7.760878  -11.742500  -10.936391   -0.429369   -0.231062    0.753995
   5    2.429937    2.429937  -12.931997    9.487523   -7.363338  -10.807813  -10.139804    1.761928    1.910882    0.777019
   6    2.429937    2.429937  -12.931997    9.487523   -7.363338  -10.807813  -10.139804    1.761928    1.910882    0.777019
   7    3.714030    3.714030  -12.733943    9.246624   -7.623521  -11.110840  -10.502565    3.105755    3.236681    0.784759
   8    3.714030    3.714030  -12.733943    9.246624   -7.623521  -11.110840  -10.502565    3.105755    3.236681    0.784759
   9    8.814582    8.814582   -5.534175    3.703796   -7.610425   -9.440803   -9.827046    9.200824    9.118937    0.787990
  10    8.814582    8.814582   -5.534175    3.703796   -7.610425   -9.440803   -9.827046    9.200824    9.118937    0.787990
  11    9.667619    9.667619   -4.794785    3.190248   -7.341356   -8.945893   -9.397749   10.119476   10.024121    0.788972
  12    9.667619    9.667619   -4.794785    3.190248   -7.341356   -8.945893   -9.397749   10.119476   10.024121    0.788972
  13   10.189126   10.189126   -5.284864    3.657365   -8.017488   -9.644988  -10.143336   10.687474   10.578196    0.780719
  14   10.189126   10.189126   -5.284864    3.657365   -8.017488   -9.644988  -10.143336   10.687474   10.578196    0.780719
  15   13.018013   13.018013   -4.776751    3.269478   -8.357512   -9.864785  -10.494033   13.647260   13.496799    0.760887
  16   13.018013   13.018013   -4.776751    3.269478   -8.357512   -9.864785  -10.494033   13.647260   13.496799    0.760887
  17   14.947198   14.947198   -4.061872    3.008871   -8.376402   -9.429403  -10.165256   15.683051   15.503164    0.755539
  18   14.947198   14.947198   -4.061872    3.008871   -8.376402   -9.429403  -10.165256   15.683051   15.503164    0.755539
  19   15.814235   15.814235   -3.635662    2.615697   -8.395100   -9.415064  -10.037003   16.436173   16.273335    0.738176
  20   15.814235   15.814235   -3.635662    2.615697   -8.395100   -9.415064  -10.037003   16.436173   16.273335    0.738176
  21   18.826582   18.826582   -3.444450    2.955413   -9.169138   -9.658175  -10.282292   19.450698   19.274809    0.718178
  22   18.826582   18.826582   -3.444450    2.955413   -9.169138   -9.658175  -10.282292   19.450698   19.274809    0.718178
  23   19.165918   19.165918   -2.721336    2.338133   -8.355896   -8.739098   -9.393638   19.820458   19.636089    0.718322
  24   19.165918   19.165918   -2.721336    2.338133   -8.355896   -8.739098   -9.393638   19.820458   19.636089    0.718322
  25   19.744075   19.744075   -2.451282    2.198021   -8.119550   -8.372811   -8.829595   20.200860   20.072299    0.718552
  26   19.744075   19.744075   -2.451282    2.198021   -8.119550   -8.372811   -8.829595   20.200860   20.072299    0.718552
  27   20.793675   20.793675   -3.090089    2.771743   -9.254399   -9.572745  -10.231370   21.452300   21.249179    0.691598
  28   20.793675   20.793675   -3.090089    2.771743   -9.254399   -9.572745  -10.231370   21.452300   21.249179    0.691598
 
       k =  0.166667  0.333333  0.666667 ik =  15 spin = 1

   n         Emf          Eo           X        SX-X          CH         Sig         Vxc        Eqp0        Eqp1       Znk
   1   -2.656671   -2.656671  -16.532937   12.404922   -7.571895  -11.699909  -10.859912   -3.496668   -3.260088    0.718356
   2   -2.656671   -2.656671  -16.532937   12.404922   -7.571895  -11.699909  -10.859912   -3.496668   -3.260088    0.718356
   3   -0.824038   -0.824038  -15.473110   11.485947   -7.582845  -11.570009  -10.732771   -1.661275   -1.445937    0.742798
   4   -0.824038   -0.824038  -15.473110   11.485947   -7.582845  -11.570009  -10.732771   -1.661275   -1.445937    0.742798
   5    1.987725    1.987725  -13.131333    9.665229   -7.319116  -10.785220  -10.090941    1.293446    1.450907    0.773203
   6    1.987725    1.987725  -13.131333    9.665229   -7.319116  -10.785220  -10.090941    1.293446    1.450907    0.773203
   7    3.244617    3.244617  -12.767887    9.300600   -7.507962  -10.975249  -10.341687    2.611055    2.748885    0.782451
   8    3.244617    3.244617  -12.767887    9.300600   -7.507962  -10.975249  -10.341687    2.611055    2.748885    0.782451
   9    9.313555    9.313555   -5.160812    3.412741   -7.399349   -9.147420   -9.557111    9.723247    9.636921    0.789292
  10    9.313555    9.313555   -5.160812    3.412741   -7.399349   -9.147420   -9.557111    9.723247    9.636921    0.789292
  11    9.511887    9.511887   -5.332789    3.640331   -7.824606   -9.517064   -9.973538    9.968361    9.870069    0.784670
  12    9.511887    9.511887   -5.332789    3.640331   -7.824606   -9.517064   -9.973538    9.968361    9.870069    0.784670
  13   12.045847   12.045847   -4.515963    3.022314   -7.821287   -9.314936   -9.881463   12.612374   12.483484    0.772491
  14   12.045847   12.045847   -4.515963    3.022314   -7.821287   -9.314936   -9.881463   12.612374   12.483484    0.772491
  15   12.458978   12.458978   -4.351813    3.004151   -8.118462   -9.466124  -10.048608   13.041463   12.904182    0.764318
  16   12.458978   12.458978   -4.351813    3.004151   -8.118462   -9.466124  -10.048608   13.041463   12.904182    0.764318
  17   13.503508   13.503508   -4.565263    3.169622   -8.350718   -9.746359  -10.407916   14.165065   14.006144    0.759778
  18   13.503508   13.503508   -4.565263    3.169622   -8.350718   -9.746359  -10.407916   14.165065   14.006144    0.759778
  19   17.042749   17.042749   -3.670473    2.720062   -8.642086   -9.592497  -10.338998   17.789249   17.585748    0.727393
  20   17.042749   17.042749   -3.670473    2.720062   -8.642086   -9.592497  -10.338998   17.789249   17.585748    0.727393
  21   17.842457   17.842457   -3.524355    2.871149   -8.845971   -9.499176  -10.182703   18.525984   18.338516    0.725735
  22   17.842457   17.842457   -3.524355    2.871149   -8.845971   -9.499176  -10.182703   18.525984   18.338516    0.725735
  23   19.322113   19.322113   -2.386595    2.154096   -8.036161   -8.268660   -8.721132   19.774585   19.648480    0.721298
  24   19.322113   19.322113   -2.386595    2.154096   -8.036161   -8.268660   -8.721132   19.774585   19.648480    0.721298
  25   22.054731   22.054731   -3.026652    3.062679  -10.034573   -9.998547  -10.539853   22.596037   22.414592    0.664802
  26   22.054731   22.054731   -3.026652    3.062679  -10.034573   -9.998547  -10.539853   22.596037   22.414592    0.664802
  27   22.666766   22.666766   -2.886880    2.968466   -9.840028   -9.758441  -10.262836   23.171161   23.000691    0.662031
  28   22.666766   22.666766   -2.886880    2.968466   -9.840028   -9.758441  -10.262836   23.171161   23.000691    0.662031
 
       k =  0.166667  0.500000  0.666667 ik =  16 spin = 1

   n         Emf          Eo           X        SX-X          CH         Sig         Vxc        Eqp0        Eqp1       Znk
   1   -1.671870   -1.671870  -16.085690   11.989766   -7.637074  -11.732998  -10.884922   -2.519946   -2.292923    0.732308
   2   -1.671870   -1.671870  -16.085690   11.989766   -7.637074  -11.732998  -10.884922   -2.519946   -2.292923    0.732308
   3   -1.667109   -1.667109  -16.083320   11.988350   -7.637466  -11.732435  -10.884535   -2.515010   -2.287987    0.732253
   4   -1.667109   -1.667109  -16.083320   11.988350   -7.637466  -11.732435  -10.884535   -2.515010   -2.287987    0.732253
   5    2.349299    2.349299  -12.941767    9.494696   -7.336305  -10.783376  -10.103234    1.669158    1.821178    0.776487
   6    2.349299    2.349299  -12.941767    9.494696   -7.336305  -10.783376  -10.103234    1.669158    1.821178    0.776487
   7    2.361277    2.361277  -12.930860    9.486492   -7.335985  -10.780354  -10.100586    1.681509    1.833367    0.776604
   8    2.361277    2.361277  -12.930860    9.486492   -7.335985  -10.780354  -10.100586    1.681509    1.833367    0.776604
   9    8.699699    8.699699   -5.302338    3.524398   -7.440108   -9.218047   -9.602378    9.084030    9.003421    0.790262
  10    8.699699    8.699699   -5.302338    3.524398   -7.440108   -9.218047   -9.602378    9.084030    9.003421    0.790262
  11    8.706161    8.706161   -5.297773    3.520867   -7.438563   -9.215469   -9.599828    9.090520    9.009905    0.790261
  12    8.706161    8.706161   -5.297773    3.520867   -7.438563   -9.215469   -9.599828    9.090520    9.009905    0.790261
  13   12.699381   12.699381   -4.446430    3.053700   -8.118754   -9.511484  -10.109312   13.297209   13.156303    0.764305
  14   12.699381   12.699381   -4.446430    3.053700   -8.118754   -9.511484  -10.109312   13.297209   13.156303    0.764305
  15   12.710611   12.710611   -4.441305    3.050445   -8.117427   -9.508288  -10.106518   13.308841   13.167825    0.764279
  16   12.710611   12.710611   -4.441305    3.050445   -8.117427   -9.508288  -10.106518   13.308841   13.167825    0.764279
  17   16.488623   16.488623   -3.967403    2.851406   -8.743943   -9.859939  -10.581423   17.210107   17.015607    0.730417
  18   16.488623   16.488623   -3.967403    2.851406   -8.743943   -9.859939  -10.581423   17.210107   17.015607    0.730417
  19   16.505228   16.505228   -3.967820    2.854168   -8.747180   -9.860832  -10.583286   17.227681   17.032820    0.730278
  20   16.505228   16.505228   -3.967820    2.854168   -8.747180   -9.860832  -10.583286   17.227681   17.032820    0.730278
  21   18.832377   18.832377   -3.441547    3.053902   -9.185196   -9.572841  -10.286789   19.546325   19.345044    0.718073
  22   18.832377   18.832377   -3.441547    3.053902   -9.185196   -9.572841  -10.286789   19.546325   19.345044    0.718073
  23   18.848904   18.848904   -3.441027    3.064208   -9.199138   -9.575958  -10.289055   19.562001   19.360620    0.717596
  24   18.848904   18.848904   -3.441027    3.064208   -9.199138   -9.575958  -10.289055   19.562001   19.360620    0.717596
  25   22.311485   22.311485   -2.663693    2.653997   -9.280521   -9.290217   -9.775262   22.796531   22.637616    0.672371
  26   22.311485   22.311485   -2.663693    2.653997   -9.280521   -9.290217   -9.775262   22.796531   22.637616    0.672371
  27   22.325133   22.325133   -2.657066    2.649175   -9.275315   -9.283206   -9.765250   22.807177   22.649260    0.672401
  28   22.325133   22.325133   -2.657066    2.649175   -9.275315   -9.283206   -9.765250   22.807177   22.649260    0.672401
 

================================================================================

    n = band index.
  Emf = "inner" mean-field energy eigenvalue used to construct Sigma(E),
        read from WFN_inner.
   Eo = "outer" mean-field energy eigenvalue where we center the evaluation
        frequency grid {E} of Sigma(E). Defaults to Emf, unless
        you use WFN_outer and eqp_outer.dat / scissors_outer.
  Vxc = exchange-correlation pot., calculated from VXC or read from vxc.dat.
  KIH = Kinetic energy + Ionic potential + Hartree, read from kih.dat.
    X = bare exchange.
   SX = screened exchange contrib. to Sigma(E) at energy E=Eo
   CH = Coulomb hole contrib. to Sigma(E) at energy E=Eo
  Cor = SX-X + CH = correlation portion of Sigma(E) at energy E=Eo.
  Sig = X + Cor = self energy, Sigma(E), at energy E=Eo.
 Eqp0 = on-shell QP energy = Emf - Vxc + Sig(Eo)
        Eqp0 is *not* the recommended quantity to use for QP properties.
 Eqp1 = off-shell solution to the linearized  Dyson`s equation
      = Eqp0 + (dSig/dE) / (1 - dSig/dE) * (Eqp0 - Eo),
        or a full linear interpolation if more freq. points where computed.
        Eqp1 is the recommended quantity to use for QP properties.
  Znk = quasiparticle renormalization factor

 Notes on the finite_difference_form from sigma.inp file:
   none    : -2 => dSig/dE = 0 (skip the expansion)
   backward: -1 => dSig/dE = (Sig(Eo) - Sig(Eo-dE)) / dE
   central :  0 => dSig/dE = (Sig(Eo+dE) - Sig(Eo-dE)) / (2*dE)
   forward :  1 => dSig/dE = (Sig(Eo+dE) - Sig(Eo)) / dE
   default :  2 => forward for diagonal and none for off-diagonal
   dE is finite_difference_spacing from Sigma.inp file.
   We are using the form #2 with dE = 1.000 eV.

 General notes:
 - All energies are reported here in eV.
 - Both Emf and Vxc contain the average pot. Vxc0, so Vxc0 doesn`t affect Sigma.
 - Eqp1 and Eqp0 are Eqs. (36-37) from Hybertsen & Louie PRB 34 5390.
 - We recommend you use Eqp1 for QP properties of materials.

================================================================================

