
 frequency_dependence   1

 band_index    11    40
 sigma_matrix     0   0

 finite_difference_form   1
 finite_difference_spacing  1.000000

 symmetries
 ntran  = 12
 mtrx01 =  1  0  0  0  1  0  0  0  1
 mtrx02 = -1  0  0  0 -1  0  0  0  1
 mtrx03 =  1 -1  0  1  0  0  0  0  1
 mtrx04 =  0  1  0 -1  1  0  0  0  1
 mtrx05 =  0 -1  0  1 -1  0  0  0  1
 mtrx06 = -1  1  0 -1  0  0  0  0  1
 mtrx07 =  1 -1  0  0 -1  0  0  0  1
 mtrx08 = -1  1  0  0  1  0  0  0  1
 mtrx09 =  0  1  0  1  0  0  0  0  1
 mtrx10 = -1  0  0 -1  1  0  0  0  1
 mtrx11 =  1  0  0  1 -1  0  0  0  1
 mtrx12 =  0 -1  0 -1  0  0  0  0  1
 
       k =  0.000000  0.000000  0.000000 ik =   1 spin = 1

   n        elda        ecor           x        sx-x          ch         sig         vxc        eqp0        eqp1         ch'        sig'       eqp0'       eqp1'         Znk
  11    2.703381    2.703381  -41.475238   20.784379  -13.861475  -34.552334  -31.097287   -0.751666    0.088919  -13.291364  -33.982223   -0.181555    0.520327    0.756708
  12    2.703381    2.703381  -41.475238   20.784379  -13.861475  -34.552334  -31.097287   -0.751666    0.088920  -13.291364  -33.982223   -0.181554    0.520327    0.756708
  13    2.786397    2.786397  -42.032816   20.892558  -13.926500  -35.066758  -31.548744   -0.731617    0.126100  -13.339117  -34.479374   -0.144233    0.570275    0.756193
  14    2.838115    2.838115  -23.040591   13.899780   -9.727976  -18.868787  -16.772893    0.742220    1.204881   -9.620898  -18.761710    0.849298    1.288322    0.779254
  15    2.886443    2.886443  -41.731497   20.862306  -13.943233  -34.812424  -31.359496   -0.566485    0.271905  -13.363038  -34.232229    0.013709    0.711225    0.757194
  16    2.886443    2.886443  -41.731497   20.862306  -13.943233  -34.812424  -31.359496   -0.566485    0.271906  -13.363038  -34.232229    0.013710    0.711226    0.757194
  17    3.868012    3.868012  -48.003156   22.464475  -14.957070  -40.495751  -36.578790   -0.048949    0.900831  -14.172209  -39.710890    0.735912    1.495380    0.757521
  18    3.868013    3.868013  -48.003156   22.464475  -14.957070  -40.495751  -36.578790   -0.048949    0.900831  -14.172209  -39.710890    0.735912    1.495380    0.757521
  19    4.084189    4.084189  -48.863621   22.777437  -15.199924  -41.286108  -37.329438    0.127519    1.089052  -14.390800  -40.476984    0.936642    1.701545    0.756984
  20    4.084189    4.084189  -48.863621   22.777437  -15.199924  -41.286108  -37.329438    0.127519    1.089052  -14.390800  -40.476984    0.936642    1.701545    0.756984
  21    4.384701    4.384701  -47.115905   22.362016  -15.081541  -39.835430  -36.048958    0.598229    1.516091  -14.327213  -39.081102    1.352557    2.087566    0.757594
  22    7.701259    7.701259  -32.053132   18.047592  -13.937520  -27.943060  -25.464323    5.222523    5.761813  -13.599270  -27.604810    5.560773    6.026471    0.782433
  23    7.701260    7.701260  -32.053132   18.047592  -13.937520  -27.943060  -25.464323    5.222523    5.761814  -13.599270  -27.604810    5.560773    6.026472    0.782433
  24    8.407087    8.407087  -32.031386   18.301636  -14.424828  -28.154577  -25.816235    6.068745    6.578347  -14.083735  -27.813485    6.409838    6.845104    0.782067
  25    8.496576    8.496576  -33.041884   18.594613  -14.657729  -29.105001  -26.658321    6.049896    6.584102  -14.287086  -28.734358    6.420539    6.873819    0.781661
  26    8.496576    8.496576  -33.041884   18.594613  -14.657729  -29.105001  -26.658321    6.049896    6.584102  -14.287086  -28.734358    6.420539    6.873819    0.781661
  27    9.240801    9.240801   -9.183124    5.490182   -8.958354  -12.651296  -13.352861    9.942366    9.819742   -8.920241  -12.613183    9.980479    9.851194    0.825214
  28   13.560476   13.560476   -7.777922    4.182114   -8.700039  -12.295847  -13.556169   14.820799   14.598811   -8.651823  -12.247631   14.869015   14.638534    0.823864
  29   16.635172   16.635172   -9.995868    6.042721  -11.126980  -15.080127  -16.020784   17.575830   17.378224  -11.011793  -14.964940   17.691017   17.469214    0.789928
  30   21.173321   21.173321   -6.354795    2.691159   -7.912589  -11.576225  -12.929020   22.526116   22.278360   -7.846202  -11.509839   22.592502   22.332588    0.816856
  31   21.173321   21.173321   -6.354795    2.691159   -7.912589  -11.576225  -12.929020   22.526116   22.278360   -7.846202  -11.509839   22.592502   22.332589    0.816856
  32   22.446484   22.446484   -5.983617    2.481904   -7.909832  -11.411545  -12.856946   23.891885   23.622619   -7.860675  -11.362389   23.941041   23.662618    0.813708
  33   22.447043   22.447043   -6.653975    3.066357   -8.712456  -12.300074  -13.743679   23.890648   23.607435   -8.643568  -12.231186   23.959536   23.662808    0.803815
  34   22.447043   22.447043   -6.653975    3.066357   -8.712456  -12.300074  -13.743679   23.890648   23.607435   -8.643568  -12.231186   23.959536   23.662808    0.803815
  35   24.790601   24.790601   -4.027885    2.116786   -7.575139   -9.486238  -10.492956   25.797319   25.585691   -7.509394   -9.420494   25.863063   25.637615    0.789784
  36   26.541638   26.541638   -6.876781    4.032751   -9.427323  -12.271353  -13.403918   27.674203   27.442386   -9.298452  -12.142482   27.803074   27.544879    0.795317
  37   26.541638   26.541638   -6.876781    4.032751   -9.427323  -12.271353  -13.403918   27.674203   27.442386   -9.298452  -12.142482   27.803074   27.544879    0.795317
  38   28.156252   28.156252   -4.029413    2.299093   -8.214514   -9.944834  -10.943607   29.155025   28.929302   -8.151778   -9.882097   29.217762   28.977860    0.773999
  39   28.175230   28.175230   -4.321637    2.542741   -8.197311   -9.976207  -10.828852   29.027875   28.845279   -8.116836   -9.895732   29.108350   28.908520    0.785847
  40   28.175231   28.175231   -4.321637    2.542741   -8.197311   -9.976207  -10.828852   29.027876   28.845279   -8.116836   -9.895732   29.108350   28.908520    0.785847
 
       k =  0.000000  0.000000  0.333333 ik =   2 spin = 1

   n        elda        ecor           x        sx-x          ch         sig         vxc        eqp0        eqp1         ch'        sig'       eqp0'       eqp1'         Znk
  11    2.551972    2.551972  -31.864097   17.107583  -11.573464  -26.329979  -23.568896   -0.209111    0.432744  -11.241792  -25.998307    0.122560    0.687313    0.767535
  12    2.616941    2.616941  -38.857709   19.739952  -13.205069  -32.322826  -29.042285   -0.663601    0.124280  -12.698037  -31.815795   -0.156569    0.509539    0.759832
  13    2.729948    2.729948  -41.485263   20.803616  -13.882787  -34.564434  -31.110598   -0.723887    0.115859  -13.311515  -33.993161   -0.152614    0.548236    0.756866
  14    2.729949    2.729949  -41.485263   20.803616  -13.882787  -34.564434  -31.110598   -0.723887    0.115860  -13.311515  -33.993161   -0.152614    0.548236    0.756866
  15    2.820333    2.820333  -41.606439   20.804861  -13.887513  -34.689090  -31.235794   -0.632964    0.204789  -13.311411  -34.112988   -0.056862    0.641131    0.757405
  16    2.820333    2.820333  -41.606439   20.804861  -13.887513  -34.689090  -31.235794   -0.632964    0.204789  -13.311411  -34.112988   -0.056861    0.641132    0.757405
  17    3.939111    3.939111  -48.295407   22.473737  -14.942725  -40.764395  -36.834736    0.009452    0.962960  -14.149898  -39.971568    0.802279    1.563412    0.757356
  18    3.939111    3.939111  -48.295407   22.473737  -14.942725  -40.764395  -36.834736    0.009452    0.962960  -14.149898  -39.971568    0.802279    1.563412    0.757356
  19    4.048461    4.048461  -48.740468   22.679544  -15.111917  -41.172840  -37.222247    0.097868    1.056521  -14.306526  -40.367450    0.903258    1.666475    0.757339
  20    4.048461    4.048461  -48.740468   22.679544  -15.111917  -41.172840  -37.222247    0.097868    1.056521  -14.306526  -40.367450    0.903258    1.666475    0.757339
  21    5.417165    5.417165  -38.842118   19.681266  -13.964195  -33.125047  -30.041110    2.333228    3.034932  -13.419658  -32.580510    2.877764    3.455567    0.772465
  22    7.044683    7.044683  -31.828552   17.178396  -13.192794  -27.842950  -25.517286    4.719019    5.216848  -12.814405  -27.464560    5.097408    5.514240    0.785941
  23    7.903345    7.903345  -32.280199   18.191041  -14.120972  -28.210130  -25.739856    5.433071    5.970826  -13.775440  -27.864598    5.778603    6.241139    0.782309
  24    7.903345    7.903345  -32.280199   18.191041  -14.120972  -28.210130  -25.739856    5.433071    5.970826  -13.775440  -27.864598    5.778603    6.241139    0.782309
  25    8.301481    8.301481  -32.789373   18.466963  -14.477617  -28.800027  -26.344342    5.845796    6.381360  -14.115651  -28.438061    6.207762    6.664384    0.781909
  26    8.301482    8.301482  -32.789373   18.466963  -14.477617  -28.800027  -26.344342    5.845796    6.381360  -14.115651  -28.438061    6.207762    6.664384    0.781909
  27   10.893778   10.893778  -11.905616    7.214024  -10.480979  -15.172571  -15.686895   11.408102   11.311068  -10.402230  -15.093822   11.486851   11.374960    0.811337
  28   12.755467   12.755467   -9.421644    5.556039   -9.787156  -13.652762  -14.628830   13.731535   13.549977   -9.725727  -13.591333   13.792963   13.599980    0.813991
  29   17.410462   17.410462   -8.167786    4.393649   -9.465002  -13.239139  -14.427801   18.599124   18.367177   -9.378449  -13.152586   18.685677   18.436841    0.804867
  30   19.855864   19.855864   -6.212030    2.789104   -8.017959  -11.440885  -12.824879   21.239858   20.983636   -7.962371  -11.385298   21.295445   21.028932    0.814868
  31   21.242656   21.242656   -6.407772    2.814411   -8.024741  -11.618102  -12.962889   22.587443   22.341132   -7.956750  -11.550111   22.655434   22.396670    0.816840
  32   21.242656   21.242656   -6.407772    2.814411   -8.024741  -11.618102  -12.962889   22.587443   22.341132   -7.956750  -11.550111   22.655434   22.396670    0.816840
  33   21.831541   21.831541   -6.509573    2.987547   -8.374704  -11.896730  -13.277874   23.212685   22.950879   -8.305857  -11.827883   23.281532   23.006676    0.810443
  34   21.831541   21.831541   -6.509573    2.987547   -8.374704  -11.896730  -13.277874   23.212685   22.950879   -8.305857  -11.827883   23.281532   23.006676    0.810443
  35   25.715591   25.715591   -3.942145    2.171471   -7.845863   -9.616537  -10.659939   26.758993   26.542747   -7.791209   -9.561883   26.813646   26.586073    0.792749
  36   27.294640   27.294640   -3.747852    2.098320   -8.001015   -9.650547  -10.679104   28.323197   28.102745   -7.948303   -9.597835   28.375910   28.144160    0.785669
  37   27.612501   27.612501   -6.498738    3.982081   -9.766578  -12.283236  -13.393395   28.722660   28.481024   -9.643053  -12.159710   28.846185   28.577663    0.782341
  38   27.612501   27.612501   -6.498738    3.982081   -9.766578  -12.283236  -13.393395   28.722660   28.481024   -9.643053  -12.159710   28.846186   28.577663    0.782341
  39   28.975909   28.975909   -5.003024    2.857151   -9.117701  -11.263575  -12.185478   29.897813   29.679031   -9.019615  -11.165488   29.995899   29.753840    0.762684
  40   28.975909   28.975909   -5.003024    2.857151   -9.117701  -11.263575  -12.185478   29.897813   29.679031   -9.019615  -11.165488   29.995899   29.753840    0.762684
 
       k =  0.000000  0.000000  0.666667 ik =   3 spin = 1

   n        elda        ecor           x        sx-x          ch         sig         vxc        eqp0        eqp1         ch'        sig'       eqp0'       eqp1'         Znk
  11    2.551972    2.551972  -31.864127   17.110077  -11.574115  -26.328166  -23.568896   -0.207299    0.434206  -11.242445  -25.996495    0.124372    0.688767    0.767509
  12    2.616941    2.616941  -38.857612   19.737197  -13.204385  -32.324800  -29.042285   -0.665575    0.122776  -12.697353  -31.817768   -0.158542    0.508036    0.759833
  13    2.729948    2.729948  -41.485263   20.803201  -13.882838  -34.564900  -31.110598   -0.724353    0.115500  -13.311565  -33.993627   -0.153080    0.547878    0.756867
  14    2.729949    2.729949  -41.485263   20.803201  -13.882838  -34.564900  -31.110598   -0.724353    0.115501  -13.311565  -33.993627   -0.153080    0.547878    0.756867
  15    2.820333    2.820333  -41.606430   20.805477  -13.887466  -34.688419  -31.235794   -0.632293    0.205381  -13.311364  -34.112317   -0.056190    0.641710    0.757381
  16    2.820333    2.820333  -41.606430   20.805477  -13.887466  -34.688419  -31.235794   -0.632292    0.205382  -13.311364  -34.112317   -0.056190    0.641710    0.757381
  17    3.939111    3.939111  -48.295423   22.473475  -14.942547  -40.764495  -36.834736    0.009352    0.962901  -14.149721  -39.971668    0.802179    1.563350    0.757352
  18    3.939111    3.939111  -48.295423   22.473475  -14.942547  -40.764495  -36.834736    0.009352    0.962901  -14.149721  -39.971668    0.802179    1.563350    0.757352
  19    4.048461    4.048461  -48.740459   22.683422  -15.115658  -41.172695  -37.222247    0.098013    1.056640  -14.310268  -40.367305    0.903403    1.666592    0.757337
  20    4.048461    4.048461  -48.740459   22.683422  -15.115658  -41.172695  -37.222247    0.098013    1.056640  -14.310268  -40.367305    0.903403    1.666592    0.757337
  21    5.417165    5.417165  -38.842378   19.687472  -13.967534  -33.122440  -30.041110    2.335834    3.036887  -13.422997  -32.577903    2.880372    3.457534    0.772484
  22    7.044683    7.044683  -31.828137   17.166847  -13.190163  -27.851454  -25.517286    4.710515    5.210195  -12.811775  -27.473065    5.088903    5.507581    0.785928
  23    7.903345    7.903345  -32.280264   18.192706  -14.121605  -28.209163  -25.739856    5.434038    5.971573  -13.776073  -27.863631    5.779570    6.241887    0.782313
  24    7.903345    7.903345  -32.280264   18.192706  -14.121605  -28.209163  -25.739856    5.434038    5.971573  -13.776073  -27.863631    5.779570    6.241887    0.782313
  25    8.301481    8.301481  -32.789296   18.466139  -14.477066  -28.800224  -26.344342    5.845599    6.381215  -14.115101  -28.438258    6.207565    6.664238    0.781905
  26    8.301482    8.301482  -32.789296   18.466139  -14.477066  -28.800224  -26.344342    5.845599    6.381215  -14.115101  -28.438258    6.207565    6.664238    0.781905
  27   10.893778   10.893778  -11.906108    7.230756  -10.484586  -15.159937  -15.686895   11.420735   11.321318  -10.405838  -15.081189   11.499484   11.385210    0.811338
  28   12.755467   12.755467   -9.421482    5.550322   -9.784890  -13.656050  -14.628830   13.728246   13.547298   -9.723462  -13.594622   13.789675   13.597300    0.813989
  29   17.410462   17.410462   -8.167705    4.379547   -9.461289  -13.249447  -14.427801   18.588816   18.358897   -9.374736  -13.162894   18.675369   18.428562    0.804881
  30   19.855864   19.855864   -6.211967    2.796750   -8.020647  -11.435865  -12.824879   21.244878   20.987332   -7.965060  -11.380277   21.300466   21.032612    0.814583
  31   21.242656   21.242656   -6.407791    2.815651   -8.025459  -11.617599  -12.962889   22.587946   22.341579   -7.957468  -11.549608   22.655937   22.397119    0.816867
  32   21.242656   21.242656   -6.407791    2.815651   -8.025459  -11.617599  -12.962889   22.587946   22.341579   -7.957468  -11.549608   22.655937   22.397119    0.816867
  33   21.831541   21.831541   -6.509508    2.986113   -8.374753  -11.898148  -13.277874   23.211267   22.949666   -8.305906  -11.829301   23.280113   23.005459    0.810397
  34   21.831541   21.831541   -6.509508    2.986113   -8.374753  -11.898148  -13.277874   23.211267   22.949666   -8.305906  -11.829301   23.280113   23.005459    0.810397
  35   25.715591   25.715591   -3.942192    2.170891   -7.847247   -9.618548  -10.659939   26.756982   26.543434   -7.792594   -9.563894   26.811635   26.586880    0.794940
  36   27.294640   27.294640   -3.747820    2.100056   -8.003446   -9.651210  -10.679104   28.322534   28.102217   -7.950734   -9.598498   28.375247   28.143632    0.785662
  37   27.612501   27.612501   -6.498854    3.987290   -9.768750  -12.280313  -13.393395   28.725583   28.483411   -9.645224  -12.156787   28.849108   28.580062    0.782432
  38   27.612501   27.612501   -6.498854    3.987290   -9.768750  -12.280313  -13.393395   28.725583   28.483411   -9.645224  -12.156787   28.849109   28.580062    0.782432
  39   28.975909   28.975909   -5.003044    2.858910   -9.120377  -11.264511  -12.185478   29.896877   29.679429   -9.022291  -11.166424   29.994963   29.754357    0.763893
  40   28.975909   28.975909   -5.003044    2.858910   -9.120377  -11.264511  -12.185478   29.896877   29.679429   -9.022291  -11.166424   29.994963   29.754357    0.763893
 
       k =  0.000000  0.200000  0.000000 ik =   4 spin = 1

   n        elda        ecor           x        sx-x          ch         sig         vxc        eqp0        eqp1         ch'        sig'       eqp0'       eqp1'         Znk
  11    2.512875    2.512875  -37.795015   19.319488  -12.942613  -31.418140  -28.192390   -0.712875    0.058854  -12.463607  -30.939134   -0.233870    0.423262    0.760760
  12    2.818031    2.818031  -41.686149   20.763592  -13.868752  -34.791309  -31.298541   -0.674737    0.172600  -13.291504  -34.214061   -0.097489    0.609809    0.757403
  13    2.818577    2.818577  -40.163479   20.202125  -13.535367  -33.496720  -30.111701   -0.566442    0.249490  -12.995537  -32.956891   -0.026612    0.659198    0.758958
  14    2.937336    2.937336  -40.635772   20.346185  -13.641845  -33.931432  -30.508205   -0.485891    0.339636  -13.088220  -33.377807    0.067734    0.759752    0.758845
  15    3.060145    3.060145  -41.934895   20.819960  -13.942371  -35.057306  -31.577659   -0.419501    0.424181  -13.354740  -34.469674    0.168130    0.869334    0.757538
  16    3.146782    3.146782  -28.946059   15.956379  -11.036917  -24.026596  -21.491843    0.612029    1.185137  -10.775630  -23.765309    0.873316    1.387347    0.773900
  17    3.785586    3.785586  -47.530698   22.176685  -14.727386  -40.081399  -36.164058   -0.131755    0.815652  -13.955428  -39.309441    0.640203    1.400912    0.758151
  18    3.870851    3.870851  -47.989739   22.395239  -14.904242  -40.498742  -36.560195   -0.067696    0.885434  -14.119921  -39.714421    0.716625    1.479949    0.758000
  19    4.100735    4.100735  -48.933175   22.760239  -15.203642  -41.376577  -37.389123    0.113280    1.080379  -14.392575  -40.565510    0.924347    1.694734    0.757465
  20    4.271866    4.271866  -43.004991   20.810883  -14.191339  -36.385447  -32.883449    0.769867    1.597422  -13.545359  -35.739467    1.415847    2.090751    0.763691
  21    4.351372    4.351372  -48.563479   22.736737  -15.243954  -41.070696  -37.120300    0.400976    1.360976  -14.446763  -40.273505    1.198167    1.964439    0.756986
  22    6.446193    6.446193  -32.603403   17.514747  -13.036979  -28.125636  -25.532852    3.853409    4.417416  -12.661835  -27.750491    4.228554    4.710956    0.782471
  23    7.113568    7.113568  -32.757861   17.513961  -13.397036  -28.640936  -26.185913    4.658544    5.187301  -13.003544  -28.247445    5.052036    5.496044    0.784622
  24    7.206084    7.206084  -31.623597   17.609475  -13.429340  -27.443462  -24.923601    4.686223    5.232761  -13.100957  -27.115079    5.014607    5.489920    0.783108
  25    8.136928    8.136928  -31.908800   18.172962  -14.218494  -27.954332  -25.560649    5.743245    6.263039  -13.881558  -27.617396    6.080181    6.526809    0.782847
  26    8.219577    8.219577  -32.661536   18.358951  -14.386321  -28.688905  -26.211818    5.742490    6.281295  -14.028623  -28.331207    6.100188    6.561188    0.782484
  27   11.109929   11.109929  -11.699992    7.119342  -10.501248  -15.081898  -15.624551   11.652582   11.550306  -10.424151  -15.004801   11.729679   11.612872    0.811526
  28   14.912211   14.912211   -8.855978    4.905084   -9.665876  -13.616769  -14.923565   16.219006   15.974639   -9.596456  -13.547350   16.288426   16.031077    0.813002
  29   16.586311   16.586311   -9.635308    5.558237  -10.382079  -14.459149  -15.341921   17.469082   17.291353  -10.263366  -14.340436   17.587796   17.386166    0.798669
  30   18.615480   18.615480   -7.075312    3.430731   -8.422241  -12.066823  -13.246688   19.795345   19.577790   -8.339563  -11.984144   19.878023   19.645224    0.815611
  31   20.473098   20.473098   -6.829641    3.200023   -8.618996  -12.248614  -13.621793   21.846276   21.584822   -8.549758  -12.179376   21.915515   21.640878    0.809600
  32   21.540914   21.540914   -6.568687    3.087401   -8.616644  -12.097930  -13.444722   22.887706   22.626893   -8.546358  -12.027644   22.957991   22.683567    0.806345
  33   22.074500   22.074500   -6.534874    3.035667   -8.330363  -11.829570  -13.054507   23.299437   23.064011   -8.237359  -11.736566   23.392441   23.139140    0.807805
  34   22.649780   22.649780   -6.924210    3.198603   -8.918099  -12.643706  -14.063052   24.069126   23.785434   -8.836155  -12.561762   24.151070   23.851000    0.800125
  35   23.757754   23.757754   -6.148072    3.085606   -8.529619  -11.592085  -12.870027   25.035696   24.786996   -8.452379  -11.514845   25.112936   24.849204    0.805390
  36   25.739804   25.739804   -6.306721    3.734715   -8.986134  -11.558140  -12.593527   26.775190   26.569086   -8.869317  -11.441322   26.892008   26.662650    0.800940
  37   26.676382   26.676382   -4.524253    2.497564   -8.300622  -10.327311  -11.356913   27.705984   27.486416   -8.228837  -10.255526   27.777769   27.542892    0.786745
  38   29.459225   29.459225   -5.450547    3.121763   -9.587940  -11.916724  -12.970579   30.513080   30.259295   -9.495276  -11.824060   30.605744   30.329645    0.759184
  39   30.908744   30.908744   -4.932090    2.415146   -8.752120  -11.269064  -12.152832   31.792512   31.577050   -8.659926  -11.176869   31.884707   31.646768    0.756201
  40   31.559083   31.559083   -4.715871    1.915259   -8.060906  -10.861518  -11.747428   32.444993   32.233849   -7.974388  -10.775000   32.531512   32.299747    0.761664
 
       k =  0.000000  0.200000  0.333333 ik =   5 spin = 1

   n        elda        ecor           x        sx-x          ch         sig         vxc        eqp0        eqp1         ch'        sig'       eqp0'       eqp1'         Znk
  11    2.419636    2.419636  -35.844917   18.534220  -12.425057  -29.735753  -26.654117   -0.662000    0.069317  -11.994933  -29.305629   -0.231876    0.397367    0.762685
  12    2.505404    2.505404  -34.051669   17.899887  -12.068816  -28.220598  -25.275086   -0.440108    0.251897  -11.682913  -27.834694   -0.054205    0.547139    0.765064
  13    2.860252    2.860252  -41.673734   20.750333  -13.864357  -34.787758  -31.300872   -0.626635    0.218185  -13.286498  -34.209900   -0.048776    0.656037    0.757715
  14    2.886233    2.886233  -41.184286   20.554433  -13.741433  -34.371286  -30.902646   -0.582407    0.255622  -13.173664  -33.803516   -0.014638    0.686218    0.758398
  15    2.959769    2.959769  -40.130833   20.108158  -13.471514  -33.494190  -30.115677   -0.418744    0.393593  -12.928928  -32.951604    0.123842    0.805718    0.759558
  16    2.979516    2.979516  -41.785043   20.739147  -13.864524  -34.910420  -31.429264   -0.501640    0.341795  -13.281841  -34.327737    0.081043    0.783302    0.757714
  17    3.911477    3.911477  -47.979057   22.311844  -14.836194  -40.503407  -36.568444   -0.023486    0.928863  -14.052195  -39.719408    0.760513    1.523116    0.757978
  18    3.937032    3.937032  -48.271224   22.401461  -14.889957  -40.759720  -36.807542   -0.015146    0.941577  -14.097898  -39.967661    0.776913    1.541899    0.757925
  19    4.052192    4.052192  -48.746173   22.621536  -15.076840  -41.201477  -37.224499    0.075215    1.039207  -14.271310  -40.395946    0.880745    1.649482    0.757607
  20    4.091949    4.091949  -48.484617   22.601480  -15.102896  -40.986033  -37.033353    0.139269    1.096542  -14.304906  -40.188043    0.937259    1.701272    0.757817
  21    5.485145    5.485145  -38.390315   19.506740  -13.908008  -32.791582  -29.722378    2.415940    3.112089  -13.378841  -32.262415    2.945107    3.521231    0.773183
  22    6.495763    6.495763  -34.484327   18.078628  -13.447222  -29.852922  -27.198935    3.841776    4.422226  -13.009613  -29.415312    4.279386    4.764126    0.781292
  23    6.935498    6.935498  -32.163674   17.555436  -13.246876  -27.855113  -25.324586    4.404971    4.953889  -12.891083  -27.499320    4.760764    5.232504    0.783082
  24    7.467711    7.467711  -31.925443   17.814256  -13.676238  -27.787425  -25.276300    4.956586    5.501445  -13.339207  -27.450394    5.293617    5.765347    0.783022
  25    7.802237    7.802237  -31.999943   18.002430  -13.954473  -27.951986  -25.503993    5.354244    5.885546  -13.613668  -27.611181    5.695048    6.152384    0.782964
  26    7.973396    7.973396  -32.442512   18.164133  -14.129096  -28.407474  -25.915678    5.481600    6.023032  -13.777565  -28.055944    5.833130    6.298180    0.782714
  27   11.969759   11.969759  -10.948208    6.686075  -10.457848  -14.719981  -15.393728   12.643506   12.515495  -10.385115  -14.647247   12.716240   12.574409    0.810001
  28   13.794013   13.794013  -10.005382    6.014946  -10.423120  -14.413556  -15.363560   14.744017   14.560643  -10.344564  -14.335000   14.822573   14.624036    0.806976
  29   17.326798   17.326798   -8.161329    4.110171   -8.996331  -13.047488  -14.292216   18.571527   18.337846   -8.904712  -12.955869   18.663146   18.412265    0.812264
  30   18.693069   18.693069   -7.231090    3.360717   -8.384038  -12.254411  -13.540458   19.979116   19.742038   -8.299806  -12.170179   20.063348   19.810742    0.815654
  31   19.953546   19.953546   -6.935201    3.421247   -8.747721  -12.261675  -13.546630   21.238502   20.992882   -8.672780  -12.186734   21.313442   21.053498    0.808850
  32   20.615405   20.615405   -6.564740    3.152638   -8.422077  -11.834179  -13.114440   21.895665   21.654111   -8.348260  -11.760362   21.969482   21.714001    0.811324
  33   21.589728   21.589728   -6.607680    3.118011   -8.606466  -12.096134  -13.432881   22.926475   22.669841   -8.533837  -12.023506   22.999103   22.728526    0.808016
  34   22.074229   22.074229   -6.744465    3.203166   -8.776604  -12.317903  -13.672188   23.428514   23.163814   -8.698516  -12.239815   23.506602   23.226640    0.804546
  35   24.673619   24.673619   -5.599572    3.000233   -8.586061  -11.185401  -12.260819   25.749037   25.528191   -8.500211  -11.099551   25.834887   25.596411    0.794642
  36   26.747220   26.747220   -5.280722    3.006129   -9.002938  -11.277532  -12.348762   27.818450   27.583227   -8.921495  -11.196089   27.899893   27.646786    0.780418
  37   27.352773   27.352773   -6.260034    3.738511   -9.313813  -11.835336  -12.931118   28.448555   28.220655   -9.197962  -11.719485   28.564406   28.312412    0.792021
  38   29.834810   29.834810   -4.558969    2.498109   -8.655285  -10.716145  -11.665835   30.784500   30.562657   -8.580928  -10.641788   30.858857   30.619645    0.766405
  39   30.438181   30.438181   -5.733351    3.374444   -9.654499  -12.013406  -13.014019   31.438794   31.201288   -9.541656  -11.900563   31.551637   31.287347    0.762640
  40   30.806926   30.806926   -5.466334    2.938470   -9.304236  -11.832100  -12.854543   31.829369   31.577900   -9.213525  -11.741389   31.920081   31.646301    0.754050
 
       k =  0.000000  0.200000  0.666667 ik =   6 spin = 1

   n        elda        ecor           x        sx-x          ch         sig         vxc        eqp0        eqp1         ch'        sig'       eqp0'       eqp1'         Znk
  11    2.419636    2.419636  -35.844878   18.532530  -12.424963  -29.737310  -26.654117   -0.663557    0.068037  -11.994838  -29.307185   -0.233433    0.396100    0.762715
  12    2.505404    2.505404  -34.051629   17.903335  -12.069680  -28.217974  -25.275086   -0.437484    0.254086  -11.683778  -27.832072   -0.051582    0.549303    0.765003
  13    2.860252    2.860252  -41.673740   20.749714  -13.864957  -34.788983  -31.300872   -0.627860    0.217226  -13.287097  -34.211124   -0.050000    0.655084    0.757724
  14    2.886233    2.886233  -41.184277   20.556539  -13.744280  -34.372018  -30.902645   -0.583140    0.255099  -13.176510  -33.804248   -0.015369    0.685689    0.758389
  15    2.959769    2.959769  -40.130832   20.107429  -13.469490  -33.492893  -30.115677   -0.417447    0.394544  -12.926905  -32.950308    0.125138    0.806674    0.759568
  16    2.979516    2.979516  -41.785031   20.739867  -13.863905  -34.909069  -31.429264   -0.500290    0.342912  -13.281224  -34.326388    0.082392    0.784402    0.757687
  17    3.911477    3.911477  -47.979083   22.311356  -14.836081  -40.503808  -36.568444   -0.023887    0.928541  -14.052082  -39.719809    0.760111    1.522798    0.757982
  18    3.937032    3.937032  -48.271240   22.401004  -14.889706  -40.759942  -36.807542   -0.015368    0.941390  -14.097649  -39.967885    0.776689    1.541714    0.757930
  19    4.052192    4.052192  -48.746161   22.621743  -15.076675  -41.201092  -37.224499    0.075600    1.039513  -14.271142  -40.395560    0.881132    1.649787    0.757603
  20    4.091949    4.091949  -48.484600   22.600797  -15.102018  -40.985821  -37.033353    0.139481    1.096714  -14.304028  -40.187831    0.937472    1.701442    0.757814
  21    5.485145    5.485145  -38.390523   19.518624  -13.912940  -32.784839  -29.722378    2.422683    3.117415  -13.383771  -32.255670    2.951852    3.526540    0.773146
  22    6.495763    6.495763  -34.484219   18.066662  -13.441220  -29.858778  -27.198935    3.835920    4.417607  -13.003612  -29.421169    4.273529    4.759514    0.781308
  23    6.935498    6.935498  -32.163754   17.555916  -13.246654  -27.854491  -25.324586    4.405593    4.954327  -12.890860  -27.498698    4.761386    5.232949    0.783101
  24    7.467711    7.467711  -31.925513   17.813710  -13.676717  -27.788521  -25.276300    4.955490    5.500567  -13.339687  -27.451491    5.292521    5.764472    0.783030
  25    7.802237    7.802237  -31.999795   17.998306  -13.957121  -27.958611  -25.503993    5.347619    5.880457  -13.616317  -27.617807    5.688423    6.147281    0.782924
  26    7.973396    7.973396  -32.442441   18.164819  -14.128290  -28.405911  -25.915678    5.483163    6.024273  -13.776760  -28.054381    5.834693    6.299418    0.782707
  27   11.969759   11.969759  -10.948451    6.703937  -10.461239  -14.705753  -15.393728   12.657734   12.527035  -10.388505  -14.633020   12.730467   12.585951    0.810024
  28   13.794013   13.794013  -10.005241    6.010237  -10.422332  -14.417337  -15.363560   14.740237   14.557560  -10.343776  -14.338781   14.818792   14.620950    0.806942
  29   17.326798   17.326798   -8.161272    4.087498   -8.989470  -13.063245  -14.292216   18.555770   18.325088   -8.897851  -12.971626   18.647389   18.399510    0.812297
  30   18.693069   18.693069   -7.231061    3.361491   -8.385055  -12.254625  -13.540458   19.978902   19.741880   -8.300823  -12.170394   20.063133   19.810585    0.815667
  31   19.953546   19.953546   -6.935204    3.427930   -8.750596  -12.257870  -13.546630   21.242307   20.996009   -8.675655  -12.182929   21.317248   21.056628    0.808888
  32   20.615405   20.615405   -6.564697    3.156898   -8.424256  -11.832055  -13.114440   21.897789   21.655814   -8.350439  -11.758238   21.971606   21.715702    0.811309
  33   21.589728   21.589728   -6.607684    3.117058   -8.606319  -12.096946  -13.432881   22.925663   22.669282   -8.533691  -12.024317   22.998292   22.727972    0.808088
  34   22.074229   22.074229   -6.744434    3.203358   -8.776618  -12.317694  -13.672188   23.428724   23.163719   -8.698530  -12.239606   23.506811   23.226529    0.804351
  35   24.673619   24.673619   -5.599655    3.002589   -8.587541  -11.184607  -12.260819   25.749831   25.529701   -8.501691  -11.098756   25.835682   25.597991    0.795458
  36   26.747220   26.747220   -5.280679    3.006563   -9.001730  -11.275845  -12.348762   27.820137   27.584317   -8.920287  -11.194403   27.901580   27.647859    0.780207
  37   27.352773   27.352773   -6.260146    3.742768   -9.316695  -11.834074  -12.931118   28.449817   28.221725   -9.200843  -11.718221   28.565670   28.313490    0.792085
  38   29.834810   29.834810   -4.558960    2.494363   -8.653142  -10.717740  -11.665835   30.782905   30.561381   -8.578786  -10.643383   30.857262   30.618364    0.766349
  39   30.438181   30.438181   -5.733250    3.368080   -9.648705  -12.013875  -13.014019   31.438324   31.200728   -9.535863  -11.901034   31.551166   31.286763    0.762438
  40   30.806926   30.806926   -5.466385    2.937012   -9.302845  -11.832218  -12.854543   31.829252   31.577705   -9.212133  -11.741506   31.919963   31.646097    0.753947
 
       k =  0.000000  0.400000  0.000000 ik =   7 spin = 1

   n        elda        ecor           x        sx-x          ch         sig         vxc        eqp0        eqp1         ch'        sig'       eqp0'       eqp1'         Znk
  11    2.431049    2.431049  -34.429959   17.988816  -12.089365  -28.530508  -25.530352   -0.569106    0.136069  -11.694310  -28.135453   -0.174051    0.438267    0.764954
  12    2.729156    2.729156  -33.842304   17.830164  -12.092279  -28.104419  -25.168739   -0.206524    0.478871  -11.710759  -27.722899    0.174995    0.771317    0.766529
  13    2.955909    2.955909  -42.084431   20.834958  -13.926698  -35.176170  -31.650966   -0.569295    0.283895  -13.334575  -34.584047    0.022828    0.732709    0.757974
  14    3.250410    3.250410  -39.379142   19.823239  -13.389148  -32.945051  -29.640368   -0.054272    0.734455  -12.863781  -32.419684    0.471095    1.134433    0.761330
  15    3.418800    3.418800  -42.881890   21.180537  -14.255642  -35.956994  -32.446921   -0.091273    0.756836  -13.638264  -35.339616    0.526105    1.225043    0.758379
  16    3.447063    3.447063  -41.141576   20.195051  -13.579411  -34.525937  -31.092528    0.013654    0.833228  -12.996115  -33.942641    0.596950    1.277288    0.761294
  17    3.861394    3.861394  -47.066220   22.058202  -14.658736  -39.666754  -35.790463   -0.014897    0.924144  -13.898823  -38.906842    0.745015    1.499966    0.757748
  18    3.994507    3.994507  -48.461898   22.394457  -14.847456  -40.914896  -36.972041    0.051651    1.008393  -14.051261  -40.118701    0.847847    1.611390    0.757348
  19    4.126612    4.126612  -49.017682   22.768652  -15.204346  -41.453376  -37.463498    0.136734    1.104104  -14.390760  -40.639790    0.950320    1.720432    0.757544
  20    4.345724    4.345724  -46.502890   21.989795  -14.786506  -39.299601  -35.505785    0.551909    1.465326  -14.045401  -38.558496    1.293014    2.027999    0.759235
  21    4.523486    4.523486  -36.191485   18.575117  -13.039247  -30.655615  -27.733288    1.601160    2.269994  -12.583807  -30.200175    2.056599    2.621197    0.771130
  22    5.061916    5.061916  -36.695048   18.851470  -13.309107  -31.152686  -28.133327    2.042558    2.725053  -12.825370  -30.668949    2.526295    3.099446    0.773960
  23    5.809926    5.809926  -34.377679   18.177291  -13.232110  -29.432498  -26.696102    3.073530    3.680023  -12.815934  -29.016322    3.489705    4.003957    0.778361
  24    6.362660    6.362660  -30.219328   16.955105  -12.722884  -25.987107  -23.475131    3.850684    4.394714  -12.433611  -25.697834    4.139958    4.621339    0.783425
  25    7.412242    7.412242  -31.781396   17.725485  -13.541635  -27.597546  -25.134590    4.949285    5.481884  -13.199168  -27.255080    5.291752    5.750295    0.783756
  26    7.722947    7.722947  -31.716590   17.904958  -13.886387  -27.698020  -25.227684    5.252611    5.788712  -13.558710  -27.370342    5.580288    6.045279    0.782984
  27   13.449132   13.449132   -9.896474    5.885428  -10.218817  -14.229862  -15.166863   14.386133   14.208419  -10.142612  -14.153657   14.462338   14.270171    0.810337
  28   15.818033   15.818033   -7.532225    3.816417   -8.344488  -12.060297  -13.068199   16.825936   16.647753   -8.260765  -11.976574   16.909659   16.716675    0.823214
  29   16.030226   16.030226   -9.193957    4.864488   -9.429406  -13.758875  -14.697625   16.968976   16.792770   -9.312743  -13.642212   17.085639   16.887535    0.812297
  30   16.893908   16.893908  -10.282643    5.576494  -10.688705  -15.394854  -16.737785   18.236839   17.965551  -10.570260  -15.276409   18.355284   18.060068    0.797988
  31   19.127372   19.127372   -8.834096    4.784246  -10.220764  -14.270614  -15.510179   20.366937   20.114763  -10.108842  -14.158692   20.478859   20.203916    0.796562
  32   20.623724   20.623724   -6.922880    3.832709   -9.139053  -12.229224  -13.220716   21.615216   21.417146   -9.039493  -12.129664   21.714776   21.496816    0.800230
  33   21.693702   21.693702   -6.839711    3.132456   -8.414767  -12.122022  -13.409073   22.980753   22.738530   -8.326657  -12.033912   23.068863   22.810058    0.811800
  34   22.486405   22.486405   -7.378715    3.918960  -10.097437  -13.557192  -14.846351   23.775564   23.497128   -9.998551  -13.458306   23.874450   23.574656    0.784017
  35   24.228772   24.228772   -5.992282    2.763749   -8.658128  -11.886660  -13.259128   25.601240   25.319966   -8.587398  -11.815931   25.671969   25.376201    0.795060
  36   26.840792   26.840792   -5.878180    3.349293   -9.469434  -11.998321  -13.152371   27.994842   27.737377   -9.385085  -11.913972   28.079191   27.802908    0.776903
  37   27.773356   27.773356   -6.194294    3.759427   -9.913101  -12.347968  -13.506559   28.931947   28.665051   -9.817033  -12.251900   29.028015   28.738989    0.769637
  38   28.042062   28.042062   -6.423809    3.704141   -9.913253  -12.632922  -13.775075   29.184214   28.920638   -9.794614  -12.514283   29.302853   29.011898    0.769228
  39   31.656713   31.656713   -3.846417    1.399867   -7.751664  -10.198213  -11.054824   32.513323   32.304984   -7.705992  -10.152541   32.558995   32.339548    0.756787
  40   32.806928   32.806928   -5.962592    2.802686   -9.690198  -12.850104  -13.547558   33.504381   33.309425   -9.588231  -12.748138   33.606347   33.382889    0.720474
 
       k =  0.000000  0.400000  0.333333 ik =   8 spin = 1

   n        elda        ecor           x        sx-x          ch         sig         vxc        eqp0        eqp1         ch'        sig'       eqp0'       eqp1'         Znk
  11    2.315955    2.315955  -32.653447   17.345246  -11.676588  -26.984789  -24.118622   -0.550212    0.119781  -11.327229  -26.635430   -0.200853    0.387475    0.766241
  12    2.428181    2.428181  -31.813084   17.010950  -11.492884  -26.295018  -23.498095   -0.368742    0.280914  -11.164317  -25.966451   -0.040175    0.533163    0.767725
  13    3.049344    3.049344  -42.097439   20.875676  -13.985920  -35.207683  -31.694611   -0.463728    0.385054  -13.392708  -34.614470    0.129485    0.834942    0.758393
  14    3.176094    3.176094  -39.797404   20.001009  -13.464887  -33.261282  -29.912123   -0.173065    0.628325  -12.927928  -32.724323    0.363894    1.036800    0.760719
  15    3.256491    3.256491  -40.819108   20.251471  -13.599626  -34.167264  -30.749251   -0.161521    0.659197  -13.033371  -33.601009    0.404734    1.089485    0.759884
  16    3.277729    3.277729  -42.413768   21.003602  -14.118666  -35.528832  -32.026634   -0.224470    0.621135  -13.515156  -34.925323    0.379039    1.078927    0.758550
  17    3.987723    3.987723  -47.591891   22.093854  -14.661151  -40.159189  -36.262849    0.091383    1.034549  -13.887669  -39.385707    0.864865    1.620799    0.757935
  18    4.018441    4.018441  -48.586621   22.487382  -14.933412  -41.032651  -37.079153    0.064943    1.023055  -14.133382  -40.232621    0.864973    1.629202    0.757655
  19    4.079570    4.079570  -48.840436   22.667935  -15.105463  -41.277964  -37.303176    0.104782    1.068013  -14.297432  -40.469933    0.912813    1.680229    0.757665
  20    4.189561    4.189561  -47.937868   22.387815  -14.951487  -40.501540  -36.593885    0.281906    1.227251  -14.168628  -39.718680    1.064765    1.820720    0.758079
  21    4.797313    4.797313  -40.498132   20.031051  -13.918609  -34.385690  -31.131203    1.542826    2.296056  -13.335952  -33.803033    2.125483    2.743861    0.768556
  22    5.142218    5.142218  -38.325014   19.448715  -13.751895  -32.628193  -29.546344    2.060369    2.762705  -13.226572  -32.102870    2.585692    3.168309    0.772106
  23    6.492922    6.492922  -31.575694   17.411034  -13.025030  -27.189690  -24.663393    3.966625    4.516174  -12.691223  -26.855883    4.300432    4.777367    0.782469
  24    6.733699    6.733699  -30.898115   17.276758  -13.059706  -26.681062  -24.163614    4.216251    4.762052  -12.751662  -26.373019    4.524294    5.003310    0.783192
  25    7.404853    7.404853  -31.542225   17.697757  -13.601114  -27.445583  -24.952941    4.912211    5.452832  -13.276766  -27.121234    5.236559    5.706834    0.783113
  26    7.476314    7.476314  -31.623519   17.830140  -13.695063  -27.488443  -25.035214    5.023084    5.555762  -13.367989  -27.161369    5.350159    5.811818    0.782867
  27   13.511508   13.511508   -8.638460    4.909338   -9.214452  -12.943573  -13.874207   14.442142   14.274032   -9.145384  -12.874506   14.511210   14.330624    0.819360
  28   14.639249   14.639249   -8.496546    4.714443   -9.089639  -12.871742  -13.756809   15.524316   15.363846   -9.004726  -12.786830   15.609228   15.433363    0.818692
  29   16.768789   16.768789   -9.511985    5.230080  -10.269143  -14.551048  -15.739468   17.957209   17.721025  -10.161152  -14.443057   18.065201   17.807555    0.801262
  30   17.001319   17.001319  -10.021458    5.471143  -10.658411  -15.208725  -16.553967   18.346561   18.073986  -10.545610  -15.095925   18.459362   18.163930    0.797378
  31   19.112573   19.112573   -7.862378    3.977969   -9.101690  -12.986099  -14.195309   20.321783   20.088497   -8.999141  -12.883549   20.424332   20.171262    0.807076
  32   20.573559   20.573559   -6.862439    3.257605   -8.356473  -11.961307  -13.154538   21.766790   21.543006   -8.262463  -11.867297   21.860801   21.619385    0.812455
  33   21.842384   21.842384   -6.914440    3.367316   -8.897694  -12.444817  -13.730469   23.128035   22.876763   -8.810452  -12.357576   23.215277   22.946954    0.804557
  34   22.242403   22.242403   -7.182431    3.725133   -9.686477  -13.143774  -14.441795   23.540424   23.267873   -9.593828  -13.051126   23.633072   23.341067    0.790026
  35   23.257377   23.257377   -5.626345    2.892629   -8.600564  -11.334280  -12.450043   24.373139   24.143744   -8.526675  -11.260390   24.447029   24.202442    0.794405
  36   26.186354   26.186354   -5.536181    3.174654   -9.216985  -11.578512  -12.649219   27.257060   27.022455   -9.130671  -11.492198   27.343374   27.089856    0.780887
  37   29.246081   29.246081   -6.299318    3.830727  -10.021434  -12.490025  -13.617595   30.373651   30.115904   -9.903186  -12.371777   30.491899   30.207123    0.771414
  38   29.756004   29.756004   -5.736261    3.257590   -9.893081  -12.371752  -13.216298   30.600550   30.386231   -9.806801  -12.285472   30.686830   30.450617    0.746232
  39   30.029357   30.029357   -5.767604    3.111262   -9.795563  -12.451905  -13.551936   31.129389   30.857479   -9.699444  -12.355786   31.225507   30.929839    0.752817
  40   32.343546   32.343546   -5.763811    2.037785   -8.351135  -12.077161  -13.139501   33.405885   33.147588   -8.246826  -11.972852   33.510194   33.226536    0.756860
 
       k =  0.000000  0.400000  0.666667 ik =   9 spin = 1

   n        elda        ecor           x        sx-x          ch         sig         vxc        eqp0        eqp1         ch'        sig'       eqp0'       eqp1'         Znk
  11    2.315955    2.315955  -32.653414   17.344941  -11.676752  -26.985225  -24.118622   -0.550647    0.119343  -11.327391  -26.635864   -0.201287    0.387050    0.766277
  12    2.428181    2.428181  -31.813033   17.010462  -11.492286  -26.294856  -23.498095   -0.368580    0.281140  -11.163720  -25.966290   -0.040014    0.533376    0.767689
  13    3.049344    3.049344  -42.097456   20.875503  -13.987142  -35.209095  -31.694611   -0.465140    0.383935  -13.393928  -34.615882    0.128073    0.833832    0.758407
  14    3.176094    3.176094  -39.797400   20.001848  -13.466013  -33.261565  -29.912123   -0.173348    0.628216  -12.929054  -32.724606    0.363612    1.036674    0.760687
  15    3.256491    3.256491  -40.819091   20.252445  -13.599573  -34.166220  -30.749252   -0.160477    0.659973  -13.033318  -33.599965    0.405778    1.090264    0.759890
  16    3.277729    3.277729  -42.413743   21.003599  -14.117007  -35.527151  -32.026634   -0.222789    0.622432  -13.513499  -34.923643    0.380719    1.080219    0.758544
  17    3.987723    3.987723  -47.591921   22.095880  -14.662207  -40.158247  -36.262849    0.092324    1.035262  -13.888726  -39.384767    0.865805    1.621511    0.757936
  18    4.018441    4.018441  -48.586628   22.487784  -14.933393  -41.032237  -37.079153    0.065357    1.023459  -14.133365  -40.232210    0.865385    1.629586    0.757632
  19    4.079570    4.079570  -48.840427   22.667798  -15.105515  -41.278144  -37.303176    0.104602    1.067856  -14.297482  -40.470110    0.912635    1.680078    0.757670
  20    4.189561    4.189561  -47.937842   22.387457  -14.951504  -40.501889  -36.593885    0.281557    1.227035  -14.168643  -39.719027    1.064418    1.820496    0.758066
  21    4.797313    4.797313  -40.498181   20.029072  -13.918073  -34.387182  -31.131203    1.541334    2.294912  -13.335416  -33.804526    2.123990    2.742716    0.768556
  22    5.142218    5.142218  -38.324975   19.448661  -13.750628  -32.626942  -29.546344    2.061621    2.763636  -13.225306  -32.101620    2.586943    3.169247    0.772117
  23    6.492922    6.492922  -31.575928   17.421056  -13.026023  -27.180895  -24.663393    3.975420    4.523065  -12.692215  -26.847087    4.309228    4.784259    0.782465
  24    6.733699    6.733699  -30.898209   17.276385  -13.060802  -26.682626  -24.163614    4.214687    4.760804  -12.752758  -26.374582    4.522731    5.002065    0.783202
  25    7.404853    7.404853  -31.542136   17.698723  -13.600490  -27.443902  -24.952941    4.913891    5.454171  -13.276142  -27.119554    5.238240    5.708169    0.783104
  26    7.476314    7.476314  -31.623474   17.824981  -13.695625  -27.494118  -25.035214    5.017409    5.551337  -13.368551  -27.167045    5.344483    5.807390    0.782859
  27   13.511508   13.511508   -8.638494    4.910521   -9.215825  -12.943797  -13.874207   14.441918   14.273838   -9.146758  -12.874730   14.510985   14.330428    0.819348
  28   14.639249   14.639249   -8.496384    4.703047   -9.086852  -12.880189  -13.756809   15.515869   15.356940   -9.001939  -12.795276   15.600782   15.426458    0.818702
  29   16.768789   16.768789   -9.512061    5.241261  -10.271446  -14.542246  -15.739468   17.966011   17.728038  -10.163456  -14.434256   18.074002   17.814563    0.801229
  30   17.001319   17.001319  -10.021470    5.471556  -10.657309  -15.207223  -16.553967   18.348064   18.075221  -10.544508  -15.094422   18.460864   18.165168    0.797405
  31   19.112573   19.112573   -7.862337    3.959236   -9.090900  -12.994001  -14.195309   20.313880   20.082223   -8.988351  -12.891452   20.416429   20.164997    0.807162
  32   20.573559   20.573559   -6.862344    3.253886   -8.356638  -11.965096  -13.154538   21.763001   21.539899   -8.262627  -11.871086   21.857012   21.616276    0.812431
  33   21.842384   21.842384   -6.914527    3.380549   -8.900906  -12.434884  -13.730469   23.137969   22.884553   -8.813665  -12.347643   23.225210   22.954730    0.804400
  34   22.242403   22.242403   -7.182344    3.711853   -9.683361  -13.153853  -14.441795   23.530345   23.260488   -9.590713  -13.061204   23.622994   23.333724    0.790474
  35   23.257377   23.257377   -5.626393    2.892501   -8.596321  -11.330212  -12.450043   24.377207   24.146658   -8.522430  -11.256322   24.451097   24.205336    0.794121
  36   26.186354   26.186354   -5.536120    3.180868   -9.222310  -11.577562  -12.649219   27.258011   27.023556   -9.135996  -11.491248   27.344324   27.090986    0.781222
  37   29.246081   29.246081   -6.299370    3.828870  -10.022484  -12.492983  -13.617595   30.370692   30.114548   -9.904234  -12.374734   30.488942   30.205864    0.772237
  38   29.756004   29.756004   -5.736309    3.261012   -9.897096  -12.372393  -13.216298   30.599909   30.385536   -9.810815  -12.286112   30.686190   30.449899    0.745974
  39   30.029357   30.029357   -5.767662    3.114719   -9.795749  -12.448691  -13.551936   31.132602   30.859783   -9.699630  -12.352573   31.228720   30.932132    0.752712
  40   32.343546   32.343546   -5.763726    2.036329   -8.347527  -12.074924  -13.139501   33.408122   33.149304   -8.243220  -11.970617   33.512430   33.228253    0.756881
 
       k =  0.200000  0.200000  0.000000 ik =  10 spin = 1

   n        elda        ecor           x        sx-x          ch         sig         vxc        eqp0        eqp1         ch'        sig'       eqp0'       eqp1'         Znk
  11    2.564209    2.564209  -34.532166   18.021314  -12.151947  -28.662800  -25.677192   -0.421399    0.279617  -11.752588  -28.263440   -0.022039    0.585208    0.765202
  12    2.705146    2.705146  -38.998036   19.739345  -13.215390  -32.474080  -29.141374   -0.627560    0.169838  -12.704059  -31.962750   -0.116230    0.558826    0.760735
  13    2.997929    2.997929  -41.276635   20.505865  -13.733365  -34.504134  -31.037710   -0.468495    0.369390  -13.162683  -33.933452    0.102187    0.802129    0.758286
  14    3.051542    3.051542  -40.000603   20.069487  -13.487587  -33.418703  -30.069367   -0.297795    0.506048  -12.947973  -32.879089    0.241820    0.916155    0.759999
  15    3.363570    3.363570  -42.432699   20.948415  -14.090401  -35.574684  -32.077340   -0.133774    0.710937  -13.484845  -34.969129    0.471781    1.170233    0.758471
  16    3.468685    3.468685  -35.888821   18.336376  -12.510393  -30.062838  -27.021936    0.427783    1.134068  -12.065497  -29.617942    0.872679    1.475631    0.767738
  17    3.742868    3.742868  -47.327647   22.170837  -14.728383  -39.885193  -35.977911   -0.164414    0.781113  -13.962247  -39.119058    0.601722    1.361851    0.758009
  18    3.911969    3.911969  -47.948699   22.295270  -14.793382  -40.446811  -36.524119   -0.010723    0.942748  -14.012467  -39.665897    0.770191    1.533849    0.756935
  19    4.122426    4.122426  -48.940078   22.744070  -15.190963  -41.386970  -37.398778    0.134234    1.100778  -14.379549  -40.575556    0.945648    1.715545    0.757649
  20    4.336226    4.336226  -43.868400   21.127301  -14.354225  -37.095323  -33.526863    0.767765    1.617133  -13.688434  -36.429532    1.433556    2.124452    0.761979
  21    4.607923    4.607923  -40.514494   20.111184  -13.938039  -34.341349  -31.048311    1.314885    2.081008  -13.361329  -33.764639    1.891595    2.523547    0.767351
  22    5.658669    5.658669  -32.800735   17.547531  -12.723460  -27.976664  -25.282148    2.964153    3.555093  -12.344011  -27.597215    3.343601    3.851324    0.780688
  23    5.773839    5.773839  -36.235361   18.751981  -13.549882  -31.033263  -28.110971    2.851548    3.502570  -13.072867  -30.556248    3.328563    3.873317    0.777222
  24    6.292605    6.292605  -30.864256   17.034365  -12.766546  -26.596437  -24.123728    3.819896    4.356580  -12.453963  -26.283853    4.132480    4.601319    0.782957
  25    7.551847    7.551847  -32.266737   17.892234  -13.746741  -28.121244  -25.596936    5.027539    5.574886  -13.395456  -27.769958    5.378825    5.850002    0.783169
  26    7.645721    7.645721  -31.839244   17.882335  -13.759370  -27.716279  -25.264879    5.194321    5.725717  -13.421911  -27.378820    5.531780    5.990024    0.783228
  27   13.063937   13.063937  -10.774599    6.555925  -10.729357  -14.948031  -15.771042   13.886947   13.727502  -10.647665  -14.866340   13.968639   13.793367    0.806266
  28   16.037389   16.037389   -9.510994    5.200259  -10.039399  -14.350134  -15.470336   17.157590   16.940401   -9.933353  -14.244088   17.263637   17.025887    0.806116
  29   16.859860   16.859860   -9.482301    5.033225   -9.826301  -14.275377  -15.436114   18.020598   17.795814   -9.709565  -14.158641   18.137333   17.889943    0.806344
  30   17.273605   17.273605   -8.501432    4.370617   -9.177715  -13.308531  -14.367520   18.332594   18.133664   -9.069171  -13.199987   18.441138   18.221818    0.812151
  31   19.226714   19.226714   -6.903481    3.705417   -9.035959  -12.234023  -13.357129   20.349820   20.133275   -8.968683  -12.166747   20.417095   20.187579    0.807191
  32   20.237356   20.237356   -7.674174    3.630246   -8.846448  -12.890376  -14.165823   21.512803   21.271049   -8.743231  -12.787159   21.616020   21.354701    0.810455
  33   20.390251   20.390251   -7.126661    3.603343   -8.942591  -12.465910  -13.673517   21.597857   21.362128   -8.851968  -12.375287   21.688481   21.435061    0.804796
  34   23.298065   23.298065   -6.201726    3.273862   -8.948276  -11.876140  -12.972317   24.394243   24.169882   -8.856051  -11.783914   24.486468   24.243231    0.795325
  35   23.878164   23.878164   -7.115923    3.425103   -9.761639  -13.452459  -14.942860   25.368564   25.047296   -9.675566  -13.366386   25.454638   25.114815    0.784441
  36   25.721075   25.721075   -6.438807    3.655119   -9.261421  -12.045109  -13.325032   27.000999   26.748903   -9.166440  -11.950127   27.095981   26.825177    0.803038
  37   29.858030   29.858030   -6.297534    3.676452   -9.972307  -12.593389  -13.656124   30.920764   30.667628   -9.869604  -12.490686   31.023467   30.745867    0.761807
  38   30.241379   30.241379   -5.386672    3.188732   -9.406784  -11.604723  -12.597186   31.233842   31.000532   -9.312167  -11.510107   31.328458   31.072906    0.764919
  39   30.269085   30.269085   -4.035452    1.859420   -7.931931  -10.107963  -11.081462   31.242584   31.015940   -7.872743  -10.048776   31.301771   31.061348    0.767187
  40   31.827401   31.827401   -5.926170    2.862066   -9.849558  -12.913662  -13.862708   32.776448   32.521473   -9.739403  -12.803507   32.886603   32.602033    0.731336
 
       k =  0.200000  0.200000  0.333333 ik =  11 spin = 1

   n        elda        ecor           x        sx-x          ch         sig         vxc        eqp0        eqp1         ch'        sig'       eqp0'       eqp1'         Znk
  11    2.429641    2.429641  -33.304472   17.553904  -11.828992  -27.579561  -24.683116   -0.466804    0.210755  -11.461836  -27.212405   -0.099648    0.492023    0.766072
  12    2.511772    2.511772  -33.418570   17.640482  -11.900813  -27.678902  -24.765862   -0.401268    0.279154  -11.530507  -27.308596   -0.030962    0.562965    0.766422
  13    2.970206    2.970206  -41.010215   20.411292  -13.653861  -34.252784  -30.794988   -0.487590    0.345894  -13.089004  -33.687927    0.077266    0.774594    0.758955
  14    2.983955    2.983955  -39.494751   19.859393  -13.348504  -32.983862  -29.658321   -0.341587    0.455976  -12.823224  -32.458582    0.183693    0.855278    0.760171
  15    3.155402    3.155402  -41.985935   20.729414  -13.870355  -35.126877  -31.617971   -0.353503    0.493803  -13.275743  -34.532265    0.241109    0.944833    0.758527
  16    3.237298    3.237298  -42.310915   20.925003  -14.046346  -35.432258  -31.925428   -0.269532    0.579423  -13.445070  -34.830982    0.331744    1.035139    0.757914
  17    3.916823    3.916823  -47.811260   22.241259  -14.784379  -40.354380  -36.431422   -0.006135    0.943799  -14.005186  -39.575188    0.773058    1.534312    0.757853
  18    4.000425    4.000425  -48.457087   22.412337  -14.875155  -40.919905  -36.972100    0.052621    1.010211  -14.079135  -40.123885    0.848641    1.613146    0.757437
  19    4.086272    4.086272  -48.672353   22.604826  -15.068540  -41.136068  -37.170613    0.120817    1.081788  -14.265290  -40.332817    0.924067    1.690382    0.757664
  20    4.187267    4.187267  -48.089177   22.437984  -15.007529  -40.658722  -36.739516    0.268061    1.215639  -14.220417  -39.871610    1.055173    1.812444    0.758222
  21    5.189644    5.189644  -38.892627   19.637961  -13.883911  -33.138577  -30.025624    2.076691    2.788095  -13.345964  -32.600630    2.614638    3.203105    0.771470
  22    5.652458    5.652458  -37.816629   19.303644  -13.853563  -32.366548  -29.369764    2.655674    3.331235  -13.337239  -31.850223    3.171999    3.731165    0.774571
  23    6.464844    6.464844  -30.272764   16.928365  -12.714496  -26.058896  -23.602206    4.008154    4.538903  -12.416443  -25.760843    4.306207    4.772564    0.783958
  24    6.474485    6.474485  -31.380870   17.237606  -12.894881  -27.038145  -24.484926    3.921266    4.474835  -12.563963  -26.707227    4.252184    4.734006    0.783188
  25    7.207686    7.207686  -32.251638   17.704530  -13.452620  -27.999729  -25.447346    4.655302    5.208528  -13.097638  -27.644746    5.010285    5.486569    0.783251
  26    7.605198    7.605198  -31.502099   17.828831  -13.761874  -27.435142  -24.998001    5.168058    5.696906  -13.439720  -27.112988    5.490212    5.949154    0.783005
  27   13.459070   13.459070   -9.969531    6.000075  -10.298273  -14.267729  -15.130510   14.321851   14.157159  -10.221072  -14.190528   14.399052   14.219623    0.809114
  28   14.894144   14.894144   -9.723811    5.652112  -10.190656  -14.262355  -15.172682   15.804470   15.628919  -10.094215  -14.165915   15.900911   15.706761    0.807156
  29   17.149944   17.149944   -9.071967    4.653409   -9.631656  -14.050214  -15.402917   18.502647   18.242718   -9.529177  -13.947735   18.605126   18.325505    0.807845
  30   17.448559   17.448559   -8.595717    4.375187   -9.273996  -13.494526  -14.655130   18.609162   18.388999   -9.167607  -13.388137   18.715551   18.475207    0.810303
  31   19.286214   19.286214   -7.611829    3.917685   -9.193227  -12.887371  -14.090006   20.488849   20.254916   -9.101968  -12.796112   20.580108   20.328424    0.805483
  32   19.310133   19.310133   -7.620128    3.829862   -9.062387  -12.852653  -14.125541   20.583021   20.339934   -8.970705  -12.760971   20.674703   20.414108    0.809027
  33   20.994426   20.994426   -6.315059    3.272935   -8.633540  -11.675665  -12.797273   22.116035   21.898420   -8.559021  -11.601145   22.190555   21.958481    0.805979
  34   23.034607   23.034607   -6.448829    3.065926   -8.792232  -12.175134  -13.519410   24.378883   24.108867   -8.715078  -12.097981   24.456037   24.170523    0.799136
  35   24.517754   24.517754   -5.934297    3.133420   -8.875006  -11.675883  -12.821551   25.663423   25.426535   -8.786195  -11.587072   25.752234   25.496983    0.793232
  36   25.904815   25.904815   -6.413596    3.553834   -9.564983  -12.424745  -13.669877   27.149947   26.880112   -9.464612  -12.324373   27.250319   26.958732    0.783288
  37   28.372257   28.372257   -5.905403    3.566149   -9.637279  -11.976533  -13.074136   29.469860   29.221333   -9.536861  -11.876114   29.570278   29.299014    0.773573
  38   28.855160   28.855160   -4.947310    3.106136   -9.016531  -10.857704  -11.847306   29.844762   29.629104   -8.933325  -10.774499   29.927967   29.694177    0.782076
  39   31.384539   31.384539   -5.762354    3.085509  -10.076973  -12.753818  -13.651672   32.282393   32.041754   -9.974567  -12.651412   32.384799   32.116713    0.731984
  40   31.981545   31.981545   -5.920559    2.961183   -9.895617  -12.854994  -13.815472   32.942024   32.688985   -9.785381  -12.744757   33.052260   32.770179    0.736549
 
       k =  0.200000  0.200000  0.666667 ik =  12 spin = 1

   n        elda        ecor           x        sx-x          ch         sig         vxc        eqp0        eqp1         ch'        sig'       eqp0'       eqp1'         Znk
  11    2.429641    2.429641  -33.304422   17.549009  -11.826645  -27.582059  -24.683116   -0.469302    0.208780  -11.459489  -27.214903   -0.102146    0.490056    0.766093
  12    2.511772    2.511772  -33.418525   17.644540  -11.902859  -27.676844  -24.765862   -0.399210    0.280809  -11.532554  -27.306538   -0.028904    0.564610    0.766395
  13    2.970206    2.970206  -41.010217   20.411707  -13.653692  -34.252202  -30.794988   -0.487008    0.346335  -13.088836  -33.687346    0.077847    0.775035    0.758955
  14    2.983955    2.983955  -39.494746   19.858498  -13.348454  -32.984702  -29.658321   -0.342427    0.455311  -12.823174  -32.459422    0.182854    0.854617    0.760179
  15    3.155402    3.155402  -41.985931   20.728110  -13.868818  -35.126639  -31.617971   -0.353265    0.493888  -13.274207  -34.532028    0.241346    0.944933    0.758554
  16    3.237298    3.237298  -42.310894   20.927601  -14.047244  -35.430538  -31.925428   -0.267812    0.580795  -13.445968  -34.829262    0.333465    1.036499    0.757894
  17    3.916823    3.916823  -47.811298   22.241463  -14.785051  -40.354886  -36.431422   -0.006641    0.943404  -14.005859  -39.575694    0.772552    1.533919    0.757856
  18    4.000425    4.000425  -48.457096   22.412750  -14.875253  -40.919599  -36.972100    0.052926    1.010396  -14.079233  -40.123579    0.848946    1.613341    0.757449
  19    4.086272    4.086272  -48.672347   22.605809  -15.069225  -41.135763  -37.170613    0.121122    1.082061  -14.265974  -40.332512    0.924373    1.690647    0.757654
  20    4.187267    4.187267  -48.089151   22.437516  -15.006831  -40.658466  -36.739516    0.268317    1.215842  -14.219720  -39.871354    1.055429    1.812645    0.758220
  21    5.189644    5.189644  -38.892698   19.641105  -13.886641  -33.138235  -30.025624    2.077034    2.788324  -13.348693  -32.600287    2.614981    3.203340    0.771481
  22    5.652458    5.652458  -37.816574   19.300757  -13.851503  -32.367321  -29.369764    2.654901    3.330665  -13.335179  -31.850997    3.171225    3.730590    0.774562
  23    6.464844    6.464844  -30.273021   16.935120  -12.715844  -26.053745  -23.602206    4.013305    4.542906  -12.417790  -25.755691    4.311359    4.776572    0.783972
  24    6.474485    6.474485  -31.380966   17.239617  -12.896403  -27.037753  -24.484926    3.921658    4.475145  -12.565485  -26.706834    4.252577    4.734316    0.783187
  25    7.207686    7.207686  -32.251531   17.704567  -13.452279  -27.999243  -25.447346    4.655789    5.208925  -13.097297  -27.644260    5.010771    5.486963    0.783245
  26    7.605198    7.605198  -31.502018   17.824212  -13.761798  -27.439604  -24.998001    5.163595    5.693460  -13.439645  -27.117451    5.485749    5.945701    0.782985
  27   13.459070   13.459070   -9.969624    6.005736  -10.300043  -14.263931  -15.130510   14.325650   14.160235  -10.222842  -14.186730   14.402850   14.222699    0.809118
  28   14.894144   14.894144   -9.723678    5.650886  -10.192015  -14.264806  -15.172682   15.802019   15.626934  -10.095574  -14.168365   15.898460   15.704775    0.807148
  29   17.149944   17.149944   -9.071961    4.645059   -9.628652  -14.055554  -15.402917   18.497307   18.238358   -9.526174  -13.953076   18.599785   18.321141    0.807811
  30   17.448559   17.448559   -8.595705    4.373305   -9.274026  -13.496427  -14.655130   18.607262   18.387503   -9.167637  -13.390037   18.713651   18.473715    0.810341
  31   19.286214   19.286214   -7.611754    3.911864   -9.192698  -12.892589  -14.090006   20.483631   20.251297   -9.101440  -12.801331   20.574889   20.324849    0.805971
  32   19.310133   19.310133   -7.620102    3.836311   -9.063431  -12.847223  -14.125541   20.588451   20.343741   -8.971748  -12.755540   20.680134   20.417873    0.808569
  33   20.994426   20.994426   -6.315130    3.269620   -8.631248  -11.676758  -12.797273   22.114942   21.898109   -8.556728  -11.602238   22.189462   21.958209    0.806489
  34   23.034607   23.034607   -6.448768    3.070283   -8.793972  -12.172457  -13.519410   24.381560   24.111007   -8.716818  -12.095304   24.458714   24.172663    0.799137
  35   24.517754   24.517754   -5.934350    3.125600   -8.870102  -11.678852  -12.821551   25.660453   25.425147   -8.781290  -11.590040   25.749265   25.495671    0.794079
  36   25.904815   25.904815   -6.413626    3.554886   -9.565982  -12.424722  -13.669877   27.149970   26.880274   -9.465610  -12.324350   27.250342   26.958906    0.783403
  37   28.372257   28.372257   -5.905375    3.566274   -9.635204  -11.974305  -13.074136   29.472088   29.223812   -9.534786  -11.873887   29.572505   29.301561    0.774260
  38   28.855160   28.855160   -4.947245    3.106694   -9.019517  -10.860068  -11.847306   29.842398   29.626639   -8.936312  -10.776862   29.925604   29.691660    0.781452
  39   31.384539   31.384539   -5.762382    3.084622  -10.077892  -12.755651  -13.651672   32.280559   32.040748   -9.975486  -12.653246   32.382965   32.115746    0.732359
  40   31.981545   31.981545   -5.920597    2.965328   -9.896950  -12.852219  -13.815472   32.944798   32.690641   -9.786714  -12.741984   33.055034   32.771791    0.736147
 
       k =  0.200000  0.400000  0.000000 ik =  13 spin = 1

   n        elda        ecor           x        sx-x          ch         sig         vxc        eqp0        eqp1         ch'        sig'       eqp0'       eqp1'         Znk
  11    2.633851    2.633851  -38.217244   19.460688  -13.037113  -31.793669  -28.512339   -0.647479    0.134493  -12.545095  -31.301652   -0.155462    0.509258    0.761690
  12    2.949228    2.949228  -40.373984   20.206984  -13.555632  -33.722632  -30.326217   -0.447187    0.369692  -13.006683  -33.173684    0.101761    0.786611    0.759488
  13    3.085635    3.085635  -29.416687   16.168043  -11.180946  -24.429591  -21.839304    0.495348    1.082303  -10.908304  -24.156948    0.767991    1.293165    0.773402
  14    3.198318    3.198318  -39.568792   19.934369  -13.457717  -33.092140  -29.775482   -0.118340    0.672027  -12.927010  -32.561432    0.412368    1.076266    0.761698
  15    3.520204    3.520204  -41.454514   20.376522  -13.734328  -34.812320  -31.381328    0.089213    0.910440  -13.144762  -34.222753    0.678779    1.358891    0.760644
  16    3.583101    3.583101  -43.411974   21.269774  -14.312897  -36.455097  -32.922380    0.050384    0.904739  -13.676357  -35.818557    0.686925    1.387338    0.758159
  17    3.869688    3.869688  -47.667833   22.282771  -14.808907  -40.193969  -36.277007   -0.047274    0.904143  -14.034360  -39.419422    0.727273    1.490555    0.757103
  18    3.932981    3.932981  -47.503072   22.126725  -14.685930  -40.062277  -36.186338    0.057041    0.995603  -13.916285  -39.292632    0.826686    1.578878    0.757849
  19    4.138625    4.138625  -46.367802   21.943841  -14.716634  -39.140595  -35.390474    0.388504    1.293546  -13.982268  -38.406229    1.122870    1.850682    0.758663
  20    4.163032    4.163032  -47.036874   22.102853  -14.830097  -39.764118  -35.943619    0.342533    1.261955  -14.072125  -39.006146    1.100505    1.837518    0.759345
  21    4.766515    4.766515  -41.515369   20.491158  -14.181557  -35.205768  -31.875105    1.435852    2.214741  -13.577860  -34.602071    2.039550    2.677261    0.766146
  22    5.004131    5.004131  -35.462601   18.435451  -13.128968  -30.156117  -27.295103    2.143116    2.790285  -12.690236  -29.717386    2.581847    3.129774    0.773797
  23    5.100028    5.100028  -29.964368   16.517515  -11.995744  -25.442597  -22.878669    2.536101    3.096338  -11.700572  -25.147425    2.831273    3.327012    0.781493
  24    6.143970    6.143970  -32.538031   17.691444  -13.011593  -27.858181  -25.222319    3.508109    4.084982  -12.646950  -27.493538    3.872751    4.369821    0.781144
  25    6.849173    6.849173  -30.809606   17.190218  -13.001299  -26.620687  -24.157130    4.385617    4.916881  -12.684411  -26.303799    4.702504    5.165432    0.784351
  26    7.145086    7.145086  -32.386121   17.847140  -13.510597  -28.049578  -25.496443    4.591951    5.146920  -13.154368  -27.693349    4.948180    5.425717    0.782632
  27   15.089552   15.089552  -10.092525    5.900384  -10.705724  -14.897865  -16.103182   16.294869   16.058691  -10.618485  -14.810626   16.382108   16.128836    0.804053
  28   15.988415   15.988415   -9.952487    5.797752  -10.509434  -14.664170  -15.451592   16.775837   16.618444  -10.387616  -14.542352   16.897655   16.715913    0.800117
  29   16.074778   16.074778   -8.125279    3.981780   -8.235983  -12.379482  -13.154055   16.849351   16.713042   -8.116672  -12.260171   16.968663   16.811357    0.824020
  30   16.820923   16.820923  -10.116628    5.354602  -10.461921  -15.223948  -16.648983   18.245959   17.964071  -10.349681  -15.111708   18.358198   18.054108    0.802189
  31   19.025167   19.025167   -9.092021    4.933362  -10.245456  -14.404115  -15.594990   20.216043   19.973258  -10.123196  -14.281854   20.338303   20.070593    0.796129
  32   19.848702   19.848702   -7.963993    3.936011   -9.156674  -13.184656  -14.429909   21.093955   20.854735   -9.049530  -13.077512   21.201099   20.941296    0.807894
  33   20.991068   20.991068   -6.687698    3.781400   -9.248167  -12.154465  -13.135929   21.972532   21.772755   -9.155907  -12.062205   22.064792   21.846235    0.796450
  34   21.684199   21.684199   -6.825177    3.523789   -9.480364  -12.781752  -14.062930   22.965377   22.697441   -9.410397  -12.711785   23.035344   22.752776    0.790867
  35   23.696277   23.696277   -6.639270    3.181999   -9.299901  -12.757172  -14.144344   25.083449   24.790338   -9.224431  -12.681702   25.158919   24.849861    0.788699
  36   28.318498   28.318498   -6.382653    3.707422  -10.017217  -12.692448  -13.868028   29.494079   29.217916   -9.914218  -12.589448   29.597079   29.296719    0.765084
  37   28.844299   28.844299   -6.785276    4.438761  -10.505255  -12.851770  -14.159264   30.151793   29.867385  -10.390542  -12.737057   30.266505   29.957145    0.782479
  38   30.146308   30.146308   -4.767356    2.410307   -8.586374  -10.943422  -11.945702   31.148588   30.914734   -8.505360  -10.862408   31.229602   30.976846    0.766678
  39   31.033458   31.033458   -3.622721    1.210164   -7.160843   -9.573400  -10.538101   31.998159   31.785244   -7.131800   -9.544356   32.027203   31.807878    0.779294
  40   32.027378   32.027378   -6.232644    2.468158   -8.982599  -12.747085  -13.887935   33.168228   32.882796   -8.875572  -12.640058   33.275255   32.963046    0.749807
 
       k =  0.200000  0.400000  0.333333 ik =  14 spin = 1

   n        elda        ecor           x        sx-x          ch         sig         vxc        eqp0        eqp1         ch'        sig'       eqp0'       eqp1'         Znk
  11    2.547019    2.547019  -34.501772   18.044418  -12.152223  -28.609578  -25.617290   -0.445269    0.256803  -11.755219  -28.212573   -0.048264    0.560659    0.765373
  12    2.648083    2.648083  -31.889903   17.069291  -11.593196  -26.413809  -23.627732   -0.137994    0.506437  -11.260766  -26.081379    0.194436    0.761974    0.768696
  13    2.950350    2.950350  -40.017929   20.072525  -13.462870  -33.408275  -30.030306   -0.427619    0.381987  -12.921735  -32.867140    0.113515    0.793426    0.760328
  14    3.173013    3.173013  -38.237675   19.465802  -13.170377  -31.942250  -28.705959   -0.063277    0.703090  -12.673480  -31.445353    0.433620    1.082319    0.763196
  15    3.386270    3.386270  -41.297295   20.468350  -13.791167  -34.620113  -31.196036   -0.037807    0.784780  -13.211922  -34.040868    0.541438    1.224870    0.759764
  16    3.391777    3.391777  -42.186461   20.844578  -14.031170  -35.373054  -31.896668   -0.084608    0.754039  -13.430184  -34.772067    0.516378    1.210042    0.758759
  17    3.948821    3.948821  -47.863174   22.222185  -14.732950  -40.373939  -36.466868    0.041750    0.989444  -13.952542  -39.593531    0.822159    1.580558    0.757441
  18    3.974124    3.974124  -48.279379   22.293393  -14.747769  -40.733754  -36.804530    0.044900    0.999304  -13.956660  -39.942646    0.836009    1.598253    0.757101
  19    4.260767    4.260767  -47.646484   22.316803  -14.925300  -40.254982  -36.401329    0.407114    1.339497  -14.152987  -39.482668    1.179427    1.924951    0.758052
  20    4.295692    4.295692  -47.866717   22.354290  -14.944116  -40.456542  -36.568046    0.407197    1.346470  -14.162781  -39.675208    1.188531    1.939071    0.758448
  21    4.656073    4.656073  -41.130584   20.289241  -14.050915  -34.892258  -31.591555    1.355370    2.123818  -13.453064  -34.294407    1.953221    2.582482    0.767186
  22    4.823128    4.823128  -38.557138   19.386227  -13.576400  -32.747312  -29.642661    1.718477    2.430500  -13.048299  -32.219210    2.246579    2.837486    0.770659
  23    5.693625    5.693625  -32.023317   17.306963  -12.647510  -27.363864  -24.698039    3.027800    3.610915  -12.293259  -27.009613    3.382051    3.887678    0.781263
  24    6.565099    6.565099  -31.390518   17.272206  -12.951481  -27.069793  -24.519649    4.014955    4.566778  -12.617286  -26.735599    4.349149    4.828656    0.783611
  25    6.857098    6.857098  -30.779383   17.340745  -13.147638  -26.586275  -24.138588    4.409411    4.940098  -12.843001  -26.281638    4.714047    5.178686    0.783188
  26    7.324498    7.324498  -31.169381   17.649578  -13.526171  -27.045974  -24.611873    4.890397    5.418476  -13.213090  -26.732893    5.203478    5.663633    0.783050
  27   14.922335   14.922335   -8.645588    4.703366   -9.189419  -13.131641  -14.155624   15.946317   15.760372   -9.104774  -13.046996   16.030963   15.829647    0.818410
  28   15.578286   15.578286   -9.028413    5.059172   -9.580930  -13.550172  -14.402964   16.431079   16.270714   -9.477700  -13.446942   16.534309   16.354532    0.811953
  29   16.538893   16.538893   -9.704732    5.424745  -10.344077  -14.624064  -15.658221   17.573049   17.367387  -10.227925  -14.507912   17.689202   17.460440    0.801130
  30   17.030001   17.030001  -10.540894    5.839987  -11.236303  -15.937210  -17.405786   18.498576   18.194597  -11.125107  -15.826014   18.609772   18.282776    0.793011
  31   17.928798   17.928798   -8.206030    4.350176   -9.269060  -13.124915  -14.179078   18.982961   18.779752   -9.165343  -13.021197   19.086679   18.863476    0.807232
  32   18.736931   18.736931   -7.981730    4.025669   -9.160366  -13.116428  -14.367040   19.987543   19.748546   -9.063276  -13.019338   20.084633   19.827082    0.808896
  33   22.141340   22.141340   -6.050080    3.136698   -8.449396  -11.362778  -12.380940   23.159501   22.960890   -8.362486  -11.275868   23.246411   23.030846    0.804931
  34   22.862032   22.862032   -6.862412    3.331636   -9.286226  -12.817002  -14.163406   24.208435   23.929385   -9.201911  -12.732687   24.292750   23.996225    0.792744
  35   24.458833   24.458833   -6.588487    3.225637   -9.443787  -12.806637  -14.214683   25.866879   25.562569   -9.361119  -12.723969   25.949547   25.627371    0.783878
  36   26.048425   26.048425   -5.222908    3.231714   -8.990314  -10.981508  -12.025068   27.091985   26.874106   -8.910738  -10.901932   27.171561   26.937068    0.791216
  37   27.898613   27.898613   -6.156610    3.745135   -9.831892  -12.243368  -13.371251   29.026497   28.770706   -9.724371  -12.135846   29.134018   28.853843    0.773212
  38   29.878061   29.878061   -6.018617    3.216230   -9.673022  -12.475410  -13.641127   31.043778   30.764633   -9.570366  -12.372754   31.146434   30.842707    0.760538
  39   31.019771   31.019771   -5.989247    3.158273   -9.909454  -12.740428  -13.640632   31.919975   31.684017   -9.809968  -12.640942   32.019461   31.757426    0.737884
  40   31.526974   31.526974   -5.825752    2.866489   -9.618299  -12.577561  -13.529486   32.478899   32.234111   -9.516495  -12.475757   32.580703   32.309736    0.742850
 
       k =  0.200000  0.400000  0.666667 ik =  15 spin = 1

   n        elda        ecor           x        sx-x          ch         sig         vxc        eqp0        eqp1         ch'        sig'       eqp0'       eqp1'         Znk
  11    2.547019    2.547019  -34.501727   18.042706  -12.152205  -28.611226  -25.617290   -0.446917    0.255481  -11.755200  -28.214221   -0.049912    0.559346    0.765393
  12    2.648083    2.648083  -31.889846   17.070456  -11.593491  -26.412881  -23.627732   -0.137067    0.507158  -11.261061  -26.080451    0.195364    0.762695    0.768693
  13    2.950350    2.950350  -40.017934   20.068405  -13.460078  -33.409607  -30.030306   -0.428951    0.380886  -12.918943  -32.868473    0.112183    0.792340    0.760354
  14    3.173013    3.173013  -38.237649   19.467544  -13.170490  -31.940595  -28.705959   -0.061622    0.704485  -12.673594  -31.443699    0.435274    1.083694    0.763155
  15    3.386270    3.386270  -41.297289   20.470808  -13.793467  -34.619948  -31.196036   -0.037643    0.784952  -13.214221  -34.040703    0.541603    1.225034    0.759750
  16    3.391777    3.391777  -42.186451   20.846890  -14.032352  -35.371913  -31.896668   -0.083468    0.754881  -13.431366  -34.770927    0.517518    1.210889    0.758765
  17    3.948821    3.948821  -47.863175   22.220885  -14.732444  -40.374735  -36.466868    0.040954    0.988817  -13.952038  -39.594329    0.821360    1.579934    0.757447
  18    3.974124    3.974124  -48.279387   22.292812  -14.746438  -40.733012  -36.804531    0.045642    0.999902  -13.955327  -39.941901    0.836753    1.598846    0.757092
  19    4.260767    4.260767  -47.646502   22.315628  -14.924923  -40.255797  -36.401329    0.406298    1.338866  -14.152610  -39.483485    1.178610    1.924322    0.758055
  20    4.295692    4.295692  -47.866742   22.355515  -14.944976  -40.456203  -36.568046    0.407536    1.346712  -14.163639  -39.674866    1.188872    1.939318    0.758452
  21    4.656073    4.656073  -41.130588   20.289630  -14.051117  -34.892075  -31.591555    1.355552    2.123964  -13.453264  -34.294222    1.953405    2.582628    0.767185
  22    4.823128    4.823128  -38.557095   19.384823  -13.574874  -32.747146  -29.642661    1.718643    2.430655  -13.046775  -32.219047    2.246742    2.837635    0.770650
  23    5.693625    5.693625  -32.023456   17.309719  -12.650175  -27.363912  -24.698039    3.027752    3.610868  -12.295923  -27.009660    3.382004    3.887633    0.781266
  24    6.565099    6.565099  -31.390387   17.270555  -12.949279  -27.069111  -24.519649    4.015637    4.567345  -12.615086  -26.734918    4.349830    4.829219    0.783598
  25    6.857098    6.857098  -30.779594   17.347230  -13.147857  -26.580221  -24.138588    4.415465    4.944768  -12.843220  -26.275584    4.720102    5.183365    0.783217
  26    7.324498    7.324498  -31.169422   17.648798  -13.527170  -27.047794  -24.611873    4.888576    5.417077  -13.214090  -26.734714    5.201657    5.662231    0.783039
  27   14.922335   14.922335   -8.645575    4.701884   -9.190510  -13.134201  -14.155624   15.943758   15.758268   -9.105865  -13.049556   16.028403   15.827542    0.818401
  28   15.578286   15.578286   -9.028228    5.043035   -9.576709  -13.561902  -14.402964   16.419348   16.261194   -9.473480  -13.458673   16.522577   16.345012    0.811960
  29   16.538893   16.538893   -9.704898    5.441797  -10.348467  -14.611568  -15.658221   17.585546   17.377349  -10.232315  -14.495415   17.701698   17.470397    0.801083
  30   17.030001   17.030001  -10.540926    5.844893  -11.237315  -15.933348  -17.405786   18.502438   18.197780  -11.126120  -15.822153   18.613633   18.285968    0.793093
  31   17.928798   17.928798   -8.205863    4.330891   -9.262773  -13.137745  -14.179078   18.970130   18.769371   -9.159056  -13.034028   19.073848   18.853093    0.807209
  32   18.736931   18.736931   -7.981680    4.032782   -9.163659  -13.112556  -14.367040   19.991414   19.751863   -9.066569  -13.015466   20.088504   19.830413    0.809044
  33   22.141340   22.141340   -6.050115    3.128016   -8.443224  -11.365323  -12.380940   23.156956   22.958316   -8.356313  -11.278413   23.243867   23.028228    0.804414
  34   22.862032   22.862032   -6.862434    3.328840   -9.286281  -12.819875  -14.163406   24.205563   23.926456   -9.201967  -12.735560   24.289877   23.993255    0.792259
  35   24.458833   24.458833   -6.588532    3.228515   -9.444324  -12.804341  -14.214683   25.869175   25.564677   -9.361656  -12.721673   25.951843   25.629497    0.784097
  36   26.048425   26.048425   -5.222838    3.241185   -8.999975  -10.981627  -12.025068   27.091866   26.873778   -8.920399  -10.902051   27.171442   26.936722    0.790991
  37   27.898613   27.898613   -6.156631    3.744755   -9.829750  -12.241627  -13.371251   29.028238   28.772269   -9.722229  -12.134105   29.135759   28.855426    0.773404
  38   29.878061   29.878061   -6.018589    3.232427   -9.687757  -12.473920  -13.641127   31.045268   30.766297   -9.585102  -12.371264   31.147924   30.844417    0.760993
  39   31.019771   31.019771   -5.989251    3.157068   -9.910310  -12.742494  -13.640632   31.917910   31.682446   -9.810824  -12.643008   32.017396   31.755850    0.737832
  40   31.526974   31.526974   -5.825760    2.865949   -9.616958  -12.576769  -13.529486   32.479691   32.234094   -9.515155  -12.474966   32.581494   32.309654    0.742214
 

    n = band index
 elda = energy eigenvalue
 ecor = corrected energy eigenvalue
    x = bare exchange
   sx = screened exchange at energy ecor
   ch = coulomb hole at energy ecor
  sig = sx + ch = self-energy at energy ecor
  vxc = exchange-correlation potential
 eqp0 = elda - vxc + sig(ecor)
 eqp1 = eqp0 + (dsig/de) / (1 - dsig/de) * (eqp0 - ecor)
  Znk = quasiparticle renormalization factor

        finite_difference_form from sigma.inp file:
        none     = -2 : dsig/de = 0 [skip the expansion]
        backward = -1 : dsig/de = (sig(ecor) - sig(ecor-de)) / de
        central  =  0 : dsig/de = (sig(ecor+de) - sig(ecor-de)) / (2*de)
        forward  =  1 : dsig/de = (sig(ecor+de) - sig(ecor)) / de
        default  =  2 : forward for diagonal and none for off-diagonal
        de is finite_difference_spacing from sigma.inp file
        elda,ecor,x,sx,ch,sig,vxc,eqp0,eqp,de are in eV
        elda and vxc both contain vxc0 so it cancels out
        eqp1 and eqp0 are Eqs. (36-37) from Hybertsen & Louie PRB 34 5390

