
 frequency_dependence   1

 band_index     1    14
 sigma_matrix     0   0

 finite_difference_form   2
 finite_difference_spacing  1.000000

 symmetries
 ntran  = 48
 mtrx01 =  1  0  0  0  1  0  0  0  1
 mtrx02 =  0  1  0  1  0  0 -1 -1 -1
 mtrx03 =  0  0  1 -1 -1 -1  1  0  0
 mtrx04 = -1 -1 -1  0  0  1  0  1  0
 mtrx05 = -1  0  0  0 -1  0  1  1  1
 mtrx06 =  0 -1  0 -1  0  0  0  0 -1
 mtrx07 =  0  0 -1  1  1  1  0 -1  0
 mtrx08 =  1  1  1  0  0 -1 -1  0  0
 mtrx09 = -1  0  0  1  1  1  0  0 -1
 mtrx10 =  0  0 -1  0 -1  0 -1  0  0
 mtrx11 =  0 -1  0  0  0 -1  1  1  1
 mtrx12 =  1  1  1 -1  0  0  0 -1  0
 mtrx13 =  1  1  1  0 -1  0  0  0 -1
 mtrx14 = -1  0  0  0  0 -1  0 -1  0
 mtrx15 =  0  0 -1 -1  0  0  1  1  1
 mtrx16 =  0 -1  0  1  1  1 -1  0  0
 mtrx17 =  0  1  0  0  0  1  1  0  0
 mtrx18 =  1  0  0 -1 -1 -1  0  1  0
 mtrx19 = -1 -1 -1  1  0  0  0  0  1
 mtrx20 =  0  0  1  0  1  0 -1 -1 -1
 mtrx21 =  0  0  1  1  0  0  0  1  0
 mtrx22 = -1 -1 -1  0  1  0  1  0  0
 mtrx23 =  1  0  0  0  0  1 -1 -1 -1
 mtrx24 =  0  1  0 -1 -1 -1  0  0  1
 mtrx25 = -1  0  0  0 -1  0  0  0 -1
 mtrx26 =  0 -1  0 -1  0  0  1  1  1
 mtrx27 =  0  0 -1  1  1  1 -1  0  0
 mtrx28 =  1  1  1  0  0 -1  0 -1  0
 mtrx29 =  1  0  0  0  1  0 -1 -1 -1
 mtrx30 =  0  1  0  1  0  0  0  0  1
 mtrx31 =  0  0  1 -1 -1 -1  0  1  0
 mtrx32 = -1 -1 -1  0  0  1  1  0  0
 mtrx33 =  1  0  0 -1 -1 -1  0  0  1
 mtrx34 =  0  0  1  0  1  0  1  0  0
 mtrx35 =  0  1  0  0  0  1 -1 -1 -1
 mtrx36 = -1 -1 -1  1  0  0  0  1  0
 mtrx37 = -1 -1 -1  0  1  0  0  0  1
 mtrx38 =  1  0  0  0  0  1  0  1  0
 mtrx39 =  0  0  1  1  0  0 -1 -1 -1
 mtrx40 =  0  1  0 -1 -1 -1  1  0  0
 mtrx41 =  0 -1  0  0  0 -1 -1  0  0
 mtrx42 = -1  0  0  1  1  1  0 -1  0
 mtrx43 =  1  1  1 -1  0  0  0  0 -1
 mtrx44 =  0  0 -1  0 -1  0  1  1  1
 mtrx45 =  0  0 -1 -1  0  0  0 -1  0
 mtrx46 =  1  1  1  0 -1  0 -1  0  0
 mtrx47 = -1  0  0  0  0 -1  1  1  1
 mtrx48 =  0 -1  0  1  1  1  0  0 -1
 
       k =  0.000000  0.000000  0.000000 ik =   1 spin = 1

   n         Emf          Eo           X        SX-X          CH         Sig         KIH        Eqp0        Eqp1       Znk
   1   -6.272810   -6.272810  -17.522490   13.260846   -6.954680  -11.216324    4.993137   -6.223187   -6.238995    0.681442
   2    6.040265    6.040265  -12.992118    9.052210   -7.926312  -11.866220   18.436008    6.569788    6.464820    0.801769
   3    6.040265    6.040265  -12.992118    9.052210   -7.926312  -11.866220   18.436008    6.569788    6.464820    0.801769
   4    6.040265    6.040265  -12.992118    9.052210   -7.926312  -11.866220   18.436008    6.569788    6.464820    0.801769
   5    8.966695    8.966695   -5.740295    3.909314   -7.621718   -9.452699   19.591656   10.138957    9.899077    0.795369
   6    8.966695    8.966695   -5.740295    3.909314   -7.621718   -9.452699   19.591656   10.138957    9.899077    0.795369
   7    8.966695    8.966695   -5.740295    3.909314   -7.621718   -9.452699   19.591656   10.138957    9.899077    0.795369
   8   10.350737   10.350737   -5.691737    4.233173   -8.729744  -10.188308   21.812800   11.624493   11.355264    0.788634
   9   14.251248   14.251248   -4.365163    3.111128   -7.773367   -9.027401   25.007185   15.979784   15.602441    0.781698
  10   14.251248   14.251248   -4.365163    3.111128   -7.773367   -9.027401   25.007185   15.979784   15.602441    0.781698
  11   14.757474   14.757474   -2.616403    2.030643   -7.029991   -7.615751   22.816037   15.200287   15.106723    0.788707
  12   18.157269   18.157269   -2.262860    2.057359   -7.706308   -7.911809   26.754671   18.842863   18.664992    0.740559
  13   18.157269   18.157269   -2.262860    2.057359   -7.706308   -7.911809   26.754671   18.842863   18.664992    0.740559
  14   18.157269   18.157269   -2.262860    2.057359   -7.706308   -7.911809   26.754671   18.842863   18.664992    0.740559
 
       k =  0.000000  0.000000  0.200000 ik =   2 spin = 1

   n         Emf          Eo           X        SX-X          CH         Sig         KIH        Eqp0        Eqp1       Znk
   1   -5.729939   -5.729939  -17.347259   13.017598   -6.985023  -11.314684    5.589297   -5.725387   -5.726788    0.692129
   2    3.049380    3.049380  -13.462482    9.516115   -7.516065  -11.462432   14.703034    3.240601    3.199908    0.787192
   3    5.456175    5.456175  -12.931362    9.029556   -7.790515  -11.692321   17.594413    5.902092    5.812818    0.799797
   4    5.456175    5.456175  -12.931362    9.029556   -7.790515  -11.692321   17.594413    5.902092    5.812818    0.799797
   5    8.791715    8.791715   -5.782563    3.925586   -7.720395   -9.577372   19.500545    9.923173    9.694069    0.797514
   6    9.789670    9.789670   -5.616720    3.797959   -7.712238   -9.531000   20.575528   11.044529   10.784248    0.792582
   7    9.789670    9.789670   -5.616720    3.797959   -7.712238   -9.531000   20.575528   11.044529   10.784248    0.792582
   8   12.833820   12.833820   -5.171773    3.784902   -8.600983   -9.987854   24.162971   14.175117   13.876740    0.777546
   9   13.582769   13.582769   -4.142714    2.856356   -7.478589   -8.764947   23.812208   15.047261   14.729420    0.782968
  10   13.582769   13.582769   -4.142714    2.856356   -7.478589   -8.764947   23.812208   15.047261   14.729420    0.782968
  11   15.953180   15.953180   -2.463418    2.044090   -7.296531   -7.715859   24.199025   16.483166   16.357682    0.763232
  12   17.792789   17.792789   -2.491999    2.202607   -7.693194   -7.982586   26.482915   18.500329   18.321618    0.747419
  13   20.724636   20.724636   -2.427171    1.947700   -8.025420   -8.504891   30.202334   21.697443   21.417894    0.712637
  14   20.724636   20.724636   -2.427171    1.947700   -8.025420   -8.504891   30.202334   21.697443   21.417894    0.712637
 
       k =  0.000000  0.000000  0.400000 ik =   3 spin = 1

   n         Emf          Eo           X        SX-X          CH         Sig         KIH        Eqp0        Eqp1       Znk
   1   -4.298208   -4.298208  -16.955137   12.534993   -7.138930  -11.559075    7.253954   -4.305121   -4.303115    0.709853
   2   -0.340270   -0.340270  -14.761831   10.655291   -7.146507  -11.253047   10.815646   -0.437401   -0.413819    0.757216
   3    4.886236    4.886236  -13.184992    9.228129   -7.736503  -11.693367   16.939222    5.245855    5.172811    0.796885
   4    4.886236    4.886236  -13.184992    9.228129   -7.736503  -11.693367   16.939222    5.245855    5.172811    0.796885
   5    8.224220    8.224220   -5.877947    3.971779   -7.683713   -9.589880   18.906491    9.316611    9.098304    0.800157
   6    9.845650    9.845650   -5.109268    3.426695   -7.411308   -9.093881   20.136557   11.042677   10.798318    0.795862
   7    9.845650    9.845650   -5.109268    3.426695   -7.411308   -9.093881   20.136557   11.042677   10.798318    0.795862
   8   14.559438   14.559438   -2.473090    1.699880   -6.881807   -7.655017   22.748099   15.093082   14.972698    0.774412
   9   15.630568   15.630568   -3.921099    2.795082   -7.983966   -9.109983   26.293805   17.183823   16.810470    0.759632
  10   15.630568   15.630568   -3.921099    2.795082   -7.983966   -9.109983   26.293805   17.183823   16.810470    0.759632
  11   16.926513   16.926513   -3.773800    3.158524   -8.686198   -9.301474   27.423098   18.121624   17.822572    0.749771
  12   20.095759   20.095759   -3.263652    2.813640   -8.951033   -9.401045   31.013761   21.612715   21.193365    0.723558
  13   20.095759   20.095759   -3.263652    2.813640   -8.951033   -9.401045   31.013761   21.612715   21.193365    0.723558
  14   21.023181   21.023181   -3.016044    2.987796   -9.425760   -9.454008   31.481055   22.027046   21.735500    0.709577
 
       k =  0.000000  0.200000  0.200000 ik =   4 spin = 1

   n         Emf          Eo           X        SX-X          CH         Sig         KIH        Eqp0        Eqp1       Znk
   1   -5.543495   -5.543495  -17.285091   12.947095   -6.999343  -11.337339    5.789537   -5.547802   -5.546485    0.694274
   2    3.491338    3.491338  -13.746563    9.677828   -7.799748  -11.868483   15.684743    3.816260    3.747623    0.788759
   3    4.530267    4.530267  -12.923515    9.075545   -7.584836  -11.432806   16.263658    4.830852    4.769570    0.796124
   4    4.530267    4.530267  -12.923515    9.075545   -7.584836  -11.432806   16.263658    4.830852    4.769570    0.796124
   5    7.866544    7.866544   -5.578640    3.693016   -7.206677   -9.092301   17.910302    8.818001    8.629356    0.801730
   6   10.450211   10.450211   -4.590819    3.146251   -7.362235   -8.806802   20.333303   11.526500   11.306997    0.796056
   7   11.373065   11.373065   -5.553054    3.760313   -8.043344   -9.836085   22.642321   12.806237   12.496651    0.783985
   8   11.373065   11.373065   -5.553054    3.760313   -8.043344   -9.836085   22.642321   12.806237   12.496651    0.783985
   9   13.881860   13.881860   -4.908659    3.721772   -8.629656   -9.816544   25.159586   15.343042   15.017637    0.777300
  10   15.063350   15.063350   -4.166998    3.030021   -7.904862   -9.041839   25.835471   16.793632   16.395996    0.770190
  11   17.233099   17.233099   -2.636333    2.209005   -7.622579   -8.049907   25.909081   17.859174   17.705906    0.755192
  12   19.379496   19.379496   -2.253024    1.860405   -7.735109   -8.127728   28.275747   20.148019   19.938707    0.727645
  13   19.379496   19.379496   -2.253024    1.860405   -7.735109   -8.127728   28.275747   20.148019   19.938707    0.727645
  14   19.884696   19.884696   -2.241237    1.648800   -7.327161   -7.919598   28.601022   20.681424   20.471670    0.736731
 
       k =  0.000000  0.200000  0.400000 ik =   5 spin = 1

   n         Emf          Eo           X        SX-X          CH         Sig         KIH        Eqp0        Eqp1       Znk
   1   -4.345386   -4.345386  -16.914140   12.514201   -7.107186  -11.507125    7.135936   -4.371189   -4.363656    0.708068
   2    0.683520    0.683520  -14.713521   10.511164   -7.412310  -11.614667   12.343137    0.728470    0.717954    0.766065
   3    3.409199    3.409199  -12.975895    9.165170   -7.408182  -11.218907   14.802894    3.583987    3.547485    0.791165
   4    3.998695    3.998695  -13.164684    9.259356   -7.530009  -11.435337   15.659813    4.224476    4.177766    0.793116
   5    8.198426    8.198426   -5.371088    3.535086   -7.159838   -8.995840   18.145404    9.149564    8.961537    0.802313
   6   10.579940   10.579940   -4.723973    3.117737   -7.287698   -8.893933   20.570218   11.676285   11.451424    0.794900
   7   11.513807   11.513807   -5.336591    3.667449   -8.087141   -9.756283   22.640832   12.884549   12.589468    0.784729
   8   11.946134   11.946134   -4.983183    3.348761   -7.815412   -9.449834   22.806205   13.356370   13.051547    0.783850
   9   16.791749   16.791749   -3.860993    2.901309   -8.271641   -9.231325   27.709704   18.478379   18.063412    0.753967
  10   17.271848   17.271848   -3.323157    2.598453   -8.290994   -9.015698   27.465597   18.449900   18.150742    0.746057
  11   17.595320   17.595320   -3.385369    2.855305   -8.470728   -9.000791   27.724585   18.723794   18.436947    0.745811
  12   19.682553   19.682553   -3.289643    2.849892   -8.966193   -9.405945   30.623115   21.217170   20.787864    0.720252
  13   20.404916   20.404916   -2.713423    2.530451   -8.559639   -8.742611   30.080309   21.337698   21.077185    0.720714
  14   22.079509   22.079509   -2.706550    2.341249   -8.580732   -8.946034   32.134688   23.188655   22.842694    0.688084
 
       k =  0.000000  0.200000  0.600000 ik =   6 spin = 1

   n         Emf          Eo           X        SX-X          CH         Sig         KIH        Eqp0        Eqp1       Znk
   1   -3.412787   -3.412787  -16.721491   12.251263   -7.245070  -11.715297    8.307846   -3.407451   -3.408943    0.720404
   2   -0.780608   -0.780608  -15.106172   10.917081   -7.186660  -11.375751   10.512979   -0.862772   -0.842378    0.751796
   3    2.576701    2.576701  -13.201377    9.377898   -7.275409  -11.098888   13.742928    2.644040    2.629607    0.785667
   4    4.285973    4.285973  -13.182120    9.255356   -7.605939  -11.532704   16.088817    4.556113    4.500579    0.794425
   5    8.522333    8.522333   -5.194720    3.446492   -7.201684   -8.949912   18.458064    9.508152    9.312803    0.801841
   6   11.134369   11.134369   -5.339568    3.577954   -7.796478   -9.558093   21.960781   12.402688   12.136231    0.789913
   7   11.296259   11.296259   -4.833058    3.253275   -7.623915   -9.203697   21.809472   12.605774   12.327802    0.787729
   8   14.218951   14.218951   -4.103901    2.822435   -7.931145   -9.212611   24.783968   15.571358   15.258204    0.768447
   9   15.054275   15.054275   -4.027751    2.827301   -7.912013   -9.112464   25.686602   16.574138   16.218154    0.765779
  10   15.131504   15.131504   -3.778911    2.698658   -8.110872   -9.191125   25.540866   16.349742   16.055927    0.758820
  11   18.438898   18.438898   -2.570149    2.220093   -7.709346   -8.059402   27.336143   19.276741   19.069938    0.753173
  12   20.977492   20.977492   -3.260442    2.975719   -9.237299   -9.522021   32.094231   22.572210   22.107390    0.708526
  13   21.581135   21.581135   -3.156189    3.235032   -9.583291   -9.504448   32.382630   22.878181   22.495218    0.704742
  14   22.169322   22.169322   -3.220843    3.460532  -10.157842   -9.918153   33.465332   23.547180   23.121368    0.690961
 
       k =  0.000000  0.200000  0.800000 ik =   7 spin = 1

   n         Emf          Eo           X        SX-X          CH         Sig         KIH        Eqp0        Eqp1       Znk
   1   -4.857465   -4.857465  -17.075133   12.701648   -7.060224  -11.433709    6.562522   -4.871187   -4.867084    0.700974
   2    1.551641    1.551641  -14.423505   10.263682   -7.526928  -11.686751   13.360925    1.674174    1.646503    0.774178
   3    3.009816    3.009816  -12.855263    9.127672   -7.244229  -10.971820   14.071863    3.100043    3.081034    0.789316
   4    5.177435    5.177435  -13.069824    9.124988   -7.773975  -11.718811   17.303623    5.584812    5.502681    0.798390
   5    9.424695    9.424695   -5.358607    3.651191   -7.617489   -9.324906   19.913537   10.588632   10.351481    0.796251
   6   10.477258   10.477258   -5.137308    3.512476   -7.774220   -9.399051   21.154749   11.755698   11.484238    0.787664
   7   10.758039   10.758039   -5.710795    3.732435   -7.727199   -9.705559   21.731849   12.026289   11.762623    0.792102
   8   12.422473   12.422473   -4.365743    3.075581   -7.833772   -9.123934   22.709183   13.585248   13.331866    0.782088
   9   12.600627   12.600627   -4.297507    2.881156   -7.280799   -8.697149   22.639622   13.942472   13.661695    0.790753
  10   17.582730   17.582730   -2.836683    2.231912   -7.973583   -8.578353   27.041817   18.463464   18.239090    0.745242
  11   17.606969   17.606969   -4.073624    3.282078   -8.986151   -9.777696   29.008019   19.230323   18.832848    0.755152
  12   18.700002   18.700002   -2.544317    2.470213   -8.013714   -8.087817   27.763882   19.676064   19.426662    0.744481
  13   20.682013   20.682013   -2.877761    2.465751   -8.482626   -8.894636   30.786066   21.891430   21.560156    0.726087
  14   21.961178   21.961178   -2.139337    2.032168   -8.074237   -8.181406   30.733257   22.551851   22.376665    0.703414
 
       k =  0.000000  0.400000  0.400000 ik =   8 spin = 1

   n         Emf          Eo           X        SX-X          CH         Sig         KIH        Eqp0        Eqp1       Znk
   1   -3.426879   -3.426879  -16.574770   12.165383   -7.177419  -11.586806    8.120271   -3.466535   -3.455575    0.723620
   2   -0.203595   -0.203595  -15.387653   11.031434   -7.477440  -11.833659   11.697381   -0.136278   -0.152744    0.755394
   3    3.273119    3.273119  -13.379453    9.439346   -7.427303  -11.367410   14.765880    3.398470    3.371994    0.788788
   4    3.273119    3.273119  -13.379453    9.439346   -7.427303  -11.367410   14.765880    3.398470    3.371994    0.788788
   5    6.975176    6.975176   -5.394013    3.514523   -6.910198   -8.789688   16.571709    7.782021    7.625720    0.806282
   6    7.732640    7.732640   -4.915121    3.203330   -6.838367   -8.550158   17.105454    8.555296    8.395942    0.806293
   7   15.203637   15.203637   -4.405011    3.087337   -8.442205   -9.759879   26.542402   16.782523   16.394968    0.754539
   8   15.203637   15.203637   -4.405011    3.087337   -8.442205   -9.759879   26.542402   16.782523   16.394968    0.754539
   9   17.505475   17.505475   -3.679066    2.979761   -8.390088   -9.089393   28.330534   19.241141   18.801749    0.746845
  10   18.151913   18.151913   -4.026476    3.635231   -9.553540   -9.944784   29.514122   19.569337   19.205501    0.743312
  11   19.448587   19.448587   -3.483319    2.790781   -8.928355   -9.620893   30.680724   21.059831   20.597278    0.712922
  12   19.448587   19.448587   -3.483319    2.790781   -8.928355   -9.620893   30.680724   21.059831   20.597278    0.712922
  13   20.741171   20.741171   -2.880147    2.831098   -9.014954   -9.064003   30.734103   21.670099   21.408347    0.718221
  14   21.522064   21.522064   -3.119878    2.936952   -9.117937   -9.300862   32.448910   23.148047   22.677794    0.710788
 
       k =  0.000000  0.400000  0.600000 ik =   9 spin = 1

   n         Emf          Eo           X        SX-X          CH         Sig         KIH        Eqp0        Eqp1       Znk
   1   -2.156709   -2.156709  -16.254808   11.784929   -7.348840  -11.818719    9.674526   -2.144192   -2.147504    0.735449
   2   -1.529119   -1.529119  -15.862979   11.482705   -7.338332  -11.718606   10.191420   -1.527186   -1.527685    0.741908
   3    1.894401    1.894401  -13.126245    9.382971   -7.045613  -10.788887   12.613031    1.824144    1.839485    0.781641
   4    3.395228    3.395228  -13.368891    9.424392   -7.450641  -11.395140   14.932843    3.537703    3.507716    0.789525
   5    7.443437    7.443437   -5.158813    3.367849   -6.905024   -8.695988   16.970289    8.274301    8.113205    0.806111
   6    9.594532    9.594532   -5.130795    3.349865   -7.297907   -9.078836   19.730593   10.651757   10.437436    0.797280
   7   14.825120   14.825120   -4.050351    2.858514   -8.263978   -9.455815   25.722470   16.266655   15.916553    0.757132
   8   15.313029   15.313029   -4.435908    3.119128   -8.287927   -9.604707   26.490287   16.885580   16.510519    0.761495
   9   15.575333   15.575333   -3.941091    2.943009   -8.601385   -9.599468   26.495632   16.896165   16.568507    0.751931
  10   15.648221   15.648221   -4.138570    2.912242   -7.950686   -9.177014   26.465768   17.288754   16.904354    0.765686
  11   21.251767   21.251767   -3.361660    3.042568   -9.257912   -9.577005   32.607051   23.030046   22.510020    0.707568
  12   21.336903   21.336903   -3.182527    3.234838   -9.751325   -9.699014   32.203985   22.504971   22.163968    0.708062
  13   21.730760   21.730760   -3.184926    2.984239   -9.441879   -9.642565   32.925088   23.282523   22.815770    0.699212
  14   22.790116   22.790116   -3.234589    3.568999  -10.121612   -9.787201   33.930963   24.143762   23.732041    0.695842
 
       k =  0.200000  0.400000  0.600000 ik =  10 spin = 1

   n         Emf          Eo           X        SX-X          CH         Sig         KIH        Eqp0        Eqp1       Znk
   1   -2.962884   -2.962884  -16.496511   12.050432   -7.256917  -11.702996    8.727197   -2.975799   -2.972268    0.726607
   2   -0.607904   -0.607904  -15.567400   11.180106   -7.447192  -11.834487   11.273003   -0.561484   -0.572984    0.752258
   3    1.989103    1.989103  -13.131788    9.375566   -7.073321  -10.829542   12.764472    1.934930    1.946731    0.782165
   4    2.996042    2.996042  -12.933599    9.163451   -7.249105  -11.019253   14.090212    3.070959    3.055169    0.789225
   5    9.843197    9.843197   -5.252673    3.437660   -7.421265   -9.236278   20.198642   10.962364   10.733151    0.795193
   6   10.189606   10.189606   -4.945881    3.181993   -7.159474   -8.923361   20.163123   11.239762   11.027187    0.797578
   7   11.030838   11.030838   -4.939099    3.404618   -7.832283   -9.366764   21.664044   12.297280   12.028384    0.787676
   8   14.443478   14.443478   -4.151022    2.863968   -7.969067   -9.256121   25.103668   15.847546   15.520855    0.767325
   9   15.147407   15.147407   -4.355741    3.082496   -8.461820   -9.735065   26.432053   16.696988   16.320015    0.756726
  10   16.965798   16.965798   -3.909015    2.999749   -8.556923   -9.466189   27.998501   18.532312   18.145135    0.752842
  11   20.213712   20.213712   -3.375386    3.002531   -9.249387   -9.622243   31.387726   21.765483   21.309412    0.706096
  12   21.398428   21.398428   -2.705480    2.568185   -8.698835   -8.836129   31.247110   22.410981   22.116918    0.709582
  13   21.423440   21.423440   -2.294100    2.085179   -8.055230   -8.264151   30.475659   22.211508   21.988409    0.716904
  14   22.583402   22.583402   -3.337035    3.586838  -10.179774   -9.929971   34.113884   24.183913   23.697377    0.696012
 

================================================================================

    n = band index.
  Emf = "inner" mean-field energy eigenvalue used to construct Sigma(E),
        read from WFN_inner.
   Eo = "outer" mean-field energy eigenvalue where we center the evaluation
        frequency grid {E} of Sigma(E). Defaults to Emf, unless
        you use WFN_outer and eqp_outer.dat / scissors_outer.
  Vxc = exchange-correlation pot., calculated from VXC or read from vxc.dat.
  KIH = Kinetic energy + Ionic potential + Hartree, read from kih.dat.
    X = bare exchange.
   SX = screened exchange contrib. to Sigma(E) at energy E=Eo
   CH = Coulomb hole contrib. to Sigma(E) at energy E=Eo
  Cor = SX-X + CH = correlation portion of Sigma(E) at energy E=Eo.
  Sig = X + Cor = self energy, Sigma(E), at energy E=Eo.
 Eqp0 = on-shell QP energy = Emf - Vxc + Sig(Eo)
        Eqp0 is *not* the recommended quantity to use for QP properties.
 Eqp1 = off-shell solution to the linearized  Dyson`s equation
      = Eqp0 + (dSig/dE) / (1 - dSig/dE) * (Eqp0 - Eo),
        or a full linear interpolation if more freq. points where computed.
        Eqp1 is the recommended quantity to use for QP properties.
  Znk = quasiparticle renormalization factor

 Notes on the finite_difference_form from sigma.inp file:
   none    : -2 => dSig/dE = 0 (skip the expansion)
   backward: -1 => dSig/dE = (Sig(Eo) - Sig(Eo-dE)) / dE
   central :  0 => dSig/dE = (Sig(Eo+dE) - Sig(Eo-dE)) / (2*dE)
   forward :  1 => dSig/dE = (Sig(Eo+dE) - Sig(Eo)) / dE
   default :  2 => forward for diagonal and none for off-diagonal
   dE is finite_difference_spacing from Sigma.inp file.
   We are using the form #2 with dE = 1.000 eV.

 General notes:
 - All energies are reported here in eV.
 - Both Emf and Vxc contain the average pot. Vxc0, so Vxc0 doesn`t affect Sigma.
 - Eqp1 and Eqp0 are Eqs. (36-37) from Hybertsen & Louie PRB 34 5390.
 - We recommend you use Eqp1 for QP properties of materials.

================================================================================

