srun: Job 42900744 step creation temporarily disabled, retrying (Requested nodes are busy)
srun: Step created for job 42900744

 BerkeleyGW version 2.1+git v2.1-44-g1d87f52-dirty by FangzhouZhao <zhaofangzhou@berkeley.edu> at 2020-06-27 15:56:51 -0700
 Sigma code, Complex version, run on 27-May-2021 at 11:45:30 -0700

                                                                 ..o.          
                                                                .oxxo.         
                                                               .oxxxxo...      
                                                               oxxxxxxo.       
                                                              .oxxxxxxx.       
                                                              .ooooooxxo..     
                                                              .oooooooxo..     
                                                              .oooooxxo...     
                                                       .........oxooo......    
                                                 ............................  
                                             ................................. 
                                          .................................... 
           .          ..oo. ....  .................................oooxxxxxxxo.
     .............oxxxx@ox@@@x@x.....................o...........ooooooooooxx. 
    .o.........oox@x.oo........xxx@@............ooxxxxo..........ooooxxxxxoxo  
    .x........x@xxo...............o@xxo........oxxx@@@xoooooooooooooooxxxo...  
    .o......ox@@o..................oox@o.....ooxxx@xoooxxxxxxxoooooooooooo.... 
    o..ooooo@@xoooo....ooo...........x@o.....ooxxxxo   .oxxxxxxxxxxooooooo.... 
    . .oooo@@@@@@@@@@@@@@@@@@@@@@@@@@@@@@....ooooox.     .oxx@@@@@xxoo........ 
      .ooooxxxxxxxooooooxooooooooooooooxo...oooooxx.        ..ox@xxxoo.........
      .ooooooxxxx@xoooooooooooooxxoooooooooooxxxxx.            .oxxooooooooxxo.
     .oooooxxxxx@@@xxxxxxxxxxxxxxxxxxxxxxxxoxxxxo.                .oxxxxxxxxo. 
   ....oooxxxxx@@@xo..oxxx@@@@@@xxxxoxxoooooooxx.                  .oxxxoo..   
  .....ooxxxx@@xo.       ........    .ooooooooxxo                              
  ..oooxxxx@@@o                       .oooooooxoo.                             
  ....oxooxxxxx.                       .ooo..oooo.                             
  .....o.ooxxxxxo.                     .oooooooxo.                             
 ......ooooxxxxxxo.                     .ooooooxoo..                           
........ooxxxxxxxo..                     .o....oxoo...                         
.......ooooxxxxxxxo.                     ........oooo.                         
.ooooooo..ooxxxxoooo.                    .........ooo...                       
..oxo...ooooxxxoooo..                    .ooo......oooo...                     
  .ooooo....o.                            .oxxxoo....ooo....                   
    .oooooo...                              ...ooooo...ooo..                   
       ...                                     .oo.......                      
                                               ....ooo...                      
                      __              __                                       
 ______              [  |            [  |                 ._____  _          _ 
|_   _ \              | |  _          | |                /  ___ \| |        | |
  | |_) | .---.  _. _.| | / |  .---.  | | .---.  _    _ / /    \_|\ \  /\  / / 
  |  __'./ /__\\[ /`\_| '' <  / /__\\ | |/ /__\\| \  | | |   _____ \ \/  \/ /  
 _| |__| | \__. | |   | |`\ \ | \___. | || \___. \ \/ / \ \.___| |  \  /\  /   
|_______/ \.__./[_]  [__|  \_] \.__./[___]\.__./  \  /   \.____./    \/  \/    
                                                  / /                          
                                                 /_/                           
--------------------------------------------------------------------------------
 Please cite the following papers when using results from BerkeleyGW:

 Jack Deslippe, Georgy Samsonidze, David A. Strubbe, Manish Jain, Marvin L.
 Cohen, and Steven G. Louie, "BerkeleyGW: A Massively Parallel Computer Package
 for the Calculation of the Quasiparticle and Optical Properties of Materials
 and Nanostructures," Comput. Phys. Commun. 183, 1269 (2012)

 Mark S. Hybertsen and Steven G. Louie, "Electron correlation in semiconductors
 and insulators: Band gaps and quasiparticle energies," Phys. Rev. B 34, 5390
 (1986)

 Michael Rohlfing and Steven G. Louie, "Electron-hole excitations and optical
 spectra from first principles," Phys. Rev. B 62, 4927 (2000)
--------------------------------------------------------------------------------

 Running MPI version (parallel)
 Running with 32 MPI task(s)
 Using OpenMP. Number of threads per MPI task: 1
 Number of threads used for sorting routines: 1

 Compilation flags:
 - Compiler: INTEL
 - Para. flags: MPI, OMP
 - Math  flags: USESCALAPACK, UNPACKED, USEFFTW3, HDF5
 - Debug flags: 

 Running with verbosity level 1 (default).

 Using the Generalized Plasmon Pole model

 We are communicating via MPI

 Computing CH as a partial sum over empty bands

 Running with semiconductor screening

 We are using no truncation
 Cutoff for Monte-Carlo average of Coulomb potential: 1.000E+012 Ry

 Reading (Kinetic energy + Ionic potential + Hartree) matrix elements from kih.dat file

 Treating W within the Hybertsen-Louie Generalized Plasmon Pole model
 
 Memory available: 3940.7 MB per PE
 
 Read from eps0mat.h5:
 - Number of G-vectors in the charge-density grid: 4573
 - Max. number of G-vectors for dielectric matrices: 137
 - Cutoff of the dielectric matrix (Ry): 10.000
 - Number of imaginary frequencies: 0
 - Total number of frequencies: 1
 - Frequency dependence: 0
 - Number of q-points: 1
 - Q grid: 5 5 5
 
 Read from epsmat.h5:
 - Number of G-vectors in the charge-density grid: 4573
 - Max. number of G-vectors for dielectric matrices: 150
 - Cutoff of the dielectric matrix: 10.000
 - Number of imaginary frequencies: 0
 - Total number of frequencies: 1
 - Frequency dependence: 0
 - Number of q-points: 9
 - Q grid: 5 5 5
 
 Reading header of WFN_inner
WARNING: Inversion symmetry about the origin is present. The real version would be faster.
 Highest occupied band (unshifted grid) = 4
 Valence max    (unshifted grid) = 6.040265 eV
 Conduction min (unshifted grid) = 6.975176 eV
 Middle energy  (unshifted grid) = 6.507720 eV
 Fermi  energy  (unshifted grid) = 6.507720 eV

 
 Calculation parameters:
 - Cutoff of the bare Coulomb interaction (Ry): 25.00
 - Cutoff of the screened Coulomb interaction (Ry): 10.00
 - Number of G-vectors up to the bare int. cutoff: 537
 - Number of G-vectors up to the screened int. cutoff: 137
 - Total number of bands in the calculation: 32
 - Number of fully occupied valence bands: 4
 - Number of partially occ. conduction bands: 0
 
 Memory required for execution: 1.5 MB per PE
 Memory required for vcoul: 114.4 MB per PE
 
 Number of electrons per unit cell (from ifmax) = 8.000000
 Number of electrons per unit cell (from occupations) = 8.000000
 Plasma Frequency = 1.220148 Ry

 Q-grid symmetries are being used.
 
 Parallelization report:
 - Using 32 processor(s), 4 pool(s), 8 processor(s) per pool.
 - Each pool is computing 3 to 4 diagonal sigma matrix element(s).
 - Note: distribution is not ideal because the number of diagonal sigma
   matrix elements (14) is not divisible by the number of pools (4).
 - Each pool is computing 0 off-diagonal sigma matrix element(s).
 - Each processor is holding 4 band(s).
 
 
 Started reading wavefunctions (WFN_inner) with 320 state(s) at 11:45:31.
 [ 11:45:31 |   0% ] state   1 / 320.
 [ 11:45:31 |   1% ] state   3 / 320, remaining: 0 s.
 [ 11:45:31 |  10% ] state  32 / 320, remaining: 0 s.
 [ 11:45:31 |  20% ] state  64 / 320, remaining: 0 s.
 [ 11:45:31 |  30% ] state  96 / 320, remaining: 0 s.
 [ 11:45:31 |  40% ] state 128 / 320, remaining: 0 s.
 [ 11:45:31 |  50% ] state 160 / 320, remaining: 0 s.
 [ 11:45:31 |  60% ] state 192 / 320, remaining: 0 s.
 [ 11:45:31 |  70% ] state 224 / 320, remaining: 0 s.
 [ 11:45:31 |  80% ] state 256 / 320, remaining: 0 s.
 [ 11:45:31 |  90% ] state 288 / 320, remaining: 0 s.
 [ 11:45:31 | 100% ] state 320 / 320, remaining: 0 s.
 Finished reading wavefunctions (WFN_inner) at 11:45:31.
 Elapsed time: 0 s.
 

 Scissors parameters:
 - Valence:    es =   0.0000 eV, e0 =   0.0000 eV, edel =   0.0000
 - Conduction: es =   0.0000 eV, e0 =   0.0000 eV, edel =   0.0000

 Scissors parameters (outer):
 - Valence:    es =   0.0000 eV, e0 =   0.0000 eV, edel =   0.0000
 - Conduction: es =   0.0000 eV, e0 =   0.0000 eV, edel =   0.0000


 Data for sum rule:
 - rho(0,1) = 8.000000 electrons
 - wp = 16.600965 eV

 Number of bands to compute diagonal self-energy matrix elements: 14
 Bands:
 - 1
 - 2
 - 3
 - 4
 - 5
 - 6
 - 7
 - 8
 - 9
 - 10
 - 11
 - 12
 - 13
 - 14
 Number of off-diagonal bands to compute self-energy matrix elements: 0
 

 Total number of frequencies in the dielectric matrix: 1
 Number of imag. frequencies in the dielectric matrix: 0

 
 Started reading eps0mat.h5 with 1 q-point(s) at 11:45:31.
 [ 11:45:31 |   0% ] q-point 1 / 1.
 Finished reading eps0mat.h5 at 11:45:31.
 Elapsed time: 0 s.
 
 
 Started reading epsmat.h5 with 9 q-point(s) at 11:45:31.
 [ 11:45:31 |   0% ] q-point 1 / 9.
 [ 11:45:31 |  11% ] q-point 2 / 9.
 [ 11:45:31 |  22% ] q-point 3 / 9, remaining: 0 s.
 [ 11:45:31 |  33% ] q-point 4 / 9, remaining: 0 s.
 [ 11:45:31 |  44% ] q-point 5 / 9, remaining: 0 s.
 [ 11:45:31 |  56% ] q-point 6 / 9, remaining: 0 s.
 [ 11:45:31 |  67% ] q-point 7 / 9, remaining: 0 s.
 [ 11:45:31 |  78% ] q-point 8 / 9, remaining: 0 s.
 [ 11:45:31 |  89% ] q-point 9 / 9, remaining: 0 s.
 Finished reading epsmat.h5 at 11:45:31.
 Elapsed time: 0 s.
 
 Number of k-points in WFN_inner: 10
 Number of k-points in the full BZ of WFN_inner: 125
 
================================================================================
 11:45:31   Dealing with k =  0.000000  0.000000  0.000000                1 / 10
================================================================================

 Reading kih.dat
 Number of q-points in the irreducible BZ(k) (nrq): 10
 
 Started calculating Sigma with 40 block(s) at 11:45:31.
 [ 11:45:32 |   0% ] block  1 / 40.
 [ 11:45:32 |   5% ] block  3 / 40, remaining: 0 s.
 [ 11:45:32 |   8% ] block  4 / 40, remaining: 0 s.
 [ 11:45:32 |  18% ] block  8 / 40, remaining: 0 s.
 [ 11:45:32 |  28% ] block 12 / 40, remaining: 0 s.
 [ 11:45:32 |  38% ] block 16 / 40, remaining: 0 s.
 [ 11:45:32 |  48% ] block 20 / 40, remaining: 0 s.
 [ 11:45:32 |  58% ] block 24 / 40, remaining: 0 s.
 [ 11:45:32 |  68% ] block 28 / 40, remaining: 0 s.
 [ 11:45:32 |  78% ] block 32 / 40, remaining: 0 s.
 [ 11:45:32 |  88% ] block 36 / 40, remaining: 0 s.
 [ 11:45:32 |  98% ] block 40 / 40, remaining: 0 s.
 Finished calculating Sigma at 11:45:32.
 Elapsed time: 1 s.
 
 Unsymmetrized values for ik =   1 spin = 1
 
     n      Emf       Eo      KIH        X     SX-X       CH      Cor      Sig
     1   -6.273   -6.273    4.993  -17.522   13.261   -6.955    6.306  -11.216
     2    6.040    6.040   18.436  -13.150    9.082   -7.851    1.232  -11.918
     3    6.040    6.040   18.436  -13.028    9.126   -7.965    1.161  -11.867
     4    6.040    6.040   18.436  -12.798    8.948   -7.963    0.985  -11.813
     5    8.967    8.967   19.592   -4.802    3.115   -7.554   -4.439   -9.241
     6    8.967    8.967   19.592   -6.089    4.113   -7.569   -3.455   -9.545
     7    8.967    8.967   19.592   -6.330    4.500   -7.743   -3.243   -9.572
     8   10.351   10.351   21.813   -5.692    4.233   -8.730   -4.497  -10.188
     9   14.251   14.251   25.007   -4.404    3.017   -7.668   -4.651   -9.055
    10   14.251   14.251   25.007   -4.326    3.205   -7.878   -4.673   -9.000
    11   14.757   14.757   22.816   -2.616    2.031   -7.030   -4.999   -7.616
    12   18.157   18.157   26.755   -2.379    2.685   -8.225   -5.540   -7.919
    13   18.157   18.157   26.755   -2.115    1.464   -7.243   -5.778   -7.893
    14   18.157   18.157   26.755   -2.295    2.022   -7.651   -5.629   -7.924

 Symmetrized values from band-averaging:

       k =  0.000000  0.000000  0.000000 ik =   1 spin = 1

     n      Emf       Eo      KIH        X      Cor     Eqp0     Eqp1      Znk
     1   -6.273   -6.273    4.993  -17.522    6.306   -6.223   -6.239    0.681
     2    6.040    6.040   18.436  -12.992    1.126    6.570    6.465    0.802
     3    6.040    6.040   18.436  -12.992    1.126    6.570    6.465    0.802
     4    6.040    6.040   18.436  -12.992    1.126    6.570    6.465    0.802
     5    8.967    8.967   19.592   -5.740   -3.712   10.139    9.899    0.795
     6    8.967    8.967   19.592   -5.740   -3.712   10.139    9.899    0.795
     7    8.967    8.967   19.592   -5.740   -3.712   10.139    9.899    0.795
     8   10.351   10.351   21.813   -5.692   -4.497   11.624   11.355    0.789
     9   14.251   14.251   25.007   -4.365   -4.662   15.980   15.602    0.782
    10   14.251   14.251   25.007   -4.365   -4.662   15.980   15.602    0.782
    11   14.757   14.757   22.816   -2.616   -4.999   15.200   15.107    0.789
    12   18.157   18.157   26.755   -2.263   -5.649   18.843   18.665    0.741
    13   18.157   18.157   26.755   -2.263   -5.649   18.843   18.665    0.741
    14   18.157   18.157   26.755   -2.263   -5.649   18.843   18.665    0.741
 
================================================================================
 11:45:32   Dealing with k =  0.000000  0.000000  0.200000                2 / 10
================================================================================

 Reading kih.dat
 Number of q-points in the irreducible BZ(k) (nrq): 35
 
 Started calculating Sigma with 140 block(s) at 11:45:32.
 [ 11:45:32 |   0% ] block   1 / 140.
 [ 11:45:32 |   1% ] block   3 / 140, remaining: 1 s.
 [ 11:45:32 |   9% ] block  14 / 140, remaining: 1 s.
 [ 11:45:32 |  19% ] block  28 / 140, remaining: 1 s.
 [ 11:45:32 |  29% ] block  42 / 140, remaining: 1 s.
 [ 11:45:32 |  39% ] block  56 / 140, remaining: 1 s.
 [ 11:45:33 |  49% ] block  70 / 140, remaining: 1 s.
 [ 11:45:33 |  59% ] block  84 / 140, remaining: 0 s.
 [ 11:45:33 |  69% ] block  98 / 140, remaining: 0 s.
 [ 11:45:33 |  79% ] block 112 / 140, remaining: 0 s.
 [ 11:45:33 |  89% ] block 126 / 140, remaining: 0 s.
 [ 11:45:33 |  99% ] block 140 / 140, remaining: 0 s.
 Finished calculating Sigma at 11:45:33.
 Elapsed time: 1 s.
 
 Unsymmetrized values for ik =   2 spin = 1
 
     n      Emf       Eo      KIH        X     SX-X       CH      Cor      Sig
     1   -5.730   -5.730    5.589  -17.347   13.018   -6.985    6.033  -11.315
     2    3.049    3.049   14.703  -13.462    9.516   -7.516    2.000  -11.462
     3    5.456    5.456   17.594  -12.862    9.012   -7.815    1.197  -11.665
     4    5.456    5.456   17.594  -13.001    9.047   -7.766    1.281  -11.720
     5    8.792    8.792   19.501   -5.783    3.926   -7.720   -3.795   -9.577
     6    9.790    9.790   20.576   -5.366    3.604   -7.712   -4.107   -9.474
     7    9.790    9.790   20.576   -5.867    3.992   -7.713   -3.721   -9.588
     8   12.834   12.834   24.163   -5.172    3.785   -8.601   -4.816   -9.988
     9   13.583   13.583   23.812   -4.110    2.906   -7.559   -4.653   -8.763
    10   13.583   13.583   23.812   -4.176    2.807   -7.399   -4.592   -8.767
    11   15.953   15.953   24.199   -2.463    2.044   -7.297   -5.252   -7.716
    12   17.793   17.793   26.483   -2.492    2.203   -7.693   -5.491   -7.983
    13   20.725   20.725   30.202   -2.426    1.738   -7.923   -6.185   -8.611
    14   20.725   20.725   30.202   -2.428    2.157   -8.128   -5.971   -8.399

 Symmetrized values from band-averaging:

       k =  0.000000  0.000000  0.200000 ik =   2 spin = 1

     n      Emf       Eo      KIH        X      Cor     Eqp0     Eqp1      Znk
     1   -5.730   -5.730    5.589  -17.347    6.033   -5.725   -5.727    0.692
     2    3.049    3.049   14.703  -13.462    2.000    3.241    3.200    0.787
     3    5.456    5.456   17.594  -12.931    1.239    5.902    5.813    0.800
     4    5.456    5.456   17.594  -12.931    1.239    5.902    5.813    0.800
     5    8.792    8.792   19.501   -5.783   -3.795    9.923    9.694    0.798
     6    9.790    9.790   20.576   -5.617   -3.914   11.045   10.784    0.793
     7    9.790    9.790   20.576   -5.617   -3.914   11.045   10.784    0.793
     8   12.834   12.834   24.163   -5.172   -4.816   14.175   13.877    0.778
     9   13.583   13.583   23.812   -4.143   -4.622   15.047   14.729    0.783
    10   13.583   13.583   23.812   -4.143   -4.622   15.047   14.729    0.783
    11   15.953   15.953   24.199   -2.463   -5.252   16.483   16.358    0.763
    12   17.793   17.793   26.483   -2.492   -5.491   18.500   18.322    0.747
    13   20.725   20.725   30.202   -2.427   -6.078   21.697   21.418    0.713
    14   20.725   20.725   30.202   -2.427   -6.078   21.697   21.418    0.713
 
================================================================================
 11:45:33   Dealing with k =  0.000000  0.000000  0.400000                3 / 10
================================================================================

 Reading kih.dat
 Number of q-points in the irreducible BZ(k) (nrq): 35
 
 Started calculating Sigma with 140 block(s) at 11:45:33.
 [ 11:45:33 |   0% ] block   1 / 140.
 [ 11:45:33 |   1% ] block   3 / 140, remaining: 1 s.
 [ 11:45:33 |   9% ] block  14 / 140, remaining: 1 s.
 [ 11:45:33 |  19% ] block  28 / 140, remaining: 1 s.
 [ 11:45:34 |  29% ] block  42 / 140, remaining: 1 s.
 [ 11:45:34 |  39% ] block  56 / 140, remaining: 1 s.
 [ 11:45:34 |  49% ] block  70 / 140, remaining: 1 s.
 [ 11:45:34 |  59% ] block  84 / 140, remaining: 0 s.
 [ 11:45:34 |  69% ] block  98 / 140, remaining: 0 s.
 [ 11:45:34 |  79% ] block 112 / 140, remaining: 0 s.
 [ 11:45:34 |  89% ] block 126 / 140, remaining: 0 s.
 [ 11:45:34 |  99% ] block 140 / 140, remaining: 0 s.
 Finished calculating Sigma at 11:45:34.
 Elapsed time: 1 s.
 
 Unsymmetrized values for ik =   3 spin = 1
 
     n      Emf       Eo      KIH        X     SX-X       CH      Cor      Sig
     1   -4.298   -4.298    7.254  -16.955   12.535   -7.139    5.396  -11.559
     2   -0.340   -0.340   10.816  -14.762   10.655   -7.147    3.509  -11.253
     3    4.886    4.886   16.939  -13.162    9.258   -7.768    1.490  -11.671
     4    4.886    4.886   16.939  -13.208    9.198   -7.705    1.493  -11.715
     5    8.224    8.224   18.906   -5.878    3.972   -7.684   -3.712   -9.590
     6    9.846    9.846   20.137   -5.155    3.446   -7.410   -3.963   -9.118
     7    9.846    9.846   20.137   -5.064    3.407   -7.413   -4.006   -9.070
     8   14.559   14.559   22.748   -2.473    1.700   -6.882   -5.182   -7.655
     9   15.631   15.631   26.294   -3.971    2.861   -8.086   -5.225   -9.196
    10   15.631   15.631   26.294   -3.871    2.729   -7.882   -5.153   -9.024
    11   16.927   16.927   27.423   -3.774    3.159   -8.686   -5.528   -9.301
    12   20.096   20.096   31.014   -3.309    3.057   -9.055   -5.998   -9.307
    13   20.096   20.096   31.014   -3.218    2.571   -8.847   -6.277   -9.495
    14   21.023   21.023   31.481   -3.016    2.988   -9.426   -6.438   -9.454

 Symmetrized values from band-averaging:

       k =  0.000000  0.000000  0.400000 ik =   3 spin = 1

     n      Emf       Eo      KIH        X      Cor     Eqp0     Eqp1      Znk
     1   -4.298   -4.298    7.254  -16.955    5.396   -4.305   -4.303    0.710
     2   -0.340   -0.340   10.816  -14.762    3.509   -0.437   -0.414    0.757
     3    4.886    4.886   16.939  -13.185    1.492    5.246    5.173    0.797
     4    4.886    4.886   16.939  -13.185    1.492    5.246    5.173    0.797
     5    8.224    8.224   18.906   -5.878   -3.712    9.317    9.098    0.800
     6    9.846    9.846   20.137   -5.109   -3.985   11.043   10.798    0.796
     7    9.846    9.846   20.137   -5.109   -3.985   11.043   10.798    0.796
     8   14.559   14.559   22.748   -2.473   -5.182   15.093   14.973    0.774
     9   15.631   15.631   26.294   -3.921   -5.189   17.184   16.810    0.760
    10   15.631   15.631   26.294   -3.921   -5.189   17.184   16.810    0.760
    11   16.927   16.927   27.423   -3.774   -5.528   18.122   17.823    0.750
    12   20.096   20.096   31.014   -3.264   -6.137   21.613   21.193    0.724
    13   20.096   20.096   31.014   -3.264   -6.137   21.613   21.193    0.724
    14   21.023   21.023   31.481   -3.016   -6.438   22.027   21.736    0.710
 
================================================================================
 11:45:34   Dealing with k =  0.000000  0.200000  0.200000                4 / 10
================================================================================

 Reading kih.dat
 Number of q-points in the irreducible BZ(k) (nrq): 30
 
 Started calculating Sigma with 120 block(s) at 11:45:34.
 [ 11:45:34 |   0% ] block   1 / 120.
 [ 11:45:34 |   2% ] block   3 / 120, remaining: 0 s.
 [ 11:45:34 |   9% ] block  12 / 120, remaining: 1 s.
 [ 11:45:35 |  19% ] block  24 / 120, remaining: 1 s.
 [ 11:45:35 |  29% ] block  36 / 120, remaining: 1 s.
 [ 11:45:35 |  39% ] block  48 / 120, remaining: 1 s.
 [ 11:45:35 |  49% ] block  60 / 120, remaining: 1 s.
 [ 11:45:35 |  59% ] block  72 / 120, remaining: 0 s.
 [ 11:45:35 |  69% ] block  84 / 120, remaining: 0 s.
 [ 11:45:35 |  79% ] block  96 / 120, remaining: 0 s.
 [ 11:45:35 |  89% ] block 108 / 120, remaining: 0 s.
 [ 11:45:35 |  99% ] block 120 / 120, remaining: 0 s.
 Finished calculating Sigma at 11:45:35.
 Elapsed time: 1 s.
 
 Unsymmetrized values for ik =   4 spin = 1
 
     n      Emf       Eo      KIH        X     SX-X       CH      Cor      Sig
     1   -5.543   -5.543    5.790  -17.285   12.947   -6.999    5.948  -11.337
     2    3.491    3.491   15.685  -13.747    9.678   -7.800    1.878  -11.868
     3    4.530    4.530   16.264  -12.998    9.135   -7.584    1.551  -11.447
     4    4.530    4.530   16.264  -12.849    9.016   -7.585    1.431  -11.419
     5    7.867    7.867   17.910   -5.579    3.693   -7.207   -3.514   -9.092
     6   10.450   10.450   20.333   -4.591    3.146   -7.362   -4.216   -8.807
     7   11.373   11.373   22.642   -5.441    3.656   -8.028   -4.372   -9.813
     8   11.373   11.373   22.642   -5.665    3.864   -8.059   -4.194   -9.860
     9   13.882   13.882   25.160   -4.909    3.722   -8.630   -4.908   -9.817
    10   15.063   15.063   25.835   -4.167    3.030   -7.905   -4.875   -9.042
    11   17.233   17.233   25.909   -2.636    2.209   -7.623   -5.414   -8.050
    12   19.379   19.379   28.276   -2.266    1.883   -7.778   -5.894   -8.160
    13   19.379   19.379   28.276   -2.240    1.837   -7.693   -5.855   -8.095
    14   19.885   19.885   28.601   -2.241    1.649   -7.327   -5.678   -7.920

 Symmetrized values from band-averaging:

       k =  0.000000  0.200000  0.200000 ik =   4 spin = 1

     n      Emf       Eo      KIH        X      Cor     Eqp0     Eqp1      Znk
     1   -5.543   -5.543    5.790  -17.285    5.948   -5.548   -5.546    0.694
     2    3.491    3.491   15.685  -13.747    1.878    3.816    3.748    0.789
     3    4.530    4.530   16.264  -12.924    1.491    4.831    4.770    0.796
     4    4.530    4.530   16.264  -12.924    1.491    4.831    4.770    0.796
     5    7.867    7.867   17.910   -5.579   -3.514    8.818    8.629    0.802
     6   10.450   10.450   20.333   -4.591   -4.216   11.527   11.307    0.796
     7   11.373   11.373   22.642   -5.553   -4.283   12.806   12.497    0.784
     8   11.373   11.373   22.642   -5.553   -4.283   12.806   12.497    0.784
     9   13.882   13.882   25.160   -4.909   -4.908   15.343   15.018    0.777
    10   15.063   15.063   25.835   -4.167   -4.875   16.794   16.396    0.770
    11   17.233   17.233   25.909   -2.636   -5.414   17.859   17.706    0.755
    12   19.379   19.379   28.276   -2.253   -5.875   20.148   19.939    0.728
    13   19.379   19.379   28.276   -2.253   -5.875   20.148   19.939    0.728
    14   19.885   19.885   28.601   -2.241   -5.678   20.681   20.472    0.737
 
================================================================================
 11:45:35   Dealing with k =  0.000000  0.200000  0.400000                5 / 10
================================================================================

 Reading kih.dat
 Number of q-points in the irreducible BZ(k) (nrq): 75
 
 Started calculating Sigma with 300 block(s) at 11:45:35.
 [ 11:45:35 |   0% ] block   1 / 300.
 [ 11:45:35 |   1% ] block   3 / 300, remaining: 1 s.
 [ 11:45:36 |  10% ] block  30 / 300, remaining: 2 s.
 [ 11:45:36 |  20% ] block  60 / 300, remaining: 2 s.
 [ 11:45:36 |  30% ] block  90 / 300, remaining: 2 s.
 [ 11:45:36 |  40% ] block 120 / 300, remaining: 2 s.
 [ 11:45:37 |  50% ] block 150 / 300, remaining: 1 s.
 [ 11:45:37 |  60% ] block 180 / 300, remaining: 1 s.
 [ 11:45:37 |  70% ] block 210 / 300, remaining: 1 s.
 [ 11:45:37 |  80% ] block 240 / 300, remaining: 1 s.
 [ 11:45:38 |  90% ] block 270 / 300, remaining: 0 s.
 [ 11:45:38 | 100% ] block 300 / 300, remaining: 0 s.
 Finished calculating Sigma at 11:45:38.
 Elapsed time: 3 s.
 
 Unsymmetrized values for ik =   5 spin = 1
 
     n      Emf       Eo      KIH        X     SX-X       CH      Cor      Sig
     1   -4.345   -4.345    7.136  -16.914   12.514   -7.107    5.407  -11.507
     2    0.684    0.684   12.343  -14.714   10.511   -7.412    3.099  -11.615
     3    3.409    3.409   14.803  -12.976    9.165   -7.408    1.757  -11.219
     4    3.999    3.999   15.660  -13.165    9.259   -7.530    1.729  -11.435
     5    8.198    8.198   18.145   -5.371    3.535   -7.160   -3.625   -8.996
     6   10.580   10.580   20.570   -4.724    3.118   -7.288   -4.170   -8.894
     7   11.514   11.514   22.641   -5.337    3.667   -8.087   -4.420   -9.756
     8   11.946   11.946   22.806   -4.983    3.349   -7.815   -4.467   -9.450
     9   16.792   16.792   27.710   -3.861    2.901   -8.272   -5.370   -9.231
    10   17.272   17.272   27.466   -3.323    2.598   -8.291   -5.693   -9.016
    11   17.595   17.595   27.725   -3.385    2.855   -8.471   -5.615   -9.001
    12   19.683   19.683   30.623   -3.290    2.850   -8.966   -6.116   -9.406
    13   20.405   20.405   30.080   -2.713    2.530   -8.560   -6.029   -8.743
    14   22.080   22.080   32.135   -2.707    2.341   -8.581   -6.239   -8.946

 Symmetrized values from band-averaging:

       k =  0.000000  0.200000  0.400000 ik =   5 spin = 1

     n      Emf       Eo      KIH        X      Cor     Eqp0     Eqp1      Znk
     1   -4.345   -4.345    7.136  -16.914    5.407   -4.371   -4.364    0.708
     2    0.684    0.684   12.343  -14.714    3.099    0.728    0.718    0.766
     3    3.409    3.409   14.803  -12.976    1.757    3.584    3.547    0.791
     4    3.999    3.999   15.660  -13.165    1.729    4.224    4.178    0.793
     5    8.198    8.198   18.145   -5.371   -3.625    9.150    8.962    0.802
     6   10.580   10.580   20.570   -4.724   -4.170   11.676   11.451    0.795
     7   11.514   11.514   22.641   -5.337   -4.420   12.885   12.589    0.785
     8   11.946   11.946   22.806   -4.983   -4.467   13.356   13.052    0.784
     9   16.792   16.792   27.710   -3.861   -5.370   18.478   18.063    0.754
    10   17.272   17.272   27.466   -3.323   -5.693   18.450   18.151    0.746
    11   17.595   17.595   27.725   -3.385   -5.615   18.724   18.437    0.746
    12   19.683   19.683   30.623   -3.290   -6.116   21.217   20.788    0.720
    13   20.405   20.405   30.080   -2.713   -6.029   21.338   21.077    0.721
    14   22.080   22.080   32.135   -2.707   -6.239   23.189   22.843    0.688
 
================================================================================
 11:45:38   Dealing with k =  0.000000  0.200000  0.600000                6 / 10
================================================================================

 Reading kih.dat
 Number of q-points in the irreducible BZ(k) (nrq): 75
 
 Started calculating Sigma with 300 block(s) at 11:45:38.
 [ 11:45:38 |   0% ] block   1 / 300.
 [ 11:45:38 |   1% ] block   3 / 300, remaining: 1 s.
 [ 11:45:38 |  10% ] block  30 / 300, remaining: 2 s.
 [ 11:45:39 |  20% ] block  60 / 300, remaining: 2 s.
 [ 11:45:39 |  30% ] block  90 / 300, remaining: 2 s.
 [ 11:45:39 |  40% ] block 120 / 300, remaining: 2 s.
 [ 11:45:39 |  50% ] block 150 / 300, remaining: 1 s.
 [ 11:45:40 |  60% ] block 180 / 300, remaining: 1 s.
 [ 11:45:40 |  70% ] block 210 / 300, remaining: 1 s.
 [ 11:45:40 |  80% ] block 240 / 300, remaining: 1 s.
 [ 11:45:40 |  90% ] block 270 / 300, remaining: 0 s.
 [ 11:45:41 | 100% ] block 300 / 300, remaining: 0 s.
 Finished calculating Sigma at 11:45:41.
 Elapsed time: 3 s.
 
 Unsymmetrized values for ik =   6 spin = 1
 
     n      Emf       Eo      KIH        X     SX-X       CH      Cor      Sig
     1   -3.413   -3.413    8.308  -16.721   12.251   -7.245    5.006  -11.715
     2   -0.781   -0.781   10.513  -15.106   10.917   -7.187    3.730  -11.376
     3    2.577    2.577   13.743  -13.201    9.378   -7.275    2.102  -11.099
     4    4.286    4.286   16.089  -13.182    9.255   -7.606    1.649  -11.533
     5    8.522    8.522   18.458   -5.195    3.446   -7.202   -3.755   -8.950
     6   11.134   11.134   21.961   -5.340    3.578   -7.796   -4.219   -9.558
     7   11.296   11.296   21.809   -4.833    3.253   -7.624   -4.371   -9.204
     8   14.219   14.219   24.784   -4.104    2.822   -7.931   -5.109   -9.213
     9   15.054   15.054   25.687   -4.028    2.827   -7.912   -5.085   -9.112
    10   15.132   15.132   25.541   -3.779    2.699   -8.111   -5.412   -9.191
    11   18.439   18.439   27.336   -2.570    2.220   -7.709   -5.489   -8.059
    12   20.977   20.977   32.094   -3.260    2.976   -9.237   -6.262   -9.522
    13   21.581   21.581   32.383   -3.156    3.235   -9.583   -6.348   -9.504
    14   22.169   22.169   33.465   -3.221    3.461  -10.158   -6.697   -9.918

 Symmetrized values from band-averaging:

       k =  0.000000  0.200000  0.600000 ik =   6 spin = 1

     n      Emf       Eo      KIH        X      Cor     Eqp0     Eqp1      Znk
     1   -3.413   -3.413    8.308  -16.721    5.006   -3.407   -3.409    0.720
     2   -0.781   -0.781   10.513  -15.106    3.730   -0.863   -0.842    0.752
     3    2.577    2.577   13.743  -13.201    2.102    2.644    2.630    0.786
     4    4.286    4.286   16.089  -13.182    1.649    4.556    4.501    0.794
     5    8.522    8.522   18.458   -5.195   -3.755    9.508    9.313    0.802
     6   11.134   11.134   21.961   -5.340   -4.219   12.403   12.136    0.790
     7   11.296   11.296   21.809   -4.833   -4.371   12.606   12.328    0.788
     8   14.219   14.219   24.784   -4.104   -5.109   15.571   15.258    0.768
     9   15.054   15.054   25.687   -4.028   -5.085   16.574   16.218    0.766
    10   15.132   15.132   25.541   -3.779   -5.412   16.350   16.056    0.759
    11   18.439   18.439   27.336   -2.570   -5.489   19.277   19.070    0.753
    12   20.977   20.977   32.094   -3.260   -6.262   22.572   22.107    0.709
    13   21.581   21.581   32.383   -3.156   -6.348   22.878   22.495    0.705
    14   22.169   22.169   33.465   -3.221   -6.697   23.547   23.121    0.691
 
================================================================================
 11:45:41   Dealing with k =  0.000000  0.200000  0.800000                7 / 10
================================================================================

 Reading kih.dat
 Number of q-points in the irreducible BZ(k) (nrq): 45
 
 Started calculating Sigma with 180 block(s) at 11:45:41.
 [ 11:45:41 |   0% ] block   1 / 180.
 [ 11:45:41 |   1% ] block   3 / 180, remaining: 1 s.
 [ 11:45:41 |   9% ] block  18 / 180, remaining: 1 s.
 [ 11:45:41 |  19% ] block  36 / 180, remaining: 1 s.
 [ 11:45:41 |  29% ] block  54 / 180, remaining: 1 s.
 [ 11:45:41 |  39% ] block  72 / 180, remaining: 1 s.
 [ 11:45:41 |  49% ] block  90 / 180, remaining: 1 s.
 [ 11:45:42 |  59% ] block 108 / 180, remaining: 1 s.
 [ 11:45:42 |  69% ] block 126 / 180, remaining: 0 s.
 [ 11:45:42 |  79% ] block 144 / 180, remaining: 0 s.
 [ 11:45:42 |  89% ] block 162 / 180, remaining: 0 s.
 [ 11:45:42 |  99% ] block 180 / 180, remaining: 0 s.
 Finished calculating Sigma at 11:45:42.
 Elapsed time: 2 s.
 
 Unsymmetrized values for ik =   7 spin = 1
 
     n      Emf       Eo      KIH        X     SX-X       CH      Cor      Sig
     1   -4.857   -4.857    6.563  -17.075   12.702   -7.060    5.641  -11.434
     2    1.552    1.552   13.361  -14.424   10.264   -7.527    2.737  -11.687
     3    3.010    3.010   14.072  -12.855    9.128   -7.244    1.883  -10.972
     4    5.177    5.177   17.304  -13.070    9.125   -7.774    1.351  -11.719
     5    9.425    9.425   19.914   -5.359    3.651   -7.617   -3.966   -9.325
     6   10.477   10.477   21.155   -5.137    3.512   -7.774   -4.262   -9.399
     7   10.758   10.758   21.732   -5.711    3.732   -7.727   -3.995   -9.706
     8   12.422   12.422   22.709   -4.366    3.076   -7.834   -4.758   -9.124
     9   12.601   12.601   22.640   -4.298    2.881   -7.281   -4.400   -8.697
    10   17.583   17.583   27.042   -2.837    2.232   -7.974   -5.742   -8.578
    11   17.607   17.607   29.008   -4.074    3.282   -8.986   -5.704   -9.778
    12   18.700   18.700   27.764   -2.544    2.470   -8.014   -5.544   -8.088
    13   20.682   20.682   30.786   -2.878    2.466   -8.483   -6.017   -8.895
    14   21.961   21.961   30.733   -2.139    2.032   -8.074   -6.042   -8.181

 Symmetrized values from band-averaging:

       k =  0.000000  0.200000  0.800000 ik =   7 spin = 1

     n      Emf       Eo      KIH        X      Cor     Eqp0     Eqp1      Znk
     1   -4.857   -4.857    6.563  -17.075    5.641   -4.871   -4.867    0.701
     2    1.552    1.552   13.361  -14.424    2.737    1.674    1.647    0.774
     3    3.010    3.010   14.072  -12.855    1.883    3.100    3.081    0.789
     4    5.177    5.177   17.304  -13.070    1.351    5.585    5.503    0.798
     5    9.425    9.425   19.914   -5.359   -3.966   10.589   10.351    0.796
     6   10.477   10.477   21.155   -5.137   -4.262   11.756   11.484    0.788
     7   10.758   10.758   21.732   -5.711   -3.995   12.026   11.763    0.792
     8   12.422   12.422   22.709   -4.366   -4.758   13.585   13.332    0.782
     9   12.601   12.601   22.640   -4.298   -4.400   13.942   13.662    0.791
    10   17.583   17.583   27.042   -2.837   -5.742   18.463   18.239    0.745
    11   17.607   17.607   29.008   -4.074   -5.704   19.230   18.833    0.755
    12   18.700   18.700   27.764   -2.544   -5.544   19.676   19.427    0.744
    13   20.682   20.682   30.786   -2.878   -6.017   21.891   21.560    0.726
    14   21.961   21.961   30.733   -2.139   -6.042   22.552   22.377    0.703
 
================================================================================
 11:45:42   Dealing with k =  0.000000  0.400000  0.400000                8 / 10
================================================================================

 Reading kih.dat
 Number of q-points in the irreducible BZ(k) (nrq): 30
 
 Started calculating Sigma with 120 block(s) at 11:45:42.
 [ 11:45:42 |   0% ] block   1 / 120.
 [ 11:45:42 |   2% ] block   3 / 120, remaining: 0 s.
 [ 11:45:42 |   9% ] block  12 / 120, remaining: 1 s.
 [ 11:45:42 |  19% ] block  24 / 120, remaining: 1 s.
 [ 11:45:42 |  29% ] block  36 / 120, remaining: 1 s.
 [ 11:45:43 |  39% ] block  48 / 120, remaining: 1 s.
 [ 11:45:43 |  49% ] block  60 / 120, remaining: 1 s.
 [ 11:45:43 |  59% ] block  72 / 120, remaining: 0 s.
 [ 11:45:43 |  69% ] block  84 / 120, remaining: 0 s.
 [ 11:45:43 |  79% ] block  96 / 120, remaining: 0 s.
 [ 11:45:43 |  89% ] block 108 / 120, remaining: 0 s.
 [ 11:45:43 |  99% ] block 120 / 120, remaining: 0 s.
 Finished calculating Sigma at 11:45:43.
 Elapsed time: 1 s.
 
 Unsymmetrized values for ik =   8 spin = 1
 
     n      Emf       Eo      KIH        X     SX-X       CH      Cor      Sig
     1   -3.427   -3.427    8.120  -16.575   12.165   -7.177    4.988  -11.587
     2   -0.204   -0.204   11.697  -15.388   11.031   -7.477    3.554  -11.834
     3    3.273    3.273   14.766  -13.377    9.433   -7.424    2.009  -11.368
     4    3.273    3.273   14.766  -13.382    9.446   -7.431    2.015  -11.367
     5    6.975    6.975   16.572   -5.394    3.515   -6.910   -3.396   -8.790
     6    7.733    7.733   17.105   -4.915    3.203   -6.838   -3.635   -8.550
     7   15.204   15.204   26.542   -4.397    3.082   -8.432   -5.350   -9.747
     8   15.204   15.204   26.542   -4.413    3.093   -8.453   -5.360   -9.773
     9   17.505   17.505   28.331   -3.679    2.980   -8.390   -5.410   -9.089
    10   18.152   18.152   29.514   -4.026    3.635   -9.554   -5.918   -9.945
    11   19.449   19.449   30.681   -3.497    2.847   -8.941   -6.094   -9.591
    12   19.449   19.449   30.681   -3.470    2.734   -8.916   -6.181   -9.651
    13   20.741   20.741   30.734   -2.880    2.831   -9.015   -6.184   -9.064
    14   21.522   21.522   32.449   -3.120    2.937   -9.118   -6.181   -9.301

 Symmetrized values from band-averaging:

       k =  0.000000  0.400000  0.400000 ik =   8 spin = 1

     n      Emf       Eo      KIH        X      Cor     Eqp0     Eqp1      Znk
     1   -3.427   -3.427    8.120  -16.575    4.988   -3.467   -3.456    0.724
     2   -0.204   -0.204   11.697  -15.388    3.554   -0.136   -0.153    0.755
     3    3.273    3.273   14.766  -13.379    2.012    3.398    3.372    0.789
     4    3.273    3.273   14.766  -13.379    2.012    3.398    3.372    0.789
     5    6.975    6.975   16.572   -5.394   -3.396    7.782    7.626    0.806
     6    7.733    7.733   17.105   -4.915   -3.635    8.555    8.396    0.806
     7   15.204   15.204   26.542   -4.405   -5.355   16.783   16.395    0.755
     8   15.204   15.204   26.542   -4.405   -5.355   16.783   16.395    0.755
     9   17.505   17.505   28.331   -3.679   -5.410   19.241   18.802    0.747
    10   18.152   18.152   29.514   -4.026   -5.918   19.569   19.206    0.743
    11   19.449   19.449   30.681   -3.483   -6.138   21.060   20.597    0.713
    12   19.449   19.449   30.681   -3.483   -6.138   21.060   20.597    0.713
    13   20.741   20.741   30.734   -2.880   -6.184   21.670   21.408    0.718
    14   21.522   21.522   32.449   -3.120   -6.181   23.148   22.678    0.711
 
================================================================================
 11:45:43   Dealing with k =  0.000000  0.400000  0.600000                9 / 10
================================================================================

 Reading kih.dat
 Number of q-points in the irreducible BZ(k) (nrq): 45
 
 Started calculating Sigma with 180 block(s) at 11:45:43.
 [ 11:45:43 |   0% ] block   1 / 180.
 [ 11:45:43 |   1% ] block   3 / 180, remaining: 1 s.
 [ 11:45:43 |   9% ] block  18 / 180, remaining: 1 s.
 [ 11:45:44 |  19% ] block  36 / 180, remaining: 1 s.
 [ 11:45:44 |  29% ] block  54 / 180, remaining: 1 s.
 [ 11:45:44 |  39% ] block  72 / 180, remaining: 1 s.
 [ 11:45:44 |  49% ] block  90 / 180, remaining: 1 s.
 [ 11:45:44 |  59% ] block 108 / 180, remaining: 1 s.
 [ 11:45:44 |  69% ] block 126 / 180, remaining: 0 s.
 [ 11:45:44 |  79% ] block 144 / 180, remaining: 0 s.
 [ 11:45:45 |  89% ] block 162 / 180, remaining: 0 s.
 [ 11:45:45 |  99% ] block 180 / 180, remaining: 0 s.
 Finished calculating Sigma at 11:45:45.
 Elapsed time: 2 s.
 
 Unsymmetrized values for ik =   9 spin = 1
 
     n      Emf       Eo      KIH        X     SX-X       CH      Cor      Sig
     1   -2.157   -2.157    9.675  -16.255   11.785   -7.349    4.436  -11.819
     2   -1.529   -1.529   10.191  -15.863   11.483   -7.338    4.144  -11.719
     3    1.894    1.894   12.613  -13.126    9.383   -7.046    2.337  -10.789
     4    3.395    3.395   14.933  -13.369    9.424   -7.451    1.974  -11.395
     5    7.443    7.443   16.970   -5.159    3.368   -6.905   -3.537   -8.696
     6    9.595    9.595   19.731   -5.131    3.350   -7.298   -3.948   -9.079
     7   14.825   14.825   25.722   -4.050    2.859   -8.264   -5.405   -9.456
     8   15.313   15.313   26.490   -4.436    3.119   -8.288   -5.169   -9.605
     9   15.575   15.575   26.496   -3.941    2.943   -8.601   -5.658   -9.599
    10   15.648   15.648   26.466   -4.139    2.912   -7.951   -5.038   -9.177
    11   21.252   21.252   32.607   -3.362    3.043   -9.258   -6.215   -9.577
    12   21.337   21.337   32.204   -3.183    3.235   -9.751   -6.516   -9.699
    13   21.731   21.731   32.925   -3.185    2.984   -9.442   -6.458   -9.643
    14   22.790   22.790   33.931   -3.235    3.569  -10.122   -6.553   -9.787

 Symmetrized values from band-averaging:

       k =  0.000000  0.400000  0.600000 ik =   9 spin = 1

     n      Emf       Eo      KIH        X      Cor     Eqp0     Eqp1      Znk
     1   -2.157   -2.157    9.675  -16.255    4.436   -2.144   -2.148    0.735
     2   -1.529   -1.529   10.191  -15.863    4.144   -1.527   -1.528    0.742
     3    1.894    1.894   12.613  -13.126    2.337    1.824    1.839    0.782
     4    3.395    3.395   14.933  -13.369    1.974    3.538    3.508    0.790
     5    7.443    7.443   16.970   -5.159   -3.537    8.274    8.113    0.806
     6    9.595    9.595   19.731   -5.131   -3.948   10.652   10.437    0.797
     7   14.825   14.825   25.722   -4.050   -5.405   16.267   15.917    0.757
     8   15.313   15.313   26.490   -4.436   -5.169   16.886   16.511    0.761
     9   15.575   15.575   26.496   -3.941   -5.658   16.896   16.569    0.752
    10   15.648   15.648   26.466   -4.139   -5.038   17.289   16.904    0.766
    11   21.252   21.252   32.607   -3.362   -6.215   23.030   22.510    0.708
    12   21.337   21.337   32.204   -3.183   -6.516   22.505   22.164    0.708
    13   21.731   21.731   32.925   -3.185   -6.458   23.283   22.816    0.699
    14   22.790   22.790   33.931   -3.235   -6.553   24.144   23.732    0.696
 
================================================================================
 11:45:45   Dealing with k =  0.200000  0.400000  0.600000               10 / 10
================================================================================

 Reading kih.dat
 Number of q-points in the irreducible BZ(k) (nrq): 75
 
 Started calculating Sigma with 300 block(s) at 11:45:45.
 [ 11:45:45 |   0% ] block   1 / 300.
 [ 11:45:45 |   1% ] block   3 / 300, remaining: 1 s.
 [ 11:45:45 |  10% ] block  30 / 300, remaining: 2 s.
 [ 11:45:45 |  20% ] block  60 / 300, remaining: 2 s.
 [ 11:45:46 |  30% ] block  90 / 300, remaining: 2 s.
 [ 11:45:46 |  40% ] block 120 / 300, remaining: 2 s.
 [ 11:45:46 |  50% ] block 150 / 300, remaining: 1 s.
 [ 11:45:46 |  60% ] block 180 / 300, remaining: 1 s.
 [ 11:45:47 |  70% ] block 210 / 300, remaining: 1 s.
 [ 11:45:47 |  80% ] block 240 / 300, remaining: 1 s.
 [ 11:45:47 |  90% ] block 270 / 300, remaining: 0 s.
 [ 11:45:47 | 100% ] block 300 / 300, remaining: 0 s.
 Finished calculating Sigma at 11:45:47.
 Elapsed time: 3 s.
 
 Unsymmetrized values for ik =  10 spin = 1
 
     n      Emf       Eo      KIH        X     SX-X       CH      Cor      Sig
     1   -2.963   -2.963    8.727  -16.497   12.050   -7.257    4.794  -11.703
     2   -0.608   -0.608   11.273  -15.567   11.180   -7.447    3.733  -11.834
     3    1.989    1.989   12.764  -13.132    9.376   -7.073    2.302  -10.830
     4    2.996    2.996   14.090  -12.934    9.163   -7.249    1.914  -11.019
     5    9.843    9.843   20.199   -5.253    3.438   -7.421   -3.984   -9.236
     6   10.190   10.190   20.163   -4.946    3.182   -7.159   -3.977   -8.923
     7   11.031   11.031   21.664   -4.939    3.405   -7.832   -4.428   -9.367
     8   14.443   14.443   25.104   -4.151    2.864   -7.969   -5.105   -9.256
     9   15.147   15.147   26.432   -4.356    3.082   -8.462   -5.379   -9.735
    10   16.966   16.966   27.999   -3.909    3.000   -8.557   -5.557   -9.466
    11   20.214   20.214   31.388   -3.375    3.003   -9.249   -6.247   -9.622
    12   21.398   21.398   31.247   -2.705    2.568   -8.699   -6.131   -8.836
    13   21.423   21.423   30.476   -2.294    2.085   -8.055   -5.970   -8.264
    14   22.583   22.583   34.114   -3.337    3.587  -10.180   -6.593   -9.930

 Symmetrized values from band-averaging:

       k =  0.200000  0.400000  0.600000 ik =  10 spin = 1

     n      Emf       Eo      KIH        X      Cor     Eqp0     Eqp1      Znk
     1   -2.963   -2.963    8.727  -16.497    4.794   -2.976   -2.972    0.727
     2   -0.608   -0.608   11.273  -15.567    3.733   -0.561   -0.573    0.752
     3    1.989    1.989   12.764  -13.132    2.302    1.935    1.947    0.782
     4    2.996    2.996   14.090  -12.934    1.914    3.071    3.055    0.789
     5    9.843    9.843   20.199   -5.253   -3.984   10.962   10.733    0.795
     6   10.190   10.190   20.163   -4.946   -3.977   11.240   11.027    0.798
     7   11.031   11.031   21.664   -4.939   -4.428   12.297   12.028    0.788
     8   14.443   14.443   25.104   -4.151   -5.105   15.848   15.521    0.767
     9   15.147   15.147   26.432   -4.356   -5.379   16.697   16.320    0.757
    10   16.966   16.966   27.999   -3.909   -5.557   18.532   18.145    0.753
    11   20.214   20.214   31.388   -3.375   -6.247   21.765   21.309    0.706
    12   21.398   21.398   31.247   -2.705   -6.131   22.411   22.117    0.710
    13   21.423   21.423   30.476   -2.294   -5.970   22.212   21.988    0.717
    14   22.583   22.583   34.114   -3.337   -6.593   24.184   23.697    0.696

================================================================================

    n = band index.
  Emf = "inner" mean-field energy eigenvalue used to construct Sigma(E),
        read from WFN_inner.
   Eo = "outer" mean-field energy eigenvalue where we center the evaluation
        frequency grid {E} of Sigma(E). Defaults to Emf, unless
        you use WFN_outer and eqp_outer.dat / scissors_outer.
  Vxc = exchange-correlation pot., calculated from VXC or read from vxc.dat.
  KIH = Kinetic energy + Ionic potential + Hartree, read from kih.dat.
    X = bare exchange.
   SX = screened exchange contrib. to Sigma(E) at energy E=Eo
   CH = Coulomb hole contrib. to Sigma(E) at energy E=Eo
  Cor = SX-X + CH = correlation portion of Sigma(E) at energy E=Eo.
  Sig = X + Cor = self energy, Sigma(E), at energy E=Eo.
 Eqp0 = on-shell QP energy = Emf - Vxc + Sig(Eo)
        Eqp0 is *not* the recommended quantity to use for QP properties.
 Eqp1 = off-shell solution to the linearized  Dyson`s equation
      = Eqp0 + (dSig/dE) / (1 - dSig/dE) * (Eqp0 - Eo),
        or a full linear interpolation if more freq. points where computed.
        Eqp1 is the recommended quantity to use for QP properties.
  Znk = quasiparticle renormalization factor

 Notes on the finite_difference_form from sigma.inp file:
   none    : -2 => dSig/dE = 0 (skip the expansion)
   backward: -1 => dSig/dE = (Sig(Eo) - Sig(Eo-dE)) / dE
   central :  0 => dSig/dE = (Sig(Eo+dE) - Sig(Eo-dE)) / (2*dE)
   forward :  1 => dSig/dE = (Sig(Eo+dE) - Sig(Eo)) / dE
   default :  2 => forward for diagonal and none for off-diagonal
   dE is finite_difference_spacing from Sigma.inp file.
   We are using the form #2 with dE = 1.000 eV.

 General notes:
 - All energies are reported here in eV.
 - Both Emf and Vxc contain the average pot. Vxc0, so Vxc0 doesn`t affect Sigma.
 - Eqp1 and Eqp0 are Eqs. (36-37) from Hybertsen & Louie PRB 34 5390.
 - We recommend you use Eqp1 for QP properties of materials.

================================================================================


WARNING: |Eqp0 - Eo| > finite_difference_spacing. Linear extrapolation for eqp1
may be inaccurate. You should test the validity of eqp1 by rerunning the
calculation with the self energy evaluated at the eqp0 energies. For that,
use the eqp_outer.dat file, created with eqp.py script and point WFN_outer to
WFN_inner, if you were not already using WFN_outer.

 
 Timing information
 
                                CPU time (s)          WALL time (s)       Number
 Routine                       min        max        min        max     of calls
 -------------------------  ---------  ---------  ---------  ---------  --------
 - Input I/O                     0.00       0.01       0.00       0.01       343
 - Input Comm                    0.01       0.02       0.01       0.03       343
 - FFT Zero                      0.17       0.20       0.15       0.21      9100
 - FFT Put                       0.10       0.11       0.08       0.11      9100
 - FFT Plan                      0.25       0.26       0.24       0.30     16380
 - FFT Exec                      2.12       2.17       2.09       2.22     16380
 - FFT Mltply                    0.23       0.26       0.21       0.29      7280
 - FFT Conjg                     0.03       0.03       0.02       0.04      1820
 - FFT Get                       0.08       0.09       0.05       0.10      7280
 - INPUT                         0.05       0.20       0.21       0.21         1
 - EPSCOPY                       0.08       0.12       0.12       0.12         1
 - FULLBZ                        0.00       0.00       0.00       0.01         2
 - VXC                           0.01       0.01       0.06       0.08        20
 - SUBGRP                        0.00       0.00       0.00       0.00        10
 - IRRBZ                         0.00       0.00       0.00       0.01        10
 - GMAP                          0.02       0.03       0.02       0.04       455
 - GENWF                         0.19       0.19       0.19       0.20       455
 - MTXEL                         3.30       3.42       3.26       3.43      1820
 - MTXEL_COR TOT                 4.85       5.02       4.86       5.02      1820
 - VCOUL                         7.68       7.80       7.68       7.81       455
 - EPSREAD                       0.04       0.06       0.04       0.06       455
 - INPUT_OUTER                   0.00       0.00       0.00       0.00         1
 - MTXEL COMM                    0.00       0.00       0.00       0.01       455
 - BARE X                        0.01       0.02       0.00       0.03      1830
 - WF COMM                       0.02       0.03       0.02       0.03        10
 - INPUT (READ)                  0.02       0.05       0.04       0.05       341
 - INPUT (WRITE)                 0.00       0.00       0.00       0.00       330
 - SUB-TRANSF TOT                0.01       0.01       0.00       0.01      1820
 - M.COR INIT                    0.02       0.02       0.01       0.04      1820
 - M.COR EPSINIT                 0.79       0.83       0.77       0.85      1820
 - M.COR COMM                    0.22       0.55       0.24       0.56     14560
 - M.COR PP PREP                 0.46       0.49       0.43       0.51     33580
 - M.COR SX+CH                   3.26       3.43       3.24       3.49     58240
 - READ NEPS                     0.00       0.01       0.00       0.01         1
 - EPSCOPY IO                    0.07       0.10       0.11       0.11        10
 - TOTAL                        16.66      16.86      16.95      16.96         1
 
 Job Done
 
