
 BerkeleyGW version 2.1+git v2.1-170-gec2d45f by wu2meng3 <wu1meng2@berkeley.edu> at 2021-04-09 13:34:07 -0700
 BSE/IntEqp code, Complex version, run on 12-Apr-2021 at 14:23:57 -0700

                                                                 ..o.          
                                                                .oxxo.         
                                                               .oxxxxo...      
                                                               oxxxxxxo.       
                                                              .oxxxxxxx.       
                                                              .ooooooxxo..     
                                                              .oooooooxo..     
                                                              .oooooxxo...     
                                                       .........oxooo......    
                                                 ............................  
                                             ................................. 
                                          .................................... 
           .          ..oo. ....  .................................oooxxxxxxxo.
     .............oxxxx@ox@@@x@x.....................o...........ooooooooooxx. 
    .o.........oox@x.oo........xxx@@............ooxxxxo..........ooooxxxxxoxo  
    .x........x@xxo...............o@xxo........oxxx@@@xoooooooooooooooxxxo...  
    .o......ox@@o..................oox@o.....ooxxx@xoooxxxxxxxoooooooooooo.... 
    o..ooooo@@xoooo....ooo...........x@o.....ooxxxxo   .oxxxxxxxxxxooooooo.... 
    . .oooo@@@@@@@@@@@@@@@@@@@@@@@@@@@@@@....ooooox.     .oxx@@@@@xxoo........ 
      .ooooxxxxxxxooooooxooooooooooooooxo...oooooxx.        ..ox@xxxoo.........
      .ooooooxxxx@xoooooooooooooxxoooooooooooxxxxx.            .oxxooooooooxxo.
     .oooooxxxxx@@@xxxxxxxxxxxxxxxxxxxxxxxxoxxxxo.                .oxxxxxxxxo. 
   ....oooxxxxx@@@xo..oxxx@@@@@@xxxxoxxoooooooxx.                  .oxxxoo..   
  .....ooxxxx@@xo.       ........    .ooooooooxxo                              
  ..oooxxxx@@@o                       .oooooooxoo.                             
  ....oxooxxxxx.                       .ooo..oooo.                             
  .....o.ooxxxxxo.                     .oooooooxo.                             
 ......ooooxxxxxxo.                     .ooooooxoo..                           
........ooxxxxxxxo..                     .o....oxoo...                         
.......ooooxxxxxxxo.                     ........oooo.                         
.ooooooo..ooxxxxoooo.                    .........ooo...                       
..oxo...ooooxxxoooo..                    .ooo......oooo...                     
  .ooooo....o.                            .oxxxoo....ooo....                   
    .oooooo...                              ...ooooo...ooo..                   
       ...                                     .oo.......                      
                                               ....ooo...                      
                      __              __                                       
 ______              [  |            [  |                 ._____  _          _ 
|_   _ \              | |  _          | |                /  ___ \| |        | |
  | |_) | .---.  _. _.| | / |  .---.  | | .---.  _    _ / /    \_|\ \  /\  / / 
  |  __'./ /__\\[ /`\_| '' <  / /__\\ | |/ /__\\| \  | | |   _____ \ \/  \/ /  
 _| |__| | \__. | |   | |`\ \ | \___. | || \___. \ \/ / \ \.___| |  \  /\  /   
|_______/ \.__./[_]  [__|  \_] \.__./[___]\.__./  \  /   \.____./    \/  \/    
                                                  / /                          
                                                 /_/                           
 --------------------------------------------------------------------------------
 Please cite the main BerkeleyGW paper when using results from this calculation:

 Jack Deslippe, Georgy Samsonidze, David A. Strubbe, Manish Jain, Marvin L.
 Cohen, and Steven G. Louie, "BerkeleyGW: A Massively Parallel Computer Package
 for the Calculation of the Quasiparticle and Optical Properties of Materials
 and Nanostructures," Comput. Phys. Commun. 183, 1269 (2012)

 Aditionally, PLEASE CITE ALL PAPERS REPORTED AT THE END OF THIS CALCULATION.
 --------------------------------------------------------------------------------

 Running MPI version (parallel)
 Running with 32 MPI task(s)
 Using OpenMP. Number of threads per MPI task: 1
 Number of threads used for sorting routines: 1

 Compilation flags:
 - Compiler: INTEL
 - Para. flags: MPI, OMP
 - Math  flags: USESCALAPACK, UNPACKED, USEFFTW3, HDF5, USEELPA
 - Debug flags: 

 Running with verbosity level 1 (default).

 The restricted fi/co WFN transformation dvv',dcc' will be calculated.
 
 Using the Tamm-Dancoff approximation.

 Using the momentum operator
 
 Using the Delaunay interpolation method.

 
 Number of k-points in the coarse k-grid: 216
WARNING: Inversion symmetry about the origin is present. The real version would be faster.
 A 3-D interpolation algorithm will be employed.
WARNING: Inversion symmetry about the origin is present. The real version would be faster.
 No symmetries used in the fine grid-sampling
 K-grid: 6 6 6
 Highest occupied band (fine grid) = 8
 Valence max    (fine grid) = 6.026530 eV
 Conduction min (fine grid) = 6.517829 eV
 Middle energy  (fine grid) = 6.272180 eV
 Fermi  energy  (fine grid) = 6.272180 eV

 Number of electrons per unit cell (from ifmax) = 8.000000
 Number of electrons per unit cell (from occupations) = 8.000000
 Plasma Frequency = 1.220146 Ry


 Scissors parameters:
 - Valence:    es =   0.0000 eV, e0 =   0.0000 eV, edel =   0.0000
 - Conduction: es =   0.0000 eV, e0 =   0.0000 eV, edel =   0.0000
 
 You are doing a class 1 calculation - npes <= nk

 Memory available: 3936.3 MB per PE
 Memory required for vcoul: 114.4 MB per PE
 Memory needed to store the effective Ham. and intkernel arrays: 524.0 MB per PE
 
 Distribution of kcv blocks among PE ranks:
   - PEs 0 to 9 : 7 blocks
   - PEs 10 to 31 : 6 blocks
 
 Started reading wavefunctions (WFN_fi) with 202 k-point(s) at 14:23:57.
 [ 14:23:57 |   0% ] k-point   1 / 202.
 [ 14:23:57 |   1% ] k-point   3 / 202, remaining: 0 s.
 [ 14:23:57 |  10% ] k-point  21 / 202, remaining: 0 s.
 [ 14:23:57 |  20% ] k-point  41 / 202, remaining: 0 s.
 [ 14:23:57 |  30% ] k-point  61 / 202, remaining: 0 s.
 [ 14:23:57 |  40% ] k-point  81 / 202, remaining: 0 s.
 [ 14:23:57 |  50% ] k-point 101 / 202, remaining: 0 s.
 [ 14:23:57 |  60% ] k-point 122 / 202, remaining: 0 s.
 [ 14:23:57 |  70% ] k-point 142 / 202, remaining: 0 s.
 [ 14:23:57 |  80% ] k-point 162 / 202, remaining: 0 s.
 [ 14:23:58 |  90% ] k-point 182 / 202, remaining: 0 s.
 [ 14:23:58 | 100% ] k-point 202 / 202, remaining: 0 s.
 Finished reading wavefunctions (WFN_fi) at 14:23:58.
 Elapsed time: 0 s.
 

 Conduction wavefunctions read from file WFN_fi:
 - Number of k-points in irreducible BZ: 202
 - Number of k-points in full BZ: 202

 Lowest-energy independent-particle transitions:

                k-point                 ik     ic     iv     energy (eV)
   -------------------------------- ------ ------ ------ ---------------
     0.000000   0.000000   0.000000     51      1      1        2.516721
     0.000000   0.000000   0.000000     51      1      2        2.516721
     0.000000   0.000000   0.000000     51      1      3        2.516721
     0.000000   0.000000   0.000000     51      1      4        2.516721
     0.000000   0.000000   0.000000     51      2      1        2.516721
  
 More Job Parameters: 
 Crystal volume =             54561.64727923740429 a.u.
 Number of valence bands =            8
 Number of cond. bands   =           14
 Number of spins   =            1
  
 Highest occupied band (fine grid) = 8
 Valence max    (fine grid) = 6.026530 eV
 Conduction min (fine grid) = 6.517829 eV
 Middle energy  (fine grid) = 6.272180 eV
 Fermi  energy  (fine grid) = 6.272180 eV

 No symmetries used in the shifted-grid sampling
 
 Started reading wavefunctions (WFN_fi) with 202 k-point(s) at 14:23:58.
 [ 14:23:58 |   0% ] k-point   1 / 202.
 [ 14:23:58 |   1% ] k-point   3 / 202, remaining: 0 s.
 [ 14:23:58 |  10% ] k-point  21 / 202, remaining: 0 s.
 [ 14:23:58 |  20% ] k-point  41 / 202, remaining: 0 s.
 [ 14:23:58 |  30% ] k-point  61 / 202, remaining: 0 s.
 [ 14:23:58 |  40% ] k-point  81 / 202, remaining: 0 s.
 [ 14:23:58 |  50% ] k-point 101 / 202, remaining: 0 s.
 [ 14:23:58 |  60% ] k-point 122 / 202, remaining: 0 s.
 [ 14:23:58 |  70% ] k-point 142 / 202, remaining: 0 s.
 [ 14:23:58 |  80% ] k-point 162 / 202, remaining: 0 s.
 [ 14:23:58 |  90% ] k-point 182 / 202, remaining: 0 s.
 [ 14:23:58 | 100% ] k-point 202 / 202, remaining: 0 s.
 Finished reading wavefunctions (WFN_fi) at 14:23:58.
 Elapsed time: 0 s.
 

 Valence wavefunctions read from file WFN_fi:
 - Number of k-points in irreducible BZ: 202
 - Number of k-points in full BZ: 202

 Reading quasiparticle energy corrections from eqp_co.dat
 Highest occupied band (coarse grid) = 8
 Valence max    (coarse grid) = 5.628476 eV
 Conduction min (coarse grid) = 6.898750 eV
 Middle energy  (coarse grid) = 6.263613 eV
 Fermi  energy  (coarse grid) = 6.263613 eV


 Reading quasiparticle energy corrections from eqp_co.dat
 Using symmetries to expand the coarse-grid sampling
 
 Started reading wavefunctions (WFN_co) with 16 k-point(s) at 14:23:58.
 [ 14:23:58 |   0% ] k-point  1 / 16.
 [ 14:23:58 |   6% ] k-point  2 / 16.
 [ 14:23:58 |  13% ] k-point  3 / 16, remaining: 0 s.
 [ 14:23:58 |  19% ] k-point  4 / 16, remaining: 0 s.
 [ 14:23:58 |  25% ] k-point  5 / 16, remaining: 0 s.
 [ 14:23:58 |  38% ] k-point  7 / 16, remaining: 0 s.
 [ 14:23:58 |  50% ] k-point  9 / 16, remaining: 0 s.
 [ 14:23:58 |  56% ] k-point 10 / 16, remaining: 0 s.
 [ 14:23:58 |  69% ] k-point 12 / 16, remaining: 0 s.
 [ 14:23:58 |  75% ] k-point 13 / 16, remaining: 0 s.
 [ 14:23:58 |  88% ] k-point 15 / 16, remaining: 0 s.
 Finished reading wavefunctions (WFN_co) at 14:23:58.
 Elapsed time: 0 s.
 

 Coarse-grid wavefunctions read from file WFN_co:
 - Number of k-points in irreducible BZ: 16
 - Number of k-points in full BZ: 216
 
 Started wavefunction interpolation with 7 k-point(s) at 14:23:59.
 [ 14:23:59 |   0% ] k-point 1 / 7.
 [ 14:23:59 |  14% ] k-point 2 / 7.
 [ 14:23:59 |  29% ] k-point 3 / 7, remaining: 0 s.
 [ 14:23:59 |  43% ] k-point 4 / 7, remaining: 0 s.
 [ 14:23:59 |  57% ] k-point 5 / 7, remaining: 0 s.
 [ 14:23:59 |  71% ] k-point 6 / 7, remaining: 0 s.
 [ 14:23:59 |  86% ] k-point 7 / 7, remaining: 0 s.
 Finished wavefunction interpolation at 14:23:59.
 Elapsed time: 0 s.
 
 Max. error in norm of transformation coefficients (1 - \sum_co |d_fi,co|^2):
  - For valence states: 2.147E-01
  - For conduction states: 1.884E-01
 
 Timing information
 
                                CPU time (s)          WALL time (s)       Number
 Routine                       min        max        min        max     of calls
 -------------------------  ---------  ---------  ---------  ---------  --------
 - Input                         0.36       0.40       0.45       0.46         1
 - Input q                       0.34       0.36       0.34       0.36         1
 - Intwfn                        1.31       1.41       1.67       1.69         1
 - Iw Input_co                   0.07       0.10       0.11       0.15         1
 - Iw Interp                     0.32       0.33       0.53       0.58         8
 - Iw Genwf                      0.00       0.00       0.00       0.00        56
 - Iw Gwnwf_Co                   0.33       0.36       0.33       0.37        28
 - Iw Mtxel_t                    0.00       0.00       0.00       0.00        56
 - Iw Write                      0.00       0.03       0.00       0.08         1
 - Iw Reduce                     0.01       0.01       0.01       0.01         1
 - TOTAL                         2.02       2.32       2.77       2.77         1
 
 Job Done
 
