
 frequency_dependence   1

 band_index     1    14
 sigma_matrix     0   0

 finite_difference_form   2
 finite_difference_spacing  1.000000

 symmetries
 ntran  = 48
 mtrx01 =  1  0  0  0  1  0  0  0  1
 mtrx02 =  0  1  0  1  0  0 -1 -1 -1
 mtrx03 =  0  0  1 -1 -1 -1  1  0  0
 mtrx04 = -1 -1 -1  0  0  1  0  1  0
 mtrx05 = -1  0  0  0 -1  0  1  1  1
 mtrx06 =  0 -1  0 -1  0  0  0  0 -1
 mtrx07 =  0  0 -1  1  1  1  0 -1  0
 mtrx08 =  1  1  1  0  0 -1 -1  0  0
 mtrx09 = -1  0  0  1  1  1  0  0 -1
 mtrx10 =  0  0 -1  0 -1  0 -1  0  0
 mtrx11 =  0 -1  0  0  0 -1  1  1  1
 mtrx12 =  1  1  1 -1  0  0  0 -1  0
 mtrx13 =  1  1  1  0 -1  0  0  0 -1
 mtrx14 = -1  0  0  0  0 -1  0 -1  0
 mtrx15 =  0  0 -1 -1  0  0  1  1  1
 mtrx16 =  0 -1  0  1  1  1 -1  0  0
 mtrx17 =  0  1  0  0  0  1  1  0  0
 mtrx18 =  1  0  0 -1 -1 -1  0  1  0
 mtrx19 = -1 -1 -1  1  0  0  0  0  1
 mtrx20 =  0  0  1  0  1  0 -1 -1 -1
 mtrx21 =  0  0  1  1  0  0  0  1  0
 mtrx22 = -1 -1 -1  0  1  0  1  0  0
 mtrx23 =  1  0  0  0  0  1 -1 -1 -1
 mtrx24 =  0  1  0 -1 -1 -1  0  0  1
 mtrx25 = -1  0  0  0 -1  0  0  0 -1
 mtrx26 =  0 -1  0 -1  0  0  1  1  1
 mtrx27 =  0  0 -1  1  1  1 -1  0  0
 mtrx28 =  1  1  1  0  0 -1  0 -1  0
 mtrx29 =  1  0  0  0  1  0 -1 -1 -1
 mtrx30 =  0  1  0  1  0  0  0  0  1
 mtrx31 =  0  0  1 -1 -1 -1  0  1  0
 mtrx32 = -1 -1 -1  0  0  1  1  0  0
 mtrx33 =  1  0  0 -1 -1 -1  0  0  1
 mtrx34 =  0  0  1  0  1  0  1  0  0
 mtrx35 =  0  1  0  0  0  1 -1 -1 -1
 mtrx36 = -1 -1 -1  1  0  0  0  1  0
 mtrx37 = -1 -1 -1  0  1  0  0  0  1
 mtrx38 =  1  0  0  0  0  1  0  1  0
 mtrx39 =  0  0  1  1  0  0 -1 -1 -1
 mtrx40 =  0  1  0 -1 -1 -1  1  0  0
 mtrx41 =  0 -1  0  0  0 -1 -1  0  0
 mtrx42 = -1  0  0  1  1  1  0 -1  0
 mtrx43 =  1  1  1 -1  0  0  0  0 -1
 mtrx44 =  0  0 -1  0 -1  0  1  1  1
 mtrx45 =  0  0 -1 -1  0  0  0 -1  0
 mtrx46 =  1  1  1  0 -1  0 -1  0  0
 mtrx47 = -1  0  0  0  0 -1  1  1  1
 mtrx48 =  0 -1  0  1  1  1  0  0 -1
 
       k =  0.000000  0.000000  0.000000 ik =   1 spin = 1

   n         Emf          Eo           X        SX-X          CH         Sig         Vxc        Eqp0        Eqp1       Znk
   1   -5.895757   -5.895757  -17.513788   13.604975   -7.216898  -11.125712  -10.446722   -6.574748   -6.354181    0.675155
   2    6.006978    6.006978  -12.794652    9.168574   -8.179688  -11.805766  -11.250185    5.451396    5.566071    0.793595
   3    6.006978    6.006978  -12.794652    9.168574   -8.179688  -11.805766  -11.250185    5.451396    5.566071    0.793595
   4    6.006978    6.006978  -12.794652    9.168574   -8.179688  -11.805766  -11.250185    5.451396    5.566071    0.793595
   5    8.567229    8.567229   -5.812780    4.015913   -7.841833   -9.638699  -10.047175    8.975704    8.888389    0.786240
   6    8.567229    8.567229   -5.812780    4.015913   -7.841833   -9.638699  -10.047175    8.975704    8.888389    0.786240
   7    8.567229    8.567229   -5.812780    4.015913   -7.841833   -9.638699  -10.047175    8.975704    8.888389    0.786240
   8    9.298638    9.298638   -6.002425    4.432426   -8.909546  -10.479544  -10.832543    9.651636    9.574414    0.781240
   9   13.710050   13.710050   -2.700129    1.959275   -7.062856   -7.803710   -8.089329   13.995669   13.931960    0.776944
  10   13.796885   13.796885   -4.321480    3.088909   -7.937972   -9.170543  -10.063375   14.689716   14.485515    0.771288
  11   13.796885   13.796885   -4.321480    3.088909   -7.937972   -9.170543  -10.063375   14.689716   14.485515    0.771288
  12   17.165221   17.165221   -2.309422    1.846699   -7.624805   -8.087528   -8.537004   17.614697   17.498465    0.741406
  13   17.165221   17.165221   -2.309422    1.846699   -7.624805   -8.087528   -8.537004   17.614697   17.498465    0.741406
  14   17.165221   17.165221   -2.309422    1.846699   -7.624805   -8.087528   -8.537004   17.614697   17.498465    0.741406
 
       k =  0.000000  0.000000  0.200000 ik =   2 spin = 1

   n         Emf          Eo           X        SX-X          CH         Sig         Vxc        Eqp0        Eqp1       Znk
   1   -5.377466   -5.377466  -17.337639   13.358053   -7.248127  -11.227713  -10.488685   -6.116494   -5.883363    0.684544
   2    3.017376    3.017376  -13.350808    9.707397   -7.770841  -11.414253  -10.729444    2.332567    2.483842    0.779099
   3    5.431069    5.431069  -12.733863    9.151316   -8.045212  -11.627759  -11.058950    4.862261    4.980774    0.791646
   4    5.431069    5.431069  -12.733863    9.151316   -8.045212  -11.627759  -11.058950    4.862261    4.980774    0.791646
   5    8.192255    8.192255   -5.901530    4.077037   -7.955270   -9.779763  -10.129912    8.542404    8.468552    0.789086
   6    9.361366    9.361366   -5.684955    3.889750   -7.929646   -9.724852  -10.169288    9.805802    9.709543    0.783412
   7    9.361366    9.361366   -5.684955    3.889750   -7.929646   -9.724852  -10.169288    9.805802    9.709543    0.783412
   8   11.925670   11.925670   -5.352269    3.888256   -8.753073  -10.217086  -10.639575   12.348158   12.251382    0.770936
   9   13.082217   13.082217   -4.097981    2.820525   -7.610336   -8.887791   -9.650322   13.844747   13.674347    0.776533
  10   13.082217   13.082217   -4.097981    2.820525   -7.610336   -8.887791   -9.650322   13.844747   13.674347    0.776533
  11   14.952514   14.952514   -2.543833    1.939355   -7.307151   -7.911629   -8.254070   15.294955   15.212507    0.759234
  12   16.779915   16.779915   -2.531770    2.130476   -7.749872   -8.151166   -8.564404   17.193154   17.089556    0.749303
  13   19.691250   19.691250   -2.479779    2.294972   -8.505487   -8.690294   -9.225414   20.226371   20.070049    0.707876
  14   19.691250   19.691250   -2.479779    2.294972   -8.505487   -8.690294   -9.225414   20.226371   20.070049    0.707876
 
       k =  0.000000  0.000000  0.400000 ik =   3 spin = 1

   n         Emf          Eo           X        SX-X          CH         Sig         Vxc        Eqp0        Eqp1       Znk
   1   -4.008644   -4.008644  -16.943850   12.867327   -7.409609  -11.486131  -10.672147   -4.822628   -4.580559    0.702612
   2   -0.241648   -0.241648  -14.712812   10.920165   -7.392336  -11.184983  -10.356330   -1.070301   -0.861937    0.748551
   3    4.886428    4.886428  -13.010053    9.364003   -7.988047  -11.634097  -11.005271    4.257601    4.390379    0.788849
   4    4.886428    4.886428  -13.010053    9.364003   -7.988047  -11.634097  -11.005271    4.257601    4.390379    0.788849
   5    7.591443    7.591443   -6.038467    4.158478   -7.909391   -9.789379  -10.108647    7.910711    7.844259    0.791862
   6    9.417000    9.417000   -5.147318    3.492543   -7.616882   -9.271658   -9.776005    9.921347    9.813859    0.786877
   7    9.417000    9.417000   -5.147318    3.492543   -7.616882   -9.271658   -9.776005    9.921347    9.813859    0.786877
   8   13.682999   13.682999   -2.566052    1.697348   -7.006919   -7.875624   -8.215797   14.023173   13.943563    0.765972
   9   14.992757   14.992757   -3.899126    2.736435   -8.094826   -9.257517  -10.005233   15.740473   15.556161    0.753500
  10   14.992757   14.992757   -3.899126    2.736435   -8.094826   -9.257517  -10.005233   15.740473   15.556161    0.753500
  11   15.862328   15.862328   -3.827208    3.062443   -8.719108   -9.483873   -9.943532   16.321987   16.206200    0.748102
  12   19.158163   19.158163   -3.267092    2.715712   -9.013116   -9.564495  -10.248741   19.842409   19.651279    0.720671
  13   19.158163   19.158163   -3.267092    2.715712   -9.013116   -9.564495  -10.248741   19.842409   19.651279    0.720671
  14   19.683412   19.683412   -3.059146    2.757492   -9.324027   -9.625681   -9.952666   20.010397   19.916878    0.713997
 
       k =  0.000000  0.200000  0.200000 ik =   4 spin = 1

   n         Emf          Eo           X        SX-X          CH         Sig         Vxc        Eqp0        Eqp1       Znk
   1   -5.199827   -5.199827  -17.275104   13.285968   -7.262696  -11.251832  -10.499620   -5.952039   -5.717000    0.687536
   2    3.416281    3.416281  -13.620046    9.867138   -8.072010  -11.824918  -11.145820    2.737183    2.886259    0.780479
   3    4.524328    4.524328  -12.751232    9.206969   -7.824985  -11.369247  -10.761503    3.916584    4.045342    0.788138
   4    4.524328    4.524328  -12.751232    9.206969   -7.824985  -11.369247  -10.761503    3.916584    4.045342    0.788138
   5    7.436369    7.436369   -5.652562    3.815980   -7.409551   -9.246133   -9.567350    7.757586    7.691193    0.793307
   6    9.847928    9.847928   -4.769975    3.284422   -7.617199   -9.102751   -9.565896   10.311073   10.212479    0.787120
   7   10.874156   10.874156   -5.593969    3.826731   -8.260531  -10.027769  -10.523745   11.370132   11.258637    0.775201
   8   10.874156   10.874156   -5.593969    3.826731   -8.260531  -10.027769  -10.523745   11.370132   11.258637    0.775201
   9   12.989815   12.989815   -4.922239    3.658806   -8.623766   -9.887199  -10.456732   13.559348   13.429368    0.771779
  10   14.564940   14.564940   -4.127384    2.967416   -8.023751   -9.183718  -10.077524   15.458745   15.244746    0.760575
  11   16.158095   16.158095   -2.718769    2.185823   -7.724553   -8.257498   -8.596155   16.496752   16.412214    0.750374
  12   18.360007   18.360007   -2.300923    1.909707   -7.909295   -8.300512   -8.768247   18.827741   18.700604    0.728185
  13   18.360007   18.360007   -2.300923    1.909707   -7.909295   -8.300512   -8.768247   18.827741   18.700604    0.728185
  14   18.937965   18.937965   -2.288306    2.119301   -7.926363   -8.095369   -8.576144   19.418740   19.289363    0.730898
 
       k =  0.000000  0.200000  0.400000 ik =   5 spin = 1

   n         Emf          Eo           X        SX-X          CH         Sig         Vxc        Eqp0        Eqp1       Znk
   1   -4.055773   -4.055773  -16.901838   12.844551   -7.374858  -11.432144  -10.616323   -4.871594   -4.627112    0.700324
   2    0.738432    0.738432  -14.660439   10.771455   -7.677040  -11.566024  -10.752204   -0.075387    0.121546    0.758013
   3    3.387347    3.387347  -12.795260    9.298273   -7.636050  -11.133037  -10.492666    2.746975    2.885711    0.783351
   4    4.017693    4.017693  -13.004639    9.405106   -7.772503  -11.372036  -10.712157    3.357814    3.499518    0.785258
   5    7.744047    7.744047   -5.461101    3.655732   -7.359415   -9.164783   -9.502926    8.082190    8.012526    0.793981
   6   10.048432   10.048432   -4.790199    3.217760   -7.550047   -9.122487   -9.584095   10.510041   10.411174    0.785822
   7   10.890102   10.890102   -5.405989    3.721034   -8.218018   -9.902973  -10.376810   11.363939   11.258428    0.777326
   8   11.423147   11.423147   -5.008491    3.392708   -8.025932   -9.641715  -10.209373   11.990805   11.862970    0.774802
   9   16.138636   16.138636   -3.824599    2.831461   -8.376947   -9.370085  -10.188203   16.956753   16.750441    0.747821
  10   16.297814   16.297814   -3.640743    2.764206   -8.648516   -9.525054  -10.069559   16.842320   16.700850    0.740187
  11   16.569923   16.569923   -3.189697    2.525443   -8.243973   -8.908227   -9.370618   17.032313   16.912999    0.741962
  12   18.762449   18.762449   -3.306891    2.651458   -8.924569   -9.580002  -10.280859   19.463306   19.265479    0.717735
  13   19.280395   19.280395   -2.716134    2.340539   -8.489133   -8.864728   -9.262605   19.678272   19.566752    0.719712
  14   20.977859   20.977859   -2.758959    2.389950   -8.769870   -9.138879   -9.664717   21.503697   21.339858    0.688424
 
       k =  0.000000  0.200000  0.600000 ik =   6 spin = 1

   n         Emf          Eo           X        SX-X          CH         Sig         Vxc        Eqp0        Eqp1       Znk
   1   -3.162926   -3.162926  -16.709751   12.579704   -7.521683  -11.651729  -10.805316   -4.009339   -3.765690    0.712139
   2   -0.662379   -0.662379  -15.063408   11.191239   -7.439320  -11.311489  -10.465433   -1.508435   -1.292475    0.744745
   3    2.577144    2.577144  -13.059531    9.538875   -7.497837  -11.018493  -10.330353    1.889003    2.042022    0.777635
   4    4.300450    4.300450  -13.013288    9.390746   -7.847157  -11.469699  -10.817578    3.648328    3.787540    0.786524
   5    8.028717    8.028717   -5.291617    3.571389   -7.414957   -9.135186   -9.513532    8.407063    8.328926    0.793479
   6   10.550794   10.550794   -5.375473    3.639756   -7.989979   -9.725695  -10.157898   10.982996   10.888568    0.781518
   7   10.796166   10.796166   -4.866198    3.299911   -7.829818   -9.396105   -9.952751   11.352811   11.229649    0.778743
   8   13.504683   13.504683   -4.117072    2.809977   -8.078269   -9.385364   -9.960967   14.080285   13.941939    0.759649
   9   14.265006   14.265006   -3.900478    2.722239   -8.257343   -9.435582   -9.941009   14.770432   14.644886    0.751604
  10   14.436414   14.436414   -4.014142    2.769468   -8.013202   -9.257876   -9.984350   15.162887   14.987318    0.758326
  11   17.476191   17.476191   -2.587980    2.262676   -7.873873   -8.199178   -8.686505   17.963519   17.839759    0.746045
  12   20.024006   20.024006   -3.252734    2.791016   -9.213067   -9.674786  -10.385279   20.734499   20.523416    0.702906
  13   20.360669   20.360669   -3.171684    2.926019   -9.589984   -9.835650  -10.261946   20.786965   20.656793    0.694645
  14   20.974246   20.974246   -3.241037    3.045590   -9.706677   -9.902124  -10.497999   21.570121   21.383460    0.686745
 
       k =  0.000000  0.200000  0.800000 ik =   7 spin = 1

   n         Emf          Eo           X        SX-X          CH         Sig         Vxc        Eqp0        Eqp1       Znk
   1   -4.544457   -4.544457  -17.063947   13.035840   -7.326272  -11.354379  -10.567988   -5.330849   -5.091032    0.695042
   2    1.570562    1.570562  -14.354777   10.506215   -7.793816  -11.642378  -10.865308    0.793491    0.975338    0.765985
   3    3.003076    3.003076  -12.698898    9.269798   -7.459141  -10.888242  -10.242450    2.357284    2.498328    0.781595
   4    5.167014    5.167014  -12.880691    9.245808   -8.023282  -11.658165  -11.056437    4.565285    4.691481    0.790278
   5    8.875710    8.875710   -5.470773    3.779983   -7.852415   -9.543205   -9.972632    9.305137    9.213895    0.787527
   6    9.989807    9.989807   -5.197484    3.589112   -7.988956   -9.597328  -10.093056   10.485535   10.375892    0.778824
   7   10.257286   10.257286   -5.753030    3.811151   -7.926443   -9.868322  -10.255433   10.644397   10.560748    0.783916
   8   11.664034   11.664034   -4.462928    3.129245   -7.994217   -9.327900   -9.797503   12.133638   12.027630    0.774260
   9   12.132934   12.132934   -4.268356    2.881969   -7.433815   -8.820202   -9.510517   12.823250   12.673125    0.782527
  10   16.546779   16.546779   -2.892951    2.178589   -8.054445   -8.768807   -9.172169   16.950140   16.844592    0.738329
  11   16.665995   16.665995   -4.021002    3.193163   -9.046948   -9.874787  -10.531145   17.322353   17.150081    0.737533
  12   17.832024   17.832024   -2.629370    2.251103   -7.934368   -8.312635   -8.904395   18.423784   18.269829    0.739836
  13   19.677857   19.677857   -2.922842    2.658740   -8.838261   -9.102363   -9.689939   20.265433   20.100796    0.719803
  14   20.796315   20.796315   -2.161577    1.910842   -8.062294   -8.313029   -8.642904   21.126189   21.027171    0.699830
 
       k =  0.000000  0.400000  0.400000 ik =   8 spin = 1

   n         Emf          Eo           X        SX-X          CH         Sig         Vxc        Eqp0        Eqp1       Znk
   1   -3.181128   -3.181128  -16.559219   12.487031   -7.446431  -11.518620  -10.668262   -4.031485   -3.789700    0.715667
   2   -0.112732   -0.112732  -15.351919   11.318813   -7.753889  -11.786995  -10.943022   -0.956705   -0.744080    0.748067
   3    3.319911    3.319911  -13.234108    9.599333   -7.668087  -11.302862  -10.590056    2.607106    2.763161    0.781068
   4    3.319911    3.319911  -13.234108    9.599333   -7.668087  -11.302862  -10.590056    2.607106    2.763161    0.781068
   5    6.542934    6.542934   -5.484444    3.650656   -7.107345   -8.941133   -9.222668    6.824468    6.767603    0.798017
   6    7.269868    7.269868   -4.990643    3.309444   -7.026755   -8.707954   -9.054819    7.616733    7.546723    0.798162
   7   14.444096   14.444096   -4.405186    3.067259   -8.627830   -9.965757  -10.579619   15.057959   14.901526    0.745167
   8   14.444096   14.444096   -4.405186    3.067259   -8.627830   -9.965757  -10.579619   15.057959   14.901526    0.745167
   9   16.870858   16.870858   -3.646245    2.873968   -8.459678   -9.231956  -10.121821   17.760723   17.528781    0.739352
  10   16.975740   16.975740   -4.078205    3.404084   -9.439293  -10.113414  -10.628018   17.490344   17.350291    0.727842
  11   18.527156   18.527156   -3.531128    2.685865   -8.953747   -9.799010  -10.517281   19.245427   19.038920    0.712495
  12   18.527156   18.527156   -3.531128    2.685865   -8.953747   -9.799010  -10.517281   19.245427   19.038920    0.712495
  13   19.505792   19.505792   -2.941858    2.633690   -8.983832   -9.292000   -9.611362   19.825155   19.732382    0.709507
  14   20.658805   20.658805   -3.095287    2.858992   -9.185012   -9.421307  -10.208847   21.446346   21.209293    0.698997
 
       k =  0.000000  0.400000  0.600000 ik =   9 spin = 1

   n         Emf          Eo           X        SX-X          CH         Sig         Vxc        Eqp0        Eqp1       Znk
   1   -1.968015   -1.968015  -16.236867   12.100056   -7.627949  -11.764761  -10.891627   -2.841148   -2.603544    0.727872
   2   -1.373362   -1.373362  -15.837631   11.783673   -7.610712  -11.664670  -10.803633   -2.234399   -2.006222    0.734997
   3    1.932094    1.932094  -12.982498    9.539682   -7.250254  -10.693071   -9.978922    1.217945    1.379606    0.773631
   4    3.438895    3.438895  -13.220404    9.582607   -7.692419  -11.330216  -10.623004    2.731683    2.886006    0.781787
   5    6.990662    6.990662   -5.240448    3.481834   -7.092793   -8.851407   -9.172113    7.311368    7.246558    0.797913
   6    9.113623    9.113623   -5.196888    3.440733   -7.503113   -9.259267   -9.649797    9.504153    9.421705    0.788882
   7   14.050272   14.050272   -4.100384    2.866564   -8.454601   -9.688421  -10.293258   14.655109   14.502409    0.747536
   8   14.586987   14.586987   -4.442369    3.140417   -8.466384   -9.768337  -10.404206   15.222856   15.066702    0.754424
   9   14.603010   14.603010   -4.028121    2.924853   -8.728000   -9.831268  -10.335971   15.107713   14.976631    0.740280
  10   15.075462   15.075462   -4.098981    2.890479   -8.097721   -9.306223  -10.093036   15.862275   15.672813    0.759203
  11   20.029772   20.029772   -3.240995    2.976607   -9.658991   -9.923378  -10.306798   20.413192   20.297357    0.697892
  12   20.394583   20.394583   -3.341219    2.935802   -9.310640   -9.716058  -10.544189   21.222714   20.972751    0.698160
  13   20.704060   20.704060   -3.179018    3.012186   -9.597063   -9.763895  -10.445321   21.385486   21.169811    0.683494
  14   21.569437   21.569437   -3.215024    3.254227   -9.912076   -9.872873  -10.383383   22.079946   21.921717    0.690055
 
       k =  0.200000  0.400000  0.600000 ik =  10 spin = 1

   n         Emf          Eo           X        SX-X          CH         Sig         Vxc        Eqp0        Eqp1       Znk
   1   -2.736391   -2.736391  -16.481154   12.372129   -7.531275  -11.640300  -10.780716   -3.595975   -3.353744    0.718201
   2   -0.494398   -0.494398  -15.535100   11.473445   -7.724606  -11.786261  -10.928475   -1.352184   -1.133195    0.744704
   3    2.018845    2.018845  -12.992892    9.536136   -7.280814  -10.737570  -10.024534    1.305809    1.466762    0.774271
   4    3.011444    3.011444  -12.759441    9.292154   -7.461467  -10.928754  -10.261680    2.344370    2.490055    0.781606
   5    9.360297    9.360297   -5.316078    3.533789   -7.634431   -9.416719   -9.816753    9.760330    9.675033    0.786776
   6    9.724629    9.724629   -4.971175    3.249693   -7.361728   -9.083211   -9.495043   10.136461   10.049696    0.789320
   7   10.405636   10.405636   -5.049209    3.487084   -8.026142   -9.588267  -10.081749   10.899119   10.790278    0.779444
   8   13.726297   13.726297   -4.134163    2.847373   -8.192946   -9.479736  -10.066048   14.312609   14.170228    0.757158
   9   14.394316   14.394316   -4.430343    3.072061   -8.539175   -9.897457  -10.528155   15.025014   14.867820    0.750761
  10   16.134498   16.134498   -3.922774    2.936284   -8.650582   -9.637073  -10.329839   16.827265   16.651510    0.746299
  11   19.192688   19.192688   -3.401151    2.821847   -9.244750   -9.824055  -10.479657   19.848290   19.651668    0.700089
  12   20.279203   20.279203   -2.707296    2.447295   -8.705142   -8.965143   -9.414871   20.728931   20.597409    0.707553
  13   20.362593   20.362593   -2.360393    2.193397   -8.324161   -8.491157   -8.889874   20.761309   20.645303    0.709051
  14   21.485160   21.485160   -3.285734    3.242405   -9.940575   -9.983904  -10.627469   22.128725   21.933679    0.696929
 

================================================================================

    n = band index.
  Emf = "inner" mean-field energy eigenvalue used to construct Sigma(E),
        read from WFN_inner.
   Eo = "outer" mean-field energy eigenvalue where we center the evaluation
        frequency grid {E} of Sigma(E). Defaults to Emf, unless
        you use WFN_outer and eqp_outer.dat / scissors_outer.
  Vxc = exchange-correlation pot., calculated from VXC or read from vxc.dat.
    X = bare exchange.
   SX = screened exchange contrib. to Sigma(E) at energy E=Eo
   CH = Coulomb hole contrib. to Sigma(E) at energy E=Eo
  Cor = SX-X + CH = correlation portion of Sigma(E) at energy E=Eo.
  Sig = X + Cor = self energy, Sigma(E), at energy E=Eo.
 Eqp0 = Emf - Vxc + Sig(Eo)
        (Eqp0 is the on-shell QP energy, not recommended for direct usage)
 Eqp1 = Eqp0 + (dSig/dE) / (1 - dSig/dE) * (Eqp0 - Eo)
        (Eqp1 is the off-shell QP energy obtained by solving the linearized
         Dyson`s equation, and is the recommended quantity for QP properties.)
  Znk = quasiparticle renormalization factor

 Notes on the finite_difference_form from sigma.inp file:
   none    : -2 => dSig/dE = 0 (skip the expansion)
   backward: -1 => dSig/dE = (Sig(Eo) - Sig(Eo-dE)) / dE
   central :  0 => dSig/dE = (Sig(Eo+dE) - Sig(Eo-dE)) / (2*dE)
   forward :  1 => dSig/dE = (Sig(Eo+dE) - Sig(Eo)) / dE
   default :  2 => forward for diagonal and none for off-diagonal
   dE is finite_difference_spacing from Sigma.inp file.
   We are using the form #2 with dE = 1.000 eV.

 General notes:
 - All energies are reported here in eV.
 - Both Emf and Vxc contain the average pot. Vxc0, so Vxc0 doesn`t affect Sigma.
 - Eqp1 and Eqp0 are Eqs. (36-37) from Hybertsen & Louie PRB 34 5390.
 - We recommend you use Eqp1 for QP properties of materials.

================================================================================

