
 BerkeleyGW trunk revision 6984
 Sigma code, Real version, run on 15-Apr-2016 at 15:40:28 -0700

                                                                 ..o.          
                                                                .oxxo.         
                                                               .oxxxxo...      
                                                               oxxxxxxo.       
                                                              .oxxxxxxx.       
                                                              .ooooooxxo..     
                                                              .oooooooxo..     
                                                              .oooooxxo...     
                                                       .........oxooo......    
                                                 ............................  
                                             ................................. 
                                          .................................... 
           .          ..oo. ....  .................................oooxxxxxxxo.
     .............oxxxx@ox@@@x@x.....................o...........ooooooooooxx. 
    .o.........oox@x.oo........xxx@@............ooxxxxo..........ooooxxxxxoxo  
    .x........x@xxo...............o@xxo........oxxx@@@xoooooooooooooooxxxo...  
    .o......ox@@o..................oox@o.....ooxxx@xoooxxxxxxxoooooooooooo.... 
    o..ooooo@@xoooo....ooo...........x@o.....ooxxxxo   .oxxxxxxxxxxooooooo.... 
    . .oooo@@@@@@@@@@@@@@@@@@@@@@@@@@@@@@....ooooox.     .oxx@@@@@xxoo........ 
      .ooooxxxxxxxooooooxooooooooooooooxo...oooooxx.        ..ox@xxxoo.........
      .ooooooxxxx@xoooooooooooooxxoooooooooooxxxxx.            .oxxooooooooxxo.
     .oooooxxxxx@@@xxxxxxxxxxxxxxxxxxxxxxxxoxxxxo.                .oxxxxxxxxo. 
   ....oooxxxxx@@@xo..oxxx@@@@@@xxxxoxxoooooooxx.                  .oxxxoo..   
  .....ooxxxx@@xo.       ........    .ooooooooxxo                              
  ..oooxxxx@@@o                       .oooooooxoo.                             
  ....oxooxxxxx.                       .ooo..oooo.                             
  .....o.ooxxxxxo.                     .oooooooxo.                             
 ......ooooxxxxxxo.                     .ooooooxoo..                           
........ooxxxxxxxo..                     .o....oxoo...                         
.......ooooxxxxxxxo.                     ........oooo.                         
.ooooooo..ooxxxxoooo.                    .........ooo...                       
..oxo...ooooxxxoooo..                    .ooo......oooo...                     
  .ooooo....o.                            .oxxxoo....ooo....                   
    .oooooo...                              ...ooooo...ooo..                   
       ...                                     .oo.......                      
                                               ....ooo...                      
                      __              __                                       
 ______              [  |            [  |                 ._____  _          _ 
|_   _ \              | |  _          | |                /  ___ \| |        | |
  | |_) | .---.  _. _.| | / |  .---.  | | .---.  _    _ / /    \_|\ \  /\  / / 
  |  __'./ /__\\[ /`\_| '' <  / /__\\ | |/ /__\\| \  | | |   _____ \ \/  \/ /  
 _| |__| | \__. | |   | |`\ \ | \___. | || \___. \ \/ / \ \.___| |  \  /\  /   
|_______/ \.__./[_]  [__|  \_] \.__./[___]\.__./  \  /   \.____./    \/  \/    
                                                  / /                          
                                                 /_/                           
--------------------------------------------------------------------------------
 Please cite the following papers when using results from BerkeleyGW:

 Jack Deslippe, Georgy Samsonidze, David A. Strubbe, Manish Jain, Marvin L.
 Cohen, and Steven G. Louie, "BerkeleyGW: A Massively Parallel Computer Package
 for the Calculation of the Quasiparticle and Optical Properties of Materials
 and Nanostructures," Comput. Phys. Commun. 183, 1269 (2012)

 Mark S. Hybertsen and Steven G. Louie, "Electron correlation in semiconductors
 and insulators: Band gaps and quasiparticle energies," Phys. Rev. B 34, 5390
 (1986)

 Michael Rohlfing and Steven G. Louie, "Electron-hole excitations and optical
 spectra from first principles," Phys. Rev. B 62, 4927 (2000)
--------------------------------------------------------------------------------

 Running MPI version (parallel)
 Running with 32 MPI task(s)
 Using OpenMP. Number of threads per MPI task: 1

 Compilation flags:
 - Compiler: INTEL
 - Para. flags: MPI, OMP
 - Math  flags: USESCALAPACK, UNPACKED, USEFFTW3, HDF5
 - Debug flags: 

 Using the Generalized Plasmon Pole model

 We are communicating via MPI

 Computing CH as a partial sum over empty bands

 Running with semiconductor screening

 We are using no truncation

 Cutoff for Monte-Carlo average of Coulomb potential:    1.000E+12 Ry

 Reading exchange-correlation matrix elements from vxc.dat file

 Treating W within the Hybertsen-Louie Generalized Plasmon Pole model
 
 Memory available: 3927.6 MB per PE
 
 Read from eps0mat.h5:
 - Number of G-vectors in the charge-density grid: 4573
 - Max. number of G-vectors for dielectric matrices: 137
 - Cutoff of the dielectric matrix (Ry): 10.000
 - Number of imaginary frequencies: 0
 - Total number of frequencies: 1
 - Frequency dependence: 0
 - Number of q-points: 1
 - Q grid: 5 5 5
 
 Read from epsmat.h5:
 - Number of G-vectors in the charge-density grid: 4573
 - Max. number of G-vectors for dielectric matrices: 150
 - Cutoff of the dielectric matrix: 10.000
 - Number of imaginary frequencies: 0
 - Total number of frequencies: 1
 - Frequency dependence: 0
 - Number of q-points: 9
 - Q grid: 5 5 5
 
 Reading header of WFN_inner
 Highest occupied band (unshifted grid) = 4
 Valence max    (unshifted grid) = 6.006978 eV
 Conduction min (unshifted grid) = 6.542934 eV
 Middle energy  (unshifted grid) = 6.274956 eV
 Fermi  energy  (unshifted grid) = 6.274956 eV

 
 Calculation parameters:
 - Cutoff of the bare Coulomb interaction (Ry): 25.00
 - Cutoff of the screened Coulomb interaction (Ry): 10.00
 - Number of G-vectors up to the bare int. cutoff: 537
 - Number of G-vectors up to the screened int. cutoff: 137
 - Total number of bands in the calculation: 32
 - Number of fully occupied valence bands: 4
 - Number of partially occ. conduction bands: 0
 
 Memory required for execution: .9 MB per PE
 Memory required for vcoul: 114.4 MB per PE
 
 Number of electrons per unit cell (from ifmax) = 8.000000
 Number of electrons per unit cell (from occupations) = 8.000000
 Plasma Frequency = 1.220148 Ry

 Q-grid symmetries are being used.
 
 Parallelizatiion report:
 - Using 32 processor(s), 4 pool(s), 8 processor(s) per pool.
 - Each pool is computing 3 to 4 diagonal sigma matrix element(s).
 - Note: distribution is not ideal because the number of diagonal sigma
   matrix elements (14) is not divisible by the number of pools (4).
 - Each pool is computing 0 off-diagonal sigma matrix element(s).
 - Each processor is holding 4 band(s).
 
 
 Started reading wavefunctions (WFN_inner) with 320 state(s) at 15:40:28.
 [ 15:40:28 |   0% ] state   1 / 320.
 [ 15:40:28 |   1% ] state   3 / 320, remaining: 0 s.
 [ 15:40:28 |  10% ] state  32 / 320, remaining: 0 s.
 [ 15:40:28 |  20% ] state  64 / 320, remaining: 0 s.
 [ 15:40:28 |  30% ] state  96 / 320, remaining: 0 s.
 [ 15:40:28 |  40% ] state 128 / 320, remaining: 0 s.
 [ 15:40:28 |  50% ] state 160 / 320, remaining: 0 s.
 [ 15:40:28 |  60% ] state 192 / 320, remaining: 0 s.
 [ 15:40:28 |  70% ] state 224 / 320, remaining: 0 s.
 [ 15:40:28 |  80% ] state 256 / 320, remaining: 0 s.
 [ 15:40:28 |  90% ] state 288 / 320, remaining: 0 s.
 [ 15:40:28 | 100% ] state 320 / 320, remaining: 0 s.
 Finished reading wavefunctions (WFN_inner) at 15:40:28.
 Elapsed time: 0 s.
 

 Scissors parameters
 Valence:    es =   0.0000 eV, e0 =   0.0000 eV, edel =   0.0000
 Conduction: es =   0.0000 eV, e0 =   0.0000 eV, edel =   0.0000

 Scissors parameters (outer)
 Valence:    es =   0.0000 eV, e0 =   0.0000 eV, edel =   0.0000
 Conduction: es =   0.0000 eV, e0 =   0.0000 eV, edel =   0.0000


 Data for sum rule:
 - rho(0,1) = 8.000000 electrons
 - wp = 16.600965 eV

 Number of bands to compute diagonal self-energy matrix elements: 14
 Bands:
 - 1
 - 2
 - 3
 - 4
 - 5
 - 6
 - 7
 - 8
 - 9
 - 10
 - 11
 - 12
 - 13
 - 14
 Number of off-diagonal bands to compute self-energy matrix elements: 0
 

 Total number of frequencies in the dielectric matrix: 1
 Number of imag. frequencies in the dielectric matrix: 0

 
 Started reading eps0mat.h5 with 1 q-point(s) at 15:40:28.
 [ 15:40:28 |   0% ] q-point 1 / 1.
 Finished reading eps0mat.h5 at 15:40:28.
 Elapsed time: 0 s.
 
 
 Started reading epsmat.h5 with 9 q-point(s) at 15:40:28.
 [ 15:40:28 |   0% ] q-point 1 / 9.
 [ 15:40:28 |  11% ] q-point 2 / 9.
 [ 15:40:28 |  22% ] q-point 3 / 9, remaining: 0 s.
 [ 15:40:28 |  33% ] q-point 4 / 9, remaining: 0 s.
 [ 15:40:28 |  44% ] q-point 5 / 9, remaining: 0 s.
 [ 15:40:28 |  56% ] q-point 6 / 9, remaining: 0 s.
 [ 15:40:28 |  67% ] q-point 7 / 9, remaining: 0 s.
 [ 15:40:28 |  78% ] q-point 8 / 9, remaining: 0 s.
 [ 15:40:28 |  89% ] q-point 9 / 9, remaining: 0 s.
 Finished reading epsmat.h5 at 15:40:28.
 Elapsed time: 0 s.
 
 k+G sampling:   0.346410  0.326599  0.305505 (reciprocal lattice units)
 
================================================================================
 15:40:28   Dealing with k =  0.000000  0.000000  0.000000                1 / 10
================================================================================

 Reading vxc.dat
 Number of k-points in the irreducible BZ(q) (nrq): 10

               q                     neq      indrq      itrq         kg0

   0.00000   0.00000   0.00000        1        1       48        0   0   0
   0.00000   0.00000   0.20000        8        2       37        0   0   0
   0.00000   0.00000   0.40000        8        3       37        0   0   0
   0.00000   0.20000   0.20000        6        4       38        0   0   0
   0.00000   0.20000   0.40000       24        5       37        0   0   0
   0.00000   0.20000   0.60000       24        6       37        0   0   0
   0.00000   0.20000   0.80000       12        7       37        0   0   0
   0.00000   0.40000   0.40000        6        8       38        0   0   0
   0.00000   0.40000   0.60000       12        9       37        0   0   0
   0.20000   0.40000   0.60000       24       10       26        0   0   0
 
 Started calculating Sigma with 40 block(s) at 15:40:28.
 [ 15:40:29 |   0% ] block  1 / 40.
 [ 15:40:29 |   5% ] block  3 / 40, remaining: 0 s.
 [ 15:40:29 |   8% ] block  4 / 40, remaining: 0 s.
 [ 15:40:30 |  18% ] block  8 / 40, remaining: 1 s.
 [ 15:40:30 |  28% ] block 12 / 40, remaining: 1 s.
 [ 15:40:30 |  38% ] block 16 / 40, remaining: 1 s.
 [ 15:40:30 |  48% ] block 20 / 40, remaining: 1 s.
 [ 15:40:30 |  58% ] block 24 / 40, remaining: 0 s.
 [ 15:40:30 |  68% ] block 28 / 40, remaining: 0 s.
 [ 15:40:30 |  78% ] block 32 / 40, remaining: 0 s.
 [ 15:40:30 |  88% ] block 36 / 40, remaining: 0 s.
 [ 15:40:30 |  98% ] block 40 / 40, remaining: 0 s.
 Finished calculating Sigma at 15:40:30.
 Elapsed time: 2 s.
 
 Unsymmetrized values for ik =   1 spin = 1
 
     n      Emf       Eo      Vxc        X     SX-X       CH      Cor      Sig
     1   -5.896   -5.896  -10.447  -17.514   13.605   -7.217    6.388  -11.126
     2    6.007    6.007  -11.250  -13.414    9.503   -8.074    1.429  -11.985
     3    6.007    6.007  -11.250  -13.006    9.232   -8.100    1.132  -11.874
     4    6.007    6.007  -11.250  -11.964    8.771   -8.365    0.405  -11.559
     5    8.567    8.567  -10.047   -6.413    4.746   -8.069   -3.323   -9.736
     6    8.567    8.567  -10.047   -5.849    3.882   -7.702   -3.820   -9.669
     7    8.567    8.567  -10.047   -5.177    3.419   -7.754   -4.334   -9.512
     8    9.299    9.299  -10.833   -6.002    4.432   -8.910   -4.477  -10.480
     9   13.710   13.710   -8.089   -2.700    1.959   -7.063   -5.104   -7.804
    10   13.797   13.797  -10.063   -4.386    3.073   -7.876   -4.803   -9.190
    11   13.797   13.797  -10.063   -4.257    3.105   -7.999   -4.895   -9.151
    12   17.165   17.165   -8.537   -2.325    2.368   -8.066   -5.697   -8.023
    13   17.165   17.165   -8.537   -2.421    1.752   -7.464   -5.713   -8.134
    14   17.165   17.165   -8.537   -2.181    1.420   -7.344   -5.924   -8.106

 Symmetrized values from band-averaging:

       k =  0.000000  0.000000  0.000000 ik =   1 spin = 1

     n      Emf       Eo      Vxc        X      Cor     Eqp0     Eqp1      Znk
     1   -5.896   -5.896  -10.447  -17.514    6.388   -6.575   -6.354    0.675
     2    6.007    6.007  -11.250  -12.795    0.989    5.451    5.566    0.794
     3    6.007    6.007  -11.250  -12.795    0.989    5.451    5.566    0.794
     4    6.007    6.007  -11.250  -12.795    0.989    5.451    5.566    0.794
     5    8.567    8.567  -10.047   -5.813   -3.826    8.976    8.888    0.786
     6    8.567    8.567  -10.047   -5.813   -3.826    8.976    8.888    0.786
     7    8.567    8.567  -10.047   -5.813   -3.826    8.976    8.888    0.786
     8    9.299    9.299  -10.833   -6.002   -4.477    9.652    9.574    0.781
     9   13.710   13.710   -8.089   -2.700   -5.104   13.996   13.932    0.777
    10   13.797   13.797  -10.063   -4.321   -4.849   14.690   14.486    0.771
    11   13.797   13.797  -10.063   -4.321   -4.849   14.690   14.486    0.771
    12   17.165   17.165   -8.537   -2.309   -5.778   17.615   17.498    0.741
    13   17.165   17.165   -8.537   -2.309   -5.778   17.615   17.498    0.741
    14   17.165   17.165   -8.537   -2.309   -5.778   17.615   17.498    0.741
 
================================================================================
 15:40:30   Dealing with k =  0.000000  0.000000  0.200000                2 / 10
================================================================================

 Reading vxc.dat
 Number of k-points in the irreducible BZ(q) (nrq): 35

               q                     neq      indrq      itrq         kg0

   0.00000   0.00000   0.00000        1        1       48        0   0   0
   0.00000   0.00000   0.20000        1        2       37        0   0   0
   0.80000   0.80000   0.80000        3        2       39        1   1   1
   0.20000   0.20000   0.20000        3        2       47        0   0   0
   0.00000   0.00000   0.80000        1        2       48        0   0   1
   0.00000   0.00000   0.40000        1        3       37        0   0   0
   0.60000   0.60000   0.60000        3        3       39        1   1   1
   0.40000   0.40000   0.40000        3        3       47        0   0   0
   0.00000   0.00000   0.60000        1        3       48        0   0   1
   0.00000   0.20000   0.20000        3        4       38        0   0   0
   0.00000   0.80000   0.80000        3        4       40        0   1   1
   0.00000   0.20000   0.40000        3        5       37        0   0   0
   0.80000   0.60000   0.60000        6        5       39        1   1   1
   0.00000   0.40000   0.20000        3        5       38        0   0   0
   0.40000   0.20000   0.40000        6        5       44        0   0   0
   0.80000   0.00000   0.60000        3        5       43        1   0   1
   0.60000   0.00000   0.80000        3        5       41        1   0   1
   0.00000   0.20000   0.60000        3        6       37        0   0   0
   0.60000   0.40000   0.40000        6        6       39        1   1   1
   0.00000   0.60000   0.20000        3        6       38        0   0   0
   0.60000   0.40000   0.60000        6        6       44        0   0   0
   0.80000   0.00000   0.40000        3        6       43        1   0   1
   0.40000   0.00000   0.80000        3        6       41        1   0   1
   0.00000   0.20000   0.80000        3        7       37        0   0   0
   0.40000   0.20000   0.20000        6        7       39        1   1   1
   0.00000   0.80000   0.20000        3        7       38        0   0   0
   0.00000   0.40000   0.40000        3        8       38        0   0   0
   0.00000   0.60000   0.60000        3        8       40        0   1   1
   0.00000   0.40000   0.60000        3        9       37        0   0   0
   0.80000   0.40000   0.40000        6        9       39        1   1   1
   0.00000   0.60000   0.40000        3        9       38        0   0   0
   0.20000   0.40000   0.60000        6       10       26        0   0   0
   0.80000   0.60000   0.40000        6       10       25        1   1   1
   0.20000   0.60000   0.80000        6       10       28        0   1   1
   0.80000   0.40000   0.20000        6       10       27        1   0   0
 
 Started calculating Sigma with 140 block(s) at 15:40:30.
 [ 15:40:30 |   0% ] block   1 / 140.
 [ 15:40:30 |   1% ] block   3 / 140, remaining: 1 s.
 [ 15:40:31 |   9% ] block  14 / 140, remaining: 3 s.
 [ 15:40:31 |  19% ] block  28 / 140, remaining: 3 s.
 [ 15:40:32 |  29% ] block  42 / 140, remaining: 3 s.
 [ 15:40:32 |  39% ] block  56 / 140, remaining: 2 s.
 [ 15:40:32 |  49% ] block  70 / 140, remaining: 2 s.
 [ 15:40:33 |  59% ] block  84 / 140, remaining: 1 s.
 [ 15:40:33 |  69% ] block  98 / 140, remaining: 1 s.
 [ 15:40:33 |  79% ] block 112 / 140, remaining: 1 s.
 [ 15:40:34 |  89% ] block 126 / 140, remaining: 0 s.
 [ 15:40:34 |  99% ] block 140 / 140, remaining: 0 s.
 Finished calculating Sigma at 15:40:34.
 Elapsed time: 4 s.
 
 Unsymmetrized values for ik =   2 spin = 1
 
     n      Emf       Eo      Vxc        X     SX-X       CH      Cor      Sig
     1   -5.377   -5.377  -10.489  -17.338   13.358   -7.248    6.110  -11.228
     2    3.017    3.017  -10.729  -13.351    9.707   -7.771    1.937  -11.414
     3    5.431    5.431  -11.059  -12.756    9.178   -8.048    1.131  -11.625
     4    5.431    5.431  -11.059  -12.712    9.124   -8.043    1.082  -11.630
     5    8.192    8.192  -10.130   -5.902    4.077   -7.955   -3.878   -9.780
     6    9.361    9.361  -10.169   -6.090    4.245   -7.968   -3.722   -9.812
     7    9.361    9.361  -10.169   -5.280    3.534   -7.892   -4.358   -9.638
     8   11.926   11.926  -10.640   -5.352    3.888   -8.753   -4.865  -10.217
     9   13.082   13.082   -9.650   -4.228    2.840   -7.558   -4.719   -8.947
    10   13.082   13.082   -9.650   -3.968    2.801   -7.662   -4.861   -8.829
    11   14.953   14.953   -8.254   -2.544    1.939   -7.307   -5.368   -7.912
    12   16.780   16.780   -8.564   -2.532    2.130   -7.750   -5.619   -8.151
    13   19.691   19.691   -9.225   -2.505    2.493   -8.590   -6.097   -8.602
    14   19.691   19.691   -9.225   -2.455    2.097   -8.421   -6.324   -8.779

 Symmetrized values from band-averaging:

       k =  0.000000  0.000000  0.200000 ik =   2 spin = 1

     n      Emf       Eo      Vxc        X      Cor     Eqp0     Eqp1      Znk
     1   -5.377   -5.377  -10.489  -17.338    6.110   -6.116   -5.883    0.685
     2    3.017    3.017  -10.729  -13.351    1.937    2.333    2.484    0.779
     3    5.431    5.431  -11.059  -12.734    1.106    4.862    4.981    0.792
     4    5.431    5.431  -11.059  -12.734    1.106    4.862    4.981    0.792
     5    8.192    8.192  -10.130   -5.902   -3.878    8.542    8.469    0.789
     6    9.361    9.361  -10.169   -5.685   -4.040    9.806    9.710    0.783
     7    9.361    9.361  -10.169   -5.685   -4.040    9.806    9.710    0.783
     8   11.926   11.926  -10.640   -5.352   -4.865   12.348   12.251    0.771
     9   13.082   13.082   -9.650   -4.098   -4.790   13.845   13.674    0.777
    10   13.082   13.082   -9.650   -4.098   -4.790   13.845   13.674    0.777
    11   14.953   14.953   -8.254   -2.544   -5.368   15.295   15.213    0.759
    12   16.780   16.780   -8.564   -2.532   -5.619   17.193   17.090    0.749
    13   19.691   19.691   -9.225   -2.480   -6.211   20.226   20.070    0.708
    14   19.691   19.691   -9.225   -2.480   -6.211   20.226   20.070    0.708
 
================================================================================
 15:40:34   Dealing with k =  0.000000  0.000000  0.400000                3 / 10
================================================================================

 Reading vxc.dat
 Number of k-points in the irreducible BZ(q) (nrq): 35

               q                     neq      indrq      itrq         kg0

   0.00000   0.00000   0.00000        1        1       48        0   0   0
   0.00000   0.00000   0.20000        1        2       37        0   0   0
   0.80000   0.80000   0.80000        3        2       39        1   1   1
   0.20000   0.20000   0.20000        3        2       47        0   0   0
   0.00000   0.00000   0.80000        1        2       48        0   0   1
   0.00000   0.00000   0.40000        1        3       37        0   0   0
   0.60000   0.60000   0.60000        3        3       39        1   1   1
   0.40000   0.40000   0.40000        3        3       47        0   0   0
   0.00000   0.00000   0.60000        1        3       48        0   0   1
   0.00000   0.20000   0.20000        3        4       38        0   0   0
   0.00000   0.80000   0.80000        3        4       40        0   1   1
   0.00000   0.20000   0.40000        3        5       37        0   0   0
   0.80000   0.60000   0.60000        6        5       39        1   1   1
   0.00000   0.40000   0.20000        3        5       38        0   0   0
   0.40000   0.20000   0.40000        6        5       44        0   0   0
   0.80000   0.00000   0.60000        3        5       43        1   0   1
   0.60000   0.00000   0.80000        3        5       41        1   0   1
   0.00000   0.20000   0.60000        3        6       37        0   0   0
   0.60000   0.40000   0.40000        6        6       39        1   1   1
   0.00000   0.60000   0.20000        3        6       38        0   0   0
   0.60000   0.40000   0.60000        6        6       44        0   0   0
   0.80000   0.00000   0.40000        3        6       43        1   0   1
   0.40000   0.00000   0.80000        3        6       41        1   0   1
   0.00000   0.20000   0.80000        3        7       37        0   0   0
   0.40000   0.20000   0.20000        6        7       39        1   1   1
   0.00000   0.80000   0.20000        3        7       38        0   0   0
   0.00000   0.40000   0.40000        3        8       38        0   0   0
   0.00000   0.60000   0.60000        3        8       40        0   1   1
   0.00000   0.40000   0.60000        3        9       37        0   0   0
   0.80000   0.40000   0.40000        6        9       39        1   1   1
   0.00000   0.60000   0.40000        3        9       38        0   0   0
   0.20000   0.40000   0.60000        6       10       26        0   0   0
   0.80000   0.60000   0.40000        6       10       25        1   1   1
   0.20000   0.60000   0.80000        6       10       28        0   1   1
   0.80000   0.40000   0.20000        6       10       27        1   0   0
 
 Started calculating Sigma with 140 block(s) at 15:40:34.
 [ 15:40:34 |   0% ] block   1 / 140.
 [ 15:40:34 |   1% ] block   3 / 140, remaining: 1 s.
 [ 15:40:34 |   9% ] block  14 / 140, remaining: 3 s.
 [ 15:40:35 |  19% ] block  28 / 140, remaining: 3 s.
 [ 15:40:35 |  29% ] block  42 / 140, remaining: 3 s.
 [ 15:40:36 |  39% ] block  56 / 140, remaining: 2 s.
 [ 15:40:36 |  49% ] block  70 / 140, remaining: 2 s.
 [ 15:40:36 |  59% ] block  84 / 140, remaining: 2 s.
 [ 15:40:37 |  69% ] block  98 / 140, remaining: 1 s.
 [ 15:40:37 |  79% ] block 112 / 140, remaining: 1 s.
 [ 15:40:37 |  89% ] block 126 / 140, remaining: 0 s.
 [ 15:40:38 |  99% ] block 140 / 140, remaining: 0 s.
 Finished calculating Sigma at 15:40:38.
 Elapsed time: 4 s.
 
 Unsymmetrized values for ik =   3 spin = 1
 
     n      Emf       Eo      Vxc        X     SX-X       CH      Cor      Sig
     1   -4.009   -4.009  -10.672  -16.944   12.867   -7.410    5.458  -11.486
     2   -0.242   -0.242  -10.356  -14.713   10.920   -7.392    3.528  -11.185
     3    4.886    4.886  -11.005  -12.971    9.298   -7.969    1.329  -11.642
     4    4.886    4.886  -11.005  -13.049    9.430   -8.007    1.423  -11.626
     5    7.591    7.591  -10.109   -6.038    4.158   -7.909   -3.751   -9.789
     6    9.417    9.417   -9.776   -5.175    3.508   -7.598   -4.090   -9.265
     7    9.417    9.417   -9.776   -5.120    3.477   -7.636   -4.158   -9.278
     8   13.683   13.683   -8.216   -2.566    1.697   -7.007   -5.310   -7.876
     9   14.993   14.993  -10.005   -3.965    2.807   -8.197   -5.390   -9.355
    10   14.993   14.993  -10.005   -3.833    2.666   -7.993   -5.327   -9.160
    11   15.862   15.862   -9.944   -3.827    3.062   -8.719   -5.657   -9.484
    12   19.158   19.158  -10.249   -3.238    2.539   -8.963   -6.424   -9.662
    13   19.158   19.158  -10.249   -3.296    2.892   -9.063   -6.171   -9.467
    14   19.683   19.683   -9.953   -3.059    2.757   -9.324   -6.567   -9.626

 Symmetrized values from band-averaging:

       k =  0.000000  0.000000  0.400000 ik =   3 spin = 1

     n      Emf       Eo      Vxc        X      Cor     Eqp0     Eqp1      Znk
     1   -4.009   -4.009  -10.672  -16.944    5.458   -4.823   -4.581    0.703
     2   -0.242   -0.242  -10.356  -14.713    3.528   -1.070   -0.862    0.749
     3    4.886    4.886  -11.005  -13.010    1.376    4.258    4.390    0.789
     4    4.886    4.886  -11.005  -13.010    1.376    4.258    4.390    0.789
     5    7.591    7.591  -10.109   -6.038   -3.751    7.911    7.844    0.792
     6    9.417    9.417   -9.776   -5.147   -4.124    9.921    9.814    0.787
     7    9.417    9.417   -9.776   -5.147   -4.124    9.921    9.814    0.787
     8   13.683   13.683   -8.216   -2.566   -5.310   14.023   13.944    0.766
     9   14.993   14.993  -10.005   -3.899   -5.358   15.740   15.556    0.754
    10   14.993   14.993  -10.005   -3.899   -5.358   15.740   15.556    0.754
    11   15.862   15.862   -9.944   -3.827   -5.657   16.322   16.206    0.748
    12   19.158   19.158  -10.249   -3.267   -6.297   19.842   19.651    0.721
    13   19.158   19.158  -10.249   -3.267   -6.297   19.842   19.651    0.721
    14   19.683   19.683   -9.953   -3.059   -6.567   20.010   19.917    0.714
 
================================================================================
 15:40:38   Dealing with k =  0.000000  0.200000  0.200000                4 / 10
================================================================================

 Reading vxc.dat
 Number of k-points in the irreducible BZ(q) (nrq): 30

               q                     neq      indrq      itrq         kg0

   0.00000   0.00000   0.00000        1        1       48        0   0   0
   0.00000   0.00000   0.20000        4        2       37        0   0   0
   0.80000   0.80000   0.80000        4        2       39        1   1   1
   0.00000   0.00000   0.40000        4        3       37        0   0   0
   0.60000   0.60000   0.60000        4        3       39        1   1   1
   0.00000   0.20000   0.20000        1        4       38        0   0   0
   0.00000   0.80000   0.80000        1        4       40        0   1   1
   0.20000   0.00000   0.20000        4        4       44        0   0   0
   0.00000   0.20000   0.40000        4        5       37        0   0   0
   0.80000   0.60000   0.60000        4        5       39        1   1   1
   0.40000   0.20000   0.40000        8        5       44        0   0   0
   0.80000   0.00000   0.60000        8        5       43        1   0   1
   0.00000   0.20000   0.60000        4        6       37        0   0   0
   0.60000   0.40000   0.40000        4        6       39        1   1   1
   0.60000   0.40000   0.60000        8        6       44        0   0   0
   0.80000   0.00000   0.40000        8        6       43        1   0   1
   0.00000   0.20000   0.80000        4        7       37        0   0   0
   0.80000   0.60000   0.80000        4        7       44        0   0   0
   0.80000   0.00000   0.20000        4        7       43        1   0   1
   0.00000   0.40000   0.40000        1        8       38        0   0   0
   0.00000   0.60000   0.60000        1        8       40        0   1   1
   0.40000   0.00000   0.40000        4        8       44        0   0   0
   0.00000   0.40000   0.60000        4        9       37        0   0   0
   0.60000   0.20000   0.60000        4        9       44        0   0   0
   0.60000   0.00000   0.40000        4        9       43        1   0   1
   0.20000   0.40000   0.60000        4       10       26        0   0   0
   0.80000   0.60000   0.40000        4       10       25        1   1   1
   0.40000   0.20000   0.60000        4       10       30        0   0   0
   0.60000   0.80000   0.40000        4       10       29        1   1   1
   0.20000   0.40000   0.80000        8       10       36        0   0   1
 
 Started calculating Sigma with 120 block(s) at 15:40:38.
 [ 15:40:38 |   0% ] block   1 / 120.
 [ 15:40:38 |   2% ] block   3 / 120, remaining: 1 s.
 [ 15:40:38 |   9% ] block  12 / 120, remaining: 3 s.
 [ 15:40:38 |  19% ] block  24 / 120, remaining: 2 s.
 [ 15:40:39 |  29% ] block  36 / 120, remaining: 2 s.
 [ 15:40:39 |  39% ] block  48 / 120, remaining: 2 s.
 [ 15:40:39 |  49% ] block  60 / 120, remaining: 2 s.
 [ 15:40:40 |  59% ] block  72 / 120, remaining: 1 s.
 [ 15:40:40 |  69% ] block  84 / 120, remaining: 1 s.
 [ 15:40:40 |  79% ] block  96 / 120, remaining: 1 s.
 [ 15:40:41 |  89% ] block 108 / 120, remaining: 0 s.
 [ 15:40:41 |  99% ] block 120 / 120, remaining: 0 s.
 Finished calculating Sigma at 15:40:41.
 Elapsed time: 3 s.
 
 Unsymmetrized values for ik =   4 spin = 1
 
     n      Emf       Eo      Vxc        X     SX-X       CH      Cor      Sig
     1   -5.200   -5.200  -10.500  -17.275   13.286   -7.263    6.023  -11.252
     2    3.416    3.416  -11.146  -13.620    9.867   -8.072    1.795  -11.825
     3    4.524    4.524  -10.762  -12.829    9.273   -7.827    1.447  -11.382
     4    4.524    4.524  -10.762  -12.673    9.141   -7.823    1.317  -11.356
     5    7.436    7.436   -9.567   -5.653    3.816   -7.410   -3.594   -9.246
     6    9.848    9.848   -9.566   -4.770    3.284   -7.617   -4.333   -9.103
     7   10.874   10.874  -10.524   -5.493    3.696   -8.222   -4.527  -10.020
     8   10.874   10.874  -10.524   -5.695    3.958   -8.299   -4.341  -10.035
     9   12.990   12.990  -10.457   -4.922    3.659   -8.624   -4.965   -9.887
    10   14.565   14.565  -10.078   -4.127    2.967   -8.024   -5.056   -9.184
    11   16.158   16.158   -8.596   -2.719    2.186   -7.725   -5.539   -8.257
    12   18.360   18.360   -8.768   -2.305    1.955   -7.974   -6.019   -8.324
    13   18.360   18.360   -8.768   -2.297    1.864   -7.845   -5.981   -8.278
    14   18.938   18.938   -8.576   -2.288    2.119   -7.926   -5.807   -8.095

 Symmetrized values from band-averaging:

       k =  0.000000  0.200000  0.200000 ik =   4 spin = 1

     n      Emf       Eo      Vxc        X      Cor     Eqp0     Eqp1      Znk
     1   -5.200   -5.200  -10.500  -17.275    6.023   -5.952   -5.717    0.688
     2    3.416    3.416  -11.146  -13.620    1.795    2.737    2.886    0.780
     3    4.524    4.524  -10.762  -12.751    1.382    3.917    4.045    0.788
     4    4.524    4.524  -10.762  -12.751    1.382    3.917    4.045    0.788
     5    7.436    7.436   -9.567   -5.653   -3.594    7.758    7.691    0.793
     6    9.848    9.848   -9.566   -4.770   -4.333   10.311   10.212    0.787
     7   10.874   10.874  -10.524   -5.594   -4.434   11.370   11.259    0.775
     8   10.874   10.874  -10.524   -5.594   -4.434   11.370   11.259    0.775
     9   12.990   12.990  -10.457   -4.922   -4.965   13.559   13.429    0.772
    10   14.565   14.565  -10.078   -4.127   -5.056   15.459   15.245    0.761
    11   16.158   16.158   -8.596   -2.719   -5.539   16.497   16.412    0.750
    12   18.360   18.360   -8.768   -2.301   -6.000   18.828   18.701    0.728
    13   18.360   18.360   -8.768   -2.301   -6.000   18.828   18.701    0.728
    14   18.938   18.938   -8.576   -2.288   -5.807   19.419   19.289    0.731
 
================================================================================
 15:40:41   Dealing with k =  0.000000  0.200000  0.400000                5 / 10
================================================================================

 Reading vxc.dat
 Number of k-points in the irreducible BZ(q) (nrq): 75

               q                     neq      indrq      itrq         kg0

   0.00000   0.00000   0.00000        1        1       48        0   0   0
   0.00000   0.00000   0.20000        1        2       37        0   0   0
   0.80000   0.80000   0.80000        2        2       39        1   1   1
   0.00000   0.20000   0.00000        1        2       38        0   0   0
   0.20000   0.20000   0.20000        2        2       47        0   0   0
   0.00000   0.00000   0.80000        1        2       48        0   0   1
   0.00000   0.80000   0.00000        1        2       45        0   1   0
   0.00000   0.00000   0.40000        1        3       37        0   0   0
   0.60000   0.60000   0.60000        2        3       39        1   1   1
   0.00000   0.40000   0.00000        1        3       38        0   0   0
   0.40000   0.40000   0.40000        2        3       47        0   0   0
   0.00000   0.00000   0.60000        1        3       48        0   0   1
   0.00000   0.60000   0.00000        1        3       45        0   1   0
   0.00000   0.20000   0.20000        1        4       38        0   0   0
   0.00000   0.80000   0.80000        1        4       40        0   1   1
   0.20000   0.00000   0.20000        2        4       44        0   0   0
   0.80000   0.00000   0.80000        2        4       43        1   0   1
   0.00000   0.20000   0.40000        1        5       37        0   0   0
   0.80000   0.60000   0.60000        2        5       39        1   1   1
   0.00000   0.40000   0.20000        1        5       38        0   0   0
   0.40000   0.20000   0.40000        2        5       44        0   0   0
   0.80000   0.00000   0.60000        2        5       43        1   0   1
   0.20000   0.80000   0.20000        2        5       42        0   1   0
   0.60000   0.00000   0.80000        2        5       41        1   0   1
   0.00000   0.80000   0.60000        1        5       25        0   1   1
   0.00000   0.60000   0.80000        1        5       28        0   1   1
   0.20000   0.40000   0.40000        2        5       26        0   0   0
   0.40000   0.00000   0.20000        2        5       32        0   0   0
   0.80000   0.20000   0.80000        2        5       31        1   0   1
   0.20000   0.00000   0.40000        2        5       30        0   0   0
   0.60000   0.80000   0.60000        2        5       29        1   1   1
   0.00000   0.20000   0.60000        1        6       37        0   0   0
   0.60000   0.40000   0.40000        2        6       39        1   1   1
   0.00000   0.60000   0.20000        1        6       38        0   0   0
   0.60000   0.40000   0.60000        2        6       44        0   0   0
   0.80000   0.00000   0.40000        2        6       43        1   0   1
   0.20000   0.60000   0.20000        2        6       42        0   1   0
   0.40000   0.00000   0.80000        2        6       41        1   0   1
   0.00000   0.80000   0.40000        1        6       25        0   1   1
   0.00000   0.40000   0.80000        1        6       28        0   1   1
   0.40000   0.60000   0.60000        2        6       26        0   0   0
   0.60000   0.00000   0.20000        2        6       32        0   0   0
   0.80000   0.40000   0.80000        2        6       31        1   0   1
   0.20000   0.00000   0.60000        2        6       30        0   0   0
   0.40000   0.60000   0.40000        2        6       29        1   1   1
   0.00000   0.20000   0.80000        1        7       37        0   0   0
   0.40000   0.20000   0.20000        2        7       39        1   1   1
   0.00000   0.80000   0.20000        1        7       38        0   0   0
   0.80000   0.60000   0.80000        2        7       44        0   0   0
   0.80000   0.00000   0.20000        2        7       43        1   0   1
   0.20000   0.40000   0.20000        2        7       42        0   1   0
   0.20000   0.00000   0.80000        2        7       41        1   0   1
   0.00000   0.40000   0.40000        1        8       38        0   0   0
   0.00000   0.60000   0.60000        1        8       40        0   1   1
   0.40000   0.00000   0.40000        2        8       44        0   0   0
   0.60000   0.00000   0.60000        2        8       43        1   0   1
   0.00000   0.40000   0.60000        1        9       37        0   0   0
   0.80000   0.40000   0.40000        2        9       39        1   1   1
   0.00000   0.60000   0.40000        1        9       38        0   0   0
   0.60000   0.20000   0.60000        2        9       44        0   0   0
   0.60000   0.00000   0.40000        2        9       43        1   0   1
   0.40000   0.80000   0.40000        2        9       42        0   1   0
   0.40000   0.00000   0.60000        2        9       41        1   0   1
   0.20000   0.40000   0.60000        2       10       26        0   0   0
   0.80000   0.60000   0.40000        2       10       25        1   1   1
   0.20000   0.60000   0.80000        2       10       28        0   1   1
   0.80000   0.40000   0.20000        2       10       27        1   0   0
   0.40000   0.20000   0.60000        2       10       30        0   0   0
   0.60000   0.80000   0.40000        2       10       29        1   1   1
   0.40000   0.80000   0.20000        2       10       32        0   1   0
   0.60000   0.20000   0.80000        2       10       31        1   0   1
   0.20000   0.40000   0.80000        2       10       36        0   0   1
   0.40000   0.60000   0.80000        2       10       35        1   1   1
   0.60000   0.40000   0.20000        2       10       34        0   0   0
   0.80000   0.60000   0.20000        2       10       33        1   1   0
 
 Started calculating Sigma with 300 block(s) at 15:40:41.
 [ 15:40:41 |   0% ] block   1 / 300.
 [ 15:40:41 |   1% ] block   3 / 300, remaining: 1 s.
 [ 15:40:42 |  10% ] block  30 / 300, remaining: 7 s.
 [ 15:40:42 |  20% ] block  60 / 300, remaining: 6 s.
 [ 15:40:43 |  30% ] block  90 / 300, remaining: 6 s.
 [ 15:40:44 |  40% ] block 120 / 300, remaining: 5 s.
 [ 15:40:45 |  50% ] block 150 / 300, remaining: 4 s.
 [ 15:40:46 |  60% ] block 180 / 300, remaining: 3 s.
 [ 15:40:46 |  70% ] block 210 / 300, remaining: 2 s.
 [ 15:40:47 |  80% ] block 240 / 300, remaining: 2 s.
 [ 15:40:48 |  90% ] block 270 / 300, remaining: 1 s.
 [ 15:40:49 | 100% ] block 300 / 300, remaining: 0 s.
 Finished calculating Sigma at 15:40:49.
 Elapsed time: 8 s.
 
 Unsymmetrized values for ik =   5 spin = 1
 
     n      Emf       Eo      Vxc        X     SX-X       CH      Cor      Sig
     1   -4.056   -4.056  -10.616  -16.902   12.845   -7.375    5.470  -11.432
     2    0.738    0.738  -10.752  -14.660   10.771   -7.677    3.094  -11.566
     3    3.387    3.387  -10.493  -12.795    9.298   -7.636    1.662  -11.133
     4    4.018    4.018  -10.712  -13.005    9.405   -7.773    1.633  -11.372
     5    7.744    7.744   -9.503   -5.461    3.656   -7.359   -3.704   -9.165
     6   10.048   10.048   -9.584   -4.790    3.218   -7.550   -4.332   -9.122
     7   10.890   10.890  -10.377   -5.406    3.721   -8.218   -4.497   -9.903
     8   11.423   11.423  -10.209   -5.008    3.393   -8.026   -4.633   -9.642
     9   16.139   16.139  -10.188   -3.825    2.831   -8.377   -5.545   -9.370
    10   16.298   16.298  -10.070   -3.641    2.764   -8.649   -5.884   -9.525
    11   16.570   16.570   -9.371   -3.190    2.525   -8.244   -5.719   -8.908
    12   18.762   18.762  -10.281   -3.307    2.651   -8.925   -6.273   -9.580
    13   19.280   19.280   -9.263   -2.716    2.341   -8.489   -6.149   -8.865
    14   20.978   20.978   -9.665   -2.759    2.390   -8.770   -6.380   -9.139

 Symmetrized values from band-averaging:

       k =  0.000000  0.200000  0.400000 ik =   5 spin = 1

     n      Emf       Eo      Vxc        X      Cor     Eqp0     Eqp1      Znk
     1   -4.056   -4.056  -10.616  -16.902    5.470   -4.872   -4.627    0.700
     2    0.738    0.738  -10.752  -14.660    3.094   -0.075    0.122    0.758
     3    3.387    3.387  -10.493  -12.795    1.662    2.747    2.886    0.783
     4    4.018    4.018  -10.712  -13.005    1.633    3.358    3.500    0.785
     5    7.744    7.744   -9.503   -5.461   -3.704    8.082    8.013    0.794
     6   10.048   10.048   -9.584   -4.790   -4.332   10.510   10.411    0.786
     7   10.890   10.890  -10.377   -5.406   -4.497   11.364   11.258    0.777
     8   11.423   11.423  -10.209   -5.008   -4.633   11.991   11.863    0.775
     9   16.139   16.139  -10.188   -3.825   -5.545   16.957   16.750    0.748
    10   16.298   16.298  -10.070   -3.641   -5.884   16.842   16.701    0.740
    11   16.570   16.570   -9.371   -3.190   -5.719   17.032   16.913    0.742
    12   18.762   18.762  -10.281   -3.307   -6.273   19.463   19.265    0.718
    13   19.280   19.280   -9.263   -2.716   -6.149   19.678   19.567    0.720
    14   20.978   20.978   -9.665   -2.759   -6.380   21.504   21.340    0.688
 
================================================================================
 15:40:49   Dealing with k =  0.000000  0.200000  0.600000                6 / 10
================================================================================

 Reading vxc.dat
 Number of k-points in the irreducible BZ(q) (nrq): 75

               q                     neq      indrq      itrq         kg0

   0.00000   0.00000   0.00000        1        1       48        0   0   0
   0.00000   0.00000   0.20000        1        2       37        0   0   0
   0.80000   0.80000   0.80000        2        2       39        1   1   1
   0.00000   0.20000   0.00000        1        2       38        0   0   0
   0.20000   0.20000   0.20000        2        2       47        0   0   0
   0.00000   0.00000   0.80000        1        2       48        0   0   1
   0.00000   0.80000   0.00000        1        2       45        0   1   0
   0.00000   0.00000   0.40000        1        3       37        0   0   0
   0.60000   0.60000   0.60000        2        3       39        1   1   1
   0.00000   0.40000   0.00000        1        3       38        0   0   0
   0.40000   0.40000   0.40000        2        3       47        0   0   0
   0.00000   0.00000   0.60000        1        3       48        0   0   1
   0.00000   0.60000   0.00000        1        3       45        0   1   0
   0.00000   0.20000   0.20000        1        4       38        0   0   0
   0.00000   0.80000   0.80000        1        4       40        0   1   1
   0.20000   0.00000   0.20000        2        4       44        0   0   0
   0.80000   0.00000   0.80000        2        4       43        1   0   1
   0.00000   0.20000   0.40000        1        5       37        0   0   0
   0.80000   0.60000   0.60000        2        5       39        1   1   1
   0.00000   0.40000   0.20000        1        5       38        0   0   0
   0.40000   0.20000   0.40000        2        5       44        0   0   0
   0.80000   0.00000   0.60000        2        5       43        1   0   1
   0.20000   0.80000   0.20000        2        5       42        0   1   0
   0.60000   0.00000   0.80000        2        5       41        1   0   1
   0.00000   0.80000   0.60000        1        5       25        0   1   1
   0.00000   0.60000   0.80000        1        5       28        0   1   1
   0.20000   0.40000   0.40000        2        5       26        0   0   0
   0.40000   0.00000   0.20000        2        5       32        0   0   0
   0.80000   0.20000   0.80000        2        5       31        1   0   1
   0.20000   0.00000   0.40000        2        5       30        0   0   0
   0.60000   0.80000   0.60000        2        5       29        1   1   1
   0.00000   0.20000   0.60000        1        6       37        0   0   0
   0.60000   0.40000   0.40000        2        6       39        1   1   1
   0.00000   0.60000   0.20000        1        6       38        0   0   0
   0.60000   0.40000   0.60000        2        6       44        0   0   0
   0.80000   0.00000   0.40000        2        6       43        1   0   1
   0.20000   0.60000   0.20000        2        6       42        0   1   0
   0.40000   0.00000   0.80000        2        6       41        1   0   1
   0.00000   0.80000   0.40000        1        6       25        0   1   1
   0.00000   0.40000   0.80000        1        6       28        0   1   1
   0.40000   0.60000   0.60000        2        6       26        0   0   0
   0.60000   0.00000   0.20000        2        6       32        0   0   0
   0.80000   0.40000   0.80000        2        6       31        1   0   1
   0.20000   0.00000   0.60000        2        6       30        0   0   0
   0.40000   0.60000   0.40000        2        6       29        1   1   1
   0.00000   0.20000   0.80000        1        7       37        0   0   0
   0.40000   0.20000   0.20000        2        7       39        1   1   1
   0.00000   0.80000   0.20000        1        7       38        0   0   0
   0.80000   0.60000   0.80000        2        7       44        0   0   0
   0.80000   0.00000   0.20000        2        7       43        1   0   1
   0.20000   0.40000   0.20000        2        7       42        0   1   0
   0.20000   0.00000   0.80000        2        7       41        1   0   1
   0.00000   0.40000   0.40000        1        8       38        0   0   0
   0.00000   0.60000   0.60000        1        8       40        0   1   1
   0.40000   0.00000   0.40000        2        8       44        0   0   0
   0.60000   0.00000   0.60000        2        8       43        1   0   1
   0.00000   0.40000   0.60000        1        9       37        0   0   0
   0.80000   0.40000   0.40000        2        9       39        1   1   1
   0.00000   0.60000   0.40000        1        9       38        0   0   0
   0.60000   0.20000   0.60000        2        9       44        0   0   0
   0.60000   0.00000   0.40000        2        9       43        1   0   1
   0.40000   0.80000   0.40000        2        9       42        0   1   0
   0.40000   0.00000   0.60000        2        9       41        1   0   1
   0.20000   0.40000   0.60000        2       10       26        0   0   0
   0.80000   0.60000   0.40000        2       10       25        1   1   1
   0.20000   0.60000   0.80000        2       10       28        0   1   1
   0.80000   0.40000   0.20000        2       10       27        1   0   0
   0.40000   0.20000   0.60000        2       10       30        0   0   0
   0.60000   0.80000   0.40000        2       10       29        1   1   1
   0.40000   0.80000   0.20000        2       10       32        0   1   0
   0.60000   0.20000   0.80000        2       10       31        1   0   1
   0.20000   0.40000   0.80000        2       10       36        0   0   1
   0.40000   0.60000   0.80000        2       10       35        1   1   1
   0.60000   0.40000   0.20000        2       10       34        0   0   0
   0.80000   0.60000   0.20000        2       10       33        1   1   0
 
 Started calculating Sigma with 300 block(s) at 15:40:49.
 [ 15:40:49 |   0% ] block   1 / 300.
 [ 15:40:49 |   1% ] block   3 / 300, remaining: 1 s.
 [ 15:40:49 |  10% ] block  30 / 300, remaining: 7 s.
 [ 15:40:50 |  20% ] block  60 / 300, remaining: 6 s.
 [ 15:40:51 |  30% ] block  90 / 300, remaining: 6 s.
 [ 15:40:52 |  40% ] block 120 / 300, remaining: 5 s.
 [ 15:40:53 |  50% ] block 150 / 300, remaining: 4 s.
 [ 15:40:53 |  60% ] block 180 / 300, remaining: 3 s.
 [ 15:40:54 |  70% ] block 210 / 300, remaining: 2 s.
 [ 15:40:55 |  80% ] block 240 / 300, remaining: 2 s.
 [ 15:40:56 |  90% ] block 270 / 300, remaining: 1 s.
 [ 15:40:57 | 100% ] block 300 / 300, remaining: 0 s.
 Finished calculating Sigma at 15:40:57.
 Elapsed time: 8 s.
 
 Unsymmetrized values for ik =   6 spin = 1
 
     n      Emf       Eo      Vxc        X     SX-X       CH      Cor      Sig
     1   -3.163   -3.163  -10.805  -16.710   12.580   -7.522    5.058  -11.652
     2   -0.662   -0.662  -10.465  -15.063   11.191   -7.439    3.752  -11.311
     3    2.577    2.577  -10.330  -13.060    9.539   -7.498    2.041  -11.018
     4    4.300    4.300  -10.818  -13.013    9.391   -7.847    1.544  -11.470
     5    8.029    8.029   -9.514   -5.292    3.571   -7.415   -3.844   -9.135
     6   10.551   10.551  -10.158   -5.375    3.640   -7.990   -4.350   -9.726
     7   10.796   10.796   -9.953   -4.866    3.300   -7.830   -4.530   -9.396
     8   13.505   13.505   -9.961   -4.117    2.810   -8.078   -5.268   -9.385
     9   14.265   14.265   -9.941   -3.900    2.722   -8.257   -5.535   -9.436
    10   14.436   14.436   -9.984   -4.014    2.769   -8.013   -5.244   -9.258
    11   17.476   17.476   -8.687   -2.588    2.263   -7.874   -5.611   -8.199
    12   20.024   20.024  -10.385   -3.253    2.791   -9.213   -6.422   -9.675
    13   20.361   20.361  -10.262   -3.172    2.926   -9.590   -6.664   -9.836
    14   20.974   20.974  -10.498   -3.241    3.046   -9.707   -6.661   -9.902

 Symmetrized values from band-averaging:

       k =  0.000000  0.200000  0.600000 ik =   6 spin = 1

     n      Emf       Eo      Vxc        X      Cor     Eqp0     Eqp1      Znk
     1   -3.163   -3.163  -10.805  -16.710    5.058   -4.009   -3.766    0.712
     2   -0.662   -0.662  -10.465  -15.063    3.752   -1.508   -1.292    0.745
     3    2.577    2.577  -10.330  -13.060    2.041    1.889    2.042    0.778
     4    4.300    4.300  -10.818  -13.013    1.544    3.648    3.788    0.787
     5    8.029    8.029   -9.514   -5.292   -3.844    8.407    8.329    0.793
     6   10.551   10.551  -10.158   -5.375   -4.350   10.983   10.889    0.782
     7   10.796   10.796   -9.953   -4.866   -4.530   11.353   11.230    0.779
     8   13.505   13.505   -9.961   -4.117   -5.268   14.080   13.942    0.760
     9   14.265   14.265   -9.941   -3.900   -5.535   14.770   14.645    0.752
    10   14.436   14.436   -9.984   -4.014   -5.244   15.163   14.987    0.758
    11   17.476   17.476   -8.687   -2.588   -5.611   17.964   17.840    0.746
    12   20.024   20.024  -10.385   -3.253   -6.422   20.734   20.523    0.703
    13   20.361   20.361  -10.262   -3.172   -6.664   20.787   20.657    0.695
    14   20.974   20.974  -10.498   -3.241   -6.661   21.570   21.383    0.687
 
================================================================================
 15:40:57   Dealing with k =  0.000000  0.200000  0.800000                7 / 10
================================================================================

 Reading vxc.dat
 Number of k-points in the irreducible BZ(q) (nrq): 45

               q                     neq      indrq      itrq         kg0

   0.00000   0.00000   0.00000        1        1       48        0   0   0
   0.00000   0.00000   0.20000        2        2       37        0   0   0
   0.80000   0.80000   0.80000        4        2       39        1   1   1
   0.00000   0.20000   0.00000        2        2       38        0   0   0
   0.00000   0.00000   0.40000        2        3       37        0   0   0
   0.60000   0.60000   0.60000        4        3       39        1   1   1
   0.00000   0.40000   0.00000        2        3       38        0   0   0
   0.00000   0.20000   0.20000        2        4       38        0   0   0
   0.20000   0.00000   0.20000        2        4       44        0   0   0
   0.80000   0.00000   0.80000        2        4       43        1   0   1
   0.00000   0.20000   0.40000        2        5       37        0   0   0
   0.80000   0.60000   0.60000        4        5       39        1   1   1
   0.00000   0.40000   0.20000        2        5       38        0   0   0
   0.40000   0.20000   0.40000        4        5       44        0   0   0
   0.80000   0.00000   0.60000        4        5       43        1   0   1
   0.20000   0.80000   0.20000        4        5       42        0   1   0
   0.60000   0.00000   0.80000        4        5       41        1   0   1
   0.00000   0.20000   0.60000        2        6       37        0   0   0
   0.60000   0.40000   0.40000        4        6       39        1   1   1
   0.00000   0.60000   0.20000        2        6       38        0   0   0
   0.60000   0.40000   0.60000        4        6       44        0   0   0
   0.80000   0.00000   0.40000        4        6       43        1   0   1
   0.20000   0.60000   0.20000        4        6       42        0   1   0
   0.40000   0.00000   0.80000        4        6       41        1   0   1
   0.00000   0.20000   0.80000        1        7       37        0   0   0
   0.40000   0.20000   0.20000        2        7       39        1   1   1
   0.00000   0.80000   0.20000        1        7       38        0   0   0
   0.80000   0.60000   0.80000        4        7       44        0   0   0
   0.20000   0.40000   0.20000        4        7       42        0   1   0
   0.00000   0.40000   0.40000        2        8       38        0   0   0
   0.40000   0.00000   0.40000        2        8       44        0   0   0
   0.60000   0.00000   0.60000        2        8       43        1   0   1
   0.00000   0.40000   0.60000        1        9       37        0   0   0
   0.80000   0.40000   0.40000        2        9       39        1   1   1
   0.00000   0.60000   0.40000        1        9       38        0   0   0
   0.60000   0.20000   0.60000        4        9       44        0   0   0
   0.40000   0.80000   0.40000        4        9       42        0   1   0
   0.20000   0.40000   0.60000        4       10       26        0   0   0
   0.80000   0.60000   0.40000        4       10       25        1   1   1
   0.40000   0.20000   0.60000        4       10       30        0   0   0
   0.60000   0.80000   0.40000        4       10       29        1   1   1
   0.20000   0.40000   0.80000        2       10       36        0   0   1
   0.40000   0.60000   0.80000        2       10       35        1   1   1
   0.60000   0.40000   0.20000        2       10       34        0   0   0
   0.80000   0.60000   0.20000        2       10       33        1   1   0
 
 Started calculating Sigma with 180 block(s) at 15:40:57.
 [ 15:40:57 |   0% ] block   1 / 180.
 [ 15:40:57 |   1% ] block   3 / 180, remaining: 1 s.
 [ 15:40:57 |   9% ] block  18 / 180, remaining: 4 s.
 [ 15:40:57 |  19% ] block  36 / 180, remaining: 4 s.
 [ 15:40:58 |  29% ] block  54 / 180, remaining: 3 s.
 [ 15:40:58 |  39% ] block  72 / 180, remaining: 3 s.
 [ 15:40:59 |  49% ] block  90 / 180, remaining: 2 s.
 [ 15:40:59 |  59% ] block 108 / 180, remaining: 2 s.
 [ 15:41:00 |  69% ] block 126 / 180, remaining: 1 s.
 [ 15:41:00 |  79% ] block 144 / 180, remaining: 1 s.
 [ 15:41:01 |  89% ] block 162 / 180, remaining: 1 s.
 [ 15:41:01 |  99% ] block 180 / 180, remaining: 0 s.
 Finished calculating Sigma at 15:41:01.
 Elapsed time: 5 s.
 
 Unsymmetrized values for ik =   7 spin = 1
 
     n      Emf       Eo      Vxc        X     SX-X       CH      Cor      Sig
     1   -4.544   -4.544  -10.568  -17.064   13.036   -7.326    5.710  -11.354
     2    1.571    1.571  -10.865  -14.355   10.506   -7.794    2.712  -11.642
     3    3.003    3.003  -10.242  -12.699    9.270   -7.459    1.811  -10.888
     4    5.167    5.167  -11.056  -12.881    9.246   -8.023    1.223  -11.658
     5    8.876    8.876   -9.973   -5.471    3.780   -7.852   -4.072   -9.543
     6    9.990    9.990  -10.093   -5.197    3.589   -7.989   -4.400   -9.597
     7   10.257   10.257  -10.255   -5.753    3.811   -7.926   -4.115   -9.868
     8   11.664   11.664   -9.798   -4.463    3.129   -7.994   -4.865   -9.328
     9   12.133   12.133   -9.511   -4.268    2.882   -7.434   -4.552   -8.820
    10   16.547   16.547   -9.172   -2.893    2.179   -8.054   -5.876   -8.769
    11   16.666   16.666  -10.531   -4.021    3.193   -9.047   -5.854   -9.875
    12   17.832   17.832   -8.904   -2.629    2.251   -7.934   -5.683   -8.313
    13   19.678   19.678   -9.690   -2.923    2.659   -8.838   -6.180   -9.102
    14   20.796   20.796   -8.643   -2.162    1.911   -8.062   -6.151   -8.313

 Symmetrized values from band-averaging:

       k =  0.000000  0.200000  0.800000 ik =   7 spin = 1

     n      Emf       Eo      Vxc        X      Cor     Eqp0     Eqp1      Znk
     1   -4.544   -4.544  -10.568  -17.064    5.710   -5.331   -5.091    0.695
     2    1.571    1.571  -10.865  -14.355    2.712    0.793    0.975    0.766
     3    3.003    3.003  -10.242  -12.699    1.811    2.357    2.498    0.782
     4    5.167    5.167  -11.056  -12.881    1.223    4.565    4.691    0.790
     5    8.876    8.876   -9.973   -5.471   -4.072    9.305    9.214    0.788
     6    9.990    9.990  -10.093   -5.197   -4.400   10.486   10.376    0.779
     7   10.257   10.257  -10.255   -5.753   -4.115   10.644   10.561    0.784
     8   11.664   11.664   -9.798   -4.463   -4.865   12.134   12.028    0.774
     9   12.133   12.133   -9.511   -4.268   -4.552   12.823   12.673    0.783
    10   16.547   16.547   -9.172   -2.893   -5.876   16.950   16.845    0.738
    11   16.666   16.666  -10.531   -4.021   -5.854   17.322   17.150    0.738
    12   17.832   17.832   -8.904   -2.629   -5.683   18.424   18.270    0.740
    13   19.678   19.678   -9.690   -2.923   -6.180   20.265   20.101    0.720
    14   20.796   20.796   -8.643   -2.162   -6.151   21.126   21.027    0.700
 
================================================================================
 15:41:01   Dealing with k =  0.000000  0.400000  0.400000                8 / 10
================================================================================

 Reading vxc.dat
 Number of k-points in the irreducible BZ(q) (nrq): 30

               q                     neq      indrq      itrq         kg0

   0.00000   0.00000   0.00000        1        1       48        0   0   0
   0.00000   0.00000   0.20000        4        2       37        0   0   0
   0.80000   0.80000   0.80000        4        2       39        1   1   1
   0.00000   0.00000   0.40000        4        3       37        0   0   0
   0.60000   0.60000   0.60000        4        3       39        1   1   1
   0.00000   0.20000   0.20000        1        4       38        0   0   0
   0.00000   0.80000   0.80000        1        4       40        0   1   1
   0.20000   0.00000   0.20000        4        4       44        0   0   0
   0.00000   0.20000   0.40000        4        5       37        0   0   0
   0.80000   0.60000   0.60000        4        5       39        1   1   1
   0.40000   0.20000   0.40000        8        5       44        0   0   0
   0.80000   0.00000   0.60000        8        5       43        1   0   1
   0.00000   0.20000   0.60000        4        6       37        0   0   0
   0.60000   0.40000   0.40000        4        6       39        1   1   1
   0.60000   0.40000   0.60000        8        6       44        0   0   0
   0.80000   0.00000   0.40000        8        6       43        1   0   1
   0.00000   0.20000   0.80000        4        7       37        0   0   0
   0.80000   0.60000   0.80000        4        7       44        0   0   0
   0.80000   0.00000   0.20000        4        7       43        1   0   1
   0.00000   0.40000   0.40000        1        8       38        0   0   0
   0.00000   0.60000   0.60000        1        8       40        0   1   1
   0.40000   0.00000   0.40000        4        8       44        0   0   0
   0.00000   0.40000   0.60000        4        9       37        0   0   0
   0.60000   0.20000   0.60000        4        9       44        0   0   0
   0.60000   0.00000   0.40000        4        9       43        1   0   1
   0.20000   0.40000   0.60000        4       10       26        0   0   0
   0.80000   0.60000   0.40000        4       10       25        1   1   1
   0.40000   0.20000   0.60000        4       10       30        0   0   0
   0.60000   0.80000   0.40000        4       10       29        1   1   1
   0.20000   0.40000   0.80000        8       10       36        0   0   1
 
 Started calculating Sigma with 120 block(s) at 15:41:01.
 [ 15:41:01 |   0% ] block   1 / 120.
 [ 15:41:01 |   2% ] block   3 / 120, remaining: 1 s.
 [ 15:41:01 |   9% ] block  12 / 120, remaining: 3 s.
 [ 15:41:02 |  19% ] block  24 / 120, remaining: 2 s.
 [ 15:41:02 |  29% ] block  36 / 120, remaining: 2 s.
 [ 15:41:02 |  39% ] block  48 / 120, remaining: 2 s.
 [ 15:41:03 |  49% ] block  60 / 120, remaining: 2 s.
 [ 15:41:03 |  59% ] block  72 / 120, remaining: 1 s.
 [ 15:41:03 |  69% ] block  84 / 120, remaining: 1 s.
 [ 15:41:04 |  79% ] block  96 / 120, remaining: 1 s.
 [ 15:41:04 |  89% ] block 108 / 120, remaining: 0 s.
 [ 15:41:04 |  99% ] block 120 / 120, remaining: 0 s.
 Finished calculating Sigma at 15:41:04.
 Elapsed time: 3 s.
 
 Unsymmetrized values for ik =   8 spin = 1
 
     n      Emf       Eo      Vxc        X     SX-X       CH      Cor      Sig
     1   -3.181   -3.181  -10.668  -16.559   12.487   -7.446    5.041  -11.519
     2   -0.113   -0.113  -10.943  -15.352   11.319   -7.754    3.565  -11.787
     3    3.320    3.320  -10.590  -13.260    9.619   -7.666    1.953  -11.306
     4    3.320    3.320  -10.590  -13.209    9.579   -7.670    1.909  -11.300
     5    6.543    6.543   -9.223   -5.484    3.651   -7.107   -3.457   -8.941
     6    7.270    7.270   -9.055   -4.991    3.309   -7.027   -3.717   -8.708
     7   14.444   14.444  -10.580   -4.388    3.041   -8.590   -5.549   -9.937
     8   14.444   14.444  -10.580   -4.422    3.094   -8.666   -5.572   -9.994
     9   16.871   16.871  -10.122   -3.646    2.874   -8.460   -5.586   -9.232
    10   16.976   16.976  -10.628   -4.078    3.404   -9.439   -6.035  -10.113
    11   18.527   18.527  -10.517   -3.550    2.659   -8.916   -6.257   -9.807
    12   18.527   18.527  -10.517   -3.512    2.713   -8.992   -6.279   -9.791
    13   19.506   19.506   -9.611   -2.942    2.634   -8.984   -6.350   -9.292
    14   20.659   20.659  -10.209   -3.095    2.859   -9.185   -6.326   -9.421

 Symmetrized values from band-averaging:

       k =  0.000000  0.400000  0.400000 ik =   8 spin = 1

     n      Emf       Eo      Vxc        X      Cor     Eqp0     Eqp1      Znk
     1   -3.181   -3.181  -10.668  -16.559    5.041   -4.031   -3.790    0.716
     2   -0.113   -0.113  -10.943  -15.352    3.565   -0.957   -0.744    0.748
     3    3.320    3.320  -10.590  -13.234    1.931    2.607    2.763    0.781
     4    3.320    3.320  -10.590  -13.234    1.931    2.607    2.763    0.781
     5    6.543    6.543   -9.223   -5.484   -3.457    6.824    6.768    0.798
     6    7.270    7.270   -9.055   -4.991   -3.717    7.617    7.547    0.798
     7   14.444   14.444  -10.580   -4.405   -5.561   15.058   14.902    0.745
     8   14.444   14.444  -10.580   -4.405   -5.561   15.058   14.902    0.745
     9   16.871   16.871  -10.122   -3.646   -5.586   17.761   17.529    0.739
    10   16.976   16.976  -10.628   -4.078   -6.035   17.490   17.350    0.728
    11   18.527   18.527  -10.517   -3.531   -6.268   19.245   19.039    0.712
    12   18.527   18.527  -10.517   -3.531   -6.268   19.245   19.039    0.712
    13   19.506   19.506   -9.611   -2.942   -6.350   19.825   19.732    0.710
    14   20.659   20.659  -10.209   -3.095   -6.326   21.446   21.209    0.699
 
================================================================================
 15:41:04   Dealing with k =  0.000000  0.400000  0.600000                9 / 10
================================================================================

 Reading vxc.dat
 Number of k-points in the irreducible BZ(q) (nrq): 45

               q                     neq      indrq      itrq         kg0

   0.00000   0.00000   0.00000        1        1       48        0   0   0
   0.00000   0.00000   0.20000        2        2       37        0   0   0
   0.80000   0.80000   0.80000        4        2       39        1   1   1
   0.00000   0.20000   0.00000        2        2       38        0   0   0
   0.00000   0.00000   0.40000        2        3       37        0   0   0
   0.60000   0.60000   0.60000        4        3       39        1   1   1
   0.00000   0.40000   0.00000        2        3       38        0   0   0
   0.00000   0.20000   0.20000        2        4       38        0   0   0
   0.20000   0.00000   0.20000        2        4       44        0   0   0
   0.80000   0.00000   0.80000        2        4       43        1   0   1
   0.00000   0.20000   0.40000        2        5       37        0   0   0
   0.80000   0.60000   0.60000        4        5       39        1   1   1
   0.00000   0.40000   0.20000        2        5       38        0   0   0
   0.40000   0.20000   0.40000        4        5       44        0   0   0
   0.80000   0.00000   0.60000        4        5       43        1   0   1
   0.20000   0.80000   0.20000        4        5       42        0   1   0
   0.60000   0.00000   0.80000        4        5       41        1   0   1
   0.00000   0.20000   0.60000        2        6       37        0   0   0
   0.60000   0.40000   0.40000        4        6       39        1   1   1
   0.00000   0.60000   0.20000        2        6       38        0   0   0
   0.60000   0.40000   0.60000        4        6       44        0   0   0
   0.80000   0.00000   0.40000        4        6       43        1   0   1
   0.20000   0.60000   0.20000        4        6       42        0   1   0
   0.40000   0.00000   0.80000        4        6       41        1   0   1
   0.00000   0.20000   0.80000        1        7       37        0   0   0
   0.40000   0.20000   0.20000        2        7       39        1   1   1
   0.00000   0.80000   0.20000        1        7       38        0   0   0
   0.80000   0.60000   0.80000        4        7       44        0   0   0
   0.20000   0.40000   0.20000        4        7       42        0   1   0
   0.00000   0.40000   0.40000        2        8       38        0   0   0
   0.40000   0.00000   0.40000        2        8       44        0   0   0
   0.60000   0.00000   0.60000        2        8       43        1   0   1
   0.00000   0.40000   0.60000        1        9       37        0   0   0
   0.80000   0.40000   0.40000        2        9       39        1   1   1
   0.00000   0.60000   0.40000        1        9       38        0   0   0
   0.60000   0.20000   0.60000        4        9       44        0   0   0
   0.40000   0.80000   0.40000        4        9       42        0   1   0
   0.20000   0.40000   0.60000        4       10       26        0   0   0
   0.80000   0.60000   0.40000        4       10       25        1   1   1
   0.40000   0.20000   0.60000        4       10       30        0   0   0
   0.60000   0.80000   0.40000        4       10       29        1   1   1
   0.20000   0.40000   0.80000        2       10       36        0   0   1
   0.40000   0.60000   0.80000        2       10       35        1   1   1
   0.60000   0.40000   0.20000        2       10       34        0   0   0
   0.80000   0.60000   0.20000        2       10       33        1   1   0
 
 Started calculating Sigma with 180 block(s) at 15:41:04.
 [ 15:41:04 |   0% ] block   1 / 180.
 [ 15:41:04 |   1% ] block   3 / 180, remaining: 1 s.
 [ 15:41:05 |   9% ] block  18 / 180, remaining: 4 s.
 [ 15:41:05 |  19% ] block  36 / 180, remaining: 4 s.
 [ 15:41:06 |  29% ] block  54 / 180, remaining: 3 s.
 [ 15:41:06 |  39% ] block  72 / 180, remaining: 3 s.
 [ 15:41:07 |  49% ] block  90 / 180, remaining: 2 s.
 [ 15:41:07 |  59% ] block 108 / 180, remaining: 2 s.
 [ 15:41:08 |  69% ] block 126 / 180, remaining: 1 s.
 [ 15:41:08 |  79% ] block 144 / 180, remaining: 1 s.
 [ 15:41:09 |  89% ] block 162 / 180, remaining: 1 s.
 [ 15:41:09 |  99% ] block 180 / 180, remaining: 0 s.
 Finished calculating Sigma at 15:41:09.
 Elapsed time: 5 s.
 
 Unsymmetrized values for ik =   9 spin = 1
 
     n      Emf       Eo      Vxc        X     SX-X       CH      Cor      Sig
     1   -1.968   -1.968  -10.892  -16.237   12.100   -7.628    4.472  -11.765
     2   -1.373   -1.373  -10.804  -15.838   11.784   -7.611    4.173  -11.665
     3    1.932    1.932   -9.979  -12.982    9.540   -7.250    2.289  -10.693
     4    3.439    3.439  -10.623  -13.220    9.583   -7.692    1.890  -11.330
     5    6.991    6.991   -9.172   -5.240    3.482   -7.093   -3.611   -8.851
     6    9.114    9.114   -9.650   -5.197    3.441   -7.503   -4.062   -9.259
     7   14.050   14.050  -10.293   -4.100    2.867   -8.455   -5.588   -9.688
     8   14.587   14.587  -10.404   -4.442    3.140   -8.466   -5.326   -9.768
     9   14.603   14.603  -10.336   -4.028    2.925   -8.728   -5.803   -9.831
    10   15.075   15.075  -10.093   -4.099    2.890   -8.098   -5.207   -9.306
    11   20.030   20.030  -10.307   -3.241    2.977   -9.659   -6.682   -9.923
    12   20.395   20.395  -10.544   -3.341    2.936   -9.311   -6.375   -9.716
    13   20.704   20.704  -10.445   -3.179    3.012   -9.597   -6.585   -9.764
    14   21.569   21.569  -10.383   -3.215    3.254   -9.912   -6.658   -9.873

 Symmetrized values from band-averaging:

       k =  0.000000  0.400000  0.600000 ik =   9 spin = 1

     n      Emf       Eo      Vxc        X      Cor     Eqp0     Eqp1      Znk
     1   -1.968   -1.968  -10.892  -16.237    4.472   -2.841   -2.604    0.728
     2   -1.373   -1.373  -10.804  -15.838    4.173   -2.234   -2.006    0.735
     3    1.932    1.932   -9.979  -12.982    2.289    1.218    1.380    0.774
     4    3.439    3.439  -10.623  -13.220    1.890    2.732    2.886    0.782
     5    6.991    6.991   -9.172   -5.240   -3.611    7.311    7.247    0.798
     6    9.114    9.114   -9.650   -5.197   -4.062    9.504    9.422    0.789
     7   14.050   14.050  -10.293   -4.100   -5.588   14.655   14.502    0.748
     8   14.587   14.587  -10.404   -4.442   -5.326   15.223   15.067    0.754
     9   14.603   14.603  -10.336   -4.028   -5.803   15.108   14.977    0.740
    10   15.075   15.075  -10.093   -4.099   -5.207   15.862   15.673    0.759
    11   20.030   20.030  -10.307   -3.241   -6.682   20.413   20.297    0.698
    12   20.395   20.395  -10.544   -3.341   -6.375   21.223   20.973    0.698
    13   20.704   20.704  -10.445   -3.179   -6.585   21.385   21.170    0.683
    14   21.569   21.569  -10.383   -3.215   -6.658   22.080   21.922    0.690
 
================================================================================
 15:41:09   Dealing with k =  0.200000  0.400000  0.600000               10 / 10
================================================================================

 Reading vxc.dat
 Number of k-points in the irreducible BZ(q) (nrq): 75

               q                     neq      indrq      itrq         kg0

   0.00000   0.00000   0.00000        1        1       48        0   0   0
   0.00000   0.00000   0.20000        2        2       37        0   0   0
   0.80000   0.80000   0.80000        2        2       39        1   1   1
   0.20000   0.00000   0.00000        2        2       40        0   0   0
   0.00000   0.20000   0.00000        2        2       38        0   0   0
   0.00000   0.00000   0.40000        2        3       37        0   0   0
   0.60000   0.60000   0.60000        2        3       39        1   1   1
   0.40000   0.00000   0.00000        2        3       40        0   0   0
   0.00000   0.40000   0.00000        2        3       38        0   0   0
   0.00000   0.20000   0.20000        1        4       38        0   0   0
   0.00000   0.80000   0.80000        1        4       40        0   1   1
   0.20000   0.00000   0.20000        1        4       44        0   0   0
   0.80000   0.00000   0.80000        1        4       43        1   0   1
   0.20000   0.20000   0.00000        2        4       48        0   0   0
   0.00000   0.20000   0.40000        2        5       37        0   0   0
   0.80000   0.60000   0.60000        2        5       39        1   1   1
   0.20000   0.80000   0.80000        2        5       40        0   1   1
   0.00000   0.40000   0.20000        2        5       38        0   0   0
   0.40000   0.20000   0.40000        2        5       44        0   0   0
   0.80000   0.00000   0.60000        2        5       43        1   0   1
   0.20000   0.80000   0.20000        2        5       42        0   1   0
   0.60000   0.00000   0.80000        2        5       41        1   0   1
   0.20000   0.20000   0.80000        2        5       48        0   0   1
   0.60000   0.80000   0.00000        2        5       46        1   1   0
   0.40000   0.40000   0.20000        2        5       47        0   0   0
   0.80000   0.60000   0.00000        2        5       45        1   1   0
   0.00000   0.20000   0.60000        2        6       37        0   0   0
   0.60000   0.40000   0.40000        2        6       39        1   1   1
   0.40000   0.80000   0.80000        2        6       40        0   1   1
   0.00000   0.60000   0.20000        2        6       38        0   0   0
   0.60000   0.40000   0.60000        2        6       44        0   0   0
   0.80000   0.00000   0.40000        2        6       43        1   0   1
   0.20000   0.60000   0.20000        2        6       42        0   1   0
   0.40000   0.00000   0.80000        2        6       41        1   0   1
   0.20000   0.20000   0.60000        2        6       48        0   0   1
   0.40000   0.80000   0.00000        2        6       46        1   1   0
   0.60000   0.60000   0.40000        2        6       47        0   0   0
   0.80000   0.40000   0.00000        2        6       45        1   1   0
   0.00000   0.20000   0.80000        2        7       37        0   0   0
   0.40000   0.20000   0.20000        2        7       39        1   1   1
   0.80000   0.60000   0.80000        2        7       44        0   0   0
   0.80000   0.00000   0.20000        2        7       43        1   0   1
   0.20000   0.20000   0.40000        1        7       48        0   0   1
   0.20000   0.80000   0.00000        1        7       46        1   1   0
   0.80000   0.80000   0.60000        1        7       47        0   0   0
   0.80000   0.20000   0.00000        1        7       45        1   1   0
   0.00000   0.40000   0.40000        1        8       38        0   0   0
   0.00000   0.60000   0.60000        1        8       40        0   1   1
   0.40000   0.00000   0.40000        1        8       44        0   0   0
   0.60000   0.00000   0.60000        1        8       43        1   0   1
   0.40000   0.40000   0.00000        2        8       48        0   0   0
   0.00000   0.40000   0.60000        2        9       37        0   0   0
   0.80000   0.40000   0.40000        2        9       39        1   1   1
   0.60000   0.20000   0.60000        2        9       44        0   0   0
   0.60000   0.00000   0.40000        2        9       43        1   0   1
   0.40000   0.40000   0.80000        1        9       48        0   0   1
   0.40000   0.60000   0.00000        1        9       46        1   1   0
   0.60000   0.60000   0.20000        1        9       47        0   0   0
   0.60000   0.40000   0.00000        1        9       45        1   1   0
   0.20000   0.40000   0.60000        1       10       26        0   0   0
   0.80000   0.60000   0.40000        1       10       25        1   1   1
   0.20000   0.60000   0.80000        1       10       28        0   1   1
   0.80000   0.40000   0.20000        1       10       27        1   0   0
   0.40000   0.20000   0.60000        1       10       30        0   0   0
   0.60000   0.80000   0.40000        1       10       29        1   1   1
   0.40000   0.80000   0.20000        1       10       32        0   1   0
   0.60000   0.20000   0.80000        1       10       31        1   0   1
   0.20000   0.40000   0.80000        2       10       36        0   0   1
   0.60000   0.40000   0.20000        2       10       34        0   0   0
   0.20000   0.80000   0.60000        2       10       40        0   1   1
   0.20000   0.60000   0.40000        2       10       38        0   0   0
   0.60000   0.20000   0.40000        2       10       44        0   0   0
   0.80000   0.20000   0.60000        2       10       43        1   0   1
   0.40000   0.60000   0.20000        2       10       47        0   0   0
   0.40000   0.20000   0.80000        2       10       48        0   0   1
 
 Started calculating Sigma with 300 block(s) at 15:41:09.
 [ 15:41:09 |   0% ] block   1 / 300.
 [ 15:41:09 |   1% ] block   3 / 300, remaining: 1 s.
 [ 15:41:10 |  10% ] block  30 / 300, remaining: 7 s.
 [ 15:41:10 |  20% ] block  60 / 300, remaining: 6 s.
 [ 15:41:11 |  30% ] block  90 / 300, remaining: 6 s.
 [ 15:41:12 |  40% ] block 120 / 300, remaining: 5 s.
 [ 15:41:13 |  50% ] block 150 / 300, remaining: 4 s.
 [ 15:41:14 |  60% ] block 180 / 300, remaining: 3 s.
 [ 15:41:14 |  70% ] block 210 / 300, remaining: 2 s.
 [ 15:41:15 |  80% ] block 240 / 300, remaining: 2 s.
 [ 15:41:16 |  90% ] block 270 / 300, remaining: 1 s.
 [ 15:41:17 | 100% ] block 300 / 300, remaining: 0 s.
 Finished calculating Sigma at 15:41:17.
 Elapsed time: 8 s.
 
 Unsymmetrized values for ik =  10 spin = 1
 
     n      Emf       Eo      Vxc        X     SX-X       CH      Cor      Sig
     1   -2.736   -2.736  -10.781  -16.481   12.372   -7.531    4.841  -11.640
     2   -0.494   -0.494  -10.928  -15.535   11.473   -7.725    3.749  -11.786
     3    2.019    2.019  -10.025  -12.993    9.536   -7.281    2.255  -10.738
     4    3.011    3.011  -10.262  -12.759    9.292   -7.461    1.831  -10.929
     5    9.360    9.360   -9.817   -5.316    3.534   -7.634   -4.101   -9.417
     6    9.725    9.725   -9.495   -4.971    3.250   -7.362   -4.112   -9.083
     7   10.406   10.406  -10.082   -5.049    3.487   -8.026   -4.539   -9.588
     8   13.726   13.726  -10.066   -4.134    2.847   -8.193   -5.346   -9.480
     9   14.394   14.394  -10.528   -4.430    3.072   -8.539   -5.467   -9.897
    10   16.134   16.134  -10.330   -3.923    2.936   -8.651   -5.714   -9.637
    11   19.193   19.193  -10.480   -3.401    2.822   -9.245   -6.423   -9.824
    12   20.279   20.279   -9.415   -2.707    2.447   -8.705   -6.258   -8.965
    13   20.363   20.363   -8.890   -2.360    2.193   -8.324   -6.131   -8.491
    14   21.485   21.485  -10.627   -3.286    3.242   -9.941   -6.698   -9.984

 Symmetrized values from band-averaging:

       k =  0.200000  0.400000  0.600000 ik =  10 spin = 1

     n      Emf       Eo      Vxc        X      Cor     Eqp0     Eqp1      Znk
     1   -2.736   -2.736  -10.781  -16.481    4.841   -3.596   -3.354    0.718
     2   -0.494   -0.494  -10.928  -15.535    3.749   -1.352   -1.133    0.745
     3    2.019    2.019  -10.025  -12.993    2.255    1.306    1.467    0.774
     4    3.011    3.011  -10.262  -12.759    1.831    2.344    2.490    0.782
     5    9.360    9.360   -9.817   -5.316   -4.101    9.760    9.675    0.787
     6    9.725    9.725   -9.495   -4.971   -4.112   10.136   10.050    0.789
     7   10.406   10.406  -10.082   -5.049   -4.539   10.899   10.790    0.779
     8   13.726   13.726  -10.066   -4.134   -5.346   14.313   14.170    0.757
     9   14.394   14.394  -10.528   -4.430   -5.467   15.025   14.868    0.751
    10   16.134   16.134  -10.330   -3.923   -5.714   16.827   16.652    0.746
    11   19.193   19.193  -10.480   -3.401   -6.423   19.848   19.652    0.700
    12   20.279   20.279   -9.415   -2.707   -6.258   20.729   20.597    0.708
    13   20.363   20.363   -8.890   -2.360   -6.131   20.761   20.645    0.709
    14   21.485   21.485  -10.627   -3.286   -6.698   22.129   21.934    0.697

================================================================================

    n = band index.
  Emf = "inner" mean-field energy eigenvalue used to construct Sigma(E),
        read from WFN_inner.
   Eo = "outer" mean-field energy eigenvalue where we center the evaluation
        frequency grid {E} of Sigma(E). Defaults to Emf, unless
        you use WFN_outer and eqp_outer.dat / scissors_outer.
  Vxc = exchange-correlation pot., calculated from VXC or read from vxc.dat.
    X = bare exchange.
   SX = screened exchange contrib. to Sigma(E) at energy E=Eo
   CH = Coulomb hole contrib. to Sigma(E) at energy E=Eo
  Cor = SX-X + CH = correlation portion of Sigma(E) at energy E=Eo.
  Sig = X + Cor = self energy, Sigma(E), at energy E=Eo.
 Eqp0 = Emf - Vxc + Sig(Eo)
        (Eqp0 is the on-shell QP energy, not recommended for direct usage)
 Eqp1 = Eqp0 + (dSig/dE) / (1 - dSig/dE) * (Eqp0 - Eo)
        (Eqp1 is the off-shell QP energy obtained by solving the linearized
         Dyson`s equation, and is the recommended quantity for QP properties.)
  Znk = quasiparticle renormalization factor

 Notes on the finite_difference_form from sigma.inp file:
   none    : -2 => dSig/dE = 0 (skip the expansion)
   backward: -1 => dSig/dE = (Sig(Eo) - Sig(Eo-dE)) / dE
   central :  0 => dSig/dE = (Sig(Eo+dE) - Sig(Eo-dE)) / (2*dE)
   forward :  1 => dSig/dE = (Sig(Eo+dE) - Sig(Eo)) / dE
   default :  2 => forward for diagonal and none for off-diagonal
   dE is finite_difference_spacing from Sigma.inp file.
   We are using the form #2 with dE = 1.000 eV.

 General notes:
 - All energies are reported here in eV.
 - Both Emf and Vxc contain the average pot. Vxc0, so Vxc0 doesn`t affect Sigma.
 - Eqp1 and Eqp0 are Eqs. (36-37) from Hybertsen & Louie PRB 34 5390.
 - We recommend you use Eqp1 for QP properties of materials.

================================================================================


                      CPU (s)        WALL (s)           #

FULLBZ:                -0.000           0.011           2
IRRBZ:                  0.010           0.008          10
SUBGRP:                 0.000           0.001          10
GMAP:                   0.040           0.024         455
INPUT:                  0.010           0.257           1
INPUT I/O               0.000           0.009         343
INPUT COMM              0.000           0.001         343
INPUT (READ):           0.010           0.024         341
INPUT (WRITE):          0.000           0.000         330
INPUT_OUTER:            0.000           0.000           1
GENWF:                  0.250           0.203         455
WF COMM:                0.000           0.005          10
WF_CH COMM:             0.000           0.000           0
EPSCOPY:                0.080           0.193           1
EPSCOPY IO:             0.070           0.147          10
EPSCOPY COMM:           0.000           0.000           0
READ NEPS:              0.000           0.004           1
EPSREAD:                0.020           0.046         455
MTXEL:                  5.770           6.115        1820
MTXEL_CH:               0.000           0.000           0
MTXEL COMM:             0.000           0.000         455
VCOUL:                 38.080          38.447         455
VXC:                    0.010           0.087          20
BARE X:                 0.010           0.011        1830
MTXEL_COR TOT:          3.640           3.458        1820
M.COR INIT:             0.010           0.006        1820
M.COR EPSINIT:          0.260           0.290        1820
M.COR COMM:             0.070           0.091       14560
M.COR PP PREP:          0.150           0.099       33580
M.COR SX+CH:            3.250           3.020       58240
M.COR RA SX:            0.000           0.000           0
M.COR RA CH:            0.000           0.000           0
M.COR RA CH2:           0.000           0.000           0
M.COR RA SUM:           0.000           0.000           0
M.COR CD RES:           0.000           0.000           0
M.COR CD INT:           0.000           0.000           0
M.COR CD SUM:           0.000           0.000           0
M.COR REMAIN:           0.000           0.000           0
FFT ZERO                0.110           0.125        9100
FFT PUT                 0.040           0.070        9100
FFT PLAN                1.650           1.807       16380
FFT EXEC                3.280           3.418       16380
FFT MLTPLY              0.200           0.185        7280
 
TOTAL:                 48.140          49.127
 
